[2021-08-08 04:58:56,311] {taskinstance.py:896} INFO - Dependencies all met for <TaskInstance: to_datalake_pipeline.extract_from_git 2021-08-08T04:50:00+00:00 [queued]>
[2021-08-08 04:58:56,333] {taskinstance.py:896} INFO - Dependencies all met for <TaskInstance: to_datalake_pipeline.extract_from_git 2021-08-08T04:50:00+00:00 [queued]>
[2021-08-08 04:58:56,335] {taskinstance.py:1087} INFO - 
--------------------------------------------------------------------------------
[2021-08-08 04:58:56,336] {taskinstance.py:1088} INFO - Starting attempt 1 of 11
[2021-08-08 04:58:56,338] {taskinstance.py:1089} INFO - 
--------------------------------------------------------------------------------
[2021-08-08 04:58:56,366] {taskinstance.py:1107} INFO - Executing <Task(PythonOperator): extract_from_git> on 2021-08-08T04:50:00+00:00
[2021-08-08 04:58:56,377] {standard_task_runner.py:52} INFO - Started process 6170 to run task
[2021-08-08 04:58:56,388] {standard_task_runner.py:76} INFO - Running: ['***', 'tasks', 'run', 'to_datalake_pipeline', 'extract_from_git', '2021-08-08T04:50:00+00:00', '--job-id', '39', '--pool', 'default_pool', '--raw', '--subdir', 'DAGS_FOLDER/to_datalake_pipeline.py', '--cfg-path', '/tmp/tmps5d8t9b9', '--error-file', '/tmp/tmpy_7fd61a']
[2021-08-08 04:58:56,390] {standard_task_runner.py:77} INFO - Job 39: Subtask extract_from_git
[2021-08-08 04:58:56,504] {logging_mixin.py:104} INFO - Running <TaskInstance: to_datalake_pipeline.extract_from_git 2021-08-08T04:50:00+00:00 [running]> on host 75feb3cfb2a6
[2021-08-08 04:58:56,630] {taskinstance.py:1302} INFO - Exporting the following env vars:
AIRFLOW_CTX_DAG_EMAIL=wildangbudhi@gmail.com
AIRFLOW_CTX_DAG_OWNER=***
AIRFLOW_CTX_DAG_ID=to_datalake_pipeline
AIRFLOW_CTX_TASK_ID=extract_from_git
AIRFLOW_CTX_EXECUTION_DATE=2021-08-08T04:50:00+00:00
AIRFLOW_CTX_DAG_RUN_ID=scheduled__2021-08-08T04:50:00+00:00
[2021-08-08 04:58:56,637] {logging_mixin.py:104} INFO - Downloading data from -> https://raw.githubusercontent.com/rezaprimasatya/DTO-DE-JUN-MID/main/data.zip
[2021-08-08 04:58:59,280] {logging_mixin.py:104} INFO - Unzipping Data
[2021-08-08 04:58:59,449] {logging_mixin.py:104} INFO - Transform Data to Pandas Dataframe
[2021-08-08 04:58:59,922] {logging_mixin.py:104} INFO - Load data to datalake
[2021-08-08 04:59:00,012] {logging_mixin.py:104} INFO - Load table : REGION
[2021-08-08 04:59:00,087] {logging_mixin.py:104} INFO - Load table : NATION
[2021-08-08 04:59:00,113] {logging_mixin.py:104} INFO - Load table : PART
[2021-08-08 04:59:00,338] {logging_mixin.py:104} INFO - Load table : SUPPLIER
[2021-08-08 04:59:00,376] {logging_mixin.py:104} INFO - Load table : PARTSUPP
[2021-08-08 04:59:01,244] {logging_mixin.py:104} INFO - Load table : CUSTOMER
[2021-08-08 04:59:01,411] {logging_mixin.py:104} INFO - Load table : ORDERS
[2021-08-08 04:59:03,151] {logging_mixin.py:104} INFO - Load table : LINEITEM
[2021-08-08 04:59:13,553] {python.py:151} INFO - Done. Returned value was: None
[2021-08-08 04:59:13,576] {taskinstance.py:1211} INFO - Marking task as SUCCESS. dag_id=to_datalake_pipeline, task_id=extract_from_git, execution_date=20210808T045000, start_date=20210808T045856, end_date=20210808T045913
[2021-08-08 04:59:13,642] {taskinstance.py:1265} INFO - 1 downstream tasks scheduled from follow-on schedule check
[2021-08-08 04:59:13,734] {local_task_job.py:149} INFO - Task exited with return code 0
