[2021-08-08 06:51:34,243] {taskinstance.py:896} INFO - Dependencies all met for <TaskInstance: standardized_pipeline.standardized_pipeline_start 2021-08-08T06:45:00+00:00 [queued]>
[2021-08-08 06:51:34,256] {taskinstance.py:896} INFO - Dependencies all met for <TaskInstance: standardized_pipeline.standardized_pipeline_start 2021-08-08T06:45:00+00:00 [queued]>
[2021-08-08 06:51:34,257] {taskinstance.py:1087} INFO - 
--------------------------------------------------------------------------------
[2021-08-08 06:51:34,258] {taskinstance.py:1088} INFO - Starting attempt 1 of 11
[2021-08-08 06:51:34,258] {taskinstance.py:1089} INFO - 
--------------------------------------------------------------------------------
[2021-08-08 06:51:34,265] {taskinstance.py:1107} INFO - Executing <Task(ExternalTaskSensor): standardized_pipeline_start> on 2021-08-08T06:45:00+00:00
[2021-08-08 06:51:34,269] {standard_task_runner.py:52} INFO - Started process 107 to run task
[2021-08-08 06:51:34,273] {standard_task_runner.py:76} INFO - Running: ['***', 'tasks', 'run', 'standardized_pipeline', 'standardized_pipeline_start', '2021-08-08T06:45:00+00:00', '--job-id', '3', '--pool', 'default_pool', '--raw', '--subdir', 'DAGS_FOLDER/standardized_pipeline.py', '--cfg-path', '/tmp/tmp3ggbmuqg', '--error-file', '/tmp/tmps_3qwhrd']
[2021-08-08 06:51:34,275] {standard_task_runner.py:77} INFO - Job 3: Subtask standardized_pipeline_start
[2021-08-08 06:51:34,317] {logging_mixin.py:104} INFO - Running <TaskInstance: standardized_pipeline.standardized_pipeline_start 2021-08-08T06:45:00+00:00 [running]> on host be4fd095311a
[2021-08-08 06:51:34,361] {taskinstance.py:1302} INFO - Exporting the following env vars:
AIRFLOW_CTX_DAG_EMAIL=wildangbudhi@gmail.com
AIRFLOW_CTX_DAG_OWNER=***
AIRFLOW_CTX_DAG_ID=standardized_pipeline
AIRFLOW_CTX_TASK_ID=standardized_pipeline_start
AIRFLOW_CTX_EXECUTION_DATE=2021-08-08T06:45:00+00:00
AIRFLOW_CTX_DAG_RUN_ID=scheduled__2021-08-08T06:45:00+00:00
[2021-08-08 06:51:34,363] {external_task.py:152} INFO - Poking for to_datalake_pipeline.to_datalake_pipeline_end on 2021-08-08T06:45:00+00:00 ... 
[2021-08-08 06:53:49,398] {taskinstance.py:896} INFO - Dependencies all met for <TaskInstance: standardized_pipeline.standardized_pipeline_start 2021-08-08T06:45:00+00:00 [queued]>
[2021-08-08 06:53:49,413] {taskinstance.py:896} INFO - Dependencies all met for <TaskInstance: standardized_pipeline.standardized_pipeline_start 2021-08-08T06:45:00+00:00 [queued]>
[2021-08-08 06:53:49,413] {taskinstance.py:1087} INFO - 
--------------------------------------------------------------------------------
[2021-08-08 06:53:49,414] {taskinstance.py:1088} INFO - Starting attempt 1 of 11
[2021-08-08 06:53:49,414] {taskinstance.py:1089} INFO - 
--------------------------------------------------------------------------------
[2021-08-08 06:53:49,421] {taskinstance.py:1107} INFO - Executing <Task(ExternalTaskSensor): standardized_pipeline_start> on 2021-08-08T06:45:00+00:00
[2021-08-08 06:53:49,428] {standard_task_runner.py:76} INFO - Running: ['***', 'tasks', 'run', 'standardized_pipeline', 'standardized_pipeline_start', '2021-08-08T06:45:00+00:00', '--job-id', '3', '--pool', 'default_pool', '--raw', '--subdir', 'DAGS_FOLDER/standardized_pipeline.py', '--cfg-path', '/tmp/tmp698874ys', '--error-file', '/tmp/tmps3als88m']
[2021-08-08 06:53:49,425] {standard_task_runner.py:52} INFO - Started process 173 to run task
[2021-08-08 06:53:49,429] {standard_task_runner.py:77} INFO - Job 3: Subtask standardized_pipeline_start
[2021-08-08 06:53:49,468] {logging_mixin.py:104} INFO - Running <TaskInstance: standardized_pipeline.standardized_pipeline_start 2021-08-08T06:45:00+00:00 [running]> on host 7107cfc639af
[2021-08-08 06:53:49,511] {taskinstance.py:1302} INFO - Exporting the following env vars:
AIRFLOW_CTX_DAG_EMAIL=wildangbudhi@gmail.com
AIRFLOW_CTX_DAG_OWNER=***
AIRFLOW_CTX_DAG_ID=standardized_pipeline
AIRFLOW_CTX_TASK_ID=standardized_pipeline_start
AIRFLOW_CTX_EXECUTION_DATE=2021-08-08T06:45:00+00:00
AIRFLOW_CTX_DAG_RUN_ID=scheduled__2021-08-08T06:45:00+00:00
[2021-08-08 06:53:49,512] {external_task.py:152} INFO - Poking for to_datalake_pipeline.to_datalake_pipeline_end on 2021-08-08T06:45:00+00:00 ... 
[2021-08-08 06:54:49,500] {external_task.py:152} INFO - Poking for to_datalake_pipeline.to_datalake_pipeline_end on 2021-08-08T06:45:00+00:00 ... 
[2021-08-08 06:54:49,510] {base.py:248} INFO - Success criteria met. Exiting.
[2021-08-08 06:54:49,520] {taskinstance.py:1211} INFO - Marking task as SUCCESS. dag_id=standardized_pipeline, task_id=standardized_pipeline_start, execution_date=20210808T064500, start_date=20210808T065349, end_date=20210808T065449
[2021-08-08 06:54:49,560] {taskinstance.py:1265} INFO - 0 downstream tasks scheduled from follow-on schedule check
[2021-08-08 06:54:49,580] {local_task_job.py:149} INFO - Task exited with return code 0
