[2021-08-08 05:03:30,910] {taskinstance.py:896} INFO - Dependencies all met for <TaskInstance: to_datalake_pipeline.extract_from_git 2021-08-08T05:03:30.066838+00:00 [queued]>
[2021-08-08 05:03:30,924] {taskinstance.py:896} INFO - Dependencies all met for <TaskInstance: to_datalake_pipeline.extract_from_git 2021-08-08T05:03:30.066838+00:00 [queued]>
[2021-08-08 05:03:30,925] {taskinstance.py:1087} INFO - 
--------------------------------------------------------------------------------
[2021-08-08 05:03:30,926] {taskinstance.py:1088} INFO - Starting attempt 1 of 11
[2021-08-08 05:03:30,926] {taskinstance.py:1089} INFO - 
--------------------------------------------------------------------------------
[2021-08-08 05:03:30,943] {taskinstance.py:1107} INFO - Executing <Task(PythonOperator): extract_from_git> on 2021-08-08T05:03:30.066838+00:00
[2021-08-08 05:03:30,950] {standard_task_runner.py:52} INFO - Started process 6581 to run task
[2021-08-08 05:03:30,956] {standard_task_runner.py:76} INFO - Running: ['***', 'tasks', 'run', 'to_datalake_pipeline', 'extract_from_git', '2021-08-08T05:03:30.066838+00:00', '--job-id', '87', '--pool', 'default_pool', '--raw', '--subdir', 'DAGS_FOLDER/to_datalake_pipeline.py', '--cfg-path', '/tmp/tmpw4bamw8w', '--error-file', '/tmp/tmpiwg45d1q']
[2021-08-08 05:03:30,957] {standard_task_runner.py:77} INFO - Job 87: Subtask extract_from_git
[2021-08-08 05:03:31,021] {logging_mixin.py:104} INFO - Running <TaskInstance: to_datalake_pipeline.extract_from_git 2021-08-08T05:03:30.066838+00:00 [running]> on host 75feb3cfb2a6
[2021-08-08 05:03:31,090] {taskinstance.py:1302} INFO - Exporting the following env vars:
AIRFLOW_CTX_DAG_EMAIL=wildangbudhi@gmail.com
AIRFLOW_CTX_DAG_OWNER=***
AIRFLOW_CTX_DAG_ID=to_datalake_pipeline
AIRFLOW_CTX_TASK_ID=extract_from_git
AIRFLOW_CTX_EXECUTION_DATE=2021-08-08T05:03:30.066838+00:00
AIRFLOW_CTX_DAG_RUN_ID=manual__2021-08-08T05:03:30.066838+00:00
[2021-08-08 05:03:31,100] {logging_mixin.py:104} INFO - Downloading data from -> https://raw.githubusercontent.com/rezaprimasatya/DTO-DE-JUN-MID/main/data.zip
[2021-08-08 05:03:31,550] {logging_mixin.py:104} INFO - Unzipping Data
[2021-08-08 05:03:31,661] {logging_mixin.py:104} INFO - Transform Data to Pandas Dataframe
[2021-08-08 05:03:31,967] {logging_mixin.py:104} INFO - Load data to datalake
[2021-08-08 05:03:32,032] {logging_mixin.py:104} INFO - Load table : REGION
[2021-08-08 05:03:32,078] {logging_mixin.py:104} INFO - Load table : NATION
[2021-08-08 05:03:32,113] {logging_mixin.py:104} INFO - Load table : PART
[2021-08-08 05:03:32,265] {logging_mixin.py:104} INFO - Load table : SUPPLIER
[2021-08-08 05:03:32,289] {logging_mixin.py:104} INFO - Load table : PARTSUPP
[2021-08-08 05:03:32,728] {logging_mixin.py:104} INFO - Load table : CUSTOMER
[2021-08-08 05:03:32,816] {logging_mixin.py:104} INFO - Load table : ORDERS
[2021-08-08 05:03:33,654] {logging_mixin.py:104} INFO - Load table : LINEITEM
[2021-08-08 05:03:39,325] {python.py:151} INFO - Done. Returned value was: None
[2021-08-08 05:03:39,337] {taskinstance.py:1211} INFO - Marking task as SUCCESS. dag_id=to_datalake_pipeline, task_id=extract_from_git, execution_date=20210808T050330, start_date=20210808T050330, end_date=20210808T050339
[2021-08-08 05:03:39,371] {taskinstance.py:1265} INFO - 1 downstream tasks scheduled from follow-on schedule check
[2021-08-08 05:03:39,436] {local_task_job.py:149} INFO - Task exited with return code 0
