[2021-08-07 13:50:00,597] {taskinstance.py:896} INFO - Dependencies all met for <TaskInstance: to_datalake_pipeline.extract_from_git 2021-08-07T13:45:00+00:00 [queued]>
[2021-08-07 13:50:00,617] {taskinstance.py:896} INFO - Dependencies all met for <TaskInstance: to_datalake_pipeline.extract_from_git 2021-08-07T13:45:00+00:00 [queued]>
[2021-08-07 13:50:00,618] {taskinstance.py:1087} INFO - 
--------------------------------------------------------------------------------
[2021-08-07 13:50:00,619] {taskinstance.py:1088} INFO - Starting attempt 1 of 1
[2021-08-07 13:50:00,621] {taskinstance.py:1089} INFO - 
--------------------------------------------------------------------------------
[2021-08-07 13:50:00,661] {taskinstance.py:1107} INFO - Executing <Task(PythonOperator): extract_from_git> on 2021-08-07T13:45:00+00:00
[2021-08-07 13:50:00,666] {standard_task_runner.py:52} INFO - Started process 1797 to run task
[2021-08-07 13:50:00,671] {standard_task_runner.py:76} INFO - Running: ['***', 'tasks', 'run', 'to_datalake_pipeline', 'extract_from_git', '2021-08-07T13:45:00+00:00', '--job-id', '7', '--pool', 'default_pool', '--raw', '--subdir', 'DAGS_FOLDER/to_datalake_pipeline.py', '--cfg-path', '/tmp/tmp2pvfpc_6', '--error-file', '/tmp/tmp16mxma6o']
[2021-08-07 13:50:00,672] {standard_task_runner.py:77} INFO - Job 7: Subtask extract_from_git
[2021-08-07 13:50:00,722] {logging_mixin.py:104} INFO - Running <TaskInstance: to_datalake_pipeline.extract_from_git 2021-08-07T13:45:00+00:00 [running]> on host ab70d6dafbc6
[2021-08-07 13:50:00,768] {taskinstance.py:1302} INFO - Exporting the following env vars:
AIRFLOW_CTX_DAG_OWNER=***
AIRFLOW_CTX_DAG_ID=to_datalake_pipeline
AIRFLOW_CTX_TASK_ID=extract_from_git
AIRFLOW_CTX_EXECUTION_DATE=2021-08-07T13:45:00+00:00
AIRFLOW_CTX_DAG_RUN_ID=scheduled__2021-08-07T13:45:00+00:00
[2021-08-07 13:50:00,769] {logging_mixin.py:104} INFO - Downloading data from -> https://raw.githubusercontent.com/rezaprimasatya/DTO-DE-JUN-MID/main/data.zip
[2021-08-07 13:50:14,749] {logging_mixin.py:104} INFO - Unzipping Data
[2021-08-07 13:50:14,832] {logging_mixin.py:104} INFO - Transform Data to Pandas Dataframe
[2021-08-07 13:50:15,046] {logging_mixin.py:104} INFO - Load data to datalake
[2021-08-07 13:50:15,091] {logging_mixin.py:104} INFO - Load table : REGION
[2021-08-07 13:50:15,133] {logging_mixin.py:104} INFO - Load table : NATION
[2021-08-07 13:50:15,147] {logging_mixin.py:104} INFO - Load table : PART
[2021-08-07 13:50:15,275] {logging_mixin.py:104} INFO - Load table : SUPPLIER
[2021-08-07 13:50:15,299] {logging_mixin.py:104} INFO - Load table : PARTSUPP
[2021-08-07 13:50:15,648] {logging_mixin.py:104} INFO - Load table : CUSTOMER
[2021-08-07 13:50:15,765] {logging_mixin.py:104} INFO - Load table : ORDERS
[2021-08-07 13:50:16,424] {logging_mixin.py:104} INFO - Load table : LINEITEM
[2021-08-07 13:50:20,281] {python.py:151} INFO - Done. Returned value was: None
[2021-08-07 13:50:20,293] {taskinstance.py:1211} INFO - Marking task as SUCCESS. dag_id=to_datalake_pipeline, task_id=extract_from_git, execution_date=20210807T134500, start_date=20210807T135000, end_date=20210807T135020
[2021-08-07 13:50:20,315] {taskinstance.py:1265} INFO - 0 downstream tasks scheduled from follow-on schedule check
[2021-08-07 13:50:20,371] {local_task_job.py:149} INFO - Task exited with return code 0
