[2021-08-08 09:00:00,858] {taskinstance.py:896} INFO - Dependencies all met for <TaskInstance: to_datalake_pipeline.extract_from_git 2021-08-08T08:00:00+00:00 [queued]>
[2021-08-08 09:00:00,867] {taskinstance.py:896} INFO - Dependencies all met for <TaskInstance: to_datalake_pipeline.extract_from_git 2021-08-08T08:00:00+00:00 [queued]>
[2021-08-08 09:00:00,867] {taskinstance.py:1087} INFO - 
--------------------------------------------------------------------------------
[2021-08-08 09:00:00,868] {taskinstance.py:1088} INFO - Starting attempt 1 of 11
[2021-08-08 09:00:00,868] {taskinstance.py:1089} INFO - 
--------------------------------------------------------------------------------
[2021-08-08 09:00:00,879] {taskinstance.py:1107} INFO - Executing <Task(PythonOperator): extract_from_git> on 2021-08-08T08:00:00+00:00
[2021-08-08 09:00:00,883] {standard_task_runner.py:52} INFO - Started process 1106 to run task
[2021-08-08 09:00:00,887] {standard_task_runner.py:76} INFO - Running: ['***', 'tasks', 'run', 'to_datalake_pipeline', 'extract_from_git', '2021-08-08T08:00:00+00:00', '--job-id', '35', '--pool', 'default_pool', '--raw', '--subdir', 'DAGS_FOLDER/to_datalake_pipeline.py', '--cfg-path', '/tmp/tmp8nmthmbg', '--error-file', '/tmp/tmp3dfc8ome']
[2021-08-08 09:00:00,887] {standard_task_runner.py:77} INFO - Job 35: Subtask extract_from_git
[2021-08-08 09:00:00,931] {logging_mixin.py:104} INFO - Running <TaskInstance: to_datalake_pipeline.extract_from_git 2021-08-08T08:00:00+00:00 [running]> on host 99eefc5c6cd8
[2021-08-08 09:00:00,970] {taskinstance.py:1302} INFO - Exporting the following env vars:
AIRFLOW_CTX_DAG_OWNER=***
AIRFLOW_CTX_DAG_ID=to_datalake_pipeline
AIRFLOW_CTX_TASK_ID=extract_from_git
AIRFLOW_CTX_EXECUTION_DATE=2021-08-08T08:00:00+00:00
AIRFLOW_CTX_DAG_RUN_ID=scheduled__2021-08-08T08:00:00+00:00
[2021-08-08 09:00:00,971] {logging_mixin.py:104} INFO - Downloading data from -> https://raw.githubusercontent.com/rezaprimasatya/DTO-DE-JUN-MID/main/data.zip
[2021-08-08 09:00:01,763] {logging_mixin.py:104} INFO - Unzipping Data
[2021-08-08 09:00:01,848] {logging_mixin.py:104} INFO - Transform Data to Pandas Dataframe
[2021-08-08 09:00:02,023] {logging_mixin.py:104} INFO - Load data to datalake
[2021-08-08 09:00:02,054] {logging_mixin.py:104} INFO - Load table : REGION
[2021-08-08 09:00:02,084] {logging_mixin.py:104} INFO - Load table : NATION
[2021-08-08 09:00:02,095] {logging_mixin.py:104} INFO - Load table : PART
[2021-08-08 09:00:02,199] {logging_mixin.py:104} INFO - Load table : SUPPLIER
[2021-08-08 09:00:02,213] {logging_mixin.py:104} INFO - Load table : PARTSUPP
[2021-08-08 09:00:02,511] {logging_mixin.py:104} INFO - Load table : CUSTOMER
[2021-08-08 09:00:02,602] {logging_mixin.py:104} INFO - Load table : ORDERS
[2021-08-08 09:00:03,221] {logging_mixin.py:104} INFO - Load table : LINEITEM
[2021-08-08 09:00:06,619] {python.py:151} INFO - Done. Returned value was: None
[2021-08-08 09:00:06,627] {taskinstance.py:1211} INFO - Marking task as SUCCESS. dag_id=to_datalake_pipeline, task_id=extract_from_git, execution_date=20210808T080000, start_date=20210808T090000, end_date=20210808T090006
[2021-08-08 09:00:06,649] {taskinstance.py:1265} INFO - 1 downstream tasks scheduled from follow-on schedule check
[2021-08-08 09:00:06,680] {local_task_job.py:149} INFO - Task exited with return code 0
