[2021-08-08 05:03:34,088] {taskinstance.py:896} INFO - Dependencies all met for <TaskInstance: standardized_pipeline.standardized_pipeline_start 2021-08-08T05:03:33.484158+00:00 [queued]>
[2021-08-08 05:03:34,105] {taskinstance.py:896} INFO - Dependencies all met for <TaskInstance: standardized_pipeline.standardized_pipeline_start 2021-08-08T05:03:33.484158+00:00 [queued]>
[2021-08-08 05:03:34,106] {taskinstance.py:1087} INFO - 
--------------------------------------------------------------------------------
[2021-08-08 05:03:34,107] {taskinstance.py:1088} INFO - Starting attempt 1 of 11
[2021-08-08 05:03:34,109] {taskinstance.py:1089} INFO - 
--------------------------------------------------------------------------------
[2021-08-08 05:03:34,129] {taskinstance.py:1107} INFO - Executing <Task(ExternalTaskSensor): standardized_pipeline_start> on 2021-08-08T05:03:33.484158+00:00
[2021-08-08 05:03:34,136] {standard_task_runner.py:52} INFO - Started process 6583 to run task
[2021-08-08 05:03:34,143] {standard_task_runner.py:76} INFO - Running: ['***', 'tasks', 'run', 'standardized_pipeline', 'standardized_pipeline_start', '2021-08-08T05:03:33.484158+00:00', '--job-id', '88', '--pool', 'default_pool', '--raw', '--subdir', 'DAGS_FOLDER/standardized_pipeline.py', '--cfg-path', '/tmp/tmpbikakves', '--error-file', '/tmp/tmp8m88qzi4']
[2021-08-08 05:03:34,145] {standard_task_runner.py:77} INFO - Job 88: Subtask standardized_pipeline_start
[2021-08-08 05:03:34,220] {logging_mixin.py:104} INFO - Running <TaskInstance: standardized_pipeline.standardized_pipeline_start 2021-08-08T05:03:33.484158+00:00 [running]> on host 75feb3cfb2a6
[2021-08-08 05:03:34,309] {taskinstance.py:1302} INFO - Exporting the following env vars:
AIRFLOW_CTX_DAG_EMAIL=wildangbudhi@gmail.com
AIRFLOW_CTX_DAG_OWNER=***
AIRFLOW_CTX_DAG_ID=standardized_pipeline
AIRFLOW_CTX_TASK_ID=standardized_pipeline_start
AIRFLOW_CTX_EXECUTION_DATE=2021-08-08T05:03:33.484158+00:00
AIRFLOW_CTX_DAG_RUN_ID=manual__2021-08-08T05:03:33.484158+00:00
[2021-08-08 05:03:34,311] {external_task.py:152} INFO - Poking for to_datalake_pipeline.to_datalake_pipeline_end on 2021-08-08T05:03:33.484158+00:00 ... 
[2021-08-08 05:04:34,331] {external_task.py:152} INFO - Poking for to_datalake_pipeline.to_datalake_pipeline_end on 2021-08-08T05:03:33.484158+00:00 ... 
[2021-08-08 05:05:34,308] {external_task.py:152} INFO - Poking for to_datalake_pipeline.to_datalake_pipeline_end on 2021-08-08T05:03:33.484158+00:00 ... 
[2021-08-08 05:06:34,321] {external_task.py:152} INFO - Poking for to_datalake_pipeline.to_datalake_pipeline_end on 2021-08-08T05:03:33.484158+00:00 ... 
