[2021-08-07 07:44:46,438] {taskinstance.py:896} INFO - Dependencies all met for <TaskInstance: to_datalake_pipeline.extract_from_git 2021-08-07T07:35:00+00:00 [queued]>
[2021-08-07 07:44:46,451] {taskinstance.py:896} INFO - Dependencies all met for <TaskInstance: to_datalake_pipeline.extract_from_git 2021-08-07T07:35:00+00:00 [queued]>
[2021-08-07 07:44:46,452] {taskinstance.py:1087} INFO - 
--------------------------------------------------------------------------------
[2021-08-07 07:44:46,453] {taskinstance.py:1088} INFO - Starting attempt 1 of 1
[2021-08-07 07:44:46,454] {taskinstance.py:1089} INFO - 
--------------------------------------------------------------------------------
[2021-08-07 07:44:46,460] {taskinstance.py:1107} INFO - Executing <Task(PythonOperator): extract_from_git> on 2021-08-07T07:35:00+00:00
[2021-08-07 07:44:46,464] {standard_task_runner.py:52} INFO - Started process 1467 to run task
[2021-08-07 07:44:46,468] {standard_task_runner.py:76} INFO - Running: ['***', 'tasks', 'run', 'to_datalake_pipeline', 'extract_from_git', '2021-08-07T07:35:00+00:00', '--job-id', '6', '--pool', 'default_pool', '--raw', '--subdir', 'DAGS_FOLDER/to_datalake_pipeline.py', '--cfg-path', '/tmp/tmpqwga541d', '--error-file', '/tmp/tmpnt8eapgg']
[2021-08-07 07:44:46,469] {standard_task_runner.py:77} INFO - Job 6: Subtask extract_from_git
[2021-08-07 07:44:46,512] {logging_mixin.py:104} INFO - Running <TaskInstance: to_datalake_pipeline.extract_from_git 2021-08-07T07:35:00+00:00 [running]> on host 0af53fa45088
[2021-08-07 07:44:46,557] {taskinstance.py:1302} INFO - Exporting the following env vars:
AIRFLOW_CTX_DAG_OWNER=***
AIRFLOW_CTX_DAG_ID=to_datalake_pipeline
AIRFLOW_CTX_TASK_ID=extract_from_git
AIRFLOW_CTX_EXECUTION_DATE=2021-08-07T07:35:00+00:00
AIRFLOW_CTX_DAG_RUN_ID=scheduled__2021-08-07T07:35:00+00:00
[2021-08-07 07:44:46,559] {logging_mixin.py:104} INFO - Downloading data from -> https://raw.githubusercontent.com/rezaprimasatya/DTO-DE-JUN-MID/main/data.zip
[2021-08-07 07:44:54,693] {logging_mixin.py:104} INFO - Unzipping Data
[2021-08-07 07:44:54,764] {logging_mixin.py:104} INFO - Transform Data to Pandas Dataframe
[2021-08-07 07:44:54,994] {logging_mixin.py:104} INFO - Load data to datalake
[2021-08-07 07:44:55,007] {logging_mixin.py:104} INFO - Load table : REGION
[2021-08-07 07:44:55,049] {logging_mixin.py:104} INFO - Load table : NATION
[2021-08-07 07:44:55,069] {logging_mixin.py:104} INFO - Load table : PART
[2021-08-07 07:44:55,229] {logging_mixin.py:104} INFO - Load table : SUPPLIER
[2021-08-07 07:44:55,249] {logging_mixin.py:104} INFO - Load table : PARTSUPP
[2021-08-07 07:44:55,663] {logging_mixin.py:104} INFO - Load table : CUSTOMER
[2021-08-07 07:44:55,780] {logging_mixin.py:104} INFO - Load table : ORDERS
[2021-08-07 07:44:56,599] {logging_mixin.py:104} INFO - Load table : LINEITEM
[2021-08-07 07:45:00,766] {python.py:151} INFO - Done. Returned value was: None
[2021-08-07 07:45:00,776] {taskinstance.py:1211} INFO - Marking task as SUCCESS. dag_id=to_datalake_pipeline, task_id=extract_from_git, execution_date=20210807T073500, start_date=20210807T074446, end_date=20210807T074500
[2021-08-07 07:45:00,801] {taskinstance.py:1265} INFO - 0 downstream tasks scheduled from follow-on schedule check
[2021-08-07 07:45:00,846] {local_task_job.py:149} INFO - Task exited with return code 0
