[2021-08-08 05:35:01,201] {taskinstance.py:896} INFO - Dependencies all met for <TaskInstance: standardized_pipeline.standardized_pipeline_start 2021-08-08T05:30:00+00:00 [queued]>
[2021-08-08 05:35:01,216] {taskinstance.py:896} INFO - Dependencies all met for <TaskInstance: standardized_pipeline.standardized_pipeline_start 2021-08-08T05:30:00+00:00 [queued]>
[2021-08-08 05:35:01,217] {taskinstance.py:1087} INFO - 
--------------------------------------------------------------------------------
[2021-08-08 05:35:01,218] {taskinstance.py:1088} INFO - Starting attempt 1 of 11
[2021-08-08 05:35:01,218] {taskinstance.py:1089} INFO - 
--------------------------------------------------------------------------------
[2021-08-08 05:35:01,225] {taskinstance.py:1107} INFO - Executing <Task(ExternalTaskSensor): standardized_pipeline_start> on 2021-08-08T05:30:00+00:00
[2021-08-08 05:35:01,229] {standard_task_runner.py:52} INFO - Started process 1200 to run task
[2021-08-08 05:35:01,233] {standard_task_runner.py:76} INFO - Running: ['***', 'tasks', 'run', 'standardized_pipeline', 'standardized_pipeline_start', '2021-08-08T05:30:00+00:00', '--job-id', '90', '--pool', 'default_pool', '--raw', '--subdir', 'DAGS_FOLDER/standardized_pipeline.py', '--cfg-path', '/tmp/tmpu1kns_6a', '--error-file', '/tmp/tmprw73w3hf']
[2021-08-08 05:35:01,234] {standard_task_runner.py:77} INFO - Job 90: Subtask standardized_pipeline_start
[2021-08-08 05:35:01,276] {logging_mixin.py:104} INFO - Running <TaskInstance: standardized_pipeline.standardized_pipeline_start 2021-08-08T05:30:00+00:00 [running]> on host b48e43d568d5
[2021-08-08 05:35:01,319] {taskinstance.py:1302} INFO - Exporting the following env vars:
AIRFLOW_CTX_DAG_EMAIL=wildangbudhi@gmail.com
AIRFLOW_CTX_DAG_OWNER=***
AIRFLOW_CTX_DAG_ID=standardized_pipeline
AIRFLOW_CTX_TASK_ID=standardized_pipeline_start
AIRFLOW_CTX_EXECUTION_DATE=2021-08-08T05:30:00+00:00
AIRFLOW_CTX_DAG_RUN_ID=scheduled__2021-08-08T05:30:00+00:00
[2021-08-08 05:35:01,320] {external_task.py:152} INFO - Poking for to_datalake_pipeline.to_datalake_pipeline_end on 2021-08-08T05:30:00+00:00 ... 
[2021-08-08 05:36:01,287] {external_task.py:152} INFO - Poking for to_datalake_pipeline.to_datalake_pipeline_end on 2021-08-08T05:30:00+00:00 ... 
[2021-08-08 05:36:01,295] {base.py:248} INFO - Success criteria met. Exiting.
[2021-08-08 05:36:01,305] {taskinstance.py:1211} INFO - Marking task as SUCCESS. dag_id=standardized_pipeline, task_id=standardized_pipeline_start, execution_date=20210808T053000, start_date=20210808T053501, end_date=20210808T053601
[2021-08-08 05:36:01,356] {taskinstance.py:1265} INFO - 8 downstream tasks scheduled from follow-on schedule check
[2021-08-08 05:36:01,367] {local_task_job.py:149} INFO - Task exited with return code 0
