[2021-08-07 10:45:01,094] {taskinstance.py:896} INFO - Dependencies all met for <TaskInstance: to_datalake_pipeline.extract_from_git 2021-08-07T10:40:00+00:00 [queued]>
[2021-08-07 10:45:01,105] {taskinstance.py:896} INFO - Dependencies all met for <TaskInstance: to_datalake_pipeline.extract_from_git 2021-08-07T10:40:00+00:00 [queued]>
[2021-08-07 10:45:01,105] {taskinstance.py:1087} INFO - 
--------------------------------------------------------------------------------
[2021-08-07 10:45:01,107] {taskinstance.py:1088} INFO - Starting attempt 1 of 1
[2021-08-07 10:45:01,108] {taskinstance.py:1089} INFO - 
--------------------------------------------------------------------------------
[2021-08-07 10:45:01,121] {taskinstance.py:1107} INFO - Executing <Task(PythonOperator): extract_from_git> on 2021-08-07T10:40:00+00:00
[2021-08-07 10:45:01,126] {standard_task_runner.py:52} INFO - Started process 7136 to run task
[2021-08-07 10:45:01,130] {standard_task_runner.py:76} INFO - Running: ['***', 'tasks', 'run', 'to_datalake_pipeline', 'extract_from_git', '2021-08-07T10:40:00+00:00', '--job-id', '15', '--pool', 'default_pool', '--raw', '--subdir', 'DAGS_FOLDER/to_datalake_pipeline.py', '--cfg-path', '/tmp/tmpcyw2m1q6', '--error-file', '/tmp/tmpe2ujub_8']
[2021-08-07 10:45:01,131] {standard_task_runner.py:77} INFO - Job 15: Subtask extract_from_git
[2021-08-07 10:45:01,174] {logging_mixin.py:104} INFO - Running <TaskInstance: to_datalake_pipeline.extract_from_git 2021-08-07T10:40:00+00:00 [running]> on host 4446dd23665f
[2021-08-07 10:45:01,228] {taskinstance.py:1302} INFO - Exporting the following env vars:
AIRFLOW_CTX_DAG_OWNER=***
AIRFLOW_CTX_DAG_ID=to_datalake_pipeline
AIRFLOW_CTX_TASK_ID=extract_from_git
AIRFLOW_CTX_EXECUTION_DATE=2021-08-07T10:40:00+00:00
AIRFLOW_CTX_DAG_RUN_ID=scheduled__2021-08-07T10:40:00+00:00
[2021-08-07 10:45:01,230] {logging_mixin.py:104} INFO - Downloading data from -> https://raw.githubusercontent.com/rezaprimasatya/DTO-DE-JUN-MID/main/data.zip
[2021-08-07 10:45:08,514] {logging_mixin.py:104} INFO - Unzipping Data
[2021-08-07 10:45:08,577] {logging_mixin.py:104} INFO - Transform Data to Pandas Dataframe
[2021-08-07 10:45:08,893] {logging_mixin.py:104} INFO - Load data to datalake
[2021-08-07 10:45:08,934] {logging_mixin.py:104} INFO - Load table : REGION
[2021-08-07 10:45:08,969] {logging_mixin.py:104} INFO - Load table : NATION
[2021-08-07 10:45:08,983] {logging_mixin.py:104} INFO - Load table : PART
[2021-08-07 10:45:09,083] {logging_mixin.py:104} INFO - Load table : SUPPLIER
[2021-08-07 10:45:09,103] {logging_mixin.py:104} INFO - Load table : PARTSUPP
[2021-08-07 10:45:09,553] {logging_mixin.py:104} INFO - Load table : CUSTOMER
[2021-08-07 10:45:09,622] {logging_mixin.py:104} INFO - Load table : ORDERS
[2021-08-07 10:45:10,191] {logging_mixin.py:104} INFO - Load table : LINEITEM
[2021-08-07 10:45:13,656] {python.py:151} INFO - Done. Returned value was: None
[2021-08-07 10:45:13,667] {taskinstance.py:1211} INFO - Marking task as SUCCESS. dag_id=to_datalake_pipeline, task_id=extract_from_git, execution_date=20210807T104000, start_date=20210807T104501, end_date=20210807T104513
[2021-08-07 10:45:13,688] {taskinstance.py:1265} INFO - 0 downstream tasks scheduled from follow-on schedule check
[2021-08-07 10:45:13,727] {local_task_job.py:149} INFO - Task exited with return code 0
