[2021-08-08 05:31:02,871] {taskinstance.py:896} INFO - Dependencies all met for <TaskInstance: standardized_pipeline.standardized_part_suppliers 2021-08-08T05:25:00+00:00 [queued]>
[2021-08-08 05:31:02,898] {taskinstance.py:896} INFO - Dependencies all met for <TaskInstance: standardized_pipeline.standardized_part_suppliers 2021-08-08T05:25:00+00:00 [queued]>
[2021-08-08 05:31:02,901] {taskinstance.py:1087} INFO - 
--------------------------------------------------------------------------------
[2021-08-08 05:31:02,902] {taskinstance.py:1088} INFO - Starting attempt 1 of 11
[2021-08-08 05:31:02,903] {taskinstance.py:1089} INFO - 
--------------------------------------------------------------------------------
[2021-08-08 05:31:02,915] {taskinstance.py:1107} INFO - Executing <Task(MySqlOperator): standardized_part_suppliers> on 2021-08-08T05:25:00+00:00
[2021-08-08 05:31:02,930] {standard_task_runner.py:76} INFO - Running: ['***', 'tasks', 'run', 'standardized_pipeline', 'standardized_part_suppliers', '2021-08-08T05:25:00+00:00', '--job-id', '72', '--pool', 'default_pool', '--raw', '--subdir', 'DAGS_FOLDER/standardized_pipeline.py', '--cfg-path', '/tmp/tmpohiwna7g', '--error-file', '/tmp/tmpsskkyxwc']
[2021-08-08 05:31:02,926] {standard_task_runner.py:52} INFO - Started process 825 to run task
[2021-08-08 05:31:02,932] {standard_task_runner.py:77} INFO - Job 72: Subtask standardized_part_suppliers
[2021-08-08 05:31:03,038] {logging_mixin.py:104} INFO - Running <TaskInstance: standardized_pipeline.standardized_part_suppliers 2021-08-08T05:25:00+00:00 [running]> on host b48e43d568d5
[2021-08-08 05:31:03,110] {taskinstance.py:1302} INFO - Exporting the following env vars:
AIRFLOW_CTX_DAG_EMAIL=wildangbudhi@gmail.com
AIRFLOW_CTX_DAG_OWNER=***
AIRFLOW_CTX_DAG_ID=standardized_pipeline
AIRFLOW_CTX_TASK_ID=standardized_part_suppliers
AIRFLOW_CTX_EXECUTION_DATE=2021-08-08T05:25:00+00:00
AIRFLOW_CTX_DAG_RUN_ID=scheduled__2021-08-08T05:25:00+00:00
[2021-08-08 05:31:03,112] {mysql.py:70} INFO - Executing: INSERT INTO standardized.part_suppliers
WITH data_last_5_minutes AS (
	SELECT
        DISTINCT
        CAST(PS_PARTKEY AS SIGNED) AS PART_KEY,
        CAST(PS_SUPPKEY AS SIGNED) AS SUPPLIER_KEY,
        CAST(PS_AVAILQTY AS SIGNED) AS PART_AVAILABILITY_QUANTITY,
        CAST(PS_SUPPLYCOST AS SIGNED) AS PART_SUPPLY_COST, 
        PS_COMMENT AS PART_SUPPLIER_COMMENT,
        NOW() AS INGESTION_TIMESTAMP
    FROM
        datalake.PARTSUPP ps
    WHERE 
        ps.INGESTION_TIMESTAMP >= DATE_SUB(NOW(), INTERVAL 5 MINUTE)
)

SELECT 
	* 
FROM 
	data_last_5_minutes
[2021-08-08 05:31:03,128] {base.py:78} INFO - Using connection to: id: dwh_id. Host: dwh, Port: 3306, Schema: , Login: root, Password: ***, extra: {}
[2021-08-08 05:31:03,144] {dbapi.py:204} INFO - Running statement: INSERT INTO standardized.part_suppliers
WITH data_last_5_minutes AS (
	SELECT
        DISTINCT
        CAST(PS_PARTKEY AS SIGNED) AS PART_KEY,
        CAST(PS_SUPPKEY AS SIGNED) AS SUPPLIER_KEY,
        CAST(PS_AVAILQTY AS SIGNED) AS PART_AVAILABILITY_QUANTITY,
        CAST(PS_SUPPLYCOST AS SIGNED) AS PART_SUPPLY_COST, 
        PS_COMMENT AS PART_SUPPLIER_COMMENT,
        NOW() AS INGESTION_TIMESTAMP
    FROM
        datalake.PARTSUPP ps
    WHERE 
        ps.INGESTION_TIMESTAMP >= DATE_SUB(NOW(), INTERVAL 5 MINUTE)
)

SELECT 
	* 
FROM 
	data_last_5_minutes, parameters: None
[2021-08-08 05:31:03,258] {dbapi.py:212} INFO - Rows affected: 8000
[2021-08-08 05:31:03,299] {taskinstance.py:1211} INFO - Marking task as SUCCESS. dag_id=standardized_pipeline, task_id=standardized_part_suppliers, execution_date=20210808T052500, start_date=20210808T053102, end_date=20210808T053103
[2021-08-08 05:31:03,381] {taskinstance.py:1265} INFO - 0 downstream tasks scheduled from follow-on schedule check
[2021-08-08 05:31:03,432] {local_task_job.py:149} INFO - Task exited with return code 0
[2021-08-08 07:22:07,527] {taskinstance.py:896} INFO - Dependencies all met for <TaskInstance: standardized_pipeline.standardized_part_suppliers 2021-08-08T05:25:00+00:00 [queued]>
[2021-08-08 07:22:07,548] {taskinstance.py:896} INFO - Dependencies all met for <TaskInstance: standardized_pipeline.standardized_part_suppliers 2021-08-08T05:25:00+00:00 [queued]>
[2021-08-08 07:22:07,549] {taskinstance.py:1087} INFO - 
--------------------------------------------------------------------------------
[2021-08-08 07:22:07,550] {taskinstance.py:1088} INFO - Starting attempt 1 of 11
[2021-08-08 07:22:07,550] {taskinstance.py:1089} INFO - 
--------------------------------------------------------------------------------
[2021-08-08 07:22:07,565] {taskinstance.py:1107} INFO - Executing <Task(MySqlOperator): standardized_part_suppliers> on 2021-08-08T05:25:00+00:00
[2021-08-08 07:22:07,570] {standard_task_runner.py:52} INFO - Started process 288 to run task
[2021-08-08 07:22:07,580] {standard_task_runner.py:76} INFO - Running: ['***', 'tasks', 'run', 'standardized_pipeline', 'standardized_part_suppliers', '2021-08-08T05:25:00+00:00', '--job-id', '12', '--pool', 'default_pool', '--raw', '--subdir', 'DAGS_FOLDER/standardized_pipeline.py', '--cfg-path', '/tmp/tmp6bc4ir_h', '--error-file', '/tmp/tmpddcnk8cv']
[2021-08-08 07:22:07,582] {standard_task_runner.py:77} INFO - Job 12: Subtask standardized_part_suppliers
[2021-08-08 07:22:07,709] {logging_mixin.py:104} INFO - Running <TaskInstance: standardized_pipeline.standardized_part_suppliers 2021-08-08T05:25:00+00:00 [running]> on host af246ab3df74
[2021-08-08 07:22:07,827] {taskinstance.py:1302} INFO - Exporting the following env vars:
AIRFLOW_CTX_DAG_OWNER=***
AIRFLOW_CTX_DAG_ID=standardized_pipeline
AIRFLOW_CTX_TASK_ID=standardized_part_suppliers
AIRFLOW_CTX_EXECUTION_DATE=2021-08-08T05:25:00+00:00
AIRFLOW_CTX_DAG_RUN_ID=scheduled__2021-08-08T05:25:00+00:00
[2021-08-08 07:22:07,828] {mysql.py:70} INFO - Executing: INSERT INTO standardized.part_suppliers
WITH data_last_5_minutes AS (
	SELECT
        DISTINCT
        CAST(PS_PARTKEY AS SIGNED) AS PART_KEY,
        CAST(PS_SUPPKEY AS SIGNED) AS SUPPLIER_KEY,
        CAST(PS_AVAILQTY AS SIGNED) AS PART_AVAILABILITY_QUANTITY,
        CAST(PS_SUPPLYCOST AS SIGNED) AS PART_SUPPLY_COST, 
        PS_COMMENT AS PART_SUPPLIER_COMMENT,
        NOW() AS INGESTION_TIMESTAMP
    FROM
        datalake.PARTSUPP ps
    WHERE 
        ps.INGESTION_TIMESTAMP >= DATE_SUB(NOW(), INTERVAL 1 HOUR)
)

SELECT 
	* 
FROM 
	data_last_5_minutes
[2021-08-08 07:22:07,865] {base.py:78} INFO - Using connection to: id: dwh_id. Host: dwh, Port: 3306, Schema: , Login: root, Password: ***, extra: {}
[2021-08-08 07:22:07,883] {dbapi.py:204} INFO - Running statement: INSERT INTO standardized.part_suppliers
WITH data_last_5_minutes AS (
	SELECT
        DISTINCT
        CAST(PS_PARTKEY AS SIGNED) AS PART_KEY,
        CAST(PS_SUPPKEY AS SIGNED) AS SUPPLIER_KEY,
        CAST(PS_AVAILQTY AS SIGNED) AS PART_AVAILABILITY_QUANTITY,
        CAST(PS_SUPPLYCOST AS SIGNED) AS PART_SUPPLY_COST, 
        PS_COMMENT AS PART_SUPPLIER_COMMENT,
        NOW() AS INGESTION_TIMESTAMP
    FROM
        datalake.PARTSUPP ps
    WHERE 
        ps.INGESTION_TIMESTAMP >= DATE_SUB(NOW(), INTERVAL 1 HOUR)
)

SELECT 
	* 
FROM 
	data_last_5_minutes, parameters: None
[2021-08-08 07:22:08,043] {dbapi.py:212} INFO - Rows affected: 8000
[2021-08-08 07:22:08,071] {taskinstance.py:1211} INFO - Marking task as SUCCESS. dag_id=standardized_pipeline, task_id=standardized_part_suppliers, execution_date=20210808T052500, start_date=20210808T072207, end_date=20210808T072208
[2021-08-08 07:22:08,124] {taskinstance.py:1265} INFO - 0 downstream tasks scheduled from follow-on schedule check
[2021-08-08 07:22:08,163] {local_task_job.py:149} INFO - Task exited with return code 0
