[2021-08-08 08:04:28,244] {taskinstance.py:896} INFO - Dependencies all met for <TaskInstance: standardized_pipeline.create_standardized_table_line_items 2021-08-08T07:00:00+00:00 [queued]>
[2021-08-08 08:04:28,278] {taskinstance.py:896} INFO - Dependencies all met for <TaskInstance: standardized_pipeline.create_standardized_table_line_items 2021-08-08T07:00:00+00:00 [queued]>
[2021-08-08 08:04:28,279] {taskinstance.py:1087} INFO - 
--------------------------------------------------------------------------------
[2021-08-08 08:04:28,279] {taskinstance.py:1088} INFO - Starting attempt 2 of 11
[2021-08-08 08:04:28,280] {taskinstance.py:1089} INFO - 
--------------------------------------------------------------------------------
[2021-08-08 08:04:28,295] {taskinstance.py:1107} INFO - Executing <Task(MySqlOperator): create_standardized_table_line_items> on 2021-08-08T07:00:00+00:00
[2021-08-08 08:04:28,303] {standard_task_runner.py:52} INFO - Started process 1043 to run task
[2021-08-08 08:04:28,333] {standard_task_runner.py:76} INFO - Running: ['***', 'tasks', 'run', 'standardized_pipeline', 'create_standardized_table_line_items', '2021-08-08T07:00:00+00:00', '--job-id', '16', '--pool', 'default_pool', '--raw', '--subdir', 'DAGS_FOLDER/standardized_pipeline.py', '--cfg-path', '/tmp/tmpd6wef252', '--error-file', '/tmp/tmpqavbx102']
[2021-08-08 08:04:28,335] {standard_task_runner.py:77} INFO - Job 16: Subtask create_standardized_table_line_items
[2021-08-08 08:04:28,441] {logging_mixin.py:104} INFO - Running <TaskInstance: standardized_pipeline.create_standardized_table_line_items 2021-08-08T07:00:00+00:00 [running]> on host e453c42896df
[2021-08-08 08:04:28,525] {taskinstance.py:1302} INFO - Exporting the following env vars:
AIRFLOW_CTX_DAG_OWNER=***
AIRFLOW_CTX_DAG_ID=standardized_pipeline
AIRFLOW_CTX_TASK_ID=create_standardized_table_line_items
AIRFLOW_CTX_EXECUTION_DATE=2021-08-08T07:00:00+00:00
AIRFLOW_CTX_DAG_RUN_ID=scheduled__2021-08-08T07:00:00+00:00
[2021-08-08 08:04:28,527] {mysql.py:70} INFO - Executing: CREATE TABLE IF NOT EXISTS standardized.line_items (INGESTION_TIMESTAMP TIMESTAMP NOT NULL DEFAULT CURRENT_TIMESTAMP) AS
WITH timeframed_data AS (
	SELECT 
        DISTINCT
        CAST(L_ORDERKEY AS SIGNED) AS ORDER_KEY, 
        CAST(L_PARTKEY AS SIGNED) AS PART_KEY, 
        CAST(L_SUPPKEY AS SIGNED) AS SUPPLIER_KEY, 
        CAST(L_LINENUMBER AS SIGNED) AS LINE_TIME_NUMBER, 
        CAST(L_QUANTITY AS SIGNED) AS LINE_ITEM_QUANTITY, 
        CAST(L_EXTENDEDPRICE AS SIGNED) AS LINE_ITEM_EXTENDED_PRICE, 
        CAST(L_DISCOUNT AS SIGNED) AS LINE_ITEM_DISCOUNT, 
        CAST(L_TAX AS SIGNED) AS LINE_ITEM_TAX, 
        L_RETURNFLAG AS LINE_ITEM_RETURN_FLAG, 
        L_LINESTATUS AS LINE_ITEM_STATUS_TYPE, 
        CAST(L_SHIPDATE AS DATE) AS LINE_ITEM_SHIP_DATE, 
        CAST(L_COMMITDATE AS DATE) AS LINE_ITEM_COMMIT_DATE, 
        CAST(L_RECEIPTDATE AS DATE) AS LINE_ITEM_RECEIPT_DATE, 
        L_SHIPINSTRUCT AS LINE_ITEM_SHIP_INSTRUCTION_TYPE, 
        L_SHIPMODE AS LINE_ITEM_SHIP_MODE_TYPE, 
        L_COMMENT AS LINE_ITEM_COMMENT,
        NOW() AS INGESTION_TIMESTAMP
    FROM 
        datalake.LINEITEM l
    WHERE 
        l.INGESTION_TIMESTAMP >= DATE_SUB(NOW(), INTERVAL 1 HOUR)
)

SELECT 
	* 
FROM 
	timeframed_data
LIMIT 0
[2021-08-08 08:04:28,548] {base.py:78} INFO - Using connection to: id: dwh_id. Host: dwh, Port: 3306, Schema: , Login: root, Password: ***, extra: {}
[2021-08-08 08:04:28,570] {dbapi.py:204} INFO - Running statement: CREATE TABLE IF NOT EXISTS standardized.line_items (INGESTION_TIMESTAMP TIMESTAMP NOT NULL DEFAULT CURRENT_TIMESTAMP) AS
WITH timeframed_data AS (
	SELECT 
        DISTINCT
        CAST(L_ORDERKEY AS SIGNED) AS ORDER_KEY, 
        CAST(L_PARTKEY AS SIGNED) AS PART_KEY, 
        CAST(L_SUPPKEY AS SIGNED) AS SUPPLIER_KEY, 
        CAST(L_LINENUMBER AS SIGNED) AS LINE_TIME_NUMBER, 
        CAST(L_QUANTITY AS SIGNED) AS LINE_ITEM_QUANTITY, 
        CAST(L_EXTENDEDPRICE AS SIGNED) AS LINE_ITEM_EXTENDED_PRICE, 
        CAST(L_DISCOUNT AS SIGNED) AS LINE_ITEM_DISCOUNT, 
        CAST(L_TAX AS SIGNED) AS LINE_ITEM_TAX, 
        L_RETURNFLAG AS LINE_ITEM_RETURN_FLAG, 
        L_LINESTATUS AS LINE_ITEM_STATUS_TYPE, 
        CAST(L_SHIPDATE AS DATE) AS LINE_ITEM_SHIP_DATE, 
        CAST(L_COMMITDATE AS DATE) AS LINE_ITEM_COMMIT_DATE, 
        CAST(L_RECEIPTDATE AS DATE) AS LINE_ITEM_RECEIPT_DATE, 
        L_SHIPINSTRUCT AS LINE_ITEM_SHIP_INSTRUCTION_TYPE, 
        L_SHIPMODE AS LINE_ITEM_SHIP_MODE_TYPE, 
        L_COMMENT AS LINE_ITEM_COMMENT,
        NOW() AS INGESTION_TIMESTAMP
    FROM 
        datalake.LINEITEM l
    WHERE 
        l.INGESTION_TIMESTAMP >= DATE_SUB(NOW(), INTERVAL 1 HOUR)
)

SELECT 
	* 
FROM 
	timeframed_data
LIMIT 0, parameters: None
[2021-08-08 08:04:28,606] {dbapi.py:212} INFO - Rows affected: 0
[2021-08-08 08:04:28,629] {taskinstance.py:1211} INFO - Marking task as SUCCESS. dag_id=standardized_pipeline, task_id=create_standardized_table_line_items, execution_date=20210808T070000, start_date=20210808T080428, end_date=20210808T080428
[2021-08-08 08:04:28,735] {taskinstance.py:1265} INFO - 1 downstream tasks scheduled from follow-on schedule check
[2021-08-08 08:04:28,773] {local_task_job.py:149} INFO - Task exited with return code 0
[2021-08-08 08:20:21,731] {taskinstance.py:896} INFO - Dependencies all met for <TaskInstance: standardized_pipeline.create_standardized_table_line_items 2021-08-08T07:00:00+00:00 [queued]>
[2021-08-08 08:20:21,779] {taskinstance.py:896} INFO - Dependencies all met for <TaskInstance: standardized_pipeline.create_standardized_table_line_items 2021-08-08T07:00:00+00:00 [queued]>
[2021-08-08 08:20:21,780] {taskinstance.py:1087} INFO - 
--------------------------------------------------------------------------------
[2021-08-08 08:20:21,781] {taskinstance.py:1088} INFO - Starting attempt 2 of 11
[2021-08-08 08:20:21,782] {taskinstance.py:1089} INFO - 
--------------------------------------------------------------------------------
[2021-08-08 08:20:21,798] {taskinstance.py:1107} INFO - Executing <Task(MySqlOperator): create_standardized_table_line_items> on 2021-08-08T07:00:00+00:00
[2021-08-08 08:20:21,804] {standard_task_runner.py:52} INFO - Started process 372 to run task
[2021-08-08 08:20:21,815] {standard_task_runner.py:76} INFO - Running: ['***', 'tasks', 'run', 'standardized_pipeline', 'create_standardized_table_line_items', '2021-08-08T07:00:00+00:00', '--job-id', '15', '--pool', 'default_pool', '--raw', '--subdir', 'DAGS_FOLDER/standardized_pipeline.py', '--cfg-path', '/tmp/tmpw70t1nup', '--error-file', '/tmp/tmpg3vg166s']
[2021-08-08 08:20:21,816] {standard_task_runner.py:77} INFO - Job 15: Subtask create_standardized_table_line_items
[2021-08-08 08:20:21,899] {logging_mixin.py:104} INFO - Running <TaskInstance: standardized_pipeline.create_standardized_table_line_items 2021-08-08T07:00:00+00:00 [running]> on host 99d60a4279b8
[2021-08-08 08:20:22,014] {taskinstance.py:1302} INFO - Exporting the following env vars:
AIRFLOW_CTX_DAG_OWNER=***
AIRFLOW_CTX_DAG_ID=standardized_pipeline
AIRFLOW_CTX_TASK_ID=create_standardized_table_line_items
AIRFLOW_CTX_EXECUTION_DATE=2021-08-08T07:00:00+00:00
AIRFLOW_CTX_DAG_RUN_ID=scheduled__2021-08-08T07:00:00+00:00
[2021-08-08 08:20:22,016] {mysql.py:70} INFO - Executing: CREATE TABLE IF NOT EXISTS standardized.line_items (INGESTION_TIMESTAMP TIMESTAMP NOT NULL DEFAULT CURRENT_TIMESTAMP) AS
WITH timeframed_data AS (
	SELECT 
        DISTINCT
        CAST(L_ORDERKEY AS SIGNED) AS ORDER_KEY, 
        CAST(L_PARTKEY AS SIGNED) AS PART_KEY, 
        CAST(L_SUPPKEY AS SIGNED) AS SUPPLIER_KEY, 
        CAST(L_LINENUMBER AS SIGNED) AS LINE_TIME_NUMBER, 
        CAST(L_QUANTITY AS SIGNED) AS LINE_ITEM_QUANTITY, 
        CAST(L_EXTENDEDPRICE AS SIGNED) AS LINE_ITEM_EXTENDED_PRICE, 
        CAST(L_DISCOUNT AS SIGNED) AS LINE_ITEM_DISCOUNT, 
        CAST(L_TAX AS SIGNED) AS LINE_ITEM_TAX, 
        L_RETURNFLAG AS LINE_ITEM_RETURN_FLAG, 
        L_LINESTATUS AS LINE_ITEM_STATUS_TYPE, 
        CAST(L_SHIPDATE AS DATE) AS LINE_ITEM_SHIP_DATE, 
        CAST(L_COMMITDATE AS DATE) AS LINE_ITEM_COMMIT_DATE, 
        CAST(L_RECEIPTDATE AS DATE) AS LINE_ITEM_RECEIPT_DATE, 
        L_SHIPINSTRUCT AS LINE_ITEM_SHIP_INSTRUCTION_TYPE, 
        L_SHIPMODE AS LINE_ITEM_SHIP_MODE_TYPE, 
        L_COMMENT AS LINE_ITEM_COMMENT,
        NOW() AS INGESTION_TIMESTAMP
    FROM 
        datalake.LINEITEM l
    WHERE 
        l.INGESTION_TIMESTAMP >= DATE_SUB(NOW(), INTERVAL 1 HOUR)
)

SELECT 
	* 
FROM 
	timeframed_data
LIMIT 0
[2021-08-08 08:20:22,027] {base.py:78} INFO - Using connection to: id: dwh_id. Host: dwh, Port: 3306, Schema: , Login: root, Password: ***, extra: {}
[2021-08-08 08:20:22,043] {dbapi.py:204} INFO - Running statement: CREATE TABLE IF NOT EXISTS standardized.line_items (INGESTION_TIMESTAMP TIMESTAMP NOT NULL DEFAULT CURRENT_TIMESTAMP) AS
WITH timeframed_data AS (
	SELECT 
        DISTINCT
        CAST(L_ORDERKEY AS SIGNED) AS ORDER_KEY, 
        CAST(L_PARTKEY AS SIGNED) AS PART_KEY, 
        CAST(L_SUPPKEY AS SIGNED) AS SUPPLIER_KEY, 
        CAST(L_LINENUMBER AS SIGNED) AS LINE_TIME_NUMBER, 
        CAST(L_QUANTITY AS SIGNED) AS LINE_ITEM_QUANTITY, 
        CAST(L_EXTENDEDPRICE AS SIGNED) AS LINE_ITEM_EXTENDED_PRICE, 
        CAST(L_DISCOUNT AS SIGNED) AS LINE_ITEM_DISCOUNT, 
        CAST(L_TAX AS SIGNED) AS LINE_ITEM_TAX, 
        L_RETURNFLAG AS LINE_ITEM_RETURN_FLAG, 
        L_LINESTATUS AS LINE_ITEM_STATUS_TYPE, 
        CAST(L_SHIPDATE AS DATE) AS LINE_ITEM_SHIP_DATE, 
        CAST(L_COMMITDATE AS DATE) AS LINE_ITEM_COMMIT_DATE, 
        CAST(L_RECEIPTDATE AS DATE) AS LINE_ITEM_RECEIPT_DATE, 
        L_SHIPINSTRUCT AS LINE_ITEM_SHIP_INSTRUCTION_TYPE, 
        L_SHIPMODE AS LINE_ITEM_SHIP_MODE_TYPE, 
        L_COMMENT AS LINE_ITEM_COMMENT,
        NOW() AS INGESTION_TIMESTAMP
    FROM 
        datalake.LINEITEM l
    WHERE 
        l.INGESTION_TIMESTAMP >= DATE_SUB(NOW(), INTERVAL 1 HOUR)
)

SELECT 
	* 
FROM 
	timeframed_data
LIMIT 0, parameters: None
[2021-08-08 08:20:22,074] {dbapi.py:212} INFO - Rows affected: 0
[2021-08-08 08:20:22,105] {taskinstance.py:1211} INFO - Marking task as SUCCESS. dag_id=standardized_pipeline, task_id=create_standardized_table_line_items, execution_date=20210808T070000, start_date=20210808T082021, end_date=20210808T082022
[2021-08-08 08:20:22,154] {taskinstance.py:1265} INFO - 1 downstream tasks scheduled from follow-on schedule check
[2021-08-08 08:20:22,191] {local_task_job.py:149} INFO - Task exited with return code 0
