[2021-08-07 09:35:00,582] {taskinstance.py:896} INFO - Dependencies all met for <TaskInstance: to_datalake_pipeline.extract_from_git 2021-08-07T09:30:00+00:00 [queued]>
[2021-08-07 09:35:00,590] {taskinstance.py:896} INFO - Dependencies all met for <TaskInstance: to_datalake_pipeline.extract_from_git 2021-08-07T09:30:00+00:00 [queued]>
[2021-08-07 09:35:00,591] {taskinstance.py:1087} INFO - 
--------------------------------------------------------------------------------
[2021-08-07 09:35:00,592] {taskinstance.py:1088} INFO - Starting attempt 1 of 1
[2021-08-07 09:35:00,593] {taskinstance.py:1089} INFO - 
--------------------------------------------------------------------------------
[2021-08-07 09:35:00,604] {taskinstance.py:1107} INFO - Executing <Task(PythonOperator): extract_from_git> on 2021-08-07T09:30:00+00:00
[2021-08-07 09:35:00,609] {standard_task_runner.py:52} INFO - Started process 865 to run task
[2021-08-07 09:35:00,612] {standard_task_runner.py:76} INFO - Running: ['***', 'tasks', 'run', 'to_datalake_pipeline', 'extract_from_git', '2021-08-07T09:30:00+00:00', '--job-id', '6', '--pool', 'default_pool', '--raw', '--subdir', 'DAGS_FOLDER/to_datalake_pipeline.py', '--cfg-path', '/tmp/tmpk3t_l2lt', '--error-file', '/tmp/tmp6f7fj6gq']
[2021-08-07 09:35:00,613] {standard_task_runner.py:77} INFO - Job 6: Subtask extract_from_git
[2021-08-07 09:35:00,657] {logging_mixin.py:104} INFO - Running <TaskInstance: to_datalake_pipeline.extract_from_git 2021-08-07T09:30:00+00:00 [running]> on host 4446dd23665f
[2021-08-07 09:35:00,702] {taskinstance.py:1302} INFO - Exporting the following env vars:
AIRFLOW_CTX_DAG_OWNER=***
AIRFLOW_CTX_DAG_ID=to_datalake_pipeline
AIRFLOW_CTX_TASK_ID=extract_from_git
AIRFLOW_CTX_EXECUTION_DATE=2021-08-07T09:30:00+00:00
AIRFLOW_CTX_DAG_RUN_ID=scheduled__2021-08-07T09:30:00+00:00
[2021-08-07 09:35:00,703] {logging_mixin.py:104} INFO - Downloading data from -> https://raw.githubusercontent.com/rezaprimasatya/DTO-DE-JUN-MID/main/data.zip
[2021-08-07 09:35:01,444] {logging_mixin.py:104} INFO - Unzipping Data
[2021-08-07 09:35:01,506] {logging_mixin.py:104} INFO - Transform Data to Pandas Dataframe
[2021-08-07 09:35:01,710] {logging_mixin.py:104} INFO - Load data to datalake
[2021-08-07 09:35:01,758] {logging_mixin.py:104} INFO - Load table : REGION
[2021-08-07 09:35:01,803] {logging_mixin.py:104} INFO - Load table : NATION
[2021-08-07 09:35:01,821] {logging_mixin.py:104} INFO - Load table : PART
[2021-08-07 09:35:01,947] {logging_mixin.py:104} INFO - Load table : SUPPLIER
[2021-08-07 09:35:01,966] {logging_mixin.py:104} INFO - Load table : PARTSUPP
[2021-08-07 09:35:02,315] {logging_mixin.py:104} INFO - Load table : CUSTOMER
[2021-08-07 09:35:02,422] {logging_mixin.py:104} INFO - Load table : ORDERS
[2021-08-07 09:35:03,015] {logging_mixin.py:104} INFO - Load table : LINEITEM
[2021-08-07 09:35:06,490] {python.py:151} INFO - Done. Returned value was: None
[2021-08-07 09:35:06,500] {taskinstance.py:1211} INFO - Marking task as SUCCESS. dag_id=to_datalake_pipeline, task_id=extract_from_git, execution_date=20210807T093000, start_date=20210807T093500, end_date=20210807T093506
[2021-08-07 09:35:06,521] {taskinstance.py:1265} INFO - 0 downstream tasks scheduled from follow-on schedule check
[2021-08-07 09:35:06,581] {local_task_job.py:149} INFO - Task exited with return code 0
