[2021-08-08 05:06:01,746] {taskinstance.py:896} INFO - Dependencies all met for <TaskInstance: standardized_pipeline.create_standardized_table_part_suppliers 2021-08-08T05:00:00+00:00 [queued]>
[2021-08-08 05:06:01,781] {taskinstance.py:896} INFO - Dependencies all met for <TaskInstance: standardized_pipeline.create_standardized_table_part_suppliers 2021-08-08T05:00:00+00:00 [queued]>
[2021-08-08 05:06:01,781] {taskinstance.py:1087} INFO - 
--------------------------------------------------------------------------------
[2021-08-08 05:06:01,782] {taskinstance.py:1088} INFO - Starting attempt 1 of 11
[2021-08-08 05:06:01,784] {taskinstance.py:1089} INFO - 
--------------------------------------------------------------------------------
[2021-08-08 05:06:01,827] {taskinstance.py:1107} INFO - Executing <Task(MySqlOperator): create_standardized_table_part_suppliers> on 2021-08-08T05:00:00+00:00
[2021-08-08 05:06:01,848] {standard_task_runner.py:76} INFO - Running: ['***', 'tasks', 'run', 'standardized_pipeline', 'create_standardized_table_part_suppliers', '2021-08-08T05:00:00+00:00', '--job-id', '93', '--pool', 'default_pool', '--raw', '--subdir', 'DAGS_FOLDER/standardized_pipeline.py', '--cfg-path', '/tmp/tmpvawk974u', '--error-file', '/tmp/tmpdn2ud3u8']
[2021-08-08 05:06:01,850] {standard_task_runner.py:77} INFO - Job 93: Subtask create_standardized_table_part_suppliers
[2021-08-08 05:06:01,839] {standard_task_runner.py:52} INFO - Started process 6798 to run task
[2021-08-08 05:06:01,932] {logging_mixin.py:104} INFO - Running <TaskInstance: standardized_pipeline.create_standardized_table_part_suppliers 2021-08-08T05:00:00+00:00 [running]> on host 75feb3cfb2a6
[2021-08-08 05:06:02,036] {taskinstance.py:1302} INFO - Exporting the following env vars:
AIRFLOW_CTX_DAG_EMAIL=wildangbudhi@gmail.com
AIRFLOW_CTX_DAG_OWNER=***
AIRFLOW_CTX_DAG_ID=standardized_pipeline
AIRFLOW_CTX_TASK_ID=create_standardized_table_part_suppliers
AIRFLOW_CTX_EXECUTION_DATE=2021-08-08T05:00:00+00:00
AIRFLOW_CTX_DAG_RUN_ID=scheduled__2021-08-08T05:00:00+00:00
[2021-08-08 05:06:02,038] {mysql.py:70} INFO - Executing: CREATE TABLE IF NOT EXISTS standardized.part_suppliers (INGESTION_TIMESTAMP TIMESTAMP NOT NULL DEFAULT CURRENT_TIMESTAMP) AS
WITH data_last_5_minutes AS (
	SELECT
        DISTINCT
        CAST(PS_PARTKEY AS SIGNED) AS PART_KEY,
        CAST(PS_SUPPKEY AS SIGNED) AS SUPPLIER_KEY,
        CAST(PS_AVAILQTY AS SIGNED) AS PART_AVAILABILITY_QUANTITY,
        CAST(PS_SUPPLYCOST AS SIGNED) AS PART_SUPPLY_COST, 
        PS_COMMENT AS PART_SUPPLIER_COMMENT,
        NOW() AS INGESTION_TIMESTAMP
    FROM
        datalake.PARTSUPP ps
    WHERE 
        ps.INGESTION_TIMESTAMP >= DATE_SUB(NOW(), INTERVAL 5 MINUTE)
)

SELECT 
	* 
FROM 
	data_last_5_minutes
[2021-08-08 05:06:02,061] {base.py:78} INFO - Using connection to: id: dwh_id. Host: dwh, Port: 3306, Schema: , Login: root, Password: ***, extra: {}
[2021-08-08 05:06:02,076] {dbapi.py:204} INFO - Running statement: CREATE TABLE IF NOT EXISTS standardized.part_suppliers (INGESTION_TIMESTAMP TIMESTAMP NOT NULL DEFAULT CURRENT_TIMESTAMP) AS
WITH data_last_5_minutes AS (
	SELECT
        DISTINCT
        CAST(PS_PARTKEY AS SIGNED) AS PART_KEY,
        CAST(PS_SUPPKEY AS SIGNED) AS SUPPLIER_KEY,
        CAST(PS_AVAILQTY AS SIGNED) AS PART_AVAILABILITY_QUANTITY,
        CAST(PS_SUPPLYCOST AS SIGNED) AS PART_SUPPLY_COST, 
        PS_COMMENT AS PART_SUPPLIER_COMMENT,
        NOW() AS INGESTION_TIMESTAMP
    FROM
        datalake.PARTSUPP ps
    WHERE 
        ps.INGESTION_TIMESTAMP >= DATE_SUB(NOW(), INTERVAL 5 MINUTE)
)

SELECT 
	* 
FROM 
	data_last_5_minutes, parameters: None
[2021-08-08 05:06:02,077] {dbapi.py:212} INFO - Rows affected: 0
[2021-08-08 05:06:02,100] {taskinstance.py:1211} INFO - Marking task as SUCCESS. dag_id=standardized_pipeline, task_id=create_standardized_table_part_suppliers, execution_date=20210808T050000, start_date=20210808T050601, end_date=20210808T050602
[2021-08-08 05:06:02,141] {taskinstance.py:1265} INFO - 1 downstream tasks scheduled from follow-on schedule check
[2021-08-08 05:06:02,160] {local_task_job.py:149} INFO - Task exited with return code 0
[2021-08-08 05:11:19,105] {taskinstance.py:896} INFO - Dependencies all met for <TaskInstance: standardized_pipeline.create_standardized_table_part_suppliers 2021-08-08T05:00:00+00:00 [queued]>
[2021-08-08 05:11:19,169] {taskinstance.py:896} INFO - Dependencies all met for <TaskInstance: standardized_pipeline.create_standardized_table_part_suppliers 2021-08-08T05:00:00+00:00 [queued]>
[2021-08-08 05:11:19,171] {taskinstance.py:1087} INFO - 
--------------------------------------------------------------------------------
[2021-08-08 05:11:19,172] {taskinstance.py:1088} INFO - Starting attempt 1 of 11
[2021-08-08 05:11:19,173] {taskinstance.py:1089} INFO - 
--------------------------------------------------------------------------------
[2021-08-08 05:11:19,188] {taskinstance.py:1107} INFO - Executing <Task(MySqlOperator): create_standardized_table_part_suppliers> on 2021-08-08T05:00:00+00:00
[2021-08-08 05:11:19,204] {standard_task_runner.py:76} INFO - Running: ['***', 'tasks', 'run', 'standardized_pipeline', 'create_standardized_table_part_suppliers', '2021-08-08T05:00:00+00:00', '--job-id', '12', '--pool', 'default_pool', '--raw', '--subdir', 'DAGS_FOLDER/standardized_pipeline.py', '--cfg-path', '/tmp/tmpwmbxskk2', '--error-file', '/tmp/tmpql74apj_']
[2021-08-08 05:11:19,207] {standard_task_runner.py:77} INFO - Job 12: Subtask create_standardized_table_part_suppliers
[2021-08-08 05:11:19,197] {standard_task_runner.py:52} INFO - Started process 303 to run task
[2021-08-08 05:11:19,322] {logging_mixin.py:104} INFO - Running <TaskInstance: standardized_pipeline.create_standardized_table_part_suppliers 2021-08-08T05:00:00+00:00 [running]> on host dbfb9e13da58
[2021-08-08 05:11:19,468] {taskinstance.py:1302} INFO - Exporting the following env vars:
AIRFLOW_CTX_DAG_EMAIL=wildangbudhi@gmail.com
AIRFLOW_CTX_DAG_OWNER=***
AIRFLOW_CTX_DAG_ID=standardized_pipeline
AIRFLOW_CTX_TASK_ID=create_standardized_table_part_suppliers
AIRFLOW_CTX_EXECUTION_DATE=2021-08-08T05:00:00+00:00
AIRFLOW_CTX_DAG_RUN_ID=scheduled__2021-08-08T05:00:00+00:00
[2021-08-08 05:11:19,470] {mysql.py:70} INFO - Executing: CREATE TABLE IF NOT EXISTS standardized.part_suppliers (INGESTION_TIMESTAMP TIMESTAMP NOT NULL DEFAULT CURRENT_TIMESTAMP) AS
WITH data_last_5_minutes AS (
	SELECT
        DISTINCT
        CAST(PS_PARTKEY AS SIGNED) AS PART_KEY,
        CAST(PS_SUPPKEY AS SIGNED) AS SUPPLIER_KEY,
        CAST(PS_AVAILQTY AS SIGNED) AS PART_AVAILABILITY_QUANTITY,
        CAST(PS_SUPPLYCOST AS SIGNED) AS PART_SUPPLY_COST, 
        PS_COMMENT AS PART_SUPPLIER_COMMENT,
        NOW() AS INGESTION_TIMESTAMP
    FROM
        datalake.PARTSUPP ps
    WHERE 
        ps.INGESTION_TIMESTAMP >= DATE_SUB(NOW(), INTERVAL 5 MINUTE)
)

SELECT 
	* 
FROM 
	data_last_5_minutes
[2021-08-08 05:11:19,488] {base.py:78} INFO - Using connection to: id: dwh_id. Host: dwh, Port: 3306, Schema: , Login: root, Password: ***, extra: {}
[2021-08-08 05:11:19,523] {dbapi.py:204} INFO - Running statement: CREATE TABLE IF NOT EXISTS standardized.part_suppliers (INGESTION_TIMESTAMP TIMESTAMP NOT NULL DEFAULT CURRENT_TIMESTAMP) AS
WITH data_last_5_minutes AS (
	SELECT
        DISTINCT
        CAST(PS_PARTKEY AS SIGNED) AS PART_KEY,
        CAST(PS_SUPPKEY AS SIGNED) AS SUPPLIER_KEY,
        CAST(PS_AVAILQTY AS SIGNED) AS PART_AVAILABILITY_QUANTITY,
        CAST(PS_SUPPLYCOST AS SIGNED) AS PART_SUPPLY_COST, 
        PS_COMMENT AS PART_SUPPLIER_COMMENT,
        NOW() AS INGESTION_TIMESTAMP
    FROM
        datalake.PARTSUPP ps
    WHERE 
        ps.INGESTION_TIMESTAMP >= DATE_SUB(NOW(), INTERVAL 5 MINUTE)
)

SELECT 
	* 
FROM 
	data_last_5_minutes, parameters: None
[2021-08-08 05:11:20,026] {dbapi.py:212} INFO - Rows affected: 8000
[2021-08-08 05:11:20,042] {taskinstance.py:1211} INFO - Marking task as SUCCESS. dag_id=standardized_pipeline, task_id=create_standardized_table_part_suppliers, execution_date=20210808T050000, start_date=20210808T051119, end_date=20210808T051120
[2021-08-08 05:11:20,089] {taskinstance.py:1265} INFO - 1 downstream tasks scheduled from follow-on schedule check
[2021-08-08 05:11:20,134] {local_task_job.py:149} INFO - Task exited with return code 0
