[2021-08-07 15:08:17,236] {taskinstance.py:896} INFO - Dependencies all met for <TaskInstance: standardized_pipeline.create_standardized_table_supplier 2021-08-07T15:08:16.087431+00:00 [queued]>
[2021-08-07 15:08:17,280] {taskinstance.py:896} INFO - Dependencies all met for <TaskInstance: standardized_pipeline.create_standardized_table_supplier 2021-08-07T15:08:16.087431+00:00 [queued]>
[2021-08-07 15:08:17,281] {taskinstance.py:1087} INFO - 
--------------------------------------------------------------------------------
[2021-08-07 15:08:17,284] {taskinstance.py:1088} INFO - Starting attempt 1 of 1
[2021-08-07 15:08:17,285] {taskinstance.py:1089} INFO - 
--------------------------------------------------------------------------------
[2021-08-07 15:08:17,319] {taskinstance.py:1107} INFO - Executing <Task(MySqlOperator): create_standardized_table_supplier> on 2021-08-07T15:08:16.087431+00:00
[2021-08-07 15:08:17,332] {standard_task_runner.py:52} INFO - Started process 8996 to run task
[2021-08-07 15:08:17,346] {standard_task_runner.py:76} INFO - Running: ['***', 'tasks', 'run', 'standardized_pipeline', 'create_standardized_table_supplier', '2021-08-07T15:08:16.087431+00:00', '--job-id', '149', '--pool', 'default_pool', '--raw', '--subdir', 'DAGS_FOLDER/standardized_pipeline.py', '--cfg-path', '/tmp/tmpvl6k0v0x', '--error-file', '/tmp/tmp_imzb41n']
[2021-08-07 15:08:17,349] {standard_task_runner.py:77} INFO - Job 149: Subtask create_standardized_table_supplier
[2021-08-07 15:08:17,441] {logging_mixin.py:104} INFO - Running <TaskInstance: standardized_pipeline.create_standardized_table_supplier 2021-08-07T15:08:16.087431+00:00 [running]> on host ab70d6dafbc6
[2021-08-07 15:08:17,596] {taskinstance.py:1302} INFO - Exporting the following env vars:
AIRFLOW_CTX_DAG_OWNER=***
AIRFLOW_CTX_DAG_ID=standardized_pipeline
AIRFLOW_CTX_TASK_ID=create_standardized_table_supplier
AIRFLOW_CTX_EXECUTION_DATE=2021-08-07T15:08:16.087431+00:00
AIRFLOW_CTX_DAG_RUN_ID=manual__2021-08-07T15:08:16.087431+00:00
[2021-08-07 15:08:17,599] {mysql.py:70} INFO - Executing: CREATE TABLE IF NOT EXISTS standardized.SUPPLIER (
  `SUPPLIER_KEY` int NOT NULL,
  `SUPPLIER_NAME` text NOT NULL,
  `SUPPLIER_ADDRESS` text NOT NULL,
  `NATION_KEY` int NOT NULL,
  `SUPPLIER_PHONE` text NOT NULL,
  `SUPPLIER_ACCTBAL` int NOT NULL,
  `SUPPLIER_COMMENT` text NOT NULL,
  `INGESTION_TIMESTAMP` datetime DEFAULT CURRENT_TIMESTAMP
) ENGINE=InnoDB DEFAULT CHARSET=utf8mb4 COLLATE=utf8mb4_0900_ai_ci;
[2021-08-07 15:08:17,621] {base.py:78} INFO - Using connection to: id: dwh_id. Host: dwh, Port: 3306, Schema: , Login: root, Password: ***, extra: {}
[2021-08-07 15:08:17,667] {dbapi.py:204} INFO - Running statement: CREATE TABLE IF NOT EXISTS standardized.SUPPLIER (
  `SUPPLIER_KEY` int NOT NULL,
  `SUPPLIER_NAME` text NOT NULL,
  `SUPPLIER_ADDRESS` text NOT NULL,
  `NATION_KEY` int NOT NULL,
  `SUPPLIER_PHONE` text NOT NULL,
  `SUPPLIER_ACCTBAL` int NOT NULL,
  `SUPPLIER_COMMENT` text NOT NULL,
  `INGESTION_TIMESTAMP` datetime DEFAULT CURRENT_TIMESTAMP
) ENGINE=InnoDB DEFAULT CHARSET=utf8mb4 COLLATE=utf8mb4_0900_ai_ci;, parameters: None
[2021-08-07 15:08:17,671] {dbapi.py:212} INFO - Rows affected: 0
[2021-08-07 15:08:17,703] {taskinstance.py:1211} INFO - Marking task as SUCCESS. dag_id=standardized_pipeline, task_id=create_standardized_table_supplier, execution_date=20210807T150816, start_date=20210807T150817, end_date=20210807T150817
[2021-08-07 15:08:17,768] {taskinstance.py:1265} INFO - 1 downstream tasks scheduled from follow-on schedule check
[2021-08-07 15:08:17,804] {local_task_job.py:149} INFO - Task exited with return code 0
