[2021-08-08 06:36:24,129] {taskinstance.py:896} INFO - Dependencies all met for <TaskInstance: standardized_pipeline.standardized_pipeline_start 2021-08-08T06:30:00+00:00 [queued]>
[2021-08-08 06:36:24,144] {taskinstance.py:896} INFO - Dependencies all met for <TaskInstance: standardized_pipeline.standardized_pipeline_start 2021-08-08T06:30:00+00:00 [queued]>
[2021-08-08 06:36:24,145] {taskinstance.py:1087} INFO - 
--------------------------------------------------------------------------------
[2021-08-08 06:36:24,145] {taskinstance.py:1088} INFO - Starting attempt 1 of 11
[2021-08-08 06:36:24,146] {taskinstance.py:1089} INFO - 
--------------------------------------------------------------------------------
[2021-08-08 06:36:24,154] {taskinstance.py:1107} INFO - Executing <Task(ExternalTaskSensor): standardized_pipeline_start> on 2021-08-08T06:30:00+00:00
[2021-08-08 06:36:24,162] {standard_task_runner.py:76} INFO - Running: ['***', 'tasks', 'run', 'standardized_pipeline', 'standardized_pipeline_start', '2021-08-08T06:30:00+00:00', '--job-id', '2', '--pool', 'default_pool', '--raw', '--subdir', 'DAGS_FOLDER/standardized_pipeline.py', '--cfg-path', '/tmp/tmpvoohwo1r', '--error-file', '/tmp/tmp5hje9yhq']
[2021-08-08 06:36:24,163] {standard_task_runner.py:77} INFO - Job 2: Subtask standardized_pipeline_start
[2021-08-08 06:36:24,158] {standard_task_runner.py:52} INFO - Started process 191 to run task
[2021-08-08 06:36:24,201] {logging_mixin.py:104} INFO - Running <TaskInstance: standardized_pipeline.standardized_pipeline_start 2021-08-08T06:30:00+00:00 [running]> on host 53d8ed6396aa
[2021-08-08 06:36:24,243] {taskinstance.py:1302} INFO - Exporting the following env vars:
AIRFLOW_CTX_DAG_EMAIL=wildangbudhi@gmail.com
AIRFLOW_CTX_DAG_OWNER=***
AIRFLOW_CTX_DAG_ID=standardized_pipeline
AIRFLOW_CTX_TASK_ID=standardized_pipeline_start
AIRFLOW_CTX_EXECUTION_DATE=2021-08-08T06:30:00+00:00
AIRFLOW_CTX_DAG_RUN_ID=scheduled__2021-08-08T06:30:00+00:00
[2021-08-08 06:36:24,244] {external_task.py:152} INFO - Poking for to_datalake_pipeline.to_datalake_pipeline_end on 2021-08-08T06:30:00+00:00 ... 
[2021-08-08 06:37:24,221] {external_task.py:152} INFO - Poking for to_datalake_pipeline.to_datalake_pipeline_end on 2021-08-08T06:30:00+00:00 ... 
[2021-08-08 06:37:24,228] {base.py:248} INFO - Success criteria met. Exiting.
[2021-08-08 06:37:24,236] {taskinstance.py:1211} INFO - Marking task as SUCCESS. dag_id=standardized_pipeline, task_id=standardized_pipeline_start, execution_date=20210808T063000, start_date=20210808T063624, end_date=20210808T063724
[2021-08-08 06:37:24,272] {taskinstance.py:1265} INFO - 8 downstream tasks scheduled from follow-on schedule check
[2021-08-08 06:37:24,281] {local_task_job.py:149} INFO - Task exited with return code 0
