[2021-08-07 14:20:21,668] {taskinstance.py:896} INFO - Dependencies all met for <TaskInstance: standardized_pipeline.create_standardized_relationship 2021-08-07T14:20:18.742702+00:00 [queued]>
[2021-08-07 14:20:21,684] {taskinstance.py:896} INFO - Dependencies all met for <TaskInstance: standardized_pipeline.create_standardized_relationship 2021-08-07T14:20:18.742702+00:00 [queued]>
[2021-08-07 14:20:21,685] {taskinstance.py:1087} INFO - 
--------------------------------------------------------------------------------
[2021-08-07 14:20:21,686] {taskinstance.py:1088} INFO - Starting attempt 1 of 1
[2021-08-07 14:20:21,687] {taskinstance.py:1089} INFO - 
--------------------------------------------------------------------------------
[2021-08-07 14:20:21,704] {taskinstance.py:1107} INFO - Executing <Task(MySqlOperator): create_standardized_relationship> on 2021-08-07T14:20:18.742702+00:00
[2021-08-07 14:20:21,712] {standard_task_runner.py:76} INFO - Running: ['***', 'tasks', 'run', 'standardized_pipeline', 'create_standardized_relationship', '2021-08-07T14:20:18.742702+00:00', '--job-id', '61', '--pool', 'default_pool', '--raw', '--subdir', 'DAGS_FOLDER/standardized_pipeline.py', '--cfg-path', '/tmp/tmp3bbxf1t2', '--error-file', '/tmp/tmpzxookn6g']
[2021-08-07 14:20:21,708] {standard_task_runner.py:52} INFO - Started process 4579 to run task
[2021-08-07 14:20:21,714] {standard_task_runner.py:77} INFO - Job 61: Subtask create_standardized_relationship
[2021-08-07 14:20:21,779] {logging_mixin.py:104} INFO - Running <TaskInstance: standardized_pipeline.create_standardized_relationship 2021-08-07T14:20:18.742702+00:00 [running]> on host ab70d6dafbc6
[2021-08-07 14:20:21,855] {taskinstance.py:1302} INFO - Exporting the following env vars:
AIRFLOW_CTX_DAG_OWNER=***
AIRFLOW_CTX_DAG_ID=standardized_pipeline
AIRFLOW_CTX_TASK_ID=create_standardized_relationship
AIRFLOW_CTX_EXECUTION_DATE=2021-08-07T14:20:18.742702+00:00
AIRFLOW_CTX_DAG_RUN_ID=manual__2021-08-07T14:20:18.742702+00:00
[2021-08-07 14:20:21,856] {mysql.py:70} INFO - Executing: ALTER TABLE standardized.REGION ADD PRIMARY KEY (`REGION_KEY`);

ALTER TABLE standardized.NATION ADD PRIMARY KEY (`NATION_KEY`);
ALTER TABLE standardized.NATION ADD CONSTRAINT `NATION_ibfk_1` FOREIGN KEY (`REGION_KEY`) REFERENCES standardized.REGION (`REGION_KEY`)

ALTER TABLE standardized.PART ADD PRIMARY KEY (`PART_KEY`);

ALTER TABLE standardized.SUPPLIER ADD PRIMARY KEY (`SUPPLIER_SUPPKEY`);
ALTER TABLE standardized.SUPPLIER ADD CONSTRAINT `SUPPLIER_ibfk_1` FOREIGN KEY (`NATION_KEY`) REFERENCES standardized.NATION (`NATION_KEY`)

ALTER TABLE standardized.PARTSUPP ADD PRIMARY KEY (`PART_KEY`,`SUPPLIER_KEY`);
ALTER TABLE standardized.PARTSUPP ADD CONSTRAINT `PARTSUPP_ibfk_1` FOREIGN KEY (`SUPPLIER_KEY`) REFERENCES standardized.SUPPLIER (`SUPPLIER_KEY`);
ALTER TABLE standardized.PARTSUPP ADD CONSTRAINT `PARTSUPP_ibfk_2` FOREIGN KEY (`PART_KEY`) REFERENCES standardized.PART (`PART_KEY`);

ALTER TABLE standardized.CUSTOMER ADD PRIMARY KEY (`CUSTOMER_KEY`);
ALTER TABLE standardized.CUSTOMER ADD CONSTRAINT `CUSTOMER_ibfk_1` FOREIGN KEY (`NATION_KEY`) REFERENCES standardized.NATION (`NATION_KEY`);

ALTER TABLE standardized.ORDERS ADD PRIMARY KEY (`ORDER_KEY`);
ALTER TABLE standardized.ORDERS ADD CONSTRAINT `ORDERS_ibfk_1` FOREIGN KEY (`CUSTOMER_KEY`) REFERENCES standardized.CUSTOMER (`CUSTOMER_KEY`);

ALTER TABLE standardized.LINEITEM ADD PRIMARY KEY (`ORDER_KEY`,`LINEITEM_KEY`);
ALTER TABLE standardized.LINEITEM ADD CONSTRAINT `LINEITEM_ibfk_1` FOREIGN KEY (`ORDER_KEY`) REFERENCES standardized.ORDERS (`ORDER_KEY`);
ALTER TABLE standardized.LINEITEM ADD CONSTRAINT `LINEITEM_ibfk_2` FOREIGN KEY (`PART_KEY`, `SUPPLIER_KEY`) REFERENCES standardized.PARTSUPP (`PART_KEY`, `SUPPLIER_KEY`);
[2021-08-07 14:20:21,865] {base.py:78} INFO - Using connection to: id: dwh_id. Host: dwh, Port: 3306, Schema: , Login: root, Password: ***, extra: {}
[2021-08-07 14:20:21,884] {dbapi.py:204} INFO - Running statement: ALTER TABLE standardized.REGION ADD PRIMARY KEY (`REGION_KEY`);

ALTER TABLE standardized.NATION ADD PRIMARY KEY (`NATION_KEY`);
ALTER TABLE standardized.NATION ADD CONSTRAINT `NATION_ibfk_1` FOREIGN KEY (`REGION_KEY`) REFERENCES standardized.REGION (`REGION_KEY`)

ALTER TABLE standardized.PART ADD PRIMARY KEY (`PART_KEY`);

ALTER TABLE standardized.SUPPLIER ADD PRIMARY KEY (`SUPPLIER_SUPPKEY`);
ALTER TABLE standardized.SUPPLIER ADD CONSTRAINT `SUPPLIER_ibfk_1` FOREIGN KEY (`NATION_KEY`) REFERENCES standardized.NATION (`NATION_KEY`)

ALTER TABLE standardized.PARTSUPP ADD PRIMARY KEY (`PART_KEY`,`SUPPLIER_KEY`);
ALTER TABLE standardized.PARTSUPP ADD CONSTRAINT `PARTSUPP_ibfk_1` FOREIGN KEY (`SUPPLIER_KEY`) REFERENCES standardized.SUPPLIER (`SUPPLIER_KEY`);
ALTER TABLE standardized.PARTSUPP ADD CONSTRAINT `PARTSUPP_ibfk_2` FOREIGN KEY (`PART_KEY`) REFERENCES standardized.PART (`PART_KEY`);

ALTER TABLE standardized.CUSTOMER ADD PRIMARY KEY (`CUSTOMER_KEY`);
ALTER TABLE standardized.CUSTOMER ADD CONSTRAINT `CUSTOMER_ibfk_1` FOREIGN KEY (`NATION_KEY`) REFERENCES standardized.NATION (`NATION_KEY`);

ALTER TABLE standardized.ORDERS ADD PRIMARY KEY (`ORDER_KEY`);
ALTER TABLE standardized.ORDERS ADD CONSTRAINT `ORDERS_ibfk_1` FOREIGN KEY (`CUSTOMER_KEY`) REFERENCES standardized.CUSTOMER (`CUSTOMER_KEY`);

ALTER TABLE standardized.LINEITEM ADD PRIMARY KEY (`ORDER_KEY`,`LINEITEM_KEY`);
ALTER TABLE standardized.LINEITEM ADD CONSTRAINT `LINEITEM_ibfk_1` FOREIGN KEY (`ORDER_KEY`) REFERENCES standardized.ORDERS (`ORDER_KEY`);
ALTER TABLE standardized.LINEITEM ADD CONSTRAINT `LINEITEM_ibfk_2` FOREIGN KEY (`PART_KEY`, `SUPPLIER_KEY`) REFERENCES standardized.PARTSUPP (`PART_KEY`, `SUPPLIER_KEY`);, parameters: None
[2021-08-07 14:20:21,922] {dbapi.py:212} INFO - Rows affected: 0
[2021-08-07 14:20:21,960] {taskinstance.py:1501} ERROR - Task failed with exception
Traceback (most recent call last):
  File "/home/airflow/.local/lib/python3.6/site-packages/airflow/models/taskinstance.py", line 1157, in _run_raw_task
    self._prepare_and_execute_task_with_callbacks(context, task)
  File "/home/airflow/.local/lib/python3.6/site-packages/airflow/models/taskinstance.py", line 1331, in _prepare_and_execute_task_with_callbacks
    result = self._execute_task(context, task_copy)
  File "/home/airflow/.local/lib/python3.6/site-packages/airflow/models/taskinstance.py", line 1361, in _execute_task
    result = task_copy.execute(context=context)
  File "/home/airflow/.local/lib/python3.6/site-packages/airflow/providers/mysql/operators/mysql.py", line 72, in execute
    hook.run(self.sql, autocommit=self.autocommit, parameters=self.parameters)
  File "/home/airflow/.local/lib/python3.6/site-packages/airflow/hooks/dbapi.py", line 187, in run
    results.append(result)
  File "/usr/local/lib/python3.6/contextlib.py", line 185, in __exit__
    self.thing.close()
  File "/home/airflow/.local/lib/python3.6/site-packages/MySQLdb/cursors.py", line 83, in close
    while self.nextset():
  File "/home/airflow/.local/lib/python3.6/site-packages/MySQLdb/cursors.py", line 137, in nextset
    nr = db.next_result()
MySQLdb._exceptions.ProgrammingError: (1064, "You have an error in your SQL syntax; check the manual that corresponds to your MySQL server version for the right syntax to use near 'ALTER TABLE standardized.PART ADD PRIMARY KEY (`PART_KEY`);\n\nALTER TABLE standar' at line 3")
[2021-08-07 14:20:21,963] {taskinstance.py:1551} INFO - Marking task as FAILED. dag_id=standardized_pipeline, task_id=create_standardized_relationship, execution_date=20210807T142018, start_date=20210807T142021, end_date=20210807T142021
[2021-08-07 14:20:22,011] {local_task_job.py:149} INFO - Task exited with return code 1
