[2021-08-08 02:38:45,788] {taskinstance.py:896} INFO - Dependencies all met for <TaskInstance: to_datalake_pipeline.extract_from_git 2021-08-08T02:30:00+00:00 [queued]>
[2021-08-08 02:38:45,807] {taskinstance.py:896} INFO - Dependencies all met for <TaskInstance: to_datalake_pipeline.extract_from_git 2021-08-08T02:30:00+00:00 [queued]>
[2021-08-08 02:38:45,809] {taskinstance.py:1087} INFO - 
--------------------------------------------------------------------------------
[2021-08-08 02:38:45,810] {taskinstance.py:1088} INFO - Starting attempt 1 of 1
[2021-08-08 02:38:45,811] {taskinstance.py:1089} INFO - 
--------------------------------------------------------------------------------
[2021-08-08 02:38:45,833] {taskinstance.py:1107} INFO - Executing <Task(PythonOperator): extract_from_git> on 2021-08-08T02:30:00+00:00
[2021-08-08 02:38:45,841] {standard_task_runner.py:52} INFO - Started process 177 to run task
[2021-08-08 02:38:45,849] {standard_task_runner.py:76} INFO - Running: ['***', 'tasks', 'run', 'to_datalake_pipeline', 'extract_from_git', '2021-08-08T02:30:00+00:00', '--job-id', '20', '--pool', 'default_pool', '--raw', '--subdir', 'DAGS_FOLDER/to_datalake_pipeline.py', '--cfg-path', '/tmp/tmpgl4zis7k', '--error-file', '/tmp/tmpj78rj07a']
[2021-08-08 02:38:45,851] {standard_task_runner.py:77} INFO - Job 20: Subtask extract_from_git
[2021-08-08 02:38:45,939] {logging_mixin.py:104} INFO - Running <TaskInstance: to_datalake_pipeline.extract_from_git 2021-08-08T02:30:00+00:00 [running]> on host 3c97923eccf9
[2021-08-08 02:38:46,039] {taskinstance.py:1302} INFO - Exporting the following env vars:
AIRFLOW_CTX_DAG_OWNER=***
AIRFLOW_CTX_DAG_ID=to_datalake_pipeline
AIRFLOW_CTX_TASK_ID=extract_from_git
AIRFLOW_CTX_EXECUTION_DATE=2021-08-08T02:30:00+00:00
AIRFLOW_CTX_DAG_RUN_ID=scheduled__2021-08-08T02:30:00+00:00
[2021-08-08 02:38:46,042] {logging_mixin.py:104} INFO - Downloading data from -> https://raw.githubusercontent.com/rezaprimasatya/DTO-DE-JUN-MID/main/data.zip
[2021-08-08 02:38:47,045] {logging_mixin.py:104} INFO - Unzipping Data
[2021-08-08 02:38:47,208] {logging_mixin.py:104} INFO - Transform Data to Pandas Dataframe
[2021-08-08 02:38:47,655] {logging_mixin.py:104} INFO - Load data to datalake
[2021-08-08 02:38:47,815] {logging_mixin.py:104} INFO - Load table : REGION
[2021-08-08 02:38:47,902] {logging_mixin.py:104} INFO - Load table : NATION
[2021-08-08 02:38:47,927] {logging_mixin.py:104} INFO - Load table : PART
[2021-08-08 02:38:48,197] {logging_mixin.py:104} INFO - Load table : SUPPLIER
[2021-08-08 02:38:48,238] {logging_mixin.py:104} INFO - Load table : PARTSUPP
[2021-08-08 02:38:48,990] {logging_mixin.py:104} INFO - Load table : CUSTOMER
[2021-08-08 02:38:49,403] {logging_mixin.py:104} INFO - Load table : ORDERS
[2021-08-08 02:38:50,814] {logging_mixin.py:104} INFO - Load table : LINEITEM
[2021-08-08 02:38:58,385] {python.py:151} INFO - Done. Returned value was: None
[2021-08-08 02:38:58,400] {taskinstance.py:1211} INFO - Marking task as SUCCESS. dag_id=to_datalake_pipeline, task_id=extract_from_git, execution_date=20210808T023000, start_date=20210808T023845, end_date=20210808T023858
[2021-08-08 02:38:58,437] {taskinstance.py:1265} INFO - 0 downstream tasks scheduled from follow-on schedule check
[2021-08-08 02:38:58,530] {local_task_job.py:149} INFO - Task exited with return code 0
