[2021-08-08 05:32:03,300] {taskinstance.py:896} INFO - Dependencies all met for <TaskInstance: presentation_pipeline.presentation_dim_dates 2021-08-08T05:25:00+00:00 [queued]>
[2021-08-08 05:32:03,317] {taskinstance.py:896} INFO - Dependencies all met for <TaskInstance: presentation_pipeline.presentation_dim_dates 2021-08-08T05:25:00+00:00 [queued]>
[2021-08-08 05:32:03,318] {taskinstance.py:1087} INFO - 
--------------------------------------------------------------------------------
[2021-08-08 05:32:03,319] {taskinstance.py:1088} INFO - Starting attempt 1 of 1
[2021-08-08 05:32:03,319] {taskinstance.py:1089} INFO - 
--------------------------------------------------------------------------------
[2021-08-08 05:32:03,328] {taskinstance.py:1107} INFO - Executing <Task(MySqlOperator): presentation_dim_dates> on 2021-08-08T05:25:00+00:00
[2021-08-08 05:32:03,334] {standard_task_runner.py:52} INFO - Started process 938 to run task
[2021-08-08 05:32:03,342] {standard_task_runner.py:76} INFO - Running: ['***', 'tasks', 'run', 'presentation_pipeline', 'presentation_dim_dates', '2021-08-08T05:25:00+00:00', '--job-id', '88', '--pool', 'default_pool', '--raw', '--subdir', 'DAGS_FOLDER/presentation_pipeline.py', '--cfg-path', '/tmp/tmpo3h2_i4o', '--error-file', '/tmp/tmppfwhz1a2']
[2021-08-08 05:32:03,343] {standard_task_runner.py:77} INFO - Job 88: Subtask presentation_dim_dates
[2021-08-08 05:32:03,408] {logging_mixin.py:104} INFO - Running <TaskInstance: presentation_pipeline.presentation_dim_dates 2021-08-08T05:25:00+00:00 [running]> on host b48e43d568d5
[2021-08-08 05:32:03,466] {taskinstance.py:1302} INFO - Exporting the following env vars:
AIRFLOW_CTX_DAG_OWNER=***
AIRFLOW_CTX_DAG_ID=presentation_pipeline
AIRFLOW_CTX_TASK_ID=presentation_dim_dates
AIRFLOW_CTX_EXECUTION_DATE=2021-08-08T05:25:00+00:00
AIRFLOW_CTX_DAG_RUN_ID=scheduled__2021-08-08T05:25:00+00:00
[2021-08-08 05:32:03,467] {mysql.py:70} INFO - Executing: INSERT IGNORE INTO presentation.dates
WITH order_dates AS (
	SELECT 
		ORDER_DATE as date
	FROM 
		standardized.orders
	WHERE 
		INGESTION_TIMESTAMP >= DATE_SUB(NOW(), INTERVAL 5 MINUTE)
	GROUP BY 
		ORDER_DATE 
),

shipdate AS (
	SELECT 
		LINE_ITEM_SHIP_DATE as date
	FROM
		standardized.line_items
	WHERE 
		INGESTION_TIMESTAMP >= DATE_SUB(NOW(), INTERVAL 5 MINUTE)
	GROUP BY 
		LINE_ITEM_SHIP_DATE 
),

commitdate AS (
	SELECT 
		LINE_ITEM_COMMIT_DATE as date
	FROM
		standardized.line_items
	WHERE 
		INGESTION_TIMESTAMP >= DATE_SUB(NOW(), INTERVAL 5 MINUTE)
	GROUP BY 
		LINE_ITEM_COMMIT_DATE 
),

receiptdate AS (
	SELECT 
		LINE_ITEM_RECEIPT_DATE as date
	FROM
		standardized.line_items
	WHERE 
		INGESTION_TIMESTAMP >= DATE_SUB(NOW(), INTERVAL 5 MINUTE)
	GROUP BY 
		LINE_ITEM_RECEIPT_DATE 
),

uniondate AS (
	SELECT * FROM order_dates
	UNION
	SELECT * FROM shipdate
	UNION
	SELECT * FROM commitdate
	UNION
	SELECT * FROM receiptdate
)

SELECT
	NULL as DATE_KEY,
	EXTRACT(DAY FROM `date`) AS DAY,
	EXTRACT(WEEK FROM `date`) AS WEEK,
	EXTRACT(MONTH FROM `date`) AS MONTH,
	EXTRACT(QUARTER FROM `date`) AS QUARTER,
	EXTRACT(YEAR FROM `date`) AS YEAR,
	NOW() AS INGESTION_TIMESTAMP
FROM 
	uniondate
[2021-08-08 05:32:03,479] {base.py:78} INFO - Using connection to: id: dwh_id. Host: dwh, Port: 3306, Schema: , Login: root, Password: ***, extra: {}
[2021-08-08 05:32:03,489] {dbapi.py:204} INFO - Running statement: INSERT IGNORE INTO presentation.dates
WITH order_dates AS (
	SELECT 
		ORDER_DATE as date
	FROM 
		standardized.orders
	WHERE 
		INGESTION_TIMESTAMP >= DATE_SUB(NOW(), INTERVAL 5 MINUTE)
	GROUP BY 
		ORDER_DATE 
),

shipdate AS (
	SELECT 
		LINE_ITEM_SHIP_DATE as date
	FROM
		standardized.line_items
	WHERE 
		INGESTION_TIMESTAMP >= DATE_SUB(NOW(), INTERVAL 5 MINUTE)
	GROUP BY 
		LINE_ITEM_SHIP_DATE 
),

commitdate AS (
	SELECT 
		LINE_ITEM_COMMIT_DATE as date
	FROM
		standardized.line_items
	WHERE 
		INGESTION_TIMESTAMP >= DATE_SUB(NOW(), INTERVAL 5 MINUTE)
	GROUP BY 
		LINE_ITEM_COMMIT_DATE 
),

receiptdate AS (
	SELECT 
		LINE_ITEM_RECEIPT_DATE as date
	FROM
		standardized.line_items
	WHERE 
		INGESTION_TIMESTAMP >= DATE_SUB(NOW(), INTERVAL 5 MINUTE)
	GROUP BY 
		LINE_ITEM_RECEIPT_DATE 
),

uniondate AS (
	SELECT * FROM order_dates
	UNION
	SELECT * FROM shipdate
	UNION
	SELECT * FROM commitdate
	UNION
	SELECT * FROM receiptdate
)

SELECT
	NULL as DATE_KEY,
	EXTRACT(DAY FROM `date`) AS DAY,
	EXTRACT(WEEK FROM `date`) AS WEEK,
	EXTRACT(MONTH FROM `date`) AS MONTH,
	EXTRACT(QUARTER FROM `date`) AS QUARTER,
	EXTRACT(YEAR FROM `date`) AS YEAR,
	NOW() AS INGESTION_TIMESTAMP
FROM 
	uniondate, parameters: None
[2021-08-08 05:32:04,346] {dbapi.py:212} INFO - Rows affected: 0
[2021-08-08 05:32:04,357] {taskinstance.py:1211} INFO - Marking task as SUCCESS. dag_id=presentation_pipeline, task_id=presentation_dim_dates, execution_date=20210808T052500, start_date=20210808T053203, end_date=20210808T053204
[2021-08-08 05:32:04,375] {taskinstance.py:1265} INFO - 0 downstream tasks scheduled from follow-on schedule check
[2021-08-08 05:32:04,400] {local_task_job.py:149} INFO - Task exited with return code 0
[2021-08-08 07:23:11,580] {taskinstance.py:896} INFO - Dependencies all met for <TaskInstance: presentation_pipeline.presentation_dim_dates 2021-08-08T05:25:00+00:00 [queued]>
[2021-08-08 07:23:11,599] {taskinstance.py:896} INFO - Dependencies all met for <TaskInstance: presentation_pipeline.presentation_dim_dates 2021-08-08T05:25:00+00:00 [queued]>
[2021-08-08 07:23:11,600] {taskinstance.py:1087} INFO - 
--------------------------------------------------------------------------------
[2021-08-08 07:23:11,601] {taskinstance.py:1088} INFO - Starting attempt 1 of 1
[2021-08-08 07:23:11,602] {taskinstance.py:1089} INFO - 
--------------------------------------------------------------------------------
[2021-08-08 07:23:11,611] {taskinstance.py:1107} INFO - Executing <Task(MySqlOperator): presentation_dim_dates> on 2021-08-08T05:25:00+00:00
[2021-08-08 07:23:11,622] {standard_task_runner.py:76} INFO - Running: ['***', 'tasks', 'run', 'presentation_pipeline', 'presentation_dim_dates', '2021-08-08T05:25:00+00:00', '--job-id', '30', '--pool', 'default_pool', '--raw', '--subdir', 'DAGS_FOLDER/presentation_pipeline.py', '--cfg-path', '/tmp/tmp3rhyhh4d', '--error-file', '/tmp/tmpbmwcge66']
[2021-08-08 07:23:11,616] {standard_task_runner.py:52} INFO - Started process 403 to run task
[2021-08-08 07:23:11,623] {standard_task_runner.py:77} INFO - Job 30: Subtask presentation_dim_dates
[2021-08-08 07:23:11,681] {logging_mixin.py:104} INFO - Running <TaskInstance: presentation_pipeline.presentation_dim_dates 2021-08-08T05:25:00+00:00 [running]> on host af246ab3df74
[2021-08-08 07:23:11,745] {taskinstance.py:1302} INFO - Exporting the following env vars:
AIRFLOW_CTX_DAG_OWNER=***
AIRFLOW_CTX_DAG_ID=presentation_pipeline
AIRFLOW_CTX_TASK_ID=presentation_dim_dates
AIRFLOW_CTX_EXECUTION_DATE=2021-08-08T05:25:00+00:00
AIRFLOW_CTX_DAG_RUN_ID=scheduled__2021-08-08T05:25:00+00:00
[2021-08-08 07:23:11,746] {mysql.py:70} INFO - Executing: INSERT IGNORE INTO presentation.dates
WITH order_dates AS (
	SELECT 
		ORDER_DATE as date
	FROM 
		standardized.orders
	WHERE 
		INGESTION_TIMESTAMP >= DATE_SUB(NOW(), INTERVAL 1 HOUR)
	GROUP BY 
		ORDER_DATE 
),

shipdate AS (
	SELECT 
		LINE_ITEM_SHIP_DATE as date
	FROM
		standardized.line_items
	WHERE 
		INGESTION_TIMESTAMP >= DATE_SUB(NOW(), INTERVAL 1 HOUR)
	GROUP BY 
		LINE_ITEM_SHIP_DATE 
),

commitdate AS (
	SELECT 
		LINE_ITEM_COMMIT_DATE as date
	FROM
		standardized.line_items
	WHERE 
		INGESTION_TIMESTAMP >= DATE_SUB(NOW(), INTERVAL 1 HOUR)
	GROUP BY 
		LINE_ITEM_COMMIT_DATE 
),

receiptdate AS (
	SELECT 
		LINE_ITEM_RECEIPT_DATE as date
	FROM
		standardized.line_items
	WHERE 
		INGESTION_TIMESTAMP >= DATE_SUB(NOW(), INTERVAL 1 HOUR)
	GROUP BY 
		LINE_ITEM_RECEIPT_DATE 
),

uniondate AS (
	SELECT * FROM order_dates
	UNION
	SELECT * FROM shipdate
	UNION
	SELECT * FROM commitdate
	UNION
	SELECT * FROM receiptdate
)

SELECT
	NULL as DATE_KEY,
	EXTRACT(DAY FROM `date`) AS DAY,
	EXTRACT(WEEK FROM `date`) AS WEEK,
	EXTRACT(MONTH FROM `date`) AS MONTH,
	EXTRACT(QUARTER FROM `date`) AS QUARTER,
	EXTRACT(YEAR FROM `date`) AS YEAR,
	NOW() AS INGESTION_TIMESTAMP
FROM 
	uniondate
[2021-08-08 07:23:11,758] {base.py:78} INFO - Using connection to: id: dwh_id. Host: dwh, Port: 3306, Schema: , Login: root, Password: ***, extra: {}
[2021-08-08 07:23:11,771] {dbapi.py:204} INFO - Running statement: INSERT IGNORE INTO presentation.dates
WITH order_dates AS (
	SELECT 
		ORDER_DATE as date
	FROM 
		standardized.orders
	WHERE 
		INGESTION_TIMESTAMP >= DATE_SUB(NOW(), INTERVAL 1 HOUR)
	GROUP BY 
		ORDER_DATE 
),

shipdate AS (
	SELECT 
		LINE_ITEM_SHIP_DATE as date
	FROM
		standardized.line_items
	WHERE 
		INGESTION_TIMESTAMP >= DATE_SUB(NOW(), INTERVAL 1 HOUR)
	GROUP BY 
		LINE_ITEM_SHIP_DATE 
),

commitdate AS (
	SELECT 
		LINE_ITEM_COMMIT_DATE as date
	FROM
		standardized.line_items
	WHERE 
		INGESTION_TIMESTAMP >= DATE_SUB(NOW(), INTERVAL 1 HOUR)
	GROUP BY 
		LINE_ITEM_COMMIT_DATE 
),

receiptdate AS (
	SELECT 
		LINE_ITEM_RECEIPT_DATE as date
	FROM
		standardized.line_items
	WHERE 
		INGESTION_TIMESTAMP >= DATE_SUB(NOW(), INTERVAL 1 HOUR)
	GROUP BY 
		LINE_ITEM_RECEIPT_DATE 
),

uniondate AS (
	SELECT * FROM order_dates
	UNION
	SELECT * FROM shipdate
	UNION
	SELECT * FROM commitdate
	UNION
	SELECT * FROM receiptdate
)

SELECT
	NULL as DATE_KEY,
	EXTRACT(DAY FROM `date`) AS DAY,
	EXTRACT(WEEK FROM `date`) AS WEEK,
	EXTRACT(MONTH FROM `date`) AS MONTH,
	EXTRACT(QUARTER FROM `date`) AS QUARTER,
	EXTRACT(YEAR FROM `date`) AS YEAR,
	NOW() AS INGESTION_TIMESTAMP
FROM 
	uniondate, parameters: None
[2021-08-08 07:23:12,862] {dbapi.py:212} INFO - Rows affected: 0
[2021-08-08 07:23:12,877] {taskinstance.py:1211} INFO - Marking task as SUCCESS. dag_id=presentation_pipeline, task_id=presentation_dim_dates, execution_date=20210808T052500, start_date=20210808T072311, end_date=20210808T072312
[2021-08-08 07:23:12,907] {taskinstance.py:1265} INFO - 0 downstream tasks scheduled from follow-on schedule check
[2021-08-08 07:23:12,927] {local_task_job.py:149} INFO - Task exited with return code 0
