[2021-08-07 09:30:00,438] {taskinstance.py:896} INFO - Dependencies all met for <TaskInstance: to_datalake_pipeline.extract_from_git 2021-08-07T09:25:00+00:00 [queued]>
[2021-08-07 09:30:00,448] {taskinstance.py:896} INFO - Dependencies all met for <TaskInstance: to_datalake_pipeline.extract_from_git 2021-08-07T09:25:00+00:00 [queued]>
[2021-08-07 09:30:00,449] {taskinstance.py:1087} INFO - 
--------------------------------------------------------------------------------
[2021-08-07 09:30:00,449] {taskinstance.py:1088} INFO - Starting attempt 1 of 1
[2021-08-07 09:30:00,450] {taskinstance.py:1089} INFO - 
--------------------------------------------------------------------------------
[2021-08-07 09:30:00,462] {taskinstance.py:1107} INFO - Executing <Task(PythonOperator): extract_from_git> on 2021-08-07T09:25:00+00:00
[2021-08-07 09:30:00,467] {standard_task_runner.py:52} INFO - Started process 421 to run task
[2021-08-07 09:30:00,471] {standard_task_runner.py:76} INFO - Running: ['***', 'tasks', 'run', 'to_datalake_pipeline', 'extract_from_git', '2021-08-07T09:25:00+00:00', '--job-id', '4', '--pool', 'default_pool', '--raw', '--subdir', 'DAGS_FOLDER/to_datalake_pipeline.py', '--cfg-path', '/tmp/tmptnoenc_j', '--error-file', '/tmp/tmppjhf7ss2']
[2021-08-07 09:30:00,472] {standard_task_runner.py:77} INFO - Job 4: Subtask extract_from_git
[2021-08-07 09:30:00,516] {logging_mixin.py:104} INFO - Running <TaskInstance: to_datalake_pipeline.extract_from_git 2021-08-07T09:25:00+00:00 [running]> on host 4446dd23665f
[2021-08-07 09:30:00,564] {taskinstance.py:1302} INFO - Exporting the following env vars:
AIRFLOW_CTX_DAG_OWNER=***
AIRFLOW_CTX_DAG_ID=to_datalake_pipeline
AIRFLOW_CTX_TASK_ID=extract_from_git
AIRFLOW_CTX_EXECUTION_DATE=2021-08-07T09:25:00+00:00
AIRFLOW_CTX_DAG_RUN_ID=scheduled__2021-08-07T09:25:00+00:00
[2021-08-07 09:30:00,565] {logging_mixin.py:104} INFO - Downloading data from -> https://raw.githubusercontent.com/rezaprimasatya/DTO-DE-JUN-MID/main/data.zip
[2021-08-07 09:30:08,864] {logging_mixin.py:104} INFO - Unzipping Data
[2021-08-07 09:30:08,931] {logging_mixin.py:104} INFO - Transform Data to Pandas Dataframe
[2021-08-07 09:30:09,120] {logging_mixin.py:104} INFO - Load data to datalake
[2021-08-07 09:30:09,129] {logging_mixin.py:104} INFO - Pipeline Error-> 'Variable DWH_USER does not exist'
[2021-08-07 09:30:09,136] {python.py:151} INFO - Done. Returned value was: None
[2021-08-07 09:30:09,145] {taskinstance.py:1211} INFO - Marking task as SUCCESS. dag_id=to_datalake_pipeline, task_id=extract_from_git, execution_date=20210807T092500, start_date=20210807T093000, end_date=20210807T093009
[2021-08-07 09:30:09,166] {taskinstance.py:1265} INFO - 0 downstream tasks scheduled from follow-on schedule check
[2021-08-07 09:30:09,204] {local_task_job.py:149} INFO - Task exited with return code 0
[2021-08-07 09:31:32,067] {taskinstance.py:896} INFO - Dependencies all met for <TaskInstance: to_datalake_pipeline.extract_from_git 2021-08-07T09:25:00+00:00 [queued]>
[2021-08-07 09:31:32,076] {taskinstance.py:896} INFO - Dependencies all met for <TaskInstance: to_datalake_pipeline.extract_from_git 2021-08-07T09:25:00+00:00 [queued]>
[2021-08-07 09:31:32,077] {taskinstance.py:1087} INFO - 
--------------------------------------------------------------------------------
[2021-08-07 09:31:32,077] {taskinstance.py:1088} INFO - Starting attempt 1 of 1
[2021-08-07 09:31:32,078] {taskinstance.py:1089} INFO - 
--------------------------------------------------------------------------------
[2021-08-07 09:31:32,089] {taskinstance.py:1107} INFO - Executing <Task(PythonOperator): extract_from_git> on 2021-08-07T09:25:00+00:00
[2021-08-07 09:31:32,093] {standard_task_runner.py:52} INFO - Started process 566 to run task
[2021-08-07 09:31:32,097] {standard_task_runner.py:76} INFO - Running: ['***', 'tasks', 'run', 'to_datalake_pipeline', 'extract_from_git', '2021-08-07T09:25:00+00:00', '--job-id', '5', '--pool', 'default_pool', '--raw', '--subdir', 'DAGS_FOLDER/to_datalake_pipeline.py', '--cfg-path', '/tmp/tmpaiyvjq48', '--error-file', '/tmp/tmpr49r3j27']
[2021-08-07 09:31:32,098] {standard_task_runner.py:77} INFO - Job 5: Subtask extract_from_git
[2021-08-07 09:31:32,143] {logging_mixin.py:104} INFO - Running <TaskInstance: to_datalake_pipeline.extract_from_git 2021-08-07T09:25:00+00:00 [running]> on host 4446dd23665f
[2021-08-07 09:31:32,205] {taskinstance.py:1302} INFO - Exporting the following env vars:
AIRFLOW_CTX_DAG_OWNER=***
AIRFLOW_CTX_DAG_ID=to_datalake_pipeline
AIRFLOW_CTX_TASK_ID=extract_from_git
AIRFLOW_CTX_EXECUTION_DATE=2021-08-07T09:25:00+00:00
AIRFLOW_CTX_DAG_RUN_ID=scheduled__2021-08-07T09:25:00+00:00
[2021-08-07 09:31:32,206] {logging_mixin.py:104} INFO - Downloading data from -> https://raw.githubusercontent.com/rezaprimasatya/DTO-DE-JUN-MID/main/data.zip
[2021-08-07 09:31:39,458] {logging_mixin.py:104} INFO - Unzipping Data
[2021-08-07 09:31:39,530] {logging_mixin.py:104} INFO - Transform Data to Pandas Dataframe
[2021-08-07 09:31:39,735] {logging_mixin.py:104} INFO - Load data to datalake
[2021-08-07 09:31:39,797] {logging_mixin.py:104} INFO - Load table : REGION
[2021-08-07 09:31:39,838] {logging_mixin.py:104} INFO - Load table : NATION
[2021-08-07 09:31:39,853] {logging_mixin.py:104} INFO - Load table : PART
[2021-08-07 09:31:39,963] {logging_mixin.py:104} INFO - Load table : SUPPLIER
[2021-08-07 09:31:39,983] {logging_mixin.py:104} INFO - Load table : PARTSUPP
[2021-08-07 09:31:40,365] {logging_mixin.py:104} INFO - Load table : CUSTOMER
[2021-08-07 09:31:40,455] {logging_mixin.py:104} INFO - Load table : ORDERS
[2021-08-07 09:31:41,142] {logging_mixin.py:104} INFO - Load table : LINEITEM
[2021-08-07 09:31:44,856] {python.py:151} INFO - Done. Returned value was: None
[2021-08-07 09:31:44,865] {taskinstance.py:1211} INFO - Marking task as SUCCESS. dag_id=to_datalake_pipeline, task_id=extract_from_git, execution_date=20210807T092500, start_date=20210807T093132, end_date=20210807T093144
[2021-08-07 09:31:44,887] {taskinstance.py:1265} INFO - 0 downstream tasks scheduled from follow-on schedule check
[2021-08-07 09:31:44,948] {local_task_job.py:149} INFO - Task exited with return code 0
