[2021-08-07 08:48:11,354] {taskinstance.py:896} INFO - Dependencies all met for <TaskInstance: to_datalake_pipeline.extract_from_git 2021-08-07T08:40:00+00:00 [queued]>
[2021-08-07 08:48:11,364] {taskinstance.py:896} INFO - Dependencies all met for <TaskInstance: to_datalake_pipeline.extract_from_git 2021-08-07T08:40:00+00:00 [queued]>
[2021-08-07 08:48:11,365] {taskinstance.py:1087} INFO - 
--------------------------------------------------------------------------------
[2021-08-07 08:48:11,366] {taskinstance.py:1088} INFO - Starting attempt 1 of 1
[2021-08-07 08:48:11,366] {taskinstance.py:1089} INFO - 
--------------------------------------------------------------------------------
[2021-08-07 08:48:11,379] {taskinstance.py:1107} INFO - Executing <Task(PythonOperator): extract_from_git> on 2021-08-07T08:40:00+00:00
[2021-08-07 08:48:11,384] {standard_task_runner.py:52} INFO - Started process 1424 to run task
[2021-08-07 08:48:11,388] {standard_task_runner.py:76} INFO - Running: ['***', 'tasks', 'run', 'to_datalake_pipeline', 'extract_from_git', '2021-08-07T08:40:00+00:00', '--job-id', '4', '--pool', 'default_pool', '--raw', '--subdir', 'DAGS_FOLDER/to_datalake_pipeline.py', '--cfg-path', '/tmp/tmpae8n5kxx', '--error-file', '/tmp/tmp46na7ibg']
[2021-08-07 08:48:11,389] {standard_task_runner.py:77} INFO - Job 4: Subtask extract_from_git
[2021-08-07 08:48:11,435] {logging_mixin.py:104} INFO - Running <TaskInstance: to_datalake_pipeline.extract_from_git 2021-08-07T08:40:00+00:00 [running]> on host a53b7023e696
[2021-08-07 08:48:11,483] {taskinstance.py:1302} INFO - Exporting the following env vars:
AIRFLOW_CTX_DAG_OWNER=***
AIRFLOW_CTX_DAG_ID=to_datalake_pipeline
AIRFLOW_CTX_TASK_ID=extract_from_git
AIRFLOW_CTX_EXECUTION_DATE=2021-08-07T08:40:00+00:00
AIRFLOW_CTX_DAG_RUN_ID=scheduled__2021-08-07T08:40:00+00:00
[2021-08-07 08:48:11,485] {logging_mixin.py:104} INFO - Downloading data from -> https://raw.githubusercontent.com/rezaprimasatya/DTO-DE-JUN-MID/main/data.zip
[2021-08-07 08:48:17,383] {logging_mixin.py:104} INFO - Unzipping Data
[2021-08-07 08:48:17,451] {logging_mixin.py:104} INFO - Transform Data to Pandas Dataframe
[2021-08-07 08:48:17,641] {logging_mixin.py:104} INFO - Load data to datalake
[2021-08-07 08:48:17,681] {logging_mixin.py:104} INFO - Load table : REGION
[2021-08-07 08:48:17,716] {logging_mixin.py:104} INFO - Load table : NATION
[2021-08-07 08:48:17,732] {logging_mixin.py:104} INFO - Load table : PART
[2021-08-07 08:48:17,826] {logging_mixin.py:104} INFO - Load table : SUPPLIER
[2021-08-07 08:48:17,845] {logging_mixin.py:104} INFO - Load table : PARTSUPP
[2021-08-07 08:48:18,199] {logging_mixin.py:104} INFO - Load table : CUSTOMER
[2021-08-07 08:48:18,273] {logging_mixin.py:104} INFO - Load table : ORDERS
[2021-08-07 08:48:18,881] {logging_mixin.py:104} INFO - Load table : LINEITEM
[2021-08-07 08:48:22,460] {python.py:151} INFO - Done. Returned value was: None
[2021-08-07 08:48:22,471] {taskinstance.py:1211} INFO - Marking task as SUCCESS. dag_id=to_datalake_pipeline, task_id=extract_from_git, execution_date=20210807T084000, start_date=20210807T084811, end_date=20210807T084822
[2021-08-07 08:48:22,495] {taskinstance.py:1265} INFO - 0 downstream tasks scheduled from follow-on schedule check
[2021-08-07 08:48:22,534] {local_task_job.py:149} INFO - Task exited with return code 0
