[2021-08-07 10:11:06,153] {taskinstance.py:896} INFO - Dependencies all met for <TaskInstance: to_datalake_pipeline.extract_from_git 2021-08-07T10:05:00+00:00 [queued]>
[2021-08-07 10:11:06,162] {taskinstance.py:896} INFO - Dependencies all met for <TaskInstance: to_datalake_pipeline.extract_from_git 2021-08-07T10:05:00+00:00 [queued]>
[2021-08-07 10:11:06,163] {taskinstance.py:1087} INFO - 
--------------------------------------------------------------------------------
[2021-08-07 10:11:06,163] {taskinstance.py:1088} INFO - Starting attempt 1 of 1
[2021-08-07 10:11:06,164] {taskinstance.py:1089} INFO - 
--------------------------------------------------------------------------------
[2021-08-07 10:11:06,175] {taskinstance.py:1107} INFO - Executing <Task(PythonOperator): extract_from_git> on 2021-08-07T10:05:00+00:00
[2021-08-07 10:11:06,180] {standard_task_runner.py:52} INFO - Started process 4097 to run task
[2021-08-07 10:11:06,185] {standard_task_runner.py:76} INFO - Running: ['***', 'tasks', 'run', 'to_datalake_pipeline', 'extract_from_git', '2021-08-07T10:05:00+00:00', '--job-id', '8', '--pool', 'default_pool', '--raw', '--subdir', 'DAGS_FOLDER/to_datalake_pipeline.py', '--cfg-path', '/tmp/tmph93tb3_7', '--error-file', '/tmp/tmp2ru3wv68']
[2021-08-07 10:11:06,186] {standard_task_runner.py:77} INFO - Job 8: Subtask extract_from_git
[2021-08-07 10:11:06,230] {logging_mixin.py:104} INFO - Running <TaskInstance: to_datalake_pipeline.extract_from_git 2021-08-07T10:05:00+00:00 [running]> on host 4446dd23665f
[2021-08-07 10:11:06,272] {taskinstance.py:1302} INFO - Exporting the following env vars:
AIRFLOW_CTX_DAG_OWNER=***
AIRFLOW_CTX_DAG_ID=to_datalake_pipeline
AIRFLOW_CTX_TASK_ID=extract_from_git
AIRFLOW_CTX_EXECUTION_DATE=2021-08-07T10:05:00+00:00
AIRFLOW_CTX_DAG_RUN_ID=scheduled__2021-08-07T10:05:00+00:00
[2021-08-07 10:11:06,273] {logging_mixin.py:104} INFO - Downloading data from -> https://raw.githubusercontent.com/rezaprimasatya/DTO-DE-JUN-MID/main/data.zip
[2021-08-07 10:11:12,554] {logging_mixin.py:104} INFO - Unzipping Data
[2021-08-07 10:11:12,629] {logging_mixin.py:104} INFO - Transform Data to Pandas Dataframe
[2021-08-07 10:11:12,800] {logging_mixin.py:104} INFO - Load data to datalake
[2021-08-07 10:11:12,844] {logging_mixin.py:104} INFO - Load table : REGION
[2021-08-07 10:11:12,882] {logging_mixin.py:104} INFO - Load table : NATION
[2021-08-07 10:11:12,897] {logging_mixin.py:104} INFO - Load table : PART
[2021-08-07 10:11:12,979] {logging_mixin.py:104} INFO - Load table : SUPPLIER
[2021-08-07 10:11:12,996] {logging_mixin.py:104} INFO - Load table : PARTSUPP
[2021-08-07 10:11:13,338] {logging_mixin.py:104} INFO - Load table : CUSTOMER
[2021-08-07 10:11:13,414] {logging_mixin.py:104} INFO - Load table : ORDERS
[2021-08-07 10:11:14,064] {logging_mixin.py:104} INFO - Load table : LINEITEM
[2021-08-07 10:11:17,985] {python.py:151} INFO - Done. Returned value was: None
[2021-08-07 10:11:17,998] {taskinstance.py:1211} INFO - Marking task as SUCCESS. dag_id=to_datalake_pipeline, task_id=extract_from_git, execution_date=20210807T100500, start_date=20210807T101106, end_date=20210807T101117
[2021-08-07 10:11:18,026] {taskinstance.py:1265} INFO - 0 downstream tasks scheduled from follow-on schedule check
[2021-08-07 10:11:18,092] {local_task_job.py:149} INFO - Task exited with return code 0
