[2021-08-08 05:01:12,040] {taskinstance.py:896} INFO - Dependencies all met for <TaskInstance: standardized_pipeline.standardized_regions 2021-08-08T04:55:00+00:00 [queued]>
[2021-08-08 05:01:12,123] {taskinstance.py:896} INFO - Dependencies all met for <TaskInstance: standardized_pipeline.standardized_regions 2021-08-08T04:55:00+00:00 [queued]>
[2021-08-08 05:01:12,131] {taskinstance.py:1087} INFO - 
--------------------------------------------------------------------------------
[2021-08-08 05:01:12,133] {taskinstance.py:1088} INFO - Starting attempt 1 of 11
[2021-08-08 05:01:12,136] {taskinstance.py:1089} INFO - 
--------------------------------------------------------------------------------
[2021-08-08 05:01:12,251] {taskinstance.py:1107} INFO - Executing <Task(MySqlOperator): standardized_regions> on 2021-08-08T04:55:00+00:00
[2021-08-08 05:01:12,297] {standard_task_runner.py:52} INFO - Started process 6381 to run task
[2021-08-08 05:01:12,464] {standard_task_runner.py:76} INFO - Running: ['***', 'tasks', 'run', 'standardized_pipeline', 'standardized_regions', '2021-08-08T04:55:00+00:00', '--job-id', '75', '--pool', 'default_pool', '--raw', '--subdir', 'DAGS_FOLDER/standardized_pipeline.py', '--cfg-path', '/tmp/tmpqcmnea0y', '--error-file', '/tmp/tmp0esz_twu']
[2021-08-08 05:01:12,474] {standard_task_runner.py:77} INFO - Job 75: Subtask standardized_regions
[2021-08-08 05:01:13,008] {logging_mixin.py:104} INFO - Running <TaskInstance: standardized_pipeline.standardized_regions 2021-08-08T04:55:00+00:00 [running]> on host 75feb3cfb2a6
[2021-08-08 05:01:13,532] {taskinstance.py:1302} INFO - Exporting the following env vars:
AIRFLOW_CTX_DAG_EMAIL=wildangbudhi@gmail.com
AIRFLOW_CTX_DAG_OWNER=***
AIRFLOW_CTX_DAG_ID=standardized_pipeline
AIRFLOW_CTX_TASK_ID=standardized_regions
AIRFLOW_CTX_EXECUTION_DATE=2021-08-08T04:55:00+00:00
AIRFLOW_CTX_DAG_RUN_ID=scheduled__2021-08-08T04:55:00+00:00
[2021-08-08 05:01:13,536] {mysql.py:70} INFO - Executing: INSERT INTO standardized.regions
WITH data_last_5_minutes AS (
	SELECT
		DISTINCT 
		CAST(R_REGIONKEY AS SIGNED) AS REGION_KEY,
		R_NAME AS REGION_NAME,
		R_COMMENT AS REGION_COMMENT,
		NOW() AS INGESTION_TIMESTAMP
	FROM
		datalake.REGION r
	WHERE 
		r.INGESTION_TIMESTAMP >= DATE_SUB(NOW(), INTERVAL 5 MINUTE)
)

SELECT 
	* 
FROM 
	data_last_5_minutes
[2021-08-08 05:01:13,634] {base.py:78} INFO - Using connection to: id: dwh_id. Host: dwh, Port: 3306, Schema: , Login: root, Password: ***, extra: {}
[2021-08-08 05:01:13,749] {dbapi.py:204} INFO - Running statement: INSERT INTO standardized.regions
WITH data_last_5_minutes AS (
	SELECT
		DISTINCT 
		CAST(R_REGIONKEY AS SIGNED) AS REGION_KEY,
		R_NAME AS REGION_NAME,
		R_COMMENT AS REGION_COMMENT,
		NOW() AS INGESTION_TIMESTAMP
	FROM
		datalake.REGION r
	WHERE 
		r.INGESTION_TIMESTAMP >= DATE_SUB(NOW(), INTERVAL 5 MINUTE)
)

SELECT 
	* 
FROM 
	data_last_5_minutes, parameters: None
[2021-08-08 05:01:13,780] {dbapi.py:212} INFO - Rows affected: 5
[2021-08-08 05:01:13,881] {taskinstance.py:1211} INFO - Marking task as SUCCESS. dag_id=standardized_pipeline, task_id=standardized_regions, execution_date=20210808T045500, start_date=20210808T050112, end_date=20210808T050113
[2021-08-08 05:01:14,309] {taskinstance.py:1265} INFO - 0 downstream tasks scheduled from follow-on schedule check
[2021-08-08 05:01:14,397] {local_task_job.py:149} INFO - Task exited with return code 0
