[2021-08-08 05:05:00,652] {taskinstance.py:896} INFO - Dependencies all met for <TaskInstance: presentation_pipeline.presentation_pipeline_start 2021-08-08T05:00:00+00:00 [queued]>
[2021-08-08 05:05:00,668] {taskinstance.py:896} INFO - Dependencies all met for <TaskInstance: presentation_pipeline.presentation_pipeline_start 2021-08-08T05:00:00+00:00 [queued]>
[2021-08-08 05:05:00,669] {taskinstance.py:1087} INFO - 
--------------------------------------------------------------------------------
[2021-08-08 05:05:00,670] {taskinstance.py:1088} INFO - Starting attempt 1 of 1
[2021-08-08 05:05:00,670] {taskinstance.py:1089} INFO - 
--------------------------------------------------------------------------------
[2021-08-08 05:05:00,687] {taskinstance.py:1107} INFO - Executing <Task(ExternalTaskSensor): presentation_pipeline_start> on 2021-08-08T05:00:00+00:00
[2021-08-08 05:05:00,692] {standard_task_runner.py:52} INFO - Started process 6703 to run task
[2021-08-08 05:05:00,702] {standard_task_runner.py:76} INFO - Running: ['***', 'tasks', 'run', 'presentation_pipeline', 'presentation_pipeline_start', '2021-08-08T05:00:00+00:00', '--job-id', '90', '--pool', 'default_pool', '--raw', '--subdir', 'DAGS_FOLDER/presentation_pipeline.py', '--cfg-path', '/tmp/tmp4_gm4ubn', '--error-file', '/tmp/tmp18a_1m_i']
[2021-08-08 05:05:00,704] {standard_task_runner.py:77} INFO - Job 90: Subtask presentation_pipeline_start
[2021-08-08 05:05:00,770] {logging_mixin.py:104} INFO - Running <TaskInstance: presentation_pipeline.presentation_pipeline_start 2021-08-08T05:00:00+00:00 [running]> on host 75feb3cfb2a6
[2021-08-08 05:05:00,843] {taskinstance.py:1302} INFO - Exporting the following env vars:
AIRFLOW_CTX_DAG_OWNER=***
AIRFLOW_CTX_DAG_ID=presentation_pipeline
AIRFLOW_CTX_TASK_ID=presentation_pipeline_start
AIRFLOW_CTX_EXECUTION_DATE=2021-08-08T05:00:00+00:00
AIRFLOW_CTX_DAG_RUN_ID=scheduled__2021-08-08T05:00:00+00:00
[2021-08-08 05:05:00,845] {external_task.py:152} INFO - Poking for standardized_pipeline.standardized_pipeline_end on 2021-08-08T05:00:00+00:00 ... 
[2021-08-08 05:06:00,873] {external_task.py:152} INFO - Poking for standardized_pipeline.standardized_pipeline_end on 2021-08-08T05:00:00+00:00 ... 
[2021-08-08 05:07:00,842] {external_task.py:152} INFO - Poking for standardized_pipeline.standardized_pipeline_end on 2021-08-08T05:00:00+00:00 ... 
[2021-08-08 05:07:00,853] {base.py:248} INFO - Success criteria met. Exiting.
[2021-08-08 05:07:00,864] {taskinstance.py:1211} INFO - Marking task as SUCCESS. dag_id=presentation_pipeline, task_id=presentation_pipeline_start, execution_date=20210808T050000, start_date=20210808T050500, end_date=20210808T050700
[2021-08-08 05:07:00,912] {taskinstance.py:1265} INFO - 5 downstream tasks scheduled from follow-on schedule check
[2021-08-08 05:07:00,952] {local_task_job.py:149} INFO - Task exited with return code 0
[2021-08-08 05:09:17,778] {taskinstance.py:896} INFO - Dependencies all met for <TaskInstance: presentation_pipeline.presentation_pipeline_start 2021-08-08T05:00:00+00:00 [queued]>
[2021-08-08 05:09:17,804] {taskinstance.py:896} INFO - Dependencies all met for <TaskInstance: presentation_pipeline.presentation_pipeline_start 2021-08-08T05:00:00+00:00 [queued]>
[2021-08-08 05:09:17,806] {taskinstance.py:1087} INFO - 
--------------------------------------------------------------------------------
[2021-08-08 05:09:17,807] {taskinstance.py:1088} INFO - Starting attempt 1 of 1
[2021-08-08 05:09:17,808] {taskinstance.py:1089} INFO - 
--------------------------------------------------------------------------------
[2021-08-08 05:09:17,820] {taskinstance.py:1107} INFO - Executing <Task(ExternalTaskSensor): presentation_pipeline_start> on 2021-08-08T05:00:00+00:00
[2021-08-08 05:09:17,833] {standard_task_runner.py:76} INFO - Running: ['***', 'tasks', 'run', 'presentation_pipeline', 'presentation_pipeline_start', '2021-08-08T05:00:00+00:00', '--job-id', '3', '--pool', 'default_pool', '--raw', '--subdir', 'DAGS_FOLDER/presentation_pipeline.py', '--cfg-path', '/tmp/tmpx8fzdugf', '--error-file', '/tmp/tmp25w8t_sk']
[2021-08-08 05:09:17,827] {standard_task_runner.py:52} INFO - Started process 125 to run task
[2021-08-08 05:09:17,835] {standard_task_runner.py:77} INFO - Job 3: Subtask presentation_pipeline_start
[2021-08-08 05:09:17,910] {logging_mixin.py:104} INFO - Running <TaskInstance: presentation_pipeline.presentation_pipeline_start 2021-08-08T05:00:00+00:00 [running]> on host dbfb9e13da58
[2021-08-08 05:09:17,994] {taskinstance.py:1302} INFO - Exporting the following env vars:
AIRFLOW_CTX_DAG_OWNER=***
AIRFLOW_CTX_DAG_ID=presentation_pipeline
AIRFLOW_CTX_TASK_ID=presentation_pipeline_start
AIRFLOW_CTX_EXECUTION_DATE=2021-08-08T05:00:00+00:00
AIRFLOW_CTX_DAG_RUN_ID=scheduled__2021-08-08T05:00:00+00:00
[2021-08-08 05:09:17,996] {external_task.py:152} INFO - Poking for standardized_pipeline.standardized_pipeline_end on 2021-08-08T05:00:00+00:00 ... 
[2021-08-08 05:10:18,022] {external_task.py:152} INFO - Poking for standardized_pipeline.standardized_pipeline_end on 2021-08-08T05:00:00+00:00 ... 
[2021-08-08 05:11:18,024] {external_task.py:152} INFO - Poking for standardized_pipeline.standardized_pipeline_end on 2021-08-08T05:00:00+00:00 ... 
[2021-08-08 05:12:17,993] {external_task.py:152} INFO - Poking for standardized_pipeline.standardized_pipeline_end on 2021-08-08T05:00:00+00:00 ... 
[2021-08-08 05:12:18,005] {base.py:248} INFO - Success criteria met. Exiting.
[2021-08-08 05:12:18,020] {taskinstance.py:1211} INFO - Marking task as SUCCESS. dag_id=presentation_pipeline, task_id=presentation_pipeline_start, execution_date=20210808T050000, start_date=20210808T050917, end_date=20210808T051218
[2021-08-08 05:12:18,080] {taskinstance.py:1265} INFO - 5 downstream tasks scheduled from follow-on schedule check
[2021-08-08 05:12:18,119] {local_task_job.py:149} INFO - Task exited with return code 0
