[2021-08-07 16:36:03,313] {taskinstance.py:896} INFO - Dependencies all met for <TaskInstance: standardized_pipeline.create_standardized_table_orders 2021-08-07T16:36:02.133925+00:00 [queued]>
[2021-08-07 16:36:03,364] {taskinstance.py:896} INFO - Dependencies all met for <TaskInstance: standardized_pipeline.create_standardized_table_orders 2021-08-07T16:36:02.133925+00:00 [queued]>
[2021-08-07 16:36:03,365] {taskinstance.py:1087} INFO - 
--------------------------------------------------------------------------------
[2021-08-07 16:36:03,367] {taskinstance.py:1088} INFO - Starting attempt 1 of 1
[2021-08-07 16:36:03,368] {taskinstance.py:1089} INFO - 
--------------------------------------------------------------------------------
[2021-08-07 16:36:03,399] {taskinstance.py:1107} INFO - Executing <Task(MySqlOperator): create_standardized_table_orders> on 2021-08-07T16:36:02.133925+00:00
[2021-08-07 16:36:03,408] {standard_task_runner.py:52} INFO - Started process 369 to run task
[2021-08-07 16:36:03,434] {standard_task_runner.py:76} INFO - Running: ['***', 'tasks', 'run', 'standardized_pipeline', 'create_standardized_table_orders', '2021-08-07T16:36:02.133925+00:00', '--job-id', '15', '--pool', 'default_pool', '--raw', '--subdir', 'DAGS_FOLDER/standardized_pipeline.py', '--cfg-path', '/tmp/tmpprkkohle', '--error-file', '/tmp/tmp4ouk7t93']
[2021-08-07 16:36:03,437] {standard_task_runner.py:77} INFO - Job 15: Subtask create_standardized_table_orders
[2021-08-07 16:36:03,618] {logging_mixin.py:104} INFO - Running <TaskInstance: standardized_pipeline.create_standardized_table_orders 2021-08-07T16:36:02.133925+00:00 [running]> on host c8552014663a
[2021-08-07 16:36:03,889] {taskinstance.py:1302} INFO - Exporting the following env vars:
AIRFLOW_CTX_DAG_OWNER=***
AIRFLOW_CTX_DAG_ID=standardized_pipeline
AIRFLOW_CTX_TASK_ID=create_standardized_table_orders
AIRFLOW_CTX_EXECUTION_DATE=2021-08-07T16:36:02.133925+00:00
AIRFLOW_CTX_DAG_RUN_ID=manual__2021-08-07T16:36:02.133925+00:00
[2021-08-07 16:36:03,891] {mysql.py:70} INFO - Executing: CREATE TABLE IF NOT EXISTS standardized.ORDERS (
  `ORDER_KEY` int NOT NULL,
  `CUSTOMER_KEY` int NOT NULL,
  `ORDER_ORDERSTATUS` text NOT NULL,
  `ORDER_TOTALPRICE` int NOT NULL,
  `ORDER_ORDERDATE` date NOT NULL,
  `ORDER_ORDERPRIORITY` text NOT NULL,
  `ORDER_CLERK` text NOT NULL,
  `ORDER_SHIPPRIORITY` int NOT NULL,
  `ORDER_COMMENT` text NOT NULL,
  `INGESTION_TIMESTAMP` datetime DEFAULT CURRENT_TIMESTAMP
) ENGINE=InnoDB DEFAULT CHARSET=utf8mb4 COLLATE=utf8mb4_0900_ai_ci;
[2021-08-07 16:36:03,947] {base.py:78} INFO - Using connection to: id: dwh_id. Host: dwh, Port: 3306, Schema: , Login: root, Password: ***, extra: {}
[2021-08-07 16:36:04,018] {dbapi.py:204} INFO - Running statement: CREATE TABLE IF NOT EXISTS standardized.ORDERS (
  `ORDER_KEY` int NOT NULL,
  `CUSTOMER_KEY` int NOT NULL,
  `ORDER_ORDERSTATUS` text NOT NULL,
  `ORDER_TOTALPRICE` int NOT NULL,
  `ORDER_ORDERDATE` date NOT NULL,
  `ORDER_ORDERPRIORITY` text NOT NULL,
  `ORDER_CLERK` text NOT NULL,
  `ORDER_SHIPPRIORITY` int NOT NULL,
  `ORDER_COMMENT` text NOT NULL,
  `INGESTION_TIMESTAMP` datetime DEFAULT CURRENT_TIMESTAMP
) ENGINE=InnoDB DEFAULT CHARSET=utf8mb4 COLLATE=utf8mb4_0900_ai_ci;, parameters: None
[2021-08-07 16:36:04,027] {dbapi.py:212} INFO - Rows affected: 0
[2021-08-07 16:36:04,099] {taskinstance.py:1211} INFO - Marking task as SUCCESS. dag_id=standardized_pipeline, task_id=create_standardized_table_orders, execution_date=20210807T163602, start_date=20210807T163603, end_date=20210807T163604
[2021-08-07 16:36:04,227] {taskinstance.py:1265} INFO - 1 downstream tasks scheduled from follow-on schedule check
[2021-08-07 16:36:04,258] {local_task_job.py:149} INFO - Task exited with return code 0
