[2021-08-08 05:27:12,853] {taskinstance.py:896} INFO - Dependencies all met for <TaskInstance: presentation_pipeline.create_presentation_table_dim_customers 2021-08-08T05:20:00+00:00 [queued]>
[2021-08-08 05:27:12,897] {taskinstance.py:896} INFO - Dependencies all met for <TaskInstance: presentation_pipeline.create_presentation_table_dim_customers 2021-08-08T05:20:00+00:00 [queued]>
[2021-08-08 05:27:12,898] {taskinstance.py:1087} INFO - 
--------------------------------------------------------------------------------
[2021-08-08 05:27:12,899] {taskinstance.py:1088} INFO - Starting attempt 1 of 1
[2021-08-08 05:27:12,900] {taskinstance.py:1089} INFO - 
--------------------------------------------------------------------------------
[2021-08-08 05:27:12,919] {taskinstance.py:1107} INFO - Executing <Task(MySqlOperator): create_presentation_table_dim_customers> on 2021-08-08T05:20:00+00:00
[2021-08-08 05:27:12,935] {standard_task_runner.py:52} INFO - Started process 438 to run task
[2021-08-08 05:27:12,951] {standard_task_runner.py:76} INFO - Running: ['***', 'tasks', 'run', 'presentation_pipeline', 'create_presentation_table_dim_customers', '2021-08-08T05:20:00+00:00', '--job-id', '43', '--pool', 'default_pool', '--raw', '--subdir', 'DAGS_FOLDER/presentation_pipeline.py', '--cfg-path', '/tmp/tmp3ty6yulw', '--error-file', '/tmp/tmp4cxetvo6']
[2021-08-08 05:27:12,954] {standard_task_runner.py:77} INFO - Job 43: Subtask create_presentation_table_dim_customers
[2021-08-08 05:27:13,064] {logging_mixin.py:104} INFO - Running <TaskInstance: presentation_pipeline.create_presentation_table_dim_customers 2021-08-08T05:20:00+00:00 [running]> on host b48e43d568d5
[2021-08-08 05:27:13,216] {taskinstance.py:1302} INFO - Exporting the following env vars:
AIRFLOW_CTX_DAG_OWNER=***
AIRFLOW_CTX_DAG_ID=presentation_pipeline
AIRFLOW_CTX_TASK_ID=create_presentation_table_dim_customers
AIRFLOW_CTX_EXECUTION_DATE=2021-08-08T05:20:00+00:00
AIRFLOW_CTX_DAG_RUN_ID=scheduled__2021-08-08T05:20:00+00:00
[2021-08-08 05:27:13,217] {mysql.py:70} INFO - Executing: CREATE TABLE IF NOT EXISTS presentation.customers (
    CUSTOMER_KEY INT NOT NULL,
    INGESTION_TIMESTAMP TIMESTAMP NOT NULL DEFAULT CURRENT_TIMESTAMP,
    CONSTRAINT `CUSTOMER_PK` PRIMARY KEY (CUSTOMER_KEY)
) AS

SELECT 
	DISTINCT
	c.CUSTOMER_KEY,
	n.NATION_NAME,
	c.CUSTOMER_ACCOUNT_BALANCE_TOTAL,
	c.CUSTOMER_MARKET_SEGMENT_TYPE, 
	NOW() AS INGESTION_TIMESTAMP
FROM 
	standardized.customers c 
LEFT JOIN
	standardized.nations n 
	ON c.NATION_KEY = n.NATION_KEY 
WHERE
	c.INGESTION_TIMESTAMP >= DATE_SUB(NOW(), INTERVAL 5 MINUTE)
[2021-08-08 05:27:13,236] {base.py:78} INFO - Using connection to: id: dwh_id. Host: dwh, Port: 3306, Schema: , Login: root, Password: ***, extra: {}
[2021-08-08 05:27:13,261] {dbapi.py:204} INFO - Running statement: CREATE TABLE IF NOT EXISTS presentation.customers (
    CUSTOMER_KEY INT NOT NULL,
    INGESTION_TIMESTAMP TIMESTAMP NOT NULL DEFAULT CURRENT_TIMESTAMP,
    CONSTRAINT `CUSTOMER_PK` PRIMARY KEY (CUSTOMER_KEY)
) AS

SELECT 
	DISTINCT
	c.CUSTOMER_KEY,
	n.NATION_NAME,
	c.CUSTOMER_ACCOUNT_BALANCE_TOTAL,
	c.CUSTOMER_MARKET_SEGMENT_TYPE, 
	NOW() AS INGESTION_TIMESTAMP
FROM 
	standardized.customers c 
LEFT JOIN
	standardized.nations n 
	ON c.NATION_KEY = n.NATION_KEY 
WHERE
	c.INGESTION_TIMESTAMP >= DATE_SUB(NOW(), INTERVAL 5 MINUTE), parameters: None
[2021-08-08 05:27:13,265] {dbapi.py:212} INFO - Rows affected: 0
[2021-08-08 05:27:13,288] {taskinstance.py:1211} INFO - Marking task as SUCCESS. dag_id=presentation_pipeline, task_id=create_presentation_table_dim_customers, execution_date=20210808T052000, start_date=20210808T052712, end_date=20210808T052713
[2021-08-08 05:27:13,331] {taskinstance.py:1265} INFO - 1 downstream tasks scheduled from follow-on schedule check
[2021-08-08 05:27:13,405] {local_task_job.py:149} INFO - Task exited with return code 0
