[2021-08-08 07:06:03,214] {taskinstance.py:896} INFO - Dependencies all met for <TaskInstance: standardized_pipeline.standardized_parts 2021-08-08T06:05:00+00:00 [queued]>
[2021-08-08 07:06:03,260] {taskinstance.py:896} INFO - Dependencies all met for <TaskInstance: standardized_pipeline.standardized_parts 2021-08-08T06:05:00+00:00 [queued]>
[2021-08-08 07:06:03,266] {taskinstance.py:1087} INFO - 
--------------------------------------------------------------------------------
[2021-08-08 07:06:03,267] {taskinstance.py:1088} INFO - Starting attempt 1 of 11
[2021-08-08 07:06:03,270] {taskinstance.py:1089} INFO - 
--------------------------------------------------------------------------------
[2021-08-08 07:06:03,300] {taskinstance.py:1107} INFO - Executing <Task(MySqlOperator): standardized_parts> on 2021-08-08T06:05:00+00:00
[2021-08-08 07:06:03,319] {standard_task_runner.py:76} INFO - Running: ['***', 'tasks', 'run', 'standardized_pipeline', 'standardized_parts', '2021-08-08T06:05:00+00:00', '--job-id', '34', '--pool', 'default_pool', '--raw', '--subdir', 'DAGS_FOLDER/standardized_pipeline.py', '--cfg-path', '/tmp/tmp6t6nci_o', '--error-file', '/tmp/tmpyvh132l1']
[2021-08-08 07:06:03,324] {standard_task_runner.py:77} INFO - Job 34: Subtask standardized_parts
[2021-08-08 07:06:03,310] {standard_task_runner.py:52} INFO - Started process 293 to run task
[2021-08-08 07:06:03,476] {logging_mixin.py:104} INFO - Running <TaskInstance: standardized_pipeline.standardized_parts 2021-08-08T06:05:00+00:00 [running]> on host bf836d82c89b
[2021-08-08 07:06:03,566] {taskinstance.py:1302} INFO - Exporting the following env vars:
AIRFLOW_CTX_DAG_EMAIL=wildangbudhi@gmail.com
AIRFLOW_CTX_DAG_OWNER=***
AIRFLOW_CTX_DAG_ID=standardized_pipeline
AIRFLOW_CTX_TASK_ID=standardized_parts
AIRFLOW_CTX_EXECUTION_DATE=2021-08-08T06:05:00+00:00
AIRFLOW_CTX_DAG_RUN_ID=scheduled__2021-08-08T06:05:00+00:00
[2021-08-08 07:06:03,568] {mysql.py:70} INFO - Executing: INSERT INTO standardized.parts
WITH data_last_5_minutes AS (
	SELECT
        DISTINCT
        CAST(P_PARTKEY AS SIGNED) AS PART_KEY,
        P_NAME AS PART_NAME,
        P_MFGR AS PART_MANUFACTURE_GROUP_NAME,
        P_BRAND AS PART_BRAND_NAME,
        P_TYPE AS PART_TYPE,
        CAST(P_SIZE AS SIGNED) AS PART_SIZE_NUMBER,
        P_CONTAINER AS PART_CONTAINER_TYPE,
        P_RETAILPRICE AS PART_RETAIL_PRICE,
        P_COMMENT AS PART_COMMENT,
        NOW() AS INGESTION_TIMESTAMP
    FROM
        datalake.PART p
    WHERE 
        p.INGESTION_TIMESTAMP >= DATE_SUB(NOW(), INTERVAL 1 HOUR)
)

SELECT 
	* 
FROM 
	data_last_5_minutes
[2021-08-08 07:06:03,582] {base.py:78} INFO - Using connection to: id: dwh_id. Host: dwh, Port: 3306, Schema: , Login: root, Password: ***, extra: {}
[2021-08-08 07:06:03,599] {dbapi.py:204} INFO - Running statement: INSERT INTO standardized.parts
WITH data_last_5_minutes AS (
	SELECT
        DISTINCT
        CAST(P_PARTKEY AS SIGNED) AS PART_KEY,
        P_NAME AS PART_NAME,
        P_MFGR AS PART_MANUFACTURE_GROUP_NAME,
        P_BRAND AS PART_BRAND_NAME,
        P_TYPE AS PART_TYPE,
        CAST(P_SIZE AS SIGNED) AS PART_SIZE_NUMBER,
        P_CONTAINER AS PART_CONTAINER_TYPE,
        P_RETAILPRICE AS PART_RETAIL_PRICE,
        P_COMMENT AS PART_COMMENT,
        NOW() AS INGESTION_TIMESTAMP
    FROM
        datalake.PART p
    WHERE 
        p.INGESTION_TIMESTAMP >= DATE_SUB(NOW(), INTERVAL 1 HOUR)
)

SELECT 
	* 
FROM 
	data_last_5_minutes, parameters: None
[2021-08-08 07:06:03,683] {dbapi.py:212} INFO - Rows affected: 2000
[2021-08-08 07:06:03,707] {taskinstance.py:1211} INFO - Marking task as SUCCESS. dag_id=standardized_pipeline, task_id=standardized_parts, execution_date=20210808T060500, start_date=20210808T070603, end_date=20210808T070603
[2021-08-08 07:06:03,775] {taskinstance.py:1265} INFO - 0 downstream tasks scheduled from follow-on schedule check
[2021-08-08 07:06:03,830] {local_task_job.py:149} INFO - Task exited with return code 0
