[2021-08-07 17:02:51,754] {taskinstance.py:896} INFO - Dependencies all met for <TaskInstance: presentation_pipeline.presentation_part 2021-08-07T16:55:00+00:00 [queued]>
[2021-08-07 17:02:51,828] {taskinstance.py:896} INFO - Dependencies all met for <TaskInstance: presentation_pipeline.presentation_part 2021-08-07T16:55:00+00:00 [queued]>
[2021-08-07 17:02:51,829] {taskinstance.py:1087} INFO - 
--------------------------------------------------------------------------------
[2021-08-07 17:02:51,832] {taskinstance.py:1088} INFO - Starting attempt 1 of 1
[2021-08-07 17:02:51,836] {taskinstance.py:1089} INFO - 
--------------------------------------------------------------------------------
[2021-08-07 17:02:51,885] {taskinstance.py:1107} INFO - Executing <Task(MySqlOperator): presentation_part> on 2021-08-07T16:55:00+00:00
[2021-08-07 17:02:51,905] {standard_task_runner.py:52} INFO - Started process 671 to run task
[2021-08-07 17:02:51,915] {standard_task_runner.py:76} INFO - Running: ['***', 'tasks', 'run', 'presentation_pipeline', 'presentation_part', '2021-08-07T16:55:00+00:00', '--job-id', '27', '--pool', 'default_pool', '--raw', '--subdir', 'DAGS_FOLDER/presentation_pipeline.py', '--cfg-path', '/tmp/tmp_5ee6y58', '--error-file', '/tmp/tmpwa86i38x']
[2021-08-07 17:02:51,917] {standard_task_runner.py:77} INFO - Job 27: Subtask presentation_part
[2021-08-07 17:02:51,979] {logging_mixin.py:104} INFO - Running <TaskInstance: presentation_pipeline.presentation_part 2021-08-07T16:55:00+00:00 [running]> on host f68214991f84
[2021-08-07 17:02:52,082] {taskinstance.py:1302} INFO - Exporting the following env vars:
AIRFLOW_CTX_DAG_OWNER=***
AIRFLOW_CTX_DAG_ID=presentation_pipeline
AIRFLOW_CTX_TASK_ID=presentation_part
AIRFLOW_CTX_EXECUTION_DATE=2021-08-07T16:55:00+00:00
AIRFLOW_CTX_DAG_RUN_ID=scheduled__2021-08-07T16:55:00+00:00
[2021-08-07 17:02:52,084] {mysql.py:70} INFO - Executing: INSERT IGNORE INTO presentation.PART (
	`PART_KEY`,
    `PART_NAME`,
    `PART_SIZE`,
    `PART_CONTAINER`,
    `PART_RETAILPRICE`
) 

SELECT 
	p.PART_KEY,
	p.PART_NAME,
	p.PART_SIZE,
	p.PART_CONTAINER,
	p.PART_RETAILPRICE
FROM 
	standardized.PART p 
WHERE 
	p.INGESTION_TIMESTAMP >= DATE_SUB(NOW(), INTERVAL 5 MINUTE)
[2021-08-07 17:02:52,119] {base.py:78} INFO - Using connection to: id: dwh_id. Host: dwh, Port: 3306, Schema: , Login: root, Password: ***, extra: {}
[2021-08-07 17:02:52,139] {dbapi.py:204} INFO - Running statement: INSERT IGNORE INTO presentation.PART (
	`PART_KEY`,
    `PART_NAME`,
    `PART_SIZE`,
    `PART_CONTAINER`,
    `PART_RETAILPRICE`
) 

SELECT 
	p.PART_KEY,
	p.PART_NAME,
	p.PART_SIZE,
	p.PART_CONTAINER,
	p.PART_RETAILPRICE
FROM 
	standardized.PART p 
WHERE 
	p.INGESTION_TIMESTAMP >= DATE_SUB(NOW(), INTERVAL 5 MINUTE), parameters: None
[2021-08-07 17:02:52,200] {dbapi.py:212} INFO - Rows affected: 2000
[2021-08-07 17:02:52,231] {taskinstance.py:1211} INFO - Marking task as SUCCESS. dag_id=presentation_pipeline, task_id=presentation_part, execution_date=20210807T165500, start_date=20210807T170251, end_date=20210807T170252
[2021-08-07 17:02:52,273] {taskinstance.py:1265} INFO - 0 downstream tasks scheduled from follow-on schedule check
[2021-08-07 17:02:52,304] {local_task_job.py:149} INFO - Task exited with return code 0
