[2021-08-07 14:19:25,468] {taskinstance.py:896} INFO - Dependencies all met for <TaskInstance: standardized_pipeline.create_standardized_table_parts 2021-08-07T14:19:23.904197+00:00 [queued]>
[2021-08-07 14:19:25,509] {taskinstance.py:896} INFO - Dependencies all met for <TaskInstance: standardized_pipeline.create_standardized_table_parts 2021-08-07T14:19:23.904197+00:00 [queued]>
[2021-08-07 14:19:25,513] {taskinstance.py:1087} INFO - 
--------------------------------------------------------------------------------
[2021-08-07 14:19:25,514] {taskinstance.py:1088} INFO - Starting attempt 1 of 1
[2021-08-07 14:19:25,516] {taskinstance.py:1089} INFO - 
--------------------------------------------------------------------------------
[2021-08-07 14:19:25,531] {taskinstance.py:1107} INFO - Executing <Task(MySqlOperator): create_standardized_table_parts> on 2021-08-07T14:19:23.904197+00:00
[2021-08-07 14:19:25,540] {standard_task_runner.py:52} INFO - Started process 4454 to run task
[2021-08-07 14:19:25,557] {standard_task_runner.py:76} INFO - Running: ['***', 'tasks', 'run', 'standardized_pipeline', 'create_standardized_table_parts', '2021-08-07T14:19:23.904197+00:00', '--job-id', '42', '--pool', 'default_pool', '--raw', '--subdir', 'DAGS_FOLDER/standardized_pipeline.py', '--cfg-path', '/tmp/tmpsgx64yvr', '--error-file', '/tmp/tmpt_mpl7ka']
[2021-08-07 14:19:25,559] {standard_task_runner.py:77} INFO - Job 42: Subtask create_standardized_table_parts
[2021-08-07 14:19:25,656] {logging_mixin.py:104} INFO - Running <TaskInstance: standardized_pipeline.create_standardized_table_parts 2021-08-07T14:19:23.904197+00:00 [running]> on host ab70d6dafbc6
[2021-08-07 14:19:25,798] {taskinstance.py:1302} INFO - Exporting the following env vars:
AIRFLOW_CTX_DAG_OWNER=***
AIRFLOW_CTX_DAG_ID=standardized_pipeline
AIRFLOW_CTX_TASK_ID=create_standardized_table_parts
AIRFLOW_CTX_EXECUTION_DATE=2021-08-07T14:19:23.904197+00:00
AIRFLOW_CTX_DAG_RUN_ID=manual__2021-08-07T14:19:23.904197+00:00
[2021-08-07 14:19:25,800] {mysql.py:70} INFO - Executing: CREATE TABLE IF NOT EXISTS standardized.PART (
  `PART_KEY` int NOT NULL,
  `PART_NAME` text NOT NULL,
  `PART_MFGR` text NOT NULL,
  `PART_BRAND` text NOT NULL,
  `PART_TYPE` text NOT NULL,
  `PART_SIZE` int NOT NULL,
  `PART_CONTAINER` text NOT NULL,
  `PART_RETAILPRICE` int NOT NULL,
  `PART_COMMENT` text NOT NULL,
  `INGESTION_TIMESTAMP` datetime DEFAULT CURRENT_TIMESTAMP
) ENGINE=InnoDB DEFAULT CHARSET=utf8mb4 COLLATE=utf8mb4_0900_ai_ci;
[2021-08-07 14:19:25,826] {base.py:78} INFO - Using connection to: id: dwh_id. Host: dwh, Port: 3306, Schema: , Login: root, Password: ***, extra: {}
[2021-08-07 14:19:25,846] {dbapi.py:204} INFO - Running statement: CREATE TABLE IF NOT EXISTS standardized.PART (
  `PART_KEY` int NOT NULL,
  `PART_NAME` text NOT NULL,
  `PART_MFGR` text NOT NULL,
  `PART_BRAND` text NOT NULL,
  `PART_TYPE` text NOT NULL,
  `PART_SIZE` int NOT NULL,
  `PART_CONTAINER` text NOT NULL,
  `PART_RETAILPRICE` int NOT NULL,
  `PART_COMMENT` text NOT NULL,
  `INGESTION_TIMESTAMP` datetime DEFAULT CURRENT_TIMESTAMP
) ENGINE=InnoDB DEFAULT CHARSET=utf8mb4 COLLATE=utf8mb4_0900_ai_ci;, parameters: None
[2021-08-07 14:19:25,851] {dbapi.py:212} INFO - Rows affected: 0
[2021-08-07 14:19:25,886] {taskinstance.py:1211} INFO - Marking task as SUCCESS. dag_id=standardized_pipeline, task_id=create_standardized_table_parts, execution_date=20210807T141923, start_date=20210807T141925, end_date=20210807T141925
[2021-08-07 14:19:25,960] {taskinstance.py:1265} INFO - 0 downstream tasks scheduled from follow-on schedule check
[2021-08-07 14:19:26,015] {local_task_job.py:149} INFO - Task exited with return code 0
