[2021-08-08 06:05:01,100] {taskinstance.py:896} INFO - Dependencies all met for <TaskInstance: standardized_pipeline.standardized_pipeline_start 2021-08-08T06:00:00+00:00 [queued]>
[2021-08-08 06:05:01,119] {taskinstance.py:896} INFO - Dependencies all met for <TaskInstance: standardized_pipeline.standardized_pipeline_start 2021-08-08T06:00:00+00:00 [queued]>
[2021-08-08 06:05:01,120] {taskinstance.py:1087} INFO - 
--------------------------------------------------------------------------------
[2021-08-08 06:05:01,121] {taskinstance.py:1088} INFO - Starting attempt 1 of 11
[2021-08-08 06:05:01,121] {taskinstance.py:1089} INFO - 
--------------------------------------------------------------------------------
[2021-08-08 06:05:01,128] {taskinstance.py:1107} INFO - Executing <Task(ExternalTaskSensor): standardized_pipeline_start> on 2021-08-08T06:00:00+00:00
[2021-08-08 06:05:01,136] {standard_task_runner.py:76} INFO - Running: ['***', 'tasks', 'run', 'standardized_pipeline', 'standardized_pipeline_start', '2021-08-08T06:00:00+00:00', '--job-id', '263', '--pool', 'default_pool', '--raw', '--subdir', 'DAGS_FOLDER/standardized_pipeline.py', '--cfg-path', '/tmp/tmpgfb1yxp7', '--error-file', '/tmp/tmp7o__0dpr']
[2021-08-08 06:05:01,132] {standard_task_runner.py:52} INFO - Started process 4184 to run task
[2021-08-08 06:05:01,137] {standard_task_runner.py:77} INFO - Job 263: Subtask standardized_pipeline_start
[2021-08-08 06:05:01,186] {logging_mixin.py:104} INFO - Running <TaskInstance: standardized_pipeline.standardized_pipeline_start 2021-08-08T06:00:00+00:00 [running]> on host b48e43d568d5
[2021-08-08 06:05:01,244] {taskinstance.py:1302} INFO - Exporting the following env vars:
AIRFLOW_CTX_DAG_EMAIL=wildangbudhi@gmail.com
AIRFLOW_CTX_DAG_OWNER=***
AIRFLOW_CTX_DAG_ID=standardized_pipeline
AIRFLOW_CTX_TASK_ID=standardized_pipeline_start
AIRFLOW_CTX_EXECUTION_DATE=2021-08-08T06:00:00+00:00
AIRFLOW_CTX_DAG_RUN_ID=scheduled__2021-08-08T06:00:00+00:00
[2021-08-08 06:05:01,246] {external_task.py:152} INFO - Poking for to_datalake_pipeline.to_datalake_pipeline_end on 2021-08-08T06:00:00+00:00 ... 
[2021-08-08 06:06:01,261] {external_task.py:152} INFO - Poking for to_datalake_pipeline.to_datalake_pipeline_end on 2021-08-08T06:00:00+00:00 ... 
[2021-08-08 06:06:01,271] {base.py:248} INFO - Success criteria met. Exiting.
[2021-08-08 06:06:01,280] {taskinstance.py:1211} INFO - Marking task as SUCCESS. dag_id=standardized_pipeline, task_id=standardized_pipeline_start, execution_date=20210808T060000, start_date=20210808T060501, end_date=20210808T060601
[2021-08-08 06:06:01,319] {taskinstance.py:1265} INFO - 8 downstream tasks scheduled from follow-on schedule check
[2021-08-08 06:06:01,342] {local_task_job.py:149} INFO - Task exited with return code 0
[2021-08-08 07:33:15,476] {taskinstance.py:896} INFO - Dependencies all met for <TaskInstance: standardized_pipeline.standardized_pipeline_start 2021-08-08T06:00:00+00:00 [queued]>
[2021-08-08 07:33:15,490] {taskinstance.py:896} INFO - Dependencies all met for <TaskInstance: standardized_pipeline.standardized_pipeline_start 2021-08-08T06:00:00+00:00 [queued]>
[2021-08-08 07:33:15,490] {taskinstance.py:1087} INFO - 
--------------------------------------------------------------------------------
[2021-08-08 07:33:15,491] {taskinstance.py:1088} INFO - Starting attempt 1 of 11
[2021-08-08 07:33:15,491] {taskinstance.py:1089} INFO - 
--------------------------------------------------------------------------------
[2021-08-08 07:33:15,498] {taskinstance.py:1107} INFO - Executing <Task(ExternalTaskSensor): standardized_pipeline_start> on 2021-08-08T06:00:00+00:00
[2021-08-08 07:33:15,505] {standard_task_runner.py:76} INFO - Running: ['***', 'tasks', 'run', 'standardized_pipeline', 'standardized_pipeline_start', '2021-08-08T06:00:00+00:00', '--job-id', '3', '--pool', 'default_pool', '--raw', '--subdir', 'DAGS_FOLDER/standardized_pipeline.py', '--cfg-path', '/tmp/tmpqxw7v97a', '--error-file', '/tmp/tmp6mo62zyf']
[2021-08-08 07:33:15,502] {standard_task_runner.py:52} INFO - Started process 329 to run task
[2021-08-08 07:33:15,507] {standard_task_runner.py:77} INFO - Job 3: Subtask standardized_pipeline_start
[2021-08-08 07:33:15,544] {logging_mixin.py:104} INFO - Running <TaskInstance: standardized_pipeline.standardized_pipeline_start 2021-08-08T06:00:00+00:00 [running]> on host d501b83ad3fd
[2021-08-08 07:33:15,585] {taskinstance.py:1302} INFO - Exporting the following env vars:
AIRFLOW_CTX_DAG_OWNER=***
AIRFLOW_CTX_DAG_ID=standardized_pipeline
AIRFLOW_CTX_TASK_ID=standardized_pipeline_start
AIRFLOW_CTX_EXECUTION_DATE=2021-08-08T06:00:00+00:00
AIRFLOW_CTX_DAG_RUN_ID=scheduled__2021-08-08T06:00:00+00:00
[2021-08-08 07:33:15,586] {external_task.py:152} INFO - Poking for to_datalake_pipeline.to_datalake_pipeline_end on 2021-08-08T06:00:00+00:00 ... 
[2021-08-08 07:33:15,592] {base.py:248} INFO - Success criteria met. Exiting.
[2021-08-08 07:33:15,599] {taskinstance.py:1211} INFO - Marking task as SUCCESS. dag_id=standardized_pipeline, task_id=standardized_pipeline_start, execution_date=20210808T060000, start_date=20210808T073315, end_date=20210808T073315
[2021-08-08 07:33:15,633] {taskinstance.py:1265} INFO - 8 downstream tasks scheduled from follow-on schedule check
[2021-08-08 07:33:15,681] {local_task_job.py:149} INFO - Task exited with return code 0
[2021-08-08 07:46:07,056] {taskinstance.py:896} INFO - Dependencies all met for <TaskInstance: standardized_pipeline.standardized_pipeline_start 2021-08-08T06:00:00+00:00 [queued]>
[2021-08-08 07:46:07,067] {taskinstance.py:896} INFO - Dependencies all met for <TaskInstance: standardized_pipeline.standardized_pipeline_start 2021-08-08T06:00:00+00:00 [queued]>
[2021-08-08 07:46:07,068] {taskinstance.py:1087} INFO - 
--------------------------------------------------------------------------------
[2021-08-08 07:46:07,068] {taskinstance.py:1088} INFO - Starting attempt 1 of 11
[2021-08-08 07:46:07,069] {taskinstance.py:1089} INFO - 
--------------------------------------------------------------------------------
[2021-08-08 07:46:07,081] {taskinstance.py:1107} INFO - Executing <Task(ExternalTaskSensor): standardized_pipeline_start> on 2021-08-08T06:00:00+00:00
[2021-08-08 07:46:07,087] {standard_task_runner.py:52} INFO - Started process 296 to run task
[2021-08-08 07:46:07,091] {standard_task_runner.py:76} INFO - Running: ['***', 'tasks', 'run', 'standardized_pipeline', 'standardized_pipeline_start', '2021-08-08T06:00:00+00:00', '--job-id', '2', '--pool', 'default_pool', '--raw', '--subdir', 'DAGS_FOLDER/standardized_pipeline.py', '--cfg-path', '/tmp/tmpkm80u19z', '--error-file', '/tmp/tmpwe2mvvyp']
[2021-08-08 07:46:07,092] {standard_task_runner.py:77} INFO - Job 2: Subtask standardized_pipeline_start
[2021-08-08 07:46:07,143] {logging_mixin.py:104} INFO - Running <TaskInstance: standardized_pipeline.standardized_pipeline_start 2021-08-08T06:00:00+00:00 [running]> on host 0540c8fa99d2
[2021-08-08 07:46:07,189] {taskinstance.py:1302} INFO - Exporting the following env vars:
AIRFLOW_CTX_DAG_OWNER=***
AIRFLOW_CTX_DAG_ID=standardized_pipeline
AIRFLOW_CTX_TASK_ID=standardized_pipeline_start
AIRFLOW_CTX_EXECUTION_DATE=2021-08-08T06:00:00+00:00
AIRFLOW_CTX_DAG_RUN_ID=scheduled__2021-08-08T06:00:00+00:00
[2021-08-08 07:46:07,190] {external_task.py:152} INFO - Poking for to_datalake_pipeline.to_datalake_pipeline_end on 2021-08-08T06:00:00+00:00 ... 
[2021-08-08 07:47:07,196] {external_task.py:152} INFO - Poking for to_datalake_pipeline.to_datalake_pipeline_end on 2021-08-08T06:00:00+00:00 ... 
[2021-08-08 07:47:07,220] {base.py:248} INFO - Success criteria met. Exiting.
[2021-08-08 07:47:07,255] {taskinstance.py:1211} INFO - Marking task as SUCCESS. dag_id=standardized_pipeline, task_id=standardized_pipeline_start, execution_date=20210808T060000, start_date=20210808T074607, end_date=20210808T074707
[2021-08-08 07:47:07,356] {taskinstance.py:1265} INFO - 8 downstream tasks scheduled from follow-on schedule check
[2021-08-08 07:47:07,398] {local_task_job.py:149} INFO - Task exited with return code 0
