[2021-08-08 03:35:01,794] {taskinstance.py:896} INFO - Dependencies all met for <TaskInstance: to_datalake_pipeline.extract_from_git 2021-08-08T03:30:00+00:00 [queued]>
[2021-08-08 03:35:01,820] {taskinstance.py:896} INFO - Dependencies all met for <TaskInstance: to_datalake_pipeline.extract_from_git 2021-08-08T03:30:00+00:00 [queued]>
[2021-08-08 03:35:01,821] {taskinstance.py:1087} INFO - 
--------------------------------------------------------------------------------
[2021-08-08 03:35:01,822] {taskinstance.py:1088} INFO - Starting attempt 1 of 11
[2021-08-08 03:35:01,824] {taskinstance.py:1089} INFO - 
--------------------------------------------------------------------------------
[2021-08-08 03:35:01,836] {taskinstance.py:1107} INFO - Executing <Task(PythonOperator): extract_from_git> on 2021-08-08T03:30:00+00:00
[2021-08-08 03:35:01,844] {standard_task_runner.py:52} INFO - Started process 233 to run task
[2021-08-08 03:35:01,851] {standard_task_runner.py:76} INFO - Running: ['***', 'tasks', 'run', 'to_datalake_pipeline', 'extract_from_git', '2021-08-08T03:30:00+00:00', '--job-id', '6', '--pool', 'default_pool', '--raw', '--subdir', 'DAGS_FOLDER/to_datalake_pipeline.py', '--cfg-path', '/tmp/tmpastf60bv', '--error-file', '/tmp/tmp6tm3is_r']
[2021-08-08 03:35:01,852] {standard_task_runner.py:77} INFO - Job 6: Subtask extract_from_git
[2021-08-08 03:35:01,934] {logging_mixin.py:104} INFO - Running <TaskInstance: to_datalake_pipeline.extract_from_git 2021-08-08T03:30:00+00:00 [running]> on host 048dd2156ea9
[2021-08-08 03:35:02,015] {taskinstance.py:1302} INFO - Exporting the following env vars:
AIRFLOW_CTX_DAG_EMAIL=wildangbudhi@gmail.com
AIRFLOW_CTX_DAG_OWNER=***
AIRFLOW_CTX_DAG_ID=to_datalake_pipeline
AIRFLOW_CTX_TASK_ID=extract_from_git
AIRFLOW_CTX_EXECUTION_DATE=2021-08-08T03:30:00+00:00
AIRFLOW_CTX_DAG_RUN_ID=scheduled__2021-08-08T03:30:00+00:00
[2021-08-08 03:35:02,017] {logging_mixin.py:104} INFO - Downloading data from -> https://raw.githubusercontent.com/rezaprimasatya/DTO-DE-JUN-MID/main/data.zip
[2021-08-08 03:35:02,662] {logging_mixin.py:104} INFO - Unzipping Data
[2021-08-08 03:35:02,796] {logging_mixin.py:104} INFO - Transform Data to Pandas Dataframe
[2021-08-08 03:35:03,191] {logging_mixin.py:104} INFO - Load data to datalake
[2021-08-08 03:35:03,269] {logging_mixin.py:104} INFO - Load table : REGION
[2021-08-08 03:35:03,342] {logging_mixin.py:104} INFO - Load table : NATION
[2021-08-08 03:35:03,368] {logging_mixin.py:104} INFO - Load table : PART
[2021-08-08 03:35:03,632] {logging_mixin.py:104} INFO - Load table : SUPPLIER
[2021-08-08 03:35:03,671] {logging_mixin.py:104} INFO - Load table : PARTSUPP
[2021-08-08 03:35:04,295] {logging_mixin.py:104} INFO - Load table : CUSTOMER
[2021-08-08 03:35:04,526] {logging_mixin.py:104} INFO - Load table : ORDERS
[2021-08-08 03:35:05,870] {logging_mixin.py:104} INFO - Load table : LINEITEM
[2021-08-08 03:35:13,978] {python.py:151} INFO - Done. Returned value was: None
[2021-08-08 03:35:13,993] {taskinstance.py:1211} INFO - Marking task as SUCCESS. dag_id=to_datalake_pipeline, task_id=extract_from_git, execution_date=20210808T033000, start_date=20210808T033501, end_date=20210808T033513
[2021-08-08 03:35:14,034] {taskinstance.py:1265} INFO - 1 downstream tasks scheduled from follow-on schedule check
[2021-08-08 03:35:14,097] {local_task_job.py:149} INFO - Task exited with return code 0
