[2021-08-08 05:22:03,300] {taskinstance.py:896} INFO - Dependencies all met for <TaskInstance: presentation_pipeline.presentation_dim_parts 2021-08-08T05:15:00+00:00 [queued]>
[2021-08-08 05:22:03,317] {taskinstance.py:896} INFO - Dependencies all met for <TaskInstance: presentation_pipeline.presentation_dim_parts 2021-08-08T05:15:00+00:00 [queued]>
[2021-08-08 05:22:03,318] {taskinstance.py:1087} INFO - 
--------------------------------------------------------------------------------
[2021-08-08 05:22:03,318] {taskinstance.py:1088} INFO - Starting attempt 1 of 1
[2021-08-08 05:22:03,319] {taskinstance.py:1089} INFO - 
--------------------------------------------------------------------------------
[2021-08-08 05:22:03,328] {taskinstance.py:1107} INFO - Executing <Task(MySqlOperator): presentation_dim_parts> on 2021-08-08T05:15:00+00:00
[2021-08-08 05:22:03,333] {standard_task_runner.py:52} INFO - Started process 1407 to run task
[2021-08-08 05:22:03,336] {standard_task_runner.py:76} INFO - Running: ['***', 'tasks', 'run', 'presentation_pipeline', 'presentation_dim_parts', '2021-08-08T05:15:00+00:00', '--job-id', '115', '--pool', 'default_pool', '--raw', '--subdir', 'DAGS_FOLDER/presentation_pipeline.py', '--cfg-path', '/tmp/tmp4agmlfmy', '--error-file', '/tmp/tmp1w7zj3en']
[2021-08-08 05:22:03,338] {standard_task_runner.py:77} INFO - Job 115: Subtask presentation_dim_parts
[2021-08-08 05:22:03,381] {logging_mixin.py:104} INFO - Running <TaskInstance: presentation_pipeline.presentation_dim_parts 2021-08-08T05:15:00+00:00 [running]> on host dbfb9e13da58
[2021-08-08 05:22:03,458] {taskinstance.py:1302} INFO - Exporting the following env vars:
AIRFLOW_CTX_DAG_OWNER=***
AIRFLOW_CTX_DAG_ID=presentation_pipeline
AIRFLOW_CTX_TASK_ID=presentation_dim_parts
AIRFLOW_CTX_EXECUTION_DATE=2021-08-08T05:15:00+00:00
AIRFLOW_CTX_DAG_RUN_ID=scheduled__2021-08-08T05:15:00+00:00
[2021-08-08 05:22:03,460] {mysql.py:70} INFO - Executing: INSERT IGNORE INTO presentation.parts
SELECT 
	DISTINCT 
	p.PART_KEY,
	p.PART_NAME,
	p.PART_SIZE_NUMBER,
	p.PART_CONTAINER_TYPE,
	p.PART_RETAIL_PRICE,
	NOW() AS INGESTION_TIMESTAMP
FROM 
	standardized.parts p
WHERE 
	p.INGESTION_TIMESTAMP >= DATE_SUB(NOW(), INTERVAL 5 MINUTE)
[2021-08-08 05:22:03,472] {base.py:78} INFO - Using connection to: id: dwh_id. Host: dwh, Port: 3306, Schema: , Login: root, Password: ***, extra: {}
[2021-08-08 05:22:03,485] {dbapi.py:204} INFO - Running statement: INSERT IGNORE INTO presentation.parts
SELECT 
	DISTINCT 
	p.PART_KEY,
	p.PART_NAME,
	p.PART_SIZE_NUMBER,
	p.PART_CONTAINER_TYPE,
	p.PART_RETAIL_PRICE,
	NOW() AS INGESTION_TIMESTAMP
FROM 
	standardized.parts p
WHERE 
	p.INGESTION_TIMESTAMP >= DATE_SUB(NOW(), INTERVAL 5 MINUTE), parameters: None
[2021-08-08 05:22:03,550] {dbapi.py:212} INFO - Rows affected: 1
[2021-08-08 05:22:03,574] {taskinstance.py:1211} INFO - Marking task as SUCCESS. dag_id=presentation_pipeline, task_id=presentation_dim_parts, execution_date=20210808T051500, start_date=20210808T052203, end_date=20210808T052203
[2021-08-08 05:22:03,663] {taskinstance.py:1265} INFO - 0 downstream tasks scheduled from follow-on schedule check
[2021-08-08 05:22:03,713] {local_task_job.py:149} INFO - Task exited with return code 0
[2021-08-08 05:27:14,574] {taskinstance.py:896} INFO - Dependencies all met for <TaskInstance: presentation_pipeline.presentation_dim_parts 2021-08-08T05:15:00+00:00 [queued]>
[2021-08-08 05:27:14,603] {taskinstance.py:896} INFO - Dependencies all met for <TaskInstance: presentation_pipeline.presentation_dim_parts 2021-08-08T05:15:00+00:00 [queued]>
[2021-08-08 05:27:14,604] {taskinstance.py:1087} INFO - 
--------------------------------------------------------------------------------
[2021-08-08 05:27:14,604] {taskinstance.py:1088} INFO - Starting attempt 1 of 1
[2021-08-08 05:27:14,605] {taskinstance.py:1089} INFO - 
--------------------------------------------------------------------------------
[2021-08-08 05:27:14,618] {taskinstance.py:1107} INFO - Executing <Task(MySqlOperator): presentation_dim_parts> on 2021-08-08T05:15:00+00:00
[2021-08-08 05:27:14,625] {standard_task_runner.py:52} INFO - Started process 455 to run task
[2021-08-08 05:27:14,635] {standard_task_runner.py:76} INFO - Running: ['***', 'tasks', 'run', 'presentation_pipeline', 'presentation_dim_parts', '2021-08-08T05:15:00+00:00', '--job-id', '53', '--pool', 'default_pool', '--raw', '--subdir', 'DAGS_FOLDER/presentation_pipeline.py', '--cfg-path', '/tmp/tmphepqz1_k', '--error-file', '/tmp/tmpvt36kdf5']
[2021-08-08 05:27:14,639] {standard_task_runner.py:77} INFO - Job 53: Subtask presentation_dim_parts
[2021-08-08 05:27:14,729] {logging_mixin.py:104} INFO - Running <TaskInstance: presentation_pipeline.presentation_dim_parts 2021-08-08T05:15:00+00:00 [running]> on host b48e43d568d5
[2021-08-08 05:27:14,856] {taskinstance.py:1302} INFO - Exporting the following env vars:
AIRFLOW_CTX_DAG_OWNER=***
AIRFLOW_CTX_DAG_ID=presentation_pipeline
AIRFLOW_CTX_TASK_ID=presentation_dim_parts
AIRFLOW_CTX_EXECUTION_DATE=2021-08-08T05:15:00+00:00
AIRFLOW_CTX_DAG_RUN_ID=scheduled__2021-08-08T05:15:00+00:00
[2021-08-08 05:27:14,858] {mysql.py:70} INFO - Executing: INSERT IGNORE INTO presentation.parts
SELECT 
	DISTINCT 
	p.PART_KEY,
	p.PART_NAME,
	p.PART_SIZE_NUMBER,
	p.PART_CONTAINER_TYPE,
	p.PART_RETAIL_PRICE,
	NOW() AS INGESTION_TIMESTAMP
FROM 
	standardized.parts p
WHERE 
	p.INGESTION_TIMESTAMP >= DATE_SUB(NOW(), INTERVAL 5 MINUTE)
[2021-08-08 05:27:14,889] {base.py:78} INFO - Using connection to: id: dwh_id. Host: dwh, Port: 3306, Schema: , Login: root, Password: ***, extra: {}
[2021-08-08 05:27:14,911] {dbapi.py:204} INFO - Running statement: INSERT IGNORE INTO presentation.parts
SELECT 
	DISTINCT 
	p.PART_KEY,
	p.PART_NAME,
	p.PART_SIZE_NUMBER,
	p.PART_CONTAINER_TYPE,
	p.PART_RETAIL_PRICE,
	NOW() AS INGESTION_TIMESTAMP
FROM 
	standardized.parts p
WHERE 
	p.INGESTION_TIMESTAMP >= DATE_SUB(NOW(), INTERVAL 5 MINUTE), parameters: None
[2021-08-08 05:27:14,964] {dbapi.py:212} INFO - Rows affected: 0
[2021-08-08 05:27:14,986] {taskinstance.py:1211} INFO - Marking task as SUCCESS. dag_id=presentation_pipeline, task_id=presentation_dim_parts, execution_date=20210808T051500, start_date=20210808T052714, end_date=20210808T052714
[2021-08-08 05:27:15,036] {taskinstance.py:1265} INFO - 0 downstream tasks scheduled from follow-on schedule check
[2021-08-08 05:27:15,059] {local_task_job.py:149} INFO - Task exited with return code 0
