[2021-08-08 05:25:11,888] {taskinstance.py:896} INFO - Dependencies all met for <TaskInstance: to_datalake_pipeline.extract_from_git 2021-08-08T05:20:00+00:00 [queued]>
[2021-08-08 05:25:11,905] {taskinstance.py:896} INFO - Dependencies all met for <TaskInstance: to_datalake_pipeline.extract_from_git 2021-08-08T05:20:00+00:00 [queued]>
[2021-08-08 05:25:11,906] {taskinstance.py:1087} INFO - 
--------------------------------------------------------------------------------
[2021-08-08 05:25:11,907] {taskinstance.py:1088} INFO - Starting attempt 1 of 11
[2021-08-08 05:25:11,908] {taskinstance.py:1089} INFO - 
--------------------------------------------------------------------------------
[2021-08-08 05:25:11,917] {taskinstance.py:1107} INFO - Executing <Task(PythonOperator): extract_from_git> on 2021-08-08T05:20:00+00:00
[2021-08-08 05:25:11,926] {standard_task_runner.py:52} INFO - Started process 183 to run task
[2021-08-08 05:25:11,931] {standard_task_runner.py:76} INFO - Running: ['***', 'tasks', 'run', 'to_datalake_pipeline', 'extract_from_git', '2021-08-08T05:20:00+00:00', '--job-id', '6', '--pool', 'default_pool', '--raw', '--subdir', 'DAGS_FOLDER/to_datalake_pipeline.py', '--cfg-path', '/tmp/tmpr6t2dcib', '--error-file', '/tmp/tmpmjqq6aqk']
[2021-08-08 05:25:11,932] {standard_task_runner.py:77} INFO - Job 6: Subtask extract_from_git
[2021-08-08 05:25:12,015] {logging_mixin.py:104} INFO - Running <TaskInstance: to_datalake_pipeline.extract_from_git 2021-08-08T05:20:00+00:00 [running]> on host b48e43d568d5
[2021-08-08 05:25:12,081] {taskinstance.py:1302} INFO - Exporting the following env vars:
AIRFLOW_CTX_DAG_EMAIL=wildangbudhi@gmail.com
AIRFLOW_CTX_DAG_OWNER=***
AIRFLOW_CTX_DAG_ID=to_datalake_pipeline
AIRFLOW_CTX_TASK_ID=extract_from_git
AIRFLOW_CTX_EXECUTION_DATE=2021-08-08T05:20:00+00:00
AIRFLOW_CTX_DAG_RUN_ID=scheduled__2021-08-08T05:20:00+00:00
[2021-08-08 05:25:12,084] {logging_mixin.py:104} INFO - Downloading data from -> https://raw.githubusercontent.com/rezaprimasatya/DTO-DE-JUN-MID/main/data.zip
[2021-08-08 05:25:12,924] {logging_mixin.py:104} INFO - Unzipping Data
[2021-08-08 05:25:13,009] {logging_mixin.py:104} INFO - Transform Data to Pandas Dataframe
[2021-08-08 05:25:13,253] {logging_mixin.py:104} INFO - Load data to datalake
[2021-08-08 05:25:13,332] {logging_mixin.py:104} INFO - Load table : REGION
[2021-08-08 05:25:13,390] {logging_mixin.py:104} INFO - Load table : NATION
[2021-08-08 05:25:13,408] {logging_mixin.py:104} INFO - Load table : PART
[2021-08-08 05:25:13,543] {logging_mixin.py:104} INFO - Load table : SUPPLIER
[2021-08-08 05:25:13,564] {logging_mixin.py:104} INFO - Load table : PARTSUPP
[2021-08-08 05:25:14,011] {logging_mixin.py:104} INFO - Load table : CUSTOMER
[2021-08-08 05:25:14,122] {logging_mixin.py:104} INFO - Load table : ORDERS
[2021-08-08 05:25:14,926] {logging_mixin.py:104} INFO - Load table : LINEITEM
[2021-08-08 05:25:20,276] {python.py:151} INFO - Done. Returned value was: None
[2021-08-08 05:25:20,297] {taskinstance.py:1211} INFO - Marking task as SUCCESS. dag_id=to_datalake_pipeline, task_id=extract_from_git, execution_date=20210808T052000, start_date=20210808T052511, end_date=20210808T052520
[2021-08-08 05:25:20,388] {taskinstance.py:1265} INFO - 1 downstream tasks scheduled from follow-on schedule check
[2021-08-08 05:25:20,436] {local_task_job.py:149} INFO - Task exited with return code 0
