[2021-08-08 05:52:03,071] {taskinstance.py:896} INFO - Dependencies all met for <TaskInstance: presentation_pipeline.presentation_dim_suppliers 2021-08-08T05:45:00+00:00 [queued]>
[2021-08-08 05:52:03,089] {taskinstance.py:896} INFO - Dependencies all met for <TaskInstance: presentation_pipeline.presentation_dim_suppliers 2021-08-08T05:45:00+00:00 [queued]>
[2021-08-08 05:52:03,089] {taskinstance.py:1087} INFO - 
--------------------------------------------------------------------------------
[2021-08-08 05:52:03,090] {taskinstance.py:1088} INFO - Starting attempt 1 of 1
[2021-08-08 05:52:03,091] {taskinstance.py:1089} INFO - 
--------------------------------------------------------------------------------
[2021-08-08 05:52:03,098] {taskinstance.py:1107} INFO - Executing <Task(MySqlOperator): presentation_dim_suppliers> on 2021-08-08T05:45:00+00:00
[2021-08-08 05:52:03,108] {standard_task_runner.py:76} INFO - Running: ['***', 'tasks', 'run', 'presentation_pipeline', 'presentation_dim_suppliers', '2021-08-08T05:45:00+00:00', '--job-id', '204', '--pool', 'default_pool', '--raw', '--subdir', 'DAGS_FOLDER/presentation_pipeline.py', '--cfg-path', '/tmp/tmpuqduoyvj', '--error-file', '/tmp/tmpoa84sb06']
[2021-08-08 05:52:03,104] {standard_task_runner.py:52} INFO - Started process 2919 to run task
[2021-08-08 05:52:03,109] {standard_task_runner.py:77} INFO - Job 204: Subtask presentation_dim_suppliers
[2021-08-08 05:52:03,152] {logging_mixin.py:104} INFO - Running <TaskInstance: presentation_pipeline.presentation_dim_suppliers 2021-08-08T05:45:00+00:00 [running]> on host b48e43d568d5
[2021-08-08 05:52:03,205] {taskinstance.py:1302} INFO - Exporting the following env vars:
AIRFLOW_CTX_DAG_OWNER=***
AIRFLOW_CTX_DAG_ID=presentation_pipeline
AIRFLOW_CTX_TASK_ID=presentation_dim_suppliers
AIRFLOW_CTX_EXECUTION_DATE=2021-08-08T05:45:00+00:00
AIRFLOW_CTX_DAG_RUN_ID=scheduled__2021-08-08T05:45:00+00:00
[2021-08-08 05:52:03,206] {mysql.py:70} INFO - Executing: INSERT IGNORE INTO presentation.suppliers
SELECT
	DISTINCT 
	s.SUPPLIER_KEY,
	s.SUPPLIER_ACCOUNT_BALANCE_TOTAL ,
	n.NATION_NAME,
	NOW() AS INGESTION_TIMESTAMP
FROM 
	standardized.suppliers s
LEFT JOIN 
	standardized.nations n 
	ON s.NATION_KEY = n.NATION_KEY 
WHERE 
	s.INGESTION_TIMESTAMP >= DATE_SUB(NOW(), INTERVAL 5 MINUTE)
[2021-08-08 05:52:03,215] {base.py:78} INFO - Using connection to: id: dwh_id. Host: dwh, Port: 3306, Schema: , Login: root, Password: ***, extra: {}
[2021-08-08 05:52:03,236] {dbapi.py:204} INFO - Running statement: INSERT IGNORE INTO presentation.suppliers
SELECT
	DISTINCT 
	s.SUPPLIER_KEY,
	s.SUPPLIER_ACCOUNT_BALANCE_TOTAL ,
	n.NATION_NAME,
	NOW() AS INGESTION_TIMESTAMP
FROM 
	standardized.suppliers s
LEFT JOIN 
	standardized.nations n 
	ON s.NATION_KEY = n.NATION_KEY 
WHERE 
	s.INGESTION_TIMESTAMP >= DATE_SUB(NOW(), INTERVAL 5 MINUTE), parameters: None
[2021-08-08 05:52:03,245] {dbapi.py:212} INFO - Rows affected: 0
[2021-08-08 05:52:03,258] {taskinstance.py:1211} INFO - Marking task as SUCCESS. dag_id=presentation_pipeline, task_id=presentation_dim_suppliers, execution_date=20210808T054500, start_date=20210808T055203, end_date=20210808T055203
[2021-08-08 05:52:03,283] {taskinstance.py:1265} INFO - 0 downstream tasks scheduled from follow-on schedule check
[2021-08-08 05:52:03,325] {local_task_job.py:149} INFO - Task exited with return code 0
