[2021-08-08 05:32:03,265] {taskinstance.py:896} INFO - Dependencies all met for <TaskInstance: presentation_pipeline.presentation_dim_parts 2021-08-08T05:25:00+00:00 [queued]>
[2021-08-08 05:32:03,282] {taskinstance.py:896} INFO - Dependencies all met for <TaskInstance: presentation_pipeline.presentation_dim_parts 2021-08-08T05:25:00+00:00 [queued]>
[2021-08-08 05:32:03,283] {taskinstance.py:1087} INFO - 
--------------------------------------------------------------------------------
[2021-08-08 05:32:03,283] {taskinstance.py:1088} INFO - Starting attempt 1 of 1
[2021-08-08 05:32:03,283] {taskinstance.py:1089} INFO - 
--------------------------------------------------------------------------------
[2021-08-08 05:32:03,291] {taskinstance.py:1107} INFO - Executing <Task(MySqlOperator): presentation_dim_parts> on 2021-08-08T05:25:00+00:00
[2021-08-08 05:32:03,300] {standard_task_runner.py:76} INFO - Running: ['***', 'tasks', 'run', 'presentation_pipeline', 'presentation_dim_parts', '2021-08-08T05:25:00+00:00', '--job-id', '86', '--pool', 'default_pool', '--raw', '--subdir', 'DAGS_FOLDER/presentation_pipeline.py', '--cfg-path', '/tmp/tmpn6aqugoz', '--error-file', '/tmp/tmpxko045iv']
[2021-08-08 05:32:03,301] {standard_task_runner.py:77} INFO - Job 86: Subtask presentation_dim_parts
[2021-08-08 05:32:03,296] {standard_task_runner.py:52} INFO - Started process 935 to run task
[2021-08-08 05:32:03,351] {logging_mixin.py:104} INFO - Running <TaskInstance: presentation_pipeline.presentation_dim_parts 2021-08-08T05:25:00+00:00 [running]> on host b48e43d568d5
[2021-08-08 05:32:03,415] {taskinstance.py:1302} INFO - Exporting the following env vars:
AIRFLOW_CTX_DAG_OWNER=***
AIRFLOW_CTX_DAG_ID=presentation_pipeline
AIRFLOW_CTX_TASK_ID=presentation_dim_parts
AIRFLOW_CTX_EXECUTION_DATE=2021-08-08T05:25:00+00:00
AIRFLOW_CTX_DAG_RUN_ID=scheduled__2021-08-08T05:25:00+00:00
[2021-08-08 05:32:03,416] {mysql.py:70} INFO - Executing: INSERT IGNORE INTO presentation.parts
SELECT 
	DISTINCT 
	p.PART_KEY,
	p.PART_NAME,
	p.PART_SIZE_NUMBER,
	p.PART_CONTAINER_TYPE,
	p.PART_RETAIL_PRICE,
	NOW() AS INGESTION_TIMESTAMP
FROM 
	standardized.parts p
WHERE 
	p.INGESTION_TIMESTAMP >= DATE_SUB(NOW(), INTERVAL 5 MINUTE)
[2021-08-08 05:32:03,429] {base.py:78} INFO - Using connection to: id: dwh_id. Host: dwh, Port: 3306, Schema: , Login: root, Password: ***, extra: {}
[2021-08-08 05:32:03,439] {dbapi.py:204} INFO - Running statement: INSERT IGNORE INTO presentation.parts
SELECT 
	DISTINCT 
	p.PART_KEY,
	p.PART_NAME,
	p.PART_SIZE_NUMBER,
	p.PART_CONTAINER_TYPE,
	p.PART_RETAIL_PRICE,
	NOW() AS INGESTION_TIMESTAMP
FROM 
	standardized.parts p
WHERE 
	p.INGESTION_TIMESTAMP >= DATE_SUB(NOW(), INTERVAL 5 MINUTE), parameters: None
[2021-08-08 05:32:03,462] {dbapi.py:212} INFO - Rows affected: 0
[2021-08-08 05:32:03,475] {taskinstance.py:1211} INFO - Marking task as SUCCESS. dag_id=presentation_pipeline, task_id=presentation_dim_parts, execution_date=20210808T052500, start_date=20210808T053203, end_date=20210808T053203
[2021-08-08 05:32:03,502] {taskinstance.py:1265} INFO - 0 downstream tasks scheduled from follow-on schedule check
[2021-08-08 05:32:03,518] {local_task_job.py:149} INFO - Task exited with return code 0
[2021-08-08 07:23:10,303] {taskinstance.py:896} INFO - Dependencies all met for <TaskInstance: presentation_pipeline.presentation_dim_parts 2021-08-08T05:25:00+00:00 [queued]>
[2021-08-08 07:23:10,337] {taskinstance.py:896} INFO - Dependencies all met for <TaskInstance: presentation_pipeline.presentation_dim_parts 2021-08-08T05:25:00+00:00 [queued]>
[2021-08-08 07:23:10,339] {taskinstance.py:1087} INFO - 
--------------------------------------------------------------------------------
[2021-08-08 07:23:10,340] {taskinstance.py:1088} INFO - Starting attempt 1 of 1
[2021-08-08 07:23:10,341] {taskinstance.py:1089} INFO - 
--------------------------------------------------------------------------------
[2021-08-08 07:23:10,354] {taskinstance.py:1107} INFO - Executing <Task(MySqlOperator): presentation_dim_parts> on 2021-08-08T05:25:00+00:00
[2021-08-08 07:23:10,362] {standard_task_runner.py:52} INFO - Started process 399 to run task
[2021-08-08 07:23:10,377] {standard_task_runner.py:76} INFO - Running: ['***', 'tasks', 'run', 'presentation_pipeline', 'presentation_dim_parts', '2021-08-08T05:25:00+00:00', '--job-id', '27', '--pool', 'default_pool', '--raw', '--subdir', 'DAGS_FOLDER/presentation_pipeline.py', '--cfg-path', '/tmp/tmp3o94e94q', '--error-file', '/tmp/tmpjulukpbg']
[2021-08-08 07:23:10,378] {standard_task_runner.py:77} INFO - Job 27: Subtask presentation_dim_parts
[2021-08-08 07:23:10,452] {logging_mixin.py:104} INFO - Running <TaskInstance: presentation_pipeline.presentation_dim_parts 2021-08-08T05:25:00+00:00 [running]> on host af246ab3df74
[2021-08-08 07:23:10,575] {taskinstance.py:1302} INFO - Exporting the following env vars:
AIRFLOW_CTX_DAG_OWNER=***
AIRFLOW_CTX_DAG_ID=presentation_pipeline
AIRFLOW_CTX_TASK_ID=presentation_dim_parts
AIRFLOW_CTX_EXECUTION_DATE=2021-08-08T05:25:00+00:00
AIRFLOW_CTX_DAG_RUN_ID=scheduled__2021-08-08T05:25:00+00:00
[2021-08-08 07:23:10,577] {mysql.py:70} INFO - Executing: INSERT IGNORE INTO presentation.parts
SELECT 
	DISTINCT 
	p.PART_KEY,
	p.PART_NAME,
	p.PART_SIZE_NUMBER,
	p.PART_CONTAINER_TYPE,
	p.PART_RETAIL_PRICE,
	NOW() AS INGESTION_TIMESTAMP
FROM 
	standardized.parts p
WHERE 
	p.INGESTION_TIMESTAMP >= DATE_SUB(NOW(), INTERVAL 1 HOUR)
[2021-08-08 07:23:10,597] {base.py:78} INFO - Using connection to: id: dwh_id. Host: dwh, Port: 3306, Schema: , Login: root, Password: ***, extra: {}
[2021-08-08 07:23:10,614] {dbapi.py:204} INFO - Running statement: INSERT IGNORE INTO presentation.parts
SELECT 
	DISTINCT 
	p.PART_KEY,
	p.PART_NAME,
	p.PART_SIZE_NUMBER,
	p.PART_CONTAINER_TYPE,
	p.PART_RETAIL_PRICE,
	NOW() AS INGESTION_TIMESTAMP
FROM 
	standardized.parts p
WHERE 
	p.INGESTION_TIMESTAMP >= DATE_SUB(NOW(), INTERVAL 1 HOUR), parameters: None
[2021-08-08 07:23:10,663] {dbapi.py:212} INFO - Rows affected: 0
[2021-08-08 07:23:10,687] {taskinstance.py:1211} INFO - Marking task as SUCCESS. dag_id=presentation_pipeline, task_id=presentation_dim_parts, execution_date=20210808T052500, start_date=20210808T072310, end_date=20210808T072310
[2021-08-08 07:23:10,726] {taskinstance.py:1265} INFO - 0 downstream tasks scheduled from follow-on schedule check
[2021-08-08 07:23:10,748] {local_task_job.py:149} INFO - Task exited with return code 0
