[2021-08-08 05:30:01,188] {taskinstance.py:896} INFO - Dependencies all met for <TaskInstance: standardized_pipeline.standardized_pipeline_start 2021-08-08T05:25:00+00:00 [queued]>
[2021-08-08 05:30:01,210] {taskinstance.py:896} INFO - Dependencies all met for <TaskInstance: standardized_pipeline.standardized_pipeline_start 2021-08-08T05:25:00+00:00 [queued]>
[2021-08-08 05:30:01,211] {taskinstance.py:1087} INFO - 
--------------------------------------------------------------------------------
[2021-08-08 05:30:01,212] {taskinstance.py:1088} INFO - Starting attempt 1 of 11
[2021-08-08 05:30:01,213] {taskinstance.py:1089} INFO - 
--------------------------------------------------------------------------------
[2021-08-08 05:30:01,222] {taskinstance.py:1107} INFO - Executing <Task(ExternalTaskSensor): standardized_pipeline_start> on 2021-08-08T05:25:00+00:00
[2021-08-08 05:30:01,227] {standard_task_runner.py:52} INFO - Started process 711 to run task
[2021-08-08 05:30:01,233] {standard_task_runner.py:76} INFO - Running: ['***', 'tasks', 'run', 'standardized_pipeline', 'standardized_pipeline_start', '2021-08-08T05:25:00+00:00', '--job-id', '60', '--pool', 'default_pool', '--raw', '--subdir', 'DAGS_FOLDER/standardized_pipeline.py', '--cfg-path', '/tmp/tmpqiay3yy3', '--error-file', '/tmp/tmp27kd0h8r']
[2021-08-08 05:30:01,234] {standard_task_runner.py:77} INFO - Job 60: Subtask standardized_pipeline_start
[2021-08-08 05:30:01,295] {logging_mixin.py:104} INFO - Running <TaskInstance: standardized_pipeline.standardized_pipeline_start 2021-08-08T05:25:00+00:00 [running]> on host b48e43d568d5
[2021-08-08 05:30:01,359] {taskinstance.py:1302} INFO - Exporting the following env vars:
AIRFLOW_CTX_DAG_EMAIL=wildangbudhi@gmail.com
AIRFLOW_CTX_DAG_OWNER=***
AIRFLOW_CTX_DAG_ID=standardized_pipeline
AIRFLOW_CTX_TASK_ID=standardized_pipeline_start
AIRFLOW_CTX_EXECUTION_DATE=2021-08-08T05:25:00+00:00
AIRFLOW_CTX_DAG_RUN_ID=scheduled__2021-08-08T05:25:00+00:00
[2021-08-08 05:30:01,360] {external_task.py:152} INFO - Poking for to_datalake_pipeline.to_datalake_pipeline_end on 2021-08-08T05:25:00+00:00 ... 
[2021-08-08 05:31:01,353] {external_task.py:152} INFO - Poking for to_datalake_pipeline.to_datalake_pipeline_end on 2021-08-08T05:25:00+00:00 ... 
[2021-08-08 05:31:01,363] {base.py:248} INFO - Success criteria met. Exiting.
[2021-08-08 05:31:01,372] {taskinstance.py:1211} INFO - Marking task as SUCCESS. dag_id=standardized_pipeline, task_id=standardized_pipeline_start, execution_date=20210808T052500, start_date=20210808T053001, end_date=20210808T053101
[2021-08-08 05:31:01,412] {taskinstance.py:1265} INFO - 8 downstream tasks scheduled from follow-on schedule check
[2021-08-08 05:31:01,433] {local_task_job.py:149} INFO - Task exited with return code 0
[2021-08-08 07:22:04,614] {taskinstance.py:896} INFO - Dependencies all met for <TaskInstance: standardized_pipeline.standardized_pipeline_start 2021-08-08T05:25:00+00:00 [queued]>
[2021-08-08 07:22:04,627] {taskinstance.py:896} INFO - Dependencies all met for <TaskInstance: standardized_pipeline.standardized_pipeline_start 2021-08-08T05:25:00+00:00 [queued]>
[2021-08-08 07:22:04,628] {taskinstance.py:1087} INFO - 
--------------------------------------------------------------------------------
[2021-08-08 07:22:04,628] {taskinstance.py:1088} INFO - Starting attempt 1 of 11
[2021-08-08 07:22:04,629] {taskinstance.py:1089} INFO - 
--------------------------------------------------------------------------------
[2021-08-08 07:22:04,635] {taskinstance.py:1107} INFO - Executing <Task(ExternalTaskSensor): standardized_pipeline_start> on 2021-08-08T05:25:00+00:00
[2021-08-08 07:22:04,643] {standard_task_runner.py:76} INFO - Running: ['***', 'tasks', 'run', 'standardized_pipeline', 'standardized_pipeline_start', '2021-08-08T05:25:00+00:00', '--job-id', '3', '--pool', 'default_pool', '--raw', '--subdir', 'DAGS_FOLDER/standardized_pipeline.py', '--cfg-path', '/tmp/tmppske0b61', '--error-file', '/tmp/tmpmzhcvvuw']
[2021-08-08 07:22:04,639] {standard_task_runner.py:52} INFO - Started process 263 to run task
[2021-08-08 07:22:04,644] {standard_task_runner.py:77} INFO - Job 3: Subtask standardized_pipeline_start
[2021-08-08 07:22:04,683] {logging_mixin.py:104} INFO - Running <TaskInstance: standardized_pipeline.standardized_pipeline_start 2021-08-08T05:25:00+00:00 [running]> on host af246ab3df74
[2021-08-08 07:22:04,725] {taskinstance.py:1302} INFO - Exporting the following env vars:
AIRFLOW_CTX_DAG_OWNER=***
AIRFLOW_CTX_DAG_ID=standardized_pipeline
AIRFLOW_CTX_TASK_ID=standardized_pipeline_start
AIRFLOW_CTX_EXECUTION_DATE=2021-08-08T05:25:00+00:00
AIRFLOW_CTX_DAG_RUN_ID=scheduled__2021-08-08T05:25:00+00:00
[2021-08-08 07:22:04,726] {external_task.py:152} INFO - Poking for to_datalake_pipeline.to_datalake_pipeline_end on 2021-08-08T05:25:00+00:00 ... 
[2021-08-08 07:22:04,733] {base.py:248} INFO - Success criteria met. Exiting.
[2021-08-08 07:22:04,740] {taskinstance.py:1211} INFO - Marking task as SUCCESS. dag_id=standardized_pipeline, task_id=standardized_pipeline_start, execution_date=20210808T052500, start_date=20210808T072204, end_date=20210808T072204
[2021-08-08 07:22:04,776] {taskinstance.py:1265} INFO - 8 downstream tasks scheduled from follow-on schedule check
[2021-08-08 07:22:04,819] {local_task_job.py:149} INFO - Task exited with return code 0
