[2021-08-08 02:45:01,275] {taskinstance.py:896} INFO - Dependencies all met for <TaskInstance: standardized_pipeline.create_standardized_table_regions 2021-08-08T02:40:00+00:00 [queued]>
[2021-08-08 02:45:01,325] {taskinstance.py:896} INFO - Dependencies all met for <TaskInstance: standardized_pipeline.create_standardized_table_regions 2021-08-08T02:40:00+00:00 [queued]>
[2021-08-08 02:45:01,328] {taskinstance.py:1087} INFO - 
--------------------------------------------------------------------------------
[2021-08-08 02:45:01,329] {taskinstance.py:1088} INFO - Starting attempt 1 of 1
[2021-08-08 02:45:01,330] {taskinstance.py:1089} INFO - 
--------------------------------------------------------------------------------
[2021-08-08 02:45:01,372] {taskinstance.py:1107} INFO - Executing <Task(MySqlOperator): create_standardized_table_regions> on 2021-08-08T02:40:00+00:00
[2021-08-08 02:45:01,381] {standard_task_runner.py:52} INFO - Started process 776 to run task
[2021-08-08 02:45:01,414] {standard_task_runner.py:76} INFO - Running: ['***', 'tasks', 'run', 'standardized_pipeline', 'create_standardized_table_regions', '2021-08-08T02:40:00+00:00', '--job-id', '58', '--pool', 'default_pool', '--raw', '--subdir', 'DAGS_FOLDER/standardized_pipeline.py', '--cfg-path', '/tmp/tmpvlr5fqsg', '--error-file', '/tmp/tmpmb23yjye']
[2021-08-08 02:45:01,416] {standard_task_runner.py:77} INFO - Job 58: Subtask create_standardized_table_regions
[2021-08-08 02:45:01,579] {logging_mixin.py:104} INFO - Running <TaskInstance: standardized_pipeline.create_standardized_table_regions 2021-08-08T02:40:00+00:00 [running]> on host 3c97923eccf9
[2021-08-08 02:45:01,779] {taskinstance.py:1302} INFO - Exporting the following env vars:
AIRFLOW_CTX_DAG_OWNER=***
AIRFLOW_CTX_DAG_ID=standardized_pipeline
AIRFLOW_CTX_TASK_ID=create_standardized_table_regions
AIRFLOW_CTX_EXECUTION_DATE=2021-08-08T02:40:00+00:00
AIRFLOW_CTX_DAG_RUN_ID=scheduled__2021-08-08T02:40:00+00:00
[2021-08-08 02:45:01,781] {mysql.py:70} INFO - Executing: CREATE TABLE IF NOT EXISTS standardized.regions (INGESTION_TIMESTAMP TIMESTAMP NOT NULL DEFAULT CURRENT_TIMESTAMP) AS
WITH data_last_5_minutes AS (
	SELECT
		DISTINCT 
		CAST(R_REGIONKEY AS SIGNED) AS REGION_KEY,
		R_NAME AS REGION_NAME,
		R_COMMENT AS REGION_COMMENT,
		NOW() AS INGESTION_TIMESTAMP
	FROM
		datalake.REGION r
	WHERE 
		r.INGESTION_TIMESTAMP >= DATE_SUB(NOW(), INTERVAL 5 MINUTE)
)

SELECT 
	* 
FROM 
	data_last_5_minutes
[2021-08-08 02:45:01,815] {base.py:78} INFO - Using connection to: id: dwh_id. Host: dwh, Port: 3306, Schema: , Login: root, Password: ***, extra: {}
[2021-08-08 02:45:01,851] {dbapi.py:204} INFO - Running statement: CREATE TABLE IF NOT EXISTS standardized.regions (INGESTION_TIMESTAMP TIMESTAMP NOT NULL DEFAULT CURRENT_TIMESTAMP) AS
WITH data_last_5_minutes AS (
	SELECT
		DISTINCT 
		CAST(R_REGIONKEY AS SIGNED) AS REGION_KEY,
		R_NAME AS REGION_NAME,
		R_COMMENT AS REGION_COMMENT,
		NOW() AS INGESTION_TIMESTAMP
	FROM
		datalake.REGION r
	WHERE 
		r.INGESTION_TIMESTAMP >= DATE_SUB(NOW(), INTERVAL 5 MINUTE)
)

SELECT 
	* 
FROM 
	data_last_5_minutes, parameters: None
[2021-08-08 02:45:01,854] {dbapi.py:212} INFO - Rows affected: 0
[2021-08-08 02:45:01,901] {taskinstance.py:1211} INFO - Marking task as SUCCESS. dag_id=standardized_pipeline, task_id=create_standardized_table_regions, execution_date=20210808T024000, start_date=20210808T024501, end_date=20210808T024501
[2021-08-08 02:45:01,993] {taskinstance.py:1265} INFO - 1 downstream tasks scheduled from follow-on schedule check
[2021-08-08 02:45:02,020] {local_task_job.py:149} INFO - Task exited with return code 0
