[2021-08-08 09:00:00,699] {taskinstance.py:896} INFO - Dependencies all met for <TaskInstance: standardized_pipeline.standardized_pipeline_start 2021-08-08T08:00:00+00:00 [queued]>
[2021-08-08 09:00:00,708] {taskinstance.py:896} INFO - Dependencies all met for <TaskInstance: standardized_pipeline.standardized_pipeline_start 2021-08-08T08:00:00+00:00 [queued]>
[2021-08-08 09:00:00,708] {taskinstance.py:1087} INFO - 
--------------------------------------------------------------------------------
[2021-08-08 09:00:00,709] {taskinstance.py:1088} INFO - Starting attempt 1 of 11
[2021-08-08 09:00:00,710] {taskinstance.py:1089} INFO - 
--------------------------------------------------------------------------------
[2021-08-08 09:00:00,721] {taskinstance.py:1107} INFO - Executing <Task(ExternalTaskSensor): standardized_pipeline_start> on 2021-08-08T08:00:00+00:00
[2021-08-08 09:00:00,729] {standard_task_runner.py:76} INFO - Running: ['***', 'tasks', 'run', 'standardized_pipeline', 'standardized_pipeline_start', '2021-08-08T08:00:00+00:00', '--job-id', '34', '--pool', 'default_pool', '--raw', '--subdir', 'DAGS_FOLDER/standardized_pipeline.py', '--cfg-path', '/tmp/tmp7edatg67', '--error-file', '/tmp/tmpxb1ta91h']
[2021-08-08 09:00:00,725] {standard_task_runner.py:52} INFO - Started process 1105 to run task
[2021-08-08 09:00:00,730] {standard_task_runner.py:77} INFO - Job 34: Subtask standardized_pipeline_start
[2021-08-08 09:00:00,775] {logging_mixin.py:104} INFO - Running <TaskInstance: standardized_pipeline.standardized_pipeline_start 2021-08-08T08:00:00+00:00 [running]> on host 99eefc5c6cd8
[2021-08-08 09:00:00,820] {taskinstance.py:1302} INFO - Exporting the following env vars:
AIRFLOW_CTX_DAG_OWNER=***
AIRFLOW_CTX_DAG_ID=standardized_pipeline
AIRFLOW_CTX_TASK_ID=standardized_pipeline_start
AIRFLOW_CTX_EXECUTION_DATE=2021-08-08T08:00:00+00:00
AIRFLOW_CTX_DAG_RUN_ID=scheduled__2021-08-08T08:00:00+00:00
[2021-08-08 09:00:00,821] {external_task.py:152} INFO - Poking for to_datalake_pipeline.to_datalake_pipeline_end on 2021-08-08T08:00:00+00:00 ... 
[2021-08-08 09:01:00,834] {external_task.py:152} INFO - Poking for to_datalake_pipeline.to_datalake_pipeline_end on 2021-08-08T08:00:00+00:00 ... 
[2021-08-08 09:01:00,844] {base.py:248} INFO - Success criteria met. Exiting.
[2021-08-08 09:01:00,856] {taskinstance.py:1211} INFO - Marking task as SUCCESS. dag_id=standardized_pipeline, task_id=standardized_pipeline_start, execution_date=20210808T080000, start_date=20210808T090000, end_date=20210808T090100
[2021-08-08 09:01:00,905] {taskinstance.py:1265} INFO - 8 downstream tasks scheduled from follow-on schedule check
[2021-08-08 09:01:00,932] {local_task_job.py:149} INFO - Task exited with return code 0
