[2021-08-08 02:04:29,500] {taskinstance.py:896} INFO - Dependencies all met for <TaskInstance: standardized_pipeline.standardized_regions 2021-08-08T02:04:25.048660+00:00 [queued]>
[2021-08-08 02:04:29,558] {taskinstance.py:896} INFO - Dependencies all met for <TaskInstance: standardized_pipeline.standardized_regions 2021-08-08T02:04:25.048660+00:00 [queued]>
[2021-08-08 02:04:29,562] {taskinstance.py:1087} INFO - 
--------------------------------------------------------------------------------
[2021-08-08 02:04:29,564] {taskinstance.py:1088} INFO - Starting attempt 1 of 1
[2021-08-08 02:04:29,566] {taskinstance.py:1089} INFO - 
--------------------------------------------------------------------------------
[2021-08-08 02:04:29,675] {taskinstance.py:1107} INFO - Executing <Task(MySqlOperator): standardized_regions> on 2021-08-08T02:04:25.048660+00:00
[2021-08-08 02:04:29,738] {standard_task_runner.py:76} INFO - Running: ['***', 'tasks', 'run', 'standardized_pipeline', 'standardized_regions', '2021-08-08T02:04:25.048660+00:00', '--job-id', '33', '--pool', 'default_pool', '--raw', '--subdir', 'DAGS_FOLDER/standardized_pipeline.py', '--cfg-path', '/tmp/tmp5ifk_yct', '--error-file', '/tmp/tmpnba5hozj']
[2021-08-08 02:04:29,741] {standard_task_runner.py:77} INFO - Job 33: Subtask standardized_regions
[2021-08-08 02:04:29,716] {standard_task_runner.py:52} INFO - Started process 3739 to run task
[2021-08-08 02:04:30,008] {logging_mixin.py:104} INFO - Running <TaskInstance: standardized_pipeline.standardized_regions 2021-08-08T02:04:25.048660+00:00 [running]> on host 02070657999c
[2021-08-08 02:04:30,320] {taskinstance.py:1302} INFO - Exporting the following env vars:
AIRFLOW_CTX_DAG_OWNER=***
AIRFLOW_CTX_DAG_ID=standardized_pipeline
AIRFLOW_CTX_TASK_ID=standardized_regions
AIRFLOW_CTX_EXECUTION_DATE=2021-08-08T02:04:25.048660+00:00
AIRFLOW_CTX_DAG_RUN_ID=manual__2021-08-08T02:04:25.048660+00:00
[2021-08-08 02:04:30,327] {mysql.py:70} INFO - Executing: INSERT IGNORE INTO standardized.regions
WITH data_last_5_minutes AS (
	SELECT
		DISTINCT 
		CAST(R_REGIONKEY AS SIGNED) AS REGION_KEY,
		R_NAME AS REGION_NAME,
		R_COMMENT AS REGION_COMMENT
	FROM
		datalake.REGION
	WHERE 
		INGESTION_TIMESTAMP >= DATE_SUB(NOW(), INTERVAL 5 MINUTE)
)

SELECT 
	* 
FROM 
	data_last_5_minutes
[2021-08-08 02:04:30,377] {base.py:78} INFO - Using connection to: id: dwh_id. Host: dwh, Port: 3306, Schema: , Login: root, Password: ***, extra: {}
[2021-08-08 02:04:30,434] {dbapi.py:204} INFO - Running statement: INSERT IGNORE INTO standardized.regions
WITH data_last_5_minutes AS (
	SELECT
		DISTINCT 
		CAST(R_REGIONKEY AS SIGNED) AS REGION_KEY,
		R_NAME AS REGION_NAME,
		R_COMMENT AS REGION_COMMENT
	FROM
		datalake.REGION
	WHERE 
		INGESTION_TIMESTAMP >= DATE_SUB(NOW(), INTERVAL 5 MINUTE)
)

SELECT 
	* 
FROM 
	data_last_5_minutes, parameters: None
[2021-08-08 02:04:30,442] {dbapi.py:212} INFO - Rows affected: 5
[2021-08-08 02:04:30,487] {taskinstance.py:1211} INFO - Marking task as SUCCESS. dag_id=standardized_pipeline, task_id=standardized_regions, execution_date=20210808T020425, start_date=20210808T020429, end_date=20210808T020430
[2021-08-08 02:04:30,551] {taskinstance.py:1265} INFO - 0 downstream tasks scheduled from follow-on schedule check
[2021-08-08 02:04:30,602] {local_task_job.py:149} INFO - Task exited with return code 0
