[2021-08-08 02:44:40,863] {taskinstance.py:896} INFO - Dependencies all met for <TaskInstance: to_datalake_pipeline.extract_from_git 2021-08-08T02:35:00+00:00 [queued]>
[2021-08-08 02:44:40,872] {taskinstance.py:896} INFO - Dependencies all met for <TaskInstance: to_datalake_pipeline.extract_from_git 2021-08-08T02:35:00+00:00 [queued]>
[2021-08-08 02:44:40,873] {taskinstance.py:1087} INFO - 
--------------------------------------------------------------------------------
[2021-08-08 02:44:40,873] {taskinstance.py:1088} INFO - Starting attempt 1 of 1
[2021-08-08 02:44:40,874] {taskinstance.py:1089} INFO - 
--------------------------------------------------------------------------------
[2021-08-08 02:44:40,884] {taskinstance.py:1107} INFO - Executing <Task(PythonOperator): extract_from_git> on 2021-08-08T02:35:00+00:00
[2021-08-08 02:44:40,888] {standard_task_runner.py:52} INFO - Started process 696 to run task
[2021-08-08 02:44:40,892] {standard_task_runner.py:76} INFO - Running: ['***', 'tasks', 'run', 'to_datalake_pipeline', 'extract_from_git', '2021-08-08T02:35:00+00:00', '--job-id', '37', '--pool', 'default_pool', '--raw', '--subdir', 'DAGS_FOLDER/to_datalake_pipeline.py', '--cfg-path', '/tmp/tmpzp33qrfi', '--error-file', '/tmp/tmpba3q3wov']
[2021-08-08 02:44:40,893] {standard_task_runner.py:77} INFO - Job 37: Subtask extract_from_git
[2021-08-08 02:44:40,935] {logging_mixin.py:104} INFO - Running <TaskInstance: to_datalake_pipeline.extract_from_git 2021-08-08T02:35:00+00:00 [running]> on host 3c97923eccf9
[2021-08-08 02:44:41,016] {taskinstance.py:1302} INFO - Exporting the following env vars:
AIRFLOW_CTX_DAG_OWNER=***
AIRFLOW_CTX_DAG_ID=to_datalake_pipeline
AIRFLOW_CTX_TASK_ID=extract_from_git
AIRFLOW_CTX_EXECUTION_DATE=2021-08-08T02:35:00+00:00
AIRFLOW_CTX_DAG_RUN_ID=scheduled__2021-08-08T02:35:00+00:00
[2021-08-08 02:44:41,017] {logging_mixin.py:104} INFO - Downloading data from -> https://raw.githubusercontent.com/rezaprimasatya/DTO-DE-JUN-MID/main/data.zip
[2021-08-08 02:44:49,145] {logging_mixin.py:104} INFO - Unzipping Data
[2021-08-08 02:44:49,212] {logging_mixin.py:104} INFO - Transform Data to Pandas Dataframe
[2021-08-08 02:44:49,397] {logging_mixin.py:104} INFO - Load data to datalake
[2021-08-08 02:44:49,429] {logging_mixin.py:104} INFO - Load table : REGION
[2021-08-08 02:44:49,456] {logging_mixin.py:104} INFO - Load table : NATION
[2021-08-08 02:44:49,466] {logging_mixin.py:104} INFO - Load table : PART
[2021-08-08 02:44:49,545] {logging_mixin.py:104} INFO - Load table : SUPPLIER
[2021-08-08 02:44:49,565] {logging_mixin.py:104} INFO - Load table : PARTSUPP
[2021-08-08 02:44:49,908] {logging_mixin.py:104} INFO - Load table : CUSTOMER
[2021-08-08 02:44:49,972] {logging_mixin.py:104} INFO - Load table : ORDERS
[2021-08-08 02:44:50,517] {logging_mixin.py:104} INFO - Load table : LINEITEM
[2021-08-08 02:44:54,330] {python.py:151} INFO - Done. Returned value was: None
[2021-08-08 02:44:54,338] {taskinstance.py:1211} INFO - Marking task as SUCCESS. dag_id=to_datalake_pipeline, task_id=extract_from_git, execution_date=20210808T023500, start_date=20210808T024440, end_date=20210808T024454
[2021-08-08 02:44:54,361] {taskinstance.py:1265} INFO - 0 downstream tasks scheduled from follow-on schedule check
[2021-08-08 02:44:54,421] {local_task_job.py:149} INFO - Task exited with return code 0
