[2021-08-08 02:04:29,607] {taskinstance.py:896} INFO - Dependencies all met for <TaskInstance: standardized_pipeline.standardized_part_suppliers 2021-08-08T02:04:25.048660+00:00 [queued]>
[2021-08-08 02:04:29,679] {taskinstance.py:896} INFO - Dependencies all met for <TaskInstance: standardized_pipeline.standardized_part_suppliers 2021-08-08T02:04:25.048660+00:00 [queued]>
[2021-08-08 02:04:29,681] {taskinstance.py:1087} INFO - 
--------------------------------------------------------------------------------
[2021-08-08 02:04:29,683] {taskinstance.py:1088} INFO - Starting attempt 1 of 1
[2021-08-08 02:04:29,685] {taskinstance.py:1089} INFO - 
--------------------------------------------------------------------------------
[2021-08-08 02:04:29,747] {taskinstance.py:1107} INFO - Executing <Task(MySqlOperator): standardized_part_suppliers> on 2021-08-08T02:04:25.048660+00:00
[2021-08-08 02:04:29,787] {standard_task_runner.py:76} INFO - Running: ['***', 'tasks', 'run', 'standardized_pipeline', 'standardized_part_suppliers', '2021-08-08T02:04:25.048660+00:00', '--job-id', '37', '--pool', 'default_pool', '--raw', '--subdir', 'DAGS_FOLDER/standardized_pipeline.py', '--cfg-path', '/tmp/tmpc6c04i7f', '--error-file', '/tmp/tmp3o7cy1hd']
[2021-08-08 02:04:29,793] {standard_task_runner.py:77} INFO - Job 37: Subtask standardized_part_suppliers
[2021-08-08 02:04:29,773] {standard_task_runner.py:52} INFO - Started process 3741 to run task
[2021-08-08 02:04:30,089] {logging_mixin.py:104} INFO - Running <TaskInstance: standardized_pipeline.standardized_part_suppliers 2021-08-08T02:04:25.048660+00:00 [running]> on host 02070657999c
[2021-08-08 02:04:30,327] {taskinstance.py:1302} INFO - Exporting the following env vars:
AIRFLOW_CTX_DAG_OWNER=***
AIRFLOW_CTX_DAG_ID=standardized_pipeline
AIRFLOW_CTX_TASK_ID=standardized_part_suppliers
AIRFLOW_CTX_EXECUTION_DATE=2021-08-08T02:04:25.048660+00:00
AIRFLOW_CTX_DAG_RUN_ID=manual__2021-08-08T02:04:25.048660+00:00
[2021-08-08 02:04:30,330] {mysql.py:70} INFO - Executing: INSERT IGNORE INTO standardized.part_suppliers
WITH data_last_5_minutes AS (
	SELECT
        DISTINCT
        CAST(PS_PARTKEY AS SIGNED) AS PART_KEY,
        CAST(PS_SUPPKEY AS SIGNED) AS SUPPLIER_KEY,
        CAST(PS_AVAILQTY AS SIGNED) AS PART_AVAILABILITY_QUANTITY,
        CAST(PS_SUPPLYCOST AS SIGNED) AS PART_SUPPLY_COST, 
        PS_COMMENT AS PART_SUPPLIER_COMMENT
    FROM
        datalake.PARTSUPP
    WHERE 
        INGESTION_TIMESTAMP >= DATE_SUB(NOW(), INTERVAL 5 MINUTE)
)

SELECT 
	* 
FROM 
	data_last_5_minutes
[2021-08-08 02:04:30,377] {base.py:78} INFO - Using connection to: id: dwh_id. Host: dwh, Port: 3306, Schema: , Login: root, Password: ***, extra: {}
[2021-08-08 02:04:30,416] {dbapi.py:204} INFO - Running statement: INSERT IGNORE INTO standardized.part_suppliers
WITH data_last_5_minutes AS (
	SELECT
        DISTINCT
        CAST(PS_PARTKEY AS SIGNED) AS PART_KEY,
        CAST(PS_SUPPKEY AS SIGNED) AS SUPPLIER_KEY,
        CAST(PS_AVAILQTY AS SIGNED) AS PART_AVAILABILITY_QUANTITY,
        CAST(PS_SUPPLYCOST AS SIGNED) AS PART_SUPPLY_COST, 
        PS_COMMENT AS PART_SUPPLIER_COMMENT
    FROM
        datalake.PARTSUPP
    WHERE 
        INGESTION_TIMESTAMP >= DATE_SUB(NOW(), INTERVAL 5 MINUTE)
)

SELECT 
	* 
FROM 
	data_last_5_minutes, parameters: None
[2021-08-08 02:04:30,656] {dbapi.py:212} INFO - Rows affected: 8000
[2021-08-08 02:04:30,704] {taskinstance.py:1211} INFO - Marking task as SUCCESS. dag_id=standardized_pipeline, task_id=standardized_part_suppliers, execution_date=20210808T020425, start_date=20210808T020429, end_date=20210808T020430
[2021-08-08 02:04:30,782] {taskinstance.py:1265} INFO - 0 downstream tasks scheduled from follow-on schedule check
[2021-08-08 02:04:30,814] {local_task_job.py:149} INFO - Task exited with return code 0
