[2021-08-08 07:14:39,561] {taskinstance.py:896} INFO - Dependencies all met for <TaskInstance: to_datalake_pipeline.extract_from_git 2021-08-08T05:18:00+00:00 [queued]>
[2021-08-08 07:14:39,575] {taskinstance.py:896} INFO - Dependencies all met for <TaskInstance: to_datalake_pipeline.extract_from_git 2021-08-08T05:18:00+00:00 [queued]>
[2021-08-08 07:14:39,575] {taskinstance.py:1087} INFO - 
--------------------------------------------------------------------------------
[2021-08-08 07:14:39,576] {taskinstance.py:1088} INFO - Starting attempt 1 of 11
[2021-08-08 07:14:39,576] {taskinstance.py:1089} INFO - 
--------------------------------------------------------------------------------
[2021-08-08 07:14:39,584] {taskinstance.py:1107} INFO - Executing <Task(PythonOperator): extract_from_git> on 2021-08-08T05:18:00+00:00
[2021-08-08 07:14:39,588] {standard_task_runner.py:52} INFO - Started process 148 to run task
[2021-08-08 07:14:39,593] {standard_task_runner.py:76} INFO - Running: ['***', 'tasks', 'run', 'to_datalake_pipeline', 'extract_from_git', '2021-08-08T05:18:00+00:00', '--job-id', '2', '--pool', 'default_pool', '--raw', '--subdir', 'DAGS_FOLDER/to_datalake_pipeline.py', '--cfg-path', '/tmp/tmp9mumqowg', '--error-file', '/tmp/tmpph3mizvd']
[2021-08-08 07:14:39,594] {standard_task_runner.py:77} INFO - Job 2: Subtask extract_from_git
[2021-08-08 07:14:39,640] {logging_mixin.py:104} INFO - Running <TaskInstance: to_datalake_pipeline.extract_from_git 2021-08-08T05:18:00+00:00 [running]> on host 3678c365a3ae
[2021-08-08 07:14:39,686] {taskinstance.py:1302} INFO - Exporting the following env vars:
AIRFLOW_CTX_DAG_EMAIL=wildangbudhi@gmail.com
AIRFLOW_CTX_DAG_OWNER=***
AIRFLOW_CTX_DAG_ID=to_datalake_pipeline
AIRFLOW_CTX_TASK_ID=extract_from_git
AIRFLOW_CTX_EXECUTION_DATE=2021-08-08T05:18:00+00:00
AIRFLOW_CTX_DAG_RUN_ID=scheduled__2021-08-08T05:18:00+00:00
[2021-08-08 07:14:39,687] {logging_mixin.py:104} INFO - Downloading data from -> https://raw.githubusercontent.com/rezaprimasatya/DTO-DE-JUN-MID/main/data.zip
[2021-08-08 07:14:40,131] {logging_mixin.py:104} INFO - Unzipping Data
[2021-08-08 07:14:40,207] {logging_mixin.py:104} INFO - Transform Data to Pandas Dataframe
[2021-08-08 07:14:40,427] {logging_mixin.py:104} INFO - Load data to datalake
[2021-08-08 07:14:40,499] {logging_mixin.py:104} INFO - Load table : REGION
[2021-08-08 07:14:40,556] {logging_mixin.py:104} INFO - Load table : NATION
[2021-08-08 07:14:40,575] {logging_mixin.py:104} INFO - Load table : PART
[2021-08-08 07:14:40,714] {logging_mixin.py:104} INFO - Load table : SUPPLIER
[2021-08-08 07:14:40,733] {logging_mixin.py:104} INFO - Load table : PARTSUPP
[2021-08-08 07:14:41,125] {logging_mixin.py:104} INFO - Load table : CUSTOMER
[2021-08-08 07:14:41,215] {logging_mixin.py:104} INFO - Load table : ORDERS
[2021-08-08 07:14:41,864] {logging_mixin.py:104} INFO - Load table : LINEITEM
[2021-08-08 07:14:45,741] {python.py:151} INFO - Done. Returned value was: None
[2021-08-08 07:14:45,750] {taskinstance.py:1211} INFO - Marking task as SUCCESS. dag_id=to_datalake_pipeline, task_id=extract_from_git, execution_date=20210808T051800, start_date=20210808T071439, end_date=20210808T071445
[2021-08-08 07:14:45,789] {taskinstance.py:1265} INFO - 0 downstream tasks scheduled from follow-on schedule check
[2021-08-08 07:14:45,832] {local_task_job.py:149} INFO - Task exited with return code 0
