[2021-08-08 05:41:01,955] {taskinstance.py:896} INFO - Dependencies all met for <TaskInstance: standardized_pipeline.create_standardized_table_suppliers 2021-08-08T05:35:00+00:00 [queued]>
[2021-08-08 05:41:01,992] {taskinstance.py:896} INFO - Dependencies all met for <TaskInstance: standardized_pipeline.create_standardized_table_suppliers 2021-08-08T05:35:00+00:00 [queued]>
[2021-08-08 05:41:01,995] {taskinstance.py:1087} INFO - 
--------------------------------------------------------------------------------
[2021-08-08 05:41:01,996] {taskinstance.py:1088} INFO - Starting attempt 1 of 11
[2021-08-08 05:41:01,997] {taskinstance.py:1089} INFO - 
--------------------------------------------------------------------------------
[2021-08-08 05:41:02,009] {taskinstance.py:1107} INFO - Executing <Task(MySqlOperator): create_standardized_table_suppliers> on 2021-08-08T05:35:00+00:00
[2021-08-08 05:41:02,015] {standard_task_runner.py:52} INFO - Started process 1803 to run task
[2021-08-08 05:41:02,019] {standard_task_runner.py:76} INFO - Running: ['***', 'tasks', 'run', 'standardized_pipeline', 'create_standardized_table_suppliers', '2021-08-08T05:35:00+00:00', '--job-id', '124', '--pool', 'default_pool', '--raw', '--subdir', 'DAGS_FOLDER/standardized_pipeline.py', '--cfg-path', '/tmp/tmpbzdljf2q', '--error-file', '/tmp/tmpu09rorjr']
[2021-08-08 05:41:02,022] {standard_task_runner.py:77} INFO - Job 124: Subtask create_standardized_table_suppliers
[2021-08-08 05:41:02,106] {logging_mixin.py:104} INFO - Running <TaskInstance: standardized_pipeline.create_standardized_table_suppliers 2021-08-08T05:35:00+00:00 [running]> on host b48e43d568d5
[2021-08-08 05:41:02,204] {taskinstance.py:1302} INFO - Exporting the following env vars:
AIRFLOW_CTX_DAG_EMAIL=wildangbudhi@gmail.com
AIRFLOW_CTX_DAG_OWNER=***
AIRFLOW_CTX_DAG_ID=standardized_pipeline
AIRFLOW_CTX_TASK_ID=create_standardized_table_suppliers
AIRFLOW_CTX_EXECUTION_DATE=2021-08-08T05:35:00+00:00
AIRFLOW_CTX_DAG_RUN_ID=scheduled__2021-08-08T05:35:00+00:00
[2021-08-08 05:41:02,205] {mysql.py:70} INFO - Executing: CREATE TABLE IF NOT EXISTS standardized.suppliers (INGESTION_TIMESTAMP TIMESTAMP NOT NULL DEFAULT CURRENT_TIMESTAMP) AS
WITH data_last_5_minutes AS (
	SELECT
        DISTINCT
        CAST(S_SUPPKEY AS SIGNED) AS SUPPLIER_KEY,
        S_NAME AS SUPPLIER_NAME,
        S_ADDRESS AS SUPPLIER_ADDRESS,
        CAST(S_NATIONKEY AS SIGNED) AS NATION_KEY,
        S_PHONE AS SUPPLIER_PHONE,
        S_ACCTBAL AS SUPPLIER_ACCOUNT_BALANCE_TOTAL,
        S_COMMENT AS SUPPLIER_COMMENT,
        NOW() AS INGESTION_TIMESTAMP
    FROM
        datalake.SUPPLIER s
    WHERE 
        s.INGESTION_TIMESTAMP >= DATE_SUB(NOW(), INTERVAL 5 MINUTE)
)

SELECT 
	* 
FROM 
	data_last_5_minutes
[2021-08-08 05:41:02,223] {base.py:78} INFO - Using connection to: id: dwh_id. Host: dwh, Port: 3306, Schema: , Login: root, Password: ***, extra: {}
[2021-08-08 05:41:02,246] {dbapi.py:204} INFO - Running statement: CREATE TABLE IF NOT EXISTS standardized.suppliers (INGESTION_TIMESTAMP TIMESTAMP NOT NULL DEFAULT CURRENT_TIMESTAMP) AS
WITH data_last_5_minutes AS (
	SELECT
        DISTINCT
        CAST(S_SUPPKEY AS SIGNED) AS SUPPLIER_KEY,
        S_NAME AS SUPPLIER_NAME,
        S_ADDRESS AS SUPPLIER_ADDRESS,
        CAST(S_NATIONKEY AS SIGNED) AS NATION_KEY,
        S_PHONE AS SUPPLIER_PHONE,
        S_ACCTBAL AS SUPPLIER_ACCOUNT_BALANCE_TOTAL,
        S_COMMENT AS SUPPLIER_COMMENT,
        NOW() AS INGESTION_TIMESTAMP
    FROM
        datalake.SUPPLIER s
    WHERE 
        s.INGESTION_TIMESTAMP >= DATE_SUB(NOW(), INTERVAL 5 MINUTE)
)

SELECT 
	* 
FROM 
	data_last_5_minutes, parameters: None
[2021-08-08 05:41:02,248] {dbapi.py:212} INFO - Rows affected: 0
[2021-08-08 05:41:02,273] {taskinstance.py:1211} INFO - Marking task as SUCCESS. dag_id=standardized_pipeline, task_id=create_standardized_table_suppliers, execution_date=20210808T053500, start_date=20210808T054101, end_date=20210808T054102
[2021-08-08 05:41:02,334] {taskinstance.py:1265} INFO - 1 downstream tasks scheduled from follow-on schedule check
[2021-08-08 05:41:02,361] {local_task_job.py:149} INFO - Task exited with return code 0
