[2021-08-08 02:01:55,010] {taskinstance.py:896} INFO - Dependencies all met for <TaskInstance: to_datalake_pipeline.extract_from_git 2021-08-08T01:55:00+00:00 [queued]>
[2021-08-08 02:01:55,041] {taskinstance.py:896} INFO - Dependencies all met for <TaskInstance: to_datalake_pipeline.extract_from_git 2021-08-08T01:55:00+00:00 [queued]>
[2021-08-08 02:01:55,043] {taskinstance.py:1087} INFO - 
--------------------------------------------------------------------------------
[2021-08-08 02:01:55,046] {taskinstance.py:1088} INFO - Starting attempt 1 of 1
[2021-08-08 02:01:55,048] {taskinstance.py:1089} INFO - 
--------------------------------------------------------------------------------
[2021-08-08 02:01:55,096] {taskinstance.py:1107} INFO - Executing <Task(PythonOperator): extract_from_git> on 2021-08-08T01:55:00+00:00
[2021-08-08 02:01:55,107] {standard_task_runner.py:52} INFO - Started process 3480 to run task
[2021-08-08 02:01:55,113] {standard_task_runner.py:76} INFO - Running: ['***', 'tasks', 'run', 'to_datalake_pipeline', 'extract_from_git', '2021-08-08T01:55:00+00:00', '--job-id', '7', '--pool', 'default_pool', '--raw', '--subdir', 'DAGS_FOLDER/to_datalake_pipeline.py', '--cfg-path', '/tmp/tmplp73ogs6', '--error-file', '/tmp/tmp9__aatf0']
[2021-08-08 02:01:55,115] {standard_task_runner.py:77} INFO - Job 7: Subtask extract_from_git
[2021-08-08 02:01:55,204] {logging_mixin.py:104} INFO - Running <TaskInstance: to_datalake_pipeline.extract_from_git 2021-08-08T01:55:00+00:00 [running]> on host 02070657999c
[2021-08-08 02:01:55,307] {taskinstance.py:1302} INFO - Exporting the following env vars:
AIRFLOW_CTX_DAG_OWNER=***
AIRFLOW_CTX_DAG_ID=to_datalake_pipeline
AIRFLOW_CTX_TASK_ID=extract_from_git
AIRFLOW_CTX_EXECUTION_DATE=2021-08-08T01:55:00+00:00
AIRFLOW_CTX_DAG_RUN_ID=scheduled__2021-08-08T01:55:00+00:00
[2021-08-08 02:01:55,310] {logging_mixin.py:104} INFO - Downloading data from -> https://raw.githubusercontent.com/rezaprimasatya/DTO-DE-JUN-MID/main/data.zip
[2021-08-08 02:01:56,372] {logging_mixin.py:104} INFO - Unzipping Data
[2021-08-08 02:01:56,496] {logging_mixin.py:104} INFO - Transform Data to Pandas Dataframe
[2021-08-08 02:01:56,836] {logging_mixin.py:104} INFO - Load data to datalake
[2021-08-08 02:01:56,901] {logging_mixin.py:104} INFO - Load table : REGION
[2021-08-08 02:01:56,959] {logging_mixin.py:104} INFO - Load table : NATION
[2021-08-08 02:01:56,985] {logging_mixin.py:104} INFO - Load table : PART
[2021-08-08 02:01:57,207] {logging_mixin.py:104} INFO - Load table : SUPPLIER
[2021-08-08 02:01:57,237] {logging_mixin.py:104} INFO - Load table : PARTSUPP
[2021-08-08 02:01:57,763] {logging_mixin.py:104} INFO - Load table : CUSTOMER
[2021-08-08 02:01:57,937] {logging_mixin.py:104} INFO - Load table : ORDERS
[2021-08-08 02:01:58,942] {logging_mixin.py:104} INFO - Load table : LINEITEM
[2021-08-08 02:02:05,644] {python.py:151} INFO - Done. Returned value was: None
[2021-08-08 02:02:05,665] {taskinstance.py:1211} INFO - Marking task as SUCCESS. dag_id=to_datalake_pipeline, task_id=extract_from_git, execution_date=20210808T015500, start_date=20210808T020155, end_date=20210808T020205
[2021-08-08 02:02:05,721] {taskinstance.py:1265} INFO - 0 downstream tasks scheduled from follow-on schedule check
[2021-08-08 02:02:05,783] {local_task_job.py:149} INFO - Task exited with return code 0
