[2021-08-07 08:35:05,603] {taskinstance.py:896} INFO - Dependencies all met for <TaskInstance: to_datalake_pipeline.extract_from_git 2021-08-07T08:30:00+00:00 [queued]>
[2021-08-07 08:35:05,612] {taskinstance.py:896} INFO - Dependencies all met for <TaskInstance: to_datalake_pipeline.extract_from_git 2021-08-07T08:30:00+00:00 [queued]>
[2021-08-07 08:35:05,613] {taskinstance.py:1087} INFO - 
--------------------------------------------------------------------------------
[2021-08-07 08:35:05,614] {taskinstance.py:1088} INFO - Starting attempt 1 of 1
[2021-08-07 08:35:05,614] {taskinstance.py:1089} INFO - 
--------------------------------------------------------------------------------
[2021-08-07 08:35:05,626] {taskinstance.py:1107} INFO - Executing <Task(PythonOperator): extract_from_git> on 2021-08-07T08:30:00+00:00
[2021-08-07 08:35:05,630] {standard_task_runner.py:52} INFO - Started process 262 to run task
[2021-08-07 08:35:05,634] {standard_task_runner.py:76} INFO - Running: ['***', 'tasks', 'run', 'to_datalake_pipeline', 'extract_from_git', '2021-08-07T08:30:00+00:00', '--job-id', '3', '--pool', 'default_pool', '--raw', '--subdir', 'DAGS_FOLDER/to_datalake_pipeline.py', '--cfg-path', '/tmp/tmp2dmpturm', '--error-file', '/tmp/tmpp7337ras']
[2021-08-07 08:35:05,635] {standard_task_runner.py:77} INFO - Job 3: Subtask extract_from_git
[2021-08-07 08:35:05,679] {logging_mixin.py:104} INFO - Running <TaskInstance: to_datalake_pipeline.extract_from_git 2021-08-07T08:30:00+00:00 [running]> on host a53b7023e696
[2021-08-07 08:35:05,727] {taskinstance.py:1302} INFO - Exporting the following env vars:
AIRFLOW_CTX_DAG_OWNER=***
AIRFLOW_CTX_DAG_ID=to_datalake_pipeline
AIRFLOW_CTX_TASK_ID=extract_from_git
AIRFLOW_CTX_EXECUTION_DATE=2021-08-07T08:30:00+00:00
AIRFLOW_CTX_DAG_RUN_ID=scheduled__2021-08-07T08:30:00+00:00
[2021-08-07 08:35:05,728] {logging_mixin.py:104} INFO - Downloading data from -> https://raw.githubusercontent.com/rezaprimasatya/DTO-DE-JUN-MID/main/data.zip
[2021-08-07 08:35:08,248] {logging_mixin.py:104} INFO - Unzipping Data
[2021-08-07 08:35:08,323] {logging_mixin.py:104} INFO - Transform Data to Pandas Dataframe
[2021-08-07 08:35:08,526] {logging_mixin.py:104} INFO - Load data to datalake
[2021-08-07 08:35:08,540] {logging_mixin.py:104} INFO - Load table : REGION
[2021-08-07 08:35:08,576] {logging_mixin.py:104} INFO - Load table : NATION
[2021-08-07 08:35:08,591] {logging_mixin.py:104} INFO - Load table : PART
[2021-08-07 08:35:08,723] {logging_mixin.py:104} INFO - Load table : SUPPLIER
[2021-08-07 08:35:08,746] {logging_mixin.py:104} INFO - Load table : PARTSUPP
[2021-08-07 08:35:09,132] {logging_mixin.py:104} INFO - Load table : CUSTOMER
[2021-08-07 08:35:09,254] {logging_mixin.py:104} INFO - Load table : ORDERS
[2021-08-07 08:35:09,889] {logging_mixin.py:104} INFO - Load table : LINEITEM
[2021-08-07 08:35:13,650] {python.py:151} INFO - Done. Returned value was: None
[2021-08-07 08:35:13,662] {taskinstance.py:1211} INFO - Marking task as SUCCESS. dag_id=to_datalake_pipeline, task_id=extract_from_git, execution_date=20210807T083000, start_date=20210807T083505, end_date=20210807T083513
[2021-08-07 08:35:13,684] {taskinstance.py:1265} INFO - 0 downstream tasks scheduled from follow-on schedule check
[2021-08-07 08:35:13,748] {local_task_job.py:149} INFO - Task exited with return code 0
