[2021-08-07 15:13:23,361] {taskinstance.py:896} INFO - Dependencies all met for <TaskInstance: standardized_pipeline.standardized_nation 2021-08-07T15:13:20.433410+00:00 [queued]>
[2021-08-07 15:13:23,380] {taskinstance.py:896} INFO - Dependencies all met for <TaskInstance: standardized_pipeline.standardized_nation 2021-08-07T15:13:20.433410+00:00 [queued]>
[2021-08-07 15:13:23,381] {taskinstance.py:1087} INFO - 
--------------------------------------------------------------------------------
[2021-08-07 15:13:23,382] {taskinstance.py:1088} INFO - Starting attempt 1 of 1
[2021-08-07 15:13:23,383] {taskinstance.py:1089} INFO - 
--------------------------------------------------------------------------------
[2021-08-07 15:13:23,432] {taskinstance.py:1107} INFO - Executing <Task(MySqlOperator): standardized_nation> on 2021-08-07T15:13:20.433410+00:00
[2021-08-07 15:13:23,442] {standard_task_runner.py:52} INFO - Started process 357 to run task
[2021-08-07 15:13:23,458] {standard_task_runner.py:76} INFO - Running: ['***', 'tasks', 'run', 'standardized_pipeline', 'standardized_nation', '2021-08-07T15:13:20.433410+00:00', '--job-id', '21', '--pool', 'default_pool', '--raw', '--subdir', 'DAGS_FOLDER/standardized_pipeline.py', '--cfg-path', '/tmp/tmpmlkki0s8', '--error-file', '/tmp/tmpu4m0z3a0']
[2021-08-07 15:13:23,461] {standard_task_runner.py:77} INFO - Job 21: Subtask standardized_nation
[2021-08-07 15:13:23,588] {logging_mixin.py:104} INFO - Running <TaskInstance: standardized_pipeline.standardized_nation 2021-08-07T15:13:20.433410+00:00 [running]> on host 840edc4bbc5d
[2021-08-07 15:13:23,725] {taskinstance.py:1302} INFO - Exporting the following env vars:
AIRFLOW_CTX_DAG_OWNER=***
AIRFLOW_CTX_DAG_ID=standardized_pipeline
AIRFLOW_CTX_TASK_ID=standardized_nation
AIRFLOW_CTX_EXECUTION_DATE=2021-08-07T15:13:20.433410+00:00
AIRFLOW_CTX_DAG_RUN_ID=manual__2021-08-07T15:13:20.433410+00:00
[2021-08-07 15:13:23,727] {mysql.py:70} INFO - Executing: INSERT IGNORE INTO standardized.NATION (
	`NATION_KEY`,
	`NATION_NAME`,
	`REGION_KEY`,
	`NATION_COMMENT`
) 

WITH nation_last_5_minutes AS (
	SELECT
		DISTINCT 
		CAST(N_NATIONKEY AS SIGNED) AS N_NATIONKEY,
		N_NAME,
		CAST(N_REGIONKEY AS SIGNED) AS N_REGIONKEY,
		N_COMMENT
	FROM
		datalake.NATION
	WHERE INGESTION_TIMESTAMP >= DATE_SUB(NOW(), INTERVAL 5 MINUTE)
)

SELECT 
	* 
FROM 
	nation_last_5_minutes
[2021-08-07 15:13:23,745] {base.py:78} INFO - Using connection to: id: dwh_id. Host: dwh, Port: 3306, Schema: , Login: root, Password: ***, extra: {}
[2021-08-07 15:13:23,767] {dbapi.py:204} INFO - Running statement: INSERT IGNORE INTO standardized.NATION (
	`NATION_KEY`,
	`NATION_NAME`,
	`REGION_KEY`,
	`NATION_COMMENT`
) 

WITH nation_last_5_minutes AS (
	SELECT
		DISTINCT 
		CAST(N_NATIONKEY AS SIGNED) AS N_NATIONKEY,
		N_NAME,
		CAST(N_REGIONKEY AS SIGNED) AS N_REGIONKEY,
		N_COMMENT
	FROM
		datalake.NATION
	WHERE INGESTION_TIMESTAMP >= DATE_SUB(NOW(), INTERVAL 5 MINUTE)
)

SELECT 
	* 
FROM 
	nation_last_5_minutes, parameters: None
[2021-08-07 15:13:23,772] {dbapi.py:212} INFO - Rows affected: 25
[2021-08-07 15:13:23,799] {taskinstance.py:1211} INFO - Marking task as SUCCESS. dag_id=standardized_pipeline, task_id=standardized_nation, execution_date=20210807T151320, start_date=20210807T151323, end_date=20210807T151323
[2021-08-07 15:13:23,901] {taskinstance.py:1265} INFO - 0 downstream tasks scheduled from follow-on schedule check
[2021-08-07 15:13:23,929] {local_task_job.py:149} INFO - Task exited with return code 0
