[2021-08-08 03:42:00,907] {taskinstance.py:896} INFO - Dependencies all met for <TaskInstance: standardized_pipeline.standardized_pipeline_start 2021-08-08T03:35:00+00:00 [queued]>
[2021-08-08 03:42:00,923] {taskinstance.py:896} INFO - Dependencies all met for <TaskInstance: standardized_pipeline.standardized_pipeline_start 2021-08-08T03:35:00+00:00 [queued]>
[2021-08-08 03:42:00,925] {taskinstance.py:1087} INFO - 
--------------------------------------------------------------------------------
[2021-08-08 03:42:00,926] {taskinstance.py:1088} INFO - Starting attempt 1 of 11
[2021-08-08 03:42:00,927] {taskinstance.py:1089} INFO - 
--------------------------------------------------------------------------------
[2021-08-08 03:42:00,947] {taskinstance.py:1107} INFO - Executing <Task(ExternalTaskSensor): standardized_pipeline_start> on 2021-08-08T03:35:00+00:00
[2021-08-08 03:42:00,960] {standard_task_runner.py:76} INFO - Running: ['***', 'tasks', 'run', 'standardized_pipeline', 'standardized_pipeline_start', '2021-08-08T03:35:00+00:00', '--job-id', '2', '--pool', 'default_pool', '--raw', '--subdir', 'DAGS_FOLDER/standardized_pipeline.py', '--cfg-path', '/tmp/tmp41nhyk1w', '--error-file', '/tmp/tmp8f4_nqjk']
[2021-08-08 03:42:00,954] {standard_task_runner.py:52} INFO - Started process 259 to run task
[2021-08-08 03:42:00,963] {standard_task_runner.py:77} INFO - Job 2: Subtask standardized_pipeline_start
[2021-08-08 03:42:01,049] {logging_mixin.py:104} INFO - Running <TaskInstance: standardized_pipeline.standardized_pipeline_start 2021-08-08T03:35:00+00:00 [running]> on host 75feb3cfb2a6
[2021-08-08 03:42:01,136] {taskinstance.py:1302} INFO - Exporting the following env vars:
AIRFLOW_CTX_DAG_EMAIL=wildangbudhi@gmail.com
AIRFLOW_CTX_DAG_OWNER=***
AIRFLOW_CTX_DAG_ID=standardized_pipeline
AIRFLOW_CTX_TASK_ID=standardized_pipeline_start
AIRFLOW_CTX_EXECUTION_DATE=2021-08-08T03:35:00+00:00
AIRFLOW_CTX_DAG_RUN_ID=scheduled__2021-08-08T03:35:00+00:00
[2021-08-08 03:42:01,139] {external_task.py:152} INFO - Poking for to_datalake_pipeline.to_datalake_pipeline_end on 2021-08-08T03:35:00+00:00 ... 
[2021-08-08 03:43:01,165] {external_task.py:152} INFO - Poking for to_datalake_pipeline.to_datalake_pipeline_end on 2021-08-08T03:35:00+00:00 ... 
[2021-08-08 03:44:01,166] {external_task.py:152} INFO - Poking for to_datalake_pipeline.to_datalake_pipeline_end on 2021-08-08T03:35:00+00:00 ... 
[2021-08-08 03:44:01,197] {base.py:248} INFO - Success criteria met. Exiting.
[2021-08-08 03:44:01,214] {taskinstance.py:1211} INFO - Marking task as SUCCESS. dag_id=standardized_pipeline, task_id=standardized_pipeline_start, execution_date=20210808T033500, start_date=20210808T034200, end_date=20210808T034401
[2021-08-08 03:44:01,292] {taskinstance.py:1265} INFO - 8 downstream tasks scheduled from follow-on schedule check
[2021-08-08 03:44:01,330] {local_task_job.py:149} INFO - Task exited with return code 0
