[2021-08-08 08:44:46,552] {taskinstance.py:896} INFO - Dependencies all met for <TaskInstance: presentation_pipeline.create_presentation_table_dim_nations 2021-08-08T08:44:38.735630+00:00 [queued]>
[2021-08-08 08:44:46,578] {taskinstance.py:896} INFO - Dependencies all met for <TaskInstance: presentation_pipeline.create_presentation_table_dim_nations 2021-08-08T08:44:38.735630+00:00 [queued]>
[2021-08-08 08:44:46,580] {taskinstance.py:1087} INFO - 
--------------------------------------------------------------------------------
[2021-08-08 08:44:46,581] {taskinstance.py:1088} INFO - Starting attempt 1 of 1
[2021-08-08 08:44:46,581] {taskinstance.py:1089} INFO - 
--------------------------------------------------------------------------------
[2021-08-08 08:44:46,594] {taskinstance.py:1107} INFO - Executing <Task(MySqlOperator): create_presentation_table_dim_nations> on 2021-08-08T08:44:38.735630+00:00
[2021-08-08 08:44:46,600] {standard_task_runner.py:52} INFO - Started process 1481 to run task
[2021-08-08 08:44:46,608] {standard_task_runner.py:76} INFO - Running: ['***', 'tasks', 'run', 'presentation_pipeline', 'create_presentation_table_dim_nations', '2021-08-08T08:44:38.735630+00:00', '--job-id', '60', '--pool', 'default_pool', '--raw', '--subdir', 'DAGS_FOLDER/presentation_pipeline.py', '--cfg-path', '/tmp/tmpqly_uh7y', '--error-file', '/tmp/tmp2qe233sy']
[2021-08-08 08:44:46,609] {standard_task_runner.py:77} INFO - Job 60: Subtask create_presentation_table_dim_nations
[2021-08-08 08:44:46,701] {logging_mixin.py:104} INFO - Running <TaskInstance: presentation_pipeline.create_presentation_table_dim_nations 2021-08-08T08:44:38.735630+00:00 [running]> on host 5e970160fe16
[2021-08-08 08:44:46,809] {taskinstance.py:1302} INFO - Exporting the following env vars:
AIRFLOW_CTX_DAG_OWNER=***
AIRFLOW_CTX_DAG_ID=presentation_pipeline
AIRFLOW_CTX_TASK_ID=create_presentation_table_dim_nations
AIRFLOW_CTX_EXECUTION_DATE=2021-08-08T08:44:38.735630+00:00
AIRFLOW_CTX_DAG_RUN_ID=manual__2021-08-08T08:44:38.735630+00:00
[2021-08-08 08:44:46,811] {mysql.py:70} INFO - Executing: CREATE TABLE IF NOT EXISTS presentation.nations (
    NATION_KEY INT NOT NULL,
    INGESTION_TIMESTAMP TIMESTAMP NOT NULL DEFAULT CURRENT_TIMESTAMP,
    CONSTRAINT `NATIONS_PK` PRIMARY KEY (NATION_KEY)
) AS

SELECT 
	DISTINCT 
	n.NATION_KEY,
	n.NATION_NAME,
	r.REGION_KEY,
	r.REGION_NAME,
	NOW() AS INGESTION_TIMESTAMP
FROM 
	standardized.nations n
LEFT JOIN 
	standardized.regions r
	ON n.REGION_KEY = r.REGION_KEY 
WHERE 
	n.INGESTION_TIMESTAMP >= DATE_SUB(NOW(), INTERVAL 1 HOUR)

LIMIT 0
[2021-08-08 08:44:46,832] {base.py:78} INFO - Using connection to: id: dwh_id. Host: dwh, Port: 3306, Schema: , Login: root, Password: ***, extra: {}
[2021-08-08 08:44:46,848] {dbapi.py:204} INFO - Running statement: CREATE TABLE IF NOT EXISTS presentation.nations (
    NATION_KEY INT NOT NULL,
    INGESTION_TIMESTAMP TIMESTAMP NOT NULL DEFAULT CURRENT_TIMESTAMP,
    CONSTRAINT `NATIONS_PK` PRIMARY KEY (NATION_KEY)
) AS

SELECT 
	DISTINCT 
	n.NATION_KEY,
	n.NATION_NAME,
	r.REGION_KEY,
	r.REGION_NAME,
	NOW() AS INGESTION_TIMESTAMP
FROM 
	standardized.nations n
LEFT JOIN 
	standardized.regions r
	ON n.REGION_KEY = r.REGION_KEY 
WHERE 
	n.INGESTION_TIMESTAMP >= DATE_SUB(NOW(), INTERVAL 1 HOUR)

LIMIT 0, parameters: None
[2021-08-08 08:44:46,851] {dbapi.py:212} INFO - Rows affected: 0
[2021-08-08 08:44:46,867] {taskinstance.py:1211} INFO - Marking task as SUCCESS. dag_id=presentation_pipeline, task_id=create_presentation_table_dim_nations, execution_date=20210808T084438, start_date=20210808T084446, end_date=20210808T084446
[2021-08-08 08:44:46,908] {taskinstance.py:1265} INFO - 1 downstream tasks scheduled from follow-on schedule check
[2021-08-08 08:44:46,945] {local_task_job.py:149} INFO - Task exited with return code 0
