[2021-08-08 02:39:16,176] {taskinstance.py:896} INFO - Dependencies all met for <TaskInstance: standardized_pipeline.create_standardized_table_nations 2021-08-08T02:30:00+00:00 [queued]>
[2021-08-08 02:39:16,207] {taskinstance.py:896} INFO - Dependencies all met for <TaskInstance: standardized_pipeline.create_standardized_table_nations 2021-08-08T02:30:00+00:00 [queued]>
[2021-08-08 02:39:16,212] {taskinstance.py:1087} INFO - 
--------------------------------------------------------------------------------
[2021-08-08 02:39:16,214] {taskinstance.py:1088} INFO - Starting attempt 1 of 1
[2021-08-08 02:39:16,215] {taskinstance.py:1089} INFO - 
--------------------------------------------------------------------------------
[2021-08-08 02:39:16,298] {taskinstance.py:1107} INFO - Executing <Task(MySqlOperator): create_standardized_table_nations> on 2021-08-08T02:30:00+00:00
[2021-08-08 02:39:16,338] {standard_task_runner.py:76} INFO - Running: ['***', 'tasks', 'run', 'standardized_pipeline', 'create_standardized_table_nations', '2021-08-08T02:30:00+00:00', '--job-id', '24', '--pool', 'default_pool', '--raw', '--subdir', 'DAGS_FOLDER/standardized_pipeline.py', '--cfg-path', '/tmp/tmps4dte4yq', '--error-file', '/tmp/tmpwkbd1kn3']
[2021-08-08 02:39:16,319] {standard_task_runner.py:52} INFO - Started process 225 to run task
[2021-08-08 02:39:16,345] {standard_task_runner.py:77} INFO - Job 24: Subtask create_standardized_table_nations
[2021-08-08 02:39:16,644] {logging_mixin.py:104} INFO - Running <TaskInstance: standardized_pipeline.create_standardized_table_nations 2021-08-08T02:30:00+00:00 [running]> on host 3c97923eccf9
[2021-08-08 02:39:16,970] {taskinstance.py:1302} INFO - Exporting the following env vars:
AIRFLOW_CTX_DAG_OWNER=***
AIRFLOW_CTX_DAG_ID=standardized_pipeline
AIRFLOW_CTX_TASK_ID=create_standardized_table_nations
AIRFLOW_CTX_EXECUTION_DATE=2021-08-08T02:30:00+00:00
AIRFLOW_CTX_DAG_RUN_ID=scheduled__2021-08-08T02:30:00+00:00
[2021-08-08 02:39:16,974] {mysql.py:70} INFO - Executing: CREATE TABLE IF NOT EXISTS standardized.nations (INGESTION_TIMESTAMP TIMESTAMP NOT NULL DEFAULT CURRENT_TIMESTAMP) AS
WITH data_last_5_minutes AS (
	SELECT
		DISTINCT 
		CAST(N_NATIONKEY AS SIGNED) AS NATION_KEY,
		N_NAME AS NATION_NAME,
		CAST(N_REGIONKEY AS SIGNED) AS REGION_KEY,
		N_COMMENT AS NATION_COMMENT,
		NOW() AS INGESTION_TIMESTAMP
	FROM
		datalake.NATION n
	WHERE 
		n.INGESTION_TIMESTAMP >= DATE_SUB(NOW(), INTERVAL 5 MINUTE)
)

SELECT 
	* 
FROM 
	data_last_5_minutes
[2021-08-08 02:39:17,028] {base.py:78} INFO - Using connection to: id: dwh_id. Host: dwh, Port: 3306, Schema: , Login: root, Password: ***, extra: {}
[2021-08-08 02:39:17,096] {dbapi.py:204} INFO - Running statement: CREATE TABLE IF NOT EXISTS standardized.nations (INGESTION_TIMESTAMP TIMESTAMP NOT NULL DEFAULT CURRENT_TIMESTAMP) AS
WITH data_last_5_minutes AS (
	SELECT
		DISTINCT 
		CAST(N_NATIONKEY AS SIGNED) AS NATION_KEY,
		N_NAME AS NATION_NAME,
		CAST(N_REGIONKEY AS SIGNED) AS REGION_KEY,
		N_COMMENT AS NATION_COMMENT,
		NOW() AS INGESTION_TIMESTAMP
	FROM
		datalake.NATION n
	WHERE 
		n.INGESTION_TIMESTAMP >= DATE_SUB(NOW(), INTERVAL 5 MINUTE)
)

SELECT 
	* 
FROM 
	data_last_5_minutes, parameters: None
[2021-08-08 02:39:17,102] {dbapi.py:212} INFO - Rows affected: 0
[2021-08-08 02:39:17,185] {taskinstance.py:1211} INFO - Marking task as SUCCESS. dag_id=standardized_pipeline, task_id=create_standardized_table_nations, execution_date=20210808T023000, start_date=20210808T023916, end_date=20210808T023917
[2021-08-08 02:39:17,324] {taskinstance.py:1265} INFO - 1 downstream tasks scheduled from follow-on schedule check
[2021-08-08 02:39:17,388] {local_task_job.py:149} INFO - Task exited with return code 0
