[2021-08-08 02:26:12,547] {taskinstance.py:896} INFO - Dependencies all met for <TaskInstance: to_datalake_pipeline.extract_from_git 2021-08-08T02:20:00+00:00 [queued]>
[2021-08-08 02:26:12,616] {taskinstance.py:896} INFO - Dependencies all met for <TaskInstance: to_datalake_pipeline.extract_from_git 2021-08-08T02:20:00+00:00 [queued]>
[2021-08-08 02:26:12,619] {taskinstance.py:1087} INFO - 
--------------------------------------------------------------------------------
[2021-08-08 02:26:12,622] {taskinstance.py:1088} INFO - Starting attempt 1 of 1
[2021-08-08 02:26:12,624] {taskinstance.py:1089} INFO - 
--------------------------------------------------------------------------------
[2021-08-08 02:26:12,675] {taskinstance.py:1107} INFO - Executing <Task(PythonOperator): extract_from_git> on 2021-08-08T02:20:00+00:00
[2021-08-08 02:26:12,692] {standard_task_runner.py:52} INFO - Started process 157 to run task
[2021-08-08 02:26:12,710] {standard_task_runner.py:76} INFO - Running: ['***', 'tasks', 'run', 'to_datalake_pipeline', 'extract_from_git', '2021-08-08T02:20:00+00:00', '--job-id', '2', '--pool', 'default_pool', '--raw', '--subdir', 'DAGS_FOLDER/to_datalake_pipeline.py', '--cfg-path', '/tmp/tmp91j2ppsc', '--error-file', '/tmp/tmphdygro1d']
[2021-08-08 02:26:12,714] {standard_task_runner.py:77} INFO - Job 2: Subtask extract_from_git
[2021-08-08 02:26:12,981] {logging_mixin.py:104} INFO - Running <TaskInstance: to_datalake_pipeline.extract_from_git 2021-08-08T02:20:00+00:00 [running]> on host 8e182e432c34
[2021-08-08 02:26:13,190] {taskinstance.py:1302} INFO - Exporting the following env vars:
AIRFLOW_CTX_DAG_OWNER=***
AIRFLOW_CTX_DAG_ID=to_datalake_pipeline
AIRFLOW_CTX_TASK_ID=extract_from_git
AIRFLOW_CTX_EXECUTION_DATE=2021-08-08T02:20:00+00:00
AIRFLOW_CTX_DAG_RUN_ID=scheduled__2021-08-08T02:20:00+00:00
[2021-08-08 02:26:13,195] {logging_mixin.py:104} INFO - Downloading data from -> https://raw.githubusercontent.com/rezaprimasatya/DTO-DE-JUN-MID/main/data.zip
[2021-08-08 02:26:14,048] {logging_mixin.py:104} INFO - Unzipping Data
[2021-08-08 02:26:14,350] {logging_mixin.py:104} INFO - Transform Data to Pandas Dataframe
[2021-08-08 02:26:15,141] {logging_mixin.py:104} INFO - Load data to datalake
[2021-08-08 02:26:15,392] {logging_mixin.py:104} INFO - Load table : REGION
[2021-08-08 02:26:15,577] {logging_mixin.py:104} INFO - Load table : NATION
[2021-08-08 02:26:15,638] {logging_mixin.py:104} INFO - Load table : PART
[2021-08-08 02:26:16,132] {logging_mixin.py:104} INFO - Load table : SUPPLIER
[2021-08-08 02:26:16,217] {logging_mixin.py:104} INFO - Load table : PARTSUPP
[2021-08-08 02:26:17,758] {logging_mixin.py:104} INFO - Load table : CUSTOMER
[2021-08-08 02:26:18,184] {logging_mixin.py:104} INFO - Load table : ORDERS
[2021-08-08 02:26:20,965] {logging_mixin.py:104} INFO - Load table : LINEITEM
[2021-08-08 02:26:36,165] {python.py:151} INFO - Done. Returned value was: None
[2021-08-08 02:26:36,200] {taskinstance.py:1211} INFO - Marking task as SUCCESS. dag_id=to_datalake_pipeline, task_id=extract_from_git, execution_date=20210808T022000, start_date=20210808T022612, end_date=20210808T022636
[2021-08-08 02:26:36,282] {taskinstance.py:1265} INFO - 0 downstream tasks scheduled from follow-on schedule check
[2021-08-08 02:26:36,407] {local_task_job.py:149} INFO - Task exited with return code 0
