[2021-08-08 05:06:01,769] {taskinstance.py:896} INFO - Dependencies all met for <TaskInstance: standardized_pipeline.create_standardized_table_line_items 2021-08-08T05:00:00+00:00 [queued]>
[2021-08-08 05:06:01,793] {taskinstance.py:896} INFO - Dependencies all met for <TaskInstance: standardized_pipeline.create_standardized_table_line_items 2021-08-08T05:00:00+00:00 [queued]>
[2021-08-08 05:06:01,795] {taskinstance.py:1087} INFO - 
--------------------------------------------------------------------------------
[2021-08-08 05:06:01,796] {taskinstance.py:1088} INFO - Starting attempt 1 of 11
[2021-08-08 05:06:01,797] {taskinstance.py:1089} INFO - 
--------------------------------------------------------------------------------
[2021-08-08 05:06:01,832] {taskinstance.py:1107} INFO - Executing <Task(MySqlOperator): create_standardized_table_line_items> on 2021-08-08T05:00:00+00:00
[2021-08-08 05:06:01,848] {standard_task_runner.py:52} INFO - Started process 6800 to run task
[2021-08-08 05:06:01,883] {standard_task_runner.py:76} INFO - Running: ['***', 'tasks', 'run', 'standardized_pipeline', 'create_standardized_table_line_items', '2021-08-08T05:00:00+00:00', '--job-id', '94', '--pool', 'default_pool', '--raw', '--subdir', 'DAGS_FOLDER/standardized_pipeline.py', '--cfg-path', '/tmp/tmpdk_oh8fd', '--error-file', '/tmp/tmpklcx1eyi']
[2021-08-08 05:06:01,887] {standard_task_runner.py:77} INFO - Job 94: Subtask create_standardized_table_line_items
[2021-08-08 05:06:01,969] {logging_mixin.py:104} INFO - Running <TaskInstance: standardized_pipeline.create_standardized_table_line_items 2021-08-08T05:00:00+00:00 [running]> on host 75feb3cfb2a6
[2021-08-08 05:06:02,059] {taskinstance.py:1302} INFO - Exporting the following env vars:
AIRFLOW_CTX_DAG_EMAIL=wildangbudhi@gmail.com
AIRFLOW_CTX_DAG_OWNER=***
AIRFLOW_CTX_DAG_ID=standardized_pipeline
AIRFLOW_CTX_TASK_ID=create_standardized_table_line_items
AIRFLOW_CTX_EXECUTION_DATE=2021-08-08T05:00:00+00:00
AIRFLOW_CTX_DAG_RUN_ID=scheduled__2021-08-08T05:00:00+00:00
[2021-08-08 05:06:02,060] {mysql.py:70} INFO - Executing: CREATE TABLE IF NOT EXISTS standardized.line_items (INGESTION_TIMESTAMP TIMESTAMP NOT NULL DEFAULT CURRENT_TIMESTAMP) AS
WITH data_last_5_minutes AS (
	SELECT 
        DISTINCT
        CAST(L_ORDERKEY AS SIGNED) AS ORDER_KEY, 
        CAST(L_PARTKEY AS SIGNED) AS PART_KEY, 
        CAST(L_SUPPKEY AS SIGNED) AS SUPPLIER_KEY, 
        CAST(L_LINENUMBER AS SIGNED) AS LINE_TIME_NUMBER, 
        CAST(L_QUANTITY AS SIGNED) AS LINE_ITEM_QUANTITY, 
        CAST(L_EXTENDEDPRICE AS SIGNED) AS LINE_ITEM_EXTENDED_PRICE, 
        CAST(L_DISCOUNT AS SIGNED) AS LINE_ITEM_DISCOUNT, 
        CAST(L_TAX AS SIGNED) AS LINE_ITEM_TAX, 
        L_RETURNFLAG AS LINE_ITEM_RETURN_FLAG, 
        L_LINESTATUS AS LINE_ITEM_STATUS_TYPE, 
        CAST(L_SHIPDATE AS DATE) AS LINE_ITEM_SHIP_DATE, 
        CAST(L_COMMITDATE AS DATE) AS LINE_ITEM_COMMIT_DATE, 
        CAST(L_RECEIPTDATE AS DATE) AS LINE_ITEM_RECEIPT_DATE, 
        L_SHIPINSTRUCT AS LINE_ITEM_SHIP_INSTRUCTION_TYPE, 
        L_SHIPMODE AS LINE_ITEM_SHIP_MODE_TYPE, 
        L_COMMENT AS LINE_ITEM_COMMENT,
        NOW() AS INGESTION_TIMESTAMP
    FROM 
        datalake.LINEITEM l
    WHERE 
        l.INGESTION_TIMESTAMP >= DATE_SUB(NOW(), INTERVAL 5 MINUTE)
)

SELECT 
	* 
FROM 
	data_last_5_minutes
[2021-08-08 05:06:02,080] {base.py:78} INFO - Using connection to: id: dwh_id. Host: dwh, Port: 3306, Schema: , Login: root, Password: ***, extra: {}
[2021-08-08 05:06:02,093] {dbapi.py:204} INFO - Running statement: CREATE TABLE IF NOT EXISTS standardized.line_items (INGESTION_TIMESTAMP TIMESTAMP NOT NULL DEFAULT CURRENT_TIMESTAMP) AS
WITH data_last_5_minutes AS (
	SELECT 
        DISTINCT
        CAST(L_ORDERKEY AS SIGNED) AS ORDER_KEY, 
        CAST(L_PARTKEY AS SIGNED) AS PART_KEY, 
        CAST(L_SUPPKEY AS SIGNED) AS SUPPLIER_KEY, 
        CAST(L_LINENUMBER AS SIGNED) AS LINE_TIME_NUMBER, 
        CAST(L_QUANTITY AS SIGNED) AS LINE_ITEM_QUANTITY, 
        CAST(L_EXTENDEDPRICE AS SIGNED) AS LINE_ITEM_EXTENDED_PRICE, 
        CAST(L_DISCOUNT AS SIGNED) AS LINE_ITEM_DISCOUNT, 
        CAST(L_TAX AS SIGNED) AS LINE_ITEM_TAX, 
        L_RETURNFLAG AS LINE_ITEM_RETURN_FLAG, 
        L_LINESTATUS AS LINE_ITEM_STATUS_TYPE, 
        CAST(L_SHIPDATE AS DATE) AS LINE_ITEM_SHIP_DATE, 
        CAST(L_COMMITDATE AS DATE) AS LINE_ITEM_COMMIT_DATE, 
        CAST(L_RECEIPTDATE AS DATE) AS LINE_ITEM_RECEIPT_DATE, 
        L_SHIPINSTRUCT AS LINE_ITEM_SHIP_INSTRUCTION_TYPE, 
        L_SHIPMODE AS LINE_ITEM_SHIP_MODE_TYPE, 
        L_COMMENT AS LINE_ITEM_COMMENT,
        NOW() AS INGESTION_TIMESTAMP
    FROM 
        datalake.LINEITEM l
    WHERE 
        l.INGESTION_TIMESTAMP >= DATE_SUB(NOW(), INTERVAL 5 MINUTE)
)

SELECT 
	* 
FROM 
	data_last_5_minutes, parameters: None
[2021-08-08 05:06:02,095] {dbapi.py:212} INFO - Rows affected: 0
[2021-08-08 05:06:02,123] {taskinstance.py:1211} INFO - Marking task as SUCCESS. dag_id=standardized_pipeline, task_id=create_standardized_table_line_items, execution_date=20210808T050000, start_date=20210808T050601, end_date=20210808T050602
[2021-08-08 05:06:02,197] {taskinstance.py:1265} INFO - 1 downstream tasks scheduled from follow-on schedule check
[2021-08-08 05:06:02,227] {local_task_job.py:149} INFO - Task exited with return code 0
[2021-08-08 05:11:19,146] {taskinstance.py:896} INFO - Dependencies all met for <TaskInstance: standardized_pipeline.create_standardized_table_line_items 2021-08-08T05:00:00+00:00 [queued]>
[2021-08-08 05:11:19,188] {taskinstance.py:896} INFO - Dependencies all met for <TaskInstance: standardized_pipeline.create_standardized_table_line_items 2021-08-08T05:00:00+00:00 [queued]>
[2021-08-08 05:11:19,194] {taskinstance.py:1087} INFO - 
--------------------------------------------------------------------------------
[2021-08-08 05:11:19,198] {taskinstance.py:1088} INFO - Starting attempt 1 of 11
[2021-08-08 05:11:19,202] {taskinstance.py:1089} INFO - 
--------------------------------------------------------------------------------
[2021-08-08 05:11:19,231] {taskinstance.py:1107} INFO - Executing <Task(MySqlOperator): create_standardized_table_line_items> on 2021-08-08T05:00:00+00:00
[2021-08-08 05:11:19,242] {standard_task_runner.py:52} INFO - Started process 306 to run task
[2021-08-08 05:11:19,255] {standard_task_runner.py:76} INFO - Running: ['***', 'tasks', 'run', 'standardized_pipeline', 'create_standardized_table_line_items', '2021-08-08T05:00:00+00:00', '--job-id', '13', '--pool', 'default_pool', '--raw', '--subdir', 'DAGS_FOLDER/standardized_pipeline.py', '--cfg-path', '/tmp/tmpx7leoo6x', '--error-file', '/tmp/tmpbx3mesjz']
[2021-08-08 05:11:19,256] {standard_task_runner.py:77} INFO - Job 13: Subtask create_standardized_table_line_items
[2021-08-08 05:11:19,390] {logging_mixin.py:104} INFO - Running <TaskInstance: standardized_pipeline.create_standardized_table_line_items 2021-08-08T05:00:00+00:00 [running]> on host dbfb9e13da58
[2021-08-08 05:11:19,528] {taskinstance.py:1302} INFO - Exporting the following env vars:
AIRFLOW_CTX_DAG_EMAIL=wildangbudhi@gmail.com
AIRFLOW_CTX_DAG_OWNER=***
AIRFLOW_CTX_DAG_ID=standardized_pipeline
AIRFLOW_CTX_TASK_ID=create_standardized_table_line_items
AIRFLOW_CTX_EXECUTION_DATE=2021-08-08T05:00:00+00:00
AIRFLOW_CTX_DAG_RUN_ID=scheduled__2021-08-08T05:00:00+00:00
[2021-08-08 05:11:19,530] {mysql.py:70} INFO - Executing: CREATE TABLE IF NOT EXISTS standardized.line_items (INGESTION_TIMESTAMP TIMESTAMP NOT NULL DEFAULT CURRENT_TIMESTAMP) AS
WITH data_last_5_minutes AS (
	SELECT 
        DISTINCT
        CAST(L_ORDERKEY AS SIGNED) AS ORDER_KEY, 
        CAST(L_PARTKEY AS SIGNED) AS PART_KEY, 
        CAST(L_SUPPKEY AS SIGNED) AS SUPPLIER_KEY, 
        CAST(L_LINENUMBER AS SIGNED) AS LINE_TIME_NUMBER, 
        CAST(L_QUANTITY AS SIGNED) AS LINE_ITEM_QUANTITY, 
        CAST(L_EXTENDEDPRICE AS SIGNED) AS LINE_ITEM_EXTENDED_PRICE, 
        CAST(L_DISCOUNT AS SIGNED) AS LINE_ITEM_DISCOUNT, 
        CAST(L_TAX AS SIGNED) AS LINE_ITEM_TAX, 
        L_RETURNFLAG AS LINE_ITEM_RETURN_FLAG, 
        L_LINESTATUS AS LINE_ITEM_STATUS_TYPE, 
        CAST(L_SHIPDATE AS DATE) AS LINE_ITEM_SHIP_DATE, 
        CAST(L_COMMITDATE AS DATE) AS LINE_ITEM_COMMIT_DATE, 
        CAST(L_RECEIPTDATE AS DATE) AS LINE_ITEM_RECEIPT_DATE, 
        L_SHIPINSTRUCT AS LINE_ITEM_SHIP_INSTRUCTION_TYPE, 
        L_SHIPMODE AS LINE_ITEM_SHIP_MODE_TYPE, 
        L_COMMENT AS LINE_ITEM_COMMENT,
        NOW() AS INGESTION_TIMESTAMP
    FROM 
        datalake.LINEITEM l
    WHERE 
        l.INGESTION_TIMESTAMP >= DATE_SUB(NOW(), INTERVAL 5 MINUTE)
)

SELECT 
	* 
FROM 
	data_last_5_minutes
[2021-08-08 05:11:19,557] {base.py:78} INFO - Using connection to: id: dwh_id. Host: dwh, Port: 3306, Schema: , Login: root, Password: ***, extra: {}
[2021-08-08 05:11:19,578] {dbapi.py:204} INFO - Running statement: CREATE TABLE IF NOT EXISTS standardized.line_items (INGESTION_TIMESTAMP TIMESTAMP NOT NULL DEFAULT CURRENT_TIMESTAMP) AS
WITH data_last_5_minutes AS (
	SELECT 
        DISTINCT
        CAST(L_ORDERKEY AS SIGNED) AS ORDER_KEY, 
        CAST(L_PARTKEY AS SIGNED) AS PART_KEY, 
        CAST(L_SUPPKEY AS SIGNED) AS SUPPLIER_KEY, 
        CAST(L_LINENUMBER AS SIGNED) AS LINE_TIME_NUMBER, 
        CAST(L_QUANTITY AS SIGNED) AS LINE_ITEM_QUANTITY, 
        CAST(L_EXTENDEDPRICE AS SIGNED) AS LINE_ITEM_EXTENDED_PRICE, 
        CAST(L_DISCOUNT AS SIGNED) AS LINE_ITEM_DISCOUNT, 
        CAST(L_TAX AS SIGNED) AS LINE_ITEM_TAX, 
        L_RETURNFLAG AS LINE_ITEM_RETURN_FLAG, 
        L_LINESTATUS AS LINE_ITEM_STATUS_TYPE, 
        CAST(L_SHIPDATE AS DATE) AS LINE_ITEM_SHIP_DATE, 
        CAST(L_COMMITDATE AS DATE) AS LINE_ITEM_COMMIT_DATE, 
        CAST(L_RECEIPTDATE AS DATE) AS LINE_ITEM_RECEIPT_DATE, 
        L_SHIPINSTRUCT AS LINE_ITEM_SHIP_INSTRUCTION_TYPE, 
        L_SHIPMODE AS LINE_ITEM_SHIP_MODE_TYPE, 
        L_COMMENT AS LINE_ITEM_COMMENT,
        NOW() AS INGESTION_TIMESTAMP
    FROM 
        datalake.LINEITEM l
    WHERE 
        l.INGESTION_TIMESTAMP >= DATE_SUB(NOW(), INTERVAL 5 MINUTE)
)

SELECT 
	* 
FROM 
	data_last_5_minutes, parameters: None
[2021-08-08 05:11:22,655] {dbapi.py:212} INFO - Rows affected: 60175
[2021-08-08 05:11:22,684] {taskinstance.py:1211} INFO - Marking task as SUCCESS. dag_id=standardized_pipeline, task_id=create_standardized_table_line_items, execution_date=20210808T050000, start_date=20210808T051119, end_date=20210808T051122
[2021-08-08 05:11:22,752] {taskinstance.py:1265} INFO - 1 downstream tasks scheduled from follow-on schedule check
[2021-08-08 05:11:22,806] {local_task_job.py:149} INFO - Task exited with return code 0
