[2021-08-08 05:55:00,371] {taskinstance.py:896} INFO - Dependencies all met for <TaskInstance: standardized_pipeline.standardized_pipeline_start 2021-08-08T05:50:00+00:00 [queued]>
[2021-08-08 05:55:00,384] {taskinstance.py:896} INFO - Dependencies all met for <TaskInstance: standardized_pipeline.standardized_pipeline_start 2021-08-08T05:50:00+00:00 [queued]>
[2021-08-08 05:55:00,385] {taskinstance.py:1087} INFO - 
--------------------------------------------------------------------------------
[2021-08-08 05:55:00,386] {taskinstance.py:1088} INFO - Starting attempt 1 of 11
[2021-08-08 05:55:00,386] {taskinstance.py:1089} INFO - 
--------------------------------------------------------------------------------
[2021-08-08 05:55:00,393] {taskinstance.py:1107} INFO - Executing <Task(ExternalTaskSensor): standardized_pipeline_start> on 2021-08-08T05:50:00+00:00
[2021-08-08 05:55:00,397] {standard_task_runner.py:52} INFO - Started process 3180 to run task
[2021-08-08 05:55:00,404] {standard_task_runner.py:76} INFO - Running: ['***', 'tasks', 'run', 'standardized_pipeline', 'standardized_pipeline_start', '2021-08-08T05:50:00+00:00', '--job-id', '206', '--pool', 'default_pool', '--raw', '--subdir', 'DAGS_FOLDER/standardized_pipeline.py', '--cfg-path', '/tmp/tmpnpl0sfh3', '--error-file', '/tmp/tmp58qnh3jv']
[2021-08-08 05:55:00,406] {standard_task_runner.py:77} INFO - Job 206: Subtask standardized_pipeline_start
[2021-08-08 05:55:00,454] {logging_mixin.py:104} INFO - Running <TaskInstance: standardized_pipeline.standardized_pipeline_start 2021-08-08T05:50:00+00:00 [running]> on host b48e43d568d5
[2021-08-08 05:55:00,507] {taskinstance.py:1302} INFO - Exporting the following env vars:
AIRFLOW_CTX_DAG_EMAIL=wildangbudhi@gmail.com
AIRFLOW_CTX_DAG_OWNER=***
AIRFLOW_CTX_DAG_ID=standardized_pipeline
AIRFLOW_CTX_TASK_ID=standardized_pipeline_start
AIRFLOW_CTX_EXECUTION_DATE=2021-08-08T05:50:00+00:00
AIRFLOW_CTX_DAG_RUN_ID=scheduled__2021-08-08T05:50:00+00:00
[2021-08-08 05:55:00,509] {external_task.py:152} INFO - Poking for to_datalake_pipeline.to_datalake_pipeline_end on 2021-08-08T05:50:00+00:00 ... 
[2021-08-08 05:56:00,514] {external_task.py:152} INFO - Poking for to_datalake_pipeline.to_datalake_pipeline_end on 2021-08-08T05:50:00+00:00 ... 
[2021-08-08 05:56:00,524] {base.py:248} INFO - Success criteria met. Exiting.
[2021-08-08 05:56:00,531] {taskinstance.py:1211} INFO - Marking task as SUCCESS. dag_id=standardized_pipeline, task_id=standardized_pipeline_start, execution_date=20210808T055000, start_date=20210808T055500, end_date=20210808T055600
[2021-08-08 05:56:00,567] {taskinstance.py:1265} INFO - 8 downstream tasks scheduled from follow-on schedule check
[2021-08-08 05:56:00,610] {local_task_job.py:149} INFO - Task exited with return code 0
