[2021-08-08 05:31:02,869] {taskinstance.py:896} INFO - Dependencies all met for <TaskInstance: standardized_pipeline.standardized_suppliers 2021-08-08T05:25:00+00:00 [queued]>
[2021-08-08 05:31:02,902] {taskinstance.py:896} INFO - Dependencies all met for <TaskInstance: standardized_pipeline.standardized_suppliers 2021-08-08T05:25:00+00:00 [queued]>
[2021-08-08 05:31:02,904] {taskinstance.py:1087} INFO - 
--------------------------------------------------------------------------------
[2021-08-08 05:31:02,905] {taskinstance.py:1088} INFO - Starting attempt 1 of 11
[2021-08-08 05:31:02,906] {taskinstance.py:1089} INFO - 
--------------------------------------------------------------------------------
[2021-08-08 05:31:02,923] {taskinstance.py:1107} INFO - Executing <Task(MySqlOperator): standardized_suppliers> on 2021-08-08T05:25:00+00:00
[2021-08-08 05:31:02,942] {standard_task_runner.py:76} INFO - Running: ['***', 'tasks', 'run', 'standardized_pipeline', 'standardized_suppliers', '2021-08-08T05:25:00+00:00', '--job-id', '71', '--pool', 'default_pool', '--raw', '--subdir', 'DAGS_FOLDER/standardized_pipeline.py', '--cfg-path', '/tmp/tmp1mri83yu', '--error-file', '/tmp/tmpxevwugj7']
[2021-08-08 05:31:02,929] {standard_task_runner.py:52} INFO - Started process 826 to run task
[2021-08-08 05:31:02,948] {standard_task_runner.py:77} INFO - Job 71: Subtask standardized_suppliers
[2021-08-08 05:31:03,054] {logging_mixin.py:104} INFO - Running <TaskInstance: standardized_pipeline.standardized_suppliers 2021-08-08T05:25:00+00:00 [running]> on host b48e43d568d5
[2021-08-08 05:31:03,127] {taskinstance.py:1302} INFO - Exporting the following env vars:
AIRFLOW_CTX_DAG_EMAIL=wildangbudhi@gmail.com
AIRFLOW_CTX_DAG_OWNER=***
AIRFLOW_CTX_DAG_ID=standardized_pipeline
AIRFLOW_CTX_TASK_ID=standardized_suppliers
AIRFLOW_CTX_EXECUTION_DATE=2021-08-08T05:25:00+00:00
AIRFLOW_CTX_DAG_RUN_ID=scheduled__2021-08-08T05:25:00+00:00
[2021-08-08 05:31:03,128] {mysql.py:70} INFO - Executing: INSERT INTO standardized.suppliers
WITH data_last_5_minutes AS (
	SELECT
        DISTINCT
        CAST(S_SUPPKEY AS SIGNED) AS SUPPLIER_KEY,
        S_NAME AS SUPPLIER_NAME,
        S_ADDRESS AS SUPPLIER_ADDRESS,
        CAST(S_NATIONKEY AS SIGNED) AS NATION_KEY,
        S_PHONE AS SUPPLIER_PHONE,
        S_ACCTBAL AS SUPPLIER_ACCOUNT_BALANCE_TOTAL,
        S_COMMENT AS SUPPLIER_COMMENT,
        NOW() AS INGESTION_TIMESTAMP
    FROM
        datalake.SUPPLIER s
    WHERE 
        s.INGESTION_TIMESTAMP >= DATE_SUB(NOW(), INTERVAL 5 MINUTE)
)

SELECT 
	* 
FROM 
	data_last_5_minutes
[2021-08-08 05:31:03,143] {base.py:78} INFO - Using connection to: id: dwh_id. Host: dwh, Port: 3306, Schema: , Login: root, Password: ***, extra: {}
[2021-08-08 05:31:03,153] {dbapi.py:204} INFO - Running statement: INSERT INTO standardized.suppliers
WITH data_last_5_minutes AS (
	SELECT
        DISTINCT
        CAST(S_SUPPKEY AS SIGNED) AS SUPPLIER_KEY,
        S_NAME AS SUPPLIER_NAME,
        S_ADDRESS AS SUPPLIER_ADDRESS,
        CAST(S_NATIONKEY AS SIGNED) AS NATION_KEY,
        S_PHONE AS SUPPLIER_PHONE,
        S_ACCTBAL AS SUPPLIER_ACCOUNT_BALANCE_TOTAL,
        S_COMMENT AS SUPPLIER_COMMENT,
        NOW() AS INGESTION_TIMESTAMP
    FROM
        datalake.SUPPLIER s
    WHERE 
        s.INGESTION_TIMESTAMP >= DATE_SUB(NOW(), INTERVAL 5 MINUTE)
)

SELECT 
	* 
FROM 
	data_last_5_minutes, parameters: None
[2021-08-08 05:31:03,159] {dbapi.py:212} INFO - Rows affected: 100
[2021-08-08 05:31:03,185] {taskinstance.py:1211} INFO - Marking task as SUCCESS. dag_id=standardized_pipeline, task_id=standardized_suppliers, execution_date=20210808T052500, start_date=20210808T053102, end_date=20210808T053103
[2021-08-08 05:31:03,245] {taskinstance.py:1265} INFO - 0 downstream tasks scheduled from follow-on schedule check
[2021-08-08 05:31:03,290] {local_task_job.py:149} INFO - Task exited with return code 0
[2021-08-08 07:22:07,584] {taskinstance.py:896} INFO - Dependencies all met for <TaskInstance: standardized_pipeline.standardized_suppliers 2021-08-08T05:25:00+00:00 [queued]>
[2021-08-08 07:22:07,617] {taskinstance.py:896} INFO - Dependencies all met for <TaskInstance: standardized_pipeline.standardized_suppliers 2021-08-08T05:25:00+00:00 [queued]>
[2021-08-08 07:22:07,618] {taskinstance.py:1087} INFO - 
--------------------------------------------------------------------------------
[2021-08-08 07:22:07,619] {taskinstance.py:1088} INFO - Starting attempt 1 of 11
[2021-08-08 07:22:07,620] {taskinstance.py:1089} INFO - 
--------------------------------------------------------------------------------
[2021-08-08 07:22:07,640] {taskinstance.py:1107} INFO - Executing <Task(MySqlOperator): standardized_suppliers> on 2021-08-08T05:25:00+00:00
[2021-08-08 07:22:07,651] {standard_task_runner.py:76} INFO - Running: ['***', 'tasks', 'run', 'standardized_pipeline', 'standardized_suppliers', '2021-08-08T05:25:00+00:00', '--job-id', '14', '--pool', 'default_pool', '--raw', '--subdir', 'DAGS_FOLDER/standardized_pipeline.py', '--cfg-path', '/tmp/tmpv6275281', '--error-file', '/tmp/tmpzg6bst6q']
[2021-08-08 07:22:07,644] {standard_task_runner.py:52} INFO - Started process 290 to run task
[2021-08-08 07:22:07,660] {standard_task_runner.py:77} INFO - Job 14: Subtask standardized_suppliers
[2021-08-08 07:22:07,788] {logging_mixin.py:104} INFO - Running <TaskInstance: standardized_pipeline.standardized_suppliers 2021-08-08T05:25:00+00:00 [running]> on host af246ab3df74
[2021-08-08 07:22:07,889] {taskinstance.py:1302} INFO - Exporting the following env vars:
AIRFLOW_CTX_DAG_OWNER=***
AIRFLOW_CTX_DAG_ID=standardized_pipeline
AIRFLOW_CTX_TASK_ID=standardized_suppliers
AIRFLOW_CTX_EXECUTION_DATE=2021-08-08T05:25:00+00:00
AIRFLOW_CTX_DAG_RUN_ID=scheduled__2021-08-08T05:25:00+00:00
[2021-08-08 07:22:07,892] {mysql.py:70} INFO - Executing: INSERT INTO standardized.suppliers
WITH data_last_5_minutes AS (
	SELECT
        DISTINCT
        CAST(S_SUPPKEY AS SIGNED) AS SUPPLIER_KEY,
        S_NAME AS SUPPLIER_NAME,
        S_ADDRESS AS SUPPLIER_ADDRESS,
        CAST(S_NATIONKEY AS SIGNED) AS NATION_KEY,
        S_PHONE AS SUPPLIER_PHONE,
        S_ACCTBAL AS SUPPLIER_ACCOUNT_BALANCE_TOTAL,
        S_COMMENT AS SUPPLIER_COMMENT,
        NOW() AS INGESTION_TIMESTAMP
    FROM
        datalake.SUPPLIER s
    WHERE 
        s.INGESTION_TIMESTAMP >= DATE_SUB(NOW(), INTERVAL 1 HOUR)
)

SELECT 
	* 
FROM 
	data_last_5_minutes
[2021-08-08 07:22:07,920] {base.py:78} INFO - Using connection to: id: dwh_id. Host: dwh, Port: 3306, Schema: , Login: root, Password: ***, extra: {}
[2021-08-08 07:22:07,956] {dbapi.py:204} INFO - Running statement: INSERT INTO standardized.suppliers
WITH data_last_5_minutes AS (
	SELECT
        DISTINCT
        CAST(S_SUPPKEY AS SIGNED) AS SUPPLIER_KEY,
        S_NAME AS SUPPLIER_NAME,
        S_ADDRESS AS SUPPLIER_ADDRESS,
        CAST(S_NATIONKEY AS SIGNED) AS NATION_KEY,
        S_PHONE AS SUPPLIER_PHONE,
        S_ACCTBAL AS SUPPLIER_ACCOUNT_BALANCE_TOTAL,
        S_COMMENT AS SUPPLIER_COMMENT,
        NOW() AS INGESTION_TIMESTAMP
    FROM
        datalake.SUPPLIER s
    WHERE 
        s.INGESTION_TIMESTAMP >= DATE_SUB(NOW(), INTERVAL 1 HOUR)
)

SELECT 
	* 
FROM 
	data_last_5_minutes, parameters: None
[2021-08-08 07:22:07,970] {dbapi.py:212} INFO - Rows affected: 100
[2021-08-08 07:22:08,010] {taskinstance.py:1211} INFO - Marking task as SUCCESS. dag_id=standardized_pipeline, task_id=standardized_suppliers, execution_date=20210808T052500, start_date=20210808T072207, end_date=20210808T072208
[2021-08-08 07:22:08,079] {taskinstance.py:1265} INFO - 0 downstream tasks scheduled from follow-on schedule check
[2021-08-08 07:22:08,132] {local_task_job.py:149} INFO - Task exited with return code 0
