[2021-08-08 01:14:53,443] {taskinstance.py:896} INFO - Dependencies all met for <TaskInstance: to_datalake_pipeline.extract_from_git 2021-08-08T01:05:00+00:00 [queued]>
[2021-08-08 01:14:53,454] {taskinstance.py:896} INFO - Dependencies all met for <TaskInstance: to_datalake_pipeline.extract_from_git 2021-08-08T01:05:00+00:00 [queued]>
[2021-08-08 01:14:53,455] {taskinstance.py:1087} INFO - 
--------------------------------------------------------------------------------
[2021-08-08 01:14:53,456] {taskinstance.py:1088} INFO - Starting attempt 1 of 1
[2021-08-08 01:14:53,456] {taskinstance.py:1089} INFO - 
--------------------------------------------------------------------------------
[2021-08-08 01:14:53,469] {taskinstance.py:1107} INFO - Executing <Task(PythonOperator): extract_from_git> on 2021-08-08T01:05:00+00:00
[2021-08-08 01:14:53,474] {standard_task_runner.py:52} INFO - Started process 139 to run task
[2021-08-08 01:14:53,478] {standard_task_runner.py:76} INFO - Running: ['***', 'tasks', 'run', 'to_datalake_pipeline', 'extract_from_git', '2021-08-08T01:05:00+00:00', '--job-id', '2', '--pool', 'default_pool', '--raw', '--subdir', 'DAGS_FOLDER/to_datalake_pipeline.py', '--cfg-path', '/tmp/tmpqdh2tppu', '--error-file', '/tmp/tmpqoo_slio']
[2021-08-08 01:14:53,479] {standard_task_runner.py:77} INFO - Job 2: Subtask extract_from_git
[2021-08-08 01:14:53,527] {logging_mixin.py:104} INFO - Running <TaskInstance: to_datalake_pipeline.extract_from_git 2021-08-08T01:05:00+00:00 [running]> on host 0ae5e47d1a95
[2021-08-08 01:14:53,581] {taskinstance.py:1302} INFO - Exporting the following env vars:
AIRFLOW_CTX_DAG_OWNER=***
AIRFLOW_CTX_DAG_ID=to_datalake_pipeline
AIRFLOW_CTX_TASK_ID=extract_from_git
AIRFLOW_CTX_EXECUTION_DATE=2021-08-08T01:05:00+00:00
AIRFLOW_CTX_DAG_RUN_ID=scheduled__2021-08-08T01:05:00+00:00
[2021-08-08 01:14:53,583] {logging_mixin.py:104} INFO - Downloading data from -> https://raw.githubusercontent.com/rezaprimasatya/DTO-DE-JUN-MID/main/data.zip
[2021-08-08 01:14:55,861] {logging_mixin.py:104} INFO - Unzipping Data
[2021-08-08 01:14:55,953] {logging_mixin.py:104} INFO - Transform Data to Pandas Dataframe
[2021-08-08 01:14:56,225] {logging_mixin.py:104} INFO - Load data to datalake
[2021-08-08 01:14:56,292] {logging_mixin.py:104} INFO - Load table : REGION
[2021-08-08 01:14:56,347] {logging_mixin.py:104} INFO - Load table : NATION
[2021-08-08 01:14:56,367] {logging_mixin.py:104} INFO - Load table : PART
[2021-08-08 01:14:56,501] {logging_mixin.py:104} INFO - Load table : SUPPLIER
[2021-08-08 01:14:56,525] {logging_mixin.py:104} INFO - Load table : PARTSUPP
[2021-08-08 01:14:57,000] {logging_mixin.py:104} INFO - Load table : CUSTOMER
[2021-08-08 01:14:57,114] {logging_mixin.py:104} INFO - Load table : ORDERS
[2021-08-08 01:14:57,823] {logging_mixin.py:104} INFO - Load table : LINEITEM
[2021-08-08 01:15:01,933] {python.py:151} INFO - Done. Returned value was: None
[2021-08-08 01:15:01,943] {taskinstance.py:1211} INFO - Marking task as SUCCESS. dag_id=to_datalake_pipeline, task_id=extract_from_git, execution_date=20210808T010500, start_date=20210808T011453, end_date=20210808T011501
[2021-08-08 01:15:01,965] {taskinstance.py:1265} INFO - 0 downstream tasks scheduled from follow-on schedule check
[2021-08-08 01:15:02,016] {local_task_job.py:149} INFO - Task exited with return code 0
