[2021-08-07 15:03:30,157] {taskinstance.py:896} INFO - Dependencies all met for <TaskInstance: to_datalake_pipeline.extract_from_git 2021-08-07T14:55:00+00:00 [queued]>
[2021-08-07 15:03:30,172] {taskinstance.py:896} INFO - Dependencies all met for <TaskInstance: to_datalake_pipeline.extract_from_git 2021-08-07T14:55:00+00:00 [queued]>
[2021-08-07 15:03:30,173] {taskinstance.py:1087} INFO - 
--------------------------------------------------------------------------------
[2021-08-07 15:03:30,173] {taskinstance.py:1088} INFO - Starting attempt 1 of 1
[2021-08-07 15:03:30,174] {taskinstance.py:1089} INFO - 
--------------------------------------------------------------------------------
[2021-08-07 15:03:30,181] {taskinstance.py:1107} INFO - Executing <Task(PythonOperator): extract_from_git> on 2021-08-07T14:55:00+00:00
[2021-08-07 15:03:30,186] {standard_task_runner.py:52} INFO - Started process 8493 to run task
[2021-08-07 15:03:30,190] {standard_task_runner.py:76} INFO - Running: ['***', 'tasks', 'run', 'to_datalake_pipeline', 'extract_from_git', '2021-08-07T14:55:00+00:00', '--job-id', '110', '--pool', 'default_pool', '--raw', '--subdir', 'DAGS_FOLDER/to_datalake_pipeline.py', '--cfg-path', '/tmp/tmp29lfv03a', '--error-file', '/tmp/tmpu95jqycw']
[2021-08-07 15:03:30,191] {standard_task_runner.py:77} INFO - Job 110: Subtask extract_from_git
[2021-08-07 15:03:30,236] {logging_mixin.py:104} INFO - Running <TaskInstance: to_datalake_pipeline.extract_from_git 2021-08-07T14:55:00+00:00 [running]> on host ab70d6dafbc6
[2021-08-07 15:03:30,282] {taskinstance.py:1302} INFO - Exporting the following env vars:
AIRFLOW_CTX_DAG_OWNER=***
AIRFLOW_CTX_DAG_ID=to_datalake_pipeline
AIRFLOW_CTX_TASK_ID=extract_from_git
AIRFLOW_CTX_EXECUTION_DATE=2021-08-07T14:55:00+00:00
AIRFLOW_CTX_DAG_RUN_ID=scheduled__2021-08-07T14:55:00+00:00
[2021-08-07 15:03:30,284] {logging_mixin.py:104} INFO - Downloading data from -> https://raw.githubusercontent.com/rezaprimasatya/DTO-DE-JUN-MID/main/data.zip
[2021-08-07 15:03:31,178] {logging_mixin.py:104} INFO - Unzipping Data
[2021-08-07 15:03:31,259] {logging_mixin.py:104} INFO - Transform Data to Pandas Dataframe
[2021-08-07 15:03:31,486] {logging_mixin.py:104} INFO - Load data to datalake
[2021-08-07 15:03:31,531] {logging_mixin.py:104} INFO - Load table : REGION
[2021-08-07 15:03:31,572] {logging_mixin.py:104} INFO - Load table : NATION
[2021-08-07 15:03:31,590] {logging_mixin.py:104} INFO - Load table : PART
[2021-08-07 15:03:31,701] {logging_mixin.py:104} INFO - Load table : SUPPLIER
[2021-08-07 15:03:31,722] {logging_mixin.py:104} INFO - Load table : PARTSUPP
[2021-08-07 15:03:32,089] {logging_mixin.py:104} INFO - Load table : CUSTOMER
[2021-08-07 15:03:32,164] {logging_mixin.py:104} INFO - Load table : ORDERS
[2021-08-07 15:03:32,737] {logging_mixin.py:104} INFO - Load table : LINEITEM
[2021-08-07 15:03:36,287] {python.py:151} INFO - Done. Returned value was: None
[2021-08-07 15:03:36,300] {taskinstance.py:1211} INFO - Marking task as SUCCESS. dag_id=to_datalake_pipeline, task_id=extract_from_git, execution_date=20210807T145500, start_date=20210807T150330, end_date=20210807T150336
[2021-08-07 15:03:36,327] {taskinstance.py:1265} INFO - 0 downstream tasks scheduled from follow-on schedule check
[2021-08-07 15:03:36,364] {local_task_job.py:149} INFO - Task exited with return code 0
