[2021-08-08 11:01:04,159] {taskinstance.py:896} INFO - Dependencies all met for <TaskInstance: standardized_pipeline.standardized_customers 2021-08-08T10:00:00+00:00 [queued]>
[2021-08-08 11:01:04,179] {taskinstance.py:896} INFO - Dependencies all met for <TaskInstance: standardized_pipeline.standardized_customers 2021-08-08T10:00:00+00:00 [queued]>
[2021-08-08 11:01:04,183] {taskinstance.py:1087} INFO - 
--------------------------------------------------------------------------------
[2021-08-08 11:01:04,184] {taskinstance.py:1088} INFO - Starting attempt 1 of 11
[2021-08-08 11:01:04,184] {taskinstance.py:1089} INFO - 
--------------------------------------------------------------------------------
[2021-08-08 11:01:04,211] {taskinstance.py:1107} INFO - Executing <Task(MySqlOperator): standardized_customers> on 2021-08-08T10:00:00+00:00
[2021-08-08 11:01:04,218] {standard_task_runner.py:52} INFO - Started process 11032 to run task
[2021-08-08 11:01:04,228] {standard_task_runner.py:76} INFO - Running: ['***', 'tasks', 'run', 'standardized_pipeline', 'standardized_customers', '2021-08-08T10:00:00+00:00', '--job-id', '111', '--pool', 'default_pool', '--raw', '--subdir', 'DAGS_FOLDER/standardized_pipeline.py', '--cfg-path', '/tmp/tmpwz5xn3tw', '--error-file', '/tmp/tmp5966ksv5']
[2021-08-08 11:01:04,231] {standard_task_runner.py:77} INFO - Job 111: Subtask standardized_customers
[2021-08-08 11:01:04,312] {logging_mixin.py:104} INFO - Running <TaskInstance: standardized_pipeline.standardized_customers 2021-08-08T10:00:00+00:00 [running]> on host 99eefc5c6cd8
[2021-08-08 11:01:04,401] {taskinstance.py:1302} INFO - Exporting the following env vars:
AIRFLOW_CTX_DAG_OWNER=***
AIRFLOW_CTX_DAG_ID=standardized_pipeline
AIRFLOW_CTX_TASK_ID=standardized_customers
AIRFLOW_CTX_EXECUTION_DATE=2021-08-08T10:00:00+00:00
AIRFLOW_CTX_DAG_RUN_ID=scheduled__2021-08-08T10:00:00+00:00
[2021-08-08 11:01:04,403] {mysql.py:70} INFO - Executing: INSERT INTO standardized.customers
WITH timeframed_data AS (
	SELECT
		DISTINCT 
		CAST(C_CUSTKEY AS SIGNED) AS CUSTOMER_KEY,
		C_NAME AS CUSTOMER_NAME,
		C_ADDRESS AS CUSTOMER_ADDRESS,
		CAST(C_NATIONKEY AS SIGNED) AS NATION_KEY,
		C_PHONE AS CUSTOMER_PHONE,
		C_ACCTBAL AS CUSTOMER_ACCOUNT_BALANCE_TOTAL,
		C_MKTSEGMENT AS CUSTOMER_MARKET_SEGMENT_TYPE,
		C_COMMENT AS CUSTOMER_COMMENT,
		NOW() AS INGESTION_TIMESTAMP
	FROM
		datalake.CUSTOMER c
	WHERE 
		c.INGESTION_TIMESTAMP >= DATE_SUB(NOW(), INTERVAL 1 HOUR)
)

SELECT 
	* 
FROM 
	timeframed_data
[2021-08-08 11:01:04,416] {base.py:78} INFO - Using connection to: id: dwh_id. Host: dwh, Port: 3306, Schema: , Login: root, Password: ***, extra: {}
[2021-08-08 11:01:04,437] {dbapi.py:204} INFO - Running statement: INSERT INTO standardized.customers
WITH timeframed_data AS (
	SELECT
		DISTINCT 
		CAST(C_CUSTKEY AS SIGNED) AS CUSTOMER_KEY,
		C_NAME AS CUSTOMER_NAME,
		C_ADDRESS AS CUSTOMER_ADDRESS,
		CAST(C_NATIONKEY AS SIGNED) AS NATION_KEY,
		C_PHONE AS CUSTOMER_PHONE,
		C_ACCTBAL AS CUSTOMER_ACCOUNT_BALANCE_TOTAL,
		C_MKTSEGMENT AS CUSTOMER_MARKET_SEGMENT_TYPE,
		C_COMMENT AS CUSTOMER_COMMENT,
		NOW() AS INGESTION_TIMESTAMP
	FROM
		datalake.CUSTOMER c
	WHERE 
		c.INGESTION_TIMESTAMP >= DATE_SUB(NOW(), INTERVAL 1 HOUR)
)

SELECT 
	* 
FROM 
	timeframed_data, parameters: None
[2021-08-08 11:01:04,522] {dbapi.py:212} INFO - Rows affected: 1500
[2021-08-08 11:01:04,546] {taskinstance.py:1211} INFO - Marking task as SUCCESS. dag_id=standardized_pipeline, task_id=standardized_customers, execution_date=20210808T100000, start_date=20210808T110104, end_date=20210808T110104
[2021-08-08 11:01:04,600] {taskinstance.py:1265} INFO - 0 downstream tasks scheduled from follow-on schedule check
[2021-08-08 11:01:04,689] {local_task_job.py:149} INFO - Task exited with return code 0
[2021-08-08 11:04:35,563] {taskinstance.py:896} INFO - Dependencies all met for <TaskInstance: standardized_pipeline.standardized_customers 2021-08-08T10:00:00+00:00 [queued]>
[2021-08-08 11:04:35,604] {taskinstance.py:896} INFO - Dependencies all met for <TaskInstance: standardized_pipeline.standardized_customers 2021-08-08T10:00:00+00:00 [queued]>
[2021-08-08 11:04:35,606] {taskinstance.py:1087} INFO - 
--------------------------------------------------------------------------------
[2021-08-08 11:04:35,607] {taskinstance.py:1088} INFO - Starting attempt 1 of 11
[2021-08-08 11:04:35,608] {taskinstance.py:1089} INFO - 
--------------------------------------------------------------------------------
[2021-08-08 11:04:35,631] {taskinstance.py:1107} INFO - Executing <Task(MySqlOperator): standardized_customers> on 2021-08-08T10:00:00+00:00
[2021-08-08 11:04:35,643] {standard_task_runner.py:52} INFO - Started process 289 to run task
[2021-08-08 11:04:35,649] {standard_task_runner.py:76} INFO - Running: ['***', 'tasks', 'run', 'standardized_pipeline', 'standardized_customers', '2021-08-08T10:00:00+00:00', '--job-id', '20', '--pool', 'default_pool', '--raw', '--subdir', 'DAGS_FOLDER/standardized_pipeline.py', '--cfg-path', '/tmp/tmps746_w__', '--error-file', '/tmp/tmp6ggy4bks']
[2021-08-08 11:04:35,652] {standard_task_runner.py:77} INFO - Job 20: Subtask standardized_customers
[2021-08-08 11:04:35,750] {logging_mixin.py:104} INFO - Running <TaskInstance: standardized_pipeline.standardized_customers 2021-08-08T10:00:00+00:00 [running]> on host ce886ce1d63a
[2021-08-08 11:04:35,848] {taskinstance.py:1302} INFO - Exporting the following env vars:
AIRFLOW_CTX_DAG_OWNER=***
AIRFLOW_CTX_DAG_ID=standardized_pipeline
AIRFLOW_CTX_TASK_ID=standardized_customers
AIRFLOW_CTX_EXECUTION_DATE=2021-08-08T10:00:00+00:00
AIRFLOW_CTX_DAG_RUN_ID=scheduled__2021-08-08T10:00:00+00:00
[2021-08-08 11:04:35,849] {mysql.py:70} INFO - Executing: INSERT INTO standardized.customers
WITH timeframed_data AS (
	SELECT
		DISTINCT 
		CAST(C_CUSTKEY AS SIGNED) AS CUSTOMER_KEY,
		C_NAME AS CUSTOMER_NAME,
		C_ADDRESS AS CUSTOMER_ADDRESS,
		CAST(C_NATIONKEY AS SIGNED) AS NATION_KEY,
		C_PHONE AS CUSTOMER_PHONE,
		C_ACCTBAL AS CUSTOMER_ACCOUNT_BALANCE_TOTAL,
		C_MKTSEGMENT AS CUSTOMER_MARKET_SEGMENT_TYPE,
		C_COMMENT AS CUSTOMER_COMMENT,
		NOW() AS INGESTION_TIMESTAMP
	FROM
		datalake.CUSTOMER c
	WHERE 
		c.INGESTION_TIMESTAMP >= DATE_SUB(NOW(), INTERVAL 1 HOUR)
)

SELECT 
	* 
FROM 
	timeframed_data
[2021-08-08 11:04:35,860] {base.py:78} INFO - Using connection to: id: dwh_id. Host: dwh, Port: 3306, Schema: , Login: root, Password: ***, extra: {}
[2021-08-08 11:04:35,877] {dbapi.py:204} INFO - Running statement: INSERT INTO standardized.customers
WITH timeframed_data AS (
	SELECT
		DISTINCT 
		CAST(C_CUSTKEY AS SIGNED) AS CUSTOMER_KEY,
		C_NAME AS CUSTOMER_NAME,
		C_ADDRESS AS CUSTOMER_ADDRESS,
		CAST(C_NATIONKEY AS SIGNED) AS NATION_KEY,
		C_PHONE AS CUSTOMER_PHONE,
		C_ACCTBAL AS CUSTOMER_ACCOUNT_BALANCE_TOTAL,
		C_MKTSEGMENT AS CUSTOMER_MARKET_SEGMENT_TYPE,
		C_COMMENT AS CUSTOMER_COMMENT,
		NOW() AS INGESTION_TIMESTAMP
	FROM
		datalake.CUSTOMER c
	WHERE 
		c.INGESTION_TIMESTAMP >= DATE_SUB(NOW(), INTERVAL 1 HOUR)
)

SELECT 
	* 
FROM 
	timeframed_data, parameters: None
[2021-08-08 11:04:35,951] {dbapi.py:212} INFO - Rows affected: 1500
[2021-08-08 11:04:35,983] {taskinstance.py:1211} INFO - Marking task as SUCCESS. dag_id=standardized_pipeline, task_id=standardized_customers, execution_date=20210808T100000, start_date=20210808T110435, end_date=20210808T110435
[2021-08-08 11:04:36,020] {taskinstance.py:1265} INFO - 0 downstream tasks scheduled from follow-on schedule check
[2021-08-08 11:04:36,030] {local_task_job.py:149} INFO - Task exited with return code 0
[2021-08-08 11:55:54,997] {taskinstance.py:896} INFO - Dependencies all met for <TaskInstance: standardized_pipeline.standardized_customers 2021-08-08T10:00:00+00:00 [queued]>
[2021-08-08 11:55:55,008] {taskinstance.py:896} INFO - Dependencies all met for <TaskInstance: standardized_pipeline.standardized_customers 2021-08-08T10:00:00+00:00 [queued]>
[2021-08-08 11:55:55,009] {taskinstance.py:1087} INFO - 
--------------------------------------------------------------------------------
[2021-08-08 11:55:55,011] {taskinstance.py:1088} INFO - Starting attempt 1 of 11
[2021-08-08 11:55:55,012] {taskinstance.py:1089} INFO - 
--------------------------------------------------------------------------------
[2021-08-08 11:55:55,067] {taskinstance.py:1107} INFO - Executing <Task(MySqlOperator): standardized_customers> on 2021-08-08T10:00:00+00:00
[2021-08-08 11:55:55,076] {standard_task_runner.py:52} INFO - Started process 327 to run task
[2021-08-08 11:55:55,085] {standard_task_runner.py:76} INFO - Running: ['***', 'tasks', 'run', 'standardized_pipeline', 'standardized_customers', '2021-08-08T10:00:00+00:00', '--job-id', '14', '--pool', 'default_pool', '--raw', '--subdir', 'DAGS_FOLDER/standardized_pipeline.py', '--cfg-path', '/tmp/tmpqyss6g3m', '--error-file', '/tmp/tmpc2hj2iw7']
[2021-08-08 11:55:55,088] {standard_task_runner.py:77} INFO - Job 14: Subtask standardized_customers
[2021-08-08 11:55:55,182] {logging_mixin.py:104} INFO - Running <TaskInstance: standardized_pipeline.standardized_customers 2021-08-08T10:00:00+00:00 [running]> on host 7f57f947ae95
[2021-08-08 11:55:55,301] {taskinstance.py:1302} INFO - Exporting the following env vars:
AIRFLOW_CTX_DAG_OWNER=***
AIRFLOW_CTX_DAG_ID=standardized_pipeline
AIRFLOW_CTX_TASK_ID=standardized_customers
AIRFLOW_CTX_EXECUTION_DATE=2021-08-08T10:00:00+00:00
AIRFLOW_CTX_DAG_RUN_ID=scheduled__2021-08-08T10:00:00+00:00
[2021-08-08 11:55:55,303] {mysql.py:70} INFO - Executing: INSERT INTO standardized.customers
WITH timeframed_data AS (
	SELECT
		DISTINCT 
		CAST(C_CUSTKEY AS SIGNED) AS CUSTOMER_KEY,
		C_NAME AS CUSTOMER_NAME,
		C_ADDRESS AS CUSTOMER_ADDRESS,
		CAST(C_NATIONKEY AS SIGNED) AS NATION_KEY,
		C_PHONE AS CUSTOMER_PHONE,
		C_ACCTBAL AS CUSTOMER_ACCOUNT_BALANCE_TOTAL,
		C_MKTSEGMENT AS CUSTOMER_MARKET_SEGMENT_TYPE,
		C_COMMENT AS CUSTOMER_COMMENT,
		NOW() AS INGESTION_TIMESTAMP
	FROM
		datalake.CUSTOMER c
	WHERE 
		c.INGESTION_TIMESTAMP >= DATE_SUB(NOW(), INTERVAL 1 HOUR)
)

SELECT 
	* 
FROM 
	timeframed_data
[2021-08-08 11:55:55,320] {base.py:78} INFO - Using connection to: id: dwh_id. Host: dwh, Port: 3306, Schema: , Login: root, Password: ***, extra: {}
[2021-08-08 11:55:55,342] {dbapi.py:204} INFO - Running statement: INSERT INTO standardized.customers
WITH timeframed_data AS (
	SELECT
		DISTINCT 
		CAST(C_CUSTKEY AS SIGNED) AS CUSTOMER_KEY,
		C_NAME AS CUSTOMER_NAME,
		C_ADDRESS AS CUSTOMER_ADDRESS,
		CAST(C_NATIONKEY AS SIGNED) AS NATION_KEY,
		C_PHONE AS CUSTOMER_PHONE,
		C_ACCTBAL AS CUSTOMER_ACCOUNT_BALANCE_TOTAL,
		C_MKTSEGMENT AS CUSTOMER_MARKET_SEGMENT_TYPE,
		C_COMMENT AS CUSTOMER_COMMENT,
		NOW() AS INGESTION_TIMESTAMP
	FROM
		datalake.CUSTOMER c
	WHERE 
		c.INGESTION_TIMESTAMP >= DATE_SUB(NOW(), INTERVAL 1 HOUR)
)

SELECT 
	* 
FROM 
	timeframed_data, parameters: None
[2021-08-08 11:55:55,453] {dbapi.py:212} INFO - Rows affected: 1500
[2021-08-08 11:55:55,476] {taskinstance.py:1211} INFO - Marking task as SUCCESS. dag_id=standardized_pipeline, task_id=standardized_customers, execution_date=20210808T100000, start_date=20210808T115554, end_date=20210808T115555
[2021-08-08 11:55:55,549] {taskinstance.py:1265} INFO - 0 downstream tasks scheduled from follow-on schedule check
[2021-08-08 11:55:55,582] {local_task_job.py:149} INFO - Task exited with return code 0
