[2021-08-08 05:50:00,561] {taskinstance.py:896} INFO - Dependencies all met for <TaskInstance: to_datalake_pipeline.extract_from_git 2021-08-08T05:45:00+00:00 [queued]>
[2021-08-08 05:50:00,574] {taskinstance.py:896} INFO - Dependencies all met for <TaskInstance: to_datalake_pipeline.extract_from_git 2021-08-08T05:45:00+00:00 [queued]>
[2021-08-08 05:50:00,575] {taskinstance.py:1087} INFO - 
--------------------------------------------------------------------------------
[2021-08-08 05:50:00,575] {taskinstance.py:1088} INFO - Starting attempt 1 of 11
[2021-08-08 05:50:00,576] {taskinstance.py:1089} INFO - 
--------------------------------------------------------------------------------
[2021-08-08 05:50:00,582] {taskinstance.py:1107} INFO - Executing <Task(PythonOperator): extract_from_git> on 2021-08-08T05:45:00+00:00
[2021-08-08 05:50:00,586] {standard_task_runner.py:52} INFO - Started process 2697 to run task
[2021-08-08 05:50:00,590] {standard_task_runner.py:76} INFO - Running: ['***', 'tasks', 'run', 'to_datalake_pipeline', 'extract_from_git', '2021-08-08T05:45:00+00:00', '--job-id', '178', '--pool', 'default_pool', '--raw', '--subdir', 'DAGS_FOLDER/to_datalake_pipeline.py', '--cfg-path', '/tmp/tmpwwn_gty8', '--error-file', '/tmp/tmpptphyrgw']
[2021-08-08 05:50:00,591] {standard_task_runner.py:77} INFO - Job 178: Subtask extract_from_git
[2021-08-08 05:50:00,630] {logging_mixin.py:104} INFO - Running <TaskInstance: to_datalake_pipeline.extract_from_git 2021-08-08T05:45:00+00:00 [running]> on host b48e43d568d5
[2021-08-08 05:50:00,669] {taskinstance.py:1302} INFO - Exporting the following env vars:
AIRFLOW_CTX_DAG_EMAIL=wildangbudhi@gmail.com
AIRFLOW_CTX_DAG_OWNER=***
AIRFLOW_CTX_DAG_ID=to_datalake_pipeline
AIRFLOW_CTX_TASK_ID=extract_from_git
AIRFLOW_CTX_EXECUTION_DATE=2021-08-08T05:45:00+00:00
AIRFLOW_CTX_DAG_RUN_ID=scheduled__2021-08-08T05:45:00+00:00
[2021-08-08 05:50:00,670] {logging_mixin.py:104} INFO - Downloading data from -> https://raw.githubusercontent.com/rezaprimasatya/DTO-DE-JUN-MID/main/data.zip
[2021-08-08 05:50:01,121] {logging_mixin.py:104} INFO - Unzipping Data
[2021-08-08 05:50:01,185] {logging_mixin.py:104} INFO - Transform Data to Pandas Dataframe
[2021-08-08 05:50:01,345] {logging_mixin.py:104} INFO - Load data to datalake
[2021-08-08 05:50:01,380] {logging_mixin.py:104} INFO - Load table : REGION
[2021-08-08 05:50:01,411] {logging_mixin.py:104} INFO - Load table : NATION
[2021-08-08 05:50:01,421] {logging_mixin.py:104} INFO - Load table : PART
[2021-08-08 05:50:01,491] {logging_mixin.py:104} INFO - Load table : SUPPLIER
[2021-08-08 05:50:01,503] {logging_mixin.py:104} INFO - Load table : PARTSUPP
[2021-08-08 05:50:01,792] {logging_mixin.py:104} INFO - Load table : CUSTOMER
[2021-08-08 05:50:01,851] {logging_mixin.py:104} INFO - Load table : ORDERS
[2021-08-08 05:50:02,319] {logging_mixin.py:104} INFO - Load table : LINEITEM
[2021-08-08 05:50:05,387] {python.py:151} INFO - Done. Returned value was: None
[2021-08-08 05:50:05,396] {taskinstance.py:1211} INFO - Marking task as SUCCESS. dag_id=to_datalake_pipeline, task_id=extract_from_git, execution_date=20210808T054500, start_date=20210808T055000, end_date=20210808T055005
[2021-08-08 05:50:05,419] {taskinstance.py:1265} INFO - 1 downstream tasks scheduled from follow-on schedule check
[2021-08-08 05:50:05,472] {local_task_job.py:149} INFO - Task exited with return code 0
