[2021-08-08 06:01:03,056] {taskinstance.py:896} INFO - Dependencies all met for <TaskInstance: standardized_pipeline.standardized_orders 2021-08-08T05:55:00+00:00 [queued]>
[2021-08-08 06:01:03,093] {taskinstance.py:896} INFO - Dependencies all met for <TaskInstance: standardized_pipeline.standardized_orders 2021-08-08T05:55:00+00:00 [queued]>
[2021-08-08 06:01:03,094] {taskinstance.py:1087} INFO - 
--------------------------------------------------------------------------------
[2021-08-08 06:01:03,094] {taskinstance.py:1088} INFO - Starting attempt 1 of 11
[2021-08-08 06:01:03,095] {taskinstance.py:1089} INFO - 
--------------------------------------------------------------------------------
[2021-08-08 06:01:03,116] {taskinstance.py:1107} INFO - Executing <Task(MySqlOperator): standardized_orders> on 2021-08-08T05:55:00+00:00
[2021-08-08 06:01:03,122] {standard_task_runner.py:52} INFO - Started process 3801 to run task
[2021-08-08 06:01:03,137] {standard_task_runner.py:76} INFO - Running: ['***', 'tasks', 'run', 'standardized_pipeline', 'standardized_orders', '2021-08-08T05:55:00+00:00', '--job-id', '248', '--pool', 'default_pool', '--raw', '--subdir', 'DAGS_FOLDER/standardized_pipeline.py', '--cfg-path', '/tmp/tmp3ndi4r9a', '--error-file', '/tmp/tmpye3yb3gt']
[2021-08-08 06:01:03,138] {standard_task_runner.py:77} INFO - Job 248: Subtask standardized_orders
[2021-08-08 06:01:03,229] {logging_mixin.py:104} INFO - Running <TaskInstance: standardized_pipeline.standardized_orders 2021-08-08T05:55:00+00:00 [running]> on host b48e43d568d5
[2021-08-08 06:01:03,357] {taskinstance.py:1302} INFO - Exporting the following env vars:
AIRFLOW_CTX_DAG_EMAIL=wildangbudhi@gmail.com
AIRFLOW_CTX_DAG_OWNER=***
AIRFLOW_CTX_DAG_ID=standardized_pipeline
AIRFLOW_CTX_TASK_ID=standardized_orders
AIRFLOW_CTX_EXECUTION_DATE=2021-08-08T05:55:00+00:00
AIRFLOW_CTX_DAG_RUN_ID=scheduled__2021-08-08T05:55:00+00:00
[2021-08-08 06:01:03,358] {mysql.py:70} INFO - Executing: INSERT INTO standardized.orders
WITH data_last_5_minutes AS (
	SELECT
        DISTINCT
        CAST(O_ORDERKEY AS SIGNED) AS ORDER_KEY,
        CAST(O_CUSTKEY AS SIGNED) AS CUSTOMER_KEY,
        O_ORDERSTATUS AS ORDER_STATUS_TYPE,
        CAST(O_TOTALPRICE AS SIGNED) AS ORDER_TOTAL_PRICE,
        CAST(O_ORDERDATE AS DATE) AS ORDER_DATE,
        O_ORDERPRIORITY AS ORDER_PRIORITY_TYPE,
        O_CLERK AS ORDER_CLERK,
        O_SHIPPRIORITY AS ORDER_SHIPPRIORITY,
        O_COMMENT AS ORDER_COMMENT,
        NOW() AS INGESTION_TIMESTAMP
    FROM
        datalake.ORDERS o
    WHERE 
        o.INGESTION_TIMESTAMP >= DATE_SUB(NOW(), INTERVAL 5 MINUTE)
)

SELECT 
	* 
FROM 
	data_last_5_minutes
[2021-08-08 06:01:03,376] {base.py:78} INFO - Using connection to: id: dwh_id. Host: dwh, Port: 3306, Schema: , Login: root, Password: ***, extra: {}
[2021-08-08 06:01:03,397] {dbapi.py:204} INFO - Running statement: INSERT INTO standardized.orders
WITH data_last_5_minutes AS (
	SELECT
        DISTINCT
        CAST(O_ORDERKEY AS SIGNED) AS ORDER_KEY,
        CAST(O_CUSTKEY AS SIGNED) AS CUSTOMER_KEY,
        O_ORDERSTATUS AS ORDER_STATUS_TYPE,
        CAST(O_TOTALPRICE AS SIGNED) AS ORDER_TOTAL_PRICE,
        CAST(O_ORDERDATE AS DATE) AS ORDER_DATE,
        O_ORDERPRIORITY AS ORDER_PRIORITY_TYPE,
        O_CLERK AS ORDER_CLERK,
        O_SHIPPRIORITY AS ORDER_SHIPPRIORITY,
        O_COMMENT AS ORDER_COMMENT,
        NOW() AS INGESTION_TIMESTAMP
    FROM
        datalake.ORDERS o
    WHERE 
        o.INGESTION_TIMESTAMP >= DATE_SUB(NOW(), INTERVAL 5 MINUTE)
)

SELECT 
	* 
FROM 
	data_last_5_minutes, parameters: None
[2021-08-08 06:01:03,711] {dbapi.py:212} INFO - Rows affected: 15000
[2021-08-08 06:01:03,728] {taskinstance.py:1211} INFO - Marking task as SUCCESS. dag_id=standardized_pipeline, task_id=standardized_orders, execution_date=20210808T055500, start_date=20210808T060103, end_date=20210808T060103
[2021-08-08 06:01:03,753] {taskinstance.py:1265} INFO - 0 downstream tasks scheduled from follow-on schedule check
[2021-08-08 06:01:03,792] {local_task_job.py:149} INFO - Task exited with return code 0
