[2021-08-08 08:04:29,966] {taskinstance.py:896} INFO - Dependencies all met for <TaskInstance: standardized_pipeline.standardized_part_suppliers 2021-08-08T07:00:00+00:00 [queued]>
[2021-08-08 08:04:30,012] {taskinstance.py:896} INFO - Dependencies all met for <TaskInstance: standardized_pipeline.standardized_part_suppliers 2021-08-08T07:00:00+00:00 [queued]>
[2021-08-08 08:04:30,015] {taskinstance.py:1087} INFO - 
--------------------------------------------------------------------------------
[2021-08-08 08:04:30,016] {taskinstance.py:1088} INFO - Starting attempt 1 of 11
[2021-08-08 08:04:30,017] {taskinstance.py:1089} INFO - 
--------------------------------------------------------------------------------
[2021-08-08 08:04:30,029] {taskinstance.py:1107} INFO - Executing <Task(MySqlOperator): standardized_part_suppliers> on 2021-08-08T07:00:00+00:00
[2021-08-08 08:04:30,042] {standard_task_runner.py:76} INFO - Running: ['***', 'tasks', 'run', 'standardized_pipeline', 'standardized_part_suppliers', '2021-08-08T07:00:00+00:00', '--job-id', '24', '--pool', 'default_pool', '--raw', '--subdir', 'DAGS_FOLDER/standardized_pipeline.py', '--cfg-path', '/tmp/tmp0c0xov27', '--error-file', '/tmp/tmp8cqwi7mo']
[2021-08-08 08:04:30,045] {standard_task_runner.py:77} INFO - Job 24: Subtask standardized_part_suppliers
[2021-08-08 08:04:30,035] {standard_task_runner.py:52} INFO - Started process 1061 to run task
[2021-08-08 08:04:30,154] {logging_mixin.py:104} INFO - Running <TaskInstance: standardized_pipeline.standardized_part_suppliers 2021-08-08T07:00:00+00:00 [running]> on host e453c42896df
[2021-08-08 08:04:30,269] {taskinstance.py:1302} INFO - Exporting the following env vars:
AIRFLOW_CTX_DAG_OWNER=***
AIRFLOW_CTX_DAG_ID=standardized_pipeline
AIRFLOW_CTX_TASK_ID=standardized_part_suppliers
AIRFLOW_CTX_EXECUTION_DATE=2021-08-08T07:00:00+00:00
AIRFLOW_CTX_DAG_RUN_ID=scheduled__2021-08-08T07:00:00+00:00
[2021-08-08 08:04:30,272] {mysql.py:70} INFO - Executing: INSERT INTO standardized.part_suppliers
WITH timeframed_data AS (
	SELECT
        DISTINCT
        CAST(PS_PARTKEY AS SIGNED) AS PART_KEY,
        CAST(PS_SUPPKEY AS SIGNED) AS SUPPLIER_KEY,
        CAST(PS_AVAILQTY AS SIGNED) AS PART_AVAILABILITY_QUANTITY,
        CAST(PS_SUPPLYCOST AS SIGNED) AS PART_SUPPLY_COST, 
        PS_COMMENT AS PART_SUPPLIER_COMMENT,
        NOW() AS INGESTION_TIMESTAMP
    FROM
        datalake.PARTSUPP ps
    WHERE 
        ps.INGESTION_TIMESTAMP >= DATE_SUB(NOW(), INTERVAL 1 HOUR)
)

SELECT 
	* 
FROM 
	timeframed_data
[2021-08-08 08:04:30,293] {base.py:78} INFO - Using connection to: id: dwh_id. Host: dwh, Port: 3306, Schema: , Login: root, Password: ***, extra: {}
[2021-08-08 08:04:30,313] {dbapi.py:204} INFO - Running statement: INSERT INTO standardized.part_suppliers
WITH timeframed_data AS (
	SELECT
        DISTINCT
        CAST(PS_PARTKEY AS SIGNED) AS PART_KEY,
        CAST(PS_SUPPKEY AS SIGNED) AS SUPPLIER_KEY,
        CAST(PS_AVAILQTY AS SIGNED) AS PART_AVAILABILITY_QUANTITY,
        CAST(PS_SUPPLYCOST AS SIGNED) AS PART_SUPPLY_COST, 
        PS_COMMENT AS PART_SUPPLIER_COMMENT,
        NOW() AS INGESTION_TIMESTAMP
    FROM
        datalake.PARTSUPP ps
    WHERE 
        ps.INGESTION_TIMESTAMP >= DATE_SUB(NOW(), INTERVAL 1 HOUR)
)

SELECT 
	* 
FROM 
	timeframed_data, parameters: None
[2021-08-08 08:04:30,670] {dbapi.py:212} INFO - Rows affected: 8000
[2021-08-08 08:04:30,694] {taskinstance.py:1211} INFO - Marking task as SUCCESS. dag_id=standardized_pipeline, task_id=standardized_part_suppliers, execution_date=20210808T070000, start_date=20210808T080429, end_date=20210808T080430
[2021-08-08 08:04:30,745] {taskinstance.py:1265} INFO - 0 downstream tasks scheduled from follow-on schedule check
[2021-08-08 08:04:30,791] {local_task_job.py:149} INFO - Task exited with return code 0
[2021-08-08 08:20:23,563] {taskinstance.py:896} INFO - Dependencies all met for <TaskInstance: standardized_pipeline.standardized_part_suppliers 2021-08-08T07:00:00+00:00 [queued]>
[2021-08-08 08:20:23,607] {taskinstance.py:896} INFO - Dependencies all met for <TaskInstance: standardized_pipeline.standardized_part_suppliers 2021-08-08T07:00:00+00:00 [queued]>
[2021-08-08 08:20:23,608] {taskinstance.py:1087} INFO - 
--------------------------------------------------------------------------------
[2021-08-08 08:20:23,609] {taskinstance.py:1088} INFO - Starting attempt 1 of 11
[2021-08-08 08:20:23,610] {taskinstance.py:1089} INFO - 
--------------------------------------------------------------------------------
[2021-08-08 08:20:23,630] {taskinstance.py:1107} INFO - Executing <Task(MySqlOperator): standardized_part_suppliers> on 2021-08-08T07:00:00+00:00
[2021-08-08 08:20:23,645] {standard_task_runner.py:76} INFO - Running: ['***', 'tasks', 'run', 'standardized_pipeline', 'standardized_part_suppliers', '2021-08-08T07:00:00+00:00', '--job-id', '22', '--pool', 'default_pool', '--raw', '--subdir', 'DAGS_FOLDER/standardized_pipeline.py', '--cfg-path', '/tmp/tmp6v4i7azk', '--error-file', '/tmp/tmpm6ap68xk']
[2021-08-08 08:20:23,647] {standard_task_runner.py:77} INFO - Job 22: Subtask standardized_part_suppliers
[2021-08-08 08:20:23,643] {standard_task_runner.py:52} INFO - Started process 388 to run task
[2021-08-08 08:20:23,730] {logging_mixin.py:104} INFO - Running <TaskInstance: standardized_pipeline.standardized_part_suppliers 2021-08-08T07:00:00+00:00 [running]> on host 99d60a4279b8
[2021-08-08 08:20:23,825] {taskinstance.py:1302} INFO - Exporting the following env vars:
AIRFLOW_CTX_DAG_OWNER=***
AIRFLOW_CTX_DAG_ID=standardized_pipeline
AIRFLOW_CTX_TASK_ID=standardized_part_suppliers
AIRFLOW_CTX_EXECUTION_DATE=2021-08-08T07:00:00+00:00
AIRFLOW_CTX_DAG_RUN_ID=scheduled__2021-08-08T07:00:00+00:00
[2021-08-08 08:20:23,826] {mysql.py:70} INFO - Executing: INSERT INTO standardized.part_suppliers
WITH timeframed_data AS (
	SELECT
        DISTINCT
        CAST(PS_PARTKEY AS SIGNED) AS PART_KEY,
        CAST(PS_SUPPKEY AS SIGNED) AS SUPPLIER_KEY,
        CAST(PS_AVAILQTY AS SIGNED) AS PART_AVAILABILITY_QUANTITY,
        CAST(PS_SUPPLYCOST AS SIGNED) AS PART_SUPPLY_COST, 
        PS_COMMENT AS PART_SUPPLIER_COMMENT,
        NOW() AS INGESTION_TIMESTAMP
    FROM
        datalake.PARTSUPP ps
    WHERE 
        ps.INGESTION_TIMESTAMP >= DATE_SUB(NOW(), INTERVAL 1 HOUR)
)

SELECT 
	* 
FROM 
	timeframed_data
[2021-08-08 08:20:23,843] {base.py:78} INFO - Using connection to: id: dwh_id. Host: dwh, Port: 3306, Schema: , Login: root, Password: ***, extra: {}
[2021-08-08 08:20:23,856] {dbapi.py:204} INFO - Running statement: INSERT INTO standardized.part_suppliers
WITH timeframed_data AS (
	SELECT
        DISTINCT
        CAST(PS_PARTKEY AS SIGNED) AS PART_KEY,
        CAST(PS_SUPPKEY AS SIGNED) AS SUPPLIER_KEY,
        CAST(PS_AVAILQTY AS SIGNED) AS PART_AVAILABILITY_QUANTITY,
        CAST(PS_SUPPLYCOST AS SIGNED) AS PART_SUPPLY_COST, 
        PS_COMMENT AS PART_SUPPLIER_COMMENT,
        NOW() AS INGESTION_TIMESTAMP
    FROM
        datalake.PARTSUPP ps
    WHERE 
        ps.INGESTION_TIMESTAMP >= DATE_SUB(NOW(), INTERVAL 1 HOUR)
)

SELECT 
	* 
FROM 
	timeframed_data, parameters: None
[2021-08-08 08:20:24,078] {dbapi.py:212} INFO - Rows affected: 8000
[2021-08-08 08:20:24,102] {taskinstance.py:1211} INFO - Marking task as SUCCESS. dag_id=standardized_pipeline, task_id=standardized_part_suppliers, execution_date=20210808T070000, start_date=20210808T082023, end_date=20210808T082024
[2021-08-08 08:20:24,133] {taskinstance.py:1265} INFO - 0 downstream tasks scheduled from follow-on schedule check
[2021-08-08 08:20:24,157] {local_task_job.py:149} INFO - Task exited with return code 0
[2021-08-08 08:31:39,719] {taskinstance.py:896} INFO - Dependencies all met for <TaskInstance: standardized_pipeline.standardized_part_suppliers 2021-08-08T07:00:00+00:00 [queued]>
[2021-08-08 08:31:39,741] {taskinstance.py:896} INFO - Dependencies all met for <TaskInstance: standardized_pipeline.standardized_part_suppliers 2021-08-08T07:00:00+00:00 [queued]>
[2021-08-08 08:31:39,742] {taskinstance.py:1087} INFO - 
--------------------------------------------------------------------------------
[2021-08-08 08:31:39,742] {taskinstance.py:1088} INFO - Starting attempt 1 of 11
[2021-08-08 08:31:39,743] {taskinstance.py:1089} INFO - 
--------------------------------------------------------------------------------
[2021-08-08 08:31:39,775] {taskinstance.py:1107} INFO - Executing <Task(MySqlOperator): standardized_part_suppliers> on 2021-08-08T07:00:00+00:00
[2021-08-08 08:31:39,781] {standard_task_runner.py:52} INFO - Started process 256 to run task
[2021-08-08 08:31:39,791] {standard_task_runner.py:76} INFO - Running: ['***', 'tasks', 'run', 'standardized_pipeline', 'standardized_part_suppliers', '2021-08-08T07:00:00+00:00', '--job-id', '18', '--pool', 'default_pool', '--raw', '--subdir', 'DAGS_FOLDER/standardized_pipeline.py', '--cfg-path', '/tmp/tmpdxvno954', '--error-file', '/tmp/tmpxlksug1d']
[2021-08-08 08:31:39,792] {standard_task_runner.py:77} INFO - Job 18: Subtask standardized_part_suppliers
[2021-08-08 08:31:39,885] {logging_mixin.py:104} INFO - Running <TaskInstance: standardized_pipeline.standardized_part_suppliers 2021-08-08T07:00:00+00:00 [running]> on host 5e970160fe16
[2021-08-08 08:31:40,031] {taskinstance.py:1302} INFO - Exporting the following env vars:
AIRFLOW_CTX_DAG_OWNER=***
AIRFLOW_CTX_DAG_ID=standardized_pipeline
AIRFLOW_CTX_TASK_ID=standardized_part_suppliers
AIRFLOW_CTX_EXECUTION_DATE=2021-08-08T07:00:00+00:00
AIRFLOW_CTX_DAG_RUN_ID=scheduled__2021-08-08T07:00:00+00:00
[2021-08-08 08:31:40,033] {mysql.py:70} INFO - Executing: INSERT INTO standardized.part_suppliers
WITH timeframed_data AS (
	SELECT
        DISTINCT
        CAST(PS_PARTKEY AS SIGNED) AS PART_KEY,
        CAST(PS_SUPPKEY AS SIGNED) AS SUPPLIER_KEY,
        CAST(PS_AVAILQTY AS SIGNED) AS PART_AVAILABILITY_QUANTITY,
        CAST(PS_SUPPLYCOST AS SIGNED) AS PART_SUPPLY_COST, 
        PS_COMMENT AS PART_SUPPLIER_COMMENT,
        NOW() AS INGESTION_TIMESTAMP
    FROM
        datalake.PARTSUPP ps
    WHERE 
        ps.INGESTION_TIMESTAMP >= DATE_SUB(NOW(), INTERVAL 1 HOUR)
)

SELECT 
	* 
FROM 
	timeframed_data
[2021-08-08 08:31:40,060] {base.py:78} INFO - Using connection to: id: dwh_id. Host: dwh, Port: 3306, Schema: , Login: root, Password: ***, extra: {}
[2021-08-08 08:31:40,076] {dbapi.py:204} INFO - Running statement: INSERT INTO standardized.part_suppliers
WITH timeframed_data AS (
	SELECT
        DISTINCT
        CAST(PS_PARTKEY AS SIGNED) AS PART_KEY,
        CAST(PS_SUPPKEY AS SIGNED) AS SUPPLIER_KEY,
        CAST(PS_AVAILQTY AS SIGNED) AS PART_AVAILABILITY_QUANTITY,
        CAST(PS_SUPPLYCOST AS SIGNED) AS PART_SUPPLY_COST, 
        PS_COMMENT AS PART_SUPPLIER_COMMENT,
        NOW() AS INGESTION_TIMESTAMP
    FROM
        datalake.PARTSUPP ps
    WHERE 
        ps.INGESTION_TIMESTAMP >= DATE_SUB(NOW(), INTERVAL 1 HOUR)
)

SELECT 
	* 
FROM 
	timeframed_data, parameters: None
[2021-08-08 08:31:40,331] {dbapi.py:212} INFO - Rows affected: 8000
[2021-08-08 08:31:40,350] {taskinstance.py:1211} INFO - Marking task as SUCCESS. dag_id=standardized_pipeline, task_id=standardized_part_suppliers, execution_date=20210808T070000, start_date=20210808T083139, end_date=20210808T083140
[2021-08-08 08:31:40,382] {taskinstance.py:1265} INFO - 0 downstream tasks scheduled from follow-on schedule check
[2021-08-08 08:31:40,412] {local_task_job.py:149} INFO - Task exited with return code 0
[2021-08-08 08:51:10,427] {taskinstance.py:896} INFO - Dependencies all met for <TaskInstance: standardized_pipeline.standardized_part_suppliers 2021-08-08T07:00:00+00:00 [queued]>
[2021-08-08 08:51:10,442] {taskinstance.py:896} INFO - Dependencies all met for <TaskInstance: standardized_pipeline.standardized_part_suppliers 2021-08-08T07:00:00+00:00 [queued]>
[2021-08-08 08:51:10,443] {taskinstance.py:1087} INFO - 
--------------------------------------------------------------------------------
[2021-08-08 08:51:10,445] {taskinstance.py:1088} INFO - Starting attempt 1 of 11
[2021-08-08 08:51:10,448] {taskinstance.py:1089} INFO - 
--------------------------------------------------------------------------------
[2021-08-08 08:51:10,479] {taskinstance.py:1107} INFO - Executing <Task(MySqlOperator): standardized_part_suppliers> on 2021-08-08T07:00:00+00:00
[2021-08-08 08:51:10,484] {standard_task_runner.py:52} INFO - Started process 312 to run task
[2021-08-08 08:51:10,492] {standard_task_runner.py:76} INFO - Running: ['***', 'tasks', 'run', 'standardized_pipeline', 'standardized_part_suppliers', '2021-08-08T07:00:00+00:00', '--job-id', '19', '--pool', 'default_pool', '--raw', '--subdir', 'DAGS_FOLDER/standardized_pipeline.py', '--cfg-path', '/tmp/tmpgfen6vcc', '--error-file', '/tmp/tmp23hznc1a']
[2021-08-08 08:51:10,493] {standard_task_runner.py:77} INFO - Job 19: Subtask standardized_part_suppliers
[2021-08-08 08:51:10,588] {logging_mixin.py:104} INFO - Running <TaskInstance: standardized_pipeline.standardized_part_suppliers 2021-08-08T07:00:00+00:00 [running]> on host 99eefc5c6cd8
[2021-08-08 08:51:10,727] {taskinstance.py:1302} INFO - Exporting the following env vars:
AIRFLOW_CTX_DAG_OWNER=***
AIRFLOW_CTX_DAG_ID=standardized_pipeline
AIRFLOW_CTX_TASK_ID=standardized_part_suppliers
AIRFLOW_CTX_EXECUTION_DATE=2021-08-08T07:00:00+00:00
AIRFLOW_CTX_DAG_RUN_ID=scheduled__2021-08-08T07:00:00+00:00
[2021-08-08 08:51:10,734] {mysql.py:70} INFO - Executing: INSERT INTO standardized.part_suppliers
WITH timeframed_data AS (
	SELECT
        DISTINCT
        CAST(PS_PARTKEY AS SIGNED) AS PART_KEY,
        CAST(PS_SUPPKEY AS SIGNED) AS SUPPLIER_KEY,
        CAST(PS_AVAILQTY AS SIGNED) AS PART_AVAILABILITY_QUANTITY,
        CAST(PS_SUPPLYCOST AS SIGNED) AS PART_SUPPLY_COST, 
        PS_COMMENT AS PART_SUPPLIER_COMMENT,
        NOW() AS INGESTION_TIMESTAMP
    FROM
        datalake.PARTSUPP ps
    WHERE 
        ps.INGESTION_TIMESTAMP >= DATE_SUB(NOW(), INTERVAL 1 HOUR)
)

SELECT 
	* 
FROM 
	timeframed_data
[2021-08-08 08:51:10,749] {base.py:78} INFO - Using connection to: id: dwh_id. Host: dwh, Port: 3306, Schema: , Login: root, Password: ***, extra: {}
[2021-08-08 08:51:10,768] {dbapi.py:204} INFO - Running statement: INSERT INTO standardized.part_suppliers
WITH timeframed_data AS (
	SELECT
        DISTINCT
        CAST(PS_PARTKEY AS SIGNED) AS PART_KEY,
        CAST(PS_SUPPKEY AS SIGNED) AS SUPPLIER_KEY,
        CAST(PS_AVAILQTY AS SIGNED) AS PART_AVAILABILITY_QUANTITY,
        CAST(PS_SUPPLYCOST AS SIGNED) AS PART_SUPPLY_COST, 
        PS_COMMENT AS PART_SUPPLIER_COMMENT,
        NOW() AS INGESTION_TIMESTAMP
    FROM
        datalake.PARTSUPP ps
    WHERE 
        ps.INGESTION_TIMESTAMP >= DATE_SUB(NOW(), INTERVAL 1 HOUR)
)

SELECT 
	* 
FROM 
	timeframed_data, parameters: None
[2021-08-08 08:51:11,005] {dbapi.py:212} INFO - Rows affected: 8000
[2021-08-08 08:51:11,022] {taskinstance.py:1211} INFO - Marking task as SUCCESS. dag_id=standardized_pipeline, task_id=standardized_part_suppliers, execution_date=20210808T070000, start_date=20210808T085110, end_date=20210808T085111
[2021-08-08 08:51:11,048] {taskinstance.py:1265} INFO - 0 downstream tasks scheduled from follow-on schedule check
[2021-08-08 08:51:11,070] {local_task_job.py:149} INFO - Task exited with return code 0
