[2021-08-08 11:01:03,991] {taskinstance.py:896} INFO - Dependencies all met for <TaskInstance: standardized_pipeline.standardized_part_suppliers 2021-08-08T10:00:00+00:00 [queued]>
[2021-08-08 11:01:04,024] {taskinstance.py:896} INFO - Dependencies all met for <TaskInstance: standardized_pipeline.standardized_part_suppliers 2021-08-08T10:00:00+00:00 [queued]>
[2021-08-08 11:01:04,025] {taskinstance.py:1087} INFO - 
--------------------------------------------------------------------------------
[2021-08-08 11:01:04,026] {taskinstance.py:1088} INFO - Starting attempt 1 of 11
[2021-08-08 11:01:04,027] {taskinstance.py:1089} INFO - 
--------------------------------------------------------------------------------
[2021-08-08 11:01:04,063] {taskinstance.py:1107} INFO - Executing <Task(MySqlOperator): standardized_part_suppliers> on 2021-08-08T10:00:00+00:00
[2021-08-08 11:01:04,069] {standard_task_runner.py:52} INFO - Started process 11026 to run task
[2021-08-08 11:01:04,075] {standard_task_runner.py:76} INFO - Running: ['***', 'tasks', 'run', 'standardized_pipeline', 'standardized_part_suppliers', '2021-08-08T10:00:00+00:00', '--job-id', '107', '--pool', 'default_pool', '--raw', '--subdir', 'DAGS_FOLDER/standardized_pipeline.py', '--cfg-path', '/tmp/tmps1m84bf8', '--error-file', '/tmp/tmps8w6w5kd']
[2021-08-08 11:01:04,079] {standard_task_runner.py:77} INFO - Job 107: Subtask standardized_part_suppliers
[2021-08-08 11:01:04,152] {logging_mixin.py:104} INFO - Running <TaskInstance: standardized_pipeline.standardized_part_suppliers 2021-08-08T10:00:00+00:00 [running]> on host 99eefc5c6cd8
[2021-08-08 11:01:04,264] {taskinstance.py:1302} INFO - Exporting the following env vars:
AIRFLOW_CTX_DAG_OWNER=***
AIRFLOW_CTX_DAG_ID=standardized_pipeline
AIRFLOW_CTX_TASK_ID=standardized_part_suppliers
AIRFLOW_CTX_EXECUTION_DATE=2021-08-08T10:00:00+00:00
AIRFLOW_CTX_DAG_RUN_ID=scheduled__2021-08-08T10:00:00+00:00
[2021-08-08 11:01:04,266] {mysql.py:70} INFO - Executing: INSERT INTO standardized.part_suppliers
WITH timeframed_data AS (
	SELECT
        DISTINCT
        CAST(PS_PARTKEY AS SIGNED) AS PART_KEY,
        CAST(PS_SUPPKEY AS SIGNED) AS SUPPLIER_KEY,
        CAST(PS_AVAILQTY AS SIGNED) AS PART_AVAILABILITY_QUANTITY,
        CAST(PS_SUPPLYCOST AS SIGNED) AS PART_SUPPLY_COST, 
        PS_COMMENT AS PART_SUPPLIER_COMMENT,
        NOW() AS INGESTION_TIMESTAMP
    FROM
        datalake.PARTSUPP ps
    WHERE 
        ps.INGESTION_TIMESTAMP >= DATE_SUB(NOW(), INTERVAL 1 HOUR)
)

SELECT 
	* 
FROM 
	timeframed_data
[2021-08-08 11:01:04,288] {base.py:78} INFO - Using connection to: id: dwh_id. Host: dwh, Port: 3306, Schema: , Login: root, Password: ***, extra: {}
[2021-08-08 11:01:04,303] {dbapi.py:204} INFO - Running statement: INSERT INTO standardized.part_suppliers
WITH timeframed_data AS (
	SELECT
        DISTINCT
        CAST(PS_PARTKEY AS SIGNED) AS PART_KEY,
        CAST(PS_SUPPKEY AS SIGNED) AS SUPPLIER_KEY,
        CAST(PS_AVAILQTY AS SIGNED) AS PART_AVAILABILITY_QUANTITY,
        CAST(PS_SUPPLYCOST AS SIGNED) AS PART_SUPPLY_COST, 
        PS_COMMENT AS PART_SUPPLIER_COMMENT,
        NOW() AS INGESTION_TIMESTAMP
    FROM
        datalake.PARTSUPP ps
    WHERE 
        ps.INGESTION_TIMESTAMP >= DATE_SUB(NOW(), INTERVAL 1 HOUR)
)

SELECT 
	* 
FROM 
	timeframed_data, parameters: None
[2021-08-08 11:01:04,672] {dbapi.py:212} INFO - Rows affected: 8000
[2021-08-08 11:01:04,698] {taskinstance.py:1211} INFO - Marking task as SUCCESS. dag_id=standardized_pipeline, task_id=standardized_part_suppliers, execution_date=20210808T100000, start_date=20210808T110103, end_date=20210808T110104
[2021-08-08 11:01:04,754] {taskinstance.py:1265} INFO - 0 downstream tasks scheduled from follow-on schedule check
[2021-08-08 11:01:04,787] {local_task_job.py:149} INFO - Task exited with return code 0
[2021-08-08 11:04:35,454] {taskinstance.py:896} INFO - Dependencies all met for <TaskInstance: standardized_pipeline.standardized_part_suppliers 2021-08-08T10:00:00+00:00 [queued]>
[2021-08-08 11:04:35,504] {taskinstance.py:896} INFO - Dependencies all met for <TaskInstance: standardized_pipeline.standardized_part_suppliers 2021-08-08T10:00:00+00:00 [queued]>
[2021-08-08 11:04:35,505] {taskinstance.py:1087} INFO - 
--------------------------------------------------------------------------------
[2021-08-08 11:04:35,507] {taskinstance.py:1088} INFO - Starting attempt 1 of 11
[2021-08-08 11:04:35,509] {taskinstance.py:1089} INFO - 
--------------------------------------------------------------------------------
[2021-08-08 11:04:35,532] {taskinstance.py:1107} INFO - Executing <Task(MySqlOperator): standardized_part_suppliers> on 2021-08-08T10:00:00+00:00
[2021-08-08 11:04:35,543] {standard_task_runner.py:76} INFO - Running: ['***', 'tasks', 'run', 'standardized_pipeline', 'standardized_part_suppliers', '2021-08-08T10:00:00+00:00', '--job-id', '13', '--pool', 'default_pool', '--raw', '--subdir', 'DAGS_FOLDER/standardized_pipeline.py', '--cfg-path', '/tmp/tmp2qeiwwub', '--error-file', '/tmp/tmplkmh12wf']
[2021-08-08 11:04:35,545] {standard_task_runner.py:77} INFO - Job 13: Subtask standardized_part_suppliers
[2021-08-08 11:04:35,539] {standard_task_runner.py:52} INFO - Started process 285 to run task
[2021-08-08 11:04:35,698] {logging_mixin.py:104} INFO - Running <TaskInstance: standardized_pipeline.standardized_part_suppliers 2021-08-08T10:00:00+00:00 [running]> on host ce886ce1d63a
[2021-08-08 11:04:35,805] {taskinstance.py:1302} INFO - Exporting the following env vars:
AIRFLOW_CTX_DAG_OWNER=***
AIRFLOW_CTX_DAG_ID=standardized_pipeline
AIRFLOW_CTX_TASK_ID=standardized_part_suppliers
AIRFLOW_CTX_EXECUTION_DATE=2021-08-08T10:00:00+00:00
AIRFLOW_CTX_DAG_RUN_ID=scheduled__2021-08-08T10:00:00+00:00
[2021-08-08 11:04:35,806] {mysql.py:70} INFO - Executing: INSERT INTO standardized.part_suppliers
WITH timeframed_data AS (
	SELECT
        DISTINCT
        CAST(PS_PARTKEY AS SIGNED) AS PART_KEY,
        CAST(PS_SUPPKEY AS SIGNED) AS SUPPLIER_KEY,
        CAST(PS_AVAILQTY AS SIGNED) AS PART_AVAILABILITY_QUANTITY,
        CAST(PS_SUPPLYCOST AS SIGNED) AS PART_SUPPLY_COST, 
        PS_COMMENT AS PART_SUPPLIER_COMMENT,
        NOW() AS INGESTION_TIMESTAMP
    FROM
        datalake.PARTSUPP ps
    WHERE 
        ps.INGESTION_TIMESTAMP >= DATE_SUB(NOW(), INTERVAL 1 HOUR)
)

SELECT 
	* 
FROM 
	timeframed_data
[2021-08-08 11:04:35,823] {base.py:78} INFO - Using connection to: id: dwh_id. Host: dwh, Port: 3306, Schema: , Login: root, Password: ***, extra: {}
[2021-08-08 11:04:35,842] {dbapi.py:204} INFO - Running statement: INSERT INTO standardized.part_suppliers
WITH timeframed_data AS (
	SELECT
        DISTINCT
        CAST(PS_PARTKEY AS SIGNED) AS PART_KEY,
        CAST(PS_SUPPKEY AS SIGNED) AS SUPPLIER_KEY,
        CAST(PS_AVAILQTY AS SIGNED) AS PART_AVAILABILITY_QUANTITY,
        CAST(PS_SUPPLYCOST AS SIGNED) AS PART_SUPPLY_COST, 
        PS_COMMENT AS PART_SUPPLIER_COMMENT,
        NOW() AS INGESTION_TIMESTAMP
    FROM
        datalake.PARTSUPP ps
    WHERE 
        ps.INGESTION_TIMESTAMP >= DATE_SUB(NOW(), INTERVAL 1 HOUR)
)

SELECT 
	* 
FROM 
	timeframed_data, parameters: None
[2021-08-08 11:04:36,088] {dbapi.py:212} INFO - Rows affected: 8000
[2021-08-08 11:04:36,112] {taskinstance.py:1211} INFO - Marking task as SUCCESS. dag_id=standardized_pipeline, task_id=standardized_part_suppliers, execution_date=20210808T100000, start_date=20210808T110435, end_date=20210808T110436
[2021-08-08 11:04:36,142] {taskinstance.py:1265} INFO - 0 downstream tasks scheduled from follow-on schedule check
[2021-08-08 11:04:36,166] {local_task_job.py:149} INFO - Task exited with return code 0
[2021-08-08 11:55:54,980] {taskinstance.py:896} INFO - Dependencies all met for <TaskInstance: standardized_pipeline.standardized_part_suppliers 2021-08-08T10:00:00+00:00 [queued]>
[2021-08-08 11:55:54,994] {taskinstance.py:896} INFO - Dependencies all met for <TaskInstance: standardized_pipeline.standardized_part_suppliers 2021-08-08T10:00:00+00:00 [queued]>
[2021-08-08 11:55:54,995] {taskinstance.py:1087} INFO - 
--------------------------------------------------------------------------------
[2021-08-08 11:55:54,995] {taskinstance.py:1088} INFO - Starting attempt 1 of 11
[2021-08-08 11:55:54,996] {taskinstance.py:1089} INFO - 
--------------------------------------------------------------------------------
[2021-08-08 11:55:55,014] {taskinstance.py:1107} INFO - Executing <Task(MySqlOperator): standardized_part_suppliers> on 2021-08-08T10:00:00+00:00
[2021-08-08 11:55:55,019] {standard_task_runner.py:52} INFO - Started process 326 to run task
[2021-08-08 11:55:55,027] {standard_task_runner.py:76} INFO - Running: ['***', 'tasks', 'run', 'standardized_pipeline', 'standardized_part_suppliers', '2021-08-08T10:00:00+00:00', '--job-id', '15', '--pool', 'default_pool', '--raw', '--subdir', 'DAGS_FOLDER/standardized_pipeline.py', '--cfg-path', '/tmp/tmp78fga2sz', '--error-file', '/tmp/tmp74vm78g9']
[2021-08-08 11:55:55,030] {standard_task_runner.py:77} INFO - Job 15: Subtask standardized_part_suppliers
[2021-08-08 11:55:55,139] {logging_mixin.py:104} INFO - Running <TaskInstance: standardized_pipeline.standardized_part_suppliers 2021-08-08T10:00:00+00:00 [running]> on host 7f57f947ae95
[2021-08-08 11:55:55,227] {taskinstance.py:1302} INFO - Exporting the following env vars:
AIRFLOW_CTX_DAG_OWNER=***
AIRFLOW_CTX_DAG_ID=standardized_pipeline
AIRFLOW_CTX_TASK_ID=standardized_part_suppliers
AIRFLOW_CTX_EXECUTION_DATE=2021-08-08T10:00:00+00:00
AIRFLOW_CTX_DAG_RUN_ID=scheduled__2021-08-08T10:00:00+00:00
[2021-08-08 11:55:55,228] {mysql.py:70} INFO - Executing: INSERT INTO standardized.part_suppliers
WITH timeframed_data AS (
	SELECT
        DISTINCT
        CAST(PS_PARTKEY AS SIGNED) AS PART_KEY,
        CAST(PS_SUPPKEY AS SIGNED) AS SUPPLIER_KEY,
        CAST(PS_AVAILQTY AS SIGNED) AS PART_AVAILABILITY_QUANTITY,
        CAST(PS_SUPPLYCOST AS SIGNED) AS PART_SUPPLY_COST, 
        PS_COMMENT AS PART_SUPPLIER_COMMENT,
        NOW() AS INGESTION_TIMESTAMP
    FROM
        datalake.PARTSUPP ps
    WHERE 
        ps.INGESTION_TIMESTAMP >= DATE_SUB(NOW(), INTERVAL 1 HOUR)
)

SELECT 
	* 
FROM 
	timeframed_data
[2021-08-08 11:55:55,238] {base.py:78} INFO - Using connection to: id: dwh_id. Host: dwh, Port: 3306, Schema: , Login: root, Password: ***, extra: {}
[2021-08-08 11:55:55,256] {dbapi.py:204} INFO - Running statement: INSERT INTO standardized.part_suppliers
WITH timeframed_data AS (
	SELECT
        DISTINCT
        CAST(PS_PARTKEY AS SIGNED) AS PART_KEY,
        CAST(PS_SUPPKEY AS SIGNED) AS SUPPLIER_KEY,
        CAST(PS_AVAILQTY AS SIGNED) AS PART_AVAILABILITY_QUANTITY,
        CAST(PS_SUPPLYCOST AS SIGNED) AS PART_SUPPLY_COST, 
        PS_COMMENT AS PART_SUPPLIER_COMMENT,
        NOW() AS INGESTION_TIMESTAMP
    FROM
        datalake.PARTSUPP ps
    WHERE 
        ps.INGESTION_TIMESTAMP >= DATE_SUB(NOW(), INTERVAL 1 HOUR)
)

SELECT 
	* 
FROM 
	timeframed_data, parameters: None
[2021-08-08 11:55:55,548] {dbapi.py:212} INFO - Rows affected: 8000
[2021-08-08 11:55:55,580] {taskinstance.py:1211} INFO - Marking task as SUCCESS. dag_id=standardized_pipeline, task_id=standardized_part_suppliers, execution_date=20210808T100000, start_date=20210808T115554, end_date=20210808T115555
[2021-08-08 11:55:55,635] {taskinstance.py:1265} INFO - 0 downstream tasks scheduled from follow-on schedule check
[2021-08-08 11:55:55,688] {local_task_job.py:149} INFO - Task exited with return code 0
