[2021-08-07 13:46:13,141] {taskinstance.py:896} INFO - Dependencies all met for <TaskInstance: to_datalake_pipeline.extract_from_git 2021-08-07T13:46:12.342766+00:00 [queued]>
[2021-08-07 13:46:13,157] {taskinstance.py:896} INFO - Dependencies all met for <TaskInstance: to_datalake_pipeline.extract_from_git 2021-08-07T13:46:12.342766+00:00 [queued]>
[2021-08-07 13:46:13,158] {taskinstance.py:1087} INFO - 
--------------------------------------------------------------------------------
[2021-08-07 13:46:13,159] {taskinstance.py:1088} INFO - Starting attempt 1 of 1
[2021-08-07 13:46:13,160] {taskinstance.py:1089} INFO - 
--------------------------------------------------------------------------------
[2021-08-07 13:46:13,167] {taskinstance.py:1107} INFO - Executing <Task(PythonOperator): extract_from_git> on 2021-08-07T13:46:12.342766+00:00
[2021-08-07 13:46:13,172] {standard_task_runner.py:52} INFO - Started process 1460 to run task
[2021-08-07 13:46:13,176] {standard_task_runner.py:76} INFO - Running: ['***', 'tasks', 'run', 'to_datalake_pipeline', 'extract_from_git', '2021-08-07T13:46:12.342766+00:00', '--job-id', '6', '--pool', 'default_pool', '--raw', '--subdir', 'DAGS_FOLDER/to_datalake_pipeline.py', '--cfg-path', '/tmp/tmp6aolnlhi', '--error-file', '/tmp/tmpvv2dnbnh']
[2021-08-07 13:46:13,177] {standard_task_runner.py:77} INFO - Job 6: Subtask extract_from_git
[2021-08-07 13:46:13,224] {logging_mixin.py:104} INFO - Running <TaskInstance: to_datalake_pipeline.extract_from_git 2021-08-07T13:46:12.342766+00:00 [running]> on host ab70d6dafbc6
[2021-08-07 13:46:13,282] {taskinstance.py:1302} INFO - Exporting the following env vars:
AIRFLOW_CTX_DAG_OWNER=***
AIRFLOW_CTX_DAG_ID=to_datalake_pipeline
AIRFLOW_CTX_TASK_ID=extract_from_git
AIRFLOW_CTX_EXECUTION_DATE=2021-08-07T13:46:12.342766+00:00
AIRFLOW_CTX_DAG_RUN_ID=manual__2021-08-07T13:46:12.342766+00:00
[2021-08-07 13:46:13,283] {logging_mixin.py:104} INFO - Downloading data from -> https://raw.githubusercontent.com/rezaprimasatya/DTO-DE-JUN-MID/main/data.zip
[2021-08-07 13:46:19,671] {logging_mixin.py:104} INFO - Unzipping Data
[2021-08-07 13:46:19,745] {logging_mixin.py:104} INFO - Transform Data to Pandas Dataframe
[2021-08-07 13:46:19,926] {logging_mixin.py:104} INFO - Load data to datalake
[2021-08-07 13:46:19,986] {logging_mixin.py:104} INFO - Load table : REGION
[2021-08-07 13:46:20,031] {logging_mixin.py:104} INFO - Load table : NATION
[2021-08-07 13:46:20,046] {logging_mixin.py:104} INFO - Load table : PART
[2021-08-07 13:46:20,155] {logging_mixin.py:104} INFO - Load table : SUPPLIER
[2021-08-07 13:46:20,175] {logging_mixin.py:104} INFO - Load table : PARTSUPP
[2021-08-07 13:46:20,584] {logging_mixin.py:104} INFO - Load table : CUSTOMER
[2021-08-07 13:46:20,676] {logging_mixin.py:104} INFO - Load table : ORDERS
[2021-08-07 13:46:21,322] {logging_mixin.py:104} INFO - Load table : LINEITEM
[2021-08-07 13:46:24,944] {python.py:151} INFO - Done. Returned value was: None
[2021-08-07 13:46:24,954] {taskinstance.py:1211} INFO - Marking task as SUCCESS. dag_id=to_datalake_pipeline, task_id=extract_from_git, execution_date=20210807T134612, start_date=20210807T134613, end_date=20210807T134624
[2021-08-07 13:46:24,975] {taskinstance.py:1265} INFO - 0 downstream tasks scheduled from follow-on schedule check
[2021-08-07 13:46:25,009] {local_task_job.py:149} INFO - Task exited with return code 0
