[2021-08-08 02:04:26,921] {taskinstance.py:896} INFO - Dependencies all met for <TaskInstance: standardized_pipeline.create_standardized_table_parts 2021-08-08T02:04:25.048660+00:00 [queued]>
[2021-08-08 02:04:26,988] {taskinstance.py:896} INFO - Dependencies all met for <TaskInstance: standardized_pipeline.create_standardized_table_parts 2021-08-08T02:04:25.048660+00:00 [queued]>
[2021-08-08 02:04:26,990] {taskinstance.py:1087} INFO - 
--------------------------------------------------------------------------------
[2021-08-08 02:04:26,995] {taskinstance.py:1088} INFO - Starting attempt 1 of 1
[2021-08-08 02:04:26,997] {taskinstance.py:1089} INFO - 
--------------------------------------------------------------------------------
[2021-08-08 02:04:27,070] {taskinstance.py:1107} INFO - Executing <Task(MySqlOperator): create_standardized_table_parts> on 2021-08-08T02:04:25.048660+00:00
[2021-08-08 02:04:27,080] {standard_task_runner.py:52} INFO - Started process 3716 to run task
[2021-08-08 02:04:27,116] {standard_task_runner.py:76} INFO - Running: ['***', 'tasks', 'run', 'standardized_pipeline', 'create_standardized_table_parts', '2021-08-08T02:04:25.048660+00:00', '--job-id', '24', '--pool', 'default_pool', '--raw', '--subdir', 'DAGS_FOLDER/standardized_pipeline.py', '--cfg-path', '/tmp/tmpwum48uhy', '--error-file', '/tmp/tmp_zaix237']
[2021-08-08 02:04:27,120] {standard_task_runner.py:77} INFO - Job 24: Subtask create_standardized_table_parts
[2021-08-08 02:04:27,317] {logging_mixin.py:104} INFO - Running <TaskInstance: standardized_pipeline.create_standardized_table_parts 2021-08-08T02:04:25.048660+00:00 [running]> on host 02070657999c
[2021-08-08 02:04:27,531] {taskinstance.py:1302} INFO - Exporting the following env vars:
AIRFLOW_CTX_DAG_OWNER=***
AIRFLOW_CTX_DAG_ID=standardized_pipeline
AIRFLOW_CTX_TASK_ID=create_standardized_table_parts
AIRFLOW_CTX_EXECUTION_DATE=2021-08-08T02:04:25.048660+00:00
AIRFLOW_CTX_DAG_RUN_ID=manual__2021-08-08T02:04:25.048660+00:00
[2021-08-08 02:04:27,534] {mysql.py:70} INFO - Executing: CREATE TABLE IF NOT EXISTS standardized.parts AS
WITH data_last_5_minutes AS (
	SELECT
        DISTINCT
        CAST(P_PARTKEY AS SIGNED) AS PART_KEY,
        P_NAME AS PART_NAME,
        P_MFGR AS PART_MANUFACTURE_GROUP_NAME,
        P_BRAND AS PART_BRAND_NAME,
        P_TYPE AS PART_TYPE,
        CAST(P_SIZE AS SIGNED) AS PART_SIZE_NUMBER,
        P_CONTAINER AS PART_CONTAINER_TYPE,
        P_RETAILPRICE AS PART_RETAIL_PRICE,
        P_COMMENT AS PART_COMMENT
    FROM
        datalake.PART
    WHERE 
        INGESTION_TIMESTAMP >= DATE_SUB(NOW(), INTERVAL 5 MINUTE)
)

SELECT 
	* 
FROM 
	data_last_5_minutes
[2021-08-08 02:04:27,559] {base.py:78} INFO - Using connection to: id: dwh_id. Host: dwh, Port: 3306, Schema: , Login: root, Password: ***, extra: {}
[2021-08-08 02:04:27,598] {dbapi.py:204} INFO - Running statement: CREATE TABLE IF NOT EXISTS standardized.parts AS
WITH data_last_5_minutes AS (
	SELECT
        DISTINCT
        CAST(P_PARTKEY AS SIGNED) AS PART_KEY,
        P_NAME AS PART_NAME,
        P_MFGR AS PART_MANUFACTURE_GROUP_NAME,
        P_BRAND AS PART_BRAND_NAME,
        P_TYPE AS PART_TYPE,
        CAST(P_SIZE AS SIGNED) AS PART_SIZE_NUMBER,
        P_CONTAINER AS PART_CONTAINER_TYPE,
        P_RETAILPRICE AS PART_RETAIL_PRICE,
        P_COMMENT AS PART_COMMENT
    FROM
        datalake.PART
    WHERE 
        INGESTION_TIMESTAMP >= DATE_SUB(NOW(), INTERVAL 5 MINUTE)
)

SELECT 
	* 
FROM 
	data_last_5_minutes, parameters: None
[2021-08-08 02:04:27,791] {dbapi.py:212} INFO - Rows affected: 2000
[2021-08-08 02:04:27,830] {taskinstance.py:1211} INFO - Marking task as SUCCESS. dag_id=standardized_pipeline, task_id=create_standardized_table_parts, execution_date=20210808T020425, start_date=20210808T020426, end_date=20210808T020427
[2021-08-08 02:04:27,888] {taskinstance.py:1265} INFO - 1 downstream tasks scheduled from follow-on schedule check
[2021-08-08 02:04:27,938] {local_task_job.py:149} INFO - Task exited with return code 0
