[2021-08-08 08:40:23,897] {taskinstance.py:896} INFO - Dependencies all met for <TaskInstance: presentation_pipeline.create_presentation_table_fact_order_line_items 2021-08-08T08:40:10.801573+00:00 [queued]>
[2021-08-08 08:40:23,909] {taskinstance.py:896} INFO - Dependencies all met for <TaskInstance: presentation_pipeline.create_presentation_table_fact_order_line_items 2021-08-08T08:40:10.801573+00:00 [queued]>
[2021-08-08 08:40:23,910] {taskinstance.py:1087} INFO - 
--------------------------------------------------------------------------------
[2021-08-08 08:40:23,911] {taskinstance.py:1088} INFO - Starting attempt 1 of 1
[2021-08-08 08:40:23,912] {taskinstance.py:1089} INFO - 
--------------------------------------------------------------------------------
[2021-08-08 08:40:23,926] {taskinstance.py:1107} INFO - Executing <Task(MySqlOperator): create_presentation_table_fact_order_line_items> on 2021-08-08T08:40:10.801573+00:00
[2021-08-08 08:40:23,936] {standard_task_runner.py:76} INFO - Running: ['***', 'tasks', 'run', 'presentation_pipeline', 'create_presentation_table_fact_order_line_items', '2021-08-08T08:40:10.801573+00:00', '--job-id', '44', '--pool', 'default_pool', '--raw', '--subdir', 'DAGS_FOLDER/presentation_pipeline.py', '--cfg-path', '/tmp/tmpseyutbb_', '--error-file', '/tmp/tmpldiq7u84']
[2021-08-08 08:40:23,931] {standard_task_runner.py:52} INFO - Started process 1067 to run task
[2021-08-08 08:40:23,937] {standard_task_runner.py:77} INFO - Job 44: Subtask create_presentation_table_fact_order_line_items
[2021-08-08 08:40:23,987] {logging_mixin.py:104} INFO - Running <TaskInstance: presentation_pipeline.create_presentation_table_fact_order_line_items 2021-08-08T08:40:10.801573+00:00 [running]> on host 5e970160fe16
[2021-08-08 08:40:24,041] {taskinstance.py:1302} INFO - Exporting the following env vars:
AIRFLOW_CTX_DAG_OWNER=***
AIRFLOW_CTX_DAG_ID=presentation_pipeline
AIRFLOW_CTX_TASK_ID=create_presentation_table_fact_order_line_items
AIRFLOW_CTX_EXECUTION_DATE=2021-08-08T08:40:10.801573+00:00
AIRFLOW_CTX_DAG_RUN_ID=manual__2021-08-08T08:40:10.801573+00:00
[2021-08-08 08:40:24,042] {mysql.py:70} INFO - Executing: CREATE TABLE IF NOT EXISTS presentation.order_line_items (
    PART_KEY INT NOT NULL,
	SUPPLIER_KEY INT NOT NULL,
	CUSTOMER_KEY INT NOT NULL,
	CUSTOMER_NATION_KEY INT NOT NULL,
	SUPPLIER_NATION_KEY INT NOT NULL,
	ORDER_DATE_KEY INT NOT NULL,
	LINE_ITEM_SHIP_DATE_KEY INT NOT NULL,
	LINE_ITEM_COMMIT_DATE_KEY INT NOT NULL,
	LINE_ITEM_RECEIPT_DATE_KEY INT NOT NULL,
	ORDER_KEY INT NOT NULL,
	ORDER_STATUS_TYPE TEXT NOT NULL,
	ORDER_TOTAL_PRICE INT NOT NULL,
	ORDER_PRIORITY_TYPE TEXT NOT NULL,
	ORDER_CLERK TEXT NOT NULL,
	ORDER_SHIPPRIORITY INT NOT NULL,
	PART_AVAILABILITY_QUANTITY INT NOT NULL,
	PART_SUPPLY_COST INT NOT NULL,
	LINE_TIME_NUMBER INT NOT NULL,
	LINE_ITEM_QUANTITY INT NOT NULL,
	LINE_ITEM_EXTENDED_PRICE INT NOT NULL,
	LINE_ITEM_DISCOUNT INT NOT NULL,
	LINE_ITEM_TAX INT NOT NULL,
	LINE_ITEM_RETURN_FLAG TEXT NOT NULL,
	LINE_ITEM_STATUS_TYPE TEXT NOT NULL,
	LINE_ITEM_SHIP_INSTRUCTION_TYPE TEXT NOT NULL,
	LINE_ITEM_SHIP_MODE_TYPE TEXT NOT NULL,
    INGESTION_TIMESTAMP TIMESTAMP NOT NULL DEFAULT CURRENT_TIMESTAMP,
    CONSTRAINT `PART_KEY_FK` FOREIGN KEY (PART_KEY) REFERENCES presentation.parts(PART_KEY),
	CONSTRAINT `SUPPLIER_KEY_FK` FOREIGN KEY (SUPPLIER_KEY) REFERENCES presentation.suppliers(SUPPLIER_KEY),
	CONSTRAINT `CUSTOMER_KEY_FK` FOREIGN KEY (CUSTOMER_KEY) REFERENCES presentation.customer(CUSTOMER_KEY),
	CONSTRAINT `CUSTOMER_NATION_KEY_FK` FOREIGN KEY (CUSTOMER_NATION_KEY) REFERENCES presentation.nations(NATION_KEY),
	CONSTRAINT `SUPPLIER_NATION_KEY_FK` FOREIGN KEY (SUPPLIER_NATION_KEY) REFERENCES presentation.nations(NATION_KEY),
	CONSTRAINT `ORDER_DATE_KEY_FK` FOREIGN KEY (ORDER_DATE_KEY) REFERENCES presentation.dates(DATE_KEY),
	CONSTRAINT `LINE_ITEM_SHIP_DATE_KEY_FK` FOREIGN KEY (LINE_ITEM_SHIP_DATE_KEY) REFERENCES presentation.dates(DATE_KEY),
	CONSTRAINT `LINE_ITEM_COMMIT_DATE_KEY_FK` FOREIGN KEY (LINE_ITEM_COMMIT_DATE_KEY) REFERENCES presentation.dates(DATE_KEY),
	CONSTRAINT `LINE_ITEM_RECEIPT_DATE_KEY_FK` FOREIGN KEY (LINE_ITEM_RECEIPT_DATE_KEY) REFERENCES presentation.dates(DATE_KEY)
)
[2021-08-08 08:40:24,052] {base.py:78} INFO - Using connection to: id: dwh_id. Host: dwh, Port: 3306, Schema: , Login: root, Password: ***, extra: {}
[2021-08-08 08:40:24,064] {dbapi.py:204} INFO - Running statement: CREATE TABLE IF NOT EXISTS presentation.order_line_items (
    PART_KEY INT NOT NULL,
	SUPPLIER_KEY INT NOT NULL,
	CUSTOMER_KEY INT NOT NULL,
	CUSTOMER_NATION_KEY INT NOT NULL,
	SUPPLIER_NATION_KEY INT NOT NULL,
	ORDER_DATE_KEY INT NOT NULL,
	LINE_ITEM_SHIP_DATE_KEY INT NOT NULL,
	LINE_ITEM_COMMIT_DATE_KEY INT NOT NULL,
	LINE_ITEM_RECEIPT_DATE_KEY INT NOT NULL,
	ORDER_KEY INT NOT NULL,
	ORDER_STATUS_TYPE TEXT NOT NULL,
	ORDER_TOTAL_PRICE INT NOT NULL,
	ORDER_PRIORITY_TYPE TEXT NOT NULL,
	ORDER_CLERK TEXT NOT NULL,
	ORDER_SHIPPRIORITY INT NOT NULL,
	PART_AVAILABILITY_QUANTITY INT NOT NULL,
	PART_SUPPLY_COST INT NOT NULL,
	LINE_TIME_NUMBER INT NOT NULL,
	LINE_ITEM_QUANTITY INT NOT NULL,
	LINE_ITEM_EXTENDED_PRICE INT NOT NULL,
	LINE_ITEM_DISCOUNT INT NOT NULL,
	LINE_ITEM_TAX INT NOT NULL,
	LINE_ITEM_RETURN_FLAG TEXT NOT NULL,
	LINE_ITEM_STATUS_TYPE TEXT NOT NULL,
	LINE_ITEM_SHIP_INSTRUCTION_TYPE TEXT NOT NULL,
	LINE_ITEM_SHIP_MODE_TYPE TEXT NOT NULL,
    INGESTION_TIMESTAMP TIMESTAMP NOT NULL DEFAULT CURRENT_TIMESTAMP,
    CONSTRAINT `PART_KEY_FK` FOREIGN KEY (PART_KEY) REFERENCES presentation.parts(PART_KEY),
	CONSTRAINT `SUPPLIER_KEY_FK` FOREIGN KEY (SUPPLIER_KEY) REFERENCES presentation.suppliers(SUPPLIER_KEY),
	CONSTRAINT `CUSTOMER_KEY_FK` FOREIGN KEY (CUSTOMER_KEY) REFERENCES presentation.customer(CUSTOMER_KEY),
	CONSTRAINT `CUSTOMER_NATION_KEY_FK` FOREIGN KEY (CUSTOMER_NATION_KEY) REFERENCES presentation.nations(NATION_KEY),
	CONSTRAINT `SUPPLIER_NATION_KEY_FK` FOREIGN KEY (SUPPLIER_NATION_KEY) REFERENCES presentation.nations(NATION_KEY),
	CONSTRAINT `ORDER_DATE_KEY_FK` FOREIGN KEY (ORDER_DATE_KEY) REFERENCES presentation.dates(DATE_KEY),
	CONSTRAINT `LINE_ITEM_SHIP_DATE_KEY_FK` FOREIGN KEY (LINE_ITEM_SHIP_DATE_KEY) REFERENCES presentation.dates(DATE_KEY),
	CONSTRAINT `LINE_ITEM_COMMIT_DATE_KEY_FK` FOREIGN KEY (LINE_ITEM_COMMIT_DATE_KEY) REFERENCES presentation.dates(DATE_KEY),
	CONSTRAINT `LINE_ITEM_RECEIPT_DATE_KEY_FK` FOREIGN KEY (LINE_ITEM_RECEIPT_DATE_KEY) REFERENCES presentation.dates(DATE_KEY)
), parameters: None
[2021-08-08 08:40:24,066] {taskinstance.py:1501} ERROR - Task failed with exception
Traceback (most recent call last):
  File "/home/airflow/.local/lib/python3.6/site-packages/airflow/models/taskinstance.py", line 1157, in _run_raw_task
    self._prepare_and_execute_task_with_callbacks(context, task)
  File "/home/airflow/.local/lib/python3.6/site-packages/airflow/models/taskinstance.py", line 1331, in _prepare_and_execute_task_with_callbacks
    result = self._execute_task(context, task_copy)
  File "/home/airflow/.local/lib/python3.6/site-packages/airflow/models/taskinstance.py", line 1361, in _execute_task
    result = task_copy.execute(context=context)
  File "/home/airflow/.local/lib/python3.6/site-packages/airflow/providers/mysql/operators/mysql.py", line 72, in execute
    hook.run(self.sql, autocommit=self.autocommit, parameters=self.parameters)
  File "/home/airflow/.local/lib/python3.6/site-packages/airflow/hooks/dbapi.py", line 184, in run
    self._run_command(cur, sql_statement, parameters)
  File "/home/airflow/.local/lib/python3.6/site-packages/airflow/hooks/dbapi.py", line 208, in _run_command
    cur.execute(sql_statement)
  File "/home/airflow/.local/lib/python3.6/site-packages/MySQLdb/cursors.py", line 206, in execute
    res = self._query(query)
  File "/home/airflow/.local/lib/python3.6/site-packages/MySQLdb/cursors.py", line 319, in _query
    db.query(q)
  File "/home/airflow/.local/lib/python3.6/site-packages/MySQLdb/connections.py", line 259, in query
    _mysql.connection.query(self, query)
MySQLdb._exceptions.OperationalError: (1824, "Failed to open the referenced table 'customer'")
[2021-08-08 08:40:24,069] {taskinstance.py:1551} INFO - Marking task as FAILED. dag_id=presentation_pipeline, task_id=create_presentation_table_fact_order_line_items, execution_date=20210808T084010, start_date=20210808T084023, end_date=20210808T084024
[2021-08-08 08:40:24,112] {local_task_job.py:149} INFO - Task exited with return code 1
