[2021-08-08 05:00:08,325] {taskinstance.py:896} INFO - Dependencies all met for <TaskInstance: standardized_pipeline.standardized_suppliers 2021-08-08T04:50:00+00:00 [queued]>
[2021-08-08 05:00:08,490] {taskinstance.py:896} INFO - Dependencies all met for <TaskInstance: standardized_pipeline.standardized_suppliers 2021-08-08T04:50:00+00:00 [queued]>
[2021-08-08 05:00:08,501] {taskinstance.py:1087} INFO - 
--------------------------------------------------------------------------------
[2021-08-08 05:00:08,505] {taskinstance.py:1088} INFO - Starting attempt 1 of 11
[2021-08-08 05:00:08,509] {taskinstance.py:1089} INFO - 
--------------------------------------------------------------------------------
[2021-08-08 05:00:08,659] {taskinstance.py:1107} INFO - Executing <Task(MySqlOperator): standardized_suppliers> on 2021-08-08T04:50:00+00:00
[2021-08-08 05:00:08,747] {standard_task_runner.py:76} INFO - Running: ['***', 'tasks', 'run', 'standardized_pipeline', 'standardized_suppliers', '2021-08-08T04:50:00+00:00', '--job-id', '60', '--pool', 'default_pool', '--raw', '--subdir', 'DAGS_FOLDER/standardized_pipeline.py', '--cfg-path', '/tmp/tmpg0a2b4sp', '--error-file', '/tmp/tmp79k0m3yw']
[2021-08-08 05:00:08,767] {standard_task_runner.py:77} INFO - Job 60: Subtask standardized_suppliers
[2021-08-08 05:00:08,703] {standard_task_runner.py:52} INFO - Started process 6292 to run task
[2021-08-08 05:00:09,325] {logging_mixin.py:104} INFO - Running <TaskInstance: standardized_pipeline.standardized_suppliers 2021-08-08T04:50:00+00:00 [running]> on host 75feb3cfb2a6
[2021-08-08 05:00:09,832] {taskinstance.py:1302} INFO - Exporting the following env vars:
AIRFLOW_CTX_DAG_EMAIL=wildangbudhi@gmail.com
AIRFLOW_CTX_DAG_OWNER=***
AIRFLOW_CTX_DAG_ID=standardized_pipeline
AIRFLOW_CTX_TASK_ID=standardized_suppliers
AIRFLOW_CTX_EXECUTION_DATE=2021-08-08T04:50:00+00:00
AIRFLOW_CTX_DAG_RUN_ID=scheduled__2021-08-08T04:50:00+00:00
[2021-08-08 05:00:09,840] {mysql.py:70} INFO - Executing: INSERT INTO standardized.suppliers
WITH data_last_5_minutes AS (
	SELECT
        DISTINCT
        CAST(S_SUPPKEY AS SIGNED) AS SUPPLIER_KEY,
        S_NAME AS SUPPLIER_NAME,
        S_ADDRESS AS SUPPLIER_ADDRESS,
        CAST(S_NATIONKEY AS SIGNED) AS NATION_KEY,
        S_PHONE AS SUPPLIER_PHONE,
        S_ACCTBAL AS SUPPLIER_ACCOUNT_BALANCE_TOTAL,
        S_COMMENT AS SUPPLIER_COMMENT,
        NOW() AS INGESTION_TIMESTAMP
    FROM
        datalake.SUPPLIER s
    WHERE 
        s.INGESTION_TIMESTAMP >= DATE_SUB(NOW(), INTERVAL 5 MINUTE)
)

SELECT 
	* 
FROM 
	data_last_5_minutes
[2021-08-08 05:00:09,947] {base.py:78} INFO - Using connection to: id: dwh_id. Host: dwh, Port: 3306, Schema: , Login: root, Password: ***, extra: {}
[2021-08-08 05:00:10,010] {dbapi.py:204} INFO - Running statement: INSERT INTO standardized.suppliers
WITH data_last_5_minutes AS (
	SELECT
        DISTINCT
        CAST(S_SUPPKEY AS SIGNED) AS SUPPLIER_KEY,
        S_NAME AS SUPPLIER_NAME,
        S_ADDRESS AS SUPPLIER_ADDRESS,
        CAST(S_NATIONKEY AS SIGNED) AS NATION_KEY,
        S_PHONE AS SUPPLIER_PHONE,
        S_ACCTBAL AS SUPPLIER_ACCOUNT_BALANCE_TOTAL,
        S_COMMENT AS SUPPLIER_COMMENT,
        NOW() AS INGESTION_TIMESTAMP
    FROM
        datalake.SUPPLIER s
    WHERE 
        s.INGESTION_TIMESTAMP >= DATE_SUB(NOW(), INTERVAL 5 MINUTE)
)

SELECT 
	* 
FROM 
	data_last_5_minutes, parameters: None
[2021-08-08 05:00:10,054] {dbapi.py:212} INFO - Rows affected: 100
[2021-08-08 05:00:10,195] {taskinstance.py:1211} INFO - Marking task as SUCCESS. dag_id=standardized_pipeline, task_id=standardized_suppliers, execution_date=20210808T045000, start_date=20210808T050008, end_date=20210808T050010
[2021-08-08 05:00:10,452] {taskinstance.py:1265} INFO - 0 downstream tasks scheduled from follow-on schedule check
[2021-08-08 05:00:10,535] {local_task_job.py:149} INFO - Task exited with return code 0
