[2021-08-07 15:07:29,555] {taskinstance.py:896} INFO - Dependencies all met for <TaskInstance: to_datalake_pipeline.extract_from_git 2021-08-07T15:07:28.595820+00:00 [queued]>
[2021-08-07 15:07:29,572] {taskinstance.py:896} INFO - Dependencies all met for <TaskInstance: to_datalake_pipeline.extract_from_git 2021-08-07T15:07:28.595820+00:00 [queued]>
[2021-08-07 15:07:29,573] {taskinstance.py:1087} INFO - 
--------------------------------------------------------------------------------
[2021-08-07 15:07:29,573] {taskinstance.py:1088} INFO - Starting attempt 1 of 1
[2021-08-07 15:07:29,574] {taskinstance.py:1089} INFO - 
--------------------------------------------------------------------------------
[2021-08-07 15:07:29,583] {taskinstance.py:1107} INFO - Executing <Task(PythonOperator): extract_from_git> on 2021-08-07T15:07:28.595820+00:00
[2021-08-07 15:07:29,588] {standard_task_runner.py:52} INFO - Started process 8915 to run task
[2021-08-07 15:07:29,592] {standard_task_runner.py:76} INFO - Running: ['***', 'tasks', 'run', 'to_datalake_pipeline', 'extract_from_git', '2021-08-07T15:07:28.595820+00:00', '--job-id', '144', '--pool', 'default_pool', '--raw', '--subdir', 'DAGS_FOLDER/to_datalake_pipeline.py', '--cfg-path', '/tmp/tmp28m4xsnh', '--error-file', '/tmp/tmpzub203d7']
[2021-08-07 15:07:29,593] {standard_task_runner.py:77} INFO - Job 144: Subtask extract_from_git
[2021-08-07 15:07:29,638] {logging_mixin.py:104} INFO - Running <TaskInstance: to_datalake_pipeline.extract_from_git 2021-08-07T15:07:28.595820+00:00 [running]> on host ab70d6dafbc6
[2021-08-07 15:07:29,685] {taskinstance.py:1302} INFO - Exporting the following env vars:
AIRFLOW_CTX_DAG_OWNER=***
AIRFLOW_CTX_DAG_ID=to_datalake_pipeline
AIRFLOW_CTX_TASK_ID=extract_from_git
AIRFLOW_CTX_EXECUTION_DATE=2021-08-07T15:07:28.595820+00:00
AIRFLOW_CTX_DAG_RUN_ID=manual__2021-08-07T15:07:28.595820+00:00
[2021-08-07 15:07:29,687] {logging_mixin.py:104} INFO - Downloading data from -> https://raw.githubusercontent.com/rezaprimasatya/DTO-DE-JUN-MID/main/data.zip
[2021-08-07 15:07:30,380] {logging_mixin.py:104} INFO - Unzipping Data
[2021-08-07 15:07:30,452] {logging_mixin.py:104} INFO - Transform Data to Pandas Dataframe
[2021-08-07 15:07:30,640] {logging_mixin.py:104} INFO - Load data to datalake
[2021-08-07 15:07:30,680] {logging_mixin.py:104} INFO - Load table : REGION
[2021-08-07 15:07:30,714] {logging_mixin.py:104} INFO - Load table : NATION
[2021-08-07 15:07:30,728] {logging_mixin.py:104} INFO - Load table : PART
[2021-08-07 15:07:30,835] {logging_mixin.py:104} INFO - Load table : SUPPLIER
[2021-08-07 15:07:30,855] {logging_mixin.py:104} INFO - Load table : PARTSUPP
[2021-08-07 15:07:31,233] {logging_mixin.py:104} INFO - Load table : CUSTOMER
[2021-08-07 15:07:31,319] {logging_mixin.py:104} INFO - Load table : ORDERS
[2021-08-07 15:07:31,988] {logging_mixin.py:104} INFO - Load table : LINEITEM
[2021-08-07 15:07:35,401] {python.py:151} INFO - Done. Returned value was: None
[2021-08-07 15:07:35,413] {taskinstance.py:1211} INFO - Marking task as SUCCESS. dag_id=to_datalake_pipeline, task_id=extract_from_git, execution_date=20210807T150728, start_date=20210807T150729, end_date=20210807T150735
[2021-08-07 15:07:35,435] {taskinstance.py:1265} INFO - 0 downstream tasks scheduled from follow-on schedule check
[2021-08-07 15:07:35,488] {local_task_job.py:149} INFO - Task exited with return code 0
