[2021-08-08 11:00:01,158] {taskinstance.py:896} INFO - Dependencies all met for <TaskInstance: to_datalake_pipeline.extract_from_git 2021-08-08T10:00:00+00:00 [queued]>
[2021-08-08 11:00:01,166] {taskinstance.py:896} INFO - Dependencies all met for <TaskInstance: to_datalake_pipeline.extract_from_git 2021-08-08T10:00:00+00:00 [queued]>
[2021-08-08 11:00:01,167] {taskinstance.py:1087} INFO - 
--------------------------------------------------------------------------------
[2021-08-08 11:00:01,168] {taskinstance.py:1088} INFO - Starting attempt 1 of 11
[2021-08-08 11:00:01,168] {taskinstance.py:1089} INFO - 
--------------------------------------------------------------------------------
[2021-08-08 11:00:01,180] {taskinstance.py:1107} INFO - Executing <Task(PythonOperator): extract_from_git> on 2021-08-08T10:00:00+00:00
[2021-08-08 11:00:01,184] {standard_task_runner.py:52} INFO - Started process 10910 to run task
[2021-08-08 11:00:01,189] {standard_task_runner.py:76} INFO - Running: ['***', 'tasks', 'run', 'to_datalake_pipeline', 'extract_from_git', '2021-08-08T10:00:00+00:00', '--job-id', '97', '--pool', 'default_pool', '--raw', '--subdir', 'DAGS_FOLDER/to_datalake_pipeline.py', '--cfg-path', '/tmp/tmp_6ouk3a6', '--error-file', '/tmp/tmpj4pp4fl5']
[2021-08-08 11:00:01,190] {standard_task_runner.py:77} INFO - Job 97: Subtask extract_from_git
[2021-08-08 11:00:01,234] {logging_mixin.py:104} INFO - Running <TaskInstance: to_datalake_pipeline.extract_from_git 2021-08-08T10:00:00+00:00 [running]> on host 99eefc5c6cd8
[2021-08-08 11:00:01,288] {taskinstance.py:1302} INFO - Exporting the following env vars:
AIRFLOW_CTX_DAG_OWNER=***
AIRFLOW_CTX_DAG_ID=to_datalake_pipeline
AIRFLOW_CTX_TASK_ID=extract_from_git
AIRFLOW_CTX_EXECUTION_DATE=2021-08-08T10:00:00+00:00
AIRFLOW_CTX_DAG_RUN_ID=scheduled__2021-08-08T10:00:00+00:00
[2021-08-08 11:00:01,289] {logging_mixin.py:104} INFO - Downloading data from -> https://raw.githubusercontent.com/rezaprimasatya/DTO-DE-JUN-MID/main/data.zip
[2021-08-08 11:00:02,496] {logging_mixin.py:104} INFO - Unzipping Data
[2021-08-08 11:00:02,568] {logging_mixin.py:104} INFO - Transform Data to Pandas Dataframe
[2021-08-08 11:00:02,800] {logging_mixin.py:104} INFO - Load data to datalake
[2021-08-08 11:00:02,842] {logging_mixin.py:104} INFO - Load table : REGION
[2021-08-08 11:00:02,880] {logging_mixin.py:104} INFO - Load table : NATION
[2021-08-08 11:00:02,896] {logging_mixin.py:104} INFO - Load table : PART
[2021-08-08 11:00:03,033] {logging_mixin.py:104} INFO - Load table : SUPPLIER
[2021-08-08 11:00:03,053] {logging_mixin.py:104} INFO - Load table : PARTSUPP
[2021-08-08 11:00:03,426] {logging_mixin.py:104} INFO - Load table : CUSTOMER
[2021-08-08 11:00:03,505] {logging_mixin.py:104} INFO - Load table : ORDERS
[2021-08-08 11:00:04,084] {logging_mixin.py:104} INFO - Load table : LINEITEM
[2021-08-08 11:00:07,547] {python.py:151} INFO - Done. Returned value was: None
[2021-08-08 11:00:07,556] {taskinstance.py:1211} INFO - Marking task as SUCCESS. dag_id=to_datalake_pipeline, task_id=extract_from_git, execution_date=20210808T100000, start_date=20210808T110001, end_date=20210808T110007
[2021-08-08 11:00:07,583] {taskinstance.py:1265} INFO - 1 downstream tasks scheduled from follow-on schedule check
[2021-08-08 11:00:07,642] {local_task_job.py:149} INFO - Task exited with return code 0
[2021-08-08 11:03:33,285] {taskinstance.py:896} INFO - Dependencies all met for <TaskInstance: to_datalake_pipeline.extract_from_git 2021-08-08T10:00:00+00:00 [queued]>
[2021-08-08 11:03:33,298] {taskinstance.py:896} INFO - Dependencies all met for <TaskInstance: to_datalake_pipeline.extract_from_git 2021-08-08T10:00:00+00:00 [queued]>
[2021-08-08 11:03:33,299] {taskinstance.py:1087} INFO - 
--------------------------------------------------------------------------------
[2021-08-08 11:03:33,300] {taskinstance.py:1088} INFO - Starting attempt 1 of 11
[2021-08-08 11:03:33,301] {taskinstance.py:1089} INFO - 
--------------------------------------------------------------------------------
[2021-08-08 11:03:33,308] {taskinstance.py:1107} INFO - Executing <Task(PythonOperator): extract_from_git> on 2021-08-08T10:00:00+00:00
[2021-08-08 11:03:33,312] {standard_task_runner.py:52} INFO - Started process 159 to run task
[2021-08-08 11:03:33,315] {standard_task_runner.py:76} INFO - Running: ['***', 'tasks', 'run', 'to_datalake_pipeline', 'extract_from_git', '2021-08-08T10:00:00+00:00', '--job-id', '4', '--pool', 'default_pool', '--raw', '--subdir', 'DAGS_FOLDER/to_datalake_pipeline.py', '--cfg-path', '/tmp/tmpysv6vnhc', '--error-file', '/tmp/tmpdgt3vh_p']
[2021-08-08 11:03:33,316] {standard_task_runner.py:77} INFO - Job 4: Subtask extract_from_git
[2021-08-08 11:03:33,359] {logging_mixin.py:104} INFO - Running <TaskInstance: to_datalake_pipeline.extract_from_git 2021-08-08T10:00:00+00:00 [running]> on host ce886ce1d63a
[2021-08-08 11:03:33,403] {taskinstance.py:1302} INFO - Exporting the following env vars:
AIRFLOW_CTX_DAG_OWNER=***
AIRFLOW_CTX_DAG_ID=to_datalake_pipeline
AIRFLOW_CTX_TASK_ID=extract_from_git
AIRFLOW_CTX_EXECUTION_DATE=2021-08-08T10:00:00+00:00
AIRFLOW_CTX_DAG_RUN_ID=scheduled__2021-08-08T10:00:00+00:00
[2021-08-08 11:03:33,405] {logging_mixin.py:104} INFO - Downloading data from -> https://raw.githubusercontent.com/rezaprimasatya/DTO-DE-JUN-MID/main/data.zip
[2021-08-08 11:03:33,839] {logging_mixin.py:104} INFO - Unzipping Data
[2021-08-08 11:03:33,935] {logging_mixin.py:104} INFO - Transform Data to Pandas Dataframe
[2021-08-08 11:03:34,139] {logging_mixin.py:104} INFO - Load data to datalake
[2021-08-08 11:03:34,204] {logging_mixin.py:104} INFO - Load table : REGION
[2021-08-08 11:03:34,251] {logging_mixin.py:104} INFO - Load table : NATION
[2021-08-08 11:03:34,269] {logging_mixin.py:104} INFO - Load table : PART
[2021-08-08 11:03:34,393] {logging_mixin.py:104} INFO - Load table : SUPPLIER
[2021-08-08 11:03:34,414] {logging_mixin.py:104} INFO - Load table : PARTSUPP
[2021-08-08 11:03:34,818] {logging_mixin.py:104} INFO - Load table : CUSTOMER
[2021-08-08 11:03:34,926] {logging_mixin.py:104} INFO - Load table : ORDERS
[2021-08-08 11:03:35,667] {logging_mixin.py:104} INFO - Load table : LINEITEM
[2021-08-08 11:03:39,856] {python.py:151} INFO - Done. Returned value was: None
[2021-08-08 11:03:39,865] {taskinstance.py:1211} INFO - Marking task as SUCCESS. dag_id=to_datalake_pipeline, task_id=extract_from_git, execution_date=20210808T100000, start_date=20210808T110333, end_date=20210808T110339
[2021-08-08 11:03:39,912] {taskinstance.py:1265} INFO - 0 downstream tasks scheduled from follow-on schedule check
[2021-08-08 11:03:39,974] {local_task_job.py:149} INFO - Task exited with return code 0
[2021-08-08 11:54:52,398] {taskinstance.py:896} INFO - Dependencies all met for <TaskInstance: to_datalake_pipeline.extract_from_git 2021-08-08T10:00:00+00:00 [queued]>
[2021-08-08 11:54:52,411] {taskinstance.py:896} INFO - Dependencies all met for <TaskInstance: to_datalake_pipeline.extract_from_git 2021-08-08T10:00:00+00:00 [queued]>
[2021-08-08 11:54:52,412] {taskinstance.py:1087} INFO - 
--------------------------------------------------------------------------------
[2021-08-08 11:54:52,412] {taskinstance.py:1088} INFO - Starting attempt 1 of 11
[2021-08-08 11:54:52,413] {taskinstance.py:1089} INFO - 
--------------------------------------------------------------------------------
[2021-08-08 11:54:52,425] {taskinstance.py:1107} INFO - Executing <Task(PythonOperator): extract_from_git> on 2021-08-08T10:00:00+00:00
[2021-08-08 11:54:52,431] {standard_task_runner.py:52} INFO - Started process 209 to run task
[2021-08-08 11:54:52,435] {standard_task_runner.py:76} INFO - Running: ['***', 'tasks', 'run', 'to_datalake_pipeline', 'extract_from_git', '2021-08-08T10:00:00+00:00', '--job-id', '3', '--pool', 'default_pool', '--raw', '--subdir', 'DAGS_FOLDER/to_datalake_pipeline.py', '--cfg-path', '/tmp/tmpldbnghf2', '--error-file', '/tmp/tmpcbe_txf0']
[2021-08-08 11:54:52,437] {standard_task_runner.py:77} INFO - Job 3: Subtask extract_from_git
[2021-08-08 11:54:52,482] {logging_mixin.py:104} INFO - Running <TaskInstance: to_datalake_pipeline.extract_from_git 2021-08-08T10:00:00+00:00 [running]> on host 7f57f947ae95
[2021-08-08 11:54:52,529] {taskinstance.py:1302} INFO - Exporting the following env vars:
AIRFLOW_CTX_DAG_OWNER=***
AIRFLOW_CTX_DAG_ID=to_datalake_pipeline
AIRFLOW_CTX_TASK_ID=extract_from_git
AIRFLOW_CTX_EXECUTION_DATE=2021-08-08T10:00:00+00:00
AIRFLOW_CTX_DAG_RUN_ID=scheduled__2021-08-08T10:00:00+00:00
[2021-08-08 11:54:52,531] {logging_mixin.py:104} INFO - Downloading data from -> https://raw.githubusercontent.com/rezaprimasatya/DTO-DE-JUN-MID/main/data.zip
[2021-08-08 11:54:53,813] {logging_mixin.py:104} INFO - Unzipping Data
[2021-08-08 11:54:53,885] {logging_mixin.py:104} INFO - Transform Data to Pandas Dataframe
[2021-08-08 11:54:54,094] {logging_mixin.py:104} INFO - Load data to datalake
[2021-08-08 11:54:54,158] {logging_mixin.py:104} INFO - Load table : REGION
[2021-08-08 11:54:54,209] {logging_mixin.py:104} INFO - Load table : NATION
[2021-08-08 11:54:54,227] {logging_mixin.py:104} INFO - Load table : PART
[2021-08-08 11:54:54,349] {logging_mixin.py:104} INFO - Load table : SUPPLIER
[2021-08-08 11:54:54,372] {logging_mixin.py:104} INFO - Load table : PARTSUPP
[2021-08-08 11:54:54,789] {logging_mixin.py:104} INFO - Load table : CUSTOMER
[2021-08-08 11:54:54,887] {logging_mixin.py:104} INFO - Load table : ORDERS
[2021-08-08 11:54:55,605] {logging_mixin.py:104} INFO - Load table : LINEITEM
[2021-08-08 11:54:59,564] {python.py:151} INFO - Done. Returned value was: None
[2021-08-08 11:54:59,592] {taskinstance.py:1211} INFO - Marking task as SUCCESS. dag_id=to_datalake_pipeline, task_id=extract_from_git, execution_date=20210808T100000, start_date=20210808T115452, end_date=20210808T115459
[2021-08-08 11:54:59,622] {taskinstance.py:1265} INFO - 1 downstream tasks scheduled from follow-on schedule check
[2021-08-08 11:54:59,654] {local_task_job.py:149} INFO - Task exited with return code 0
