[2021-08-07 08:20:00,732] {taskinstance.py:896} INFO - Dependencies all met for <TaskInstance: to_datalake_pipeline.extract_from_git 2021-08-07T08:15:00+00:00 [queued]>
[2021-08-07 08:20:00,746] {taskinstance.py:896} INFO - Dependencies all met for <TaskInstance: to_datalake_pipeline.extract_from_git 2021-08-07T08:15:00+00:00 [queued]>
[2021-08-07 08:20:00,747] {taskinstance.py:1087} INFO - 
--------------------------------------------------------------------------------
[2021-08-07 08:20:00,748] {taskinstance.py:1088} INFO - Starting attempt 1 of 1
[2021-08-07 08:20:00,748] {taskinstance.py:1089} INFO - 
--------------------------------------------------------------------------------
[2021-08-07 08:20:00,755] {taskinstance.py:1107} INFO - Executing <Task(PythonOperator): extract_from_git> on 2021-08-07T08:15:00+00:00
[2021-08-07 08:20:00,760] {standard_task_runner.py:52} INFO - Started process 4590 to run task
[2021-08-07 08:20:00,763] {standard_task_runner.py:76} INFO - Running: ['***', 'tasks', 'run', 'to_datalake_pipeline', 'extract_from_git', '2021-08-07T08:15:00+00:00', '--job-id', '12', '--pool', 'default_pool', '--raw', '--subdir', 'DAGS_FOLDER/to_datalake_pipeline.py', '--cfg-path', '/tmp/tmpr_71gejs', '--error-file', '/tmp/tmpe80ipnb4']
[2021-08-07 08:20:00,764] {standard_task_runner.py:77} INFO - Job 12: Subtask extract_from_git
[2021-08-07 08:20:00,810] {logging_mixin.py:104} INFO - Running <TaskInstance: to_datalake_pipeline.extract_from_git 2021-08-07T08:15:00+00:00 [running]> on host 0af53fa45088
[2021-08-07 08:20:00,855] {taskinstance.py:1302} INFO - Exporting the following env vars:
AIRFLOW_CTX_DAG_OWNER=***
AIRFLOW_CTX_DAG_ID=to_datalake_pipeline
AIRFLOW_CTX_TASK_ID=extract_from_git
AIRFLOW_CTX_EXECUTION_DATE=2021-08-07T08:15:00+00:00
AIRFLOW_CTX_DAG_RUN_ID=scheduled__2021-08-07T08:15:00+00:00
[2021-08-07 08:20:00,856] {logging_mixin.py:104} INFO - Downloading data from -> https://raw.githubusercontent.com/rezaprimasatya/DTO-DE-JUN-MID/main/data.zip
[2021-08-07 08:20:01,340] {logging_mixin.py:104} INFO - Unzipping Data
[2021-08-07 08:20:01,415] {logging_mixin.py:104} INFO - Transform Data to Pandas Dataframe
[2021-08-07 08:20:01,623] {logging_mixin.py:104} INFO - Load data to datalake
[2021-08-07 08:20:01,640] {logging_mixin.py:104} INFO - Load table : REGION
[2021-08-07 08:20:01,683] {logging_mixin.py:104} INFO - Load table : NATION
[2021-08-07 08:20:01,698] {logging_mixin.py:104} INFO - Load table : PART
[2021-08-07 08:20:01,799] {logging_mixin.py:104} INFO - Load table : SUPPLIER
[2021-08-07 08:20:01,818] {logging_mixin.py:104} INFO - Load table : PARTSUPP
[2021-08-07 08:20:02,143] {logging_mixin.py:104} INFO - Load table : CUSTOMER
[2021-08-07 08:20:02,210] {logging_mixin.py:104} INFO - Load table : ORDERS
[2021-08-07 08:20:02,832] {logging_mixin.py:104} INFO - Load table : LINEITEM
[2021-08-07 08:20:06,217] {python.py:151} INFO - Done. Returned value was: None
[2021-08-07 08:20:06,229] {taskinstance.py:1211} INFO - Marking task as SUCCESS. dag_id=to_datalake_pipeline, task_id=extract_from_git, execution_date=20210807T081500, start_date=20210807T082000, end_date=20210807T082006
[2021-08-07 08:20:06,253] {taskinstance.py:1265} INFO - 0 downstream tasks scheduled from follow-on schedule check
[2021-08-07 08:20:06,292] {local_task_job.py:149} INFO - Task exited with return code 0
