[2021-08-08 02:45:00,972] {taskinstance.py:896} INFO - Dependencies all met for <TaskInstance: standardized_pipeline.create_standardized_table_orders 2021-08-08T02:40:00+00:00 [queued]>
[2021-08-08 02:45:00,996] {taskinstance.py:896} INFO - Dependencies all met for <TaskInstance: standardized_pipeline.create_standardized_table_orders 2021-08-08T02:40:00+00:00 [queued]>
[2021-08-08 02:45:00,997] {taskinstance.py:1087} INFO - 
--------------------------------------------------------------------------------
[2021-08-08 02:45:00,997] {taskinstance.py:1088} INFO - Starting attempt 1 of 1
[2021-08-08 02:45:00,998] {taskinstance.py:1089} INFO - 
--------------------------------------------------------------------------------
[2021-08-08 02:45:01,014] {taskinstance.py:1107} INFO - Executing <Task(MySqlOperator): create_standardized_table_orders> on 2021-08-08T02:40:00+00:00
[2021-08-08 02:45:01,021] {standard_task_runner.py:52} INFO - Started process 765 to run task
[2021-08-08 02:45:01,036] {standard_task_runner.py:76} INFO - Running: ['***', 'tasks', 'run', 'standardized_pipeline', 'create_standardized_table_orders', '2021-08-08T02:40:00+00:00', '--job-id', '49', '--pool', 'default_pool', '--raw', '--subdir', 'DAGS_FOLDER/standardized_pipeline.py', '--cfg-path', '/tmp/tmp2pi95pxa', '--error-file', '/tmp/tmp9uat78c7']
[2021-08-08 02:45:01,039] {standard_task_runner.py:77} INFO - Job 49: Subtask create_standardized_table_orders
[2021-08-08 02:45:01,171] {logging_mixin.py:104} INFO - Running <TaskInstance: standardized_pipeline.create_standardized_table_orders 2021-08-08T02:40:00+00:00 [running]> on host 3c97923eccf9
[2021-08-08 02:45:01,369] {taskinstance.py:1302} INFO - Exporting the following env vars:
AIRFLOW_CTX_DAG_OWNER=***
AIRFLOW_CTX_DAG_ID=standardized_pipeline
AIRFLOW_CTX_TASK_ID=create_standardized_table_orders
AIRFLOW_CTX_EXECUTION_DATE=2021-08-08T02:40:00+00:00
AIRFLOW_CTX_DAG_RUN_ID=scheduled__2021-08-08T02:40:00+00:00
[2021-08-08 02:45:01,373] {mysql.py:70} INFO - Executing: CREATE TABLE IF NOT EXISTS standardized.orders (INGESTION_TIMESTAMP TIMESTAMP NOT NULL DEFAULT CURRENT_TIMESTAMP) AS
WITH data_last_5_minutes AS (
	SELECT
        DISTINCT
        CAST(O_ORDERKEY AS SIGNED) AS ORDER_KEY,
        CAST(O_CUSTKEY AS SIGNED) AS CUSTOMER_KEY,
        O_ORDERSTATUS AS ORDER_STATUS_TYPE,
        CAST(O_TOTALPRICE AS SIGNED) AS ORDER_TOTAL_PRICE,
        CAST(O_ORDERDATE AS DATE) AS ORDER_DATE,
        O_ORDERPRIORITY AS ORDER_PRIORITY_TYPE,
        O_CLERK AS ORDER_CLERK,
        O_SHIPPRIORITY AS ORDER_SHIPPRIORITY,
        O_COMMENT AS ORDER_COMMENT,
        NOW() AS INGESTION_TIMESTAMP
    FROM
        datalake.ORDERS o
    WHERE 
        o.INGESTION_TIMESTAMP >= DATE_SUB(NOW(), INTERVAL 5 MINUTE)
)

SELECT 
	* 
FROM 
	data_last_5_minutes
[2021-08-08 02:45:01,399] {base.py:78} INFO - Using connection to: id: dwh_id. Host: dwh, Port: 3306, Schema: , Login: root, Password: ***, extra: {}
[2021-08-08 02:45:01,422] {dbapi.py:204} INFO - Running statement: CREATE TABLE IF NOT EXISTS standardized.orders (INGESTION_TIMESTAMP TIMESTAMP NOT NULL DEFAULT CURRENT_TIMESTAMP) AS
WITH data_last_5_minutes AS (
	SELECT
        DISTINCT
        CAST(O_ORDERKEY AS SIGNED) AS ORDER_KEY,
        CAST(O_CUSTKEY AS SIGNED) AS CUSTOMER_KEY,
        O_ORDERSTATUS AS ORDER_STATUS_TYPE,
        CAST(O_TOTALPRICE AS SIGNED) AS ORDER_TOTAL_PRICE,
        CAST(O_ORDERDATE AS DATE) AS ORDER_DATE,
        O_ORDERPRIORITY AS ORDER_PRIORITY_TYPE,
        O_CLERK AS ORDER_CLERK,
        O_SHIPPRIORITY AS ORDER_SHIPPRIORITY,
        O_COMMENT AS ORDER_COMMENT,
        NOW() AS INGESTION_TIMESTAMP
    FROM
        datalake.ORDERS o
    WHERE 
        o.INGESTION_TIMESTAMP >= DATE_SUB(NOW(), INTERVAL 5 MINUTE)
)

SELECT 
	* 
FROM 
	data_last_5_minutes, parameters: None
[2021-08-08 02:45:01,428] {dbapi.py:212} INFO - Rows affected: 0
[2021-08-08 02:45:01,457] {taskinstance.py:1211} INFO - Marking task as SUCCESS. dag_id=standardized_pipeline, task_id=create_standardized_table_orders, execution_date=20210808T024000, start_date=20210808T024500, end_date=20210808T024501
[2021-08-08 02:45:01,567] {taskinstance.py:1265} INFO - 1 downstream tasks scheduled from follow-on schedule check
[2021-08-08 02:45:01,650] {local_task_job.py:149} INFO - Task exited with return code 0
