[2021-08-07 14:25:30,885] {taskinstance.py:896} INFO - Dependencies all met for <TaskInstance: standardized_pipeline.create_standardized_table_partsupp 2021-08-07T14:25:29.541596+00:00 [queued]>
[2021-08-07 14:25:30,935] {taskinstance.py:896} INFO - Dependencies all met for <TaskInstance: standardized_pipeline.create_standardized_table_partsupp 2021-08-07T14:25:29.541596+00:00 [queued]>
[2021-08-07 14:25:30,937] {taskinstance.py:1087} INFO - 
--------------------------------------------------------------------------------
[2021-08-07 14:25:30,938] {taskinstance.py:1088} INFO - Starting attempt 1 of 1
[2021-08-07 14:25:30,939] {taskinstance.py:1089} INFO - 
--------------------------------------------------------------------------------
[2021-08-07 14:25:30,963] {taskinstance.py:1107} INFO - Executing <Task(MySqlOperator): create_standardized_table_partsupp> on 2021-08-07T14:25:29.541596+00:00
[2021-08-07 14:25:30,971] {standard_task_runner.py:52} INFO - Started process 5110 to run task
[2021-08-07 14:25:30,998] {standard_task_runner.py:76} INFO - Running: ['***', 'tasks', 'run', 'standardized_pipeline', 'create_standardized_table_partsupp', '2021-08-07T14:25:29.541596+00:00', '--job-id', '99', '--pool', 'default_pool', '--raw', '--subdir', 'DAGS_FOLDER/standardized_pipeline.py', '--cfg-path', '/tmp/tmpy33_ghtz', '--error-file', '/tmp/tmpcf7pus82']
[2021-08-07 14:25:31,002] {standard_task_runner.py:77} INFO - Job 99: Subtask create_standardized_table_partsupp
[2021-08-07 14:25:31,157] {logging_mixin.py:104} INFO - Running <TaskInstance: standardized_pipeline.create_standardized_table_partsupp 2021-08-07T14:25:29.541596+00:00 [running]> on host ab70d6dafbc6
[2021-08-07 14:25:31,284] {taskinstance.py:1302} INFO - Exporting the following env vars:
AIRFLOW_CTX_DAG_OWNER=***
AIRFLOW_CTX_DAG_ID=standardized_pipeline
AIRFLOW_CTX_TASK_ID=create_standardized_table_partsupp
AIRFLOW_CTX_EXECUTION_DATE=2021-08-07T14:25:29.541596+00:00
AIRFLOW_CTX_DAG_RUN_ID=manual__2021-08-07T14:25:29.541596+00:00
[2021-08-07 14:25:31,287] {mysql.py:70} INFO - Executing: CREATE TABLE IF NOT EXISTS standardized.PARTSUPP (
  `PART_KEY` int NOT NULL,
  `SUPPLIER_KEY` int NOT NULL,
  `PARTSUPP_AVAILQTY` int NOT NULL,
  `PARTSUPP_SUPPLYCOST` int NOT NULL,
  `PARTSUPP_COMMENT` text NOT NULL,
  `INGESTION_TIMESTAMP` datetime DEFAULT CURRENT_TIMESTAMP
) ENGINE=InnoDB DEFAULT CHARSET=utf8mb4 COLLATE=utf8mb4_0900_ai_ci;
[2021-08-07 14:25:31,348] {base.py:78} INFO - Using connection to: id: dwh_id. Host: dwh, Port: 3306, Schema: , Login: root, Password: ***, extra: {}
[2021-08-07 14:25:31,378] {dbapi.py:204} INFO - Running statement: CREATE TABLE IF NOT EXISTS standardized.PARTSUPP (
  `PART_KEY` int NOT NULL,
  `SUPPLIER_KEY` int NOT NULL,
  `PARTSUPP_AVAILQTY` int NOT NULL,
  `PARTSUPP_SUPPLYCOST` int NOT NULL,
  `PARTSUPP_COMMENT` text NOT NULL,
  `INGESTION_TIMESTAMP` datetime DEFAULT CURRENT_TIMESTAMP
) ENGINE=InnoDB DEFAULT CHARSET=utf8mb4 COLLATE=utf8mb4_0900_ai_ci;, parameters: None
[2021-08-07 14:25:31,383] {dbapi.py:212} INFO - Rows affected: 0
[2021-08-07 14:25:31,429] {taskinstance.py:1211} INFO - Marking task as SUCCESS. dag_id=standardized_pipeline, task_id=create_standardized_table_partsupp, execution_date=20210807T142529, start_date=20210807T142530, end_date=20210807T142531
[2021-08-07 14:25:31,517] {taskinstance.py:1265} INFO - 0 downstream tasks scheduled from follow-on schedule check
[2021-08-07 14:25:31,574] {local_task_job.py:149} INFO - Task exited with return code 0
