[2021-08-07 16:36:05,841] {taskinstance.py:896} INFO - Dependencies all met for <TaskInstance: standardized_pipeline.standardized_nation 2021-08-07T16:36:02.133925+00:00 [queued]>
[2021-08-07 16:36:05,904] {taskinstance.py:896} INFO - Dependencies all met for <TaskInstance: standardized_pipeline.standardized_nation 2021-08-07T16:36:02.133925+00:00 [queued]>
[2021-08-07 16:36:05,906] {taskinstance.py:1087} INFO - 
--------------------------------------------------------------------------------
[2021-08-07 16:36:05,907] {taskinstance.py:1088} INFO - Starting attempt 1 of 1
[2021-08-07 16:36:05,909] {taskinstance.py:1089} INFO - 
--------------------------------------------------------------------------------
[2021-08-07 16:36:05,933] {taskinstance.py:1107} INFO - Executing <Task(MySqlOperator): standardized_nation> on 2021-08-07T16:36:02.133925+00:00
[2021-08-07 16:36:05,966] {standard_task_runner.py:76} INFO - Running: ['***', 'tasks', 'run', 'standardized_pipeline', 'standardized_nation', '2021-08-07T16:36:02.133925+00:00', '--job-id', '31', '--pool', 'default_pool', '--raw', '--subdir', 'DAGS_FOLDER/standardized_pipeline.py', '--cfg-path', '/tmp/tmpchv4bgnn', '--error-file', '/tmp/tmpd8tddc2r']
[2021-08-07 16:36:05,968] {standard_task_runner.py:77} INFO - Job 31: Subtask standardized_nation
[2021-08-07 16:36:05,957] {standard_task_runner.py:52} INFO - Started process 407 to run task
[2021-08-07 16:36:06,133] {logging_mixin.py:104} INFO - Running <TaskInstance: standardized_pipeline.standardized_nation 2021-08-07T16:36:02.133925+00:00 [running]> on host c8552014663a
[2021-08-07 16:36:06,353] {taskinstance.py:1302} INFO - Exporting the following env vars:
AIRFLOW_CTX_DAG_OWNER=***
AIRFLOW_CTX_DAG_ID=standardized_pipeline
AIRFLOW_CTX_TASK_ID=standardized_nation
AIRFLOW_CTX_EXECUTION_DATE=2021-08-07T16:36:02.133925+00:00
AIRFLOW_CTX_DAG_RUN_ID=manual__2021-08-07T16:36:02.133925+00:00
[2021-08-07 16:36:06,355] {mysql.py:70} INFO - Executing: INSERT IGNORE INTO standardized.NATION (
	`NATION_KEY`,
	`NATION_NAME`,
	`REGION_KEY`,
	`NATION_COMMENT`
) 

WITH nation_last_5_minutes AS (
	SELECT
		DISTINCT 
		CAST(N_NATIONKEY AS SIGNED) AS N_NATIONKEY,
		N_NAME,
		CAST(N_REGIONKEY AS SIGNED) AS N_REGIONKEY,
		N_COMMENT
	FROM
		datalake.NATION
	WHERE INGESTION_TIMESTAMP >= DATE_SUB(NOW(), INTERVAL 5 MINUTE)
)

SELECT 
	* 
FROM 
	nation_last_5_minutes
[2021-08-07 16:36:06,399] {base.py:78} INFO - Using connection to: id: dwh_id. Host: dwh, Port: 3306, Schema: , Login: root, Password: ***, extra: {}
[2021-08-07 16:36:06,447] {dbapi.py:204} INFO - Running statement: INSERT IGNORE INTO standardized.NATION (
	`NATION_KEY`,
	`NATION_NAME`,
	`REGION_KEY`,
	`NATION_COMMENT`
) 

WITH nation_last_5_minutes AS (
	SELECT
		DISTINCT 
		CAST(N_NATIONKEY AS SIGNED) AS N_NATIONKEY,
		N_NAME,
		CAST(N_REGIONKEY AS SIGNED) AS N_REGIONKEY,
		N_COMMENT
	FROM
		datalake.NATION
	WHERE INGESTION_TIMESTAMP >= DATE_SUB(NOW(), INTERVAL 5 MINUTE)
)

SELECT 
	* 
FROM 
	nation_last_5_minutes, parameters: None
[2021-08-07 16:36:06,452] {dbapi.py:212} INFO - Rows affected: 25
[2021-08-07 16:36:06,499] {taskinstance.py:1211} INFO - Marking task as SUCCESS. dag_id=standardized_pipeline, task_id=standardized_nation, execution_date=20210807T163602, start_date=20210807T163605, end_date=20210807T163606
[2021-08-07 16:36:06,593] {taskinstance.py:1265} INFO - 0 downstream tasks scheduled from follow-on schedule check
[2021-08-07 16:36:06,640] {local_task_job.py:149} INFO - Task exited with return code 0
