[2021-08-08 03:07:04,582] {taskinstance.py:896} INFO - Dependencies all met for <TaskInstance: standardized_pipeline.wait_datalake_pipeline_success 2021-08-08T03:00:00+00:00 [queued]>
[2021-08-08 03:07:04,681] {taskinstance.py:896} INFO - Dependencies all met for <TaskInstance: standardized_pipeline.wait_datalake_pipeline_success 2021-08-08T03:00:00+00:00 [queued]>
[2021-08-08 03:07:04,683] {taskinstance.py:1087} INFO - 
--------------------------------------------------------------------------------
[2021-08-08 03:07:04,686] {taskinstance.py:1088} INFO - Starting attempt 1 of 1
[2021-08-08 03:07:04,688] {taskinstance.py:1089} INFO - 
--------------------------------------------------------------------------------
[2021-08-08 03:07:04,739] {taskinstance.py:1107} INFO - Executing <Task(ExternalTaskSensor): wait_datalake_pipeline_success> on 2021-08-08T03:00:00+00:00
[2021-08-08 03:07:04,764] {standard_task_runner.py:52} INFO - Started process 2787 to run task
[2021-08-08 03:07:04,830] {standard_task_runner.py:76} INFO - Running: ['***', 'tasks', 'run', 'standardized_pipeline', 'wait_datalake_pipeline_success', '2021-08-08T03:00:00+00:00', '--job-id', '108', '--pool', 'default_pool', '--raw', '--subdir', 'DAGS_FOLDER/standardized_pipeline.py', '--cfg-path', '/tmp/tmp05k6dubc', '--error-file', '/tmp/tmphwwefwth']
[2021-08-08 03:07:04,835] {standard_task_runner.py:77} INFO - Job 108: Subtask wait_datalake_pipeline_success
[2021-08-08 03:07:05,032] {logging_mixin.py:104} INFO - Running <TaskInstance: standardized_pipeline.wait_datalake_pipeline_success 2021-08-08T03:00:00+00:00 [running]> on host 3c97923eccf9
[2021-08-08 03:07:05,250] {taskinstance.py:1302} INFO - Exporting the following env vars:
AIRFLOW_CTX_DAG_OWNER=***
AIRFLOW_CTX_DAG_ID=standardized_pipeline
AIRFLOW_CTX_TASK_ID=wait_datalake_pipeline_success
AIRFLOW_CTX_EXECUTION_DATE=2021-08-08T03:00:00+00:00
AIRFLOW_CTX_DAG_RUN_ID=scheduled__2021-08-08T03:00:00+00:00
[2021-08-08 03:07:05,286] {external_task.py:152} INFO - Poking for to_datalake_pipeline.to_datalake_pipeline_end_task on 2021-08-08T03:00:00+00:00 ... 
[2021-08-08 03:07:05,411] {taskinstance.py:1484} INFO - Rescheduling task, marking task as UP_FOR_RESCHEDULE
[2021-08-08 03:07:05,449] {local_task_job.py:149} INFO - Task exited with return code 0
[2021-08-08 03:08:05,797] {taskinstance.py:896} INFO - Dependencies all met for <TaskInstance: standardized_pipeline.wait_datalake_pipeline_success 2021-08-08T03:00:00+00:00 [queued]>
[2021-08-08 03:08:05,826] {taskinstance.py:896} INFO - Dependencies all met for <TaskInstance: standardized_pipeline.wait_datalake_pipeline_success 2021-08-08T03:00:00+00:00 [queued]>
[2021-08-08 03:08:05,827] {taskinstance.py:1087} INFO - 
--------------------------------------------------------------------------------
[2021-08-08 03:08:05,828] {taskinstance.py:1088} INFO - Starting attempt 1 of 1
[2021-08-08 03:08:05,828] {taskinstance.py:1089} INFO - 
--------------------------------------------------------------------------------
[2021-08-08 03:08:05,838] {taskinstance.py:1107} INFO - Executing <Task(ExternalTaskSensor): wait_datalake_pipeline_success> on 2021-08-08T03:00:00+00:00
[2021-08-08 03:08:05,848] {standard_task_runner.py:76} INFO - Running: ['***', 'tasks', 'run', 'standardized_pipeline', 'wait_datalake_pipeline_success', '2021-08-08T03:00:00+00:00', '--job-id', '114', '--pool', 'default_pool', '--raw', '--subdir', 'DAGS_FOLDER/standardized_pipeline.py', '--cfg-path', '/tmp/tmpckd3tpo9', '--error-file', '/tmp/tmp_ssp0tjn']
[2021-08-08 03:08:05,843] {standard_task_runner.py:52} INFO - Started process 2880 to run task
[2021-08-08 03:08:05,850] {standard_task_runner.py:77} INFO - Job 114: Subtask wait_datalake_pipeline_success
[2021-08-08 03:08:05,914] {logging_mixin.py:104} INFO - Running <TaskInstance: standardized_pipeline.wait_datalake_pipeline_success 2021-08-08T03:00:00+00:00 [running]> on host 3c97923eccf9
[2021-08-08 03:08:05,978] {taskinstance.py:1302} INFO - Exporting the following env vars:
AIRFLOW_CTX_DAG_OWNER=***
AIRFLOW_CTX_DAG_ID=standardized_pipeline
AIRFLOW_CTX_TASK_ID=wait_datalake_pipeline_success
AIRFLOW_CTX_EXECUTION_DATE=2021-08-08T03:00:00+00:00
AIRFLOW_CTX_DAG_RUN_ID=scheduled__2021-08-08T03:00:00+00:00
[2021-08-08 03:08:05,991] {external_task.py:152} INFO - Poking for to_datalake_pipeline.to_datalake_pipeline_end_task on 2021-08-08T03:00:00+00:00 ... 
[2021-08-08 03:08:06,009] {base.py:248} INFO - Success criteria met. Exiting.
[2021-08-08 03:08:06,025] {taskinstance.py:1211} INFO - Marking task as SUCCESS. dag_id=standardized_pipeline, task_id=wait_datalake_pipeline_success, execution_date=20210808T030000, start_date=20210808T030805, end_date=20210808T030806
[2021-08-08 03:08:06,086] {taskinstance.py:1265} INFO - 8 downstream tasks scheduled from follow-on schedule check
[2021-08-08 03:08:06,106] {local_task_job.py:149} INFO - Task exited with return code 0
