[2021-08-07 17:02:40,946] {taskinstance.py:896} INFO - Dependencies all met for <TaskInstance: standardized_pipeline.standardized_customer 2021-08-07T16:55:00+00:00 [queued]>
[2021-08-07 17:02:40,968] {taskinstance.py:896} INFO - Dependencies all met for <TaskInstance: standardized_pipeline.standardized_customer 2021-08-07T16:55:00+00:00 [queued]>
[2021-08-07 17:02:40,969] {taskinstance.py:1087} INFO - 
--------------------------------------------------------------------------------
[2021-08-07 17:02:40,969] {taskinstance.py:1088} INFO - Starting attempt 1 of 1
[2021-08-07 17:02:40,970] {taskinstance.py:1089} INFO - 
--------------------------------------------------------------------------------
[2021-08-07 17:02:40,981] {taskinstance.py:1107} INFO - Executing <Task(MySqlOperator): standardized_customer> on 2021-08-07T16:55:00+00:00
[2021-08-07 17:02:40,986] {standard_task_runner.py:52} INFO - Started process 627 to run task
[2021-08-07 17:02:41,002] {standard_task_runner.py:76} INFO - Running: ['***', 'tasks', 'run', 'standardized_pipeline', 'standardized_customer', '2021-08-07T16:55:00+00:00', '--job-id', '13', '--pool', 'default_pool', '--raw', '--subdir', 'DAGS_FOLDER/standardized_pipeline.py', '--cfg-path', '/tmp/tmpjrr0dib2', '--error-file', '/tmp/tmpu695v_qd']
[2021-08-07 17:02:41,003] {standard_task_runner.py:77} INFO - Job 13: Subtask standardized_customer
[2021-08-07 17:02:41,182] {logging_mixin.py:104} INFO - Running <TaskInstance: standardized_pipeline.standardized_customer 2021-08-07T16:55:00+00:00 [running]> on host f68214991f84
[2021-08-07 17:02:41,296] {taskinstance.py:1302} INFO - Exporting the following env vars:
AIRFLOW_CTX_DAG_OWNER=***
AIRFLOW_CTX_DAG_ID=standardized_pipeline
AIRFLOW_CTX_TASK_ID=standardized_customer
AIRFLOW_CTX_EXECUTION_DATE=2021-08-07T16:55:00+00:00
AIRFLOW_CTX_DAG_RUN_ID=scheduled__2021-08-07T16:55:00+00:00
[2021-08-07 17:02:41,300] {mysql.py:70} INFO - Executing: INSERT IGNORE INTO standardized.CUSTOMER(
	`CUSTOMER_KEY`,
    `CUSTOMER_NAME`,
    `CUSTOMER_ADDRESS`,
    `NATION_KEY`,
    `CUSTOMER_PHONE`,
    `CUSTOMER_ACCTBAL`,
    `CUSTOMER_MKTSEGMENT`,
    `CUSTOMER_COMMENT`
) 

WITH customer_last_5_minutes AS (
	SELECT
		DISTINCT 
		CAST(C_CUSTKEY AS SIGNED) AS C_CUSTKEY,
		C_NAME,
		C_ADDRESS,
		CAST(C_NATIONKEY AS SIGNED) AS C_NATIONKEY,
		C_PHONE,
		C_ACCTBAL,
		C_MKTSEGMENT,
		C_COMMENT
	FROM
		datalake.CUSTOMER
	WHERE INGESTION_TIMESTAMP >= DATE_SUB(NOW(), INTERVAL 5 MINUTE)
)

SELECT 
	* 
FROM 
	customer_last_5_minutes
[2021-08-07 17:02:41,321] {base.py:78} INFO - Using connection to: id: dwh_id. Host: dwh, Port: 3306, Schema: , Login: root, Password: ***, extra: {}
[2021-08-07 17:02:41,343] {dbapi.py:204} INFO - Running statement: INSERT IGNORE INTO standardized.CUSTOMER(
	`CUSTOMER_KEY`,
    `CUSTOMER_NAME`,
    `CUSTOMER_ADDRESS`,
    `NATION_KEY`,
    `CUSTOMER_PHONE`,
    `CUSTOMER_ACCTBAL`,
    `CUSTOMER_MKTSEGMENT`,
    `CUSTOMER_COMMENT`
) 

WITH customer_last_5_minutes AS (
	SELECT
		DISTINCT 
		CAST(C_CUSTKEY AS SIGNED) AS C_CUSTKEY,
		C_NAME,
		C_ADDRESS,
		CAST(C_NATIONKEY AS SIGNED) AS C_NATIONKEY,
		C_PHONE,
		C_ACCTBAL,
		C_MKTSEGMENT,
		C_COMMENT
	FROM
		datalake.CUSTOMER
	WHERE INGESTION_TIMESTAMP >= DATE_SUB(NOW(), INTERVAL 5 MINUTE)
)

SELECT 
	* 
FROM 
	customer_last_5_minutes, parameters: None
[2021-08-07 17:02:41,443] {dbapi.py:212} INFO - Rows affected: 1500
[2021-08-07 17:02:41,490] {taskinstance.py:1211} INFO - Marking task as SUCCESS. dag_id=standardized_pipeline, task_id=standardized_customer, execution_date=20210807T165500, start_date=20210807T170240, end_date=20210807T170241
[2021-08-07 17:02:41,570] {taskinstance.py:1265} INFO - 0 downstream tasks scheduled from follow-on schedule check
[2021-08-07 17:02:41,626] {local_task_job.py:149} INFO - Task exited with return code 0
