[2021-08-07 16:36:20,788] {taskinstance.py:896} INFO - Dependencies all met for <TaskInstance: presentation_pipeline.presentation_nation 2021-08-07T16:30:00+00:00 [queued]>
[2021-08-07 16:36:20,817] {taskinstance.py:896} INFO - Dependencies all met for <TaskInstance: presentation_pipeline.presentation_nation 2021-08-07T16:30:00+00:00 [queued]>
[2021-08-07 16:36:20,818] {taskinstance.py:1087} INFO - 
--------------------------------------------------------------------------------
[2021-08-07 16:36:20,820] {taskinstance.py:1088} INFO - Starting attempt 1 of 1
[2021-08-07 16:36:20,821] {taskinstance.py:1089} INFO - 
--------------------------------------------------------------------------------
[2021-08-07 16:36:20,832] {taskinstance.py:1107} INFO - Executing <Task(MySqlOperator): presentation_nation> on 2021-08-07T16:30:00+00:00
[2021-08-07 16:36:20,839] {standard_task_runner.py:52} INFO - Started process 446 to run task
[2021-08-07 16:36:20,846] {standard_task_runner.py:76} INFO - Running: ['***', 'tasks', 'run', 'presentation_pipeline', 'presentation_nation', '2021-08-07T16:30:00+00:00', '--job-id', '42', '--pool', 'default_pool', '--raw', '--subdir', 'DAGS_FOLDER/presentation_pipeline.py', '--cfg-path', '/tmp/tmpt_4eae6m', '--error-file', '/tmp/tmp9kwej0ob']
[2021-08-07 16:36:20,848] {standard_task_runner.py:77} INFO - Job 42: Subtask presentation_nation
[2021-08-07 16:36:20,953] {logging_mixin.py:104} INFO - Running <TaskInstance: presentation_pipeline.presentation_nation 2021-08-07T16:30:00+00:00 [running]> on host c8552014663a
[2021-08-07 16:36:21,028] {taskinstance.py:1302} INFO - Exporting the following env vars:
AIRFLOW_CTX_DAG_OWNER=***
AIRFLOW_CTX_DAG_ID=presentation_pipeline
AIRFLOW_CTX_TASK_ID=presentation_nation
AIRFLOW_CTX_EXECUTION_DATE=2021-08-07T16:30:00+00:00
AIRFLOW_CTX_DAG_RUN_ID=scheduled__2021-08-07T16:30:00+00:00
[2021-08-07 16:36:21,030] {mysql.py:70} INFO - Executing: INSERT IGNORE INTO presentation.NATION (
	`NATION_KEY`,
    `NATION_NAME`,
    `REGION_NAME`
) 

SELECT 
	n.NATION_KEY,
	n.NATION_NAME,
	r.REGION_NAME
FROM 
	standardized.NATION n
LEFT JOIN 
	standardized.REGION r
	ON n.REGION_KEY = r.REGION_KEY 
WHERE 
	n.INGESTION_TIMESTAMP >= DATE_SUB(NOW(), INTERVAL 5 MINUTE)
[2021-08-07 16:36:21,052] {base.py:78} INFO - Using connection to: id: dwh_id. Host: dwh, Port: 3306, Schema: , Login: root, Password: ***, extra: {}
[2021-08-07 16:36:21,072] {dbapi.py:204} INFO - Running statement: INSERT IGNORE INTO presentation.NATION (
	`NATION_KEY`,
    `NATION_NAME`,
    `REGION_NAME`
) 

SELECT 
	n.NATION_KEY,
	n.NATION_NAME,
	r.REGION_NAME
FROM 
	standardized.NATION n
LEFT JOIN 
	standardized.REGION r
	ON n.REGION_KEY = r.REGION_KEY 
WHERE 
	n.INGESTION_TIMESTAMP >= DATE_SUB(NOW(), INTERVAL 5 MINUTE), parameters: None
[2021-08-07 16:36:21,078] {dbapi.py:212} INFO - Rows affected: 25
[2021-08-07 16:36:21,110] {taskinstance.py:1211} INFO - Marking task as SUCCESS. dag_id=presentation_pipeline, task_id=presentation_nation, execution_date=20210807T163000, start_date=20210807T163620, end_date=20210807T163621
[2021-08-07 16:36:21,174] {taskinstance.py:1265} INFO - 0 downstream tasks scheduled from follow-on schedule check
[2021-08-07 16:36:21,225] {local_task_job.py:149} INFO - Task exited with return code 0
