[2021-08-08 03:07:04,550] {taskinstance.py:896} INFO - Dependencies all met for <TaskInstance: standardized_pipeline.create_standardized_table_regions 2021-08-08T03:00:00+00:00 [queued]>
[2021-08-08 03:07:04,588] {taskinstance.py:896} INFO - Dependencies all met for <TaskInstance: standardized_pipeline.create_standardized_table_regions 2021-08-08T03:00:00+00:00 [queued]>
[2021-08-08 03:07:04,597] {taskinstance.py:1087} INFO - 
--------------------------------------------------------------------------------
[2021-08-08 03:07:04,600] {taskinstance.py:1088} INFO - Starting attempt 1 of 1
[2021-08-08 03:07:04,603] {taskinstance.py:1089} INFO - 
--------------------------------------------------------------------------------
[2021-08-08 03:07:04,645] {taskinstance.py:1107} INFO - Executing <Task(MySqlOperator): create_standardized_table_regions> on 2021-08-08T03:00:00+00:00
[2021-08-08 03:07:04,668] {standard_task_runner.py:76} INFO - Running: ['***', 'tasks', 'run', 'standardized_pipeline', 'create_standardized_table_regions', '2021-08-08T03:00:00+00:00', '--job-id', '106', '--pool', 'default_pool', '--raw', '--subdir', 'DAGS_FOLDER/standardized_pipeline.py', '--cfg-path', '/tmp/tmpzs329lik', '--error-file', '/tmp/tmpfe8boe6p']
[2021-08-08 03:07:04,671] {standard_task_runner.py:77} INFO - Job 106: Subtask create_standardized_table_regions
[2021-08-08 03:07:04,655] {standard_task_runner.py:52} INFO - Started process 2784 to run task
[2021-08-08 03:07:04,904] {logging_mixin.py:104} INFO - Running <TaskInstance: standardized_pipeline.create_standardized_table_regions 2021-08-08T03:00:00+00:00 [running]> on host 3c97923eccf9
[2021-08-08 03:07:05,173] {taskinstance.py:1302} INFO - Exporting the following env vars:
AIRFLOW_CTX_DAG_OWNER=***
AIRFLOW_CTX_DAG_ID=standardized_pipeline
AIRFLOW_CTX_TASK_ID=create_standardized_table_regions
AIRFLOW_CTX_EXECUTION_DATE=2021-08-08T03:00:00+00:00
AIRFLOW_CTX_DAG_RUN_ID=scheduled__2021-08-08T03:00:00+00:00
[2021-08-08 03:07:05,175] {mysql.py:70} INFO - Executing: CREATE TABLE IF NOT EXISTS standardized.regions (INGESTION_TIMESTAMP TIMESTAMP NOT NULL DEFAULT CURRENT_TIMESTAMP) AS
WITH data_last_5_minutes AS (
	SELECT
		DISTINCT 
		CAST(R_REGIONKEY AS SIGNED) AS REGION_KEY,
		R_NAME AS REGION_NAME,
		R_COMMENT AS REGION_COMMENT,
		NOW() AS INGESTION_TIMESTAMP
	FROM
		datalake.REGION r
	WHERE 
		r.INGESTION_TIMESTAMP >= DATE_SUB(NOW(), INTERVAL 5 MINUTE)
)

SELECT 
	* 
FROM 
	data_last_5_minutes
[2021-08-08 03:07:05,213] {base.py:78} INFO - Using connection to: id: dwh_id. Host: dwh, Port: 3306, Schema: , Login: root, Password: ***, extra: {}
[2021-08-08 03:07:05,251] {dbapi.py:204} INFO - Running statement: CREATE TABLE IF NOT EXISTS standardized.regions (INGESTION_TIMESTAMP TIMESTAMP NOT NULL DEFAULT CURRENT_TIMESTAMP) AS
WITH data_last_5_minutes AS (
	SELECT
		DISTINCT 
		CAST(R_REGIONKEY AS SIGNED) AS REGION_KEY,
		R_NAME AS REGION_NAME,
		R_COMMENT AS REGION_COMMENT,
		NOW() AS INGESTION_TIMESTAMP
	FROM
		datalake.REGION r
	WHERE 
		r.INGESTION_TIMESTAMP >= DATE_SUB(NOW(), INTERVAL 5 MINUTE)
)

SELECT 
	* 
FROM 
	data_last_5_minutes, parameters: None
[2021-08-08 03:07:05,258] {dbapi.py:212} INFO - Rows affected: 0
[2021-08-08 03:07:05,336] {taskinstance.py:1211} INFO - Marking task as SUCCESS. dag_id=standardized_pipeline, task_id=create_standardized_table_regions, execution_date=20210808T030000, start_date=20210808T030704, end_date=20210808T030705
[2021-08-08 03:07:05,519] {taskinstance.py:1265} INFO - 0 downstream tasks scheduled from follow-on schedule check
[2021-08-08 03:07:05,551] {local_task_job.py:149} INFO - Task exited with return code 0
