[2021-08-07 15:05:03,542] {taskinstance.py:896} INFO - Dependencies all met for <TaskInstance: standardized_pipeline.standardized_supplier 2021-08-07T15:00:00+00:00 [queued]>
[2021-08-07 15:05:03,556] {taskinstance.py:896} INFO - Dependencies all met for <TaskInstance: standardized_pipeline.standardized_supplier 2021-08-07T15:00:00+00:00 [queued]>
[2021-08-07 15:05:03,556] {taskinstance.py:1087} INFO - 
--------------------------------------------------------------------------------
[2021-08-07 15:05:03,557] {taskinstance.py:1088} INFO - Starting attempt 1 of 1
[2021-08-07 15:05:03,558] {taskinstance.py:1089} INFO - 
--------------------------------------------------------------------------------
[2021-08-07 15:05:03,575] {taskinstance.py:1107} INFO - Executing <Task(MySqlOperator): standardized_supplier> on 2021-08-07T15:00:00+00:00
[2021-08-07 15:05:03,585] {standard_task_runner.py:52} INFO - Started process 8699 to run task
[2021-08-07 15:05:03,615] {standard_task_runner.py:76} INFO - Running: ['***', 'tasks', 'run', 'standardized_pipeline', 'standardized_supplier', '2021-08-07T15:00:00+00:00', '--job-id', '142', '--pool', 'default_pool', '--raw', '--subdir', 'DAGS_FOLDER/standardized_pipeline.py', '--cfg-path', '/tmp/tmp1np5apbc', '--error-file', '/tmp/tmpu5ge6r2e']
[2021-08-07 15:05:03,616] {standard_task_runner.py:77} INFO - Job 142: Subtask standardized_supplier
[2021-08-07 15:05:03,723] {logging_mixin.py:104} INFO - Running <TaskInstance: standardized_pipeline.standardized_supplier 2021-08-07T15:00:00+00:00 [running]> on host ab70d6dafbc6
[2021-08-07 15:05:03,832] {taskinstance.py:1302} INFO - Exporting the following env vars:
AIRFLOW_CTX_DAG_OWNER=***
AIRFLOW_CTX_DAG_ID=standardized_pipeline
AIRFLOW_CTX_TASK_ID=standardized_supplier
AIRFLOW_CTX_EXECUTION_DATE=2021-08-07T15:00:00+00:00
AIRFLOW_CTX_DAG_RUN_ID=scheduled__2021-08-07T15:00:00+00:00
[2021-08-07 15:05:03,833] {mysql.py:70} INFO - Executing: INSERT IGNORE INTO standardized.SUPPLIER(
	`SUPPLIER_KEY`,
    `SUPPLIER_NAME`,
    `SUPPLIER_ADDRESS`,
    `NATION_KEY`,
    `SUPPLIER_PHONE`,
    `SUPPLIER_ACCTBAL`,
    `SUPPLIER_COMMENT`
) 

WITH region_last_5_minutes AS (
	SELECT
        CAST(S_SUPPKEY AS SIGNED) AS S_SUPPKEY,
        S_NAME,
        S_ADDRESS,
        CAST(S_NATIONKEY AS SIGNED) AS S_NATIONKEY,
        S_PHONE,
        S_ACCTBAL,
        S_COMMENT
    FROM
        datalake.SUPPLIER
    WHERE 
        INGESTION_TIMESTAMP >= DATE_SUB(NOW(), INTERVAL 5 MINUTE)
)

SELECT 
	* 
FROM 
	region_last_5_minutes
[2021-08-07 15:05:03,851] {base.py:78} INFO - Using connection to: id: dwh_id. Host: dwh, Port: 3306, Schema: , Login: root, Password: ***, extra: {}
[2021-08-07 15:05:03,865] {dbapi.py:204} INFO - Running statement: INSERT IGNORE INTO standardized.SUPPLIER(
	`SUPPLIER_KEY`,
    `SUPPLIER_NAME`,
    `SUPPLIER_ADDRESS`,
    `NATION_KEY`,
    `SUPPLIER_PHONE`,
    `SUPPLIER_ACCTBAL`,
    `SUPPLIER_COMMENT`
) 

WITH region_last_5_minutes AS (
	SELECT
        CAST(S_SUPPKEY AS SIGNED) AS S_SUPPKEY,
        S_NAME,
        S_ADDRESS,
        CAST(S_NATIONKEY AS SIGNED) AS S_NATIONKEY,
        S_PHONE,
        S_ACCTBAL,
        S_COMMENT
    FROM
        datalake.SUPPLIER
    WHERE 
        INGESTION_TIMESTAMP >= DATE_SUB(NOW(), INTERVAL 5 MINUTE)
)

SELECT 
	* 
FROM 
	region_last_5_minutes, parameters: None
[2021-08-07 15:05:03,874] {dbapi.py:212} INFO - Rows affected: 100
[2021-08-07 15:05:03,899] {taskinstance.py:1211} INFO - Marking task as SUCCESS. dag_id=standardized_pipeline, task_id=standardized_supplier, execution_date=20210807T150000, start_date=20210807T150503, end_date=20210807T150503
[2021-08-07 15:05:03,932] {taskinstance.py:1265} INFO - 0 downstream tasks scheduled from follow-on schedule check
[2021-08-07 15:05:03,960] {local_task_job.py:149} INFO - Task exited with return code 0
