[2021-08-08 03:45:02,022] {taskinstance.py:896} INFO - Dependencies all met for <TaskInstance: to_datalake_pipeline.extract_from_git 2021-08-08T03:40:00+00:00 [queued]>
[2021-08-08 03:45:02,050] {taskinstance.py:896} INFO - Dependencies all met for <TaskInstance: to_datalake_pipeline.extract_from_git 2021-08-08T03:40:00+00:00 [queued]>
[2021-08-08 03:45:02,052] {taskinstance.py:1087} INFO - 
--------------------------------------------------------------------------------
[2021-08-08 03:45:02,053] {taskinstance.py:1088} INFO - Starting attempt 1 of 11
[2021-08-08 03:45:02,055] {taskinstance.py:1089} INFO - 
--------------------------------------------------------------------------------
[2021-08-08 03:45:02,082] {taskinstance.py:1107} INFO - Executing <Task(PythonOperator): extract_from_git> on 2021-08-08T03:40:00+00:00
[2021-08-08 03:45:02,092] {standard_task_runner.py:52} INFO - Started process 515 to run task
[2021-08-08 03:45:02,100] {standard_task_runner.py:76} INFO - Running: ['***', 'tasks', 'run', 'to_datalake_pipeline', 'extract_from_git', '2021-08-08T03:40:00+00:00', '--job-id', '22', '--pool', 'default_pool', '--raw', '--subdir', 'DAGS_FOLDER/to_datalake_pipeline.py', '--cfg-path', '/tmp/tmp_isxr5q7', '--error-file', '/tmp/tmpjzqav2xn']
[2021-08-08 03:45:02,102] {standard_task_runner.py:77} INFO - Job 22: Subtask extract_from_git
[2021-08-08 03:45:02,188] {logging_mixin.py:104} INFO - Running <TaskInstance: to_datalake_pipeline.extract_from_git 2021-08-08T03:40:00+00:00 [running]> on host 75feb3cfb2a6
[2021-08-08 03:45:02,288] {taskinstance.py:1302} INFO - Exporting the following env vars:
AIRFLOW_CTX_DAG_EMAIL=wildangbudhi@gmail.com
AIRFLOW_CTX_DAG_OWNER=***
AIRFLOW_CTX_DAG_ID=to_datalake_pipeline
AIRFLOW_CTX_TASK_ID=extract_from_git
AIRFLOW_CTX_EXECUTION_DATE=2021-08-08T03:40:00+00:00
AIRFLOW_CTX_DAG_RUN_ID=scheduled__2021-08-08T03:40:00+00:00
[2021-08-08 03:45:02,290] {logging_mixin.py:104} INFO - Downloading data from -> https://raw.githubusercontent.com/rezaprimasatya/DTO-DE-JUN-MID/main/data.zip
[2021-08-08 03:45:09,750] {logging_mixin.py:104} INFO - Unzipping Data
[2021-08-08 03:45:09,889] {logging_mixin.py:104} INFO - Transform Data to Pandas Dataframe
[2021-08-08 03:45:10,275] {logging_mixin.py:104} INFO - Load data to datalake
[2021-08-08 03:45:10,353] {logging_mixin.py:104} INFO - Load table : REGION
[2021-08-08 03:45:10,417] {logging_mixin.py:104} INFO - Load table : NATION
[2021-08-08 03:45:10,449] {logging_mixin.py:104} INFO - Load table : PART
[2021-08-08 03:45:10,711] {logging_mixin.py:104} INFO - Load table : SUPPLIER
[2021-08-08 03:45:10,745] {logging_mixin.py:104} INFO - Load table : PARTSUPP
[2021-08-08 03:45:11,528] {logging_mixin.py:104} INFO - Load table : CUSTOMER
[2021-08-08 03:45:11,741] {logging_mixin.py:104} INFO - Load table : ORDERS
[2021-08-08 03:45:12,961] {logging_mixin.py:104} INFO - Load table : LINEITEM
[2021-08-08 03:45:20,820] {python.py:151} INFO - Done. Returned value was: None
[2021-08-08 03:45:20,838] {taskinstance.py:1211} INFO - Marking task as SUCCESS. dag_id=to_datalake_pipeline, task_id=extract_from_git, execution_date=20210808T034000, start_date=20210808T034502, end_date=20210808T034520
[2021-08-08 03:45:20,891] {taskinstance.py:1265} INFO - 1 downstream tasks scheduled from follow-on schedule check
[2021-08-08 03:45:20,955] {local_task_job.py:149} INFO - Task exited with return code 0
