[2021-08-08 02:45:02,684] {taskinstance.py:896} INFO - Dependencies all met for <TaskInstance: standardized_pipeline.standardized_part_suppliers 2021-08-08T02:40:00+00:00 [queued]>
[2021-08-08 02:45:02,726] {taskinstance.py:896} INFO - Dependencies all met for <TaskInstance: standardized_pipeline.standardized_part_suppliers 2021-08-08T02:40:00+00:00 [queued]>
[2021-08-08 02:45:02,727] {taskinstance.py:1087} INFO - 
--------------------------------------------------------------------------------
[2021-08-08 02:45:02,730] {taskinstance.py:1088} INFO - Starting attempt 1 of 1
[2021-08-08 02:45:02,731] {taskinstance.py:1089} INFO - 
--------------------------------------------------------------------------------
[2021-08-08 02:45:02,759] {taskinstance.py:1107} INFO - Executing <Task(MySqlOperator): standardized_part_suppliers> on 2021-08-08T02:40:00+00:00
[2021-08-08 02:45:02,771] {standard_task_runner.py:76} INFO - Running: ['***', 'tasks', 'run', 'standardized_pipeline', 'standardized_part_suppliers', '2021-08-08T02:40:00+00:00', '--job-id', '68', '--pool', 'default_pool', '--raw', '--subdir', 'DAGS_FOLDER/standardized_pipeline.py', '--cfg-path', '/tmp/tmpour8te4t', '--error-file', '/tmp/tmpd9z9oulz']
[2021-08-08 02:45:02,773] {standard_task_runner.py:77} INFO - Job 68: Subtask standardized_part_suppliers
[2021-08-08 02:45:02,765] {standard_task_runner.py:52} INFO - Started process 792 to run task
[2021-08-08 02:45:02,883] {logging_mixin.py:104} INFO - Running <TaskInstance: standardized_pipeline.standardized_part_suppliers 2021-08-08T02:40:00+00:00 [running]> on host 3c97923eccf9
[2021-08-08 02:45:03,038] {taskinstance.py:1302} INFO - Exporting the following env vars:
AIRFLOW_CTX_DAG_OWNER=***
AIRFLOW_CTX_DAG_ID=standardized_pipeline
AIRFLOW_CTX_TASK_ID=standardized_part_suppliers
AIRFLOW_CTX_EXECUTION_DATE=2021-08-08T02:40:00+00:00
AIRFLOW_CTX_DAG_RUN_ID=scheduled__2021-08-08T02:40:00+00:00
[2021-08-08 02:45:03,040] {mysql.py:70} INFO - Executing: INSERT INTO standardized.part_suppliers
WITH data_last_5_minutes AS (
	SELECT
        DISTINCT
        CAST(PS_PARTKEY AS SIGNED) AS PART_KEY,
        CAST(PS_SUPPKEY AS SIGNED) AS SUPPLIER_KEY,
        CAST(PS_AVAILQTY AS SIGNED) AS PART_AVAILABILITY_QUANTITY,
        CAST(PS_SUPPLYCOST AS SIGNED) AS PART_SUPPLY_COST, 
        PS_COMMENT AS PART_SUPPLIER_COMMENT,
        NOW() AS INGESTION_TIMESTAMP
    FROM
        datalake.PARTSUPP ps
    WHERE 
        ps.INGESTION_TIMESTAMP >= DATE_SUB(NOW(), INTERVAL 5 MINUTE)
)

SELECT 
	* 
FROM 
	data_last_5_minutes
[2021-08-08 02:45:03,088] {base.py:78} INFO - Using connection to: id: dwh_id. Host: dwh, Port: 3306, Schema: , Login: root, Password: ***, extra: {}
[2021-08-08 02:45:03,123] {dbapi.py:204} INFO - Running statement: INSERT INTO standardized.part_suppliers
WITH data_last_5_minutes AS (
	SELECT
        DISTINCT
        CAST(PS_PARTKEY AS SIGNED) AS PART_KEY,
        CAST(PS_SUPPKEY AS SIGNED) AS SUPPLIER_KEY,
        CAST(PS_AVAILQTY AS SIGNED) AS PART_AVAILABILITY_QUANTITY,
        CAST(PS_SUPPLYCOST AS SIGNED) AS PART_SUPPLY_COST, 
        PS_COMMENT AS PART_SUPPLIER_COMMENT,
        NOW() AS INGESTION_TIMESTAMP
    FROM
        datalake.PARTSUPP ps
    WHERE 
        ps.INGESTION_TIMESTAMP >= DATE_SUB(NOW(), INTERVAL 5 MINUTE)
)

SELECT 
	* 
FROM 
	data_last_5_minutes, parameters: None
[2021-08-08 02:45:03,387] {dbapi.py:212} INFO - Rows affected: 8000
[2021-08-08 02:45:03,416] {taskinstance.py:1211} INFO - Marking task as SUCCESS. dag_id=standardized_pipeline, task_id=standardized_part_suppliers, execution_date=20210808T024000, start_date=20210808T024502, end_date=20210808T024503
[2021-08-08 02:45:03,453] {taskinstance.py:1265} INFO - 0 downstream tasks scheduled from follow-on schedule check
[2021-08-08 02:45:03,492] {local_task_job.py:149} INFO - Task exited with return code 0
