[2021-08-08 03:44:06,254] {taskinstance.py:896} INFO - Dependencies all met for <TaskInstance: standardized_pipeline.standardized_nations 2021-08-08T03:35:00+00:00 [queued]>
[2021-08-08 03:44:06,343] {taskinstance.py:896} INFO - Dependencies all met for <TaskInstance: standardized_pipeline.standardized_nations 2021-08-08T03:35:00+00:00 [queued]>
[2021-08-08 03:44:06,345] {taskinstance.py:1087} INFO - 
--------------------------------------------------------------------------------
[2021-08-08 03:44:06,347] {taskinstance.py:1088} INFO - Starting attempt 1 of 11
[2021-08-08 03:44:06,348] {taskinstance.py:1089} INFO - 
--------------------------------------------------------------------------------
[2021-08-08 03:44:06,462] {taskinstance.py:1107} INFO - Executing <Task(MySqlOperator): standardized_nations> on 2021-08-08T03:35:00+00:00
[2021-08-08 03:44:06,532] {standard_task_runner.py:76} INFO - Running: ['***', 'tasks', 'run', 'standardized_pipeline', 'standardized_nations', '2021-08-08T03:35:00+00:00', '--job-id', '14', '--pool', 'default_pool', '--raw', '--subdir', 'DAGS_FOLDER/standardized_pipeline.py', '--cfg-path', '/tmp/tmp3gbtzhqj', '--error-file', '/tmp/tmpn15jnoyn']
[2021-08-08 03:44:06,539] {standard_task_runner.py:77} INFO - Job 14: Subtask standardized_nations
[2021-08-08 03:44:06,502] {standard_task_runner.py:52} INFO - Started process 437 to run task
[2021-08-08 03:44:06,886] {logging_mixin.py:104} INFO - Running <TaskInstance: standardized_pipeline.standardized_nations 2021-08-08T03:35:00+00:00 [running]> on host 75feb3cfb2a6
[2021-08-08 03:44:07,154] {taskinstance.py:1302} INFO - Exporting the following env vars:
AIRFLOW_CTX_DAG_EMAIL=wildangbudhi@gmail.com
AIRFLOW_CTX_DAG_OWNER=***
AIRFLOW_CTX_DAG_ID=standardized_pipeline
AIRFLOW_CTX_TASK_ID=standardized_nations
AIRFLOW_CTX_EXECUTION_DATE=2021-08-08T03:35:00+00:00
AIRFLOW_CTX_DAG_RUN_ID=scheduled__2021-08-08T03:35:00+00:00
[2021-08-08 03:44:07,170] {mysql.py:70} INFO - Executing: INSERT INTO standardized.nations
WITH data_last_5_minutes AS (
	SELECT
		DISTINCT 
		CAST(N_NATIONKEY AS SIGNED) AS NATION_KEY,
		N_NAME AS NATION_NAME,
		CAST(N_REGIONKEY AS SIGNED) AS REGION_KEY,
		N_COMMENT AS NATION_COMMENT,
		NOW() AS INGESTION_TIMESTAMP
	FROM
		datalake.NATION n
	WHERE 
		n.INGESTION_TIMESTAMP >= DATE_SUB(NOW(), INTERVAL 5 MINUTE)
)

SELECT 
	* 
FROM 
	data_last_5_minutes
[2021-08-08 03:44:07,257] {base.py:78} INFO - Using connection to: id: dwh_id. Host: dwh, Port: 3306, Schema: , Login: root, Password: ***, extra: {}
[2021-08-08 03:44:07,314] {dbapi.py:204} INFO - Running statement: INSERT INTO standardized.nations
WITH data_last_5_minutes AS (
	SELECT
		DISTINCT 
		CAST(N_NATIONKEY AS SIGNED) AS NATION_KEY,
		N_NAME AS NATION_NAME,
		CAST(N_REGIONKEY AS SIGNED) AS REGION_KEY,
		N_COMMENT AS NATION_COMMENT,
		NOW() AS INGESTION_TIMESTAMP
	FROM
		datalake.NATION n
	WHERE 
		n.INGESTION_TIMESTAMP >= DATE_SUB(NOW(), INTERVAL 5 MINUTE)
)

SELECT 
	* 
FROM 
	data_last_5_minutes, parameters: None
[2021-08-08 03:44:07,325] {dbapi.py:212} INFO - Rows affected: 25
[2021-08-08 03:44:07,461] {taskinstance.py:1211} INFO - Marking task as SUCCESS. dag_id=standardized_pipeline, task_id=standardized_nations, execution_date=20210808T033500, start_date=20210808T034406, end_date=20210808T034407
[2021-08-08 03:44:07,576] {taskinstance.py:1265} INFO - 0 downstream tasks scheduled from follow-on schedule check
[2021-08-08 03:44:07,641] {local_task_job.py:149} INFO - Task exited with return code 0
