[2021-08-08 06:40:00,974] {taskinstance.py:896} INFO - Dependencies all met for <TaskInstance: presentation_pipeline.presentation_pipeline_start 2021-08-08T06:35:00+00:00 [queued]>
[2021-08-08 06:40:00,987] {taskinstance.py:896} INFO - Dependencies all met for <TaskInstance: presentation_pipeline.presentation_pipeline_start 2021-08-08T06:35:00+00:00 [queued]>
[2021-08-08 06:40:00,988] {taskinstance.py:1087} INFO - 
--------------------------------------------------------------------------------
[2021-08-08 06:40:00,988] {taskinstance.py:1088} INFO - Starting attempt 1 of 1
[2021-08-08 06:40:00,989] {taskinstance.py:1089} INFO - 
--------------------------------------------------------------------------------
[2021-08-08 06:40:00,995] {taskinstance.py:1107} INFO - Executing <Task(ExternalTaskSensor): presentation_pipeline_start> on 2021-08-08T06:35:00+00:00
[2021-08-08 06:40:01,003] {standard_task_runner.py:76} INFO - Running: ['***', 'tasks', 'run', 'presentation_pipeline', 'presentation_pipeline_start', '2021-08-08T06:35:00+00:00', '--job-id', '31', '--pool', 'default_pool', '--raw', '--subdir', 'DAGS_FOLDER/presentation_pipeline.py', '--cfg-path', '/tmp/tmp0hhl6nl4', '--error-file', '/tmp/tmp8bgbq1qj']
[2021-08-08 06:40:00,999] {standard_task_runner.py:52} INFO - Started process 560 to run task
[2021-08-08 06:40:01,004] {standard_task_runner.py:77} INFO - Job 31: Subtask presentation_pipeline_start
[2021-08-08 06:40:01,044] {logging_mixin.py:104} INFO - Running <TaskInstance: presentation_pipeline.presentation_pipeline_start 2021-08-08T06:35:00+00:00 [running]> on host 53d8ed6396aa
[2021-08-08 06:40:01,089] {taskinstance.py:1302} INFO - Exporting the following env vars:
AIRFLOW_CTX_DAG_OWNER=***
AIRFLOW_CTX_DAG_ID=presentation_pipeline
AIRFLOW_CTX_TASK_ID=presentation_pipeline_start
AIRFLOW_CTX_EXECUTION_DATE=2021-08-08T06:35:00+00:00
AIRFLOW_CTX_DAG_RUN_ID=scheduled__2021-08-08T06:35:00+00:00
[2021-08-08 06:40:01,090] {external_task.py:152} INFO - Poking for standardized_pipeline.standardized_pipeline_end on 2021-08-08T06:35:00+00:00 ... 
[2021-08-08 06:41:01,110] {external_task.py:152} INFO - Poking for standardized_pipeline.standardized_pipeline_end on 2021-08-08T06:35:00+00:00 ... 
[2021-08-08 06:42:01,123] {external_task.py:152} INFO - Poking for standardized_pipeline.standardized_pipeline_end on 2021-08-08T06:35:00+00:00 ... 
[2021-08-08 06:43:01,113] {external_task.py:152} INFO - Poking for standardized_pipeline.standardized_pipeline_end on 2021-08-08T06:35:00+00:00 ... 
[2021-08-08 06:44:01,107] {external_task.py:152} INFO - Poking for standardized_pipeline.standardized_pipeline_end on 2021-08-08T06:35:00+00:00 ... 
[2021-08-08 06:45:01,126] {external_task.py:152} INFO - Poking for standardized_pipeline.standardized_pipeline_end on 2021-08-08T06:35:00+00:00 ... 
[2021-08-08 06:46:01,129] {external_task.py:152} INFO - Poking for standardized_pipeline.standardized_pipeline_end on 2021-08-08T06:35:00+00:00 ... 
[2021-08-08 06:47:01,137] {external_task.py:152} INFO - Poking for standardized_pipeline.standardized_pipeline_end on 2021-08-08T06:35:00+00:00 ... 
[2021-08-08 06:48:01,155] {external_task.py:152} INFO - Poking for standardized_pipeline.standardized_pipeline_end on 2021-08-08T06:35:00+00:00 ... 
[2021-08-08 06:49:01,154] {external_task.py:152} INFO - Poking for standardized_pipeline.standardized_pipeline_end on 2021-08-08T06:35:00+00:00 ... 
[2021-08-08 06:50:01,176] {external_task.py:152} INFO - Poking for standardized_pipeline.standardized_pipeline_end on 2021-08-08T06:35:00+00:00 ... 
