[2021-08-08 11:07:55,838] {taskinstance.py:896} INFO - Dependencies all met for <TaskInstance: presentation_pipeline.create_presentation_table_fact_order_line_items 2021-08-08T11:07:44.324123+00:00 [queued]>
[2021-08-08 11:07:55,853] {taskinstance.py:896} INFO - Dependencies all met for <TaskInstance: presentation_pipeline.create_presentation_table_fact_order_line_items 2021-08-08T11:07:44.324123+00:00 [queued]>
[2021-08-08 11:07:55,854] {taskinstance.py:1087} INFO - 
--------------------------------------------------------------------------------
[2021-08-08 11:07:55,854] {taskinstance.py:1088} INFO - Starting attempt 1 of 1
[2021-08-08 11:07:55,855] {taskinstance.py:1089} INFO - 
--------------------------------------------------------------------------------
[2021-08-08 11:07:55,862] {taskinstance.py:1107} INFO - Executing <Task(MySqlOperator): create_presentation_table_fact_order_line_items> on 2021-08-08T11:07:44.324123+00:00
[2021-08-08 11:07:55,870] {standard_task_runner.py:76} INFO - Running: ['***', 'tasks', 'run', 'presentation_pipeline', 'create_presentation_table_fact_order_line_items', '2021-08-08T11:07:44.324123+00:00', '--job-id', '41', '--pool', 'default_pool', '--raw', '--subdir', 'DAGS_FOLDER/presentation_pipeline.py', '--cfg-path', '/tmp/tmp_d82vcvg', '--error-file', '/tmp/tmp5_iebxjf']
[2021-08-08 11:07:55,866] {standard_task_runner.py:52} INFO - Started process 621 to run task
[2021-08-08 11:07:55,871] {standard_task_runner.py:77} INFO - Job 41: Subtask create_presentation_table_fact_order_line_items
[2021-08-08 11:07:55,913] {logging_mixin.py:104} INFO - Running <TaskInstance: presentation_pipeline.create_presentation_table_fact_order_line_items 2021-08-08T11:07:44.324123+00:00 [running]> on host ce886ce1d63a
[2021-08-08 11:07:55,956] {taskinstance.py:1302} INFO - Exporting the following env vars:
AIRFLOW_CTX_DAG_OWNER=***
AIRFLOW_CTX_DAG_ID=presentation_pipeline
AIRFLOW_CTX_TASK_ID=create_presentation_table_fact_order_line_items
AIRFLOW_CTX_EXECUTION_DATE=2021-08-08T11:07:44.324123+00:00
AIRFLOW_CTX_DAG_RUN_ID=manual__2021-08-08T11:07:44.324123+00:00
[2021-08-08 11:07:55,957] {mysql.py:70} INFO - Executing: CREATE TABLE IF NOT EXISTS presentation.order_line_items (
    PART_KEY INT NOT NULL,
	SUPPLIER_KEY INT NOT NULL,
	CUSTOMER_KEY INT NOT NULL,
	CUSTOMER_NATION_KEY INT NOT NULL,
	SUPPLIER_NATION_KEY INT NOT NULL,
	ORDER_DATE_KEY INT NOT NULL,
	LINE_ITEM_SHIP_DATE_KEY INT NOT NULL,
	LINE_ITEM_COMMIT_DATE_KEY INT NOT NULL,
	LINE_ITEM_RECEIPT_DATE_KEY INT NOT NULL,
	ORDER_KEY INT NOT NULL,
	ORDER_STATUS_TYPE TEXT NOT NULL,
	ORDER_TOTAL_PRICE INT NOT NULL,
	ORDER_PRIORITY_TYPE TEXT NOT NULL,
	ORDER_CLERK TEXT NOT NULL,
	ORDER_SHIPPRIORITY INT NOT NULL,
	PART_AVAILABILITY_QUANTITY INT NOT NULL,
	PART_SUPPLY_COST INT NOT NULL,
	LINE_TIME_NUMBER INT NOT NULL,
	LINE_ITEM_QUANTITY INT NOT NULL,
	LINE_ITEM_EXTENDED_PRICE INT NOT NULL,
	LINE_ITEM_DISCOUNT INT NOT NULL,
	LINE_ITEM_TAX INT NOT NULL,
	LINE_ITEM_RETURN_FLAG TEXT NOT NULL,
	LINE_ITEM_STATUS_TYPE TEXT NOT NULL,
	LINE_ITEM_SHIP_INSTRUCTION_TYPE TEXT NOT NULL,
	LINE_ITEM_SHIP_MODE_TYPE TEXT NOT NULL,
    INGESTION_TIMESTAMP TIMESTAMP NOT NULL DEFAULT CURRENT_TIMESTAMP,
    CONSTRAINT `PART_KEY_FK` FOREIGN KEY (PART_KEY) REFERENCES presentation.parts(PART_KEY),
	CONSTRAINT `SUPPLIER_KEY_FK` FOREIGN KEY (SUPPLIER_KEY) REFERENCES presentation.suppliers(SUPPLIER_KEY),
	CONSTRAINT `CUSTOMER_KEY_FK` FOREIGN KEY (CUSTOMER_KEY) REFERENCES presentation.customers(CUSTOMER_KEY),
	CONSTRAINT `CUSTOMER_NATION_KEY_FK` FOREIGN KEY (CUSTOMER_NATION_KEY) REFERENCES presentation.nations(NATION_KEY),
	CONSTRAINT `SUPPLIER_NATION_KEY_FK` FOREIGN KEY (SUPPLIER_NATION_KEY) REFERENCES presentation.nations(NATION_KEY),
	CONSTRAINT `ORDER_DATE_KEY_FK` FOREIGN KEY (ORDER_DATE_KEY) REFERENCES presentation.dates(DATE_KEY),
	CONSTRAINT `LINE_ITEM_SHIP_DATE_KEY_FK` FOREIGN KEY (LINE_ITEM_SHIP_DATE_KEY) REFERENCES presentation.dates(DATE_KEY),
	CONSTRAINT `LINE_ITEM_COMMIT_DATE_KEY_FK` FOREIGN KEY (LINE_ITEM_COMMIT_DATE_KEY) REFERENCES presentation.dates(DATE_KEY),
	CONSTRAINT `LINE_ITEM_RECEIPT_DATE_KEY_FK` FOREIGN KEY (LINE_ITEM_RECEIPT_DATE_KEY) REFERENCES presentation.dates(DATE_KEY)
)
[2021-08-08 11:07:55,966] {base.py:78} INFO - Using connection to: id: dwh_id. Host: dwh, Port: 3306, Schema: , Login: root, Password: ***, extra: {}
[2021-08-08 11:07:55,975] {dbapi.py:204} INFO - Running statement: CREATE TABLE IF NOT EXISTS presentation.order_line_items (
    PART_KEY INT NOT NULL,
	SUPPLIER_KEY INT NOT NULL,
	CUSTOMER_KEY INT NOT NULL,
	CUSTOMER_NATION_KEY INT NOT NULL,
	SUPPLIER_NATION_KEY INT NOT NULL,
	ORDER_DATE_KEY INT NOT NULL,
	LINE_ITEM_SHIP_DATE_KEY INT NOT NULL,
	LINE_ITEM_COMMIT_DATE_KEY INT NOT NULL,
	LINE_ITEM_RECEIPT_DATE_KEY INT NOT NULL,
	ORDER_KEY INT NOT NULL,
	ORDER_STATUS_TYPE TEXT NOT NULL,
	ORDER_TOTAL_PRICE INT NOT NULL,
	ORDER_PRIORITY_TYPE TEXT NOT NULL,
	ORDER_CLERK TEXT NOT NULL,
	ORDER_SHIPPRIORITY INT NOT NULL,
	PART_AVAILABILITY_QUANTITY INT NOT NULL,
	PART_SUPPLY_COST INT NOT NULL,
	LINE_TIME_NUMBER INT NOT NULL,
	LINE_ITEM_QUANTITY INT NOT NULL,
	LINE_ITEM_EXTENDED_PRICE INT NOT NULL,
	LINE_ITEM_DISCOUNT INT NOT NULL,
	LINE_ITEM_TAX INT NOT NULL,
	LINE_ITEM_RETURN_FLAG TEXT NOT NULL,
	LINE_ITEM_STATUS_TYPE TEXT NOT NULL,
	LINE_ITEM_SHIP_INSTRUCTION_TYPE TEXT NOT NULL,
	LINE_ITEM_SHIP_MODE_TYPE TEXT NOT NULL,
    INGESTION_TIMESTAMP TIMESTAMP NOT NULL DEFAULT CURRENT_TIMESTAMP,
    CONSTRAINT `PART_KEY_FK` FOREIGN KEY (PART_KEY) REFERENCES presentation.parts(PART_KEY),
	CONSTRAINT `SUPPLIER_KEY_FK` FOREIGN KEY (SUPPLIER_KEY) REFERENCES presentation.suppliers(SUPPLIER_KEY),
	CONSTRAINT `CUSTOMER_KEY_FK` FOREIGN KEY (CUSTOMER_KEY) REFERENCES presentation.customers(CUSTOMER_KEY),
	CONSTRAINT `CUSTOMER_NATION_KEY_FK` FOREIGN KEY (CUSTOMER_NATION_KEY) REFERENCES presentation.nations(NATION_KEY),
	CONSTRAINT `SUPPLIER_NATION_KEY_FK` FOREIGN KEY (SUPPLIER_NATION_KEY) REFERENCES presentation.nations(NATION_KEY),
	CONSTRAINT `ORDER_DATE_KEY_FK` FOREIGN KEY (ORDER_DATE_KEY) REFERENCES presentation.dates(DATE_KEY),
	CONSTRAINT `LINE_ITEM_SHIP_DATE_KEY_FK` FOREIGN KEY (LINE_ITEM_SHIP_DATE_KEY) REFERENCES presentation.dates(DATE_KEY),
	CONSTRAINT `LINE_ITEM_COMMIT_DATE_KEY_FK` FOREIGN KEY (LINE_ITEM_COMMIT_DATE_KEY) REFERENCES presentation.dates(DATE_KEY),
	CONSTRAINT `LINE_ITEM_RECEIPT_DATE_KEY_FK` FOREIGN KEY (LINE_ITEM_RECEIPT_DATE_KEY) REFERENCES presentation.dates(DATE_KEY)
), parameters: None
[2021-08-08 11:07:56,027] {dbapi.py:212} INFO - Rows affected: 0
[2021-08-08 11:07:56,039] {taskinstance.py:1211} INFO - Marking task as SUCCESS. dag_id=presentation_pipeline, task_id=create_presentation_table_fact_order_line_items, execution_date=20210808T110744, start_date=20210808T110755, end_date=20210808T110756
[2021-08-08 11:07:56,060] {taskinstance.py:1265} INFO - 1 downstream tasks scheduled from follow-on schedule check
[2021-08-08 11:07:56,087] {local_task_job.py:149} INFO - Task exited with return code 0
