[2021-08-08 03:20:02,323] {taskinstance.py:896} INFO - Dependencies all met for <TaskInstance: to_datalake_pipeline.extract_from_git 2021-08-08T03:15:00+00:00 [queued]>
[2021-08-08 03:20:02,346] {taskinstance.py:896} INFO - Dependencies all met for <TaskInstance: to_datalake_pipeline.extract_from_git 2021-08-08T03:15:00+00:00 [queued]>
[2021-08-08 03:20:02,348] {taskinstance.py:1087} INFO - 
--------------------------------------------------------------------------------
[2021-08-08 03:20:02,349] {taskinstance.py:1088} INFO - Starting attempt 1 of 11
[2021-08-08 03:20:02,350] {taskinstance.py:1089} INFO - 
--------------------------------------------------------------------------------
[2021-08-08 03:20:02,372] {taskinstance.py:1107} INFO - Executing <Task(PythonOperator): extract_from_git> on 2021-08-08T03:15:00+00:00
[2021-08-08 03:20:02,381] {standard_task_runner.py:52} INFO - Started process 112 to run task
[2021-08-08 03:20:02,388] {standard_task_runner.py:76} INFO - Running: ['***', 'tasks', 'run', 'to_datalake_pipeline', 'extract_from_git', '2021-08-08T03:15:00+00:00', '--job-id', '5', '--pool', 'default_pool', '--raw', '--subdir', 'DAGS_FOLDER/to_datalake_pipeline.py', '--cfg-path', '/tmp/tmpjx6orzr6', '--error-file', '/tmp/tmpbt3u7gln']
[2021-08-08 03:20:02,390] {standard_task_runner.py:77} INFO - Job 5: Subtask extract_from_git
[2021-08-08 03:20:02,477] {logging_mixin.py:104} INFO - Running <TaskInstance: to_datalake_pipeline.extract_from_git 2021-08-08T03:15:00+00:00 [running]> on host 3d9097dcbc7f
[2021-08-08 03:20:02,563] {taskinstance.py:1302} INFO - Exporting the following env vars:
AIRFLOW_CTX_DAG_EMAIL=wildangbudhi@gmail.com
AIRFLOW_CTX_DAG_OWNER=***
AIRFLOW_CTX_DAG_ID=to_datalake_pipeline
AIRFLOW_CTX_TASK_ID=extract_from_git
AIRFLOW_CTX_EXECUTION_DATE=2021-08-08T03:15:00+00:00
AIRFLOW_CTX_DAG_RUN_ID=scheduled__2021-08-08T03:15:00+00:00
[2021-08-08 03:20:02,567] {logging_mixin.py:104} INFO - Downloading data from -> https://raw.githubusercontent.com/rezaprimasatya/DTO-DE-JUN-MID/main/data.zip
[2021-08-08 03:20:03,463] {logging_mixin.py:104} INFO - Unzipping Data
[2021-08-08 03:20:03,611] {logging_mixin.py:104} INFO - Transform Data to Pandas Dataframe
[2021-08-08 03:20:04,024] {logging_mixin.py:104} INFO - Load data to datalake
[2021-08-08 03:20:04,039] {taskinstance.py:1501} ERROR - Task failed with exception
Traceback (most recent call last):
  File "/home/airflow/.local/lib/python3.6/site-packages/airflow/models/taskinstance.py", line 1157, in _run_raw_task
    self._prepare_and_execute_task_with_callbacks(context, task)
  File "/home/airflow/.local/lib/python3.6/site-packages/airflow/models/taskinstance.py", line 1331, in _prepare_and_execute_task_with_callbacks
    result = self._execute_task(context, task_copy)
  File "/home/airflow/.local/lib/python3.6/site-packages/airflow/models/taskinstance.py", line 1361, in _execute_task
    result = task_copy.execute(context=context)
  File "/home/airflow/.local/lib/python3.6/site-packages/airflow/operators/python.py", line 150, in execute
    return_value = self.execute_callable()
  File "/home/airflow/.local/lib/python3.6/site-packages/airflow/operators/python.py", line 161, in execute_callable
    return self.python_callable(*self.op_args, **self.op_kwargs)
  File "/opt/airflow/dags/extract/extract.py", line 104, in extract_data_from_git
    pipeline.run()
  File "/opt/airflow/dags/extract/extract.py", line 19, in run
    self.df_to_datalake(data_dataframes)
  File "/opt/airflow/dags/extract/extract.py", line 71, in df_to_datalake
    user=Variable.get("DWH_USER"),
  File "/home/airflow/.local/lib/python3.6/site-packages/airflow/models/variable.py", line 140, in get
    raise KeyError(f'Variable {key} does not exist')
KeyError: 'Variable DWH_USER does not exist'
[2021-08-08 03:20:04,051] {taskinstance.py:1551} INFO - Marking task as UP_FOR_RETRY. dag_id=to_datalake_pipeline, task_id=extract_from_git, execution_date=20210808T031500, start_date=20210808T032002, end_date=20210808T032004
[2021-08-08 03:20:04,135] {local_task_job.py:149} INFO - Task exited with return code 1
