[2021-08-08 03:21:05,146] {taskinstance.py:896} INFO - Dependencies all met for <TaskInstance: to_datalake_pipeline.extract_from_git 2021-08-08T03:15:00+00:00 [queued]>
[2021-08-08 03:21:05,164] {taskinstance.py:896} INFO - Dependencies all met for <TaskInstance: to_datalake_pipeline.extract_from_git 2021-08-08T03:15:00+00:00 [queued]>
[2021-08-08 03:21:05,166] {taskinstance.py:1087} INFO - 
--------------------------------------------------------------------------------
[2021-08-08 03:21:05,167] {taskinstance.py:1088} INFO - Starting attempt 2 of 11
[2021-08-08 03:21:05,168] {taskinstance.py:1089} INFO - 
--------------------------------------------------------------------------------
[2021-08-08 03:21:05,188] {taskinstance.py:1107} INFO - Executing <Task(PythonOperator): extract_from_git> on 2021-08-08T03:15:00+00:00
[2021-08-08 03:21:05,196] {standard_task_runner.py:52} INFO - Started process 187 to run task
[2021-08-08 03:21:05,204] {standard_task_runner.py:76} INFO - Running: ['***', 'tasks', 'run', 'to_datalake_pipeline', 'extract_from_git', '2021-08-08T03:15:00+00:00', '--job-id', '8', '--pool', 'default_pool', '--raw', '--subdir', 'DAGS_FOLDER/to_datalake_pipeline.py', '--cfg-path', '/tmp/tmp9f5ec9r5', '--error-file', '/tmp/tmpgg_h9p3s']
[2021-08-08 03:21:05,205] {standard_task_runner.py:77} INFO - Job 8: Subtask extract_from_git
[2021-08-08 03:21:05,286] {logging_mixin.py:104} INFO - Running <TaskInstance: to_datalake_pipeline.extract_from_git 2021-08-08T03:15:00+00:00 [running]> on host 3d9097dcbc7f
[2021-08-08 03:21:05,369] {taskinstance.py:1302} INFO - Exporting the following env vars:
AIRFLOW_CTX_DAG_EMAIL=wildangbudhi@gmail.com
AIRFLOW_CTX_DAG_OWNER=***
AIRFLOW_CTX_DAG_ID=to_datalake_pipeline
AIRFLOW_CTX_TASK_ID=extract_from_git
AIRFLOW_CTX_EXECUTION_DATE=2021-08-08T03:15:00+00:00
AIRFLOW_CTX_DAG_RUN_ID=scheduled__2021-08-08T03:15:00+00:00
[2021-08-08 03:21:05,371] {logging_mixin.py:104} INFO - Downloading data from -> https://raw.githubusercontent.com/rezaprimasatya/DTO-DE-JUN-MID/main/data.zip
[2021-08-08 03:21:08,704] {logging_mixin.py:104} INFO - Unzipping Data
[2021-08-08 03:21:08,836] {logging_mixin.py:104} INFO - Transform Data to Pandas Dataframe
[2021-08-08 03:21:09,225] {logging_mixin.py:104} INFO - Load data to datalake
[2021-08-08 03:21:09,348] {logging_mixin.py:104} INFO - Load table : REGION
[2021-08-08 03:21:09,440] {logging_mixin.py:104} INFO - Load table : NATION
[2021-08-08 03:21:09,461] {logging_mixin.py:104} INFO - Load table : PART
[2021-08-08 03:21:09,656] {logging_mixin.py:104} INFO - Load table : SUPPLIER
[2021-08-08 03:21:09,691] {logging_mixin.py:104} INFO - Load table : PARTSUPP
[2021-08-08 03:21:10,374] {logging_mixin.py:104} INFO - Load table : CUSTOMER
[2021-08-08 03:21:10,536] {logging_mixin.py:104} INFO - Load table : ORDERS
[2021-08-08 03:21:11,769] {logging_mixin.py:104} INFO - Load table : LINEITEM
[2021-08-08 03:21:18,766] {python.py:151} INFO - Done. Returned value was: None
[2021-08-08 03:21:18,781] {taskinstance.py:1211} INFO - Marking task as SUCCESS. dag_id=to_datalake_pipeline, task_id=extract_from_git, execution_date=20210808T031500, start_date=20210808T032105, end_date=20210808T032118
[2021-08-08 03:21:18,823] {taskinstance.py:1265} INFO - 1 downstream tasks scheduled from follow-on schedule check
[2021-08-08 03:21:18,896] {local_task_job.py:149} INFO - Task exited with return code 0
