[2021-08-08 02:17:28,760] {taskinstance.py:896} INFO - Dependencies all met for <TaskInstance: standardized_pipeline.standardized_regions 2021-08-08T02:10:00+00:00 [queued]>
[2021-08-08 02:17:29,085] {taskinstance.py:896} INFO - Dependencies all met for <TaskInstance: standardized_pipeline.standardized_regions 2021-08-08T02:10:00+00:00 [queued]>
[2021-08-08 02:17:29,089] {taskinstance.py:1087} INFO - 
--------------------------------------------------------------------------------
[2021-08-08 02:17:29,103] {taskinstance.py:1088} INFO - Starting attempt 1 of 1
[2021-08-08 02:17:29,113] {taskinstance.py:1089} INFO - 
--------------------------------------------------------------------------------
[2021-08-08 02:17:29,217] {taskinstance.py:1107} INFO - Executing <Task(MySqlOperator): standardized_regions> on 2021-08-08T02:10:00+00:00
[2021-08-08 02:17:29,246] {standard_task_runner.py:52} INFO - Started process 691 to run task
[2021-08-08 02:17:29,266] {standard_task_runner.py:76} INFO - Running: ['***', 'tasks', 'run', 'standardized_pipeline', 'standardized_regions', '2021-08-08T02:10:00+00:00', '--job-id', '28', '--pool', 'default_pool', '--raw', '--subdir', 'DAGS_FOLDER/standardized_pipeline.py', '--cfg-path', '/tmp/tmpqppeb4vi', '--error-file', '/tmp/tmpfi2ufsxo']
[2021-08-08 02:17:29,271] {standard_task_runner.py:77} INFO - Job 28: Subtask standardized_regions
[2021-08-08 02:17:29,621] {logging_mixin.py:104} INFO - Running <TaskInstance: standardized_pipeline.standardized_regions 2021-08-08T02:10:00+00:00 [running]> on host d995c427c378
[2021-08-08 02:17:30,094] {taskinstance.py:1302} INFO - Exporting the following env vars:
AIRFLOW_CTX_DAG_OWNER=***
AIRFLOW_CTX_DAG_ID=standardized_pipeline
AIRFLOW_CTX_TASK_ID=standardized_regions
AIRFLOW_CTX_EXECUTION_DATE=2021-08-08T02:10:00+00:00
AIRFLOW_CTX_DAG_RUN_ID=scheduled__2021-08-08T02:10:00+00:00
[2021-08-08 02:17:30,102] {mysql.py:70} INFO - Executing: INSERT IGNORE INTO standardized.regions
WITH data_last_5_minutes AS (
	SELECT
		DISTINCT 
		CAST(R_REGIONKEY AS SIGNED) AS REGION_KEY,
		R_NAME AS REGION_NAME,
		R_COMMENT AS REGION_COMMENT,
		NOW() AS INGESTION_TIMESTAMP
	FROM
		datalake.REGION
	WHERE 
		INGESTION_TIMESTAMP >= DATE_SUB(NOW(), INTERVAL 5 MINUTE)
)

SELECT 
	* 
FROM 
	data_last_5_minutes
[2021-08-08 02:17:30,155] {base.py:78} INFO - Using connection to: id: dwh_id. Host: dwh, Port: 3306, Schema: , Login: root, Password: ***, extra: {}
[2021-08-08 02:17:30,196] {dbapi.py:204} INFO - Running statement: INSERT IGNORE INTO standardized.regions
WITH data_last_5_minutes AS (
	SELECT
		DISTINCT 
		CAST(R_REGIONKEY AS SIGNED) AS REGION_KEY,
		R_NAME AS REGION_NAME,
		R_COMMENT AS REGION_COMMENT,
		NOW() AS INGESTION_TIMESTAMP
	FROM
		datalake.REGION
	WHERE 
		INGESTION_TIMESTAMP >= DATE_SUB(NOW(), INTERVAL 5 MINUTE)
)

SELECT 
	* 
FROM 
	data_last_5_minutes, parameters: None
[2021-08-08 02:17:30,206] {dbapi.py:212} INFO - Rows affected: 0
[2021-08-08 02:17:30,281] {taskinstance.py:1211} INFO - Marking task as SUCCESS. dag_id=standardized_pipeline, task_id=standardized_regions, execution_date=20210808T021000, start_date=20210808T021728, end_date=20210808T021730
[2021-08-08 02:17:30,447] {taskinstance.py:1265} INFO - 0 downstream tasks scheduled from follow-on schedule check
[2021-08-08 02:17:30,506] {local_task_job.py:149} INFO - Task exited with return code 0
