[2021-08-08 02:44:59,051] {taskinstance.py:896} INFO - Dependencies all met for <TaskInstance: standardized_pipeline.create_standardized_table_part_suppliers 2021-08-08T02:35:00+00:00 [queued]>
[2021-08-08 02:44:59,077] {taskinstance.py:896} INFO - Dependencies all met for <TaskInstance: standardized_pipeline.create_standardized_table_part_suppliers 2021-08-08T02:35:00+00:00 [queued]>
[2021-08-08 02:44:59,078] {taskinstance.py:1087} INFO - 
--------------------------------------------------------------------------------
[2021-08-08 02:44:59,083] {taskinstance.py:1088} INFO - Starting attempt 1 of 1
[2021-08-08 02:44:59,084] {taskinstance.py:1089} INFO - 
--------------------------------------------------------------------------------
[2021-08-08 02:44:59,112] {taskinstance.py:1107} INFO - Executing <Task(MySqlOperator): create_standardized_table_part_suppliers> on 2021-08-08T02:35:00+00:00
[2021-08-08 02:44:59,120] {standard_task_runner.py:52} INFO - Started process 743 to run task
[2021-08-08 02:44:59,140] {standard_task_runner.py:76} INFO - Running: ['***', 'tasks', 'run', 'standardized_pipeline', 'create_standardized_table_part_suppliers', '2021-08-08T02:35:00+00:00', '--job-id', '40', '--pool', 'default_pool', '--raw', '--subdir', 'DAGS_FOLDER/standardized_pipeline.py', '--cfg-path', '/tmp/tmpv6d59l4b', '--error-file', '/tmp/tmpr3ia_2xj']
[2021-08-08 02:44:59,142] {standard_task_runner.py:77} INFO - Job 40: Subtask create_standardized_table_part_suppliers
[2021-08-08 02:44:59,234] {logging_mixin.py:104} INFO - Running <TaskInstance: standardized_pipeline.create_standardized_table_part_suppliers 2021-08-08T02:35:00+00:00 [running]> on host 3c97923eccf9
[2021-08-08 02:44:59,330] {taskinstance.py:1302} INFO - Exporting the following env vars:
AIRFLOW_CTX_DAG_OWNER=***
AIRFLOW_CTX_DAG_ID=standardized_pipeline
AIRFLOW_CTX_TASK_ID=create_standardized_table_part_suppliers
AIRFLOW_CTX_EXECUTION_DATE=2021-08-08T02:35:00+00:00
AIRFLOW_CTX_DAG_RUN_ID=scheduled__2021-08-08T02:35:00+00:00
[2021-08-08 02:44:59,332] {mysql.py:70} INFO - Executing: CREATE TABLE IF NOT EXISTS standardized.part_suppliers (INGESTION_TIMESTAMP TIMESTAMP NOT NULL DEFAULT CURRENT_TIMESTAMP) AS
WITH data_last_5_minutes AS (
	SELECT
        DISTINCT
        CAST(PS_PARTKEY AS SIGNED) AS PART_KEY,
        CAST(PS_SUPPKEY AS SIGNED) AS SUPPLIER_KEY,
        CAST(PS_AVAILQTY AS SIGNED) AS PART_AVAILABILITY_QUANTITY,
        CAST(PS_SUPPLYCOST AS SIGNED) AS PART_SUPPLY_COST, 
        PS_COMMENT AS PART_SUPPLIER_COMMENT,
        NOW() AS INGESTION_TIMESTAMP
    FROM
        datalake.PARTSUPP ps
    WHERE 
        ps.INGESTION_TIMESTAMP >= DATE_SUB(NOW(), INTERVAL 5 MINUTE)
)

SELECT 
	* 
FROM 
	data_last_5_minutes
[2021-08-08 02:44:59,343] {base.py:78} INFO - Using connection to: id: dwh_id. Host: dwh, Port: 3306, Schema: , Login: root, Password: ***, extra: {}
[2021-08-08 02:44:59,363] {dbapi.py:204} INFO - Running statement: CREATE TABLE IF NOT EXISTS standardized.part_suppliers (INGESTION_TIMESTAMP TIMESTAMP NOT NULL DEFAULT CURRENT_TIMESTAMP) AS
WITH data_last_5_minutes AS (
	SELECT
        DISTINCT
        CAST(PS_PARTKEY AS SIGNED) AS PART_KEY,
        CAST(PS_SUPPKEY AS SIGNED) AS SUPPLIER_KEY,
        CAST(PS_AVAILQTY AS SIGNED) AS PART_AVAILABILITY_QUANTITY,
        CAST(PS_SUPPLYCOST AS SIGNED) AS PART_SUPPLY_COST, 
        PS_COMMENT AS PART_SUPPLIER_COMMENT,
        NOW() AS INGESTION_TIMESTAMP
    FROM
        datalake.PARTSUPP ps
    WHERE 
        ps.INGESTION_TIMESTAMP >= DATE_SUB(NOW(), INTERVAL 5 MINUTE)
)

SELECT 
	* 
FROM 
	data_last_5_minutes, parameters: None
[2021-08-08 02:44:59,366] {dbapi.py:212} INFO - Rows affected: 0
[2021-08-08 02:44:59,388] {taskinstance.py:1211} INFO - Marking task as SUCCESS. dag_id=standardized_pipeline, task_id=create_standardized_table_part_suppliers, execution_date=20210808T023500, start_date=20210808T024459, end_date=20210808T024459
[2021-08-08 02:44:59,461] {taskinstance.py:1265} INFO - 1 downstream tasks scheduled from follow-on schedule check
[2021-08-08 02:44:59,509] {local_task_job.py:149} INFO - Task exited with return code 0
