[2021-08-08 03:44:03,054] {taskinstance.py:896} INFO - Dependencies all met for <TaskInstance: standardized_pipeline.create_standardized_table_regions 2021-08-08T03:35:00+00:00 [queued]>
[2021-08-08 03:44:03,118] {taskinstance.py:896} INFO - Dependencies all met for <TaskInstance: standardized_pipeline.create_standardized_table_regions 2021-08-08T03:35:00+00:00 [queued]>
[2021-08-08 03:44:03,120] {taskinstance.py:1087} INFO - 
--------------------------------------------------------------------------------
[2021-08-08 03:44:03,123] {taskinstance.py:1088} INFO - Starting attempt 1 of 11
[2021-08-08 03:44:03,125] {taskinstance.py:1089} INFO - 
--------------------------------------------------------------------------------
[2021-08-08 03:44:03,159] {taskinstance.py:1107} INFO - Executing <Task(MySqlOperator): create_standardized_table_regions> on 2021-08-08T03:35:00+00:00
[2021-08-08 03:44:03,172] {standard_task_runner.py:52} INFO - Started process 422 to run task
[2021-08-08 03:44:03,195] {standard_task_runner.py:76} INFO - Running: ['***', 'tasks', 'run', 'standardized_pipeline', 'create_standardized_table_regions', '2021-08-08T03:35:00+00:00', '--job-id', '6', '--pool', 'default_pool', '--raw', '--subdir', 'DAGS_FOLDER/standardized_pipeline.py', '--cfg-path', '/tmp/tmp5vv7h377', '--error-file', '/tmp/tmp0oikf2jo']
[2021-08-08 03:44:03,198] {standard_task_runner.py:77} INFO - Job 6: Subtask create_standardized_table_regions
[2021-08-08 03:44:03,388] {logging_mixin.py:104} INFO - Running <TaskInstance: standardized_pipeline.create_standardized_table_regions 2021-08-08T03:35:00+00:00 [running]> on host 75feb3cfb2a6
[2021-08-08 03:44:03,652] {taskinstance.py:1302} INFO - Exporting the following env vars:
AIRFLOW_CTX_DAG_EMAIL=wildangbudhi@gmail.com
AIRFLOW_CTX_DAG_OWNER=***
AIRFLOW_CTX_DAG_ID=standardized_pipeline
AIRFLOW_CTX_TASK_ID=create_standardized_table_regions
AIRFLOW_CTX_EXECUTION_DATE=2021-08-08T03:35:00+00:00
AIRFLOW_CTX_DAG_RUN_ID=scheduled__2021-08-08T03:35:00+00:00
[2021-08-08 03:44:03,660] {mysql.py:70} INFO - Executing: CREATE TABLE IF NOT EXISTS standardized.regions (INGESTION_TIMESTAMP TIMESTAMP NOT NULL DEFAULT CURRENT_TIMESTAMP) AS
WITH data_last_5_minutes AS (
	SELECT
		DISTINCT 
		CAST(R_REGIONKEY AS SIGNED) AS REGION_KEY,
		R_NAME AS REGION_NAME,
		R_COMMENT AS REGION_COMMENT,
		NOW() AS INGESTION_TIMESTAMP
	FROM
		datalake.REGION r
	WHERE 
		r.INGESTION_TIMESTAMP >= DATE_SUB(NOW(), INTERVAL 5 MINUTE)
)

SELECT 
	* 
FROM 
	data_last_5_minutes
[2021-08-08 03:44:03,695] {base.py:78} INFO - Using connection to: id: dwh_id. Host: dwh, Port: 3306, Schema: , Login: root, Password: ***, extra: {}
[2021-08-08 03:44:03,734] {dbapi.py:204} INFO - Running statement: CREATE TABLE IF NOT EXISTS standardized.regions (INGESTION_TIMESTAMP TIMESTAMP NOT NULL DEFAULT CURRENT_TIMESTAMP) AS
WITH data_last_5_minutes AS (
	SELECT
		DISTINCT 
		CAST(R_REGIONKEY AS SIGNED) AS REGION_KEY,
		R_NAME AS REGION_NAME,
		R_COMMENT AS REGION_COMMENT,
		NOW() AS INGESTION_TIMESTAMP
	FROM
		datalake.REGION r
	WHERE 
		r.INGESTION_TIMESTAMP >= DATE_SUB(NOW(), INTERVAL 5 MINUTE)
)

SELECT 
	* 
FROM 
	data_last_5_minutes, parameters: None
[2021-08-08 03:44:03,813] {dbapi.py:212} INFO - Rows affected: 5
[2021-08-08 03:44:03,858] {taskinstance.py:1211} INFO - Marking task as SUCCESS. dag_id=standardized_pipeline, task_id=create_standardized_table_regions, execution_date=20210808T033500, start_date=20210808T034403, end_date=20210808T034403
[2021-08-08 03:44:04,050] {taskinstance.py:1265} INFO - 1 downstream tasks scheduled from follow-on schedule check
[2021-08-08 03:44:04,116] {local_task_job.py:149} INFO - Task exited with return code 0
