[2021-08-08 03:25:01,383] {taskinstance.py:896} INFO - Dependencies all met for <TaskInstance: to_datalake_pipeline.extract_from_git 2021-08-08T03:20:00+00:00 [queued]>
[2021-08-08 03:25:01,396] {taskinstance.py:896} INFO - Dependencies all met for <TaskInstance: to_datalake_pipeline.extract_from_git 2021-08-08T03:20:00+00:00 [queued]>
[2021-08-08 03:25:01,398] {taskinstance.py:1087} INFO - 
--------------------------------------------------------------------------------
[2021-08-08 03:25:01,398] {taskinstance.py:1088} INFO - Starting attempt 1 of 11
[2021-08-08 03:25:01,399] {taskinstance.py:1089} INFO - 
--------------------------------------------------------------------------------
[2021-08-08 03:25:01,412] {taskinstance.py:1107} INFO - Executing <Task(PythonOperator): extract_from_git> on 2021-08-08T03:20:00+00:00
[2021-08-08 03:25:01,416] {standard_task_runner.py:52} INFO - Started process 531 to run task
[2021-08-08 03:25:01,421] {standard_task_runner.py:76} INFO - Running: ['***', 'tasks', 'run', 'to_datalake_pipeline', 'extract_from_git', '2021-08-08T03:20:00+00:00', '--job-id', '17', '--pool', 'default_pool', '--raw', '--subdir', 'DAGS_FOLDER/to_datalake_pipeline.py', '--cfg-path', '/tmp/tmppqtirma6', '--error-file', '/tmp/tmp55774pav']
[2021-08-08 03:25:01,422] {standard_task_runner.py:77} INFO - Job 17: Subtask extract_from_git
[2021-08-08 03:25:01,468] {logging_mixin.py:104} INFO - Running <TaskInstance: to_datalake_pipeline.extract_from_git 2021-08-08T03:20:00+00:00 [running]> on host 3d9097dcbc7f
[2021-08-08 03:25:01,514] {taskinstance.py:1302} INFO - Exporting the following env vars:
AIRFLOW_CTX_DAG_EMAIL=wildangbudhi@gmail.com
AIRFLOW_CTX_DAG_OWNER=***
AIRFLOW_CTX_DAG_ID=to_datalake_pipeline
AIRFLOW_CTX_TASK_ID=extract_from_git
AIRFLOW_CTX_EXECUTION_DATE=2021-08-08T03:20:00+00:00
AIRFLOW_CTX_DAG_RUN_ID=scheduled__2021-08-08T03:20:00+00:00
[2021-08-08 03:25:01,515] {logging_mixin.py:104} INFO - Downloading data from -> https://raw.githubusercontent.com/rezaprimasatya/DTO-DE-JUN-MID/main/data.zip
[2021-08-08 03:25:06,930] {logging_mixin.py:104} INFO - Unzipping Data
[2021-08-08 03:25:07,004] {logging_mixin.py:104} INFO - Transform Data to Pandas Dataframe
[2021-08-08 03:25:07,207] {logging_mixin.py:104} INFO - Load data to datalake
[2021-08-08 03:25:07,244] {logging_mixin.py:104} INFO - Load table : REGION
[2021-08-08 03:25:07,277] {logging_mixin.py:104} INFO - Load table : NATION
[2021-08-08 03:25:07,289] {logging_mixin.py:104} INFO - Load table : PART
[2021-08-08 03:25:07,376] {logging_mixin.py:104} INFO - Load table : SUPPLIER
[2021-08-08 03:25:07,394] {logging_mixin.py:104} INFO - Load table : PARTSUPP
[2021-08-08 03:25:07,723] {logging_mixin.py:104} INFO - Load table : CUSTOMER
[2021-08-08 03:25:07,790] {logging_mixin.py:104} INFO - Load table : ORDERS
[2021-08-08 03:25:08,401] {logging_mixin.py:104} INFO - Load table : LINEITEM
[2021-08-08 03:25:12,373] {python.py:151} INFO - Done. Returned value was: None
[2021-08-08 03:25:12,383] {taskinstance.py:1211} INFO - Marking task as SUCCESS. dag_id=to_datalake_pipeline, task_id=extract_from_git, execution_date=20210808T032000, start_date=20210808T032501, end_date=20210808T032512
[2021-08-08 03:25:12,412] {taskinstance.py:1265} INFO - 1 downstream tasks scheduled from follow-on schedule check
[2021-08-08 03:25:12,457] {local_task_job.py:149} INFO - Task exited with return code 0
[2021-08-08 03:28:19,789] {taskinstance.py:896} INFO - Dependencies all met for <TaskInstance: to_datalake_pipeline.extract_from_git 2021-08-08T03:20:00+00:00 [queued]>
[2021-08-08 03:28:19,820] {taskinstance.py:896} INFO - Dependencies all met for <TaskInstance: to_datalake_pipeline.extract_from_git 2021-08-08T03:20:00+00:00 [queued]>
[2021-08-08 03:28:19,821] {taskinstance.py:1087} INFO - 
--------------------------------------------------------------------------------
[2021-08-08 03:28:19,827] {taskinstance.py:1088} INFO - Starting attempt 1 of 11
[2021-08-08 03:28:19,828] {taskinstance.py:1089} INFO - 
--------------------------------------------------------------------------------
[2021-08-08 03:28:19,845] {taskinstance.py:1107} INFO - Executing <Task(PythonOperator): extract_from_git> on 2021-08-08T03:20:00+00:00
[2021-08-08 03:28:19,853] {standard_task_runner.py:52} INFO - Started process 139 to run task
[2021-08-08 03:28:19,860] {standard_task_runner.py:76} INFO - Running: ['***', 'tasks', 'run', 'to_datalake_pipeline', 'extract_from_git', '2021-08-08T03:20:00+00:00', '--job-id', '3', '--pool', 'default_pool', '--raw', '--subdir', 'DAGS_FOLDER/to_datalake_pipeline.py', '--cfg-path', '/tmp/tmpr7ps08y4', '--error-file', '/tmp/tmpzmxn2vnk']
[2021-08-08 03:28:19,862] {standard_task_runner.py:77} INFO - Job 3: Subtask extract_from_git
[2021-08-08 03:28:19,953] {logging_mixin.py:104} INFO - Running <TaskInstance: to_datalake_pipeline.extract_from_git 2021-08-08T03:20:00+00:00 [running]> on host daa2bc25bf8a
[2021-08-08 03:28:20,034] {taskinstance.py:1302} INFO - Exporting the following env vars:
AIRFLOW_CTX_DAG_EMAIL=wildangbudhi@gmail.com
AIRFLOW_CTX_DAG_OWNER=***
AIRFLOW_CTX_DAG_ID=to_datalake_pipeline
AIRFLOW_CTX_TASK_ID=extract_from_git
AIRFLOW_CTX_EXECUTION_DATE=2021-08-08T03:20:00+00:00
AIRFLOW_CTX_DAG_RUN_ID=scheduled__2021-08-08T03:20:00+00:00
[2021-08-08 03:28:20,036] {logging_mixin.py:104} INFO - Downloading data from -> https://raw.githubusercontent.com/rezaprimasatya/DTO-DE-JUN-MID/main/data.zip
[2021-08-08 03:28:20,606] {logging_mixin.py:104} INFO - Unzipping Data
[2021-08-08 03:28:20,730] {logging_mixin.py:104} INFO - Transform Data to Pandas Dataframe
[2021-08-08 03:28:21,072] {logging_mixin.py:104} INFO - Load data to datalake
[2021-08-08 03:28:21,085] {taskinstance.py:1501} ERROR - Task failed with exception
Traceback (most recent call last):
  File "/home/airflow/.local/lib/python3.6/site-packages/airflow/models/taskinstance.py", line 1157, in _run_raw_task
    self._prepare_and_execute_task_with_callbacks(context, task)
  File "/home/airflow/.local/lib/python3.6/site-packages/airflow/models/taskinstance.py", line 1331, in _prepare_and_execute_task_with_callbacks
    result = self._execute_task(context, task_copy)
  File "/home/airflow/.local/lib/python3.6/site-packages/airflow/models/taskinstance.py", line 1361, in _execute_task
    result = task_copy.execute(context=context)
  File "/home/airflow/.local/lib/python3.6/site-packages/airflow/operators/python.py", line 150, in execute
    return_value = self.execute_callable()
  File "/home/airflow/.local/lib/python3.6/site-packages/airflow/operators/python.py", line 161, in execute_callable
    return self.python_callable(*self.op_args, **self.op_kwargs)
  File "/opt/airflow/dags/extract/extract.py", line 104, in extract_data_from_git
    pipeline.run()
  File "/opt/airflow/dags/extract/extract.py", line 19, in run
    self.df_to_datalake(data_dataframes)
  File "/opt/airflow/dags/extract/extract.py", line 71, in df_to_datalake
    user=Variable.get("DWH_USER"),
  File "/home/airflow/.local/lib/python3.6/site-packages/airflow/models/variable.py", line 140, in get
    raise KeyError(f'Variable {key} does not exist')
KeyError: 'Variable DWH_USER does not exist'
[2021-08-08 03:28:21,091] {taskinstance.py:1551} INFO - Marking task as UP_FOR_RETRY. dag_id=to_datalake_pipeline, task_id=extract_from_git, execution_date=20210808T032000, start_date=20210808T032819, end_date=20210808T032821
[2021-08-08 03:28:21,165] {local_task_job.py:149} INFO - Task exited with return code 1
