[2021-08-08 03:29:21,616] {taskinstance.py:896} INFO - Dependencies all met for <TaskInstance: to_datalake_pipeline.extract_from_git 2021-08-08T03:20:00+00:00 [queued]>
[2021-08-08 03:29:21,635] {taskinstance.py:896} INFO - Dependencies all met for <TaskInstance: to_datalake_pipeline.extract_from_git 2021-08-08T03:20:00+00:00 [queued]>
[2021-08-08 03:29:21,636] {taskinstance.py:1087} INFO - 
--------------------------------------------------------------------------------
[2021-08-08 03:29:21,636] {taskinstance.py:1088} INFO - Starting attempt 2 of 11
[2021-08-08 03:29:21,637] {taskinstance.py:1089} INFO - 
--------------------------------------------------------------------------------
[2021-08-08 03:29:21,646] {taskinstance.py:1107} INFO - Executing <Task(PythonOperator): extract_from_git> on 2021-08-08T03:20:00+00:00
[2021-08-08 03:29:21,651] {standard_task_runner.py:52} INFO - Started process 227 to run task
[2021-08-08 03:29:21,656] {standard_task_runner.py:76} INFO - Running: ['***', 'tasks', 'run', 'to_datalake_pipeline', 'extract_from_git', '2021-08-08T03:20:00+00:00', '--job-id', '9', '--pool', 'default_pool', '--raw', '--subdir', 'DAGS_FOLDER/to_datalake_pipeline.py', '--cfg-path', '/tmp/tmpwmf9coui', '--error-file', '/tmp/tmpoo_8ahgd']
[2021-08-08 03:29:21,657] {standard_task_runner.py:77} INFO - Job 9: Subtask extract_from_git
[2021-08-08 03:29:21,713] {logging_mixin.py:104} INFO - Running <TaskInstance: to_datalake_pipeline.extract_from_git 2021-08-08T03:20:00+00:00 [running]> on host daa2bc25bf8a
[2021-08-08 03:29:21,768] {taskinstance.py:1302} INFO - Exporting the following env vars:
AIRFLOW_CTX_DAG_EMAIL=wildangbudhi@gmail.com
AIRFLOW_CTX_DAG_OWNER=***
AIRFLOW_CTX_DAG_ID=to_datalake_pipeline
AIRFLOW_CTX_TASK_ID=extract_from_git
AIRFLOW_CTX_EXECUTION_DATE=2021-08-08T03:20:00+00:00
AIRFLOW_CTX_DAG_RUN_ID=scheduled__2021-08-08T03:20:00+00:00
[2021-08-08 03:29:21,770] {logging_mixin.py:104} INFO - Downloading data from -> https://raw.githubusercontent.com/rezaprimasatya/DTO-DE-JUN-MID/main/data.zip
[2021-08-08 03:29:22,474] {logging_mixin.py:104} INFO - Unzipping Data
[2021-08-08 03:29:22,571] {logging_mixin.py:104} INFO - Transform Data to Pandas Dataframe
[2021-08-08 03:29:22,825] {logging_mixin.py:104} INFO - Load data to datalake
[2021-08-08 03:29:22,902] {logging_mixin.py:104} INFO - Load table : REGION
[2021-08-08 03:29:22,957] {logging_mixin.py:104} INFO - Load table : NATION
[2021-08-08 03:29:22,975] {logging_mixin.py:104} INFO - Load table : PART
[2021-08-08 03:29:23,127] {logging_mixin.py:104} INFO - Load table : SUPPLIER
[2021-08-08 03:29:23,149] {logging_mixin.py:104} INFO - Load table : PARTSUPP
[2021-08-08 03:29:23,662] {logging_mixin.py:104} INFO - Load table : CUSTOMER
[2021-08-08 03:29:23,778] {logging_mixin.py:104} INFO - Load table : ORDERS
[2021-08-08 03:29:24,663] {logging_mixin.py:104} INFO - Load table : LINEITEM
[2021-08-08 03:29:29,640] {python.py:151} INFO - Done. Returned value was: None
[2021-08-08 03:29:29,651] {taskinstance.py:1211} INFO - Marking task as SUCCESS. dag_id=to_datalake_pipeline, task_id=extract_from_git, execution_date=20210808T032000, start_date=20210808T032921, end_date=20210808T032929
[2021-08-08 03:29:29,681] {taskinstance.py:1265} INFO - 1 downstream tasks scheduled from follow-on schedule check
[2021-08-08 03:29:29,728] {local_task_job.py:149} INFO - Task exited with return code 0
