[2021-08-07 14:10:02,826] {taskinstance.py:896} INFO - Dependencies all met for <TaskInstance: standardized_pipeline.create_standardized_table_parts 2021-08-07T14:05:00+00:00 [queued]>
[2021-08-07 14:10:02,837] {taskinstance.py:896} INFO - Dependencies all met for <TaskInstance: standardized_pipeline.create_standardized_table_parts 2021-08-07T14:05:00+00:00 [queued]>
[2021-08-07 14:10:02,838] {taskinstance.py:1087} INFO - 
--------------------------------------------------------------------------------
[2021-08-07 14:10:02,839] {taskinstance.py:1088} INFO - Starting attempt 1 of 1
[2021-08-07 14:10:02,840] {taskinstance.py:1089} INFO - 
--------------------------------------------------------------------------------
[2021-08-07 14:10:02,852] {taskinstance.py:1107} INFO - Executing <Task(MySqlOperator): create_standardized_table_parts> on 2021-08-07T14:05:00+00:00
[2021-08-07 14:10:02,861] {standard_task_runner.py:76} INFO - Running: ['***', 'tasks', 'run', 'standardized_pipeline', 'create_standardized_table_parts', '2021-08-07T14:05:00+00:00', '--job-id', '27', '--pool', 'default_pool', '--raw', '--subdir', 'DAGS_FOLDER/standardized_pipeline.py', '--cfg-path', '/tmp/tmprz1h_b0l', '--error-file', '/tmp/tmpu6auy80t']
[2021-08-07 14:10:02,857] {standard_task_runner.py:52} INFO - Started process 3607 to run task
[2021-08-07 14:10:02,862] {standard_task_runner.py:77} INFO - Job 27: Subtask create_standardized_table_parts
[2021-08-07 14:10:02,914] {logging_mixin.py:104} INFO - Running <TaskInstance: standardized_pipeline.create_standardized_table_parts 2021-08-07T14:05:00+00:00 [running]> on host ab70d6dafbc6
[2021-08-07 14:10:02,974] {taskinstance.py:1302} INFO - Exporting the following env vars:
AIRFLOW_CTX_DAG_OWNER=***
AIRFLOW_CTX_DAG_ID=standardized_pipeline
AIRFLOW_CTX_TASK_ID=create_standardized_table_parts
AIRFLOW_CTX_EXECUTION_DATE=2021-08-07T14:05:00+00:00
AIRFLOW_CTX_DAG_RUN_ID=scheduled__2021-08-07T14:05:00+00:00
[2021-08-07 14:10:02,976] {mysql.py:70} INFO - Executing: CREATE TABLE IF NOT EXISTS standardized.PART (
  `PART_KEY` int NOT NULL,
  `PART_NAME` text NOT NULL,
  `PART_MFGR` text NOT NULL,
  `PART_BRAND` text NOT NULL,
  `PART_TYPE` text NOT NULL,
  `PART_SIZE` int NOT NULL,
  `PART_CONTAINER` text NOT NULL,
  `PART_RETAILPRICE` int NOT NULL,
  `PART_COMMENT` text NOT NULL,
  `INGESTION_TIMESTAMP` datetime DEFAULT CURRENT_TIMESTAMP
) ENGINE=InnoDB DEFAULT CHARSET=utf8mb4 COLLATE=utf8mb4_0900_ai_ci;
[2021-08-07 14:10:02,988] {base.py:78} INFO - Using connection to: id: dwh_id. Host: dwh, Port: 3306, Schema: , Login: root, Password: ***, extra: {}
[2021-08-07 14:10:03,000] {dbapi.py:204} INFO - Running statement: CREATE TABLE IF NOT EXISTS standardized.PART (
  `PART_KEY` int NOT NULL,
  `PART_NAME` text NOT NULL,
  `PART_MFGR` text NOT NULL,
  `PART_BRAND` text NOT NULL,
  `PART_TYPE` text NOT NULL,
  `PART_SIZE` int NOT NULL,
  `PART_CONTAINER` text NOT NULL,
  `PART_RETAILPRICE` int NOT NULL,
  `PART_COMMENT` text NOT NULL,
  `INGESTION_TIMESTAMP` datetime DEFAULT CURRENT_TIMESTAMP
) ENGINE=InnoDB DEFAULT CHARSET=utf8mb4 COLLATE=utf8mb4_0900_ai_ci;, parameters: None
[2021-08-07 14:10:03,023] {dbapi.py:212} INFO - Rows affected: 0
[2021-08-07 14:10:03,039] {taskinstance.py:1211} INFO - Marking task as SUCCESS. dag_id=standardized_pipeline, task_id=create_standardized_table_parts, execution_date=20210807T140500, start_date=20210807T141002, end_date=20210807T141003
[2021-08-07 14:10:03,073] {taskinstance.py:1265} INFO - 1 downstream tasks scheduled from follow-on schedule check
[2021-08-07 14:10:03,119] {local_task_job.py:149} INFO - Task exited with return code 0
