[2021-08-08 05:45:00,759] {taskinstance.py:896} INFO - Dependencies all met for <TaskInstance: presentation_pipeline.presentation_pipeline_start 2021-08-08T05:40:00+00:00 [queued]>
[2021-08-08 05:45:00,773] {taskinstance.py:896} INFO - Dependencies all met for <TaskInstance: presentation_pipeline.presentation_pipeline_start 2021-08-08T05:40:00+00:00 [queued]>
[2021-08-08 05:45:00,774] {taskinstance.py:1087} INFO - 
--------------------------------------------------------------------------------
[2021-08-08 05:45:00,774] {taskinstance.py:1088} INFO - Starting attempt 1 of 1
[2021-08-08 05:45:00,775] {taskinstance.py:1089} INFO - 
--------------------------------------------------------------------------------
[2021-08-08 05:45:00,782] {taskinstance.py:1107} INFO - Executing <Task(ExternalTaskSensor): presentation_pipeline_start> on 2021-08-08T05:40:00+00:00
[2021-08-08 05:45:00,785] {standard_task_runner.py:52} INFO - Started process 2191 to run task
[2021-08-08 05:45:00,792] {standard_task_runner.py:76} INFO - Running: ['***', 'tasks', 'run', 'presentation_pipeline', 'presentation_pipeline_start', '2021-08-08T05:40:00+00:00', '--job-id', '147', '--pool', 'default_pool', '--raw', '--subdir', 'DAGS_FOLDER/presentation_pipeline.py', '--cfg-path', '/tmp/tmpevktvuxa', '--error-file', '/tmp/tmp0lofnz9m']
[2021-08-08 05:45:00,794] {standard_task_runner.py:77} INFO - Job 147: Subtask presentation_pipeline_start
[2021-08-08 05:45:00,840] {logging_mixin.py:104} INFO - Running <TaskInstance: presentation_pipeline.presentation_pipeline_start 2021-08-08T05:40:00+00:00 [running]> on host b48e43d568d5
[2021-08-08 05:45:00,883] {taskinstance.py:1302} INFO - Exporting the following env vars:
AIRFLOW_CTX_DAG_OWNER=***
AIRFLOW_CTX_DAG_ID=presentation_pipeline
AIRFLOW_CTX_TASK_ID=presentation_pipeline_start
AIRFLOW_CTX_EXECUTION_DATE=2021-08-08T05:40:00+00:00
AIRFLOW_CTX_DAG_RUN_ID=scheduled__2021-08-08T05:40:00+00:00
[2021-08-08 05:45:00,884] {external_task.py:152} INFO - Poking for standardized_pipeline.standardized_pipeline_end on 2021-08-08T05:40:00+00:00 ... 
[2021-08-08 05:46:00,867] {external_task.py:152} INFO - Poking for standardized_pipeline.standardized_pipeline_end on 2021-08-08T05:40:00+00:00 ... 
[2021-08-08 05:47:00,879] {external_task.py:152} INFO - Poking for standardized_pipeline.standardized_pipeline_end on 2021-08-08T05:40:00+00:00 ... 
[2021-08-08 05:47:00,886] {base.py:248} INFO - Success criteria met. Exiting.
[2021-08-08 05:47:00,893] {taskinstance.py:1211} INFO - Marking task as SUCCESS. dag_id=presentation_pipeline, task_id=presentation_pipeline_start, execution_date=20210808T054000, start_date=20210808T054500, end_date=20210808T054700
[2021-08-08 05:47:00,938] {taskinstance.py:1265} INFO - 5 downstream tasks scheduled from follow-on schedule check
[2021-08-08 05:47:00,969] {local_task_job.py:149} INFO - Task exited with return code 0
