[2021-08-08 02:27:56,448] {taskinstance.py:896} INFO - Dependencies all met for <TaskInstance: standardized_pipeline.create_standardized_table_nations 2021-08-08T02:20:00+00:00 [queued]>
[2021-08-08 02:27:56,667] {taskinstance.py:896} INFO - Dependencies all met for <TaskInstance: standardized_pipeline.create_standardized_table_nations 2021-08-08T02:20:00+00:00 [queued]>
[2021-08-08 02:27:56,673] {taskinstance.py:1087} INFO - 
--------------------------------------------------------------------------------
[2021-08-08 02:27:56,678] {taskinstance.py:1088} INFO - Starting attempt 1 of 1
[2021-08-08 02:27:56,684] {taskinstance.py:1089} INFO - 
--------------------------------------------------------------------------------
[2021-08-08 02:27:56,766] {taskinstance.py:1107} INFO - Executing <Task(MySqlOperator): create_standardized_table_nations> on 2021-08-08T02:20:00+00:00
[2021-08-08 02:27:56,846] {standard_task_runner.py:76} INFO - Running: ['***', 'tasks', 'run', 'standardized_pipeline', 'create_standardized_table_nations', '2021-08-08T02:20:00+00:00', '--job-id', '10', '--pool', 'default_pool', '--raw', '--subdir', 'DAGS_FOLDER/standardized_pipeline.py', '--cfg-path', '/tmp/tmp3psbd23g', '--error-file', '/tmp/tmpx_epmd5h']
[2021-08-08 02:27:56,854] {standard_task_runner.py:77} INFO - Job 10: Subtask create_standardized_table_nations
[2021-08-08 02:27:56,816] {standard_task_runner.py:52} INFO - Started process 274 to run task
[2021-08-08 02:27:57,523] {logging_mixin.py:104} INFO - Running <TaskInstance: standardized_pipeline.create_standardized_table_nations 2021-08-08T02:20:00+00:00 [running]> on host 8e182e432c34
[2021-08-08 02:27:58,169] {taskinstance.py:1302} INFO - Exporting the following env vars:
AIRFLOW_CTX_DAG_OWNER=***
AIRFLOW_CTX_DAG_ID=standardized_pipeline
AIRFLOW_CTX_TASK_ID=create_standardized_table_nations
AIRFLOW_CTX_EXECUTION_DATE=2021-08-08T02:20:00+00:00
AIRFLOW_CTX_DAG_RUN_ID=scheduled__2021-08-08T02:20:00+00:00
[2021-08-08 02:27:58,177] {mysql.py:70} INFO - Executing: CREATE TABLE IF NOT EXISTS standardized.nations (INGESTION_TIMESTAMP TIMESTAMP NOT NULL DEFAULT CURRENT_TIMESTAMP) AS
WITH data_last_5_minutes AS (
	SELECT
		DISTINCT 
		CAST(N_NATIONKEY AS SIGNED) AS NATION_KEY,
		N_NAME AS NATION_NAME,
		CAST(N_REGIONKEY AS SIGNED) AS REGION_KEY,
		N_COMMENT AS NATION_COMMENT,
		NOW() AS INGESTION_TIMESTAMP
	FROM
		datalake.NATION n
	WHERE 
		n.INGESTION_TIMESTAMP >= DATE_SUB(NOW(), INTERVAL 5 MINUTE)
)

SELECT 
	* 
FROM 
	data_last_5_minutes
[2021-08-08 02:27:58,267] {base.py:78} INFO - Using connection to: id: dwh_id. Host: dwh, Port: 3306, Schema: , Login: root, Password: ***, extra: {}
[2021-08-08 02:27:58,382] {dbapi.py:204} INFO - Running statement: CREATE TABLE IF NOT EXISTS standardized.nations (INGESTION_TIMESTAMP TIMESTAMP NOT NULL DEFAULT CURRENT_TIMESTAMP) AS
WITH data_last_5_minutes AS (
	SELECT
		DISTINCT 
		CAST(N_NATIONKEY AS SIGNED) AS NATION_KEY,
		N_NAME AS NATION_NAME,
		CAST(N_REGIONKEY AS SIGNED) AS REGION_KEY,
		N_COMMENT AS NATION_COMMENT,
		NOW() AS INGESTION_TIMESTAMP
	FROM
		datalake.NATION n
	WHERE 
		n.INGESTION_TIMESTAMP >= DATE_SUB(NOW(), INTERVAL 5 MINUTE)
)

SELECT 
	* 
FROM 
	data_last_5_minutes, parameters: None
[2021-08-08 02:27:58,599] {dbapi.py:212} INFO - Rows affected: 25
[2021-08-08 02:27:58,760] {taskinstance.py:1211} INFO - Marking task as SUCCESS. dag_id=standardized_pipeline, task_id=create_standardized_table_nations, execution_date=20210808T022000, start_date=20210808T022756, end_date=20210808T022758
[2021-08-08 02:27:58,998] {taskinstance.py:1265} INFO - 1 downstream tasks scheduled from follow-on schedule check
[2021-08-08 02:27:59,120] {local_task_job.py:149} INFO - Task exited with return code 0
