[2021-08-08 11:07:54,656] {taskinstance.py:896} INFO - Dependencies all met for <TaskInstance: presentation_pipeline.presentation_dim_parts 2021-08-08T11:07:44.324123+00:00 [queued]>
[2021-08-08 11:07:54,653] {taskinstance.py:896} INFO - Dependencies all met for <TaskInstance: presentation_pipeline.presentation_dim_parts 2021-08-08T11:07:44.324123+00:00 [queued]>
[2021-08-08 11:07:54,654] {taskinstance.py:1087} INFO - 
--------------------------------------------------------------------------------
[2021-08-08 11:07:54,654] {taskinstance.py:1088} INFO - Starting attempt 1 of 1
[2021-08-08 11:07:54,655] {taskinstance.py:1089} INFO - 
--------------------------------------------------------------------------------
[2021-08-08 11:07:54,666] {taskinstance.py:1107} INFO - Executing <Task(MySqlOperator): presentation_dim_parts> on 2021-08-08T11:07:44.324123+00:00
[2021-08-08 11:07:54,671] {standard_task_runner.py:52} INFO - Started process 619 to run task
[2021-08-08 11:07:54,676] {standard_task_runner.py:76} INFO - Running: ['***', 'tasks', 'run', 'presentation_pipeline', 'presentation_dim_parts', '2021-08-08T11:07:44.324123+00:00', '--job-id', '40', '--pool', 'default_pool', '--raw', '--subdir', 'DAGS_FOLDER/presentation_pipeline.py', '--cfg-path', '/tmp/tmpytbr3rty', '--error-file', '/tmp/tmpv0f_xsp0']
[2021-08-08 11:07:54,677] {standard_task_runner.py:77} INFO - Job 40: Subtask presentation_dim_parts
[2021-08-08 11:07:54,738] {logging_mixin.py:104} INFO - Running <TaskInstance: presentation_pipeline.presentation_dim_parts 2021-08-08T11:07:44.324123+00:00 [running]> on host ce886ce1d63a
[2021-08-08 11:07:54,807] {taskinstance.py:1302} INFO - Exporting the following env vars:
AIRFLOW_CTX_DAG_OWNER=***
AIRFLOW_CTX_DAG_ID=presentation_pipeline
AIRFLOW_CTX_TASK_ID=presentation_dim_parts
AIRFLOW_CTX_EXECUTION_DATE=2021-08-08T11:07:44.324123+00:00
AIRFLOW_CTX_DAG_RUN_ID=manual__2021-08-08T11:07:44.324123+00:00
[2021-08-08 11:07:54,808] {mysql.py:70} INFO - Executing: INSERT IGNORE INTO presentation.parts
SELECT 
	DISTINCT 
	p.PART_KEY,
	p.PART_NAME,
	p.PART_SIZE_NUMBER,
	p.PART_CONTAINER_TYPE,
	p.PART_RETAIL_PRICE,
	NOW() AS INGESTION_TIMESTAMP
FROM 
	standardized.parts p
WHERE 
	p.INGESTION_TIMESTAMP >= DATE_SUB(NOW(), INTERVAL 1 HOUR)
[2021-08-08 11:07:54,821] {base.py:78} INFO - Using connection to: id: dwh_id. Host: dwh, Port: 3306, Schema: , Login: root, Password: ***, extra: {}
[2021-08-08 11:07:54,833] {dbapi.py:204} INFO - Running statement: INSERT IGNORE INTO presentation.parts
SELECT 
	DISTINCT 
	p.PART_KEY,
	p.PART_NAME,
	p.PART_SIZE_NUMBER,
	p.PART_CONTAINER_TYPE,
	p.PART_RETAIL_PRICE,
	NOW() AS INGESTION_TIMESTAMP
FROM 
	standardized.parts p
WHERE 
	p.INGESTION_TIMESTAMP >= DATE_SUB(NOW(), INTERVAL 1 HOUR), parameters: None
[2021-08-08 11:07:54,882] {dbapi.py:212} INFO - Rows affected: 0
[2021-08-08 11:07:54,894] {taskinstance.py:1211} INFO - Marking task as SUCCESS. dag_id=presentation_pipeline, task_id=presentation_dim_parts, execution_date=20210808T110744, start_date=20210808T110754, end_date=20210808T110754
[2021-08-08 11:07:54,937] {taskinstance.py:1265} INFO - 0 downstream tasks scheduled from follow-on schedule check
[2021-08-08 11:07:54,972] {local_task_job.py:149} INFO - Task exited with return code 0
