[2021-08-07 17:02:39,175] {taskinstance.py:896} INFO - Dependencies all met for <TaskInstance: standardized_pipeline.create_standardized_table_customer 2021-08-07T16:55:00+00:00 [queued]>
[2021-08-07 17:02:39,254] {taskinstance.py:896} INFO - Dependencies all met for <TaskInstance: standardized_pipeline.create_standardized_table_customer 2021-08-07T16:55:00+00:00 [queued]>
[2021-08-07 17:02:39,256] {taskinstance.py:1087} INFO - 
--------------------------------------------------------------------------------
[2021-08-07 17:02:39,257] {taskinstance.py:1088} INFO - Starting attempt 1 of 1
[2021-08-07 17:02:39,258] {taskinstance.py:1089} INFO - 
--------------------------------------------------------------------------------
[2021-08-07 17:02:39,287] {taskinstance.py:1107} INFO - Executing <Task(MySqlOperator): create_standardized_table_customer> on 2021-08-07T16:55:00+00:00
[2021-08-07 17:02:39,301] {standard_task_runner.py:76} INFO - Running: ['***', 'tasks', 'run', 'standardized_pipeline', 'create_standardized_table_customer', '2021-08-07T16:55:00+00:00', '--job-id', '5', '--pool', 'default_pool', '--raw', '--subdir', 'DAGS_FOLDER/standardized_pipeline.py', '--cfg-path', '/tmp/tmpa8264a_6', '--error-file', '/tmp/tmp8c6vm8gm']
[2021-08-07 17:02:39,303] {standard_task_runner.py:77} INFO - Job 5: Subtask create_standardized_table_customer
[2021-08-07 17:02:39,294] {standard_task_runner.py:52} INFO - Started process 612 to run task
[2021-08-07 17:02:39,442] {logging_mixin.py:104} INFO - Running <TaskInstance: standardized_pipeline.create_standardized_table_customer 2021-08-07T16:55:00+00:00 [running]> on host f68214991f84
[2021-08-07 17:02:39,670] {taskinstance.py:1302} INFO - Exporting the following env vars:
AIRFLOW_CTX_DAG_OWNER=***
AIRFLOW_CTX_DAG_ID=standardized_pipeline
AIRFLOW_CTX_TASK_ID=create_standardized_table_customer
AIRFLOW_CTX_EXECUTION_DATE=2021-08-07T16:55:00+00:00
AIRFLOW_CTX_DAG_RUN_ID=scheduled__2021-08-07T16:55:00+00:00
[2021-08-07 17:02:39,672] {mysql.py:70} INFO - Executing: CREATE TABLE IF NOT EXISTS standardized.CUSTOMER (
  `CUSTOMER_KEY` int NOT NULL,
  `CUSTOMER_NAME` text NOT NULL,
  `CUSTOMER_ADDRESS` text NOT NULL,
  `NATION_KEY` int NOT NULL,
  `CUSTOMER_PHONE` text NOT NULL,
  `CUSTOMER_ACCTBAL` int NOT NULL,
  `CUSTOMER_MKTSEGMENT` text NOT NULL,
  `CUSTOMER_COMMENT` text NOT NULL,
  `INGESTION_TIMESTAMP` datetime DEFAULT CURRENT_TIMESTAMP
) ENGINE=InnoDB DEFAULT CHARSET=utf8mb4 COLLATE=utf8mb4_0900_ai_ci;
[2021-08-07 17:02:39,705] {base.py:78} INFO - Using connection to: id: dwh_id. Host: dwh, Port: 3306, Schema: , Login: root, Password: ***, extra: {}
[2021-08-07 17:02:39,741] {dbapi.py:204} INFO - Running statement: CREATE TABLE IF NOT EXISTS standardized.CUSTOMER (
  `CUSTOMER_KEY` int NOT NULL,
  `CUSTOMER_NAME` text NOT NULL,
  `CUSTOMER_ADDRESS` text NOT NULL,
  `NATION_KEY` int NOT NULL,
  `CUSTOMER_PHONE` text NOT NULL,
  `CUSTOMER_ACCTBAL` int NOT NULL,
  `CUSTOMER_MKTSEGMENT` text NOT NULL,
  `CUSTOMER_COMMENT` text NOT NULL,
  `INGESTION_TIMESTAMP` datetime DEFAULT CURRENT_TIMESTAMP
) ENGINE=InnoDB DEFAULT CHARSET=utf8mb4 COLLATE=utf8mb4_0900_ai_ci;, parameters: None
[2021-08-07 17:02:39,781] {dbapi.py:212} INFO - Rows affected: 0
[2021-08-07 17:02:39,818] {taskinstance.py:1211} INFO - Marking task as SUCCESS. dag_id=standardized_pipeline, task_id=create_standardized_table_customer, execution_date=20210807T165500, start_date=20210807T170239, end_date=20210807T170239
[2021-08-07 17:02:39,902] {taskinstance.py:1265} INFO - 1 downstream tasks scheduled from follow-on schedule check
[2021-08-07 17:02:39,970] {local_task_job.py:149} INFO - Task exited with return code 0
