[2021-08-07 10:20:00,908] {taskinstance.py:896} INFO - Dependencies all met for <TaskInstance: to_datalake_pipeline.extract_from_git 2021-08-07T10:15:00+00:00 [queued]>
[2021-08-07 10:20:00,917] {taskinstance.py:896} INFO - Dependencies all met for <TaskInstance: to_datalake_pipeline.extract_from_git 2021-08-07T10:15:00+00:00 [queued]>
[2021-08-07 10:20:00,918] {taskinstance.py:1087} INFO - 
--------------------------------------------------------------------------------
[2021-08-07 10:20:00,919] {taskinstance.py:1088} INFO - Starting attempt 1 of 1
[2021-08-07 10:20:00,919] {taskinstance.py:1089} INFO - 
--------------------------------------------------------------------------------
[2021-08-07 10:20:00,932] {taskinstance.py:1107} INFO - Executing <Task(PythonOperator): extract_from_git> on 2021-08-07T10:15:00+00:00
[2021-08-07 10:20:00,936] {standard_task_runner.py:52} INFO - Started process 4875 to run task
[2021-08-07 10:20:00,940] {standard_task_runner.py:76} INFO - Running: ['***', 'tasks', 'run', 'to_datalake_pipeline', 'extract_from_git', '2021-08-07T10:15:00+00:00', '--job-id', '10', '--pool', 'default_pool', '--raw', '--subdir', 'DAGS_FOLDER/to_datalake_pipeline.py', '--cfg-path', '/tmp/tmpwmy87rab', '--error-file', '/tmp/tmp6pkk777j']
[2021-08-07 10:20:00,941] {standard_task_runner.py:77} INFO - Job 10: Subtask extract_from_git
[2021-08-07 10:20:00,986] {logging_mixin.py:104} INFO - Running <TaskInstance: to_datalake_pipeline.extract_from_git 2021-08-07T10:15:00+00:00 [running]> on host 4446dd23665f
[2021-08-07 10:20:01,032] {taskinstance.py:1302} INFO - Exporting the following env vars:
AIRFLOW_CTX_DAG_OWNER=***
AIRFLOW_CTX_DAG_ID=to_datalake_pipeline
AIRFLOW_CTX_TASK_ID=extract_from_git
AIRFLOW_CTX_EXECUTION_DATE=2021-08-07T10:15:00+00:00
AIRFLOW_CTX_DAG_RUN_ID=scheduled__2021-08-07T10:15:00+00:00
[2021-08-07 10:20:01,034] {logging_mixin.py:104} INFO - Downloading data from -> https://raw.githubusercontent.com/rezaprimasatya/DTO-DE-JUN-MID/main/data.zip
[2021-08-07 10:20:07,602] {logging_mixin.py:104} INFO - Unzipping Data
[2021-08-07 10:20:07,679] {logging_mixin.py:104} INFO - Transform Data to Pandas Dataframe
[2021-08-07 10:20:07,879] {logging_mixin.py:104} INFO - Load data to datalake
[2021-08-07 10:20:07,918] {logging_mixin.py:104} INFO - Load table : REGION
[2021-08-07 10:20:07,954] {logging_mixin.py:104} INFO - Load table : NATION
[2021-08-07 10:20:07,969] {logging_mixin.py:104} INFO - Load table : PART
[2021-08-07 10:20:08,063] {logging_mixin.py:104} INFO - Load table : SUPPLIER
[2021-08-07 10:20:08,084] {logging_mixin.py:104} INFO - Load table : PARTSUPP
[2021-08-07 10:20:08,462] {logging_mixin.py:104} INFO - Load table : CUSTOMER
[2021-08-07 10:20:08,535] {logging_mixin.py:104} INFO - Load table : ORDERS
[2021-08-07 10:20:09,124] {logging_mixin.py:104} INFO - Load table : LINEITEM
[2021-08-07 10:20:12,841] {python.py:151} INFO - Done. Returned value was: None
[2021-08-07 10:20:12,852] {taskinstance.py:1211} INFO - Marking task as SUCCESS. dag_id=to_datalake_pipeline, task_id=extract_from_git, execution_date=20210807T101500, start_date=20210807T102000, end_date=20210807T102012
[2021-08-07 10:20:12,876] {taskinstance.py:1265} INFO - 0 downstream tasks scheduled from follow-on schedule check
[2021-08-07 10:20:12,944] {local_task_job.py:149} INFO - Task exited with return code 0
