[2021-08-08 05:06:03,488] {taskinstance.py:896} INFO - Dependencies all met for <TaskInstance: standardized_pipeline.standardized_parts 2021-08-08T05:00:00+00:00 [queued]>
[2021-08-08 05:06:03,509] {taskinstance.py:896} INFO - Dependencies all met for <TaskInstance: standardized_pipeline.standardized_parts 2021-08-08T05:00:00+00:00 [queued]>
[2021-08-08 05:06:03,509] {taskinstance.py:1087} INFO - 
--------------------------------------------------------------------------------
[2021-08-08 05:06:03,510] {taskinstance.py:1088} INFO - Starting attempt 1 of 11
[2021-08-08 05:06:03,511] {taskinstance.py:1089} INFO - 
--------------------------------------------------------------------------------
[2021-08-08 05:06:03,529] {taskinstance.py:1107} INFO - Executing <Task(MySqlOperator): standardized_parts> on 2021-08-08T05:00:00+00:00
[2021-08-08 05:06:03,535] {standard_task_runner.py:52} INFO - Started process 6819 to run task
[2021-08-08 05:06:03,544] {standard_task_runner.py:76} INFO - Running: ['***', 'tasks', 'run', 'standardized_pipeline', 'standardized_parts', '2021-08-08T05:00:00+00:00', '--job-id', '104', '--pool', 'default_pool', '--raw', '--subdir', 'DAGS_FOLDER/standardized_pipeline.py', '--cfg-path', '/tmp/tmp343nfzt3', '--error-file', '/tmp/tmpmqywfgsg']
[2021-08-08 05:06:03,545] {standard_task_runner.py:77} INFO - Job 104: Subtask standardized_parts
[2021-08-08 05:06:03,657] {logging_mixin.py:104} INFO - Running <TaskInstance: standardized_pipeline.standardized_parts 2021-08-08T05:00:00+00:00 [running]> on host 75feb3cfb2a6
[2021-08-08 05:06:03,753] {taskinstance.py:1302} INFO - Exporting the following env vars:
AIRFLOW_CTX_DAG_EMAIL=wildangbudhi@gmail.com
AIRFLOW_CTX_DAG_OWNER=***
AIRFLOW_CTX_DAG_ID=standardized_pipeline
AIRFLOW_CTX_TASK_ID=standardized_parts
AIRFLOW_CTX_EXECUTION_DATE=2021-08-08T05:00:00+00:00
AIRFLOW_CTX_DAG_RUN_ID=scheduled__2021-08-08T05:00:00+00:00
[2021-08-08 05:06:03,755] {mysql.py:70} INFO - Executing: INSERT INTO standardized.parts
WITH data_last_5_minutes AS (
	SELECT
        DISTINCT
        CAST(P_PARTKEY AS SIGNED) AS PART_KEY,
        P_NAME AS PART_NAME,
        P_MFGR AS PART_MANUFACTURE_GROUP_NAME,
        P_BRAND AS PART_BRAND_NAME,
        P_TYPE AS PART_TYPE,
        CAST(P_SIZE AS SIGNED) AS PART_SIZE_NUMBER,
        P_CONTAINER AS PART_CONTAINER_TYPE,
        P_RETAILPRICE AS PART_RETAIL_PRICE,
        P_COMMENT AS PART_COMMENT,
        NOW() AS INGESTION_TIMESTAMP
    FROM
        datalake.PART p
    WHERE 
        p.INGESTION_TIMESTAMP >= DATE_SUB(NOW(), INTERVAL 5 MINUTE)
)

SELECT 
	* 
FROM 
	data_last_5_minutes
[2021-08-08 05:06:03,772] {base.py:78} INFO - Using connection to: id: dwh_id. Host: dwh, Port: 3306, Schema: , Login: root, Password: ***, extra: {}
[2021-08-08 05:06:03,805] {dbapi.py:204} INFO - Running statement: INSERT INTO standardized.parts
WITH data_last_5_minutes AS (
	SELECT
        DISTINCT
        CAST(P_PARTKEY AS SIGNED) AS PART_KEY,
        P_NAME AS PART_NAME,
        P_MFGR AS PART_MANUFACTURE_GROUP_NAME,
        P_BRAND AS PART_BRAND_NAME,
        P_TYPE AS PART_TYPE,
        CAST(P_SIZE AS SIGNED) AS PART_SIZE_NUMBER,
        P_CONTAINER AS PART_CONTAINER_TYPE,
        P_RETAILPRICE AS PART_RETAIL_PRICE,
        P_COMMENT AS PART_COMMENT,
        NOW() AS INGESTION_TIMESTAMP
    FROM
        datalake.PART p
    WHERE 
        p.INGESTION_TIMESTAMP >= DATE_SUB(NOW(), INTERVAL 5 MINUTE)
)

SELECT 
	* 
FROM 
	data_last_5_minutes, parameters: None
[2021-08-08 05:06:03,863] {dbapi.py:212} INFO - Rows affected: 2000
[2021-08-08 05:06:03,893] {taskinstance.py:1211} INFO - Marking task as SUCCESS. dag_id=standardized_pipeline, task_id=standardized_parts, execution_date=20210808T050000, start_date=20210808T050603, end_date=20210808T050603
[2021-08-08 05:06:03,964] {taskinstance.py:1265} INFO - 0 downstream tasks scheduled from follow-on schedule check
[2021-08-08 05:06:04,012] {local_task_job.py:149} INFO - Task exited with return code 0
[2021-08-08 05:11:21,058] {taskinstance.py:896} INFO - Dependencies all met for <TaskInstance: standardized_pipeline.standardized_parts 2021-08-08T05:00:00+00:00 [queued]>
[2021-08-08 05:11:21,122] {taskinstance.py:896} INFO - Dependencies all met for <TaskInstance: standardized_pipeline.standardized_parts 2021-08-08T05:00:00+00:00 [queued]>
[2021-08-08 05:11:21,123] {taskinstance.py:1087} INFO - 
--------------------------------------------------------------------------------
[2021-08-08 05:11:21,124] {taskinstance.py:1088} INFO - Starting attempt 1 of 11
[2021-08-08 05:11:21,126] {taskinstance.py:1089} INFO - 
--------------------------------------------------------------------------------
[2021-08-08 05:11:21,149] {taskinstance.py:1107} INFO - Executing <Task(MySqlOperator): standardized_parts> on 2021-08-08T05:00:00+00:00
[2021-08-08 05:11:21,172] {standard_task_runner.py:76} INFO - Running: ['***', 'tasks', 'run', 'standardized_pipeline', 'standardized_parts', '2021-08-08T05:00:00+00:00', '--job-id', '18', '--pool', 'default_pool', '--raw', '--subdir', 'DAGS_FOLDER/standardized_pipeline.py', '--cfg-path', '/tmp/tmpcv71j6qe', '--error-file', '/tmp/tmp_lhu7g_5']
[2021-08-08 05:11:21,174] {standard_task_runner.py:77} INFO - Job 18: Subtask standardized_parts
[2021-08-08 05:11:21,164] {standard_task_runner.py:52} INFO - Started process 315 to run task
[2021-08-08 05:11:21,314] {logging_mixin.py:104} INFO - Running <TaskInstance: standardized_pipeline.standardized_parts 2021-08-08T05:00:00+00:00 [running]> on host dbfb9e13da58
[2021-08-08 05:11:21,540] {taskinstance.py:1302} INFO - Exporting the following env vars:
AIRFLOW_CTX_DAG_EMAIL=wildangbudhi@gmail.com
AIRFLOW_CTX_DAG_OWNER=***
AIRFLOW_CTX_DAG_ID=standardized_pipeline
AIRFLOW_CTX_TASK_ID=standardized_parts
AIRFLOW_CTX_EXECUTION_DATE=2021-08-08T05:00:00+00:00
AIRFLOW_CTX_DAG_RUN_ID=scheduled__2021-08-08T05:00:00+00:00
[2021-08-08 05:11:21,543] {mysql.py:70} INFO - Executing: INSERT INTO standardized.parts
WITH data_last_5_minutes AS (
	SELECT
        DISTINCT
        CAST(P_PARTKEY AS SIGNED) AS PART_KEY,
        P_NAME AS PART_NAME,
        P_MFGR AS PART_MANUFACTURE_GROUP_NAME,
        P_BRAND AS PART_BRAND_NAME,
        P_TYPE AS PART_TYPE,
        CAST(P_SIZE AS SIGNED) AS PART_SIZE_NUMBER,
        P_CONTAINER AS PART_CONTAINER_TYPE,
        P_RETAILPRICE AS PART_RETAIL_PRICE,
        P_COMMENT AS PART_COMMENT,
        NOW() AS INGESTION_TIMESTAMP
    FROM
        datalake.PART p
    WHERE 
        p.INGESTION_TIMESTAMP >= DATE_SUB(NOW(), INTERVAL 5 MINUTE)
)

SELECT 
	* 
FROM 
	data_last_5_minutes
[2021-08-08 05:11:21,558] {base.py:78} INFO - Using connection to: id: dwh_id. Host: dwh, Port: 3306, Schema: , Login: root, Password: ***, extra: {}
[2021-08-08 05:11:21,587] {dbapi.py:204} INFO - Running statement: INSERT INTO standardized.parts
WITH data_last_5_minutes AS (
	SELECT
        DISTINCT
        CAST(P_PARTKEY AS SIGNED) AS PART_KEY,
        P_NAME AS PART_NAME,
        P_MFGR AS PART_MANUFACTURE_GROUP_NAME,
        P_BRAND AS PART_BRAND_NAME,
        P_TYPE AS PART_TYPE,
        CAST(P_SIZE AS SIGNED) AS PART_SIZE_NUMBER,
        P_CONTAINER AS PART_CONTAINER_TYPE,
        P_RETAILPRICE AS PART_RETAIL_PRICE,
        P_COMMENT AS PART_COMMENT,
        NOW() AS INGESTION_TIMESTAMP
    FROM
        datalake.PART p
    WHERE 
        p.INGESTION_TIMESTAMP >= DATE_SUB(NOW(), INTERVAL 5 MINUTE)
)

SELECT 
	* 
FROM 
	data_last_5_minutes, parameters: None
[2021-08-08 05:11:21,818] {dbapi.py:212} INFO - Rows affected: 2000
[2021-08-08 05:11:21,879] {taskinstance.py:1211} INFO - Marking task as SUCCESS. dag_id=standardized_pipeline, task_id=standardized_parts, execution_date=20210808T050000, start_date=20210808T051121, end_date=20210808T051121
[2021-08-08 05:11:21,971] {taskinstance.py:1265} INFO - 0 downstream tasks scheduled from follow-on schedule check
[2021-08-08 05:11:22,020] {local_task_job.py:149} INFO - Task exited with return code 0
