[2021-08-08 07:15:38,928] {taskinstance.py:896} INFO - Dependencies all met for <TaskInstance: standardized_pipeline.standardized_pipeline_start 2021-08-08T05:18:00+00:00 [queued]>
[2021-08-08 07:15:38,941] {taskinstance.py:896} INFO - Dependencies all met for <TaskInstance: standardized_pipeline.standardized_pipeline_start 2021-08-08T05:18:00+00:00 [queued]>
[2021-08-08 07:15:38,942] {taskinstance.py:1087} INFO - 
--------------------------------------------------------------------------------
[2021-08-08 07:15:38,942] {taskinstance.py:1088} INFO - Starting attempt 1 of 11
[2021-08-08 07:15:38,943] {taskinstance.py:1089} INFO - 
--------------------------------------------------------------------------------
[2021-08-08 07:15:38,949] {taskinstance.py:1107} INFO - Executing <Task(ExternalTaskSensor): standardized_pipeline_start> on 2021-08-08T05:18:00+00:00
[2021-08-08 07:15:38,953] {standard_task_runner.py:52} INFO - Started process 228 to run task
[2021-08-08 07:15:38,957] {standard_task_runner.py:76} INFO - Running: ['***', 'tasks', 'run', 'standardized_pipeline', 'standardized_pipeline_start', '2021-08-08T05:18:00+00:00', '--job-id', '3', '--pool', 'default_pool', '--raw', '--subdir', 'DAGS_FOLDER/standardized_pipeline.py', '--cfg-path', '/tmp/tmpg3xf_2wm', '--error-file', '/tmp/tmp4glaod73']
[2021-08-08 07:15:38,958] {standard_task_runner.py:77} INFO - Job 3: Subtask standardized_pipeline_start
[2021-08-08 07:15:38,997] {logging_mixin.py:104} INFO - Running <TaskInstance: standardized_pipeline.standardized_pipeline_start 2021-08-08T05:18:00+00:00 [running]> on host 3678c365a3ae
[2021-08-08 07:15:39,038] {taskinstance.py:1302} INFO - Exporting the following env vars:
AIRFLOW_CTX_DAG_EMAIL=wildangbudhi@gmail.com
AIRFLOW_CTX_DAG_OWNER=***
AIRFLOW_CTX_DAG_ID=standardized_pipeline
AIRFLOW_CTX_TASK_ID=standardized_pipeline_start
AIRFLOW_CTX_EXECUTION_DATE=2021-08-08T05:18:00+00:00
AIRFLOW_CTX_DAG_RUN_ID=scheduled__2021-08-08T05:18:00+00:00
[2021-08-08 07:15:39,039] {external_task.py:152} INFO - Poking for to_datalake_pipeline.to_datalake_pipeline_end on 2021-08-08T05:18:00+00:00 ... 
[2021-08-08 07:15:39,045] {base.py:248} INFO - Success criteria met. Exiting.
[2021-08-08 07:15:39,053] {taskinstance.py:1211} INFO - Marking task as SUCCESS. dag_id=standardized_pipeline, task_id=standardized_pipeline_start, execution_date=20210808T051800, start_date=20210808T071538, end_date=20210808T071539
[2021-08-08 07:15:39,090] {taskinstance.py:1265} INFO - 8 downstream tasks scheduled from follow-on schedule check
[2021-08-08 07:15:39,132] {local_task_job.py:149} INFO - Task exited with return code 0
