[2021-08-08 05:31:02,096] {taskinstance.py:896} INFO - Dependencies all met for <TaskInstance: standardized_pipeline.create_standardized_table_part_suppliers 2021-08-08T05:25:00+00:00 [queued]>
[2021-08-08 05:31:02,131] {taskinstance.py:896} INFO - Dependencies all met for <TaskInstance: standardized_pipeline.create_standardized_table_part_suppliers 2021-08-08T05:25:00+00:00 [queued]>
[2021-08-08 05:31:02,133] {taskinstance.py:1087} INFO - 
--------------------------------------------------------------------------------
[2021-08-08 05:31:02,134] {taskinstance.py:1088} INFO - Starting attempt 1 of 11
[2021-08-08 05:31:02,135] {taskinstance.py:1089} INFO - 
--------------------------------------------------------------------------------
[2021-08-08 05:31:02,149] {taskinstance.py:1107} INFO - Executing <Task(MySqlOperator): create_standardized_table_part_suppliers> on 2021-08-08T05:25:00+00:00
[2021-08-08 05:31:02,154] {standard_task_runner.py:52} INFO - Started process 814 to run task
[2021-08-08 05:31:02,170] {standard_task_runner.py:76} INFO - Running: ['***', 'tasks', 'run', 'standardized_pipeline', 'create_standardized_table_part_suppliers', '2021-08-08T05:25:00+00:00', '--job-id', '69', '--pool', 'default_pool', '--raw', '--subdir', 'DAGS_FOLDER/standardized_pipeline.py', '--cfg-path', '/tmp/tmpzigwtgcz', '--error-file', '/tmp/tmp53678_kr']
[2021-08-08 05:31:02,172] {standard_task_runner.py:77} INFO - Job 69: Subtask create_standardized_table_part_suppliers
[2021-08-08 05:31:02,243] {logging_mixin.py:104} INFO - Running <TaskInstance: standardized_pipeline.create_standardized_table_part_suppliers 2021-08-08T05:25:00+00:00 [running]> on host b48e43d568d5
[2021-08-08 05:31:02,332] {taskinstance.py:1302} INFO - Exporting the following env vars:
AIRFLOW_CTX_DAG_EMAIL=wildangbudhi@gmail.com
AIRFLOW_CTX_DAG_OWNER=***
AIRFLOW_CTX_DAG_ID=standardized_pipeline
AIRFLOW_CTX_TASK_ID=create_standardized_table_part_suppliers
AIRFLOW_CTX_EXECUTION_DATE=2021-08-08T05:25:00+00:00
AIRFLOW_CTX_DAG_RUN_ID=scheduled__2021-08-08T05:25:00+00:00
[2021-08-08 05:31:02,335] {mysql.py:70} INFO - Executing: CREATE TABLE IF NOT EXISTS standardized.part_suppliers (INGESTION_TIMESTAMP TIMESTAMP NOT NULL DEFAULT CURRENT_TIMESTAMP) AS
WITH data_last_5_minutes AS (
	SELECT
        DISTINCT
        CAST(PS_PARTKEY AS SIGNED) AS PART_KEY,
        CAST(PS_SUPPKEY AS SIGNED) AS SUPPLIER_KEY,
        CAST(PS_AVAILQTY AS SIGNED) AS PART_AVAILABILITY_QUANTITY,
        CAST(PS_SUPPLYCOST AS SIGNED) AS PART_SUPPLY_COST, 
        PS_COMMENT AS PART_SUPPLIER_COMMENT,
        NOW() AS INGESTION_TIMESTAMP
    FROM
        datalake.PARTSUPP ps
    WHERE 
        ps.INGESTION_TIMESTAMP >= DATE_SUB(NOW(), INTERVAL 5 MINUTE)
)

SELECT 
	* 
FROM 
	data_last_5_minutes
[2021-08-08 05:31:02,351] {base.py:78} INFO - Using connection to: id: dwh_id. Host: dwh, Port: 3306, Schema: , Login: root, Password: ***, extra: {}
[2021-08-08 05:31:02,363] {dbapi.py:204} INFO - Running statement: CREATE TABLE IF NOT EXISTS standardized.part_suppliers (INGESTION_TIMESTAMP TIMESTAMP NOT NULL DEFAULT CURRENT_TIMESTAMP) AS
WITH data_last_5_minutes AS (
	SELECT
        DISTINCT
        CAST(PS_PARTKEY AS SIGNED) AS PART_KEY,
        CAST(PS_SUPPKEY AS SIGNED) AS SUPPLIER_KEY,
        CAST(PS_AVAILQTY AS SIGNED) AS PART_AVAILABILITY_QUANTITY,
        CAST(PS_SUPPLYCOST AS SIGNED) AS PART_SUPPLY_COST, 
        PS_COMMENT AS PART_SUPPLIER_COMMENT,
        NOW() AS INGESTION_TIMESTAMP
    FROM
        datalake.PARTSUPP ps
    WHERE 
        ps.INGESTION_TIMESTAMP >= DATE_SUB(NOW(), INTERVAL 5 MINUTE)
)

SELECT 
	* 
FROM 
	data_last_5_minutes, parameters: None
[2021-08-08 05:31:02,365] {dbapi.py:212} INFO - Rows affected: 0
[2021-08-08 05:31:02,382] {taskinstance.py:1211} INFO - Marking task as SUCCESS. dag_id=standardized_pipeline, task_id=create_standardized_table_part_suppliers, execution_date=20210808T052500, start_date=20210808T053102, end_date=20210808T053102
[2021-08-08 05:31:02,415] {taskinstance.py:1265} INFO - 1 downstream tasks scheduled from follow-on schedule check
[2021-08-08 05:31:02,462] {local_task_job.py:149} INFO - Task exited with return code 0
[2021-08-08 07:22:06,037] {taskinstance.py:896} INFO - Dependencies all met for <TaskInstance: standardized_pipeline.create_standardized_table_part_suppliers 2021-08-08T05:25:00+00:00 [queued]>
[2021-08-08 07:22:06,072] {taskinstance.py:896} INFO - Dependencies all met for <TaskInstance: standardized_pipeline.create_standardized_table_part_suppliers 2021-08-08T05:25:00+00:00 [queued]>
[2021-08-08 07:22:06,073] {taskinstance.py:1087} INFO - 
--------------------------------------------------------------------------------
[2021-08-08 07:22:06,074] {taskinstance.py:1088} INFO - Starting attempt 1 of 11
[2021-08-08 07:22:06,075] {taskinstance.py:1089} INFO - 
--------------------------------------------------------------------------------
[2021-08-08 07:22:06,085] {taskinstance.py:1107} INFO - Executing <Task(MySqlOperator): create_standardized_table_part_suppliers> on 2021-08-08T05:25:00+00:00
[2021-08-08 07:22:06,089] {standard_task_runner.py:52} INFO - Started process 276 to run task
[2021-08-08 07:22:06,107] {standard_task_runner.py:76} INFO - Running: ['***', 'tasks', 'run', 'standardized_pipeline', 'create_standardized_table_part_suppliers', '2021-08-08T05:25:00+00:00', '--job-id', '9', '--pool', 'default_pool', '--raw', '--subdir', 'DAGS_FOLDER/standardized_pipeline.py', '--cfg-path', '/tmp/tmpkjviatcy', '--error-file', '/tmp/tmp6rp4e82v']
[2021-08-08 07:22:06,108] {standard_task_runner.py:77} INFO - Job 9: Subtask create_standardized_table_part_suppliers
[2021-08-08 07:22:06,209] {logging_mixin.py:104} INFO - Running <TaskInstance: standardized_pipeline.create_standardized_table_part_suppliers 2021-08-08T05:25:00+00:00 [running]> on host af246ab3df74
[2021-08-08 07:22:06,324] {taskinstance.py:1302} INFO - Exporting the following env vars:
AIRFLOW_CTX_DAG_OWNER=***
AIRFLOW_CTX_DAG_ID=standardized_pipeline
AIRFLOW_CTX_TASK_ID=create_standardized_table_part_suppliers
AIRFLOW_CTX_EXECUTION_DATE=2021-08-08T05:25:00+00:00
AIRFLOW_CTX_DAG_RUN_ID=scheduled__2021-08-08T05:25:00+00:00
[2021-08-08 07:22:06,328] {mysql.py:70} INFO - Executing: CREATE TABLE IF NOT EXISTS standardized.part_suppliers (INGESTION_TIMESTAMP TIMESTAMP NOT NULL DEFAULT CURRENT_TIMESTAMP) AS
WITH data_last_5_minutes AS (
	SELECT
        DISTINCT
        CAST(PS_PARTKEY AS SIGNED) AS PART_KEY,
        CAST(PS_SUPPKEY AS SIGNED) AS SUPPLIER_KEY,
        CAST(PS_AVAILQTY AS SIGNED) AS PART_AVAILABILITY_QUANTITY,
        CAST(PS_SUPPLYCOST AS SIGNED) AS PART_SUPPLY_COST, 
        PS_COMMENT AS PART_SUPPLIER_COMMENT,
        NOW() AS INGESTION_TIMESTAMP
    FROM
        datalake.PARTSUPP ps
    WHERE 
        ps.INGESTION_TIMESTAMP >= DATE_SUB(NOW(), INTERVAL 1 HOUR)
)

SELECT 
	* 
FROM 
	data_last_5_minutes
[2021-08-08 07:22:06,346] {base.py:78} INFO - Using connection to: id: dwh_id. Host: dwh, Port: 3306, Schema: , Login: root, Password: ***, extra: {}
[2021-08-08 07:22:06,381] {dbapi.py:204} INFO - Running statement: CREATE TABLE IF NOT EXISTS standardized.part_suppliers (INGESTION_TIMESTAMP TIMESTAMP NOT NULL DEFAULT CURRENT_TIMESTAMP) AS
WITH data_last_5_minutes AS (
	SELECT
        DISTINCT
        CAST(PS_PARTKEY AS SIGNED) AS PART_KEY,
        CAST(PS_SUPPKEY AS SIGNED) AS SUPPLIER_KEY,
        CAST(PS_AVAILQTY AS SIGNED) AS PART_AVAILABILITY_QUANTITY,
        CAST(PS_SUPPLYCOST AS SIGNED) AS PART_SUPPLY_COST, 
        PS_COMMENT AS PART_SUPPLIER_COMMENT,
        NOW() AS INGESTION_TIMESTAMP
    FROM
        datalake.PARTSUPP ps
    WHERE 
        ps.INGESTION_TIMESTAMP >= DATE_SUB(NOW(), INTERVAL 1 HOUR)
)

SELECT 
	* 
FROM 
	data_last_5_minutes, parameters: None
[2021-08-08 07:22:06,840] {dbapi.py:212} INFO - Rows affected: 8000
[2021-08-08 07:22:06,850] {taskinstance.py:1211} INFO - Marking task as SUCCESS. dag_id=standardized_pipeline, task_id=create_standardized_table_part_suppliers, execution_date=20210808T052500, start_date=20210808T072206, end_date=20210808T072206
[2021-08-08 07:22:06,874] {taskinstance.py:1265} INFO - 1 downstream tasks scheduled from follow-on schedule check
[2021-08-08 07:22:06,923] {local_task_job.py:149} INFO - Task exited with return code 0
