[2021-08-07 14:30:00,769] {taskinstance.py:896} INFO - Dependencies all met for <TaskInstance: to_datalake_pipeline.extract_from_git 2021-08-07T14:25:00+00:00 [queued]>
[2021-08-07 14:30:00,783] {taskinstance.py:896} INFO - Dependencies all met for <TaskInstance: to_datalake_pipeline.extract_from_git 2021-08-07T14:25:00+00:00 [queued]>
[2021-08-07 14:30:00,784] {taskinstance.py:1087} INFO - 
--------------------------------------------------------------------------------
[2021-08-07 14:30:00,784] {taskinstance.py:1088} INFO - Starting attempt 1 of 1
[2021-08-07 14:30:00,785] {taskinstance.py:1089} INFO - 
--------------------------------------------------------------------------------
[2021-08-07 14:30:00,792] {taskinstance.py:1107} INFO - Executing <Task(PythonOperator): extract_from_git> on 2021-08-07T14:25:00+00:00
[2021-08-07 14:30:00,796] {standard_task_runner.py:52} INFO - Started process 5525 to run task
[2021-08-07 14:30:00,800] {standard_task_runner.py:76} INFO - Running: ['***', 'tasks', 'run', 'to_datalake_pipeline', 'extract_from_git', '2021-08-07T14:25:00+00:00', '--job-id', '107', '--pool', 'default_pool', '--raw', '--subdir', 'DAGS_FOLDER/to_datalake_pipeline.py', '--cfg-path', '/tmp/tmplil3k9u8', '--error-file', '/tmp/tmpg9r1k8y4']
[2021-08-07 14:30:00,801] {standard_task_runner.py:77} INFO - Job 107: Subtask extract_from_git
[2021-08-07 14:30:00,846] {logging_mixin.py:104} INFO - Running <TaskInstance: to_datalake_pipeline.extract_from_git 2021-08-07T14:25:00+00:00 [running]> on host ab70d6dafbc6
[2021-08-07 14:30:00,892] {taskinstance.py:1302} INFO - Exporting the following env vars:
AIRFLOW_CTX_DAG_OWNER=***
AIRFLOW_CTX_DAG_ID=to_datalake_pipeline
AIRFLOW_CTX_TASK_ID=extract_from_git
AIRFLOW_CTX_EXECUTION_DATE=2021-08-07T14:25:00+00:00
AIRFLOW_CTX_DAG_RUN_ID=scheduled__2021-08-07T14:25:00+00:00
[2021-08-07 14:30:00,893] {logging_mixin.py:104} INFO - Downloading data from -> https://raw.githubusercontent.com/rezaprimasatya/DTO-DE-JUN-MID/main/data.zip
[2021-08-07 14:30:12,859] {logging_mixin.py:104} INFO - Unzipping Data
[2021-08-07 14:30:12,951] {logging_mixin.py:104} INFO - Transform Data to Pandas Dataframe
[2021-08-07 14:30:13,165] {logging_mixin.py:104} INFO - Load data to datalake
[2021-08-07 14:30:13,205] {logging_mixin.py:104} INFO - Load table : REGION
[2021-08-07 14:30:13,246] {logging_mixin.py:104} INFO - Load table : NATION
[2021-08-07 14:30:13,261] {logging_mixin.py:104} INFO - Load table : PART
[2021-08-07 14:30:13,362] {logging_mixin.py:104} INFO - Load table : SUPPLIER
[2021-08-07 14:30:13,380] {logging_mixin.py:104} INFO - Load table : PARTSUPP
[2021-08-07 14:30:13,730] {logging_mixin.py:104} INFO - Load table : CUSTOMER
[2021-08-07 14:30:13,839] {logging_mixin.py:104} INFO - Load table : ORDERS
[2021-08-07 14:30:14,419] {logging_mixin.py:104} INFO - Load table : LINEITEM
[2021-08-07 14:30:17,858] {python.py:151} INFO - Done. Returned value was: None
[2021-08-07 14:30:17,869] {taskinstance.py:1211} INFO - Marking task as SUCCESS. dag_id=to_datalake_pipeline, task_id=extract_from_git, execution_date=20210807T142500, start_date=20210807T143000, end_date=20210807T143017
[2021-08-07 14:30:17,890] {taskinstance.py:1265} INFO - 0 downstream tasks scheduled from follow-on schedule check
[2021-08-07 14:30:17,958] {local_task_job.py:149} INFO - Task exited with return code 0
