[2021-08-07 08:15:01,188] {taskinstance.py:896} INFO - Dependencies all met for <TaskInstance: to_datalake_pipeline.extract_from_git 2021-08-07T08:10:00+00:00 [queued]>
[2021-08-07 08:15:01,203] {taskinstance.py:896} INFO - Dependencies all met for <TaskInstance: to_datalake_pipeline.extract_from_git 2021-08-07T08:10:00+00:00 [queued]>
[2021-08-07 08:15:01,204] {taskinstance.py:1087} INFO - 
--------------------------------------------------------------------------------
[2021-08-07 08:15:01,205] {taskinstance.py:1088} INFO - Starting attempt 1 of 1
[2021-08-07 08:15:01,205] {taskinstance.py:1089} INFO - 
--------------------------------------------------------------------------------
[2021-08-07 08:15:01,213] {taskinstance.py:1107} INFO - Executing <Task(PythonOperator): extract_from_git> on 2021-08-07T08:10:00+00:00
[2021-08-07 08:15:01,217] {standard_task_runner.py:52} INFO - Started process 4142 to run task
[2021-08-07 08:15:01,221] {standard_task_runner.py:76} INFO - Running: ['***', 'tasks', 'run', 'to_datalake_pipeline', 'extract_from_git', '2021-08-07T08:10:00+00:00', '--job-id', '11', '--pool', 'default_pool', '--raw', '--subdir', 'DAGS_FOLDER/to_datalake_pipeline.py', '--cfg-path', '/tmp/tmphc_10nx9', '--error-file', '/tmp/tmp0xtxbk1p']
[2021-08-07 08:15:01,222] {standard_task_runner.py:77} INFO - Job 11: Subtask extract_from_git
[2021-08-07 08:15:01,264] {logging_mixin.py:104} INFO - Running <TaskInstance: to_datalake_pipeline.extract_from_git 2021-08-07T08:10:00+00:00 [running]> on host 0af53fa45088
[2021-08-07 08:15:01,310] {taskinstance.py:1302} INFO - Exporting the following env vars:
AIRFLOW_CTX_DAG_OWNER=***
AIRFLOW_CTX_DAG_ID=to_datalake_pipeline
AIRFLOW_CTX_TASK_ID=extract_from_git
AIRFLOW_CTX_EXECUTION_DATE=2021-08-07T08:10:00+00:00
AIRFLOW_CTX_DAG_RUN_ID=scheduled__2021-08-07T08:10:00+00:00
[2021-08-07 08:15:01,311] {logging_mixin.py:104} INFO - Downloading data from -> https://raw.githubusercontent.com/rezaprimasatya/DTO-DE-JUN-MID/main/data.zip
[2021-08-07 08:15:02,156] {logging_mixin.py:104} INFO - Unzipping Data
[2021-08-07 08:15:02,241] {logging_mixin.py:104} INFO - Transform Data to Pandas Dataframe
[2021-08-07 08:15:02,479] {logging_mixin.py:104} INFO - Load data to datalake
[2021-08-07 08:15:02,493] {logging_mixin.py:104} INFO - Load table : REGION
[2021-08-07 08:15:02,532] {logging_mixin.py:104} INFO - Load table : NATION
[2021-08-07 08:15:02,547] {logging_mixin.py:104} INFO - Load table : PART
[2021-08-07 08:15:02,645] {logging_mixin.py:104} INFO - Load table : SUPPLIER
[2021-08-07 08:15:02,667] {logging_mixin.py:104} INFO - Load table : PARTSUPP
[2021-08-07 08:15:02,986] {logging_mixin.py:104} INFO - Load table : CUSTOMER
[2021-08-07 08:15:03,054] {logging_mixin.py:104} INFO - Load table : ORDERS
[2021-08-07 08:15:03,683] {logging_mixin.py:104} INFO - Load table : LINEITEM
[2021-08-07 08:15:07,402] {python.py:151} INFO - Done. Returned value was: None
[2021-08-07 08:15:07,411] {taskinstance.py:1211} INFO - Marking task as SUCCESS. dag_id=to_datalake_pipeline, task_id=extract_from_git, execution_date=20210807T081000, start_date=20210807T081501, end_date=20210807T081507
[2021-08-07 08:15:07,432] {taskinstance.py:1265} INFO - 0 downstream tasks scheduled from follow-on schedule check
[2021-08-07 08:15:07,472] {local_task_job.py:149} INFO - Task exited with return code 0
