[2021-08-08 06:06:02,114] {taskinstance.py:896} INFO - Dependencies all met for <TaskInstance: standardized_pipeline.create_standardized_table_regions 2021-08-08T06:00:00+00:00 [queued]>
[2021-08-08 06:06:02,164] {taskinstance.py:896} INFO - Dependencies all met for <TaskInstance: standardized_pipeline.create_standardized_table_regions 2021-08-08T06:00:00+00:00 [queued]>
[2021-08-08 06:06:02,165] {taskinstance.py:1087} INFO - 
--------------------------------------------------------------------------------
[2021-08-08 06:06:02,169] {taskinstance.py:1088} INFO - Starting attempt 1 of 11
[2021-08-08 06:06:02,173] {taskinstance.py:1089} INFO - 
--------------------------------------------------------------------------------
[2021-08-08 06:06:02,184] {taskinstance.py:1107} INFO - Executing <Task(MySqlOperator): create_standardized_table_regions> on 2021-08-08T06:00:00+00:00
[2021-08-08 06:06:02,192] {standard_task_runner.py:52} INFO - Started process 4297 to run task
[2021-08-08 06:06:02,205] {standard_task_runner.py:76} INFO - Running: ['***', 'tasks', 'run', 'standardized_pipeline', 'create_standardized_table_regions', '2021-08-08T06:00:00+00:00', '--job-id', '273', '--pool', 'default_pool', '--raw', '--subdir', 'DAGS_FOLDER/standardized_pipeline.py', '--cfg-path', '/tmp/tmppj200yg7', '--error-file', '/tmp/tmp5px7avfl']
[2021-08-08 06:06:02,206] {standard_task_runner.py:77} INFO - Job 273: Subtask create_standardized_table_regions
[2021-08-08 06:06:02,312] {logging_mixin.py:104} INFO - Running <TaskInstance: standardized_pipeline.create_standardized_table_regions 2021-08-08T06:00:00+00:00 [running]> on host b48e43d568d5
[2021-08-08 06:06:02,422] {taskinstance.py:1302} INFO - Exporting the following env vars:
AIRFLOW_CTX_DAG_EMAIL=wildangbudhi@gmail.com
AIRFLOW_CTX_DAG_OWNER=***
AIRFLOW_CTX_DAG_ID=standardized_pipeline
AIRFLOW_CTX_TASK_ID=create_standardized_table_regions
AIRFLOW_CTX_EXECUTION_DATE=2021-08-08T06:00:00+00:00
AIRFLOW_CTX_DAG_RUN_ID=scheduled__2021-08-08T06:00:00+00:00
[2021-08-08 06:06:02,423] {mysql.py:70} INFO - Executing: CREATE TABLE IF NOT EXISTS standardized.regions (INGESTION_TIMESTAMP TIMESTAMP NOT NULL DEFAULT CURRENT_TIMESTAMP) AS
WITH data_last_5_minutes AS (
	SELECT
		DISTINCT 
		CAST(R_REGIONKEY AS SIGNED) AS REGION_KEY,
		R_NAME AS REGION_NAME,
		R_COMMENT AS REGION_COMMENT,
		NOW() AS INGESTION_TIMESTAMP
	FROM
		datalake.REGION r
	WHERE 
		r.INGESTION_TIMESTAMP >= DATE_SUB(NOW(), INTERVAL 5 MINUTE)
)

SELECT 
	* 
FROM 
	data_last_5_minutes
[2021-08-08 06:06:02,438] {base.py:78} INFO - Using connection to: id: dwh_id. Host: dwh, Port: 3306, Schema: , Login: root, Password: ***, extra: {}
[2021-08-08 06:06:02,453] {dbapi.py:204} INFO - Running statement: CREATE TABLE IF NOT EXISTS standardized.regions (INGESTION_TIMESTAMP TIMESTAMP NOT NULL DEFAULT CURRENT_TIMESTAMP) AS
WITH data_last_5_minutes AS (
	SELECT
		DISTINCT 
		CAST(R_REGIONKEY AS SIGNED) AS REGION_KEY,
		R_NAME AS REGION_NAME,
		R_COMMENT AS REGION_COMMENT,
		NOW() AS INGESTION_TIMESTAMP
	FROM
		datalake.REGION r
	WHERE 
		r.INGESTION_TIMESTAMP >= DATE_SUB(NOW(), INTERVAL 5 MINUTE)
)

SELECT 
	* 
FROM 
	data_last_5_minutes, parameters: None
[2021-08-08 06:06:02,455] {dbapi.py:212} INFO - Rows affected: 0
[2021-08-08 06:06:02,474] {taskinstance.py:1211} INFO - Marking task as SUCCESS. dag_id=standardized_pipeline, task_id=create_standardized_table_regions, execution_date=20210808T060000, start_date=20210808T060602, end_date=20210808T060602
[2021-08-08 06:06:02,535] {taskinstance.py:1265} INFO - 1 downstream tasks scheduled from follow-on schedule check
[2021-08-08 06:06:02,589] {local_task_job.py:149} INFO - Task exited with return code 0
[2021-08-08 07:33:16,867] {taskinstance.py:896} INFO - Dependencies all met for <TaskInstance: standardized_pipeline.create_standardized_table_regions 2021-08-08T06:00:00+00:00 [queued]>
[2021-08-08 07:33:16,887] {taskinstance.py:896} INFO - Dependencies all met for <TaskInstance: standardized_pipeline.create_standardized_table_regions 2021-08-08T06:00:00+00:00 [queued]>
[2021-08-08 07:33:16,887] {taskinstance.py:1087} INFO - 
--------------------------------------------------------------------------------
[2021-08-08 07:33:16,888] {taskinstance.py:1088} INFO - Starting attempt 1 of 11
[2021-08-08 07:33:16,888] {taskinstance.py:1089} INFO - 
--------------------------------------------------------------------------------
[2021-08-08 07:33:16,897] {taskinstance.py:1107} INFO - Executing <Task(MySqlOperator): create_standardized_table_regions> on 2021-08-08T06:00:00+00:00
[2021-08-08 07:33:16,902] {standard_task_runner.py:52} INFO - Started process 338 to run task
[2021-08-08 07:33:16,911] {standard_task_runner.py:76} INFO - Running: ['***', 'tasks', 'run', 'standardized_pipeline', 'create_standardized_table_regions', '2021-08-08T06:00:00+00:00', '--job-id', '4', '--pool', 'default_pool', '--raw', '--subdir', 'DAGS_FOLDER/standardized_pipeline.py', '--cfg-path', '/tmp/tmpep6uw615', '--error-file', '/tmp/tmp73tuaqcq']
[2021-08-08 07:33:16,913] {standard_task_runner.py:77} INFO - Job 4: Subtask create_standardized_table_regions
[2021-08-08 07:33:16,982] {logging_mixin.py:104} INFO - Running <TaskInstance: standardized_pipeline.create_standardized_table_regions 2021-08-08T06:00:00+00:00 [running]> on host d501b83ad3fd
[2021-08-08 07:33:17,077] {taskinstance.py:1302} INFO - Exporting the following env vars:
AIRFLOW_CTX_DAG_OWNER=***
AIRFLOW_CTX_DAG_ID=standardized_pipeline
AIRFLOW_CTX_TASK_ID=create_standardized_table_regions
AIRFLOW_CTX_EXECUTION_DATE=2021-08-08T06:00:00+00:00
AIRFLOW_CTX_DAG_RUN_ID=scheduled__2021-08-08T06:00:00+00:00
[2021-08-08 07:33:17,080] {mysql.py:70} INFO - Executing: CREATE TABLE IF NOT EXISTS standardized.regions (INGESTION_TIMESTAMP TIMESTAMP NOT NULL DEFAULT CURRENT_TIMESTAMP) AS
WITH data_last_5_minutes AS (
	SELECT
		DISTINCT 
		CAST(R_REGIONKEY AS SIGNED) AS REGION_KEY,
		R_NAME AS REGION_NAME,
		R_COMMENT AS REGION_COMMENT,
		NOW() AS INGESTION_TIMESTAMP
	FROM
		datalake.REGION r
	WHERE 
		r.INGESTION_TIMESTAMP >= DATE_SUB(NOW(), INTERVAL 1 HOUR)
)

SELECT 
	* 
FROM 
	data_last_5_minutes
[2021-08-08 07:33:17,095] {base.py:78} INFO - Using connection to: id: dwh_id. Host: dwh, Port: 3306, Schema: , Login: root, Password: ***, extra: {}
[2021-08-08 07:33:17,108] {dbapi.py:204} INFO - Running statement: CREATE TABLE IF NOT EXISTS standardized.regions (INGESTION_TIMESTAMP TIMESTAMP NOT NULL DEFAULT CURRENT_TIMESTAMP) AS
WITH data_last_5_minutes AS (
	SELECT
		DISTINCT 
		CAST(R_REGIONKEY AS SIGNED) AS REGION_KEY,
		R_NAME AS REGION_NAME,
		R_COMMENT AS REGION_COMMENT,
		NOW() AS INGESTION_TIMESTAMP
	FROM
		datalake.REGION r
	WHERE 
		r.INGESTION_TIMESTAMP >= DATE_SUB(NOW(), INTERVAL 1 HOUR)
)

SELECT 
	* 
FROM 
	data_last_5_minutes, parameters: None
[2021-08-08 07:33:17,130] {dbapi.py:212} INFO - Rows affected: 5
[2021-08-08 07:33:17,156] {taskinstance.py:1211} INFO - Marking task as SUCCESS. dag_id=standardized_pipeline, task_id=create_standardized_table_regions, execution_date=20210808T060000, start_date=20210808T073316, end_date=20210808T073317
[2021-08-08 07:33:17,217] {taskinstance.py:1265} INFO - 1 downstream tasks scheduled from follow-on schedule check
[2021-08-08 07:33:17,249] {local_task_job.py:149} INFO - Task exited with return code 0
[2021-08-08 07:47:08,441] {taskinstance.py:896} INFO - Dependencies all met for <TaskInstance: standardized_pipeline.create_standardized_table_regions 2021-08-08T06:00:00+00:00 [queued]>
[2021-08-08 07:47:08,455] {taskinstance.py:896} INFO - Dependencies all met for <TaskInstance: standardized_pipeline.create_standardized_table_regions 2021-08-08T06:00:00+00:00 [queued]>
[2021-08-08 07:47:08,457] {taskinstance.py:1087} INFO - 
--------------------------------------------------------------------------------
[2021-08-08 07:47:08,458] {taskinstance.py:1088} INFO - Starting attempt 1 of 11
[2021-08-08 07:47:08,458] {taskinstance.py:1089} INFO - 
--------------------------------------------------------------------------------
[2021-08-08 07:47:08,479] {taskinstance.py:1107} INFO - Executing <Task(MySqlOperator): create_standardized_table_regions> on 2021-08-08T06:00:00+00:00
[2021-08-08 07:47:08,484] {standard_task_runner.py:52} INFO - Started process 393 to run task
[2021-08-08 07:47:08,496] {standard_task_runner.py:76} INFO - Running: ['***', 'tasks', 'run', 'standardized_pipeline', 'create_standardized_table_regions', '2021-08-08T06:00:00+00:00', '--job-id', '6', '--pool', 'default_pool', '--raw', '--subdir', 'DAGS_FOLDER/standardized_pipeline.py', '--cfg-path', '/tmp/tmpppwolq9d', '--error-file', '/tmp/tmppttjp4m3']
[2021-08-08 07:47:08,497] {standard_task_runner.py:77} INFO - Job 6: Subtask create_standardized_table_regions
[2021-08-08 07:47:08,607] {logging_mixin.py:104} INFO - Running <TaskInstance: standardized_pipeline.create_standardized_table_regions 2021-08-08T06:00:00+00:00 [running]> on host 0540c8fa99d2
[2021-08-08 07:47:08,710] {taskinstance.py:1302} INFO - Exporting the following env vars:
AIRFLOW_CTX_DAG_OWNER=***
AIRFLOW_CTX_DAG_ID=standardized_pipeline
AIRFLOW_CTX_TASK_ID=create_standardized_table_regions
AIRFLOW_CTX_EXECUTION_DATE=2021-08-08T06:00:00+00:00
AIRFLOW_CTX_DAG_RUN_ID=scheduled__2021-08-08T06:00:00+00:00
[2021-08-08 07:47:08,711] {mysql.py:70} INFO - Executing: CREATE TABLE IF NOT EXISTS standardized.regions (INGESTION_TIMESTAMP TIMESTAMP NOT NULL DEFAULT CURRENT_TIMESTAMP) AS
WITH data_last_5_minutes AS (
	SELECT
		DISTINCT 
		CAST(R_REGIONKEY AS SIGNED) AS REGION_KEY,
		R_NAME AS REGION_NAME,
		R_COMMENT AS REGION_COMMENT,
		NOW() AS INGESTION_TIMESTAMP
	FROM
		datalake.REGION r
	WHERE 
		r.INGESTION_TIMESTAMP >= DATE_SUB(NOW(), INTERVAL 1 HOUR)
)

SELECT 
	* 
FROM 
	data_last_5_minutes
LIMIT 0
[2021-08-08 07:47:08,727] {base.py:78} INFO - Using connection to: id: dwh_id. Host: dwh, Port: 3306, Schema: , Login: root, Password: ***, extra: {}
[2021-08-08 07:47:08,739] {dbapi.py:204} INFO - Running statement: CREATE TABLE IF NOT EXISTS standardized.regions (INGESTION_TIMESTAMP TIMESTAMP NOT NULL DEFAULT CURRENT_TIMESTAMP) AS
WITH data_last_5_minutes AS (
	SELECT
		DISTINCT 
		CAST(R_REGIONKEY AS SIGNED) AS REGION_KEY,
		R_NAME AS REGION_NAME,
		R_COMMENT AS REGION_COMMENT,
		NOW() AS INGESTION_TIMESTAMP
	FROM
		datalake.REGION r
	WHERE 
		r.INGESTION_TIMESTAMP >= DATE_SUB(NOW(), INTERVAL 1 HOUR)
)

SELECT 
	* 
FROM 
	data_last_5_minutes
LIMIT 0, parameters: None
[2021-08-08 07:47:08,771] {dbapi.py:212} INFO - Rows affected: 0
[2021-08-08 07:47:08,791] {taskinstance.py:1211} INFO - Marking task as SUCCESS. dag_id=standardized_pipeline, task_id=create_standardized_table_regions, execution_date=20210808T060000, start_date=20210808T074708, end_date=20210808T074708
[2021-08-08 07:47:08,837] {taskinstance.py:1265} INFO - 1 downstream tasks scheduled from follow-on schedule check
[2021-08-08 07:47:08,867] {local_task_job.py:149} INFO - Task exited with return code 0
