[2021-08-08 05:25:11,248] {taskinstance.py:896} INFO - Dependencies all met for <TaskInstance: standardized_pipeline.standardized_pipeline_start 2021-08-08T05:20:00+00:00 [queued]>
[2021-08-08 05:25:11,268] {taskinstance.py:896} INFO - Dependencies all met for <TaskInstance: standardized_pipeline.standardized_pipeline_start 2021-08-08T05:20:00+00:00 [queued]>
[2021-08-08 05:25:11,269] {taskinstance.py:1087} INFO - 
--------------------------------------------------------------------------------
[2021-08-08 05:25:11,269] {taskinstance.py:1088} INFO - Starting attempt 1 of 11
[2021-08-08 05:25:11,271] {taskinstance.py:1089} INFO - 
--------------------------------------------------------------------------------
[2021-08-08 05:25:11,282] {taskinstance.py:1107} INFO - Executing <Task(ExternalTaskSensor): standardized_pipeline_start> on 2021-08-08T05:20:00+00:00
[2021-08-08 05:25:11,287] {standard_task_runner.py:52} INFO - Started process 179 to run task
[2021-08-08 05:25:11,294] {standard_task_runner.py:76} INFO - Running: ['***', 'tasks', 'run', 'standardized_pipeline', 'standardized_pipeline_start', '2021-08-08T05:20:00+00:00', '--job-id', '3', '--pool', 'default_pool', '--raw', '--subdir', 'DAGS_FOLDER/standardized_pipeline.py', '--cfg-path', '/tmp/tmpuo7perxj', '--error-file', '/tmp/tmpodnsbx18']
[2021-08-08 05:25:11,295] {standard_task_runner.py:77} INFO - Job 3: Subtask standardized_pipeline_start
[2021-08-08 05:25:11,384] {logging_mixin.py:104} INFO - Running <TaskInstance: standardized_pipeline.standardized_pipeline_start 2021-08-08T05:20:00+00:00 [running]> on host b48e43d568d5
[2021-08-08 05:25:11,484] {taskinstance.py:1302} INFO - Exporting the following env vars:
AIRFLOW_CTX_DAG_EMAIL=wildangbudhi@gmail.com
AIRFLOW_CTX_DAG_OWNER=***
AIRFLOW_CTX_DAG_ID=standardized_pipeline
AIRFLOW_CTX_TASK_ID=standardized_pipeline_start
AIRFLOW_CTX_EXECUTION_DATE=2021-08-08T05:20:00+00:00
AIRFLOW_CTX_DAG_RUN_ID=scheduled__2021-08-08T05:20:00+00:00
[2021-08-08 05:25:11,488] {external_task.py:152} INFO - Poking for to_datalake_pipeline.to_datalake_pipeline_end on 2021-08-08T05:20:00+00:00 ... 
[2021-08-08 05:26:11,499] {external_task.py:152} INFO - Poking for to_datalake_pipeline.to_datalake_pipeline_end on 2021-08-08T05:20:00+00:00 ... 
[2021-08-08 05:26:11,516] {base.py:248} INFO - Success criteria met. Exiting.
[2021-08-08 05:26:11,528] {taskinstance.py:1211} INFO - Marking task as SUCCESS. dag_id=standardized_pipeline, task_id=standardized_pipeline_start, execution_date=20210808T052000, start_date=20210808T052511, end_date=20210808T052611
[2021-08-08 05:26:11,601] {taskinstance.py:1265} INFO - 8 downstream tasks scheduled from follow-on schedule check
[2021-08-08 05:26:11,617] {local_task_job.py:149} INFO - Task exited with return code 0
