[2021-08-08 02:21:15,010] {taskinstance.py:896} INFO - Dependencies all met for <TaskInstance: to_datalake_pipeline.extract_from_git 2021-08-08T02:15:00+00:00 [queued]>
[2021-08-08 02:21:15,044] {taskinstance.py:896} INFO - Dependencies all met for <TaskInstance: to_datalake_pipeline.extract_from_git 2021-08-08T02:15:00+00:00 [queued]>
[2021-08-08 02:21:15,046] {taskinstance.py:1087} INFO - 
--------------------------------------------------------------------------------
[2021-08-08 02:21:15,048] {taskinstance.py:1088} INFO - Starting attempt 1 of 1
[2021-08-08 02:21:15,049] {taskinstance.py:1089} INFO - 
--------------------------------------------------------------------------------
[2021-08-08 02:21:15,065] {taskinstance.py:1107} INFO - Executing <Task(PythonOperator): extract_from_git> on 2021-08-08T02:15:00+00:00
[2021-08-08 02:21:15,074] {standard_task_runner.py:52} INFO - Started process 988 to run task
[2021-08-08 02:21:15,082] {standard_task_runner.py:76} INFO - Running: ['***', 'tasks', 'run', 'to_datalake_pipeline', 'extract_from_git', '2021-08-08T02:15:00+00:00', '--job-id', '52', '--pool', 'default_pool', '--raw', '--subdir', 'DAGS_FOLDER/to_datalake_pipeline.py', '--cfg-path', '/tmp/tmp4eqn6_jg', '--error-file', '/tmp/tmpxch3h_ms']
[2021-08-08 02:21:15,084] {standard_task_runner.py:77} INFO - Job 52: Subtask extract_from_git
[2021-08-08 02:21:15,175] {logging_mixin.py:104} INFO - Running <TaskInstance: to_datalake_pipeline.extract_from_git 2021-08-08T02:15:00+00:00 [running]> on host d995c427c378
[2021-08-08 02:21:15,279] {taskinstance.py:1302} INFO - Exporting the following env vars:
AIRFLOW_CTX_DAG_OWNER=***
AIRFLOW_CTX_DAG_ID=to_datalake_pipeline
AIRFLOW_CTX_TASK_ID=extract_from_git
AIRFLOW_CTX_EXECUTION_DATE=2021-08-08T02:15:00+00:00
AIRFLOW_CTX_DAG_RUN_ID=scheduled__2021-08-08T02:15:00+00:00
[2021-08-08 02:21:15,281] {logging_mixin.py:104} INFO - Downloading data from -> https://raw.githubusercontent.com/rezaprimasatya/DTO-DE-JUN-MID/main/data.zip
[2021-08-08 02:21:24,119] {logging_mixin.py:104} INFO - Unzipping Data
[2021-08-08 02:21:24,264] {logging_mixin.py:104} INFO - Transform Data to Pandas Dataframe
[2021-08-08 02:21:24,697] {logging_mixin.py:104} INFO - Load data to datalake
[2021-08-08 02:21:24,797] {logging_mixin.py:104} INFO - Load table : REGION
[2021-08-08 02:21:24,889] {logging_mixin.py:104} INFO - Load table : NATION
[2021-08-08 02:21:24,927] {logging_mixin.py:104} INFO - Load table : PART
[2021-08-08 02:21:25,145] {logging_mixin.py:104} INFO - Load table : SUPPLIER
[2021-08-08 02:21:25,198] {logging_mixin.py:104} INFO - Load table : PARTSUPP
[2021-08-08 02:21:26,024] {logging_mixin.py:104} INFO - Load table : CUSTOMER
[2021-08-08 02:21:26,175] {logging_mixin.py:104} INFO - Load table : ORDERS
[2021-08-08 02:21:27,392] {logging_mixin.py:104} INFO - Load table : LINEITEM
[2021-08-08 02:21:36,272] {python.py:151} INFO - Done. Returned value was: None
[2021-08-08 02:21:36,299] {taskinstance.py:1211} INFO - Marking task as SUCCESS. dag_id=to_datalake_pipeline, task_id=extract_from_git, execution_date=20210808T021500, start_date=20210808T022115, end_date=20210808T022136
[2021-08-08 02:21:36,353] {taskinstance.py:1265} INFO - 0 downstream tasks scheduled from follow-on schedule check
[2021-08-08 02:21:36,444] {local_task_job.py:149} INFO - Task exited with return code 0
