[2021-08-07 09:22:14,109] {taskinstance.py:896} INFO - Dependencies all met for <TaskInstance: to_datalake_pipeline.extract_from_git 2021-08-07T09:15:00+00:00 [queued]>
[2021-08-07 09:22:14,132] {taskinstance.py:896} INFO - Dependencies all met for <TaskInstance: to_datalake_pipeline.extract_from_git 2021-08-07T09:15:00+00:00 [queued]>
[2021-08-07 09:22:14,133] {taskinstance.py:1087} INFO - 
--------------------------------------------------------------------------------
[2021-08-07 09:22:14,134] {taskinstance.py:1088} INFO - Starting attempt 1 of 1
[2021-08-07 09:22:14,135] {taskinstance.py:1089} INFO - 
--------------------------------------------------------------------------------
[2021-08-07 09:22:14,144] {taskinstance.py:1107} INFO - Executing <Task(PythonOperator): extract_from_git> on 2021-08-07T09:15:00+00:00
[2021-08-07 09:22:14,149] {standard_task_runner.py:52} INFO - Started process 149 to run task
[2021-08-07 09:22:14,153] {standard_task_runner.py:76} INFO - Running: ['***', 'tasks', 'run', 'to_datalake_pipeline', 'extract_from_git', '2021-08-07T09:15:00+00:00', '--job-id', '2', '--pool', 'default_pool', '--raw', '--subdir', 'DAGS_FOLDER/to_datalake_pipeline.py', '--cfg-path', '/tmp/tmp_6_y6v9k', '--error-file', '/tmp/tmp64ikza3v']
[2021-08-07 09:22:14,154] {standard_task_runner.py:77} INFO - Job 2: Subtask extract_from_git
[2021-08-07 09:22:14,203] {logging_mixin.py:104} INFO - Running <TaskInstance: to_datalake_pipeline.extract_from_git 2021-08-07T09:15:00+00:00 [running]> on host f7dcf767eff5
[2021-08-07 09:22:14,258] {taskinstance.py:1302} INFO - Exporting the following env vars:
AIRFLOW_CTX_DAG_OWNER=***
AIRFLOW_CTX_DAG_ID=to_datalake_pipeline
AIRFLOW_CTX_TASK_ID=extract_from_git
AIRFLOW_CTX_EXECUTION_DATE=2021-08-07T09:15:00+00:00
AIRFLOW_CTX_DAG_RUN_ID=scheduled__2021-08-07T09:15:00+00:00
[2021-08-07 09:22:14,259] {logging_mixin.py:104} INFO - Downloading data from -> https://raw.githubusercontent.com/rezaprimasatya/DTO-DE-JUN-MID/main/data.zip
[2021-08-07 09:22:15,067] {logging_mixin.py:104} INFO - Unzipping Data
[2021-08-07 09:22:15,199] {logging_mixin.py:104} INFO - Transform Data to Pandas Dataframe
[2021-08-07 09:22:15,435] {logging_mixin.py:104} INFO - Load data to datalake
[2021-08-07 09:22:15,446] {logging_mixin.py:104} INFO - Pipeline Error-> 'Variable DWH_USER does not exist'
[2021-08-07 09:22:15,455] {python.py:151} INFO - Done. Returned value was: None
[2021-08-07 09:22:15,468] {taskinstance.py:1211} INFO - Marking task as SUCCESS. dag_id=to_datalake_pipeline, task_id=extract_from_git, execution_date=20210807T091500, start_date=20210807T092214, end_date=20210807T092215
[2021-08-07 09:22:15,497] {taskinstance.py:1265} INFO - 0 downstream tasks scheduled from follow-on schedule check
[2021-08-07 09:22:15,536] {local_task_job.py:149} INFO - Task exited with return code 0
