[2021-08-08 05:31:02,937] {taskinstance.py:896} INFO - Dependencies all met for <TaskInstance: standardized_pipeline.standardized_regions 2021-08-08T05:25:00+00:00 [queued]>
[2021-08-08 05:31:02,976] {taskinstance.py:896} INFO - Dependencies all met for <TaskInstance: standardized_pipeline.standardized_regions 2021-08-08T05:25:00+00:00 [queued]>
[2021-08-08 05:31:02,977] {taskinstance.py:1087} INFO - 
--------------------------------------------------------------------------------
[2021-08-08 05:31:02,979] {taskinstance.py:1088} INFO - Starting attempt 1 of 11
[2021-08-08 05:31:02,979] {taskinstance.py:1089} INFO - 
--------------------------------------------------------------------------------
[2021-08-08 05:31:02,990] {taskinstance.py:1107} INFO - Executing <Task(MySqlOperator): standardized_regions> on 2021-08-08T05:25:00+00:00
[2021-08-08 05:31:02,999] {standard_task_runner.py:52} INFO - Started process 830 to run task
[2021-08-08 05:31:03,018] {standard_task_runner.py:76} INFO - Running: ['***', 'tasks', 'run', 'standardized_pipeline', 'standardized_regions', '2021-08-08T05:25:00+00:00', '--job-id', '75', '--pool', 'default_pool', '--raw', '--subdir', 'DAGS_FOLDER/standardized_pipeline.py', '--cfg-path', '/tmp/tmpwc7iniyv', '--error-file', '/tmp/tmptwhc2ko9']
[2021-08-08 05:31:03,019] {standard_task_runner.py:77} INFO - Job 75: Subtask standardized_regions
[2021-08-08 05:31:03,096] {logging_mixin.py:104} INFO - Running <TaskInstance: standardized_pipeline.standardized_regions 2021-08-08T05:25:00+00:00 [running]> on host b48e43d568d5
[2021-08-08 05:31:03,181] {taskinstance.py:1302} INFO - Exporting the following env vars:
AIRFLOW_CTX_DAG_EMAIL=wildangbudhi@gmail.com
AIRFLOW_CTX_DAG_OWNER=***
AIRFLOW_CTX_DAG_ID=standardized_pipeline
AIRFLOW_CTX_TASK_ID=standardized_regions
AIRFLOW_CTX_EXECUTION_DATE=2021-08-08T05:25:00+00:00
AIRFLOW_CTX_DAG_RUN_ID=scheduled__2021-08-08T05:25:00+00:00
[2021-08-08 05:31:03,183] {mysql.py:70} INFO - Executing: INSERT INTO standardized.regions
WITH data_last_5_minutes AS (
	SELECT
		DISTINCT 
		CAST(R_REGIONKEY AS SIGNED) AS REGION_KEY,
		R_NAME AS REGION_NAME,
		R_COMMENT AS REGION_COMMENT,
		NOW() AS INGESTION_TIMESTAMP
	FROM
		datalake.REGION r
	WHERE 
		r.INGESTION_TIMESTAMP >= DATE_SUB(NOW(), INTERVAL 5 MINUTE)
)

SELECT 
	* 
FROM 
	data_last_5_minutes
[2021-08-08 05:31:03,205] {base.py:78} INFO - Using connection to: id: dwh_id. Host: dwh, Port: 3306, Schema: , Login: root, Password: ***, extra: {}
[2021-08-08 05:31:03,216] {dbapi.py:204} INFO - Running statement: INSERT INTO standardized.regions
WITH data_last_5_minutes AS (
	SELECT
		DISTINCT 
		CAST(R_REGIONKEY AS SIGNED) AS REGION_KEY,
		R_NAME AS REGION_NAME,
		R_COMMENT AS REGION_COMMENT,
		NOW() AS INGESTION_TIMESTAMP
	FROM
		datalake.REGION r
	WHERE 
		r.INGESTION_TIMESTAMP >= DATE_SUB(NOW(), INTERVAL 5 MINUTE)
)

SELECT 
	* 
FROM 
	data_last_5_minutes, parameters: None
[2021-08-08 05:31:03,219] {dbapi.py:212} INFO - Rows affected: 5
[2021-08-08 05:31:03,247] {taskinstance.py:1211} INFO - Marking task as SUCCESS. dag_id=standardized_pipeline, task_id=standardized_regions, execution_date=20210808T052500, start_date=20210808T053102, end_date=20210808T053103
[2021-08-08 05:31:03,315] {taskinstance.py:1265} INFO - 0 downstream tasks scheduled from follow-on schedule check
[2021-08-08 05:31:03,360] {local_task_job.py:149} INFO - Task exited with return code 0
[2021-08-08 07:22:07,684] {taskinstance.py:896} INFO - Dependencies all met for <TaskInstance: standardized_pipeline.standardized_regions 2021-08-08T05:25:00+00:00 [queued]>
[2021-08-08 07:22:07,736] {taskinstance.py:896} INFO - Dependencies all met for <TaskInstance: standardized_pipeline.standardized_regions 2021-08-08T05:25:00+00:00 [queued]>
[2021-08-08 07:22:07,737] {taskinstance.py:1087} INFO - 
--------------------------------------------------------------------------------
[2021-08-08 07:22:07,738] {taskinstance.py:1088} INFO - Starting attempt 1 of 11
[2021-08-08 07:22:07,739] {taskinstance.py:1089} INFO - 
--------------------------------------------------------------------------------
[2021-08-08 07:22:07,750] {taskinstance.py:1107} INFO - Executing <Task(MySqlOperator): standardized_regions> on 2021-08-08T05:25:00+00:00
[2021-08-08 07:22:07,763] {standard_task_runner.py:76} INFO - Running: ['***', 'tasks', 'run', 'standardized_pipeline', 'standardized_regions', '2021-08-08T05:25:00+00:00', '--job-id', '15', '--pool', 'default_pool', '--raw', '--subdir', 'DAGS_FOLDER/standardized_pipeline.py', '--cfg-path', '/tmp/tmpnk6q0rzb', '--error-file', '/tmp/tmpiefoo1d6']
[2021-08-08 07:22:07,765] {standard_task_runner.py:77} INFO - Job 15: Subtask standardized_regions
[2021-08-08 07:22:07,755] {standard_task_runner.py:52} INFO - Started process 291 to run task
[2021-08-08 07:22:07,875] {logging_mixin.py:104} INFO - Running <TaskInstance: standardized_pipeline.standardized_regions 2021-08-08T05:25:00+00:00 [running]> on host af246ab3df74
[2021-08-08 07:22:08,013] {taskinstance.py:1302} INFO - Exporting the following env vars:
AIRFLOW_CTX_DAG_OWNER=***
AIRFLOW_CTX_DAG_ID=standardized_pipeline
AIRFLOW_CTX_TASK_ID=standardized_regions
AIRFLOW_CTX_EXECUTION_DATE=2021-08-08T05:25:00+00:00
AIRFLOW_CTX_DAG_RUN_ID=scheduled__2021-08-08T05:25:00+00:00
[2021-08-08 07:22:08,015] {mysql.py:70} INFO - Executing: INSERT INTO standardized.regions
WITH data_last_5_minutes AS (
	SELECT
		DISTINCT 
		CAST(R_REGIONKEY AS SIGNED) AS REGION_KEY,
		R_NAME AS REGION_NAME,
		R_COMMENT AS REGION_COMMENT,
		NOW() AS INGESTION_TIMESTAMP
	FROM
		datalake.REGION r
	WHERE 
		r.INGESTION_TIMESTAMP >= DATE_SUB(NOW(), INTERVAL 1 HOUR)
)

SELECT 
	* 
FROM 
	data_last_5_minutes
[2021-08-08 07:22:08,038] {base.py:78} INFO - Using connection to: id: dwh_id. Host: dwh, Port: 3306, Schema: , Login: root, Password: ***, extra: {}
[2021-08-08 07:22:08,061] {dbapi.py:204} INFO - Running statement: INSERT INTO standardized.regions
WITH data_last_5_minutes AS (
	SELECT
		DISTINCT 
		CAST(R_REGIONKEY AS SIGNED) AS REGION_KEY,
		R_NAME AS REGION_NAME,
		R_COMMENT AS REGION_COMMENT,
		NOW() AS INGESTION_TIMESTAMP
	FROM
		datalake.REGION r
	WHERE 
		r.INGESTION_TIMESTAMP >= DATE_SUB(NOW(), INTERVAL 1 HOUR)
)

SELECT 
	* 
FROM 
	data_last_5_minutes, parameters: None
[2021-08-08 07:22:08,068] {dbapi.py:212} INFO - Rows affected: 5
[2021-08-08 07:22:08,087] {taskinstance.py:1211} INFO - Marking task as SUCCESS. dag_id=standardized_pipeline, task_id=standardized_regions, execution_date=20210808T052500, start_date=20210808T072207, end_date=20210808T072208
[2021-08-08 07:22:08,144] {taskinstance.py:1265} INFO - 0 downstream tasks scheduled from follow-on schedule check
[2021-08-08 07:22:08,196] {local_task_job.py:149} INFO - Task exited with return code 0
