[2021-08-07 16:36:01,652] {taskinstance.py:896} INFO - Dependencies all met for <TaskInstance: standardized_pipeline.create_standardized_table_lineitem 2021-08-07T16:30:00+00:00 [queued]>
[2021-08-07 16:36:01,704] {taskinstance.py:896} INFO - Dependencies all met for <TaskInstance: standardized_pipeline.create_standardized_table_lineitem 2021-08-07T16:30:00+00:00 [queued]>
[2021-08-07 16:36:01,705] {taskinstance.py:1087} INFO - 
--------------------------------------------------------------------------------
[2021-08-07 16:36:01,709] {taskinstance.py:1088} INFO - Starting attempt 1 of 1
[2021-08-07 16:36:01,712] {taskinstance.py:1089} INFO - 
--------------------------------------------------------------------------------
[2021-08-07 16:36:01,741] {taskinstance.py:1107} INFO - Executing <Task(MySqlOperator): create_standardized_table_lineitem> on 2021-08-07T16:30:00+00:00
[2021-08-07 16:36:01,749] {standard_task_runner.py:52} INFO - Started process 348 to run task
[2021-08-07 16:36:01,762] {standard_task_runner.py:76} INFO - Running: ['***', 'tasks', 'run', 'standardized_pipeline', 'create_standardized_table_lineitem', '2021-08-07T16:30:00+00:00', '--job-id', '6', '--pool', 'default_pool', '--raw', '--subdir', 'DAGS_FOLDER/standardized_pipeline.py', '--cfg-path', '/tmp/tmpoehhldsp', '--error-file', '/tmp/tmpbwp4f422']
[2021-08-07 16:36:01,765] {standard_task_runner.py:77} INFO - Job 6: Subtask create_standardized_table_lineitem
[2021-08-07 16:36:01,881] {logging_mixin.py:104} INFO - Running <TaskInstance: standardized_pipeline.create_standardized_table_lineitem 2021-08-07T16:30:00+00:00 [running]> on host c8552014663a
[2021-08-07 16:36:01,959] {taskinstance.py:1302} INFO - Exporting the following env vars:
AIRFLOW_CTX_DAG_OWNER=***
AIRFLOW_CTX_DAG_ID=standardized_pipeline
AIRFLOW_CTX_TASK_ID=create_standardized_table_lineitem
AIRFLOW_CTX_EXECUTION_DATE=2021-08-07T16:30:00+00:00
AIRFLOW_CTX_DAG_RUN_ID=scheduled__2021-08-07T16:30:00+00:00
[2021-08-07 16:36:01,964] {mysql.py:70} INFO - Executing: CREATE TABLE IF NOT EXISTS standardized.LINEITEM (
  `ORDER_KEY` int NOT NULL,
  `PART_KEY` int NOT NULL,
  `SUPPLIER_KEY` int NOT NULL,
  `LINEITEM_KEY` int NOT NULL,
  `LINEITEM_QUANTITY` int NOT NULL,
  `LINEITEM_EXTENDEDPRICE` int NOT NULL,
  `LINEITEM_DISCOUNT` int NOT NULL,
  `LINEITEM_TAX` int NOT NULL,
  `LINEITEM_RETURNFLAG` text NOT NULL,
  `LINEITEM_LINESTATUS` text NOT NULL,
  `LINEITEM_SHIPDATE` date NOT NULL,
  `LINEITEM_COMMITDATE` date NOT NULL,
  `LINEITEM_RECEIPTDATE` date NOT NULL,
  `LINEITEM_SHIPINSTRUCT` text NOT NULL,
  `LINEITEM_SHIPMODE` text NOT NULL,
  `LINEITEM_COMMENT` text NOT NULL,
  `INGESTION_TIMESTAMP` datetime DEFAULT CURRENT_TIMESTAMP
) ENGINE=InnoDB DEFAULT CHARSET=utf8mb4 COLLATE=utf8mb4_0900_ai_ci;
[2021-08-07 16:36:01,996] {base.py:78} INFO - Using connection to: id: dwh_id. Host: dwh, Port: 3306, Schema: , Login: root, Password: ***, extra: {}
[2021-08-07 16:36:02,020] {dbapi.py:204} INFO - Running statement: CREATE TABLE IF NOT EXISTS standardized.LINEITEM (
  `ORDER_KEY` int NOT NULL,
  `PART_KEY` int NOT NULL,
  `SUPPLIER_KEY` int NOT NULL,
  `LINEITEM_KEY` int NOT NULL,
  `LINEITEM_QUANTITY` int NOT NULL,
  `LINEITEM_EXTENDEDPRICE` int NOT NULL,
  `LINEITEM_DISCOUNT` int NOT NULL,
  `LINEITEM_TAX` int NOT NULL,
  `LINEITEM_RETURNFLAG` text NOT NULL,
  `LINEITEM_LINESTATUS` text NOT NULL,
  `LINEITEM_SHIPDATE` date NOT NULL,
  `LINEITEM_COMMITDATE` date NOT NULL,
  `LINEITEM_RECEIPTDATE` date NOT NULL,
  `LINEITEM_SHIPINSTRUCT` text NOT NULL,
  `LINEITEM_SHIPMODE` text NOT NULL,
  `LINEITEM_COMMENT` text NOT NULL,
  `INGESTION_TIMESTAMP` datetime DEFAULT CURRENT_TIMESTAMP
) ENGINE=InnoDB DEFAULT CHARSET=utf8mb4 COLLATE=utf8mb4_0900_ai_ci;, parameters: None
[2021-08-07 16:36:02,048] {dbapi.py:212} INFO - Rows affected: 0
[2021-08-07 16:36:02,077] {taskinstance.py:1211} INFO - Marking task as SUCCESS. dag_id=standardized_pipeline, task_id=create_standardized_table_lineitem, execution_date=20210807T163000, start_date=20210807T163601, end_date=20210807T163602
[2021-08-07 16:36:02,143] {taskinstance.py:1265} INFO - 1 downstream tasks scheduled from follow-on schedule check
[2021-08-07 16:36:02,183] {local_task_job.py:149} INFO - Task exited with return code 0
