[2021-08-07 15:05:01,477] {taskinstance.py:896} INFO - Dependencies all met for <TaskInstance: standardized_pipeline.create_standardized_table_partsupp 2021-08-07T15:00:00+00:00 [queued]>
[2021-08-07 15:05:01,504] {taskinstance.py:896} INFO - Dependencies all met for <TaskInstance: standardized_pipeline.create_standardized_table_partsupp 2021-08-07T15:00:00+00:00 [queued]>
[2021-08-07 15:05:01,509] {taskinstance.py:1087} INFO - 
--------------------------------------------------------------------------------
[2021-08-07 15:05:01,512] {taskinstance.py:1088} INFO - Starting attempt 1 of 1
[2021-08-07 15:05:01,516] {taskinstance.py:1089} INFO - 
--------------------------------------------------------------------------------
[2021-08-07 15:05:01,541] {taskinstance.py:1107} INFO - Executing <Task(MySqlOperator): create_standardized_table_partsupp> on 2021-08-07T15:00:00+00:00
[2021-08-07 15:05:01,557] {standard_task_runner.py:76} INFO - Running: ['***', 'tasks', 'run', 'standardized_pipeline', 'create_standardized_table_partsupp', '2021-08-07T15:00:00+00:00', '--job-id', '128', '--pool', 'default_pool', '--raw', '--subdir', 'DAGS_FOLDER/standardized_pipeline.py', '--cfg-path', '/tmp/tmp_f7lz_kj', '--error-file', '/tmp/tmp76obsdeq']
[2021-08-07 15:05:01,560] {standard_task_runner.py:77} INFO - Job 128: Subtask create_standardized_table_partsupp
[2021-08-07 15:05:01,552] {standard_task_runner.py:52} INFO - Started process 8680 to run task
[2021-08-07 15:05:01,678] {logging_mixin.py:104} INFO - Running <TaskInstance: standardized_pipeline.create_standardized_table_partsupp 2021-08-07T15:00:00+00:00 [running]> on host ab70d6dafbc6
[2021-08-07 15:05:01,798] {taskinstance.py:1302} INFO - Exporting the following env vars:
AIRFLOW_CTX_DAG_OWNER=***
AIRFLOW_CTX_DAG_ID=standardized_pipeline
AIRFLOW_CTX_TASK_ID=create_standardized_table_partsupp
AIRFLOW_CTX_EXECUTION_DATE=2021-08-07T15:00:00+00:00
AIRFLOW_CTX_DAG_RUN_ID=scheduled__2021-08-07T15:00:00+00:00
[2021-08-07 15:05:01,800] {mysql.py:70} INFO - Executing: CREATE TABLE IF NOT EXISTS standardized.PARTSUPP (
  `PART_KEY` int NOT NULL,
  `SUPPLIER_KEY` int NOT NULL,
  `PARTSUPP_AVAILQTY` int NOT NULL,
  `PARTSUPP_SUPPLYCOST` int NOT NULL,
  `PARTSUPP_COMMENT` text NOT NULL,
  `INGESTION_TIMESTAMP` datetime DEFAULT CURRENT_TIMESTAMP
) ENGINE=InnoDB DEFAULT CHARSET=utf8mb4 COLLATE=utf8mb4_0900_ai_ci;
[2021-08-07 15:05:01,830] {base.py:78} INFO - Using connection to: id: dwh_id. Host: dwh, Port: 3306, Schema: , Login: root, Password: ***, extra: {}
[2021-08-07 15:05:01,857] {dbapi.py:204} INFO - Running statement: CREATE TABLE IF NOT EXISTS standardized.PARTSUPP (
  `PART_KEY` int NOT NULL,
  `SUPPLIER_KEY` int NOT NULL,
  `PARTSUPP_AVAILQTY` int NOT NULL,
  `PARTSUPP_SUPPLYCOST` int NOT NULL,
  `PARTSUPP_COMMENT` text NOT NULL,
  `INGESTION_TIMESTAMP` datetime DEFAULT CURRENT_TIMESTAMP
) ENGINE=InnoDB DEFAULT CHARSET=utf8mb4 COLLATE=utf8mb4_0900_ai_ci;, parameters: None
[2021-08-07 15:05:01,861] {dbapi.py:212} INFO - Rows affected: 0
[2021-08-07 15:05:01,896] {taskinstance.py:1211} INFO - Marking task as SUCCESS. dag_id=standardized_pipeline, task_id=create_standardized_table_partsupp, execution_date=20210807T150000, start_date=20210807T150501, end_date=20210807T150501
[2021-08-07 15:05:01,978] {taskinstance.py:1265} INFO - 1 downstream tasks scheduled from follow-on schedule check
[2021-08-07 15:05:01,997] {local_task_job.py:149} INFO - Task exited with return code 0
