[2021-08-07 14:20:01,569] {taskinstance.py:896} INFO - Dependencies all met for <TaskInstance: standardized_pipeline.create_standardized_table_parts 2021-08-07T14:15:00+00:00 [queued]>
[2021-08-07 14:20:01,609] {taskinstance.py:896} INFO - Dependencies all met for <TaskInstance: standardized_pipeline.create_standardized_table_parts 2021-08-07T14:15:00+00:00 [queued]>
[2021-08-07 14:20:01,610] {taskinstance.py:1087} INFO - 
--------------------------------------------------------------------------------
[2021-08-07 14:20:01,612] {taskinstance.py:1088} INFO - Starting attempt 1 of 1
[2021-08-07 14:20:01,614] {taskinstance.py:1089} INFO - 
--------------------------------------------------------------------------------
[2021-08-07 14:20:01,642] {taskinstance.py:1107} INFO - Executing <Task(MySqlOperator): create_standardized_table_parts> on 2021-08-07T14:15:00+00:00
[2021-08-07 14:20:01,650] {standard_task_runner.py:52} INFO - Started process 4526 to run task
[2021-08-07 14:20:01,673] {standard_task_runner.py:76} INFO - Running: ['***', 'tasks', 'run', 'standardized_pipeline', 'create_standardized_table_parts', '2021-08-07T14:15:00+00:00', '--job-id', '51', '--pool', 'default_pool', '--raw', '--subdir', 'DAGS_FOLDER/standardized_pipeline.py', '--cfg-path', '/tmp/tmpibt70i0a', '--error-file', '/tmp/tmp85_ws3_s']
[2021-08-07 14:20:01,678] {standard_task_runner.py:77} INFO - Job 51: Subtask create_standardized_table_parts
[2021-08-07 14:20:01,793] {logging_mixin.py:104} INFO - Running <TaskInstance: standardized_pipeline.create_standardized_table_parts 2021-08-07T14:15:00+00:00 [running]> on host ab70d6dafbc6
[2021-08-07 14:20:01,930] {taskinstance.py:1302} INFO - Exporting the following env vars:
AIRFLOW_CTX_DAG_OWNER=***
AIRFLOW_CTX_DAG_ID=standardized_pipeline
AIRFLOW_CTX_TASK_ID=create_standardized_table_parts
AIRFLOW_CTX_EXECUTION_DATE=2021-08-07T14:15:00+00:00
AIRFLOW_CTX_DAG_RUN_ID=scheduled__2021-08-07T14:15:00+00:00
[2021-08-07 14:20:01,932] {mysql.py:70} INFO - Executing: CREATE TABLE IF NOT EXISTS standardized.PART (
  `PART_KEY` int NOT NULL,
  `PART_NAME` text NOT NULL,
  `PART_MFGR` text NOT NULL,
  `PART_BRAND` text NOT NULL,
  `PART_TYPE` text NOT NULL,
  `PART_SIZE` int NOT NULL,
  `PART_CONTAINER` text NOT NULL,
  `PART_RETAILPRICE` int NOT NULL,
  `PART_COMMENT` text NOT NULL,
  `INGESTION_TIMESTAMP` datetime DEFAULT CURRENT_TIMESTAMP
) ENGINE=InnoDB DEFAULT CHARSET=utf8mb4 COLLATE=utf8mb4_0900_ai_ci;
[2021-08-07 14:20:01,962] {base.py:78} INFO - Using connection to: id: dwh_id. Host: dwh, Port: 3306, Schema: , Login: root, Password: ***, extra: {}
[2021-08-07 14:20:01,980] {dbapi.py:204} INFO - Running statement: CREATE TABLE IF NOT EXISTS standardized.PART (
  `PART_KEY` int NOT NULL,
  `PART_NAME` text NOT NULL,
  `PART_MFGR` text NOT NULL,
  `PART_BRAND` text NOT NULL,
  `PART_TYPE` text NOT NULL,
  `PART_SIZE` int NOT NULL,
  `PART_CONTAINER` text NOT NULL,
  `PART_RETAILPRICE` int NOT NULL,
  `PART_COMMENT` text NOT NULL,
  `INGESTION_TIMESTAMP` datetime DEFAULT CURRENT_TIMESTAMP
) ENGINE=InnoDB DEFAULT CHARSET=utf8mb4 COLLATE=utf8mb4_0900_ai_ci;, parameters: None
[2021-08-07 14:20:01,991] {dbapi.py:212} INFO - Rows affected: 0
[2021-08-07 14:20:02,014] {taskinstance.py:1211} INFO - Marking task as SUCCESS. dag_id=standardized_pipeline, task_id=create_standardized_table_parts, execution_date=20210807T141500, start_date=20210807T142001, end_date=20210807T142002
[2021-08-07 14:20:02,066] {taskinstance.py:1265} INFO - 0 downstream tasks scheduled from follow-on schedule check
[2021-08-07 14:20:02,123] {local_task_job.py:149} INFO - Task exited with return code 0
