[2021-08-08 06:45:00,959] {taskinstance.py:896} INFO - Dependencies all met for <TaskInstance: presentation_pipeline.presentation_pipeline_start 2021-08-08T06:40:00+00:00 [queued]>
[2021-08-08 06:45:00,972] {taskinstance.py:896} INFO - Dependencies all met for <TaskInstance: presentation_pipeline.presentation_pipeline_start 2021-08-08T06:40:00+00:00 [queued]>
[2021-08-08 06:45:00,973] {taskinstance.py:1087} INFO - 
--------------------------------------------------------------------------------
[2021-08-08 06:45:00,973] {taskinstance.py:1088} INFO - Starting attempt 1 of 1
[2021-08-08 06:45:00,974] {taskinstance.py:1089} INFO - 
--------------------------------------------------------------------------------
[2021-08-08 06:45:00,980] {taskinstance.py:1107} INFO - Executing <Task(ExternalTaskSensor): presentation_pipeline_start> on 2021-08-08T06:40:00+00:00
[2021-08-08 06:45:00,984] {standard_task_runner.py:52} INFO - Started process 1013 to run task
[2021-08-08 06:45:00,988] {standard_task_runner.py:76} INFO - Running: ['***', 'tasks', 'run', 'presentation_pipeline', 'presentation_pipeline_start', '2021-08-08T06:40:00+00:00', '--job-id', '33', '--pool', 'default_pool', '--raw', '--subdir', 'DAGS_FOLDER/presentation_pipeline.py', '--cfg-path', '/tmp/tmp9yl62drk', '--error-file', '/tmp/tmpisna_w3a']
[2021-08-08 06:45:00,989] {standard_task_runner.py:77} INFO - Job 33: Subtask presentation_pipeline_start
[2021-08-08 06:45:01,028] {logging_mixin.py:104} INFO - Running <TaskInstance: presentation_pipeline.presentation_pipeline_start 2021-08-08T06:40:00+00:00 [running]> on host 53d8ed6396aa
[2021-08-08 06:45:01,070] {taskinstance.py:1302} INFO - Exporting the following env vars:
AIRFLOW_CTX_DAG_OWNER=***
AIRFLOW_CTX_DAG_ID=presentation_pipeline
AIRFLOW_CTX_TASK_ID=presentation_pipeline_start
AIRFLOW_CTX_EXECUTION_DATE=2021-08-08T06:40:00+00:00
AIRFLOW_CTX_DAG_RUN_ID=scheduled__2021-08-08T06:40:00+00:00
[2021-08-08 06:45:01,071] {external_task.py:152} INFO - Poking for standardized_pipeline.standardized_pipeline_end on 2021-08-08T06:40:00+00:00 ... 
[2021-08-08 06:46:01,088] {external_task.py:152} INFO - Poking for standardized_pipeline.standardized_pipeline_end on 2021-08-08T06:40:00+00:00 ... 
[2021-08-08 06:47:01,100] {external_task.py:152} INFO - Poking for standardized_pipeline.standardized_pipeline_end on 2021-08-08T06:40:00+00:00 ... 
[2021-08-08 06:48:01,098] {external_task.py:152} INFO - Poking for standardized_pipeline.standardized_pipeline_end on 2021-08-08T06:40:00+00:00 ... 
[2021-08-08 06:49:01,105] {external_task.py:152} INFO - Poking for standardized_pipeline.standardized_pipeline_end on 2021-08-08T06:40:00+00:00 ... 
[2021-08-08 06:50:01,079] {external_task.py:152} INFO - Poking for standardized_pipeline.standardized_pipeline_end on 2021-08-08T06:40:00+00:00 ... 
