[2021-08-08 11:05:35,147] {taskinstance.py:896} INFO - Dependencies all met for <TaskInstance: presentation_pipeline.presentation_dim_parts 2021-08-08T10:00:00+00:00 [queued]>
[2021-08-08 11:05:35,171] {taskinstance.py:896} INFO - Dependencies all met for <TaskInstance: presentation_pipeline.presentation_dim_parts 2021-08-08T10:00:00+00:00 [queued]>
[2021-08-08 11:05:35,172] {taskinstance.py:1087} INFO - 
--------------------------------------------------------------------------------
[2021-08-08 11:05:35,173] {taskinstance.py:1088} INFO - Starting attempt 1 of 1
[2021-08-08 11:05:35,174] {taskinstance.py:1089} INFO - 
--------------------------------------------------------------------------------
[2021-08-08 11:05:35,196] {taskinstance.py:1107} INFO - Executing <Task(MySqlOperator): presentation_dim_parts> on 2021-08-08T10:00:00+00:00
[2021-08-08 11:05:35,210] {standard_task_runner.py:76} INFO - Running: ['***', 'tasks', 'run', 'presentation_pipeline', 'presentation_dim_parts', '2021-08-08T10:00:00+00:00', '--job-id', '29', '--pool', 'default_pool', '--raw', '--subdir', 'DAGS_FOLDER/presentation_pipeline.py', '--cfg-path', '/tmp/tmplhi2gfz5', '--error-file', '/tmp/tmp5m8ifuo0']
[2021-08-08 11:05:35,213] {standard_task_runner.py:77} INFO - Job 29: Subtask presentation_dim_parts
[2021-08-08 11:05:35,205] {standard_task_runner.py:52} INFO - Started process 397 to run task
[2021-08-08 11:05:35,272] {logging_mixin.py:104} INFO - Running <TaskInstance: presentation_pipeline.presentation_dim_parts 2021-08-08T10:00:00+00:00 [running]> on host ce886ce1d63a
[2021-08-08 11:05:35,327] {taskinstance.py:1302} INFO - Exporting the following env vars:
AIRFLOW_CTX_DAG_OWNER=***
AIRFLOW_CTX_DAG_ID=presentation_pipeline
AIRFLOW_CTX_TASK_ID=presentation_dim_parts
AIRFLOW_CTX_EXECUTION_DATE=2021-08-08T10:00:00+00:00
AIRFLOW_CTX_DAG_RUN_ID=scheduled__2021-08-08T10:00:00+00:00
[2021-08-08 11:05:35,329] {mysql.py:70} INFO - Executing: INSERT IGNORE INTO presentation.parts
SELECT 
	DISTINCT 
	p.PART_KEY,
	p.PART_NAME,
	p.PART_SIZE_NUMBER,
	p.PART_CONTAINER_TYPE,
	p.PART_RETAIL_PRICE,
	NOW() AS INGESTION_TIMESTAMP
FROM 
	standardized.parts p
WHERE 
	p.INGESTION_TIMESTAMP >= DATE_SUB(NOW(), INTERVAL 1 HOUR)
[2021-08-08 11:05:35,341] {base.py:78} INFO - Using connection to: id: dwh_id. Host: dwh, Port: 3306, Schema: , Login: root, Password: ***, extra: {}
[2021-08-08 11:05:35,354] {dbapi.py:204} INFO - Running statement: INSERT IGNORE INTO presentation.parts
SELECT 
	DISTINCT 
	p.PART_KEY,
	p.PART_NAME,
	p.PART_SIZE_NUMBER,
	p.PART_CONTAINER_TYPE,
	p.PART_RETAIL_PRICE,
	NOW() AS INGESTION_TIMESTAMP
FROM 
	standardized.parts p
WHERE 
	p.INGESTION_TIMESTAMP >= DATE_SUB(NOW(), INTERVAL 1 HOUR), parameters: None
[2021-08-08 11:05:35,393] {dbapi.py:212} INFO - Rows affected: 2000
[2021-08-08 11:05:35,409] {taskinstance.py:1211} INFO - Marking task as SUCCESS. dag_id=presentation_pipeline, task_id=presentation_dim_parts, execution_date=20210808T100000, start_date=20210808T110535, end_date=20210808T110535
[2021-08-08 11:05:35,434] {taskinstance.py:1265} INFO - 0 downstream tasks scheduled from follow-on schedule check
[2021-08-08 11:05:35,473] {local_task_job.py:149} INFO - Task exited with return code 0
[2021-08-08 11:56:55,409] {taskinstance.py:896} INFO - Dependencies all met for <TaskInstance: presentation_pipeline.presentation_dim_parts 2021-08-08T10:00:00+00:00 [queued]>
[2021-08-08 11:56:55,420] {taskinstance.py:896} INFO - Dependencies all met for <TaskInstance: presentation_pipeline.presentation_dim_parts 2021-08-08T10:00:00+00:00 [queued]>
[2021-08-08 11:56:55,421] {taskinstance.py:1087} INFO - 
--------------------------------------------------------------------------------
[2021-08-08 11:56:55,422] {taskinstance.py:1088} INFO - Starting attempt 1 of 1
[2021-08-08 11:56:55,422] {taskinstance.py:1089} INFO - 
--------------------------------------------------------------------------------
[2021-08-08 11:56:55,438] {taskinstance.py:1107} INFO - Executing <Task(MySqlOperator): presentation_dim_parts> on 2021-08-08T10:00:00+00:00
[2021-08-08 11:56:55,442] {standard_task_runner.py:52} INFO - Started process 438 to run task
[2021-08-08 11:56:55,450] {standard_task_runner.py:76} INFO - Running: ['***', 'tasks', 'run', 'presentation_pipeline', 'presentation_dim_parts', '2021-08-08T10:00:00+00:00', '--job-id', '27', '--pool', 'default_pool', '--raw', '--subdir', 'DAGS_FOLDER/presentation_pipeline.py', '--cfg-path', '/tmp/tmp7rahfca6', '--error-file', '/tmp/tmpzdhlat27']
[2021-08-08 11:56:55,451] {standard_task_runner.py:77} INFO - Job 27: Subtask presentation_dim_parts
[2021-08-08 11:56:55,527] {logging_mixin.py:104} INFO - Running <TaskInstance: presentation_pipeline.presentation_dim_parts 2021-08-08T10:00:00+00:00 [running]> on host 7f57f947ae95
[2021-08-08 11:56:55,628] {taskinstance.py:1302} INFO - Exporting the following env vars:
AIRFLOW_CTX_DAG_OWNER=***
AIRFLOW_CTX_DAG_ID=presentation_pipeline
AIRFLOW_CTX_TASK_ID=presentation_dim_parts
AIRFLOW_CTX_EXECUTION_DATE=2021-08-08T10:00:00+00:00
AIRFLOW_CTX_DAG_RUN_ID=scheduled__2021-08-08T10:00:00+00:00
[2021-08-08 11:56:55,630] {mysql.py:70} INFO - Executing: INSERT IGNORE INTO presentation.parts
SELECT 
	DISTINCT 
	p.PART_KEY,
	p.PART_NAME,
	p.PART_SIZE_NUMBER,
	p.PART_CONTAINER_TYPE,
	p.PART_RETAIL_PRICE,
	NOW() AS INGESTION_TIMESTAMP
FROM 
	standardized.parts p
WHERE 
	p.INGESTION_TIMESTAMP >= DATE_SUB(NOW(), INTERVAL 1 HOUR)
[2021-08-08 11:56:55,656] {base.py:78} INFO - Using connection to: id: dwh_id. Host: dwh, Port: 3306, Schema: , Login: root, Password: ***, extra: {}
[2021-08-08 11:56:55,681] {dbapi.py:204} INFO - Running statement: INSERT IGNORE INTO presentation.parts
SELECT 
	DISTINCT 
	p.PART_KEY,
	p.PART_NAME,
	p.PART_SIZE_NUMBER,
	p.PART_CONTAINER_TYPE,
	p.PART_RETAIL_PRICE,
	NOW() AS INGESTION_TIMESTAMP
FROM 
	standardized.parts p
WHERE 
	p.INGESTION_TIMESTAMP >= DATE_SUB(NOW(), INTERVAL 1 HOUR), parameters: None
[2021-08-08 11:56:55,740] {dbapi.py:212} INFO - Rows affected: 2000
[2021-08-08 11:56:55,759] {taskinstance.py:1211} INFO - Marking task as SUCCESS. dag_id=presentation_pipeline, task_id=presentation_dim_parts, execution_date=20210808T100000, start_date=20210808T115655, end_date=20210808T115655
[2021-08-08 11:56:55,803] {taskinstance.py:1265} INFO - 0 downstream tasks scheduled from follow-on schedule check
[2021-08-08 11:56:55,830] {local_task_job.py:149} INFO - Task exited with return code 0
