[2021-08-08 07:05:00,641] {taskinstance.py:896} INFO - Dependencies all met for <TaskInstance: presentation_pipeline.presentation_pipeline_start 2021-08-08T06:05:00+00:00 [queued]>
[2021-08-08 07:05:00,655] {taskinstance.py:896} INFO - Dependencies all met for <TaskInstance: presentation_pipeline.presentation_pipeline_start 2021-08-08T06:05:00+00:00 [queued]>
[2021-08-08 07:05:00,656] {taskinstance.py:1087} INFO - 
--------------------------------------------------------------------------------
[2021-08-08 07:05:00,656] {taskinstance.py:1088} INFO - Starting attempt 1 of 1
[2021-08-08 07:05:00,657] {taskinstance.py:1089} INFO - 
--------------------------------------------------------------------------------
[2021-08-08 07:05:00,664] {taskinstance.py:1107} INFO - Executing <Task(ExternalTaskSensor): presentation_pipeline_start> on 2021-08-08T06:05:00+00:00
[2021-08-08 07:05:00,668] {standard_task_runner.py:52} INFO - Started process 145 to run task
[2021-08-08 07:05:00,672] {standard_task_runner.py:76} INFO - Running: ['***', 'tasks', 'run', 'presentation_pipeline', 'presentation_pipeline_start', '2021-08-08T06:05:00+00:00', '--job-id', '5', '--pool', 'default_pool', '--raw', '--subdir', 'DAGS_FOLDER/presentation_pipeline.py', '--cfg-path', '/tmp/tmpxtaq81zc', '--error-file', '/tmp/tmptze82zrw']
[2021-08-08 07:05:00,673] {standard_task_runner.py:77} INFO - Job 5: Subtask presentation_pipeline_start
[2021-08-08 07:05:00,712] {logging_mixin.py:104} INFO - Running <TaskInstance: presentation_pipeline.presentation_pipeline_start 2021-08-08T06:05:00+00:00 [running]> on host bf836d82c89b
[2021-08-08 07:05:00,756] {taskinstance.py:1302} INFO - Exporting the following env vars:
AIRFLOW_CTX_DAG_OWNER=***
AIRFLOW_CTX_DAG_ID=presentation_pipeline
AIRFLOW_CTX_TASK_ID=presentation_pipeline_start
AIRFLOW_CTX_EXECUTION_DATE=2021-08-08T06:05:00+00:00
AIRFLOW_CTX_DAG_RUN_ID=scheduled__2021-08-08T06:05:00+00:00
[2021-08-08 07:05:00,757] {external_task.py:152} INFO - Poking for standardized_pipeline.standardized_pipeline_end on 2021-08-08T06:05:00+00:00 ... 
[2021-08-08 07:06:00,763] {external_task.py:152} INFO - Poking for standardized_pipeline.standardized_pipeline_end on 2021-08-08T06:05:00+00:00 ... 
[2021-08-08 07:07:00,785] {external_task.py:152} INFO - Poking for standardized_pipeline.standardized_pipeline_end on 2021-08-08T06:05:00+00:00 ... 
[2021-08-08 07:07:00,795] {base.py:248} INFO - Success criteria met. Exiting.
[2021-08-08 07:07:00,807] {taskinstance.py:1211} INFO - Marking task as SUCCESS. dag_id=presentation_pipeline, task_id=presentation_pipeline_start, execution_date=20210808T060500, start_date=20210808T070500, end_date=20210808T070700
[2021-08-08 07:07:00,843] {taskinstance.py:1265} INFO - 5 downstream tasks scheduled from follow-on schedule check
[2021-08-08 07:07:00,870] {local_task_job.py:149} INFO - Task exited with return code 0
