[2021-08-08 05:25:11,632] {taskinstance.py:896} INFO - Dependencies all met for <TaskInstance: presentation_pipeline.presentation_pipeline_start 2021-08-08T05:20:00+00:00 [queued]>
[2021-08-08 05:25:11,656] {taskinstance.py:896} INFO - Dependencies all met for <TaskInstance: presentation_pipeline.presentation_pipeline_start 2021-08-08T05:20:00+00:00 [queued]>
[2021-08-08 05:25:11,657] {taskinstance.py:1087} INFO - 
--------------------------------------------------------------------------------
[2021-08-08 05:25:11,658] {taskinstance.py:1088} INFO - Starting attempt 1 of 1
[2021-08-08 05:25:11,658] {taskinstance.py:1089} INFO - 
--------------------------------------------------------------------------------
[2021-08-08 05:25:11,671] {taskinstance.py:1107} INFO - Executing <Task(ExternalTaskSensor): presentation_pipeline_start> on 2021-08-08T05:20:00+00:00
[2021-08-08 05:25:11,676] {standard_task_runner.py:52} INFO - Started process 182 to run task
[2021-08-08 05:25:11,683] {standard_task_runner.py:76} INFO - Running: ['***', 'tasks', 'run', 'presentation_pipeline', 'presentation_pipeline_start', '2021-08-08T05:20:00+00:00', '--job-id', '5', '--pool', 'default_pool', '--raw', '--subdir', 'DAGS_FOLDER/presentation_pipeline.py', '--cfg-path', '/tmp/tmphgghq1le', '--error-file', '/tmp/tmpn86bclch']
[2021-08-08 05:25:11,685] {standard_task_runner.py:77} INFO - Job 5: Subtask presentation_pipeline_start
[2021-08-08 05:25:11,757] {logging_mixin.py:104} INFO - Running <TaskInstance: presentation_pipeline.presentation_pipeline_start 2021-08-08T05:20:00+00:00 [running]> on host b48e43d568d5
[2021-08-08 05:25:11,833] {taskinstance.py:1302} INFO - Exporting the following env vars:
AIRFLOW_CTX_DAG_OWNER=***
AIRFLOW_CTX_DAG_ID=presentation_pipeline
AIRFLOW_CTX_TASK_ID=presentation_pipeline_start
AIRFLOW_CTX_EXECUTION_DATE=2021-08-08T05:20:00+00:00
AIRFLOW_CTX_DAG_RUN_ID=scheduled__2021-08-08T05:20:00+00:00
[2021-08-08 05:25:11,834] {external_task.py:152} INFO - Poking for standardized_pipeline.standardized_pipeline_end on 2021-08-08T05:20:00+00:00 ... 
[2021-08-08 05:26:11,859] {external_task.py:152} INFO - Poking for standardized_pipeline.standardized_pipeline_end on 2021-08-08T05:20:00+00:00 ... 
[2021-08-08 05:27:11,894] {external_task.py:152} INFO - Poking for standardized_pipeline.standardized_pipeline_end on 2021-08-08T05:20:00+00:00 ... 
[2021-08-08 05:27:11,905] {base.py:248} INFO - Success criteria met. Exiting.
[2021-08-08 05:27:11,914] {taskinstance.py:1211} INFO - Marking task as SUCCESS. dag_id=presentation_pipeline, task_id=presentation_pipeline_start, execution_date=20210808T052000, start_date=20210808T052511, end_date=20210808T052711
[2021-08-08 05:27:11,950] {taskinstance.py:1265} INFO - 5 downstream tasks scheduled from follow-on schedule check
[2021-08-08 05:27:11,974] {local_task_job.py:149} INFO - Task exited with return code 0
