[2021-08-08 05:57:02,408] {taskinstance.py:896} INFO - Dependencies all met for <TaskInstance: presentation_pipeline.presentation_dim_suppliers 2021-08-08T05:50:00+00:00 [queued]>
[2021-08-08 05:57:02,431] {taskinstance.py:896} INFO - Dependencies all met for <TaskInstance: presentation_pipeline.presentation_dim_suppliers 2021-08-08T05:50:00+00:00 [queued]>
[2021-08-08 05:57:02,432] {taskinstance.py:1087} INFO - 
--------------------------------------------------------------------------------
[2021-08-08 05:57:02,432] {taskinstance.py:1088} INFO - Starting attempt 1 of 1
[2021-08-08 05:57:02,433] {taskinstance.py:1089} INFO - 
--------------------------------------------------------------------------------
[2021-08-08 05:57:02,443] {taskinstance.py:1107} INFO - Executing <Task(MySqlOperator): presentation_dim_suppliers> on 2021-08-08T05:50:00+00:00
[2021-08-08 05:57:02,449] {standard_task_runner.py:52} INFO - Started process 3421 to run task
[2021-08-08 05:57:02,455] {standard_task_runner.py:76} INFO - Running: ['***', 'tasks', 'run', 'presentation_pipeline', 'presentation_dim_suppliers', '2021-08-08T05:50:00+00:00', '--job-id', '232', '--pool', 'default_pool', '--raw', '--subdir', 'DAGS_FOLDER/presentation_pipeline.py', '--cfg-path', '/tmp/tmpuipsofrw', '--error-file', '/tmp/tmp_lbbc8fo']
[2021-08-08 05:57:02,456] {standard_task_runner.py:77} INFO - Job 232: Subtask presentation_dim_suppliers
[2021-08-08 05:57:02,510] {logging_mixin.py:104} INFO - Running <TaskInstance: presentation_pipeline.presentation_dim_suppliers 2021-08-08T05:50:00+00:00 [running]> on host b48e43d568d5
[2021-08-08 05:57:02,594] {taskinstance.py:1302} INFO - Exporting the following env vars:
AIRFLOW_CTX_DAG_OWNER=***
AIRFLOW_CTX_DAG_ID=presentation_pipeline
AIRFLOW_CTX_TASK_ID=presentation_dim_suppliers
AIRFLOW_CTX_EXECUTION_DATE=2021-08-08T05:50:00+00:00
AIRFLOW_CTX_DAG_RUN_ID=scheduled__2021-08-08T05:50:00+00:00
[2021-08-08 05:57:02,595] {mysql.py:70} INFO - Executing: INSERT IGNORE INTO presentation.suppliers
SELECT
	DISTINCT 
	s.SUPPLIER_KEY,
	s.SUPPLIER_ACCOUNT_BALANCE_TOTAL ,
	n.NATION_NAME,
	NOW() AS INGESTION_TIMESTAMP
FROM 
	standardized.suppliers s
LEFT JOIN 
	standardized.nations n 
	ON s.NATION_KEY = n.NATION_KEY 
WHERE 
	s.INGESTION_TIMESTAMP >= DATE_SUB(NOW(), INTERVAL 5 MINUTE)
[2021-08-08 05:57:02,609] {base.py:78} INFO - Using connection to: id: dwh_id. Host: dwh, Port: 3306, Schema: , Login: root, Password: ***, extra: {}
[2021-08-08 05:57:02,625] {dbapi.py:204} INFO - Running statement: INSERT IGNORE INTO presentation.suppliers
SELECT
	DISTINCT 
	s.SUPPLIER_KEY,
	s.SUPPLIER_ACCOUNT_BALANCE_TOTAL ,
	n.NATION_NAME,
	NOW() AS INGESTION_TIMESTAMP
FROM 
	standardized.suppliers s
LEFT JOIN 
	standardized.nations n 
	ON s.NATION_KEY = n.NATION_KEY 
WHERE 
	s.INGESTION_TIMESTAMP >= DATE_SUB(NOW(), INTERVAL 5 MINUTE), parameters: None
[2021-08-08 05:57:02,641] {dbapi.py:212} INFO - Rows affected: 0
[2021-08-08 05:57:02,653] {taskinstance.py:1211} INFO - Marking task as SUCCESS. dag_id=presentation_pipeline, task_id=presentation_dim_suppliers, execution_date=20210808T055000, start_date=20210808T055702, end_date=20210808T055702
[2021-08-08 05:57:02,692] {taskinstance.py:1265} INFO - 0 downstream tasks scheduled from follow-on schedule check
[2021-08-08 05:57:02,710] {local_task_job.py:149} INFO - Task exited with return code 0
