[2021-08-08 08:42:10,750] {taskinstance.py:896} INFO - Dependencies all met for <TaskInstance: presentation_pipeline.create_presentation_table_dim_parts 2021-08-08T08:42:03.713248+00:00 [queued]>
[2021-08-08 08:42:10,772] {taskinstance.py:896} INFO - Dependencies all met for <TaskInstance: presentation_pipeline.create_presentation_table_dim_parts 2021-08-08T08:42:03.713248+00:00 [queued]>
[2021-08-08 08:42:10,773] {taskinstance.py:1087} INFO - 
--------------------------------------------------------------------------------
[2021-08-08 08:42:10,774] {taskinstance.py:1088} INFO - Starting attempt 1 of 1
[2021-08-08 08:42:10,776] {taskinstance.py:1089} INFO - 
--------------------------------------------------------------------------------
[2021-08-08 08:42:10,784] {taskinstance.py:1107} INFO - Executing <Task(MySqlOperator): create_presentation_table_dim_parts> on 2021-08-08T08:42:03.713248+00:00
[2021-08-08 08:42:10,790] {standard_task_runner.py:52} INFO - Started process 1233 to run task
[2021-08-08 08:42:10,795] {standard_task_runner.py:76} INFO - Running: ['***', 'tasks', 'run', 'presentation_pipeline', 'create_presentation_table_dim_parts', '2021-08-08T08:42:03.713248+00:00', '--job-id', '50', '--pool', 'default_pool', '--raw', '--subdir', 'DAGS_FOLDER/presentation_pipeline.py', '--cfg-path', '/tmp/tmp75ntbtwh', '--error-file', '/tmp/tmp0yqhzfrv']
[2021-08-08 08:42:10,796] {standard_task_runner.py:77} INFO - Job 50: Subtask create_presentation_table_dim_parts
[2021-08-08 08:42:10,854] {logging_mixin.py:104} INFO - Running <TaskInstance: presentation_pipeline.create_presentation_table_dim_parts 2021-08-08T08:42:03.713248+00:00 [running]> on host 5e970160fe16
[2021-08-08 08:42:10,917] {taskinstance.py:1302} INFO - Exporting the following env vars:
AIRFLOW_CTX_DAG_OWNER=***
AIRFLOW_CTX_DAG_ID=presentation_pipeline
AIRFLOW_CTX_TASK_ID=create_presentation_table_dim_parts
AIRFLOW_CTX_EXECUTION_DATE=2021-08-08T08:42:03.713248+00:00
AIRFLOW_CTX_DAG_RUN_ID=manual__2021-08-08T08:42:03.713248+00:00
[2021-08-08 08:42:10,918] {mysql.py:70} INFO - Executing: CREATE TABLE IF NOT EXISTS presentation.parts (
    PART_KEY INT NOT NULL,
    INGESTION_TIMESTAMP TIMESTAMP NOT NULL DEFAULT CURRENT_TIMESTAMP,
    CONSTRAINT `PART_PK` PRIMARY KEY (PART_KEY)
) AS

SELECT 
	DISTINCT 
	p.PART_KEY,
	p.PART_NAME,
	p.PART_SIZE_NUMBER,
	p.PART_CONTAINER_TYPE,
	p.PART_RETAIL_PRICE,
	NOW() AS INGESTION_TIMESTAMP
FROM 
	standardized.parts p
WHERE 
	p.INGESTION_TIMESTAMP >= DATE_SUB(NOW(), INTERVAL 1 HOUR)

LIMIT 0
[2021-08-08 08:42:10,932] {base.py:78} INFO - Using connection to: id: dwh_id. Host: dwh, Port: 3306, Schema: , Login: root, Password: ***, extra: {}
[2021-08-08 08:42:10,943] {dbapi.py:204} INFO - Running statement: CREATE TABLE IF NOT EXISTS presentation.parts (
    PART_KEY INT NOT NULL,
    INGESTION_TIMESTAMP TIMESTAMP NOT NULL DEFAULT CURRENT_TIMESTAMP,
    CONSTRAINT `PART_PK` PRIMARY KEY (PART_KEY)
) AS

SELECT 
	DISTINCT 
	p.PART_KEY,
	p.PART_NAME,
	p.PART_SIZE_NUMBER,
	p.PART_CONTAINER_TYPE,
	p.PART_RETAIL_PRICE,
	NOW() AS INGESTION_TIMESTAMP
FROM 
	standardized.parts p
WHERE 
	p.INGESTION_TIMESTAMP >= DATE_SUB(NOW(), INTERVAL 1 HOUR)

LIMIT 0, parameters: None
[2021-08-08 08:42:10,944] {dbapi.py:212} INFO - Rows affected: 0
[2021-08-08 08:42:10,957] {taskinstance.py:1211} INFO - Marking task as SUCCESS. dag_id=presentation_pipeline, task_id=create_presentation_table_dim_parts, execution_date=20210808T084203, start_date=20210808T084210, end_date=20210808T084210
[2021-08-08 08:42:10,986] {taskinstance.py:1265} INFO - 1 downstream tasks scheduled from follow-on schedule check
[2021-08-08 08:42:11,011] {local_task_job.py:149} INFO - Task exited with return code 0
