[2021-08-07 15:03:39,586] {taskinstance.py:896} INFO - Dependencies all met for <TaskInstance: standardized_pipeline.standardized_region 2021-08-07T14:55:00+00:00 [queued]>
[2021-08-07 15:03:39,633] {taskinstance.py:896} INFO - Dependencies all met for <TaskInstance: standardized_pipeline.standardized_region 2021-08-07T14:55:00+00:00 [queued]>
[2021-08-07 15:03:39,634] {taskinstance.py:1087} INFO - 
--------------------------------------------------------------------------------
[2021-08-07 15:03:39,636] {taskinstance.py:1088} INFO - Starting attempt 1 of 1
[2021-08-07 15:03:39,637] {taskinstance.py:1089} INFO - 
--------------------------------------------------------------------------------
[2021-08-07 15:03:39,668] {taskinstance.py:1107} INFO - Executing <Task(MySqlOperator): standardized_region> on 2021-08-07T14:55:00+00:00
[2021-08-07 15:03:39,677] {standard_task_runner.py:52} INFO - Started process 8537 to run task
[2021-08-07 15:03:39,687] {standard_task_runner.py:76} INFO - Running: ['***', 'tasks', 'run', 'standardized_pipeline', 'standardized_region', '2021-08-07T14:55:00+00:00', '--job-id', '120', '--pool', 'default_pool', '--raw', '--subdir', 'DAGS_FOLDER/standardized_pipeline.py', '--cfg-path', '/tmp/tmpfzxl192f', '--error-file', '/tmp/tmpkjvlqauj']
[2021-08-07 15:03:39,688] {standard_task_runner.py:77} INFO - Job 120: Subtask standardized_region
[2021-08-07 15:03:39,799] {logging_mixin.py:104} INFO - Running <TaskInstance: standardized_pipeline.standardized_region 2021-08-07T14:55:00+00:00 [running]> on host ab70d6dafbc6
[2021-08-07 15:03:39,907] {taskinstance.py:1302} INFO - Exporting the following env vars:
AIRFLOW_CTX_DAG_OWNER=***
AIRFLOW_CTX_DAG_ID=standardized_pipeline
AIRFLOW_CTX_TASK_ID=standardized_region
AIRFLOW_CTX_EXECUTION_DATE=2021-08-07T14:55:00+00:00
AIRFLOW_CTX_DAG_RUN_ID=scheduled__2021-08-07T14:55:00+00:00
[2021-08-07 15:03:39,908] {mysql.py:70} INFO - Executing: INSERT IGNORE INTO standardized.REGION(
	`REGION_KEY`,
	`NAME`,
	`REGION_COMMENT`
) 

WITH region_last_5_minutes AS (
	SELECT
		DISTINCT 
		CAST(rd.R_REGIONKEY AS SIGNED) AS R_REGIONKEY,
		rd.R_NAME,
		rd.R_COMMENT
	FROM
		datalake.REGION rd
	WHERE rd.INGESTION_TIMESTAMP >= DATE_SUB(NOW(), INTERVAL 5 MINUTE)
)

SELECT 
	* 
FROM 
	region_last_5_minutes
[2021-08-07 15:03:39,923] {base.py:78} INFO - Using connection to: id: dwh_id. Host: dwh, Port: 3306, Schema: , Login: root, Password: ***, extra: {}
[2021-08-07 15:03:39,941] {dbapi.py:204} INFO - Running statement: INSERT IGNORE INTO standardized.REGION(
	`REGION_KEY`,
	`NAME`,
	`REGION_COMMENT`
) 

WITH region_last_5_minutes AS (
	SELECT
		DISTINCT 
		CAST(rd.R_REGIONKEY AS SIGNED) AS R_REGIONKEY,
		rd.R_NAME,
		rd.R_COMMENT
	FROM
		datalake.REGION rd
	WHERE rd.INGESTION_TIMESTAMP >= DATE_SUB(NOW(), INTERVAL 5 MINUTE)
)

SELECT 
	* 
FROM 
	region_last_5_minutes, parameters: None
[2021-08-07 15:03:39,948] {taskinstance.py:1501} ERROR - Task failed with exception
Traceback (most recent call last):
  File "/home/airflow/.local/lib/python3.6/site-packages/airflow/models/taskinstance.py", line 1157, in _run_raw_task
    self._prepare_and_execute_task_with_callbacks(context, task)
  File "/home/airflow/.local/lib/python3.6/site-packages/airflow/models/taskinstance.py", line 1331, in _prepare_and_execute_task_with_callbacks
    result = self._execute_task(context, task_copy)
  File "/home/airflow/.local/lib/python3.6/site-packages/airflow/models/taskinstance.py", line 1361, in _execute_task
    result = task_copy.execute(context=context)
  File "/home/airflow/.local/lib/python3.6/site-packages/airflow/providers/mysql/operators/mysql.py", line 72, in execute
    hook.run(self.sql, autocommit=self.autocommit, parameters=self.parameters)
  File "/home/airflow/.local/lib/python3.6/site-packages/airflow/hooks/dbapi.py", line 184, in run
    self._run_command(cur, sql_statement, parameters)
  File "/home/airflow/.local/lib/python3.6/site-packages/airflow/hooks/dbapi.py", line 208, in _run_command
    cur.execute(sql_statement)
  File "/home/airflow/.local/lib/python3.6/site-packages/MySQLdb/cursors.py", line 206, in execute
    res = self._query(query)
  File "/home/airflow/.local/lib/python3.6/site-packages/MySQLdb/cursors.py", line 319, in _query
    db.query(q)
  File "/home/airflow/.local/lib/python3.6/site-packages/MySQLdb/connections.py", line 259, in query
    _mysql.connection.query(self, query)
MySQLdb._exceptions.OperationalError: (1054, "Unknown column 'NAME' in 'field list'")
[2021-08-07 15:03:39,952] {taskinstance.py:1551} INFO - Marking task as FAILED. dag_id=standardized_pipeline, task_id=standardized_region, execution_date=20210807T145500, start_date=20210807T150339, end_date=20210807T150339
[2021-08-07 15:03:40,027] {local_task_job.py:149} INFO - Task exited with return code 1
