[2021-08-08 11:00:00,986] {taskinstance.py:896} INFO - Dependencies all met for <TaskInstance: presentation_pipeline.presentation_pipeline_start 2021-08-08T10:00:00+00:00 [queued]>
[2021-08-08 11:00:00,997] {taskinstance.py:896} INFO - Dependencies all met for <TaskInstance: presentation_pipeline.presentation_pipeline_start 2021-08-08T10:00:00+00:00 [queued]>
[2021-08-08 11:00:00,997] {taskinstance.py:1087} INFO - 
--------------------------------------------------------------------------------
[2021-08-08 11:00:00,998] {taskinstance.py:1088} INFO - Starting attempt 1 of 1
[2021-08-08 11:00:00,999] {taskinstance.py:1089} INFO - 
--------------------------------------------------------------------------------
[2021-08-08 11:00:01,012] {taskinstance.py:1107} INFO - Executing <Task(ExternalTaskSensor): presentation_pipeline_start> on 2021-08-08T10:00:00+00:00
[2021-08-08 11:00:01,020] {standard_task_runner.py:76} INFO - Running: ['***', 'tasks', 'run', 'presentation_pipeline', 'presentation_pipeline_start', '2021-08-08T10:00:00+00:00', '--job-id', '96', '--pool', 'default_pool', '--raw', '--subdir', 'DAGS_FOLDER/presentation_pipeline.py', '--cfg-path', '/tmp/tmp43dkdqbe', '--error-file', '/tmp/tmp0tf1vh0r']
[2021-08-08 11:00:01,016] {standard_task_runner.py:52} INFO - Started process 10909 to run task
[2021-08-08 11:00:01,022] {standard_task_runner.py:77} INFO - Job 96: Subtask presentation_pipeline_start
[2021-08-08 11:00:01,065] {logging_mixin.py:104} INFO - Running <TaskInstance: presentation_pipeline.presentation_pipeline_start 2021-08-08T10:00:00+00:00 [running]> on host 99eefc5c6cd8
[2021-08-08 11:00:01,115] {taskinstance.py:1302} INFO - Exporting the following env vars:
AIRFLOW_CTX_DAG_OWNER=***
AIRFLOW_CTX_DAG_ID=presentation_pipeline
AIRFLOW_CTX_TASK_ID=presentation_pipeline_start
AIRFLOW_CTX_EXECUTION_DATE=2021-08-08T10:00:00+00:00
AIRFLOW_CTX_DAG_RUN_ID=scheduled__2021-08-08T10:00:00+00:00
[2021-08-08 11:00:01,116] {external_task.py:152} INFO - Poking for standardized_pipeline.standardized_pipeline_end on 2021-08-08T10:00:00+00:00 ... 
[2021-08-08 11:01:01,108] {external_task.py:152} INFO - Poking for standardized_pipeline.standardized_pipeline_end on 2021-08-08T10:00:00+00:00 ... 
[2021-08-08 11:03:32,896] {taskinstance.py:896} INFO - Dependencies all met for <TaskInstance: presentation_pipeline.presentation_pipeline_start 2021-08-08T10:00:00+00:00 [queued]>
[2021-08-08 11:03:32,911] {taskinstance.py:896} INFO - Dependencies all met for <TaskInstance: presentation_pipeline.presentation_pipeline_start 2021-08-08T10:00:00+00:00 [queued]>
[2021-08-08 11:03:32,912] {taskinstance.py:1087} INFO - 
--------------------------------------------------------------------------------
[2021-08-08 11:03:32,913] {taskinstance.py:1088} INFO - Starting attempt 1 of 1
[2021-08-08 11:03:32,914] {taskinstance.py:1089} INFO - 
--------------------------------------------------------------------------------
[2021-08-08 11:03:32,921] {taskinstance.py:1107} INFO - Executing <Task(ExternalTaskSensor): presentation_pipeline_start> on 2021-08-08T10:00:00+00:00
[2021-08-08 11:03:32,928] {standard_task_runner.py:76} INFO - Running: ['***', 'tasks', 'run', 'presentation_pipeline', 'presentation_pipeline_start', '2021-08-08T10:00:00+00:00', '--job-id', '3', '--pool', 'default_pool', '--raw', '--subdir', 'DAGS_FOLDER/presentation_pipeline.py', '--cfg-path', '/tmp/tmpu7itpxe2', '--error-file', '/tmp/tmpyfoygjha']
[2021-08-08 11:03:32,925] {standard_task_runner.py:52} INFO - Started process 158 to run task
[2021-08-08 11:03:32,930] {standard_task_runner.py:77} INFO - Job 3: Subtask presentation_pipeline_start
[2021-08-08 11:03:32,973] {logging_mixin.py:104} INFO - Running <TaskInstance: presentation_pipeline.presentation_pipeline_start 2021-08-08T10:00:00+00:00 [running]> on host ce886ce1d63a
[2021-08-08 11:03:33,022] {taskinstance.py:1302} INFO - Exporting the following env vars:
AIRFLOW_CTX_DAG_OWNER=***
AIRFLOW_CTX_DAG_ID=presentation_pipeline
AIRFLOW_CTX_TASK_ID=presentation_pipeline_start
AIRFLOW_CTX_EXECUTION_DATE=2021-08-08T10:00:00+00:00
AIRFLOW_CTX_DAG_RUN_ID=scheduled__2021-08-08T10:00:00+00:00
[2021-08-08 11:03:33,023] {external_task.py:152} INFO - Poking for standardized_pipeline.standardized_pipeline_end on 2021-08-08T10:00:00+00:00 ... 
[2021-08-08 11:04:32,985] {external_task.py:152} INFO - Poking for standardized_pipeline.standardized_pipeline_end on 2021-08-08T10:00:00+00:00 ... 
[2021-08-08 11:05:32,978] {external_task.py:152} INFO - Poking for standardized_pipeline.standardized_pipeline_end on 2021-08-08T10:00:00+00:00 ... 
[2021-08-08 11:05:32,990] {base.py:248} INFO - Success criteria met. Exiting.
[2021-08-08 11:05:33,001] {taskinstance.py:1211} INFO - Marking task as SUCCESS. dag_id=presentation_pipeline, task_id=presentation_pipeline_start, execution_date=20210808T100000, start_date=20210808T110332, end_date=20210808T110533
[2021-08-08 11:05:33,035] {taskinstance.py:1265} INFO - 5 downstream tasks scheduled from follow-on schedule check
[2021-08-08 11:05:33,084] {local_task_job.py:149} INFO - Task exited with return code 0
[2021-08-08 11:54:53,001] {taskinstance.py:896} INFO - Dependencies all met for <TaskInstance: presentation_pipeline.presentation_pipeline_start 2021-08-08T10:00:00+00:00 [queued]>
[2021-08-08 11:54:53,012] {taskinstance.py:896} INFO - Dependencies all met for <TaskInstance: presentation_pipeline.presentation_pipeline_start 2021-08-08T10:00:00+00:00 [queued]>
[2021-08-08 11:54:53,013] {taskinstance.py:1087} INFO - 
--------------------------------------------------------------------------------
[2021-08-08 11:54:53,013] {taskinstance.py:1088} INFO - Starting attempt 1 of 1
[2021-08-08 11:54:53,014] {taskinstance.py:1089} INFO - 
--------------------------------------------------------------------------------
[2021-08-08 11:54:53,026] {taskinstance.py:1107} INFO - Executing <Task(ExternalTaskSensor): presentation_pipeline_start> on 2021-08-08T10:00:00+00:00
[2021-08-08 11:54:53,029] {standard_task_runner.py:52} INFO - Started process 211 to run task
[2021-08-08 11:54:53,033] {standard_task_runner.py:76} INFO - Running: ['***', 'tasks', 'run', 'presentation_pipeline', 'presentation_pipeline_start', '2021-08-08T10:00:00+00:00', '--job-id', '4', '--pool', 'default_pool', '--raw', '--subdir', 'DAGS_FOLDER/presentation_pipeline.py', '--cfg-path', '/tmp/tmp3h9lfub6', '--error-file', '/tmp/tmpowgjyinh']
[2021-08-08 11:54:53,035] {standard_task_runner.py:77} INFO - Job 4: Subtask presentation_pipeline_start
[2021-08-08 11:54:53,077] {logging_mixin.py:104} INFO - Running <TaskInstance: presentation_pipeline.presentation_pipeline_start 2021-08-08T10:00:00+00:00 [running]> on host 7f57f947ae95
[2021-08-08 11:54:53,121] {taskinstance.py:1302} INFO - Exporting the following env vars:
AIRFLOW_CTX_DAG_OWNER=***
AIRFLOW_CTX_DAG_ID=presentation_pipeline
AIRFLOW_CTX_TASK_ID=presentation_pipeline_start
AIRFLOW_CTX_EXECUTION_DATE=2021-08-08T10:00:00+00:00
AIRFLOW_CTX_DAG_RUN_ID=scheduled__2021-08-08T10:00:00+00:00
[2021-08-08 11:54:53,123] {external_task.py:152} INFO - Poking for standardized_pipeline.standardized_pipeline_end on 2021-08-08T10:00:00+00:00 ... 
[2021-08-08 11:55:53,122] {external_task.py:152} INFO - Poking for standardized_pipeline.standardized_pipeline_end on 2021-08-08T10:00:00+00:00 ... 
[2021-08-08 11:56:53,098] {external_task.py:152} INFO - Poking for standardized_pipeline.standardized_pipeline_end on 2021-08-08T10:00:00+00:00 ... 
[2021-08-08 11:56:53,109] {base.py:248} INFO - Success criteria met. Exiting.
[2021-08-08 11:56:53,118] {taskinstance.py:1211} INFO - Marking task as SUCCESS. dag_id=presentation_pipeline, task_id=presentation_pipeline_start, execution_date=20210808T100000, start_date=20210808T115453, end_date=20210808T115653
[2021-08-08 11:56:53,153] {taskinstance.py:1265} INFO - 5 downstream tasks scheduled from follow-on schedule check
[2021-08-08 11:56:53,163] {local_task_job.py:149} INFO - Task exited with return code 0
