[2021-08-08 03:45:01,448] {taskinstance.py:896} INFO - Dependencies all met for <TaskInstance: standardized_pipeline.standardized_pipeline_start 2021-08-08T03:40:00+00:00 [queued]>
[2021-08-08 03:45:01,476] {taskinstance.py:896} INFO - Dependencies all met for <TaskInstance: standardized_pipeline.standardized_pipeline_start 2021-08-08T03:40:00+00:00 [queued]>
[2021-08-08 03:45:01,479] {taskinstance.py:1087} INFO - 
--------------------------------------------------------------------------------
[2021-08-08 03:45:01,482] {taskinstance.py:1088} INFO - Starting attempt 1 of 11
[2021-08-08 03:45:01,484] {taskinstance.py:1089} INFO - 
--------------------------------------------------------------------------------
[2021-08-08 03:45:01,516] {taskinstance.py:1107} INFO - Executing <Task(ExternalTaskSensor): standardized_pipeline_start> on 2021-08-08T03:40:00+00:00
[2021-08-08 03:45:01,527] {standard_task_runner.py:52} INFO - Started process 506 to run task
[2021-08-08 03:45:01,538] {standard_task_runner.py:76} INFO - Running: ['***', 'tasks', 'run', 'standardized_pipeline', 'standardized_pipeline_start', '2021-08-08T03:40:00+00:00', '--job-id', '21', '--pool', 'default_pool', '--raw', '--subdir', 'DAGS_FOLDER/standardized_pipeline.py', '--cfg-path', '/tmp/tmpnajkmva6', '--error-file', '/tmp/tmpovqvd7fo']
[2021-08-08 03:45:01,542] {standard_task_runner.py:77} INFO - Job 21: Subtask standardized_pipeline_start
[2021-08-08 03:45:01,670] {logging_mixin.py:104} INFO - Running <TaskInstance: standardized_pipeline.standardized_pipeline_start 2021-08-08T03:40:00+00:00 [running]> on host 75feb3cfb2a6
[2021-08-08 03:45:01,826] {taskinstance.py:1302} INFO - Exporting the following env vars:
AIRFLOW_CTX_DAG_EMAIL=wildangbudhi@gmail.com
AIRFLOW_CTX_DAG_OWNER=***
AIRFLOW_CTX_DAG_ID=standardized_pipeline
AIRFLOW_CTX_TASK_ID=standardized_pipeline_start
AIRFLOW_CTX_EXECUTION_DATE=2021-08-08T03:40:00+00:00
AIRFLOW_CTX_DAG_RUN_ID=scheduled__2021-08-08T03:40:00+00:00
[2021-08-08 03:45:01,833] {external_task.py:152} INFO - Poking for to_datalake_pipeline.to_datalake_pipeline_end on 2021-08-08T03:40:00+00:00 ... 
[2021-08-08 03:46:01,842] {external_task.py:152} INFO - Poking for to_datalake_pipeline.to_datalake_pipeline_end on 2021-08-08T03:40:00+00:00 ... 
[2021-08-08 03:46:01,857] {base.py:248} INFO - Success criteria met. Exiting.
[2021-08-08 03:46:01,879] {taskinstance.py:1211} INFO - Marking task as SUCCESS. dag_id=standardized_pipeline, task_id=standardized_pipeline_start, execution_date=20210808T034000, start_date=20210808T034501, end_date=20210808T034601
[2021-08-08 03:46:01,982] {taskinstance.py:1265} INFO - 8 downstream tasks scheduled from follow-on schedule check
[2021-08-08 03:46:02,042] {local_task_job.py:149} INFO - Task exited with return code 0
