[2021-08-08 04:58:57,399] {taskinstance.py:896} INFO - Dependencies all met for <TaskInstance: presentation_pipeline.presentation_pipeline_start 2021-08-08T04:50:00+00:00 [queued]>
[2021-08-08 04:58:57,429] {taskinstance.py:896} INFO - Dependencies all met for <TaskInstance: presentation_pipeline.presentation_pipeline_start 2021-08-08T04:50:00+00:00 [queued]>
[2021-08-08 04:58:57,431] {taskinstance.py:1087} INFO - 
--------------------------------------------------------------------------------
[2021-08-08 04:58:57,433] {taskinstance.py:1088} INFO - Starting attempt 1 of 1
[2021-08-08 04:58:57,434] {taskinstance.py:1089} INFO - 
--------------------------------------------------------------------------------
[2021-08-08 04:58:57,467] {taskinstance.py:1107} INFO - Executing <Task(ExternalTaskSensor): presentation_pipeline_start> on 2021-08-08T04:50:00+00:00
[2021-08-08 04:58:57,476] {standard_task_runner.py:52} INFO - Started process 6173 to run task
[2021-08-08 04:58:57,488] {standard_task_runner.py:76} INFO - Running: ['***', 'tasks', 'run', 'presentation_pipeline', 'presentation_pipeline_start', '2021-08-08T04:50:00+00:00', '--job-id', '40', '--pool', 'default_pool', '--raw', '--subdir', 'DAGS_FOLDER/presentation_pipeline.py', '--cfg-path', '/tmp/tmp7w6_8jkg', '--error-file', '/tmp/tmpa3ggm8n9']
[2021-08-08 04:58:57,493] {standard_task_runner.py:77} INFO - Job 40: Subtask presentation_pipeline_start
[2021-08-08 04:58:57,605] {logging_mixin.py:104} INFO - Running <TaskInstance: presentation_pipeline.presentation_pipeline_start 2021-08-08T04:50:00+00:00 [running]> on host 75feb3cfb2a6
[2021-08-08 04:58:57,752] {taskinstance.py:1302} INFO - Exporting the following env vars:
AIRFLOW_CTX_DAG_OWNER=***
AIRFLOW_CTX_DAG_ID=presentation_pipeline
AIRFLOW_CTX_TASK_ID=presentation_pipeline_start
AIRFLOW_CTX_EXECUTION_DATE=2021-08-08T04:50:00+00:00
AIRFLOW_CTX_DAG_RUN_ID=scheduled__2021-08-08T04:50:00+00:00
[2021-08-08 04:58:57,756] {external_task.py:152} INFO - Poking for standardized_pipeline.standardized_pipeline_end on 2021-08-08T04:50:00+00:00 ... 
[2021-08-08 04:59:57,776] {external_task.py:152} INFO - Poking for standardized_pipeline.standardized_pipeline_end on 2021-08-08T04:50:00+00:00 ... 
[2021-08-08 05:00:57,824] {external_task.py:152} INFO - Poking for standardized_pipeline.standardized_pipeline_end on 2021-08-08T04:50:00+00:00 ... 
[2021-08-08 05:00:57,847] {base.py:248} INFO - Success criteria met. Exiting.
[2021-08-08 05:00:57,875] {taskinstance.py:1211} INFO - Marking task as SUCCESS. dag_id=presentation_pipeline, task_id=presentation_pipeline_start, execution_date=20210808T045000, start_date=20210808T045857, end_date=20210808T050057
[2021-08-08 05:00:57,991] {taskinstance.py:1265} INFO - 5 downstream tasks scheduled from follow-on schedule check
[2021-08-08 05:00:58,049] {local_task_job.py:149} INFO - Task exited with return code 0
