[2021-08-08 05:05:00,686] {taskinstance.py:896} INFO - Dependencies all met for <TaskInstance: standardized_pipeline.standardized_pipeline_start 2021-08-08T05:00:00+00:00 [queued]>
[2021-08-08 05:05:00,699] {taskinstance.py:896} INFO - Dependencies all met for <TaskInstance: standardized_pipeline.standardized_pipeline_start 2021-08-08T05:00:00+00:00 [queued]>
[2021-08-08 05:05:00,700] {taskinstance.py:1087} INFO - 
--------------------------------------------------------------------------------
[2021-08-08 05:05:00,701] {taskinstance.py:1088} INFO - Starting attempt 1 of 11
[2021-08-08 05:05:00,701] {taskinstance.py:1089} INFO - 
--------------------------------------------------------------------------------
[2021-08-08 05:05:00,718] {taskinstance.py:1107} INFO - Executing <Task(ExternalTaskSensor): standardized_pipeline_start> on 2021-08-08T05:00:00+00:00
[2021-08-08 05:05:00,723] {standard_task_runner.py:52} INFO - Started process 6704 to run task
[2021-08-08 05:05:00,729] {standard_task_runner.py:76} INFO - Running: ['***', 'tasks', 'run', 'standardized_pipeline', 'standardized_pipeline_start', '2021-08-08T05:00:00+00:00', '--job-id', '91', '--pool', 'default_pool', '--raw', '--subdir', 'DAGS_FOLDER/standardized_pipeline.py', '--cfg-path', '/tmp/tmpbmsfbf65', '--error-file', '/tmp/tmpwl5ukyir']
[2021-08-08 05:05:00,731] {standard_task_runner.py:77} INFO - Job 91: Subtask standardized_pipeline_start
[2021-08-08 05:05:00,791] {logging_mixin.py:104} INFO - Running <TaskInstance: standardized_pipeline.standardized_pipeline_start 2021-08-08T05:00:00+00:00 [running]> on host 75feb3cfb2a6
[2021-08-08 05:05:00,857] {taskinstance.py:1302} INFO - Exporting the following env vars:
AIRFLOW_CTX_DAG_EMAIL=wildangbudhi@gmail.com
AIRFLOW_CTX_DAG_OWNER=***
AIRFLOW_CTX_DAG_ID=standardized_pipeline
AIRFLOW_CTX_TASK_ID=standardized_pipeline_start
AIRFLOW_CTX_EXECUTION_DATE=2021-08-08T05:00:00+00:00
AIRFLOW_CTX_DAG_RUN_ID=scheduled__2021-08-08T05:00:00+00:00
[2021-08-08 05:05:00,858] {external_task.py:152} INFO - Poking for to_datalake_pipeline.to_datalake_pipeline_end on 2021-08-08T05:00:00+00:00 ... 
[2021-08-08 05:06:00,880] {external_task.py:152} INFO - Poking for to_datalake_pipeline.to_datalake_pipeline_end on 2021-08-08T05:00:00+00:00 ... 
[2021-08-08 05:06:00,887] {base.py:248} INFO - Success criteria met. Exiting.
[2021-08-08 05:06:00,894] {taskinstance.py:1211} INFO - Marking task as SUCCESS. dag_id=standardized_pipeline, task_id=standardized_pipeline_start, execution_date=20210808T050000, start_date=20210808T050500, end_date=20210808T050600
[2021-08-08 05:06:00,931] {taskinstance.py:1265} INFO - 8 downstream tasks scheduled from follow-on schedule check
[2021-08-08 05:06:00,963] {local_task_job.py:149} INFO - Task exited with return code 0
[2021-08-08 05:09:17,509] {taskinstance.py:896} INFO - Dependencies all met for <TaskInstance: standardized_pipeline.standardized_pipeline_start 2021-08-08T05:00:00+00:00 [queued]>
[2021-08-08 05:09:17,540] {taskinstance.py:896} INFO - Dependencies all met for <TaskInstance: standardized_pipeline.standardized_pipeline_start 2021-08-08T05:00:00+00:00 [queued]>
[2021-08-08 05:09:17,541] {taskinstance.py:1087} INFO - 
--------------------------------------------------------------------------------
[2021-08-08 05:09:17,542] {taskinstance.py:1088} INFO - Starting attempt 1 of 11
[2021-08-08 05:09:17,543] {taskinstance.py:1089} INFO - 
--------------------------------------------------------------------------------
[2021-08-08 05:09:17,561] {taskinstance.py:1107} INFO - Executing <Task(ExternalTaskSensor): standardized_pipeline_start> on 2021-08-08T05:00:00+00:00
[2021-08-08 05:09:17,576] {standard_task_runner.py:76} INFO - Running: ['***', 'tasks', 'run', 'standardized_pipeline', 'standardized_pipeline_start', '2021-08-08T05:00:00+00:00', '--job-id', '2', '--pool', 'default_pool', '--raw', '--subdir', 'DAGS_FOLDER/standardized_pipeline.py', '--cfg-path', '/tmp/tmp2gwhpydq', '--error-file', '/tmp/tmpyu82m2gy']
[2021-08-08 05:09:17,570] {standard_task_runner.py:52} INFO - Started process 124 to run task
[2021-08-08 05:09:17,579] {standard_task_runner.py:77} INFO - Job 2: Subtask standardized_pipeline_start
[2021-08-08 05:09:17,660] {logging_mixin.py:104} INFO - Running <TaskInstance: standardized_pipeline.standardized_pipeline_start 2021-08-08T05:00:00+00:00 [running]> on host dbfb9e13da58
[2021-08-08 05:09:17,746] {taskinstance.py:1302} INFO - Exporting the following env vars:
AIRFLOW_CTX_DAG_EMAIL=wildangbudhi@gmail.com
AIRFLOW_CTX_DAG_OWNER=***
AIRFLOW_CTX_DAG_ID=standardized_pipeline
AIRFLOW_CTX_TASK_ID=standardized_pipeline_start
AIRFLOW_CTX_EXECUTION_DATE=2021-08-08T05:00:00+00:00
AIRFLOW_CTX_DAG_RUN_ID=scheduled__2021-08-08T05:00:00+00:00
[2021-08-08 05:09:17,748] {external_task.py:152} INFO - Poking for to_datalake_pipeline.to_datalake_pipeline_end on 2021-08-08T05:00:00+00:00 ... 
[2021-08-08 05:10:17,775] {external_task.py:152} INFO - Poking for to_datalake_pipeline.to_datalake_pipeline_end on 2021-08-08T05:00:00+00:00 ... 
[2021-08-08 05:11:17,790] {external_task.py:152} INFO - Poking for to_datalake_pipeline.to_datalake_pipeline_end on 2021-08-08T05:00:00+00:00 ... 
[2021-08-08 05:11:17,802] {base.py:248} INFO - Success criteria met. Exiting.
[2021-08-08 05:11:17,814] {taskinstance.py:1211} INFO - Marking task as SUCCESS. dag_id=standardized_pipeline, task_id=standardized_pipeline_start, execution_date=20210808T050000, start_date=20210808T050917, end_date=20210808T051117
[2021-08-08 05:11:17,873] {taskinstance.py:1265} INFO - 8 downstream tasks scheduled from follow-on schedule check
[2021-08-08 05:11:17,911] {local_task_job.py:149} INFO - Task exited with return code 0
