[2021-08-08 07:07:03,105] {taskinstance.py:896} INFO - Dependencies all met for <TaskInstance: presentation_pipeline.presentation_dim_suppliers 2021-08-08T06:05:00+00:00 [queued]>
[2021-08-08 07:07:03,116] {taskinstance.py:896} INFO - Dependencies all met for <TaskInstance: presentation_pipeline.presentation_dim_suppliers 2021-08-08T06:05:00+00:00 [queued]>
[2021-08-08 07:07:03,117] {taskinstance.py:1087} INFO - 
--------------------------------------------------------------------------------
[2021-08-08 07:07:03,118] {taskinstance.py:1088} INFO - Starting attempt 1 of 1
[2021-08-08 07:07:03,118] {taskinstance.py:1089} INFO - 
--------------------------------------------------------------------------------
[2021-08-08 07:07:03,133] {taskinstance.py:1107} INFO - Executing <Task(MySqlOperator): presentation_dim_suppliers> on 2021-08-08T06:05:00+00:00
[2021-08-08 07:07:03,138] {standard_task_runner.py:52} INFO - Started process 423 to run task
[2021-08-08 07:07:03,142] {standard_task_runner.py:76} INFO - Running: ['***', 'tasks', 'run', 'presentation_pipeline', 'presentation_dim_suppliers', '2021-08-08T06:05:00+00:00', '--job-id', '57', '--pool', 'default_pool', '--raw', '--subdir', 'DAGS_FOLDER/presentation_pipeline.py', '--cfg-path', '/tmp/tmpemeql4q9', '--error-file', '/tmp/tmplilbs2uo']
[2021-08-08 07:07:03,143] {standard_task_runner.py:77} INFO - Job 57: Subtask presentation_dim_suppliers
[2021-08-08 07:07:03,195] {logging_mixin.py:104} INFO - Running <TaskInstance: presentation_pipeline.presentation_dim_suppliers 2021-08-08T06:05:00+00:00 [running]> on host bf836d82c89b
[2021-08-08 07:07:03,259] {taskinstance.py:1302} INFO - Exporting the following env vars:
AIRFLOW_CTX_DAG_OWNER=***
AIRFLOW_CTX_DAG_ID=presentation_pipeline
AIRFLOW_CTX_TASK_ID=presentation_dim_suppliers
AIRFLOW_CTX_EXECUTION_DATE=2021-08-08T06:05:00+00:00
AIRFLOW_CTX_DAG_RUN_ID=scheduled__2021-08-08T06:05:00+00:00
[2021-08-08 07:07:03,260] {mysql.py:70} INFO - Executing: INSERT IGNORE INTO presentation.suppliers
SELECT
	DISTINCT 
	s.SUPPLIER_KEY,
	s.SUPPLIER_ACCOUNT_BALANCE_TOTAL ,
	n.NATION_NAME,
	NOW() AS INGESTION_TIMESTAMP
FROM 
	standardized.suppliers s
LEFT JOIN 
	standardized.nations n 
	ON s.NATION_KEY = n.NATION_KEY 
WHERE 
	s.INGESTION_TIMESTAMP >= DATE_SUB(NOW(), INTERVAL 1 HOUR)
[2021-08-08 07:07:03,275] {base.py:78} INFO - Using connection to: id: dwh_id. Host: dwh, Port: 3306, Schema: , Login: root, Password: ***, extra: {}
[2021-08-08 07:07:03,289] {dbapi.py:204} INFO - Running statement: INSERT IGNORE INTO presentation.suppliers
SELECT
	DISTINCT 
	s.SUPPLIER_KEY,
	s.SUPPLIER_ACCOUNT_BALANCE_TOTAL ,
	n.NATION_NAME,
	NOW() AS INGESTION_TIMESTAMP
FROM 
	standardized.suppliers s
LEFT JOIN 
	standardized.nations n 
	ON s.NATION_KEY = n.NATION_KEY 
WHERE 
	s.INGESTION_TIMESTAMP >= DATE_SUB(NOW(), INTERVAL 1 HOUR), parameters: None
[2021-08-08 07:07:03,300] {dbapi.py:212} INFO - Rows affected: 0
[2021-08-08 07:07:03,312] {taskinstance.py:1211} INFO - Marking task as SUCCESS. dag_id=presentation_pipeline, task_id=presentation_dim_suppliers, execution_date=20210808T060500, start_date=20210808T070703, end_date=20210808T070703
[2021-08-08 07:07:03,338] {taskinstance.py:1265} INFO - 0 downstream tasks scheduled from follow-on schedule check
[2021-08-08 07:07:03,358] {local_task_job.py:149} INFO - Task exited with return code 0
