[2021-08-08 03:44:07,281] {taskinstance.py:896} INFO - Dependencies all met for <TaskInstance: standardized_pipeline.standardized_orders 2021-08-08T03:35:00+00:00 [queued]>
[2021-08-08 03:44:07,396] {taskinstance.py:896} INFO - Dependencies all met for <TaskInstance: standardized_pipeline.standardized_orders 2021-08-08T03:35:00+00:00 [queued]>
[2021-08-08 03:44:07,402] {taskinstance.py:1087} INFO - 
--------------------------------------------------------------------------------
[2021-08-08 03:44:07,408] {taskinstance.py:1088} INFO - Starting attempt 1 of 11
[2021-08-08 03:44:07,416] {taskinstance.py:1089} INFO - 
--------------------------------------------------------------------------------
[2021-08-08 03:44:07,507] {taskinstance.py:1107} INFO - Executing <Task(MySqlOperator): standardized_orders> on 2021-08-08T03:35:00+00:00
[2021-08-08 03:44:07,554] {standard_task_runner.py:76} INFO - Running: ['***', 'tasks', 'run', 'standardized_pipeline', 'standardized_orders', '2021-08-08T03:35:00+00:00', '--job-id', '19', '--pool', 'default_pool', '--raw', '--subdir', 'DAGS_FOLDER/standardized_pipeline.py', '--cfg-path', '/tmp/tmp2ev_rmun', '--error-file', '/tmp/tmpu9j3ldet']
[2021-08-08 03:44:07,558] {standard_task_runner.py:77} INFO - Job 19: Subtask standardized_orders
[2021-08-08 03:44:07,534] {standard_task_runner.py:52} INFO - Started process 442 to run task
[2021-08-08 03:44:07,833] {logging_mixin.py:104} INFO - Running <TaskInstance: standardized_pipeline.standardized_orders 2021-08-08T03:35:00+00:00 [running]> on host 75feb3cfb2a6
[2021-08-08 03:44:08,029] {taskinstance.py:1302} INFO - Exporting the following env vars:
AIRFLOW_CTX_DAG_EMAIL=wildangbudhi@gmail.com
AIRFLOW_CTX_DAG_OWNER=***
AIRFLOW_CTX_DAG_ID=standardized_pipeline
AIRFLOW_CTX_TASK_ID=standardized_orders
AIRFLOW_CTX_EXECUTION_DATE=2021-08-08T03:35:00+00:00
AIRFLOW_CTX_DAG_RUN_ID=scheduled__2021-08-08T03:35:00+00:00
[2021-08-08 03:44:08,032] {mysql.py:70} INFO - Executing: INSERT INTO standardized.orders
WITH data_last_5_minutes AS (
	SELECT
        DISTINCT
        CAST(O_ORDERKEY AS SIGNED) AS ORDER_KEY,
        CAST(O_CUSTKEY AS SIGNED) AS CUSTOMER_KEY,
        O_ORDERSTATUS AS ORDER_STATUS_TYPE,
        CAST(O_TOTALPRICE AS SIGNED) AS ORDER_TOTAL_PRICE,
        CAST(O_ORDERDATE AS DATE) AS ORDER_DATE,
        O_ORDERPRIORITY AS ORDER_PRIORITY_TYPE,
        O_CLERK AS ORDER_CLERK,
        O_SHIPPRIORITY AS ORDER_SHIPPRIORITY,
        O_COMMENT AS ORDER_COMMENT,
        NOW() AS INGESTION_TIMESTAMP
    FROM
        datalake.ORDERS o
    WHERE 
        o.INGESTION_TIMESTAMP >= DATE_SUB(NOW(), INTERVAL 5 MINUTE)
)

SELECT 
	* 
FROM 
	data_last_5_minutes
[2021-08-08 03:44:08,052] {base.py:78} INFO - Using connection to: id: dwh_id. Host: dwh, Port: 3306, Schema: , Login: root, Password: ***, extra: {}
[2021-08-08 03:44:08,084] {dbapi.py:204} INFO - Running statement: INSERT INTO standardized.orders
WITH data_last_5_minutes AS (
	SELECT
        DISTINCT
        CAST(O_ORDERKEY AS SIGNED) AS ORDER_KEY,
        CAST(O_CUSTKEY AS SIGNED) AS CUSTOMER_KEY,
        O_ORDERSTATUS AS ORDER_STATUS_TYPE,
        CAST(O_TOTALPRICE AS SIGNED) AS ORDER_TOTAL_PRICE,
        CAST(O_ORDERDATE AS DATE) AS ORDER_DATE,
        O_ORDERPRIORITY AS ORDER_PRIORITY_TYPE,
        O_CLERK AS ORDER_CLERK,
        O_SHIPPRIORITY AS ORDER_SHIPPRIORITY,
        O_COMMENT AS ORDER_COMMENT,
        NOW() AS INGESTION_TIMESTAMP
    FROM
        datalake.ORDERS o
    WHERE 
        o.INGESTION_TIMESTAMP >= DATE_SUB(NOW(), INTERVAL 5 MINUTE)
)

SELECT 
	* 
FROM 
	data_last_5_minutes, parameters: None
[2021-08-08 03:44:08,448] {dbapi.py:212} INFO - Rows affected: 15000
[2021-08-08 03:44:08,494] {taskinstance.py:1211} INFO - Marking task as SUCCESS. dag_id=standardized_pipeline, task_id=standardized_orders, execution_date=20210808T033500, start_date=20210808T034407, end_date=20210808T034408
[2021-08-08 03:44:08,541] {taskinstance.py:1265} INFO - 0 downstream tasks scheduled from follow-on schedule check
[2021-08-08 03:44:08,596] {local_task_job.py:149} INFO - Task exited with return code 0
