[2021-08-07 16:36:06,145] {taskinstance.py:896} INFO - Dependencies all met for <TaskInstance: standardized_pipeline.standardized_region 2021-08-07T16:36:02.133925+00:00 [queued]>
[2021-08-07 16:36:06,229] {taskinstance.py:896} INFO - Dependencies all met for <TaskInstance: standardized_pipeline.standardized_region 2021-08-07T16:36:02.133925+00:00 [queued]>
[2021-08-07 16:36:06,232] {taskinstance.py:1087} INFO - 
--------------------------------------------------------------------------------
[2021-08-07 16:36:06,234] {taskinstance.py:1088} INFO - Starting attempt 1 of 1
[2021-08-07 16:36:06,246] {taskinstance.py:1089} INFO - 
--------------------------------------------------------------------------------
[2021-08-07 16:36:06,287] {taskinstance.py:1107} INFO - Executing <Task(MySqlOperator): standardized_region> on 2021-08-07T16:36:02.133925+00:00
[2021-08-07 16:36:06,332] {standard_task_runner.py:76} INFO - Running: ['***', 'tasks', 'run', 'standardized_pipeline', 'standardized_region', '2021-08-07T16:36:02.133925+00:00', '--job-id', '34', '--pool', 'default_pool', '--raw', '--subdir', 'DAGS_FOLDER/standardized_pipeline.py', '--cfg-path', '/tmp/tmpbr2h4s8k', '--error-file', '/tmp/tmpekt0me3j']
[2021-08-07 16:36:06,335] {standard_task_runner.py:77} INFO - Job 34: Subtask standardized_region
[2021-08-07 16:36:06,313] {standard_task_runner.py:52} INFO - Started process 410 to run task
[2021-08-07 16:36:06,533] {logging_mixin.py:104} INFO - Running <TaskInstance: standardized_pipeline.standardized_region 2021-08-07T16:36:02.133925+00:00 [running]> on host c8552014663a
[2021-08-07 16:36:06,808] {taskinstance.py:1302} INFO - Exporting the following env vars:
AIRFLOW_CTX_DAG_OWNER=***
AIRFLOW_CTX_DAG_ID=standardized_pipeline
AIRFLOW_CTX_TASK_ID=standardized_region
AIRFLOW_CTX_EXECUTION_DATE=2021-08-07T16:36:02.133925+00:00
AIRFLOW_CTX_DAG_RUN_ID=manual__2021-08-07T16:36:02.133925+00:00
[2021-08-07 16:36:06,812] {mysql.py:70} INFO - Executing: INSERT IGNORE INTO standardized.REGION(
	`REGION_KEY`,
	`REGION_NAME`,
	`REGION_COMMENT`
) 

WITH region_last_5_minutes AS (
	SELECT
		DISTINCT 
		CAST(rd.R_REGIONKEY AS SIGNED) AS R_REGIONKEY,
		rd.R_NAME,
		rd.R_COMMENT
	FROM
		datalake.REGION rd
	WHERE rd.INGESTION_TIMESTAMP >= DATE_SUB(NOW(), INTERVAL 5 MINUTE)
)

SELECT 
	* 
FROM 
	region_last_5_minutes
[2021-08-07 16:36:06,849] {base.py:78} INFO - Using connection to: id: dwh_id. Host: dwh, Port: 3306, Schema: , Login: root, Password: ***, extra: {}
[2021-08-07 16:36:06,950] {dbapi.py:204} INFO - Running statement: INSERT IGNORE INTO standardized.REGION(
	`REGION_KEY`,
	`REGION_NAME`,
	`REGION_COMMENT`
) 

WITH region_last_5_minutes AS (
	SELECT
		DISTINCT 
		CAST(rd.R_REGIONKEY AS SIGNED) AS R_REGIONKEY,
		rd.R_NAME,
		rd.R_COMMENT
	FROM
		datalake.REGION rd
	WHERE rd.INGESTION_TIMESTAMP >= DATE_SUB(NOW(), INTERVAL 5 MINUTE)
)

SELECT 
	* 
FROM 
	region_last_5_minutes, parameters: None
[2021-08-07 16:36:06,954] {dbapi.py:212} INFO - Rows affected: 5
[2021-08-07 16:36:06,975] {taskinstance.py:1211} INFO - Marking task as SUCCESS. dag_id=standardized_pipeline, task_id=standardized_region, execution_date=20210807T163602, start_date=20210807T163606, end_date=20210807T163606
[2021-08-07 16:36:07,044] {taskinstance.py:1265} INFO - 0 downstream tasks scheduled from follow-on schedule check
[2021-08-07 16:36:07,108] {local_task_job.py:149} INFO - Task exited with return code 0
