[2021-08-08 05:32:01,961] {taskinstance.py:896} INFO - Dependencies all met for <TaskInstance: presentation_pipeline.create_presentation_table_dim_nations 2021-08-08T05:25:00+00:00 [queued]>
[2021-08-08 05:32:01,978] {taskinstance.py:896} INFO - Dependencies all met for <TaskInstance: presentation_pipeline.create_presentation_table_dim_nations 2021-08-08T05:25:00+00:00 [queued]>
[2021-08-08 05:32:01,979] {taskinstance.py:1087} INFO - 
--------------------------------------------------------------------------------
[2021-08-08 05:32:01,979] {taskinstance.py:1088} INFO - Starting attempt 1 of 1
[2021-08-08 05:32:01,979] {taskinstance.py:1089} INFO - 
--------------------------------------------------------------------------------
[2021-08-08 05:32:01,988] {taskinstance.py:1107} INFO - Executing <Task(MySqlOperator): create_presentation_table_dim_nations> on 2021-08-08T05:25:00+00:00
[2021-08-08 05:32:01,993] {standard_task_runner.py:52} INFO - Started process 926 to run task
[2021-08-08 05:32:01,999] {standard_task_runner.py:76} INFO - Running: ['***', 'tasks', 'run', 'presentation_pipeline', 'create_presentation_table_dim_nations', '2021-08-08T05:25:00+00:00', '--job-id', '81', '--pool', 'default_pool', '--raw', '--subdir', 'DAGS_FOLDER/presentation_pipeline.py', '--cfg-path', '/tmp/tmp5uktng6g', '--error-file', '/tmp/tmpgo3nzul3']
[2021-08-08 05:32:02,000] {standard_task_runner.py:77} INFO - Job 81: Subtask create_presentation_table_dim_nations
[2021-08-08 05:32:02,049] {logging_mixin.py:104} INFO - Running <TaskInstance: presentation_pipeline.create_presentation_table_dim_nations 2021-08-08T05:25:00+00:00 [running]> on host b48e43d568d5
[2021-08-08 05:32:02,110] {taskinstance.py:1302} INFO - Exporting the following env vars:
AIRFLOW_CTX_DAG_OWNER=***
AIRFLOW_CTX_DAG_ID=presentation_pipeline
AIRFLOW_CTX_TASK_ID=create_presentation_table_dim_nations
AIRFLOW_CTX_EXECUTION_DATE=2021-08-08T05:25:00+00:00
AIRFLOW_CTX_DAG_RUN_ID=scheduled__2021-08-08T05:25:00+00:00
[2021-08-08 05:32:02,111] {mysql.py:70} INFO - Executing: CREATE TABLE IF NOT EXISTS presentation.nations (
    NATION_KEY INT NOT NULL,
    INGESTION_TIMESTAMP TIMESTAMP NOT NULL DEFAULT CURRENT_TIMESTAMP,
    CONSTRAINT `NATIONS_PK` PRIMARY KEY (NATION_KEY)
) AS

SELECT 
	DISTINCT 
	n.NATION_KEY,
	n.NATION_NAME,
	r.REGION_KEY,
	r.REGION_NAME,
	NOW() AS INGESTION_TIMESTAMP
FROM 
	standardized.nations n
LEFT JOIN 
	standardized.regions r
	ON n.REGION_KEY = r.REGION_KEY 
WHERE 
	n.INGESTION_TIMESTAMP >= DATE_SUB(NOW(), INTERVAL 5 MINUTE)
[2021-08-08 05:32:02,124] {base.py:78} INFO - Using connection to: id: dwh_id. Host: dwh, Port: 3306, Schema: , Login: root, Password: ***, extra: {}
[2021-08-08 05:32:02,135] {dbapi.py:204} INFO - Running statement: CREATE TABLE IF NOT EXISTS presentation.nations (
    NATION_KEY INT NOT NULL,
    INGESTION_TIMESTAMP TIMESTAMP NOT NULL DEFAULT CURRENT_TIMESTAMP,
    CONSTRAINT `NATIONS_PK` PRIMARY KEY (NATION_KEY)
) AS

SELECT 
	DISTINCT 
	n.NATION_KEY,
	n.NATION_NAME,
	r.REGION_KEY,
	r.REGION_NAME,
	NOW() AS INGESTION_TIMESTAMP
FROM 
	standardized.nations n
LEFT JOIN 
	standardized.regions r
	ON n.REGION_KEY = r.REGION_KEY 
WHERE 
	n.INGESTION_TIMESTAMP >= DATE_SUB(NOW(), INTERVAL 5 MINUTE), parameters: None
[2021-08-08 05:32:02,136] {dbapi.py:212} INFO - Rows affected: 0
[2021-08-08 05:32:02,150] {taskinstance.py:1211} INFO - Marking task as SUCCESS. dag_id=presentation_pipeline, task_id=create_presentation_table_dim_nations, execution_date=20210808T052500, start_date=20210808T053201, end_date=20210808T053202
[2021-08-08 05:32:02,194] {taskinstance.py:1265} INFO - 1 downstream tasks scheduled from follow-on schedule check
[2021-08-08 05:32:02,215] {local_task_job.py:149} INFO - Task exited with return code 0
[2021-08-08 07:23:08,727] {taskinstance.py:896} INFO - Dependencies all met for <TaskInstance: presentation_pipeline.create_presentation_table_dim_nations 2021-08-08T05:25:00+00:00 [queued]>
[2021-08-08 07:23:08,759] {taskinstance.py:896} INFO - Dependencies all met for <TaskInstance: presentation_pipeline.create_presentation_table_dim_nations 2021-08-08T05:25:00+00:00 [queued]>
[2021-08-08 07:23:08,760] {taskinstance.py:1087} INFO - 
--------------------------------------------------------------------------------
[2021-08-08 07:23:08,761] {taskinstance.py:1088} INFO - Starting attempt 1 of 1
[2021-08-08 07:23:08,761] {taskinstance.py:1089} INFO - 
--------------------------------------------------------------------------------
[2021-08-08 07:23:08,772] {taskinstance.py:1107} INFO - Executing <Task(MySqlOperator): create_presentation_table_dim_nations> on 2021-08-08T05:25:00+00:00
[2021-08-08 07:23:08,778] {standard_task_runner.py:52} INFO - Started process 389 to run task
[2021-08-08 07:23:08,786] {standard_task_runner.py:76} INFO - Running: ['***', 'tasks', 'run', 'presentation_pipeline', 'create_presentation_table_dim_nations', '2021-08-08T05:25:00+00:00', '--job-id', '21', '--pool', 'default_pool', '--raw', '--subdir', 'DAGS_FOLDER/presentation_pipeline.py', '--cfg-path', '/tmp/tmpy59b6jf9', '--error-file', '/tmp/tmpdse15dkw']
[2021-08-08 07:23:08,789] {standard_task_runner.py:77} INFO - Job 21: Subtask create_presentation_table_dim_nations
[2021-08-08 07:23:08,863] {logging_mixin.py:104} INFO - Running <TaskInstance: presentation_pipeline.create_presentation_table_dim_nations 2021-08-08T05:25:00+00:00 [running]> on host af246ab3df74
[2021-08-08 07:23:08,941] {taskinstance.py:1302} INFO - Exporting the following env vars:
AIRFLOW_CTX_DAG_OWNER=***
AIRFLOW_CTX_DAG_ID=presentation_pipeline
AIRFLOW_CTX_TASK_ID=create_presentation_table_dim_nations
AIRFLOW_CTX_EXECUTION_DATE=2021-08-08T05:25:00+00:00
AIRFLOW_CTX_DAG_RUN_ID=scheduled__2021-08-08T05:25:00+00:00
[2021-08-08 07:23:08,943] {mysql.py:70} INFO - Executing: CREATE TABLE IF NOT EXISTS presentation.nations (
    NATION_KEY INT NOT NULL,
    INGESTION_TIMESTAMP TIMESTAMP NOT NULL DEFAULT CURRENT_TIMESTAMP,
    CONSTRAINT `NATIONS_PK` PRIMARY KEY (NATION_KEY)
) AS

SELECT 
	DISTINCT 
	n.NATION_KEY,
	n.NATION_NAME,
	r.REGION_KEY,
	r.REGION_NAME,
	NOW() AS INGESTION_TIMESTAMP
FROM 
	standardized.nations n
LEFT JOIN 
	standardized.regions r
	ON n.REGION_KEY = r.REGION_KEY 
WHERE 
	n.INGESTION_TIMESTAMP >= DATE_SUB(NOW(), INTERVAL 1 HOUR)
[2021-08-08 07:23:08,962] {base.py:78} INFO - Using connection to: id: dwh_id. Host: dwh, Port: 3306, Schema: , Login: root, Password: ***, extra: {}
[2021-08-08 07:23:08,978] {dbapi.py:204} INFO - Running statement: CREATE TABLE IF NOT EXISTS presentation.nations (
    NATION_KEY INT NOT NULL,
    INGESTION_TIMESTAMP TIMESTAMP NOT NULL DEFAULT CURRENT_TIMESTAMP,
    CONSTRAINT `NATIONS_PK` PRIMARY KEY (NATION_KEY)
) AS

SELECT 
	DISTINCT 
	n.NATION_KEY,
	n.NATION_NAME,
	r.REGION_KEY,
	r.REGION_NAME,
	NOW() AS INGESTION_TIMESTAMP
FROM 
	standardized.nations n
LEFT JOIN 
	standardized.regions r
	ON n.REGION_KEY = r.REGION_KEY 
WHERE 
	n.INGESTION_TIMESTAMP >= DATE_SUB(NOW(), INTERVAL 1 HOUR), parameters: None
[2021-08-08 07:23:08,996] {dbapi.py:212} INFO - Rows affected: 25
[2021-08-08 07:23:09,015] {taskinstance.py:1211} INFO - Marking task as SUCCESS. dag_id=presentation_pipeline, task_id=create_presentation_table_dim_nations, execution_date=20210808T052500, start_date=20210808T072308, end_date=20210808T072309
[2021-08-08 07:23:09,055] {taskinstance.py:1265} INFO - 1 downstream tasks scheduled from follow-on schedule check
[2021-08-08 07:23:09,088] {local_task_job.py:149} INFO - Task exited with return code 0
