[2021-08-07 14:20:20,024] {taskinstance.py:896} INFO - Dependencies all met for <TaskInstance: standardized_pipeline.create_standardized_table_supplier 2021-08-07T14:20:18.742702+00:00 [queued]>
[2021-08-07 14:20:20,098] {taskinstance.py:896} INFO - Dependencies all met for <TaskInstance: standardized_pipeline.create_standardized_table_supplier 2021-08-07T14:20:18.742702+00:00 [queued]>
[2021-08-07 14:20:20,099] {taskinstance.py:1087} INFO - 
--------------------------------------------------------------------------------
[2021-08-07 14:20:20,100] {taskinstance.py:1088} INFO - Starting attempt 1 of 1
[2021-08-07 14:20:20,103] {taskinstance.py:1089} INFO - 
--------------------------------------------------------------------------------
[2021-08-07 14:20:20,148] {taskinstance.py:1107} INFO - Executing <Task(MySqlOperator): create_standardized_table_supplier> on 2021-08-07T14:20:18.742702+00:00
[2021-08-07 14:20:20,155] {standard_task_runner.py:52} INFO - Started process 4575 to run task
[2021-08-07 14:20:20,193] {standard_task_runner.py:76} INFO - Running: ['***', 'tasks', 'run', 'standardized_pipeline', 'create_standardized_table_supplier', '2021-08-07T14:20:18.742702+00:00', '--job-id', '60', '--pool', 'default_pool', '--raw', '--subdir', 'DAGS_FOLDER/standardized_pipeline.py', '--cfg-path', '/tmp/tmpstji_hol', '--error-file', '/tmp/tmpmtwaacdw']
[2021-08-07 14:20:20,195] {standard_task_runner.py:77} INFO - Job 60: Subtask create_standardized_table_supplier
[2021-08-07 14:20:20,292] {logging_mixin.py:104} INFO - Running <TaskInstance: standardized_pipeline.create_standardized_table_supplier 2021-08-07T14:20:18.742702+00:00 [running]> on host ab70d6dafbc6
[2021-08-07 14:20:20,452] {taskinstance.py:1302} INFO - Exporting the following env vars:
AIRFLOW_CTX_DAG_OWNER=***
AIRFLOW_CTX_DAG_ID=standardized_pipeline
AIRFLOW_CTX_TASK_ID=create_standardized_table_supplier
AIRFLOW_CTX_EXECUTION_DATE=2021-08-07T14:20:18.742702+00:00
AIRFLOW_CTX_DAG_RUN_ID=manual__2021-08-07T14:20:18.742702+00:00
[2021-08-07 14:20:20,456] {mysql.py:70} INFO - Executing: CREATE TABLE IF NOT EXISTS standardized.SUPPLIER (
  `SUPPLIER_KEY` int NOT NULL,
  `SUPPLIER_NAME` text NOT NULL,
  `SUPPLIER_ADDRESS` text NOT NULL,
  `NATION_KEY` int NOT NULL,
  `SUPPLIER_PHONE` text NOT NULL,
  `SUPPLIER_ACCTBAL` int NOT NULL,
  `SUPPLIER_COMMENT` text NOT NULL,
  `INGESTION_TIMESTAMP` datetime DEFAULT CURRENT_TIMESTAMP
) ENGINE=InnoDB DEFAULT CHARSET=utf8mb4 COLLATE=utf8mb4_0900_ai_ci;
[2021-08-07 14:20:20,533] {base.py:78} INFO - Using connection to: id: dwh_id. Host: dwh, Port: 3306, Schema: , Login: root, Password: ***, extra: {}
[2021-08-07 14:20:20,553] {dbapi.py:204} INFO - Running statement: CREATE TABLE IF NOT EXISTS standardized.SUPPLIER (
  `SUPPLIER_KEY` int NOT NULL,
  `SUPPLIER_NAME` text NOT NULL,
  `SUPPLIER_ADDRESS` text NOT NULL,
  `NATION_KEY` int NOT NULL,
  `SUPPLIER_PHONE` text NOT NULL,
  `SUPPLIER_ACCTBAL` int NOT NULL,
  `SUPPLIER_COMMENT` text NOT NULL,
  `INGESTION_TIMESTAMP` datetime DEFAULT CURRENT_TIMESTAMP
) ENGINE=InnoDB DEFAULT CHARSET=utf8mb4 COLLATE=utf8mb4_0900_ai_ci;, parameters: None
[2021-08-07 14:20:20,557] {dbapi.py:212} INFO - Rows affected: 0
[2021-08-07 14:20:20,585] {taskinstance.py:1211} INFO - Marking task as SUCCESS. dag_id=standardized_pipeline, task_id=create_standardized_table_supplier, execution_date=20210807T142018, start_date=20210807T142020, end_date=20210807T142020
[2021-08-07 14:20:20,679] {taskinstance.py:1265} INFO - 0 downstream tasks scheduled from follow-on schedule check
[2021-08-07 14:20:20,740] {local_task_job.py:149} INFO - Task exited with return code 0
