[2021-08-08 05:47:01,947] {taskinstance.py:896} INFO - Dependencies all met for <TaskInstance: presentation_pipeline.create_presentation_table_dim_nations 2021-08-08T05:40:00+00:00 [queued]>
[2021-08-08 05:47:01,964] {taskinstance.py:896} INFO - Dependencies all met for <TaskInstance: presentation_pipeline.create_presentation_table_dim_nations 2021-08-08T05:40:00+00:00 [queued]>
[2021-08-08 05:47:01,965] {taskinstance.py:1087} INFO - 
--------------------------------------------------------------------------------
[2021-08-08 05:47:01,966] {taskinstance.py:1088} INFO - Starting attempt 1 of 1
[2021-08-08 05:47:01,967] {taskinstance.py:1089} INFO - 
--------------------------------------------------------------------------------
[2021-08-08 05:47:01,978] {taskinstance.py:1107} INFO - Executing <Task(MySqlOperator): create_presentation_table_dim_nations> on 2021-08-08T05:40:00+00:00
[2021-08-08 05:47:01,988] {standard_task_runner.py:76} INFO - Running: ['***', 'tasks', 'run', 'presentation_pipeline', 'create_presentation_table_dim_nations', '2021-08-08T05:40:00+00:00', '--job-id', '166', '--pool', 'default_pool', '--raw', '--subdir', 'DAGS_FOLDER/presentation_pipeline.py', '--cfg-path', '/tmp/tmpvxrc35tp', '--error-file', '/tmp/tmpmkc22cr9']
[2021-08-08 05:47:01,983] {standard_task_runner.py:52} INFO - Started process 2414 to run task
[2021-08-08 05:47:01,990] {standard_task_runner.py:77} INFO - Job 166: Subtask create_presentation_table_dim_nations
[2021-08-08 05:47:02,041] {logging_mixin.py:104} INFO - Running <TaskInstance: presentation_pipeline.create_presentation_table_dim_nations 2021-08-08T05:40:00+00:00 [running]> on host b48e43d568d5
[2021-08-08 05:47:02,101] {taskinstance.py:1302} INFO - Exporting the following env vars:
AIRFLOW_CTX_DAG_OWNER=***
AIRFLOW_CTX_DAG_ID=presentation_pipeline
AIRFLOW_CTX_TASK_ID=create_presentation_table_dim_nations
AIRFLOW_CTX_EXECUTION_DATE=2021-08-08T05:40:00+00:00
AIRFLOW_CTX_DAG_RUN_ID=scheduled__2021-08-08T05:40:00+00:00
[2021-08-08 05:47:02,102] {mysql.py:70} INFO - Executing: CREATE TABLE IF NOT EXISTS presentation.nations (
    NATION_KEY INT NOT NULL,
    INGESTION_TIMESTAMP TIMESTAMP NOT NULL DEFAULT CURRENT_TIMESTAMP,
    CONSTRAINT `NATIONS_PK` PRIMARY KEY (NATION_KEY)
) AS

SELECT 
	DISTINCT 
	n.NATION_KEY,
	n.NATION_NAME,
	r.REGION_KEY,
	r.REGION_NAME,
	NOW() AS INGESTION_TIMESTAMP
FROM 
	standardized.nations n
LEFT JOIN 
	standardized.regions r
	ON n.REGION_KEY = r.REGION_KEY 
WHERE 
	n.INGESTION_TIMESTAMP >= DATE_SUB(NOW(), INTERVAL 5 MINUTE)
[2021-08-08 05:47:02,113] {base.py:78} INFO - Using connection to: id: dwh_id. Host: dwh, Port: 3306, Schema: , Login: root, Password: ***, extra: {}
[2021-08-08 05:47:02,123] {dbapi.py:204} INFO - Running statement: CREATE TABLE IF NOT EXISTS presentation.nations (
    NATION_KEY INT NOT NULL,
    INGESTION_TIMESTAMP TIMESTAMP NOT NULL DEFAULT CURRENT_TIMESTAMP,
    CONSTRAINT `NATIONS_PK` PRIMARY KEY (NATION_KEY)
) AS

SELECT 
	DISTINCT 
	n.NATION_KEY,
	n.NATION_NAME,
	r.REGION_KEY,
	r.REGION_NAME,
	NOW() AS INGESTION_TIMESTAMP
FROM 
	standardized.nations n
LEFT JOIN 
	standardized.regions r
	ON n.REGION_KEY = r.REGION_KEY 
WHERE 
	n.INGESTION_TIMESTAMP >= DATE_SUB(NOW(), INTERVAL 5 MINUTE), parameters: None
[2021-08-08 05:47:02,125] {dbapi.py:212} INFO - Rows affected: 0
[2021-08-08 05:47:02,139] {taskinstance.py:1211} INFO - Marking task as SUCCESS. dag_id=presentation_pipeline, task_id=create_presentation_table_dim_nations, execution_date=20210808T054000, start_date=20210808T054701, end_date=20210808T054702
[2021-08-08 05:47:02,174] {taskinstance.py:1265} INFO - 1 downstream tasks scheduled from follow-on schedule check
[2021-08-08 05:47:02,207] {local_task_job.py:149} INFO - Task exited with return code 0
