[2021-08-08 05:02:06,079] {taskinstance.py:896} INFO - Dependencies all met for <TaskInstance: presentation_pipeline.create_presentation_table_dim_customers 2021-08-08T04:55:00+00:00 [queued]>
[2021-08-08 05:02:06,100] {taskinstance.py:896} INFO - Dependencies all met for <TaskInstance: presentation_pipeline.create_presentation_table_dim_customers 2021-08-08T04:55:00+00:00 [queued]>
[2021-08-08 05:02:06,103] {taskinstance.py:1087} INFO - 
--------------------------------------------------------------------------------
[2021-08-08 05:02:06,104] {taskinstance.py:1088} INFO - Starting attempt 1 of 1
[2021-08-08 05:02:06,105] {taskinstance.py:1089} INFO - 
--------------------------------------------------------------------------------
[2021-08-08 05:02:06,133] {taskinstance.py:1107} INFO - Executing <Task(MySqlOperator): create_presentation_table_dim_customers> on 2021-08-08T04:55:00+00:00
[2021-08-08 05:02:06,140] {standard_task_runner.py:52} INFO - Started process 6455 to run task
[2021-08-08 05:02:06,151] {standard_task_runner.py:76} INFO - Running: ['***', 'tasks', 'run', 'presentation_pipeline', 'create_presentation_table_dim_customers', '2021-08-08T04:55:00+00:00', '--job-id', '83', '--pool', 'default_pool', '--raw', '--subdir', 'DAGS_FOLDER/presentation_pipeline.py', '--cfg-path', '/tmp/tmpb58rfhtz', '--error-file', '/tmp/tmp5g2jxc3a']
[2021-08-08 05:02:06,153] {standard_task_runner.py:77} INFO - Job 83: Subtask create_presentation_table_dim_customers
[2021-08-08 05:02:06,240] {logging_mixin.py:104} INFO - Running <TaskInstance: presentation_pipeline.create_presentation_table_dim_customers 2021-08-08T04:55:00+00:00 [running]> on host 75feb3cfb2a6
[2021-08-08 05:02:06,337] {taskinstance.py:1302} INFO - Exporting the following env vars:
AIRFLOW_CTX_DAG_OWNER=***
AIRFLOW_CTX_DAG_ID=presentation_pipeline
AIRFLOW_CTX_TASK_ID=create_presentation_table_dim_customers
AIRFLOW_CTX_EXECUTION_DATE=2021-08-08T04:55:00+00:00
AIRFLOW_CTX_DAG_RUN_ID=scheduled__2021-08-08T04:55:00+00:00
[2021-08-08 05:02:06,339] {mysql.py:70} INFO - Executing: CREATE TABLE IF NOT EXISTS presentation.customers (
    CUSTOMER_KEY INT NOT NULL
    INGESTION_TIMESTAMP TIMESTAMP NOT NULL DEFAULT CURRENT_TIMESTAMP
    CONSTRAINT `CUSTOMER_PK` PRIMARY KEY (CUSTOMER_KEY)
) AS

SELECT 
	DISTINCT
	c.CUSTOMER_KEY,
	n.NATION_NAME,
	c.CUSTOMER_ACCOUNT_BALANCE_TOTAL,
	c.CUSTOMER_MARKET_SEGMENT_TYPE, 
	NOW() AS INGESTION_TIMESTAMP
FROM 
	standardized.customers c 
LEFT JOIN
	standardized.nations n 
	ON c.NATION_KEY = n.NATION_KEY 
WHERE
	c.INGESTION_TIMESTAMP >= DATE_SUB(NOW(), INTERVAL 5 MINUTE)
[2021-08-08 05:02:06,359] {base.py:78} INFO - Using connection to: id: dwh_id. Host: dwh, Port: 3306, Schema: , Login: root, Password: ***, extra: {}
[2021-08-08 05:02:06,382] {dbapi.py:204} INFO - Running statement: CREATE TABLE IF NOT EXISTS presentation.customers (
    CUSTOMER_KEY INT NOT NULL
    INGESTION_TIMESTAMP TIMESTAMP NOT NULL DEFAULT CURRENT_TIMESTAMP
    CONSTRAINT `CUSTOMER_PK` PRIMARY KEY (CUSTOMER_KEY)
) AS

SELECT 
	DISTINCT
	c.CUSTOMER_KEY,
	n.NATION_NAME,
	c.CUSTOMER_ACCOUNT_BALANCE_TOTAL,
	c.CUSTOMER_MARKET_SEGMENT_TYPE, 
	NOW() AS INGESTION_TIMESTAMP
FROM 
	standardized.customers c 
LEFT JOIN
	standardized.nations n 
	ON c.NATION_KEY = n.NATION_KEY 
WHERE
	c.INGESTION_TIMESTAMP >= DATE_SUB(NOW(), INTERVAL 5 MINUTE), parameters: None
[2021-08-08 05:02:06,384] {taskinstance.py:1501} ERROR - Task failed with exception
Traceback (most recent call last):
  File "/home/airflow/.local/lib/python3.6/site-packages/airflow/models/taskinstance.py", line 1157, in _run_raw_task
    self._prepare_and_execute_task_with_callbacks(context, task)
  File "/home/airflow/.local/lib/python3.6/site-packages/airflow/models/taskinstance.py", line 1331, in _prepare_and_execute_task_with_callbacks
    result = self._execute_task(context, task_copy)
  File "/home/airflow/.local/lib/python3.6/site-packages/airflow/models/taskinstance.py", line 1361, in _execute_task
    result = task_copy.execute(context=context)
  File "/home/airflow/.local/lib/python3.6/site-packages/airflow/providers/mysql/operators/mysql.py", line 72, in execute
    hook.run(self.sql, autocommit=self.autocommit, parameters=self.parameters)
  File "/home/airflow/.local/lib/python3.6/site-packages/airflow/hooks/dbapi.py", line 184, in run
    self._run_command(cur, sql_statement, parameters)
  File "/home/airflow/.local/lib/python3.6/site-packages/airflow/hooks/dbapi.py", line 208, in _run_command
    cur.execute(sql_statement)
  File "/home/airflow/.local/lib/python3.6/site-packages/MySQLdb/cursors.py", line 206, in execute
    res = self._query(query)
  File "/home/airflow/.local/lib/python3.6/site-packages/MySQLdb/cursors.py", line 319, in _query
    db.query(q)
  File "/home/airflow/.local/lib/python3.6/site-packages/MySQLdb/connections.py", line 259, in query
    _mysql.connection.query(self, query)
MySQLdb._exceptions.ProgrammingError: (1064, "You have an error in your SQL syntax; check the manual that corresponds to your MySQL server version for the right syntax to use near 'INGESTION_TIMESTAMP TIMESTAMP NOT NULL DEFAULT CURRENT_TIMESTAMP\n    CONSTRAINT ' at line 3")
[2021-08-08 05:02:06,389] {taskinstance.py:1551} INFO - Marking task as FAILED. dag_id=presentation_pipeline, task_id=create_presentation_table_dim_customers, execution_date=20210808T045500, start_date=20210808T050206, end_date=20210808T050206
[2021-08-08 05:02:06,449] {local_task_job.py:149} INFO - Task exited with return code 1
