[2021-08-07 14:19:25,323] {taskinstance.py:896} INFO - Dependencies all met for <TaskInstance: standardized_pipeline.create_standardized_table_supplier 2021-08-07T14:19:23.904197+00:00 [queued]>
[2021-08-07 14:19:25,378] {taskinstance.py:896} INFO - Dependencies all met for <TaskInstance: standardized_pipeline.create_standardized_table_supplier 2021-08-07T14:19:23.904197+00:00 [queued]>
[2021-08-07 14:19:25,379] {taskinstance.py:1087} INFO - 
--------------------------------------------------------------------------------
[2021-08-07 14:19:25,380] {taskinstance.py:1088} INFO - Starting attempt 1 of 1
[2021-08-07 14:19:25,380] {taskinstance.py:1089} INFO - 
--------------------------------------------------------------------------------
[2021-08-07 14:19:25,402] {taskinstance.py:1107} INFO - Executing <Task(MySqlOperator): create_standardized_table_supplier> on 2021-08-07T14:19:23.904197+00:00
[2021-08-07 14:19:25,415] {standard_task_runner.py:52} INFO - Started process 4452 to run task
[2021-08-07 14:19:25,432] {standard_task_runner.py:76} INFO - Running: ['***', 'tasks', 'run', 'standardized_pipeline', 'create_standardized_table_supplier', '2021-08-07T14:19:23.904197+00:00', '--job-id', '39', '--pool', 'default_pool', '--raw', '--subdir', 'DAGS_FOLDER/standardized_pipeline.py', '--cfg-path', '/tmp/tmpwdxw2h0s', '--error-file', '/tmp/tmpqeocqgef']
[2021-08-07 14:19:25,434] {standard_task_runner.py:77} INFO - Job 39: Subtask create_standardized_table_supplier
[2021-08-07 14:19:25,532] {logging_mixin.py:104} INFO - Running <TaskInstance: standardized_pipeline.create_standardized_table_supplier 2021-08-07T14:19:23.904197+00:00 [running]> on host ab70d6dafbc6
[2021-08-07 14:19:25,653] {taskinstance.py:1302} INFO - Exporting the following env vars:
AIRFLOW_CTX_DAG_OWNER=***
AIRFLOW_CTX_DAG_ID=standardized_pipeline
AIRFLOW_CTX_TASK_ID=create_standardized_table_supplier
AIRFLOW_CTX_EXECUTION_DATE=2021-08-07T14:19:23.904197+00:00
AIRFLOW_CTX_DAG_RUN_ID=manual__2021-08-07T14:19:23.904197+00:00
[2021-08-07 14:19:25,654] {mysql.py:70} INFO - Executing: CREATE TABLE IF NOT EXISTS standardized.SUPPLIER (
  `SUPPLIER_KEY` int NOT NULL,
  `SUPPLIER_NAME` text NOT NULL,
  `SUPPLIER_ADDRESS` text NOT NULL,
  `NATION_KEY` int NOT NULL,
  `SUPPLIER_PHONE` text NOT NULL,
  `SUPPLIER_ACCTBAL` int NOT NULL,
  `SUPPLIER_COMMENT` text NOT NULL,
  `INGESTION_TIMESTAMP` datetime DEFAULT CURRENT_TIMESTAMP
) ENGINE=InnoDB DEFAULT CHARSET=utf8mb4 COLLATE=utf8mb4_0900_ai_ci;
[2021-08-07 14:19:25,681] {base.py:78} INFO - Using connection to: id: dwh_id. Host: dwh, Port: 3306, Schema: , Login: root, Password: ***, extra: {}
[2021-08-07 14:19:25,702] {dbapi.py:204} INFO - Running statement: CREATE TABLE IF NOT EXISTS standardized.SUPPLIER (
  `SUPPLIER_KEY` int NOT NULL,
  `SUPPLIER_NAME` text NOT NULL,
  `SUPPLIER_ADDRESS` text NOT NULL,
  `NATION_KEY` int NOT NULL,
  `SUPPLIER_PHONE` text NOT NULL,
  `SUPPLIER_ACCTBAL` int NOT NULL,
  `SUPPLIER_COMMENT` text NOT NULL,
  `INGESTION_TIMESTAMP` datetime DEFAULT CURRENT_TIMESTAMP
) ENGINE=InnoDB DEFAULT CHARSET=utf8mb4 COLLATE=utf8mb4_0900_ai_ci;, parameters: None
[2021-08-07 14:19:25,708] {dbapi.py:212} INFO - Rows affected: 0
[2021-08-07 14:19:25,758] {taskinstance.py:1211} INFO - Marking task as SUCCESS. dag_id=standardized_pipeline, task_id=create_standardized_table_supplier, execution_date=20210807T141923, start_date=20210807T141925, end_date=20210807T141925
[2021-08-07 14:19:25,835] {taskinstance.py:1265} INFO - 0 downstream tasks scheduled from follow-on schedule check
[2021-08-07 14:19:25,895] {local_task_job.py:149} INFO - Task exited with return code 0
