[2021-08-08 10:00:01,164] {taskinstance.py:896} INFO - Dependencies all met for <TaskInstance: standardized_pipeline.standardized_pipeline_start 2021-08-08T09:00:00+00:00 [queued]>
[2021-08-08 10:00:01,174] {taskinstance.py:896} INFO - Dependencies all met for <TaskInstance: standardized_pipeline.standardized_pipeline_start 2021-08-08T09:00:00+00:00 [queued]>
[2021-08-08 10:00:01,175] {taskinstance.py:1087} INFO - 
--------------------------------------------------------------------------------
[2021-08-08 10:00:01,175] {taskinstance.py:1088} INFO - Starting attempt 1 of 11
[2021-08-08 10:00:01,176] {taskinstance.py:1089} INFO - 
--------------------------------------------------------------------------------
[2021-08-08 10:00:01,188] {taskinstance.py:1107} INFO - Executing <Task(ExternalTaskSensor): standardized_pipeline_start> on 2021-08-08T09:00:00+00:00
[2021-08-08 10:00:01,192] {standard_task_runner.py:52} INFO - Started process 6272 to run task
[2021-08-08 10:00:01,196] {standard_task_runner.py:76} INFO - Running: ['***', 'tasks', 'run', 'standardized_pipeline', 'standardized_pipeline_start', '2021-08-08T09:00:00+00:00', '--job-id', '64', '--pool', 'default_pool', '--raw', '--subdir', 'DAGS_FOLDER/standardized_pipeline.py', '--cfg-path', '/tmp/tmp3to0rln9', '--error-file', '/tmp/tmp8lxkn2_b']
[2021-08-08 10:00:01,197] {standard_task_runner.py:77} INFO - Job 64: Subtask standardized_pipeline_start
[2021-08-08 10:00:01,245] {logging_mixin.py:104} INFO - Running <TaskInstance: standardized_pipeline.standardized_pipeline_start 2021-08-08T09:00:00+00:00 [running]> on host 99eefc5c6cd8
[2021-08-08 10:00:01,321] {taskinstance.py:1302} INFO - Exporting the following env vars:
AIRFLOW_CTX_DAG_OWNER=***
AIRFLOW_CTX_DAG_ID=standardized_pipeline
AIRFLOW_CTX_TASK_ID=standardized_pipeline_start
AIRFLOW_CTX_EXECUTION_DATE=2021-08-08T09:00:00+00:00
AIRFLOW_CTX_DAG_RUN_ID=scheduled__2021-08-08T09:00:00+00:00
[2021-08-08 10:00:01,322] {external_task.py:152} INFO - Poking for to_datalake_pipeline.to_datalake_pipeline_end on 2021-08-08T09:00:00+00:00 ... 
[2021-08-08 10:01:01,326] {external_task.py:152} INFO - Poking for to_datalake_pipeline.to_datalake_pipeline_end on 2021-08-08T09:00:00+00:00 ... 
[2021-08-08 10:01:01,337] {base.py:248} INFO - Success criteria met. Exiting.
[2021-08-08 10:01:01,348] {taskinstance.py:1211} INFO - Marking task as SUCCESS. dag_id=standardized_pipeline, task_id=standardized_pipeline_start, execution_date=20210808T090000, start_date=20210808T100001, end_date=20210808T100101
[2021-08-08 10:01:01,400] {taskinstance.py:1265} INFO - 8 downstream tasks scheduled from follow-on schedule check
[2021-08-08 10:01:01,453] {local_task_job.py:149} INFO - Task exited with return code 0
