[2021-08-08 05:12:04,413] {taskinstance.py:896} INFO - Dependencies all met for <TaskInstance: standardized_pipeline.standardized_line_items 2021-08-08T05:05:00+00:00 [queued]>
[2021-08-08 05:12:04,492] {taskinstance.py:896} INFO - Dependencies all met for <TaskInstance: standardized_pipeline.standardized_line_items 2021-08-08T05:05:00+00:00 [queued]>
[2021-08-08 05:12:04,494] {taskinstance.py:1087} INFO - 
--------------------------------------------------------------------------------
[2021-08-08 05:12:04,495] {taskinstance.py:1088} INFO - Starting attempt 1 of 11
[2021-08-08 05:12:04,496] {taskinstance.py:1089} INFO - 
--------------------------------------------------------------------------------
[2021-08-08 05:12:04,516] {taskinstance.py:1107} INFO - Executing <Task(MySqlOperator): standardized_line_items> on 2021-08-08T05:05:00+00:00
[2021-08-08 05:12:04,529] {standard_task_runner.py:52} INFO - Started process 412 to run task
[2021-08-08 05:12:04,543] {standard_task_runner.py:76} INFO - Running: ['***', 'tasks', 'run', 'standardized_pipeline', 'standardized_line_items', '2021-08-08T05:05:00+00:00', '--job-id', '34', '--pool', 'default_pool', '--raw', '--subdir', 'DAGS_FOLDER/standardized_pipeline.py', '--cfg-path', '/tmp/tmp2l4po5mh', '--error-file', '/tmp/tmpor303kkh']
[2021-08-08 05:12:04,546] {standard_task_runner.py:77} INFO - Job 34: Subtask standardized_line_items
[2021-08-08 05:12:04,710] {logging_mixin.py:104} INFO - Running <TaskInstance: standardized_pipeline.standardized_line_items 2021-08-08T05:05:00+00:00 [running]> on host dbfb9e13da58
[2021-08-08 05:12:04,848] {taskinstance.py:1302} INFO - Exporting the following env vars:
AIRFLOW_CTX_DAG_EMAIL=wildangbudhi@gmail.com
AIRFLOW_CTX_DAG_OWNER=***
AIRFLOW_CTX_DAG_ID=standardized_pipeline
AIRFLOW_CTX_TASK_ID=standardized_line_items
AIRFLOW_CTX_EXECUTION_DATE=2021-08-08T05:05:00+00:00
AIRFLOW_CTX_DAG_RUN_ID=scheduled__2021-08-08T05:05:00+00:00
[2021-08-08 05:12:04,850] {mysql.py:70} INFO - Executing: INSERT INTO standardized.line_items
WITH data_last_5_minutes AS (
	SELECT 
        DISTINCT
        CAST(L_ORDERKEY AS SIGNED) AS ORDER_KEY, 
        CAST(L_PARTKEY AS SIGNED) AS PART_KEY, 
        CAST(L_SUPPKEY AS SIGNED) AS SUPPLIER_KEY, 
        CAST(L_LINENUMBER AS SIGNED) AS LINE_TIME_NUMBER, 
        CAST(L_QUANTITY AS SIGNED) AS LINE_ITEM_QUANTITY, 
        CAST(L_EXTENDEDPRICE AS SIGNED) AS LINE_ITEM_EXTENDED_PRICE, 
        CAST(L_DISCOUNT AS SIGNED) AS LINE_ITEM_DISCOUNT, 
        CAST(L_TAX AS SIGNED) AS LINE_ITEM_TAX, 
        L_RETURNFLAG AS LINE_ITEM_RETURN_FLAG, 
        L_LINESTATUS AS LINE_ITEM_STATUS_TYPE, 
        CAST(L_SHIPDATE AS DATE) AS LINE_ITEM_SHIP_DATE, 
        CAST(L_COMMITDATE AS DATE) AS LINE_ITEM_COMMIT_DATE, 
        CAST(L_RECEIPTDATE AS DATE) AS LINE_ITEM_RECEIPT_DATE, 
        L_SHIPINSTRUCT AS LINE_ITEM_SHIP_INSTRUCTION_TYPE, 
        L_SHIPMODE AS LINE_ITEM_SHIP_MODE_TYPE, 
        L_COMMENT AS LINE_ITEM_COMMENT,
        NOW() AS INGESTION_TIMESTAMP
    FROM 
        datalake.LINEITEM l
    WHERE 
        l.INGESTION_TIMESTAMP >= DATE_SUB(NOW(), INTERVAL 5 MINUTE)
)

SELECT 
	* 
FROM 
	data_last_5_minutes
[2021-08-08 05:12:04,882] {base.py:78} INFO - Using connection to: id: dwh_id. Host: dwh, Port: 3306, Schema: , Login: root, Password: ***, extra: {}
[2021-08-08 05:12:04,904] {dbapi.py:204} INFO - Running statement: INSERT INTO standardized.line_items
WITH data_last_5_minutes AS (
	SELECT 
        DISTINCT
        CAST(L_ORDERKEY AS SIGNED) AS ORDER_KEY, 
        CAST(L_PARTKEY AS SIGNED) AS PART_KEY, 
        CAST(L_SUPPKEY AS SIGNED) AS SUPPLIER_KEY, 
        CAST(L_LINENUMBER AS SIGNED) AS LINE_TIME_NUMBER, 
        CAST(L_QUANTITY AS SIGNED) AS LINE_ITEM_QUANTITY, 
        CAST(L_EXTENDEDPRICE AS SIGNED) AS LINE_ITEM_EXTENDED_PRICE, 
        CAST(L_DISCOUNT AS SIGNED) AS LINE_ITEM_DISCOUNT, 
        CAST(L_TAX AS SIGNED) AS LINE_ITEM_TAX, 
        L_RETURNFLAG AS LINE_ITEM_RETURN_FLAG, 
        L_LINESTATUS AS LINE_ITEM_STATUS_TYPE, 
        CAST(L_SHIPDATE AS DATE) AS LINE_ITEM_SHIP_DATE, 
        CAST(L_COMMITDATE AS DATE) AS LINE_ITEM_COMMIT_DATE, 
        CAST(L_RECEIPTDATE AS DATE) AS LINE_ITEM_RECEIPT_DATE, 
        L_SHIPINSTRUCT AS LINE_ITEM_SHIP_INSTRUCTION_TYPE, 
        L_SHIPMODE AS LINE_ITEM_SHIP_MODE_TYPE, 
        L_COMMENT AS LINE_ITEM_COMMENT,
        NOW() AS INGESTION_TIMESTAMP
    FROM 
        datalake.LINEITEM l
    WHERE 
        l.INGESTION_TIMESTAMP >= DATE_SUB(NOW(), INTERVAL 5 MINUTE)
)

SELECT 
	* 
FROM 
	data_last_5_minutes, parameters: None
[2021-08-08 05:12:07,007] {dbapi.py:212} INFO - Rows affected: 60175
[2021-08-08 05:12:07,061] {taskinstance.py:1211} INFO - Marking task as SUCCESS. dag_id=standardized_pipeline, task_id=standardized_line_items, execution_date=20210808T050500, start_date=20210808T051204, end_date=20210808T051207
[2021-08-08 05:12:07,097] {taskinstance.py:1265} INFO - 1 downstream tasks scheduled from follow-on schedule check
[2021-08-08 05:12:07,146] {local_task_job.py:149} INFO - Task exited with return code 0
[2021-08-08 07:06:01,374] {taskinstance.py:896} INFO - Dependencies all met for <TaskInstance: standardized_pipeline.standardized_line_items 2021-08-08T05:05:00+00:00 [queued]>
[2021-08-08 07:06:01,402] {taskinstance.py:896} INFO - Dependencies all met for <TaskInstance: standardized_pipeline.standardized_line_items 2021-08-08T05:05:00+00:00 [queued]>
[2021-08-08 07:06:01,404] {taskinstance.py:1087} INFO - 
--------------------------------------------------------------------------------
[2021-08-08 07:06:01,408] {taskinstance.py:1088} INFO - Starting attempt 1 of 11
[2021-08-08 07:06:01,409] {taskinstance.py:1089} INFO - 
--------------------------------------------------------------------------------
[2021-08-08 07:06:01,442] {taskinstance.py:1107} INFO - Executing <Task(MySqlOperator): standardized_line_items> on 2021-08-08T05:05:00+00:00
[2021-08-08 07:06:01,449] {standard_task_runner.py:52} INFO - Started process 279 to run task
[2021-08-08 07:06:01,471] {standard_task_runner.py:76} INFO - Running: ['***', 'tasks', 'run', 'standardized_pipeline', 'standardized_line_items', '2021-08-08T05:05:00+00:00', '--job-id', '29', '--pool', 'default_pool', '--raw', '--subdir', 'DAGS_FOLDER/standardized_pipeline.py', '--cfg-path', '/tmp/tmpqz5g72vh', '--error-file', '/tmp/tmp7qe_w94c']
[2021-08-08 07:06:01,474] {standard_task_runner.py:77} INFO - Job 29: Subtask standardized_line_items
[2021-08-08 07:06:01,591] {logging_mixin.py:104} INFO - Running <TaskInstance: standardized_pipeline.standardized_line_items 2021-08-08T05:05:00+00:00 [running]> on host bf836d82c89b
[2021-08-08 07:06:01,699] {taskinstance.py:1302} INFO - Exporting the following env vars:
AIRFLOW_CTX_DAG_EMAIL=wildangbudhi@gmail.com
AIRFLOW_CTX_DAG_OWNER=***
AIRFLOW_CTX_DAG_ID=standardized_pipeline
AIRFLOW_CTX_TASK_ID=standardized_line_items
AIRFLOW_CTX_EXECUTION_DATE=2021-08-08T05:05:00+00:00
AIRFLOW_CTX_DAG_RUN_ID=scheduled__2021-08-08T05:05:00+00:00
[2021-08-08 07:06:01,701] {mysql.py:70} INFO - Executing: INSERT INTO standardized.line_items
WITH data_last_5_minutes AS (
	SELECT 
        DISTINCT
        CAST(L_ORDERKEY AS SIGNED) AS ORDER_KEY, 
        CAST(L_PARTKEY AS SIGNED) AS PART_KEY, 
        CAST(L_SUPPKEY AS SIGNED) AS SUPPLIER_KEY, 
        CAST(L_LINENUMBER AS SIGNED) AS LINE_TIME_NUMBER, 
        CAST(L_QUANTITY AS SIGNED) AS LINE_ITEM_QUANTITY, 
        CAST(L_EXTENDEDPRICE AS SIGNED) AS LINE_ITEM_EXTENDED_PRICE, 
        CAST(L_DISCOUNT AS SIGNED) AS LINE_ITEM_DISCOUNT, 
        CAST(L_TAX AS SIGNED) AS LINE_ITEM_TAX, 
        L_RETURNFLAG AS LINE_ITEM_RETURN_FLAG, 
        L_LINESTATUS AS LINE_ITEM_STATUS_TYPE, 
        CAST(L_SHIPDATE AS DATE) AS LINE_ITEM_SHIP_DATE, 
        CAST(L_COMMITDATE AS DATE) AS LINE_ITEM_COMMIT_DATE, 
        CAST(L_RECEIPTDATE AS DATE) AS LINE_ITEM_RECEIPT_DATE, 
        L_SHIPINSTRUCT AS LINE_ITEM_SHIP_INSTRUCTION_TYPE, 
        L_SHIPMODE AS LINE_ITEM_SHIP_MODE_TYPE, 
        L_COMMENT AS LINE_ITEM_COMMENT,
        NOW() AS INGESTION_TIMESTAMP
    FROM 
        datalake.LINEITEM l
    WHERE 
        l.INGESTION_TIMESTAMP >= DATE_SUB(NOW(), INTERVAL 1 HOUR)
)

SELECT 
	* 
FROM 
	data_last_5_minutes
[2021-08-08 07:06:01,717] {base.py:78} INFO - Using connection to: id: dwh_id. Host: dwh, Port: 3306, Schema: , Login: root, Password: ***, extra: {}
[2021-08-08 07:06:01,740] {dbapi.py:204} INFO - Running statement: INSERT INTO standardized.line_items
WITH data_last_5_minutes AS (
	SELECT 
        DISTINCT
        CAST(L_ORDERKEY AS SIGNED) AS ORDER_KEY, 
        CAST(L_PARTKEY AS SIGNED) AS PART_KEY, 
        CAST(L_SUPPKEY AS SIGNED) AS SUPPLIER_KEY, 
        CAST(L_LINENUMBER AS SIGNED) AS LINE_TIME_NUMBER, 
        CAST(L_QUANTITY AS SIGNED) AS LINE_ITEM_QUANTITY, 
        CAST(L_EXTENDEDPRICE AS SIGNED) AS LINE_ITEM_EXTENDED_PRICE, 
        CAST(L_DISCOUNT AS SIGNED) AS LINE_ITEM_DISCOUNT, 
        CAST(L_TAX AS SIGNED) AS LINE_ITEM_TAX, 
        L_RETURNFLAG AS LINE_ITEM_RETURN_FLAG, 
        L_LINESTATUS AS LINE_ITEM_STATUS_TYPE, 
        CAST(L_SHIPDATE AS DATE) AS LINE_ITEM_SHIP_DATE, 
        CAST(L_COMMITDATE AS DATE) AS LINE_ITEM_COMMIT_DATE, 
        CAST(L_RECEIPTDATE AS DATE) AS LINE_ITEM_RECEIPT_DATE, 
        L_SHIPINSTRUCT AS LINE_ITEM_SHIP_INSTRUCTION_TYPE, 
        L_SHIPMODE AS LINE_ITEM_SHIP_MODE_TYPE, 
        L_COMMENT AS LINE_ITEM_COMMENT,
        NOW() AS INGESTION_TIMESTAMP
    FROM 
        datalake.LINEITEM l
    WHERE 
        l.INGESTION_TIMESTAMP >= DATE_SUB(NOW(), INTERVAL 1 HOUR)
)

SELECT 
	* 
FROM 
	data_last_5_minutes, parameters: None
[2021-08-08 07:06:03,071] {dbapi.py:212} INFO - Rows affected: 60175
[2021-08-08 07:06:03,121] {taskinstance.py:1211} INFO - Marking task as SUCCESS. dag_id=standardized_pipeline, task_id=standardized_line_items, execution_date=20210808T050500, start_date=20210808T070601, end_date=20210808T070603
[2021-08-08 07:06:03,182] {taskinstance.py:1265} INFO - 1 downstream tasks scheduled from follow-on schedule check
[2021-08-08 07:06:03,253] {local_task_job.py:149} INFO - Task exited with return code 0
