[2021-08-07 15:33:32,863] {taskinstance.py:896} INFO - Dependencies all met for <TaskInstance: presentation_pipeline.create_presentation_table_nation 2021-08-07T15:33:32.528830+00:00 [queued]>
[2021-08-07 15:33:32,880] {taskinstance.py:896} INFO - Dependencies all met for <TaskInstance: presentation_pipeline.create_presentation_table_nation 2021-08-07T15:33:32.528830+00:00 [queued]>
[2021-08-07 15:33:32,881] {taskinstance.py:1087} INFO - 
--------------------------------------------------------------------------------
[2021-08-07 15:33:32,882] {taskinstance.py:1088} INFO - Starting attempt 1 of 1
[2021-08-07 15:33:32,883] {taskinstance.py:1089} INFO - 
--------------------------------------------------------------------------------
[2021-08-07 15:33:32,892] {taskinstance.py:1107} INFO - Executing <Task(MySqlOperator): create_presentation_table_nation> on 2021-08-07T15:33:32.528830+00:00
[2021-08-07 15:33:32,901] {standard_task_runner.py:76} INFO - Running: ['***', 'tasks', 'run', 'presentation_pipeline', 'create_presentation_table_nation', '2021-08-07T15:33:32.528830+00:00', '--job-id', '23', '--pool', 'default_pool', '--raw', '--subdir', 'DAGS_FOLDER/presentation_pipeline.py', '--cfg-path', '/tmp/tmpd3pc6ns6', '--error-file', '/tmp/tmpun004giv']
[2021-08-07 15:33:32,897] {standard_task_runner.py:52} INFO - Started process 565 to run task
[2021-08-07 15:33:32,903] {standard_task_runner.py:77} INFO - Job 23: Subtask create_presentation_table_nation
[2021-08-07 15:33:32,951] {logging_mixin.py:104} INFO - Running <TaskInstance: presentation_pipeline.create_presentation_table_nation 2021-08-07T15:33:32.528830+00:00 [running]> on host b717d0d473a9
[2021-08-07 15:33:33,005] {taskinstance.py:1302} INFO - Exporting the following env vars:
AIRFLOW_CTX_DAG_OWNER=***
AIRFLOW_CTX_DAG_ID=presentation_pipeline
AIRFLOW_CTX_TASK_ID=create_presentation_table_nation
AIRFLOW_CTX_EXECUTION_DATE=2021-08-07T15:33:32.528830+00:00
AIRFLOW_CTX_DAG_RUN_ID=manual__2021-08-07T15:33:32.528830+00:00
[2021-08-07 15:33:33,006] {mysql.py:70} INFO - Executing: CREATE TABLE IF NOT EXISTS presentation.NATION (
  `NATION_KEY` int NOT NULL,
  `NATION_NAME` text NOT NULL,
  `REGION_NAME` text NOT NULL,
  `INGESTION_TIMESTAMP` datetime DEFAULT CURRENT_TIMESTAMP,
  CONSTRAINT `PK_NATION` PRIMARY KEY (`NATION_KEY`)
) ENGINE=InnoDB DEFAULT CHARSET=utf8mb4 COLLATE=utf8mb4_0900_ai_ci;
[2021-08-07 15:33:33,017] {base.py:78} INFO - Using connection to: id: dwh_id. Host: dwh, Port: 3306, Schema: , Login: root, Password: ***, extra: {}
[2021-08-07 15:33:33,029] {dbapi.py:204} INFO - Running statement: CREATE TABLE IF NOT EXISTS presentation.NATION (
  `NATION_KEY` int NOT NULL,
  `NATION_NAME` text NOT NULL,
  `REGION_NAME` text NOT NULL,
  `INGESTION_TIMESTAMP` datetime DEFAULT CURRENT_TIMESTAMP,
  CONSTRAINT `PK_NATION` PRIMARY KEY (`NATION_KEY`)
) ENGINE=InnoDB DEFAULT CHARSET=utf8mb4 COLLATE=utf8mb4_0900_ai_ci;, parameters: None
[2021-08-07 15:33:33,049] {dbapi.py:212} INFO - Rows affected: 0
[2021-08-07 15:33:33,062] {taskinstance.py:1211} INFO - Marking task as SUCCESS. dag_id=presentation_pipeline, task_id=create_presentation_table_nation, execution_date=20210807T153332, start_date=20210807T153332, end_date=20210807T153333
[2021-08-07 15:33:33,091] {taskinstance.py:1265} INFO - 1 downstream tasks scheduled from follow-on schedule check
[2021-08-07 15:33:33,120] {local_task_job.py:149} INFO - Task exited with return code 0
