[2021-08-08 05:45:00,759] {taskinstance.py:896} INFO - Dependencies all met for <TaskInstance: standardized_pipeline.standardized_pipeline_start 2021-08-08T05:40:00+00:00 [queued]>
[2021-08-08 05:45:00,773] {taskinstance.py:896} INFO - Dependencies all met for <TaskInstance: standardized_pipeline.standardized_pipeline_start 2021-08-08T05:40:00+00:00 [queued]>
[2021-08-08 05:45:00,774] {taskinstance.py:1087} INFO - 
--------------------------------------------------------------------------------
[2021-08-08 05:45:00,775] {taskinstance.py:1088} INFO - Starting attempt 1 of 11
[2021-08-08 05:45:00,775] {taskinstance.py:1089} INFO - 
--------------------------------------------------------------------------------
[2021-08-08 05:45:00,781] {taskinstance.py:1107} INFO - Executing <Task(ExternalTaskSensor): standardized_pipeline_start> on 2021-08-08T05:40:00+00:00
[2021-08-08 05:45:00,785] {standard_task_runner.py:52} INFO - Started process 2190 to run task
[2021-08-08 05:45:00,794] {standard_task_runner.py:76} INFO - Running: ['***', 'tasks', 'run', 'standardized_pipeline', 'standardized_pipeline_start', '2021-08-08T05:40:00+00:00', '--job-id', '148', '--pool', 'default_pool', '--raw', '--subdir', 'DAGS_FOLDER/standardized_pipeline.py', '--cfg-path', '/tmp/tmpdc5xyl35', '--error-file', '/tmp/tmp5f4j4e9j']
[2021-08-08 05:45:00,797] {standard_task_runner.py:77} INFO - Job 148: Subtask standardized_pipeline_start
[2021-08-08 05:45:00,849] {logging_mixin.py:104} INFO - Running <TaskInstance: standardized_pipeline.standardized_pipeline_start 2021-08-08T05:40:00+00:00 [running]> on host b48e43d568d5
[2021-08-08 05:45:00,891] {taskinstance.py:1302} INFO - Exporting the following env vars:
AIRFLOW_CTX_DAG_EMAIL=wildangbudhi@gmail.com
AIRFLOW_CTX_DAG_OWNER=***
AIRFLOW_CTX_DAG_ID=standardized_pipeline
AIRFLOW_CTX_TASK_ID=standardized_pipeline_start
AIRFLOW_CTX_EXECUTION_DATE=2021-08-08T05:40:00+00:00
AIRFLOW_CTX_DAG_RUN_ID=scheduled__2021-08-08T05:40:00+00:00
[2021-08-08 05:45:00,892] {external_task.py:152} INFO - Poking for to_datalake_pipeline.to_datalake_pipeline_end on 2021-08-08T05:40:00+00:00 ... 
[2021-08-08 05:46:00,868] {external_task.py:152} INFO - Poking for to_datalake_pipeline.to_datalake_pipeline_end on 2021-08-08T05:40:00+00:00 ... 
[2021-08-08 05:46:00,877] {base.py:248} INFO - Success criteria met. Exiting.
[2021-08-08 05:46:00,886] {taskinstance.py:1211} INFO - Marking task as SUCCESS. dag_id=standardized_pipeline, task_id=standardized_pipeline_start, execution_date=20210808T054000, start_date=20210808T054500, end_date=20210808T054600
[2021-08-08 05:46:00,926] {taskinstance.py:1265} INFO - 8 downstream tasks scheduled from follow-on schedule check
[2021-08-08 05:46:00,961] {local_task_job.py:149} INFO - Task exited with return code 0
