[2021-08-08 03:15:01,142] {taskinstance.py:896} INFO - Dependencies all met for <TaskInstance: to_datalake_pipeline.extract_from_git 2021-08-08T03:10:00+00:00 [queued]>
[2021-08-08 03:15:01,158] {taskinstance.py:896} INFO - Dependencies all met for <TaskInstance: to_datalake_pipeline.extract_from_git 2021-08-08T03:10:00+00:00 [queued]>
[2021-08-08 03:15:01,159] {taskinstance.py:1087} INFO - 
--------------------------------------------------------------------------------
[2021-08-08 03:15:01,159] {taskinstance.py:1088} INFO - Starting attempt 1 of 1
[2021-08-08 03:15:01,160] {taskinstance.py:1089} INFO - 
--------------------------------------------------------------------------------
[2021-08-08 03:15:01,168] {taskinstance.py:1107} INFO - Executing <Task(PythonOperator): extract_from_git> on 2021-08-08T03:10:00+00:00
[2021-08-08 03:15:01,173] {standard_task_runner.py:52} INFO - Started process 496 to run task
[2021-08-08 03:15:01,177] {standard_task_runner.py:76} INFO - Running: ['***', 'tasks', 'run', 'to_datalake_pipeline', 'extract_from_git', '2021-08-08T03:10:00+00:00', '--job-id', '6', '--pool', 'default_pool', '--raw', '--subdir', 'DAGS_FOLDER/to_datalake_pipeline.py', '--cfg-path', '/tmp/tmppbfnh1nz', '--error-file', '/tmp/tmpjt1t66w0']
[2021-08-08 03:15:01,179] {standard_task_runner.py:77} INFO - Job 6: Subtask extract_from_git
[2021-08-08 03:15:01,224] {logging_mixin.py:104} INFO - Running <TaskInstance: to_datalake_pipeline.extract_from_git 2021-08-08T03:10:00+00:00 [running]> on host 0873d3c46d95
[2021-08-08 03:15:01,280] {taskinstance.py:1302} INFO - Exporting the following env vars:
AIRFLOW_CTX_DAG_OWNER=***
AIRFLOW_CTX_DAG_ID=to_datalake_pipeline
AIRFLOW_CTX_TASK_ID=extract_from_git
AIRFLOW_CTX_EXECUTION_DATE=2021-08-08T03:10:00+00:00
AIRFLOW_CTX_DAG_RUN_ID=scheduled__2021-08-08T03:10:00+00:00
[2021-08-08 03:15:01,281] {logging_mixin.py:104} INFO - Downloading data from -> https://raw.githubusercontent.com/rezaprimasatya/DTO-DE-JUN-MID/main/data.zip
[2021-08-08 03:15:01,916] {logging_mixin.py:104} INFO - Unzipping Data
[2021-08-08 03:15:02,000] {logging_mixin.py:104} INFO - Transform Data to Pandas Dataframe
[2021-08-08 03:15:02,233] {logging_mixin.py:104} INFO - Load data to datalake
[2021-08-08 03:15:02,305] {logging_mixin.py:104} INFO - Load table : REGION
[2021-08-08 03:15:02,362] {logging_mixin.py:104} INFO - Load table : NATION
[2021-08-08 03:15:02,378] {logging_mixin.py:104} INFO - Load table : PART
[2021-08-08 03:15:02,514] {logging_mixin.py:104} INFO - Load table : SUPPLIER
[2021-08-08 03:15:02,537] {logging_mixin.py:104} INFO - Load table : PARTSUPP
[2021-08-08 03:15:02,998] {logging_mixin.py:104} INFO - Load table : CUSTOMER
[2021-08-08 03:15:03,127] {logging_mixin.py:104} INFO - Load table : ORDERS
[2021-08-08 03:15:03,845] {logging_mixin.py:104} INFO - Load table : LINEITEM
[2021-08-08 03:15:08,253] {python.py:151} INFO - Done. Returned value was: None
[2021-08-08 03:15:08,268] {taskinstance.py:1211} INFO - Marking task as SUCCESS. dag_id=to_datalake_pipeline, task_id=extract_from_git, execution_date=20210808T031000, start_date=20210808T031501, end_date=20210808T031508
[2021-08-08 03:15:08,293] {taskinstance.py:1265} INFO - 1 downstream tasks scheduled from follow-on schedule check
[2021-08-08 03:15:08,344] {local_task_job.py:149} INFO - Task exited with return code 0
[2021-08-08 03:19:58,153] {taskinstance.py:896} INFO - Dependencies all met for <TaskInstance: to_datalake_pipeline.extract_from_git 2021-08-08T03:10:00+00:00 [queued]>
[2021-08-08 03:19:58,179] {taskinstance.py:896} INFO - Dependencies all met for <TaskInstance: to_datalake_pipeline.extract_from_git 2021-08-08T03:10:00+00:00 [queued]>
[2021-08-08 03:19:58,182] {taskinstance.py:1087} INFO - 
--------------------------------------------------------------------------------
[2021-08-08 03:19:58,185] {taskinstance.py:1088} INFO - Starting attempt 1 of 11
[2021-08-08 03:19:58,187] {taskinstance.py:1089} INFO - 
--------------------------------------------------------------------------------
[2021-08-08 03:19:58,233] {taskinstance.py:1107} INFO - Executing <Task(PythonOperator): extract_from_git> on 2021-08-08T03:10:00+00:00
[2021-08-08 03:19:58,243] {standard_task_runner.py:52} INFO - Started process 97 to run task
[2021-08-08 03:19:58,252] {standard_task_runner.py:76} INFO - Running: ['***', 'tasks', 'run', 'to_datalake_pipeline', 'extract_from_git', '2021-08-08T03:10:00+00:00', '--job-id', '2', '--pool', 'default_pool', '--raw', '--subdir', 'DAGS_FOLDER/to_datalake_pipeline.py', '--cfg-path', '/tmp/tmp5yhhc5gl', '--error-file', '/tmp/tmpm63mooxg']
[2021-08-08 03:19:58,255] {standard_task_runner.py:77} INFO - Job 2: Subtask extract_from_git
[2021-08-08 03:19:58,388] {logging_mixin.py:104} INFO - Running <TaskInstance: to_datalake_pipeline.extract_from_git 2021-08-08T03:10:00+00:00 [running]> on host 3d9097dcbc7f
[2021-08-08 03:19:58,494] {taskinstance.py:1302} INFO - Exporting the following env vars:
AIRFLOW_CTX_DAG_EMAIL=wildangbudhi@gmail.com
AIRFLOW_CTX_DAG_OWNER=***
AIRFLOW_CTX_DAG_ID=to_datalake_pipeline
AIRFLOW_CTX_TASK_ID=extract_from_git
AIRFLOW_CTX_EXECUTION_DATE=2021-08-08T03:10:00+00:00
AIRFLOW_CTX_DAG_RUN_ID=scheduled__2021-08-08T03:10:00+00:00
[2021-08-08 03:19:58,497] {logging_mixin.py:104} INFO - Downloading data from -> https://raw.githubusercontent.com/rezaprimasatya/DTO-DE-JUN-MID/main/data.zip
[2021-08-08 03:20:07,304] {logging_mixin.py:104} INFO - Unzipping Data
[2021-08-08 03:20:07,455] {logging_mixin.py:104} INFO - Transform Data to Pandas Dataframe
[2021-08-08 03:20:07,857] {logging_mixin.py:104} INFO - Load data to datalake
[2021-08-08 03:20:07,872] {taskinstance.py:1501} ERROR - Task failed with exception
Traceback (most recent call last):
  File "/home/airflow/.local/lib/python3.6/site-packages/airflow/models/taskinstance.py", line 1157, in _run_raw_task
    self._prepare_and_execute_task_with_callbacks(context, task)
  File "/home/airflow/.local/lib/python3.6/site-packages/airflow/models/taskinstance.py", line 1331, in _prepare_and_execute_task_with_callbacks
    result = self._execute_task(context, task_copy)
  File "/home/airflow/.local/lib/python3.6/site-packages/airflow/models/taskinstance.py", line 1361, in _execute_task
    result = task_copy.execute(context=context)
  File "/home/airflow/.local/lib/python3.6/site-packages/airflow/operators/python.py", line 150, in execute
    return_value = self.execute_callable()
  File "/home/airflow/.local/lib/python3.6/site-packages/airflow/operators/python.py", line 161, in execute_callable
    return self.python_callable(*self.op_args, **self.op_kwargs)
  File "/opt/airflow/dags/extract/extract.py", line 104, in extract_data_from_git
    pipeline.run()
  File "/opt/airflow/dags/extract/extract.py", line 19, in run
    self.df_to_datalake(data_dataframes)
  File "/opt/airflow/dags/extract/extract.py", line 71, in df_to_datalake
    user=Variable.get("DWH_USER"),
  File "/home/airflow/.local/lib/python3.6/site-packages/airflow/models/variable.py", line 140, in get
    raise KeyError(f'Variable {key} does not exist')
KeyError: 'Variable DWH_USER does not exist'
[2021-08-08 03:20:07,878] {taskinstance.py:1551} INFO - Marking task as UP_FOR_RETRY. dag_id=to_datalake_pipeline, task_id=extract_from_git, execution_date=20210808T031000, start_date=20210808T031958, end_date=20210808T032007
[2021-08-08 03:20:07,956] {local_task_job.py:149} INFO - Task exited with return code 1
