[2021-08-08 03:21:08,762] {taskinstance.py:896} INFO - Dependencies all met for <TaskInstance: to_datalake_pipeline.extract_from_git 2021-08-08T03:10:00+00:00 [queued]>
[2021-08-08 03:21:08,779] {taskinstance.py:896} INFO - Dependencies all met for <TaskInstance: to_datalake_pipeline.extract_from_git 2021-08-08T03:10:00+00:00 [queued]>
[2021-08-08 03:21:08,780] {taskinstance.py:1087} INFO - 
--------------------------------------------------------------------------------
[2021-08-08 03:21:08,782] {taskinstance.py:1088} INFO - Starting attempt 2 of 11
[2021-08-08 03:21:08,782] {taskinstance.py:1089} INFO - 
--------------------------------------------------------------------------------
[2021-08-08 03:21:08,802] {taskinstance.py:1107} INFO - Executing <Task(PythonOperator): extract_from_git> on 2021-08-08T03:10:00+00:00
[2021-08-08 03:21:08,809] {standard_task_runner.py:52} INFO - Started process 189 to run task
[2021-08-08 03:21:08,816] {standard_task_runner.py:76} INFO - Running: ['***', 'tasks', 'run', 'to_datalake_pipeline', 'extract_from_git', '2021-08-08T03:10:00+00:00', '--job-id', '9', '--pool', 'default_pool', '--raw', '--subdir', 'DAGS_FOLDER/to_datalake_pipeline.py', '--cfg-path', '/tmp/tmpby3ab4_u', '--error-file', '/tmp/tmpsqdnxo3f']
[2021-08-08 03:21:08,817] {standard_task_runner.py:77} INFO - Job 9: Subtask extract_from_git
[2021-08-08 03:21:08,891] {logging_mixin.py:104} INFO - Running <TaskInstance: to_datalake_pipeline.extract_from_git 2021-08-08T03:10:00+00:00 [running]> on host 3d9097dcbc7f
[2021-08-08 03:21:08,965] {taskinstance.py:1302} INFO - Exporting the following env vars:
AIRFLOW_CTX_DAG_EMAIL=wildangbudhi@gmail.com
AIRFLOW_CTX_DAG_OWNER=***
AIRFLOW_CTX_DAG_ID=to_datalake_pipeline
AIRFLOW_CTX_TASK_ID=extract_from_git
AIRFLOW_CTX_EXECUTION_DATE=2021-08-08T03:10:00+00:00
AIRFLOW_CTX_DAG_RUN_ID=scheduled__2021-08-08T03:10:00+00:00
[2021-08-08 03:21:08,968] {logging_mixin.py:104} INFO - Downloading data from -> https://raw.githubusercontent.com/rezaprimasatya/DTO-DE-JUN-MID/main/data.zip
[2021-08-08 03:21:14,343] {logging_mixin.py:104} INFO - Unzipping Data
[2021-08-08 03:21:14,494] {logging_mixin.py:104} INFO - Transform Data to Pandas Dataframe
[2021-08-08 03:21:14,861] {logging_mixin.py:104} INFO - Load data to datalake
[2021-08-08 03:21:14,926] {logging_mixin.py:104} INFO - Load table : REGION
[2021-08-08 03:21:14,993] {logging_mixin.py:104} INFO - Load table : NATION
[2021-08-08 03:21:15,020] {logging_mixin.py:104} INFO - Load table : PART
[2021-08-08 03:21:15,254] {logging_mixin.py:104} INFO - Load table : SUPPLIER
[2021-08-08 03:21:15,285] {logging_mixin.py:104} INFO - Load table : PARTSUPP
[2021-08-08 03:21:15,931] {logging_mixin.py:104} INFO - Load table : CUSTOMER
[2021-08-08 03:21:16,125] {logging_mixin.py:104} INFO - Load table : ORDERS
[2021-08-08 03:21:17,328] {logging_mixin.py:104} INFO - Load table : LINEITEM
[2021-08-08 03:21:24,705] {python.py:151} INFO - Done. Returned value was: None
[2021-08-08 03:21:24,728] {taskinstance.py:1211} INFO - Marking task as SUCCESS. dag_id=to_datalake_pipeline, task_id=extract_from_git, execution_date=20210808T031000, start_date=20210808T032108, end_date=20210808T032124
[2021-08-08 03:21:24,833] {taskinstance.py:1265} INFO - 0 downstream tasks scheduled from follow-on schedule check
[2021-08-08 03:21:24,895] {local_task_job.py:149} INFO - Task exited with return code 0
