[2021-08-07 10:30:00,578] {taskinstance.py:896} INFO - Dependencies all met for <TaskInstance: to_datalake_pipeline.extract_from_git 2021-08-07T10:25:00+00:00 [queued]>
[2021-08-07 10:30:00,587] {taskinstance.py:896} INFO - Dependencies all met for <TaskInstance: to_datalake_pipeline.extract_from_git 2021-08-07T10:25:00+00:00 [queued]>
[2021-08-07 10:30:00,587] {taskinstance.py:1087} INFO - 
--------------------------------------------------------------------------------
[2021-08-07 10:30:00,588] {taskinstance.py:1088} INFO - Starting attempt 1 of 1
[2021-08-07 10:30:00,588] {taskinstance.py:1089} INFO - 
--------------------------------------------------------------------------------
[2021-08-07 10:30:00,600] {taskinstance.py:1107} INFO - Executing <Task(PythonOperator): extract_from_git> on 2021-08-07T10:25:00+00:00
[2021-08-07 10:30:00,604] {standard_task_runner.py:52} INFO - Started process 5774 to run task
[2021-08-07 10:30:00,608] {standard_task_runner.py:76} INFO - Running: ['***', 'tasks', 'run', 'to_datalake_pipeline', 'extract_from_git', '2021-08-07T10:25:00+00:00', '--job-id', '12', '--pool', 'default_pool', '--raw', '--subdir', 'DAGS_FOLDER/to_datalake_pipeline.py', '--cfg-path', '/tmp/tmpjpdjc4ve', '--error-file', '/tmp/tmpw95crtd5']
[2021-08-07 10:30:00,609] {standard_task_runner.py:77} INFO - Job 12: Subtask extract_from_git
[2021-08-07 10:30:00,651] {logging_mixin.py:104} INFO - Running <TaskInstance: to_datalake_pipeline.extract_from_git 2021-08-07T10:25:00+00:00 [running]> on host 4446dd23665f
[2021-08-07 10:30:00,693] {taskinstance.py:1302} INFO - Exporting the following env vars:
AIRFLOW_CTX_DAG_OWNER=***
AIRFLOW_CTX_DAG_ID=to_datalake_pipeline
AIRFLOW_CTX_TASK_ID=extract_from_git
AIRFLOW_CTX_EXECUTION_DATE=2021-08-07T10:25:00+00:00
AIRFLOW_CTX_DAG_RUN_ID=scheduled__2021-08-07T10:25:00+00:00
[2021-08-07 10:30:00,695] {logging_mixin.py:104} INFO - Downloading data from -> https://raw.githubusercontent.com/rezaprimasatya/DTO-DE-JUN-MID/main/data.zip
[2021-08-07 10:30:02,470] {logging_mixin.py:104} INFO - Unzipping Data
[2021-08-07 10:30:02,536] {logging_mixin.py:104} INFO - Transform Data to Pandas Dataframe
[2021-08-07 10:30:02,707] {logging_mixin.py:104} INFO - Load data to datalake
[2021-08-07 10:30:02,743] {logging_mixin.py:104} INFO - Load table : REGION
[2021-08-07 10:30:02,774] {logging_mixin.py:104} INFO - Load table : NATION
[2021-08-07 10:30:02,788] {logging_mixin.py:104} INFO - Load table : PART
[2021-08-07 10:30:02,865] {logging_mixin.py:104} INFO - Load table : SUPPLIER
[2021-08-07 10:30:02,883] {logging_mixin.py:104} INFO - Load table : PARTSUPP
[2021-08-07 10:30:03,211] {logging_mixin.py:104} INFO - Load table : CUSTOMER
[2021-08-07 10:30:03,270] {logging_mixin.py:104} INFO - Load table : ORDERS
[2021-08-07 10:30:03,839] {logging_mixin.py:104} INFO - Load table : LINEITEM
[2021-08-07 10:30:07,143] {python.py:151} INFO - Done. Returned value was: None
[2021-08-07 10:30:07,156] {taskinstance.py:1211} INFO - Marking task as SUCCESS. dag_id=to_datalake_pipeline, task_id=extract_from_git, execution_date=20210807T102500, start_date=20210807T103000, end_date=20210807T103007
[2021-08-07 10:30:07,186] {taskinstance.py:1265} INFO - 0 downstream tasks scheduled from follow-on schedule check
[2021-08-07 10:30:07,247] {local_task_job.py:149} INFO - Task exited with return code 0
