[2021-08-08 05:21:04,001] {taskinstance.py:896} INFO - Dependencies all met for <TaskInstance: standardized_pipeline.standardized_suppliers 2021-08-08T05:15:00+00:00 [queued]>
[2021-08-08 05:21:04,062] {taskinstance.py:896} INFO - Dependencies all met for <TaskInstance: standardized_pipeline.standardized_suppliers 2021-08-08T05:15:00+00:00 [queued]>
[2021-08-08 05:21:04,063] {taskinstance.py:1087} INFO - 
--------------------------------------------------------------------------------
[2021-08-08 05:21:04,066] {taskinstance.py:1088} INFO - Starting attempt 1 of 11
[2021-08-08 05:21:04,067] {taskinstance.py:1089} INFO - 
--------------------------------------------------------------------------------
[2021-08-08 05:21:04,095] {taskinstance.py:1107} INFO - Executing <Task(MySqlOperator): standardized_suppliers> on 2021-08-08T05:15:00+00:00
[2021-08-08 05:21:04,103] {standard_task_runner.py:52} INFO - Started process 1299 to run task
[2021-08-08 05:21:04,139] {standard_task_runner.py:76} INFO - Running: ['***', 'tasks', 'run', 'standardized_pipeline', 'standardized_suppliers', '2021-08-08T05:15:00+00:00', '--job-id', '106', '--pool', 'default_pool', '--raw', '--subdir', 'DAGS_FOLDER/standardized_pipeline.py', '--cfg-path', '/tmp/tmpnxpd51a2', '--error-file', '/tmp/tmphbwi6o67']
[2021-08-08 05:21:04,157] {standard_task_runner.py:77} INFO - Job 106: Subtask standardized_suppliers
[2021-08-08 05:21:04,300] {logging_mixin.py:104} INFO - Running <TaskInstance: standardized_pipeline.standardized_suppliers 2021-08-08T05:15:00+00:00 [running]> on host dbfb9e13da58
[2021-08-08 05:21:04,445] {taskinstance.py:1302} INFO - Exporting the following env vars:
AIRFLOW_CTX_DAG_EMAIL=wildangbudhi@gmail.com
AIRFLOW_CTX_DAG_OWNER=***
AIRFLOW_CTX_DAG_ID=standardized_pipeline
AIRFLOW_CTX_TASK_ID=standardized_suppliers
AIRFLOW_CTX_EXECUTION_DATE=2021-08-08T05:15:00+00:00
AIRFLOW_CTX_DAG_RUN_ID=scheduled__2021-08-08T05:15:00+00:00
[2021-08-08 05:21:04,447] {mysql.py:70} INFO - Executing: INSERT INTO standardized.suppliers
WITH data_last_5_minutes AS (
	SELECT
        DISTINCT
        CAST(S_SUPPKEY AS SIGNED) AS SUPPLIER_KEY,
        S_NAME AS SUPPLIER_NAME,
        S_ADDRESS AS SUPPLIER_ADDRESS,
        CAST(S_NATIONKEY AS SIGNED) AS NATION_KEY,
        S_PHONE AS SUPPLIER_PHONE,
        S_ACCTBAL AS SUPPLIER_ACCOUNT_BALANCE_TOTAL,
        S_COMMENT AS SUPPLIER_COMMENT,
        NOW() AS INGESTION_TIMESTAMP
    FROM
        datalake.SUPPLIER s
    WHERE 
        s.INGESTION_TIMESTAMP >= DATE_SUB(NOW(), INTERVAL 5 MINUTE)
)

SELECT 
	* 
FROM 
	data_last_5_minutes
[2021-08-08 05:21:04,461] {base.py:78} INFO - Using connection to: id: dwh_id. Host: dwh, Port: 3306, Schema: , Login: root, Password: ***, extra: {}
[2021-08-08 05:21:04,484] {dbapi.py:204} INFO - Running statement: INSERT INTO standardized.suppliers
WITH data_last_5_minutes AS (
	SELECT
        DISTINCT
        CAST(S_SUPPKEY AS SIGNED) AS SUPPLIER_KEY,
        S_NAME AS SUPPLIER_NAME,
        S_ADDRESS AS SUPPLIER_ADDRESS,
        CAST(S_NATIONKEY AS SIGNED) AS NATION_KEY,
        S_PHONE AS SUPPLIER_PHONE,
        S_ACCTBAL AS SUPPLIER_ACCOUNT_BALANCE_TOTAL,
        S_COMMENT AS SUPPLIER_COMMENT,
        NOW() AS INGESTION_TIMESTAMP
    FROM
        datalake.SUPPLIER s
    WHERE 
        s.INGESTION_TIMESTAMP >= DATE_SUB(NOW(), INTERVAL 5 MINUTE)
)

SELECT 
	* 
FROM 
	data_last_5_minutes, parameters: None
[2021-08-08 05:21:04,493] {dbapi.py:212} INFO - Rows affected: 100
[2021-08-08 05:21:04,525] {taskinstance.py:1211} INFO - Marking task as SUCCESS. dag_id=standardized_pipeline, task_id=standardized_suppliers, execution_date=20210808T051500, start_date=20210808T052104, end_date=20210808T052104
[2021-08-08 05:21:04,583] {taskinstance.py:1265} INFO - 0 downstream tasks scheduled from follow-on schedule check
[2021-08-08 05:21:04,605] {local_task_job.py:149} INFO - Task exited with return code 0
[2021-08-08 05:26:13,744] {taskinstance.py:896} INFO - Dependencies all met for <TaskInstance: standardized_pipeline.standardized_suppliers 2021-08-08T05:15:00+00:00 [queued]>
[2021-08-08 05:26:13,770] {taskinstance.py:896} INFO - Dependencies all met for <TaskInstance: standardized_pipeline.standardized_suppliers 2021-08-08T05:15:00+00:00 [queued]>
[2021-08-08 05:26:13,771] {taskinstance.py:1087} INFO - 
--------------------------------------------------------------------------------
[2021-08-08 05:26:13,772] {taskinstance.py:1088} INFO - Starting attempt 1 of 11
[2021-08-08 05:26:13,773] {taskinstance.py:1089} INFO - 
--------------------------------------------------------------------------------
[2021-08-08 05:26:13,788] {taskinstance.py:1107} INFO - Executing <Task(MySqlOperator): standardized_suppliers> on 2021-08-08T05:15:00+00:00
[2021-08-08 05:26:13,807] {standard_task_runner.py:76} INFO - Running: ['***', 'tasks', 'run', 'standardized_pipeline', 'standardized_suppliers', '2021-08-08T05:15:00+00:00', '--job-id', '25', '--pool', 'default_pool', '--raw', '--subdir', 'DAGS_FOLDER/standardized_pipeline.py', '--cfg-path', '/tmp/tmp0dgtnbdq', '--error-file', '/tmp/tmpu9n70a9x']
[2021-08-08 05:26:13,799] {standard_task_runner.py:52} INFO - Started process 311 to run task
[2021-08-08 05:26:13,812] {standard_task_runner.py:77} INFO - Job 25: Subtask standardized_suppliers
[2021-08-08 05:26:13,925] {logging_mixin.py:104} INFO - Running <TaskInstance: standardized_pipeline.standardized_suppliers 2021-08-08T05:15:00+00:00 [running]> on host b48e43d568d5
[2021-08-08 05:26:14,191] {taskinstance.py:1302} INFO - Exporting the following env vars:
AIRFLOW_CTX_DAG_EMAIL=wildangbudhi@gmail.com
AIRFLOW_CTX_DAG_OWNER=***
AIRFLOW_CTX_DAG_ID=standardized_pipeline
AIRFLOW_CTX_TASK_ID=standardized_suppliers
AIRFLOW_CTX_EXECUTION_DATE=2021-08-08T05:15:00+00:00
AIRFLOW_CTX_DAG_RUN_ID=scheduled__2021-08-08T05:15:00+00:00
[2021-08-08 05:26:14,194] {mysql.py:70} INFO - Executing: INSERT INTO standardized.suppliers
WITH data_last_5_minutes AS (
	SELECT
        DISTINCT
        CAST(S_SUPPKEY AS SIGNED) AS SUPPLIER_KEY,
        S_NAME AS SUPPLIER_NAME,
        S_ADDRESS AS SUPPLIER_ADDRESS,
        CAST(S_NATIONKEY AS SIGNED) AS NATION_KEY,
        S_PHONE AS SUPPLIER_PHONE,
        S_ACCTBAL AS SUPPLIER_ACCOUNT_BALANCE_TOTAL,
        S_COMMENT AS SUPPLIER_COMMENT,
        NOW() AS INGESTION_TIMESTAMP
    FROM
        datalake.SUPPLIER s
    WHERE 
        s.INGESTION_TIMESTAMP >= DATE_SUB(NOW(), INTERVAL 5 MINUTE)
)

SELECT 
	* 
FROM 
	data_last_5_minutes
[2021-08-08 05:26:14,232] {base.py:78} INFO - Using connection to: id: dwh_id. Host: dwh, Port: 3306, Schema: , Login: root, Password: ***, extra: {}
[2021-08-08 05:26:14,254] {dbapi.py:204} INFO - Running statement: INSERT INTO standardized.suppliers
WITH data_last_5_minutes AS (
	SELECT
        DISTINCT
        CAST(S_SUPPKEY AS SIGNED) AS SUPPLIER_KEY,
        S_NAME AS SUPPLIER_NAME,
        S_ADDRESS AS SUPPLIER_ADDRESS,
        CAST(S_NATIONKEY AS SIGNED) AS NATION_KEY,
        S_PHONE AS SUPPLIER_PHONE,
        S_ACCTBAL AS SUPPLIER_ACCOUNT_BALANCE_TOTAL,
        S_COMMENT AS SUPPLIER_COMMENT,
        NOW() AS INGESTION_TIMESTAMP
    FROM
        datalake.SUPPLIER s
    WHERE 
        s.INGESTION_TIMESTAMP >= DATE_SUB(NOW(), INTERVAL 5 MINUTE)
)

SELECT 
	* 
FROM 
	data_last_5_minutes, parameters: None
[2021-08-08 05:26:14,262] {dbapi.py:212} INFO - Rows affected: 100
[2021-08-08 05:26:14,293] {taskinstance.py:1211} INFO - Marking task as SUCCESS. dag_id=standardized_pipeline, task_id=standardized_suppliers, execution_date=20210808T051500, start_date=20210808T052613, end_date=20210808T052614
[2021-08-08 05:26:14,414] {taskinstance.py:1265} INFO - 0 downstream tasks scheduled from follow-on schedule check
[2021-08-08 05:26:14,445] {local_task_job.py:149} INFO - Task exited with return code 0
