[2021-08-08 05:07:02,239] {taskinstance.py:896} INFO - Dependencies all met for <TaskInstance: presentation_pipeline.create_presentation_table_dim_parts 2021-08-08T05:00:00+00:00 [queued]>
[2021-08-08 05:07:02,268] {taskinstance.py:896} INFO - Dependencies all met for <TaskInstance: presentation_pipeline.create_presentation_table_dim_parts 2021-08-08T05:00:00+00:00 [queued]>
[2021-08-08 05:07:02,272] {taskinstance.py:1087} INFO - 
--------------------------------------------------------------------------------
[2021-08-08 05:07:02,273] {taskinstance.py:1088} INFO - Starting attempt 1 of 1
[2021-08-08 05:07:02,274] {taskinstance.py:1089} INFO - 
--------------------------------------------------------------------------------
[2021-08-08 05:07:02,300] {taskinstance.py:1107} INFO - Executing <Task(MySqlOperator): create_presentation_table_dim_parts> on 2021-08-08T05:00:00+00:00
[2021-08-08 05:07:02,316] {standard_task_runner.py:76} INFO - Running: ['***', 'tasks', 'run', 'presentation_pipeline', 'create_presentation_table_dim_parts', '2021-08-08T05:00:00+00:00', '--job-id', '109', '--pool', 'default_pool', '--raw', '--subdir', 'DAGS_FOLDER/presentation_pipeline.py', '--cfg-path', '/tmp/tmppviw9mtk', '--error-file', '/tmp/tmp6cgdmxm8']
[2021-08-08 05:07:02,307] {standard_task_runner.py:52} INFO - Started process 6904 to run task
[2021-08-08 05:07:02,318] {standard_task_runner.py:77} INFO - Job 109: Subtask create_presentation_table_dim_parts
[2021-08-08 05:07:02,408] {logging_mixin.py:104} INFO - Running <TaskInstance: presentation_pipeline.create_presentation_table_dim_parts 2021-08-08T05:00:00+00:00 [running]> on host 75feb3cfb2a6
[2021-08-08 05:07:02,505] {taskinstance.py:1302} INFO - Exporting the following env vars:
AIRFLOW_CTX_DAG_OWNER=***
AIRFLOW_CTX_DAG_ID=presentation_pipeline
AIRFLOW_CTX_TASK_ID=create_presentation_table_dim_parts
AIRFLOW_CTX_EXECUTION_DATE=2021-08-08T05:00:00+00:00
AIRFLOW_CTX_DAG_RUN_ID=scheduled__2021-08-08T05:00:00+00:00
[2021-08-08 05:07:02,506] {mysql.py:70} INFO - Executing: CREATE TABLE IF NOT EXISTS presentation.parts (
    PART_KEY INT NOT NULL,
    INGESTION_TIMESTAMP TIMESTAMP NOT NULL DEFAULT CURRENT_TIMESTAMP,
    CONSTRAINT `PART_PK` PRIMARY KEY (PART_KEY)
) AS

SELECT 
	DISTINCT 
	p.PART_KEY,
	p.PART_NAME,
	p.PART_SIZE_NUMBER,
	p.PART_CONTAINER_TYPE,
	p.PART_RETAIL_PRICE 
FROM 
	standardized.parts p
WHERE 
	p.INGESTION_TIMESTAMP >= DATE_SUB(NOW(), INTERVAL 5 MINUTE)
[2021-08-08 05:07:02,519] {base.py:78} INFO - Using connection to: id: dwh_id. Host: dwh, Port: 3306, Schema: , Login: root, Password: ***, extra: {}
[2021-08-08 05:07:02,539] {dbapi.py:204} INFO - Running statement: CREATE TABLE IF NOT EXISTS presentation.parts (
    PART_KEY INT NOT NULL,
    INGESTION_TIMESTAMP TIMESTAMP NOT NULL DEFAULT CURRENT_TIMESTAMP,
    CONSTRAINT `PART_PK` PRIMARY KEY (PART_KEY)
) AS

SELECT 
	DISTINCT 
	p.PART_KEY,
	p.PART_NAME,
	p.PART_SIZE_NUMBER,
	p.PART_CONTAINER_TYPE,
	p.PART_RETAIL_PRICE 
FROM 
	standardized.parts p
WHERE 
	p.INGESTION_TIMESTAMP >= DATE_SUB(NOW(), INTERVAL 5 MINUTE), parameters: None
[2021-08-08 05:07:02,653] {dbapi.py:212} INFO - Rows affected: 2000
[2021-08-08 05:07:02,678] {taskinstance.py:1211} INFO - Marking task as SUCCESS. dag_id=presentation_pipeline, task_id=create_presentation_table_dim_parts, execution_date=20210808T050000, start_date=20210808T050702, end_date=20210808T050702
[2021-08-08 05:07:02,777] {taskinstance.py:1265} INFO - 1 downstream tasks scheduled from follow-on schedule check
[2021-08-08 05:07:02,817] {local_task_job.py:149} INFO - Task exited with return code 0
[2021-08-08 05:12:19,512] {taskinstance.py:896} INFO - Dependencies all met for <TaskInstance: presentation_pipeline.create_presentation_table_dim_parts 2021-08-08T05:00:00+00:00 [queued]>
[2021-08-08 05:12:19,541] {taskinstance.py:896} INFO - Dependencies all met for <TaskInstance: presentation_pipeline.create_presentation_table_dim_parts 2021-08-08T05:00:00+00:00 [queued]>
[2021-08-08 05:12:19,542] {taskinstance.py:1087} INFO - 
--------------------------------------------------------------------------------
[2021-08-08 05:12:19,544] {taskinstance.py:1088} INFO - Starting attempt 1 of 1
[2021-08-08 05:12:19,544] {taskinstance.py:1089} INFO - 
--------------------------------------------------------------------------------
[2021-08-08 05:12:19,561] {taskinstance.py:1107} INFO - Executing <Task(MySqlOperator): create_presentation_table_dim_parts> on 2021-08-08T05:00:00+00:00
[2021-08-08 05:12:19,579] {standard_task_runner.py:76} INFO - Running: ['***', 'tasks', 'run', 'presentation_pipeline', 'create_presentation_table_dim_parts', '2021-08-08T05:00:00+00:00', '--job-id', '45', '--pool', 'default_pool', '--raw', '--subdir', 'DAGS_FOLDER/presentation_pipeline.py', '--cfg-path', '/tmp/tmp6uxouvjd', '--error-file', '/tmp/tmpomhw2d5i']
[2021-08-08 05:12:19,582] {standard_task_runner.py:77} INFO - Job 45: Subtask create_presentation_table_dim_parts
[2021-08-08 05:12:19,573] {standard_task_runner.py:52} INFO - Started process 445 to run task
[2021-08-08 05:12:19,660] {logging_mixin.py:104} INFO - Running <TaskInstance: presentation_pipeline.create_presentation_table_dim_parts 2021-08-08T05:00:00+00:00 [running]> on host dbfb9e13da58
[2021-08-08 05:12:19,785] {taskinstance.py:1302} INFO - Exporting the following env vars:
AIRFLOW_CTX_DAG_OWNER=***
AIRFLOW_CTX_DAG_ID=presentation_pipeline
AIRFLOW_CTX_TASK_ID=create_presentation_table_dim_parts
AIRFLOW_CTX_EXECUTION_DATE=2021-08-08T05:00:00+00:00
AIRFLOW_CTX_DAG_RUN_ID=scheduled__2021-08-08T05:00:00+00:00
[2021-08-08 05:12:19,787] {mysql.py:70} INFO - Executing: CREATE TABLE IF NOT EXISTS presentation.parts (
    PART_KEY INT NOT NULL,
    INGESTION_TIMESTAMP TIMESTAMP NOT NULL DEFAULT CURRENT_TIMESTAMP,
    CONSTRAINT `PART_PK` PRIMARY KEY (PART_KEY)
) AS

SELECT 
	DISTINCT 
	p.PART_KEY,
	p.PART_NAME,
	p.PART_SIZE_NUMBER,
	p.PART_CONTAINER_TYPE,
	p.PART_RETAIL_PRICE 
FROM 
	standardized.parts p
WHERE 
	p.INGESTION_TIMESTAMP >= DATE_SUB(NOW(), INTERVAL 5 MINUTE)
[2021-08-08 05:12:19,810] {base.py:78} INFO - Using connection to: id: dwh_id. Host: dwh, Port: 3306, Schema: , Login: root, Password: ***, extra: {}
[2021-08-08 05:12:19,830] {dbapi.py:204} INFO - Running statement: CREATE TABLE IF NOT EXISTS presentation.parts (
    PART_KEY INT NOT NULL,
    INGESTION_TIMESTAMP TIMESTAMP NOT NULL DEFAULT CURRENT_TIMESTAMP,
    CONSTRAINT `PART_PK` PRIMARY KEY (PART_KEY)
) AS

SELECT 
	DISTINCT 
	p.PART_KEY,
	p.PART_NAME,
	p.PART_SIZE_NUMBER,
	p.PART_CONTAINER_TYPE,
	p.PART_RETAIL_PRICE 
FROM 
	standardized.parts p
WHERE 
	p.INGESTION_TIMESTAMP >= DATE_SUB(NOW(), INTERVAL 5 MINUTE), parameters: None
[2021-08-08 05:12:19,961] {dbapi.py:212} INFO - Rows affected: 2000
[2021-08-08 05:12:19,993] {taskinstance.py:1211} INFO - Marking task as SUCCESS. dag_id=presentation_pipeline, task_id=create_presentation_table_dim_parts, execution_date=20210808T050000, start_date=20210808T051219, end_date=20210808T051219
[2021-08-08 05:12:20,037] {taskinstance.py:1265} INFO - 1 downstream tasks scheduled from follow-on schedule check
[2021-08-08 05:12:20,086] {local_task_job.py:149} INFO - Task exited with return code 0
