[2021-08-08 09:01:03,277] {taskinstance.py:896} INFO - Dependencies all met for <TaskInstance: standardized_pipeline.standardized_parts 2021-08-08T08:00:00+00:00 [queued]>
[2021-08-08 09:01:03,318] {taskinstance.py:896} INFO - Dependencies all met for <TaskInstance: standardized_pipeline.standardized_parts 2021-08-08T08:00:00+00:00 [queued]>
[2021-08-08 09:01:03,319] {taskinstance.py:1087} INFO - 
--------------------------------------------------------------------------------
[2021-08-08 09:01:03,320] {taskinstance.py:1088} INFO - Starting attempt 1 of 11
[2021-08-08 09:01:03,321] {taskinstance.py:1089} INFO - 
--------------------------------------------------------------------------------
[2021-08-08 09:01:03,340] {taskinstance.py:1107} INFO - Executing <Task(MySqlOperator): standardized_parts> on 2021-08-08T08:00:00+00:00
[2021-08-08 09:01:03,349] {standard_task_runner.py:52} INFO - Started process 1229 to run task
[2021-08-08 09:01:03,368] {standard_task_runner.py:76} INFO - Running: ['***', 'tasks', 'run', 'standardized_pipeline', 'standardized_parts', '2021-08-08T08:00:00+00:00', '--job-id', '45', '--pool', 'default_pool', '--raw', '--subdir', 'DAGS_FOLDER/standardized_pipeline.py', '--cfg-path', '/tmp/tmp5afesxmk', '--error-file', '/tmp/tmp0pu6l4hk']
[2021-08-08 09:01:03,369] {standard_task_runner.py:77} INFO - Job 45: Subtask standardized_parts
[2021-08-08 09:01:03,451] {logging_mixin.py:104} INFO - Running <TaskInstance: standardized_pipeline.standardized_parts 2021-08-08T08:00:00+00:00 [running]> on host 99eefc5c6cd8
[2021-08-08 09:01:03,562] {taskinstance.py:1302} INFO - Exporting the following env vars:
AIRFLOW_CTX_DAG_OWNER=***
AIRFLOW_CTX_DAG_ID=standardized_pipeline
AIRFLOW_CTX_TASK_ID=standardized_parts
AIRFLOW_CTX_EXECUTION_DATE=2021-08-08T08:00:00+00:00
AIRFLOW_CTX_DAG_RUN_ID=scheduled__2021-08-08T08:00:00+00:00
[2021-08-08 09:01:03,565] {mysql.py:70} INFO - Executing: INSERT INTO standardized.parts
WITH timeframed_data AS (
	SELECT
        DISTINCT
        CAST(P_PARTKEY AS SIGNED) AS PART_KEY,
        P_NAME AS PART_NAME,
        P_MFGR AS PART_MANUFACTURE_GROUP_NAME,
        P_BRAND AS PART_BRAND_NAME,
        P_TYPE AS PART_TYPE,
        CAST(P_SIZE AS SIGNED) AS PART_SIZE_NUMBER,
        P_CONTAINER AS PART_CONTAINER_TYPE,
        P_RETAILPRICE AS PART_RETAIL_PRICE,
        P_COMMENT AS PART_COMMENT,
        NOW() AS INGESTION_TIMESTAMP
    FROM
        datalake.PART p
    WHERE 
        p.INGESTION_TIMESTAMP >= DATE_SUB(NOW(), INTERVAL 1 HOUR)
)

SELECT 
	* 
FROM 
	timeframed_data
[2021-08-08 09:01:03,579] {base.py:78} INFO - Using connection to: id: dwh_id. Host: dwh, Port: 3306, Schema: , Login: root, Password: ***, extra: {}
[2021-08-08 09:01:03,596] {dbapi.py:204} INFO - Running statement: INSERT INTO standardized.parts
WITH timeframed_data AS (
	SELECT
        DISTINCT
        CAST(P_PARTKEY AS SIGNED) AS PART_KEY,
        P_NAME AS PART_NAME,
        P_MFGR AS PART_MANUFACTURE_GROUP_NAME,
        P_BRAND AS PART_BRAND_NAME,
        P_TYPE AS PART_TYPE,
        CAST(P_SIZE AS SIGNED) AS PART_SIZE_NUMBER,
        P_CONTAINER AS PART_CONTAINER_TYPE,
        P_RETAILPRICE AS PART_RETAIL_PRICE,
        P_COMMENT AS PART_COMMENT,
        NOW() AS INGESTION_TIMESTAMP
    FROM
        datalake.PART p
    WHERE 
        p.INGESTION_TIMESTAMP >= DATE_SUB(NOW(), INTERVAL 1 HOUR)
)

SELECT 
	* 
FROM 
	timeframed_data, parameters: None
[2021-08-08 09:01:03,784] {dbapi.py:212} INFO - Rows affected: 2000
[2021-08-08 09:01:03,799] {taskinstance.py:1211} INFO - Marking task as SUCCESS. dag_id=standardized_pipeline, task_id=standardized_parts, execution_date=20210808T080000, start_date=20210808T090103, end_date=20210808T090103
[2021-08-08 09:01:03,832] {taskinstance.py:1265} INFO - 0 downstream tasks scheduled from follow-on schedule check
[2021-08-08 09:01:03,867] {local_task_job.py:149} INFO - Task exited with return code 0
