[2021-08-07 15:30:01,030] {taskinstance.py:896} INFO - Dependencies all met for <TaskInstance: to_datalake_pipeline.extract_from_git 2021-08-07T15:25:00+00:00 [queued]>
[2021-08-07 15:30:01,045] {taskinstance.py:896} INFO - Dependencies all met for <TaskInstance: to_datalake_pipeline.extract_from_git 2021-08-07T15:25:00+00:00 [queued]>
[2021-08-07 15:30:01,046] {taskinstance.py:1087} INFO - 
--------------------------------------------------------------------------------
[2021-08-07 15:30:01,047] {taskinstance.py:1088} INFO - Starting attempt 1 of 1
[2021-08-07 15:30:01,047] {taskinstance.py:1089} INFO - 
--------------------------------------------------------------------------------
[2021-08-07 15:30:01,055] {taskinstance.py:1107} INFO - Executing <Task(PythonOperator): extract_from_git> on 2021-08-07T15:25:00+00:00
[2021-08-07 15:30:01,060] {standard_task_runner.py:52} INFO - Started process 210 to run task
[2021-08-07 15:30:01,064] {standard_task_runner.py:76} INFO - Running: ['***', 'tasks', 'run', 'to_datalake_pipeline', 'extract_from_git', '2021-08-07T15:25:00+00:00', '--job-id', '3', '--pool', 'default_pool', '--raw', '--subdir', 'DAGS_FOLDER/to_datalake_pipeline.py', '--cfg-path', '/tmp/tmp48obkqeq', '--error-file', '/tmp/tmp1gi3_oyg']
[2021-08-07 15:30:01,065] {standard_task_runner.py:77} INFO - Job 3: Subtask extract_from_git
[2021-08-07 15:30:01,114] {logging_mixin.py:104} INFO - Running <TaskInstance: to_datalake_pipeline.extract_from_git 2021-08-07T15:25:00+00:00 [running]> on host b717d0d473a9
[2021-08-07 15:30:01,174] {taskinstance.py:1302} INFO - Exporting the following env vars:
AIRFLOW_CTX_DAG_OWNER=***
AIRFLOW_CTX_DAG_ID=to_datalake_pipeline
AIRFLOW_CTX_TASK_ID=extract_from_git
AIRFLOW_CTX_EXECUTION_DATE=2021-08-07T15:25:00+00:00
AIRFLOW_CTX_DAG_RUN_ID=scheduled__2021-08-07T15:25:00+00:00
[2021-08-07 15:30:01,176] {logging_mixin.py:104} INFO - Downloading data from -> https://raw.githubusercontent.com/rezaprimasatya/DTO-DE-JUN-MID/main/data.zip
[2021-08-07 15:30:07,412] {logging_mixin.py:104} INFO - Unzipping Data
[2021-08-07 15:30:07,487] {logging_mixin.py:104} INFO - Transform Data to Pandas Dataframe
[2021-08-07 15:30:07,666] {logging_mixin.py:104} INFO - Load data to datalake
[2021-08-07 15:30:07,676] {taskinstance.py:1501} ERROR - Task failed with exception
Traceback (most recent call last):
  File "/home/airflow/.local/lib/python3.6/site-packages/airflow/models/taskinstance.py", line 1157, in _run_raw_task
    self._prepare_and_execute_task_with_callbacks(context, task)
  File "/home/airflow/.local/lib/python3.6/site-packages/airflow/models/taskinstance.py", line 1331, in _prepare_and_execute_task_with_callbacks
    result = self._execute_task(context, task_copy)
  File "/home/airflow/.local/lib/python3.6/site-packages/airflow/models/taskinstance.py", line 1361, in _execute_task
    result = task_copy.execute(context=context)
  File "/home/airflow/.local/lib/python3.6/site-packages/airflow/operators/python.py", line 150, in execute
    return_value = self.execute_callable()
  File "/home/airflow/.local/lib/python3.6/site-packages/airflow/operators/python.py", line 161, in execute_callable
    return self.python_callable(*self.op_args, **self.op_kwargs)
  File "/opt/airflow/dags/extract/extract.py", line 104, in extract_data_from_git
    pipeline.run()
  File "/opt/airflow/dags/extract/extract.py", line 19, in run
    self.df_to_datalake(data_dataframes)
  File "/opt/airflow/dags/extract/extract.py", line 71, in df_to_datalake
    user=Variable.get("DWH_USER"),
  File "/home/airflow/.local/lib/python3.6/site-packages/airflow/models/variable.py", line 140, in get
    raise KeyError(f'Variable {key} does not exist')
KeyError: 'Variable DWH_USER does not exist'
[2021-08-07 15:30:07,679] {taskinstance.py:1551} INFO - Marking task as FAILED. dag_id=to_datalake_pipeline, task_id=extract_from_git, execution_date=20210807T152500, start_date=20210807T153001, end_date=20210807T153007
[2021-08-07 15:30:07,719] {local_task_job.py:149} INFO - Task exited with return code 1
