[2021-08-07 14:05:01,225] {taskinstance.py:896} INFO - Dependencies all met for <TaskInstance: to_datalake_pipeline.extract_from_git 2021-08-07T14:00:00+00:00 [queued]>
[2021-08-07 14:05:01,239] {taskinstance.py:896} INFO - Dependencies all met for <TaskInstance: to_datalake_pipeline.extract_from_git 2021-08-07T14:00:00+00:00 [queued]>
[2021-08-07 14:05:01,240] {taskinstance.py:1087} INFO - 
--------------------------------------------------------------------------------
[2021-08-07 14:05:01,241] {taskinstance.py:1088} INFO - Starting attempt 1 of 1
[2021-08-07 14:05:01,242] {taskinstance.py:1089} INFO - 
--------------------------------------------------------------------------------
[2021-08-07 14:05:01,249] {taskinstance.py:1107} INFO - Executing <Task(PythonOperator): extract_from_git> on 2021-08-07T14:00:00+00:00
[2021-08-07 14:05:01,255] {standard_task_runner.py:52} INFO - Started process 3149 to run task
[2021-08-07 14:05:01,258] {standard_task_runner.py:76} INFO - Running: ['***', 'tasks', 'run', 'to_datalake_pipeline', 'extract_from_git', '2021-08-07T14:00:00+00:00', '--job-id', '23', '--pool', 'default_pool', '--raw', '--subdir', 'DAGS_FOLDER/to_datalake_pipeline.py', '--cfg-path', '/tmp/tmp2bye3pqg', '--error-file', '/tmp/tmpcj3e3xsu']
[2021-08-07 14:05:01,259] {standard_task_runner.py:77} INFO - Job 23: Subtask extract_from_git
[2021-08-07 14:05:01,317] {logging_mixin.py:104} INFO - Running <TaskInstance: to_datalake_pipeline.extract_from_git 2021-08-07T14:00:00+00:00 [running]> on host ab70d6dafbc6
[2021-08-07 14:05:01,364] {taskinstance.py:1302} INFO - Exporting the following env vars:
AIRFLOW_CTX_DAG_OWNER=***
AIRFLOW_CTX_DAG_ID=to_datalake_pipeline
AIRFLOW_CTX_TASK_ID=extract_from_git
AIRFLOW_CTX_EXECUTION_DATE=2021-08-07T14:00:00+00:00
AIRFLOW_CTX_DAG_RUN_ID=scheduled__2021-08-07T14:00:00+00:00
[2021-08-07 14:05:01,365] {logging_mixin.py:104} INFO - Downloading data from -> https://raw.githubusercontent.com/rezaprimasatya/DTO-DE-JUN-MID/main/data.zip
[2021-08-07 14:05:03,344] {logging_mixin.py:104} INFO - Unzipping Data
[2021-08-07 14:05:03,413] {logging_mixin.py:104} INFO - Transform Data to Pandas Dataframe
[2021-08-07 14:05:03,611] {logging_mixin.py:104} INFO - Load data to datalake
[2021-08-07 14:05:03,649] {logging_mixin.py:104} INFO - Load table : REGION
[2021-08-07 14:05:03,682] {logging_mixin.py:104} INFO - Load table : NATION
[2021-08-07 14:05:03,698] {logging_mixin.py:104} INFO - Load table : PART
[2021-08-07 14:05:03,801] {logging_mixin.py:104} INFO - Load table : SUPPLIER
[2021-08-07 14:05:03,823] {logging_mixin.py:104} INFO - Load table : PARTSUPP
[2021-08-07 14:05:04,209] {logging_mixin.py:104} INFO - Load table : CUSTOMER
[2021-08-07 14:05:04,292] {logging_mixin.py:104} INFO - Load table : ORDERS
[2021-08-07 14:05:04,952] {logging_mixin.py:104} INFO - Load table : LINEITEM
[2021-08-07 14:05:08,316] {python.py:151} INFO - Done. Returned value was: None
[2021-08-07 14:05:08,329] {taskinstance.py:1211} INFO - Marking task as SUCCESS. dag_id=to_datalake_pipeline, task_id=extract_from_git, execution_date=20210807T140000, start_date=20210807T140501, end_date=20210807T140508
[2021-08-07 14:05:08,350] {taskinstance.py:1265} INFO - 0 downstream tasks scheduled from follow-on schedule check
[2021-08-07 14:05:08,410] {local_task_job.py:149} INFO - Task exited with return code 0
