[2021-08-08 05:13:03,604] {taskinstance.py:896} INFO - Dependencies all met for <TaskInstance: presentation_pipeline.presentation_dim_suppliers 2021-08-08T05:05:00+00:00 [queued]>
[2021-08-08 05:13:03,633] {taskinstance.py:896} INFO - Dependencies all met for <TaskInstance: presentation_pipeline.presentation_dim_suppliers 2021-08-08T05:05:00+00:00 [queued]>
[2021-08-08 05:13:03,633] {taskinstance.py:1087} INFO - 
--------------------------------------------------------------------------------
[2021-08-08 05:13:03,634] {taskinstance.py:1088} INFO - Starting attempt 1 of 1
[2021-08-08 05:13:03,635] {taskinstance.py:1089} INFO - 
--------------------------------------------------------------------------------
[2021-08-08 05:13:03,647] {taskinstance.py:1107} INFO - Executing <Task(MySqlOperator): presentation_dim_suppliers> on 2021-08-08T05:05:00+00:00
[2021-08-08 05:13:03,663] {standard_task_runner.py:76} INFO - Running: ['***', 'tasks', 'run', 'presentation_pipeline', 'presentation_dim_suppliers', '2021-08-08T05:05:00+00:00', '--job-id', '61', '--pool', 'default_pool', '--raw', '--subdir', 'DAGS_FOLDER/presentation_pipeline.py', '--cfg-path', '/tmp/tmphuylxics', '--error-file', '/tmp/tmp3dzr31gd']
[2021-08-08 05:13:03,655] {standard_task_runner.py:52} INFO - Started process 534 to run task
[2021-08-08 05:13:03,664] {standard_task_runner.py:77} INFO - Job 61: Subtask presentation_dim_suppliers
[2021-08-08 05:13:03,734] {logging_mixin.py:104} INFO - Running <TaskInstance: presentation_pipeline.presentation_dim_suppliers 2021-08-08T05:05:00+00:00 [running]> on host dbfb9e13da58
[2021-08-08 05:13:03,814] {taskinstance.py:1302} INFO - Exporting the following env vars:
AIRFLOW_CTX_DAG_OWNER=***
AIRFLOW_CTX_DAG_ID=presentation_pipeline
AIRFLOW_CTX_TASK_ID=presentation_dim_suppliers
AIRFLOW_CTX_EXECUTION_DATE=2021-08-08T05:05:00+00:00
AIRFLOW_CTX_DAG_RUN_ID=scheduled__2021-08-08T05:05:00+00:00
[2021-08-08 05:13:03,818] {mysql.py:70} INFO - Executing: INSERT IGNORE INTO presentation.suppliers
SELECT
	DISTINCT 
	s.SUPPLIER_KEY,
	s.SUPPLIER_ACCOUNT_BALANCE_TOTAL ,
	n.NATION_NAME 
FROM 
	standardized.suppliers s
LEFT JOIN 
	standardized.nations n 
	ON s.NATION_KEY = n.NATION_KEY 
WHERE 
	s.INGESTION_TIMESTAMP >= DATE_SUB(NOW(), INTERVAL 5 MINUTE)
[2021-08-08 05:13:03,829] {base.py:78} INFO - Using connection to: id: dwh_id. Host: dwh, Port: 3306, Schema: , Login: root, Password: ***, extra: {}
[2021-08-08 05:13:03,844] {dbapi.py:204} INFO - Running statement: INSERT IGNORE INTO presentation.suppliers
SELECT
	DISTINCT 
	s.SUPPLIER_KEY,
	s.SUPPLIER_ACCOUNT_BALANCE_TOTAL ,
	n.NATION_NAME 
FROM 
	standardized.suppliers s
LEFT JOIN 
	standardized.nations n 
	ON s.NATION_KEY = n.NATION_KEY 
WHERE 
	s.INGESTION_TIMESTAMP >= DATE_SUB(NOW(), INTERVAL 5 MINUTE), parameters: None
[2021-08-08 05:13:03,846] {taskinstance.py:1501} ERROR - Task failed with exception
Traceback (most recent call last):
  File "/home/airflow/.local/lib/python3.6/site-packages/airflow/models/taskinstance.py", line 1157, in _run_raw_task
    self._prepare_and_execute_task_with_callbacks(context, task)
  File "/home/airflow/.local/lib/python3.6/site-packages/airflow/models/taskinstance.py", line 1331, in _prepare_and_execute_task_with_callbacks
    result = self._execute_task(context, task_copy)
  File "/home/airflow/.local/lib/python3.6/site-packages/airflow/models/taskinstance.py", line 1361, in _execute_task
    result = task_copy.execute(context=context)
  File "/home/airflow/.local/lib/python3.6/site-packages/airflow/providers/mysql/operators/mysql.py", line 72, in execute
    hook.run(self.sql, autocommit=self.autocommit, parameters=self.parameters)
  File "/home/airflow/.local/lib/python3.6/site-packages/airflow/hooks/dbapi.py", line 184, in run
    self._run_command(cur, sql_statement, parameters)
  File "/home/airflow/.local/lib/python3.6/site-packages/airflow/hooks/dbapi.py", line 208, in _run_command
    cur.execute(sql_statement)
  File "/home/airflow/.local/lib/python3.6/site-packages/MySQLdb/cursors.py", line 206, in execute
    res = self._query(query)
  File "/home/airflow/.local/lib/python3.6/site-packages/MySQLdb/cursors.py", line 319, in _query
    db.query(q)
  File "/home/airflow/.local/lib/python3.6/site-packages/MySQLdb/connections.py", line 259, in query
    _mysql.connection.query(self, query)
MySQLdb._exceptions.OperationalError: (1136, "Column count doesn't match value count at row 1")
[2021-08-08 05:13:03,849] {taskinstance.py:1551} INFO - Marking task as FAILED. dag_id=presentation_pipeline, task_id=presentation_dim_suppliers, execution_date=20210808T050500, start_date=20210808T051303, end_date=20210808T051303
[2021-08-08 05:13:03,921] {local_task_job.py:149} INFO - Task exited with return code 1
[2021-08-08 07:06:59,271] {taskinstance.py:896} INFO - Dependencies all met for <TaskInstance: presentation_pipeline.presentation_dim_suppliers 2021-08-08T05:05:00+00:00 [queued]>
[2021-08-08 07:06:59,283] {taskinstance.py:896} INFO - Dependencies all met for <TaskInstance: presentation_pipeline.presentation_dim_suppliers 2021-08-08T05:05:00+00:00 [queued]>
[2021-08-08 07:06:59,283] {taskinstance.py:1087} INFO - 
--------------------------------------------------------------------------------
[2021-08-08 07:06:59,284] {taskinstance.py:1088} INFO - Starting attempt 1 of 1
[2021-08-08 07:06:59,285] {taskinstance.py:1089} INFO - 
--------------------------------------------------------------------------------
[2021-08-08 07:06:59,306] {taskinstance.py:1107} INFO - Executing <Task(MySqlOperator): presentation_dim_suppliers> on 2021-08-08T05:05:00+00:00
[2021-08-08 07:06:59,316] {standard_task_runner.py:76} INFO - Running: ['***', 'tasks', 'run', 'presentation_pipeline', 'presentation_dim_suppliers', '2021-08-08T05:05:00+00:00', '--job-id', '49', '--pool', 'default_pool', '--raw', '--subdir', 'DAGS_FOLDER/presentation_pipeline.py', '--cfg-path', '/tmp/tmp4b2hy98_', '--error-file', '/tmp/tmpigavb5nd']
[2021-08-08 07:06:59,318] {standard_task_runner.py:77} INFO - Job 49: Subtask presentation_dim_suppliers
[2021-08-08 07:06:59,312] {standard_task_runner.py:52} INFO - Started process 405 to run task
[2021-08-08 07:06:59,367] {logging_mixin.py:104} INFO - Running <TaskInstance: presentation_pipeline.presentation_dim_suppliers 2021-08-08T05:05:00+00:00 [running]> on host bf836d82c89b
[2021-08-08 07:06:59,428] {taskinstance.py:1302} INFO - Exporting the following env vars:
AIRFLOW_CTX_DAG_OWNER=***
AIRFLOW_CTX_DAG_ID=presentation_pipeline
AIRFLOW_CTX_TASK_ID=presentation_dim_suppliers
AIRFLOW_CTX_EXECUTION_DATE=2021-08-08T05:05:00+00:00
AIRFLOW_CTX_DAG_RUN_ID=scheduled__2021-08-08T05:05:00+00:00
[2021-08-08 07:06:59,430] {mysql.py:70} INFO - Executing: INSERT IGNORE INTO presentation.suppliers
SELECT
	DISTINCT 
	s.SUPPLIER_KEY,
	s.SUPPLIER_ACCOUNT_BALANCE_TOTAL ,
	n.NATION_NAME,
	NOW() AS INGESTION_TIMESTAMP
FROM 
	standardized.suppliers s
LEFT JOIN 
	standardized.nations n 
	ON s.NATION_KEY = n.NATION_KEY 
WHERE 
	s.INGESTION_TIMESTAMP >= DATE_SUB(NOW(), INTERVAL 1 HOUR)
[2021-08-08 07:06:59,441] {base.py:78} INFO - Using connection to: id: dwh_id. Host: dwh, Port: 3306, Schema: , Login: root, Password: ***, extra: {}
[2021-08-08 07:06:59,461] {dbapi.py:204} INFO - Running statement: INSERT IGNORE INTO presentation.suppliers
SELECT
	DISTINCT 
	s.SUPPLIER_KEY,
	s.SUPPLIER_ACCOUNT_BALANCE_TOTAL ,
	n.NATION_NAME,
	NOW() AS INGESTION_TIMESTAMP
FROM 
	standardized.suppliers s
LEFT JOIN 
	standardized.nations n 
	ON s.NATION_KEY = n.NATION_KEY 
WHERE 
	s.INGESTION_TIMESTAMP >= DATE_SUB(NOW(), INTERVAL 1 HOUR), parameters: None
[2021-08-08 07:06:59,474] {dbapi.py:212} INFO - Rows affected: 0
[2021-08-08 07:06:59,490] {taskinstance.py:1211} INFO - Marking task as SUCCESS. dag_id=presentation_pipeline, task_id=presentation_dim_suppliers, execution_date=20210808T050500, start_date=20210808T070659, end_date=20210808T070659
[2021-08-08 07:06:59,518] {taskinstance.py:1265} INFO - 0 downstream tasks scheduled from follow-on schedule check
[2021-08-08 07:06:59,539] {local_task_job.py:149} INFO - Task exited with return code 0
