[2021-08-07 15:30:33,336] {taskinstance.py:896} INFO - Dependencies all met for <TaskInstance: to_datalake_pipeline.extract_from_git 2021-08-07T15:30:32.491518+00:00 [queued]>
[2021-08-07 15:30:33,354] {taskinstance.py:896} INFO - Dependencies all met for <TaskInstance: to_datalake_pipeline.extract_from_git 2021-08-07T15:30:32.491518+00:00 [queued]>
[2021-08-07 15:30:33,355] {taskinstance.py:1087} INFO - 
--------------------------------------------------------------------------------
[2021-08-07 15:30:33,355] {taskinstance.py:1088} INFO - Starting attempt 1 of 1
[2021-08-07 15:30:33,356] {taskinstance.py:1089} INFO - 
--------------------------------------------------------------------------------
[2021-08-07 15:30:33,364] {taskinstance.py:1107} INFO - Executing <Task(PythonOperator): extract_from_git> on 2021-08-07T15:30:32.491518+00:00
[2021-08-07 15:30:33,370] {standard_task_runner.py:52} INFO - Started process 264 to run task
[2021-08-07 15:30:33,374] {standard_task_runner.py:76} INFO - Running: ['***', 'tasks', 'run', 'to_datalake_pipeline', 'extract_from_git', '2021-08-07T15:30:32.491518+00:00', '--job-id', '4', '--pool', 'default_pool', '--raw', '--subdir', 'DAGS_FOLDER/to_datalake_pipeline.py', '--cfg-path', '/tmp/tmp39ek_ljz', '--error-file', '/tmp/tmp3oon9oy3']
[2021-08-07 15:30:33,375] {standard_task_runner.py:77} INFO - Job 4: Subtask extract_from_git
[2021-08-07 15:30:33,426] {logging_mixin.py:104} INFO - Running <TaskInstance: to_datalake_pipeline.extract_from_git 2021-08-07T15:30:32.491518+00:00 [running]> on host b717d0d473a9
[2021-08-07 15:30:33,480] {taskinstance.py:1302} INFO - Exporting the following env vars:
AIRFLOW_CTX_DAG_OWNER=***
AIRFLOW_CTX_DAG_ID=to_datalake_pipeline
AIRFLOW_CTX_TASK_ID=extract_from_git
AIRFLOW_CTX_EXECUTION_DATE=2021-08-07T15:30:32.491518+00:00
AIRFLOW_CTX_DAG_RUN_ID=manual__2021-08-07T15:30:32.491518+00:00
[2021-08-07 15:30:33,481] {logging_mixin.py:104} INFO - Downloading data from -> https://raw.githubusercontent.com/rezaprimasatya/DTO-DE-JUN-MID/main/data.zip
[2021-08-07 15:30:40,887] {logging_mixin.py:104} INFO - Unzipping Data
[2021-08-07 15:30:40,966] {logging_mixin.py:104} INFO - Transform Data to Pandas Dataframe
[2021-08-07 15:30:41,139] {logging_mixin.py:104} INFO - Load data to datalake
[2021-08-07 15:30:41,201] {logging_mixin.py:104} INFO - Load table : REGION
[2021-08-07 15:30:41,245] {logging_mixin.py:104} INFO - Load table : NATION
[2021-08-07 15:30:41,261] {logging_mixin.py:104} INFO - Load table : PART
[2021-08-07 15:30:41,365] {logging_mixin.py:104} INFO - Load table : SUPPLIER
[2021-08-07 15:30:41,384] {logging_mixin.py:104} INFO - Load table : PARTSUPP
[2021-08-07 15:30:41,772] {logging_mixin.py:104} INFO - Load table : CUSTOMER
[2021-08-07 15:30:41,861] {logging_mixin.py:104} INFO - Load table : ORDERS
[2021-08-07 15:30:42,471] {logging_mixin.py:104} INFO - Load table : LINEITEM
[2021-08-07 15:30:46,215] {python.py:151} INFO - Done. Returned value was: None
[2021-08-07 15:30:46,226] {taskinstance.py:1211} INFO - Marking task as SUCCESS. dag_id=to_datalake_pipeline, task_id=extract_from_git, execution_date=20210807T153032, start_date=20210807T153033, end_date=20210807T153046
[2021-08-07 15:30:46,249] {taskinstance.py:1265} INFO - 0 downstream tasks scheduled from follow-on schedule check
[2021-08-07 15:30:46,307] {local_task_job.py:149} INFO - Task exited with return code 0
