[2021-08-08 03:46:05,201] {taskinstance.py:896} INFO - Dependencies all met for <TaskInstance: standardized_pipeline.standardized_orders 2021-08-08T03:40:00+00:00 [queued]>
[2021-08-08 03:46:05,236] {taskinstance.py:896} INFO - Dependencies all met for <TaskInstance: standardized_pipeline.standardized_orders 2021-08-08T03:40:00+00:00 [queued]>
[2021-08-08 03:46:05,238] {taskinstance.py:1087} INFO - 
--------------------------------------------------------------------------------
[2021-08-08 03:46:05,241] {taskinstance.py:1088} INFO - Starting attempt 1 of 11
[2021-08-08 03:46:05,242] {taskinstance.py:1089} INFO - 
--------------------------------------------------------------------------------
[2021-08-08 03:46:05,291] {taskinstance.py:1107} INFO - Executing <Task(MySqlOperator): standardized_orders> on 2021-08-08T03:40:00+00:00
[2021-08-08 03:46:05,312] {standard_task_runner.py:76} INFO - Running: ['***', 'tasks', 'run', 'standardized_pipeline', 'standardized_orders', '2021-08-08T03:40:00+00:00', '--job-id', '33', '--pool', 'default_pool', '--raw', '--subdir', 'DAGS_FOLDER/standardized_pipeline.py', '--cfg-path', '/tmp/tmpii8puphv', '--error-file', '/tmp/tmpu0ihyshf']
[2021-08-08 03:46:05,315] {standard_task_runner.py:77} INFO - Job 33: Subtask standardized_orders
[2021-08-08 03:46:05,305] {standard_task_runner.py:52} INFO - Started process 623 to run task
[2021-08-08 03:46:05,423] {logging_mixin.py:104} INFO - Running <TaskInstance: standardized_pipeline.standardized_orders 2021-08-08T03:40:00+00:00 [running]> on host 75feb3cfb2a6
[2021-08-08 03:46:05,569] {taskinstance.py:1302} INFO - Exporting the following env vars:
AIRFLOW_CTX_DAG_EMAIL=wildangbudhi@gmail.com
AIRFLOW_CTX_DAG_OWNER=***
AIRFLOW_CTX_DAG_ID=standardized_pipeline
AIRFLOW_CTX_TASK_ID=standardized_orders
AIRFLOW_CTX_EXECUTION_DATE=2021-08-08T03:40:00+00:00
AIRFLOW_CTX_DAG_RUN_ID=scheduled__2021-08-08T03:40:00+00:00
[2021-08-08 03:46:05,571] {mysql.py:70} INFO - Executing: INSERT INTO standardized.orders
WITH data_last_5_minutes AS (
	SELECT
        DISTINCT
        CAST(O_ORDERKEY AS SIGNED) AS ORDER_KEY,
        CAST(O_CUSTKEY AS SIGNED) AS CUSTOMER_KEY,
        O_ORDERSTATUS AS ORDER_STATUS_TYPE,
        CAST(O_TOTALPRICE AS SIGNED) AS ORDER_TOTAL_PRICE,
        CAST(O_ORDERDATE AS DATE) AS ORDER_DATE,
        O_ORDERPRIORITY AS ORDER_PRIORITY_TYPE,
        O_CLERK AS ORDER_CLERK,
        O_SHIPPRIORITY AS ORDER_SHIPPRIORITY,
        O_COMMENT AS ORDER_COMMENT,
        NOW() AS INGESTION_TIMESTAMP
    FROM
        datalake.ORDERS o
    WHERE 
        o.INGESTION_TIMESTAMP >= DATE_SUB(NOW(), INTERVAL 5 MINUTE)
)

SELECT 
	* 
FROM 
	data_last_5_minutes
[2021-08-08 03:46:05,593] {base.py:78} INFO - Using connection to: id: dwh_id. Host: dwh, Port: 3306, Schema: , Login: root, Password: ***, extra: {}
[2021-08-08 03:46:05,628] {dbapi.py:204} INFO - Running statement: INSERT INTO standardized.orders
WITH data_last_5_minutes AS (
	SELECT
        DISTINCT
        CAST(O_ORDERKEY AS SIGNED) AS ORDER_KEY,
        CAST(O_CUSTKEY AS SIGNED) AS CUSTOMER_KEY,
        O_ORDERSTATUS AS ORDER_STATUS_TYPE,
        CAST(O_TOTALPRICE AS SIGNED) AS ORDER_TOTAL_PRICE,
        CAST(O_ORDERDATE AS DATE) AS ORDER_DATE,
        O_ORDERPRIORITY AS ORDER_PRIORITY_TYPE,
        O_CLERK AS ORDER_CLERK,
        O_SHIPPRIORITY AS ORDER_SHIPPRIORITY,
        O_COMMENT AS ORDER_COMMENT,
        NOW() AS INGESTION_TIMESTAMP
    FROM
        datalake.ORDERS o
    WHERE 
        o.INGESTION_TIMESTAMP >= DATE_SUB(NOW(), INTERVAL 5 MINUTE)
)

SELECT 
	* 
FROM 
	data_last_5_minutes, parameters: None
[2021-08-08 03:46:06,657] {dbapi.py:212} INFO - Rows affected: 15000
[2021-08-08 03:46:06,692] {taskinstance.py:1211} INFO - Marking task as SUCCESS. dag_id=standardized_pipeline, task_id=standardized_orders, execution_date=20210808T034000, start_date=20210808T034605, end_date=20210808T034606
[2021-08-08 03:46:06,740] {taskinstance.py:1265} INFO - 0 downstream tasks scheduled from follow-on schedule check
[2021-08-08 03:46:06,766] {local_task_job.py:149} INFO - Task exited with return code 0
