[2021-08-08 05:31:02,922] {taskinstance.py:896} INFO - Dependencies all met for <TaskInstance: standardized_pipeline.standardized_nations 2021-08-08T05:25:00+00:00 [queued]>
[2021-08-08 05:31:02,955] {taskinstance.py:896} INFO - Dependencies all met for <TaskInstance: standardized_pipeline.standardized_nations 2021-08-08T05:25:00+00:00 [queued]>
[2021-08-08 05:31:02,956] {taskinstance.py:1087} INFO - 
--------------------------------------------------------------------------------
[2021-08-08 05:31:02,957] {taskinstance.py:1088} INFO - Starting attempt 1 of 11
[2021-08-08 05:31:02,957] {taskinstance.py:1089} INFO - 
--------------------------------------------------------------------------------
[2021-08-08 05:31:02,972] {taskinstance.py:1107} INFO - Executing <Task(MySqlOperator): standardized_nations> on 2021-08-08T05:25:00+00:00
[2021-08-08 05:31:02,977] {standard_task_runner.py:52} INFO - Started process 828 to run task
[2021-08-08 05:31:02,990] {standard_task_runner.py:76} INFO - Running: ['***', 'tasks', 'run', 'standardized_pipeline', 'standardized_nations', '2021-08-08T05:25:00+00:00', '--job-id', '74', '--pool', 'default_pool', '--raw', '--subdir', 'DAGS_FOLDER/standardized_pipeline.py', '--cfg-path', '/tmp/tmp5d94yf9s', '--error-file', '/tmp/tmpx8kun8_n']
[2021-08-08 05:31:02,993] {standard_task_runner.py:77} INFO - Job 74: Subtask standardized_nations
[2021-08-08 05:31:03,105] {logging_mixin.py:104} INFO - Running <TaskInstance: standardized_pipeline.standardized_nations 2021-08-08T05:25:00+00:00 [running]> on host b48e43d568d5
[2021-08-08 05:31:03,192] {taskinstance.py:1302} INFO - Exporting the following env vars:
AIRFLOW_CTX_DAG_EMAIL=wildangbudhi@gmail.com
AIRFLOW_CTX_DAG_OWNER=***
AIRFLOW_CTX_DAG_ID=standardized_pipeline
AIRFLOW_CTX_TASK_ID=standardized_nations
AIRFLOW_CTX_EXECUTION_DATE=2021-08-08T05:25:00+00:00
AIRFLOW_CTX_DAG_RUN_ID=scheduled__2021-08-08T05:25:00+00:00
[2021-08-08 05:31:03,193] {mysql.py:70} INFO - Executing: INSERT INTO standardized.nations
WITH data_last_5_minutes AS (
	SELECT
		DISTINCT 
		CAST(N_NATIONKEY AS SIGNED) AS NATION_KEY,
		N_NAME AS NATION_NAME,
		CAST(N_REGIONKEY AS SIGNED) AS REGION_KEY,
		N_COMMENT AS NATION_COMMENT,
		NOW() AS INGESTION_TIMESTAMP
	FROM
		datalake.NATION n
	WHERE 
		n.INGESTION_TIMESTAMP >= DATE_SUB(NOW(), INTERVAL 5 MINUTE)
)

SELECT 
	* 
FROM 
	data_last_5_minutes
[2021-08-08 05:31:03,209] {base.py:78} INFO - Using connection to: id: dwh_id. Host: dwh, Port: 3306, Schema: , Login: root, Password: ***, extra: {}
[2021-08-08 05:31:03,221] {dbapi.py:204} INFO - Running statement: INSERT INTO standardized.nations
WITH data_last_5_minutes AS (
	SELECT
		DISTINCT 
		CAST(N_NATIONKEY AS SIGNED) AS NATION_KEY,
		N_NAME AS NATION_NAME,
		CAST(N_REGIONKEY AS SIGNED) AS REGION_KEY,
		N_COMMENT AS NATION_COMMENT,
		NOW() AS INGESTION_TIMESTAMP
	FROM
		datalake.NATION n
	WHERE 
		n.INGESTION_TIMESTAMP >= DATE_SUB(NOW(), INTERVAL 5 MINUTE)
)

SELECT 
	* 
FROM 
	data_last_5_minutes, parameters: None
[2021-08-08 05:31:03,224] {dbapi.py:212} INFO - Rows affected: 25
[2021-08-08 05:31:03,247] {taskinstance.py:1211} INFO - Marking task as SUCCESS. dag_id=standardized_pipeline, task_id=standardized_nations, execution_date=20210808T052500, start_date=20210808T053102, end_date=20210808T053103
[2021-08-08 05:31:03,299] {taskinstance.py:1265} INFO - 0 downstream tasks scheduled from follow-on schedule check
[2021-08-08 05:31:03,335] {local_task_job.py:149} INFO - Task exited with return code 0
[2021-08-08 07:22:07,542] {taskinstance.py:896} INFO - Dependencies all met for <TaskInstance: standardized_pipeline.standardized_nations 2021-08-08T05:25:00+00:00 [queued]>
[2021-08-08 07:22:07,564] {taskinstance.py:896} INFO - Dependencies all met for <TaskInstance: standardized_pipeline.standardized_nations 2021-08-08T05:25:00+00:00 [queued]>
[2021-08-08 07:22:07,565] {taskinstance.py:1087} INFO - 
--------------------------------------------------------------------------------
[2021-08-08 07:22:07,566] {taskinstance.py:1088} INFO - Starting attempt 1 of 11
[2021-08-08 07:22:07,566] {taskinstance.py:1089} INFO - 
--------------------------------------------------------------------------------
[2021-08-08 07:22:07,581] {taskinstance.py:1107} INFO - Executing <Task(MySqlOperator): standardized_nations> on 2021-08-08T05:25:00+00:00
[2021-08-08 07:22:07,597] {standard_task_runner.py:76} INFO - Running: ['***', 'tasks', 'run', 'standardized_pipeline', 'standardized_nations', '2021-08-08T05:25:00+00:00', '--job-id', '13', '--pool', 'default_pool', '--raw', '--subdir', 'DAGS_FOLDER/standardized_pipeline.py', '--cfg-path', '/tmp/tmp0vqxl40o', '--error-file', '/tmp/tmp0odd6583']
[2021-08-08 07:22:07,589] {standard_task_runner.py:52} INFO - Started process 289 to run task
[2021-08-08 07:22:07,598] {standard_task_runner.py:77} INFO - Job 13: Subtask standardized_nations
[2021-08-08 07:22:07,676] {logging_mixin.py:104} INFO - Running <TaskInstance: standardized_pipeline.standardized_nations 2021-08-08T05:25:00+00:00 [running]> on host af246ab3df74
[2021-08-08 07:22:07,775] {taskinstance.py:1302} INFO - Exporting the following env vars:
AIRFLOW_CTX_DAG_OWNER=***
AIRFLOW_CTX_DAG_ID=standardized_pipeline
AIRFLOW_CTX_TASK_ID=standardized_nations
AIRFLOW_CTX_EXECUTION_DATE=2021-08-08T05:25:00+00:00
AIRFLOW_CTX_DAG_RUN_ID=scheduled__2021-08-08T05:25:00+00:00
[2021-08-08 07:22:07,776] {mysql.py:70} INFO - Executing: INSERT INTO standardized.nations
WITH data_last_5_minutes AS (
	SELECT
		DISTINCT 
		CAST(N_NATIONKEY AS SIGNED) AS NATION_KEY,
		N_NAME AS NATION_NAME,
		CAST(N_REGIONKEY AS SIGNED) AS REGION_KEY,
		N_COMMENT AS NATION_COMMENT,
		NOW() AS INGESTION_TIMESTAMP
	FROM
		datalake.NATION n
	WHERE 
		n.INGESTION_TIMESTAMP >= DATE_SUB(NOW(), INTERVAL 1 HOUR)
)

SELECT 
	* 
FROM 
	data_last_5_minutes
[2021-08-08 07:22:07,792] {base.py:78} INFO - Using connection to: id: dwh_id. Host: dwh, Port: 3306, Schema: , Login: root, Password: ***, extra: {}
[2021-08-08 07:22:07,808] {dbapi.py:204} INFO - Running statement: INSERT INTO standardized.nations
WITH data_last_5_minutes AS (
	SELECT
		DISTINCT 
		CAST(N_NATIONKEY AS SIGNED) AS NATION_KEY,
		N_NAME AS NATION_NAME,
		CAST(N_REGIONKEY AS SIGNED) AS REGION_KEY,
		N_COMMENT AS NATION_COMMENT,
		NOW() AS INGESTION_TIMESTAMP
	FROM
		datalake.NATION n
	WHERE 
		n.INGESTION_TIMESTAMP >= DATE_SUB(NOW(), INTERVAL 1 HOUR)
)

SELECT 
	* 
FROM 
	data_last_5_minutes, parameters: None
[2021-08-08 07:22:07,816] {dbapi.py:212} INFO - Rows affected: 25
[2021-08-08 07:22:07,843] {taskinstance.py:1211} INFO - Marking task as SUCCESS. dag_id=standardized_pipeline, task_id=standardized_nations, execution_date=20210808T052500, start_date=20210808T072207, end_date=20210808T072207
[2021-08-08 07:22:07,909] {taskinstance.py:1265} INFO - 0 downstream tasks scheduled from follow-on schedule check
[2021-08-08 07:22:07,939] {local_task_job.py:149} INFO - Task exited with return code 0
