[2021-08-07 16:37:35,259] {taskinstance.py:896} INFO - Dependencies all met for <TaskInstance: presentation_pipeline.create_presentation_table_nation 2021-08-07T16:37:34.047037+00:00 [queued]>
[2021-08-07 16:37:35,288] {taskinstance.py:896} INFO - Dependencies all met for <TaskInstance: presentation_pipeline.create_presentation_table_nation 2021-08-07T16:37:34.047037+00:00 [queued]>
[2021-08-07 16:37:35,290] {taskinstance.py:1087} INFO - 
--------------------------------------------------------------------------------
[2021-08-07 16:37:35,291] {taskinstance.py:1088} INFO - Starting attempt 1 of 1
[2021-08-07 16:37:35,292] {taskinstance.py:1089} INFO - 
--------------------------------------------------------------------------------
[2021-08-07 16:37:35,311] {taskinstance.py:1107} INFO - Executing <Task(MySqlOperator): create_presentation_table_nation> on 2021-08-07T16:37:34.047037+00:00
[2021-08-07 16:37:35,318] {standard_task_runner.py:52} INFO - Started process 571 to run task
[2021-08-07 16:37:35,325] {standard_task_runner.py:76} INFO - Running: ['***', 'tasks', 'run', 'presentation_pipeline', 'create_presentation_table_nation', '2021-08-07T16:37:34.047037+00:00', '--job-id', '50', '--pool', 'default_pool', '--raw', '--subdir', 'DAGS_FOLDER/presentation_pipeline.py', '--cfg-path', '/tmp/tmpp3jorf5z', '--error-file', '/tmp/tmpk_frjpxc']
[2021-08-07 16:37:35,327] {standard_task_runner.py:77} INFO - Job 50: Subtask create_presentation_table_nation
[2021-08-07 16:37:35,387] {logging_mixin.py:104} INFO - Running <TaskInstance: presentation_pipeline.create_presentation_table_nation 2021-08-07T16:37:34.047037+00:00 [running]> on host c8552014663a
[2021-08-07 16:37:35,456] {taskinstance.py:1302} INFO - Exporting the following env vars:
AIRFLOW_CTX_DAG_OWNER=***
AIRFLOW_CTX_DAG_ID=presentation_pipeline
AIRFLOW_CTX_TASK_ID=create_presentation_table_nation
AIRFLOW_CTX_EXECUTION_DATE=2021-08-07T16:37:34.047037+00:00
AIRFLOW_CTX_DAG_RUN_ID=manual__2021-08-07T16:37:34.047037+00:00
[2021-08-07 16:37:35,457] {mysql.py:70} INFO - Executing: CREATE TABLE IF NOT EXISTS presentation.NATION (
  `NATION_KEY` int NOT NULL,
  `NATION_NAME` text NOT NULL,
  `REGION_NAME` text NOT NULL,
  `INGESTION_TIMESTAMP` datetime DEFAULT CURRENT_TIMESTAMP,
  CONSTRAINT `PK_NATION` PRIMARY KEY (`NATION_KEY`)
) ENGINE=InnoDB DEFAULT CHARSET=utf8mb4 COLLATE=utf8mb4_0900_ai_ci;
[2021-08-07 16:37:35,475] {base.py:78} INFO - Using connection to: id: dwh_id. Host: dwh, Port: 3306, Schema: , Login: root, Password: ***, extra: {}
[2021-08-07 16:37:35,490] {dbapi.py:204} INFO - Running statement: CREATE TABLE IF NOT EXISTS presentation.NATION (
  `NATION_KEY` int NOT NULL,
  `NATION_NAME` text NOT NULL,
  `REGION_NAME` text NOT NULL,
  `INGESTION_TIMESTAMP` datetime DEFAULT CURRENT_TIMESTAMP,
  CONSTRAINT `PK_NATION` PRIMARY KEY (`NATION_KEY`)
) ENGINE=InnoDB DEFAULT CHARSET=utf8mb4 COLLATE=utf8mb4_0900_ai_ci;, parameters: None
[2021-08-07 16:37:35,493] {dbapi.py:212} INFO - Rows affected: 0
[2021-08-07 16:37:35,509] {taskinstance.py:1211} INFO - Marking task as SUCCESS. dag_id=presentation_pipeline, task_id=create_presentation_table_nation, execution_date=20210807T163734, start_date=20210807T163735, end_date=20210807T163735
[2021-08-07 16:37:35,558] {taskinstance.py:1265} INFO - 1 downstream tasks scheduled from follow-on schedule check
[2021-08-07 16:37:35,585] {local_task_job.py:149} INFO - Task exited with return code 0
