[2021-08-08 05:05:00,940] {taskinstance.py:896} INFO - Dependencies all met for <TaskInstance: to_datalake_pipeline.extract_from_git 2021-08-08T05:00:00+00:00 [queued]>
[2021-08-08 05:05:00,952] {taskinstance.py:896} INFO - Dependencies all met for <TaskInstance: to_datalake_pipeline.extract_from_git 2021-08-08T05:00:00+00:00 [queued]>
[2021-08-08 05:05:00,952] {taskinstance.py:1087} INFO - 
--------------------------------------------------------------------------------
[2021-08-08 05:05:00,953] {taskinstance.py:1088} INFO - Starting attempt 1 of 11
[2021-08-08 05:05:00,954] {taskinstance.py:1089} INFO - 
--------------------------------------------------------------------------------
[2021-08-08 05:05:00,969] {taskinstance.py:1107} INFO - Executing <Task(PythonOperator): extract_from_git> on 2021-08-08T05:00:00+00:00
[2021-08-08 05:05:00,974] {standard_task_runner.py:52} INFO - Started process 6705 to run task
[2021-08-08 05:05:00,979] {standard_task_runner.py:76} INFO - Running: ['***', 'tasks', 'run', 'to_datalake_pipeline', 'extract_from_git', '2021-08-08T05:00:00+00:00', '--job-id', '92', '--pool', 'default_pool', '--raw', '--subdir', 'DAGS_FOLDER/to_datalake_pipeline.py', '--cfg-path', '/tmp/tmpp83vic4z', '--error-file', '/tmp/tmptizunbky']
[2021-08-08 05:05:00,981] {standard_task_runner.py:77} INFO - Job 92: Subtask extract_from_git
[2021-08-08 05:05:01,038] {logging_mixin.py:104} INFO - Running <TaskInstance: to_datalake_pipeline.extract_from_git 2021-08-08T05:00:00+00:00 [running]> on host 75feb3cfb2a6
[2021-08-08 05:05:01,097] {taskinstance.py:1302} INFO - Exporting the following env vars:
AIRFLOW_CTX_DAG_EMAIL=wildangbudhi@gmail.com
AIRFLOW_CTX_DAG_OWNER=***
AIRFLOW_CTX_DAG_ID=to_datalake_pipeline
AIRFLOW_CTX_TASK_ID=extract_from_git
AIRFLOW_CTX_EXECUTION_DATE=2021-08-08T05:00:00+00:00
AIRFLOW_CTX_DAG_RUN_ID=scheduled__2021-08-08T05:00:00+00:00
[2021-08-08 05:05:01,099] {logging_mixin.py:104} INFO - Downloading data from -> https://raw.githubusercontent.com/rezaprimasatya/DTO-DE-JUN-MID/main/data.zip
[2021-08-08 05:05:02,279] {logging_mixin.py:104} INFO - Unzipping Data
[2021-08-08 05:05:02,378] {logging_mixin.py:104} INFO - Transform Data to Pandas Dataframe
[2021-08-08 05:05:02,648] {logging_mixin.py:104} INFO - Load data to datalake
[2021-08-08 05:05:02,701] {logging_mixin.py:104} INFO - Load table : REGION
[2021-08-08 05:05:02,738] {logging_mixin.py:104} INFO - Load table : NATION
[2021-08-08 05:05:02,753] {logging_mixin.py:104} INFO - Load table : PART
[2021-08-08 05:05:02,870] {logging_mixin.py:104} INFO - Load table : SUPPLIER
[2021-08-08 05:05:02,891] {logging_mixin.py:104} INFO - Load table : PARTSUPP
[2021-08-08 05:05:03,334] {logging_mixin.py:104} INFO - Load table : CUSTOMER
[2021-08-08 05:05:03,423] {logging_mixin.py:104} INFO - Load table : ORDERS
[2021-08-08 05:05:04,190] {logging_mixin.py:104} INFO - Load table : LINEITEM
[2021-08-08 05:05:09,000] {python.py:151} INFO - Done. Returned value was: None
[2021-08-08 05:05:09,011] {taskinstance.py:1211} INFO - Marking task as SUCCESS. dag_id=to_datalake_pipeline, task_id=extract_from_git, execution_date=20210808T050000, start_date=20210808T050500, end_date=20210808T050509
[2021-08-08 05:05:09,041] {taskinstance.py:1265} INFO - 1 downstream tasks scheduled from follow-on schedule check
[2021-08-08 05:05:09,079] {local_task_job.py:149} INFO - Task exited with return code 0
[2021-08-08 05:09:18,577] {taskinstance.py:896} INFO - Dependencies all met for <TaskInstance: to_datalake_pipeline.extract_from_git 2021-08-08T05:00:00+00:00 [queued]>
[2021-08-08 05:09:18,604] {taskinstance.py:896} INFO - Dependencies all met for <TaskInstance: to_datalake_pipeline.extract_from_git 2021-08-08T05:00:00+00:00 [queued]>
[2021-08-08 05:09:18,606] {taskinstance.py:1087} INFO - 
--------------------------------------------------------------------------------
[2021-08-08 05:09:18,607] {taskinstance.py:1088} INFO - Starting attempt 1 of 11
[2021-08-08 05:09:18,608] {taskinstance.py:1089} INFO - 
--------------------------------------------------------------------------------
[2021-08-08 05:09:18,621] {taskinstance.py:1107} INFO - Executing <Task(PythonOperator): extract_from_git> on 2021-08-08T05:00:00+00:00
[2021-08-08 05:09:18,628] {standard_task_runner.py:52} INFO - Started process 126 to run task
[2021-08-08 05:09:18,635] {standard_task_runner.py:76} INFO - Running: ['***', 'tasks', 'run', 'to_datalake_pipeline', 'extract_from_git', '2021-08-08T05:00:00+00:00', '--job-id', '4', '--pool', 'default_pool', '--raw', '--subdir', 'DAGS_FOLDER/to_datalake_pipeline.py', '--cfg-path', '/tmp/tmphenf58su', '--error-file', '/tmp/tmpir23g77k']
[2021-08-08 05:09:18,637] {standard_task_runner.py:77} INFO - Job 4: Subtask extract_from_git
[2021-08-08 05:09:18,760] {logging_mixin.py:104} INFO - Running <TaskInstance: to_datalake_pipeline.extract_from_git 2021-08-08T05:00:00+00:00 [running]> on host dbfb9e13da58
[2021-08-08 05:09:18,840] {taskinstance.py:1302} INFO - Exporting the following env vars:
AIRFLOW_CTX_DAG_EMAIL=wildangbudhi@gmail.com
AIRFLOW_CTX_DAG_OWNER=***
AIRFLOW_CTX_DAG_ID=to_datalake_pipeline
AIRFLOW_CTX_TASK_ID=extract_from_git
AIRFLOW_CTX_EXECUTION_DATE=2021-08-08T05:00:00+00:00
AIRFLOW_CTX_DAG_RUN_ID=scheduled__2021-08-08T05:00:00+00:00
[2021-08-08 05:09:18,845] {logging_mixin.py:104} INFO - Downloading data from -> https://raw.githubusercontent.com/rezaprimasatya/DTO-DE-JUN-MID/main/data.zip
[2021-08-08 05:09:24,850] {logging_mixin.py:104} INFO - Unzipping Data
[2021-08-08 05:09:24,981] {logging_mixin.py:104} INFO - Transform Data to Pandas Dataframe
[2021-08-08 05:09:25,452] {logging_mixin.py:104} INFO - Load data to datalake
[2021-08-08 05:09:25,465] {taskinstance.py:1501} ERROR - Task failed with exception
Traceback (most recent call last):
  File "/home/airflow/.local/lib/python3.6/site-packages/airflow/models/taskinstance.py", line 1157, in _run_raw_task
    self._prepare_and_execute_task_with_callbacks(context, task)
  File "/home/airflow/.local/lib/python3.6/site-packages/airflow/models/taskinstance.py", line 1331, in _prepare_and_execute_task_with_callbacks
    result = self._execute_task(context, task_copy)
  File "/home/airflow/.local/lib/python3.6/site-packages/airflow/models/taskinstance.py", line 1361, in _execute_task
    result = task_copy.execute(context=context)
  File "/home/airflow/.local/lib/python3.6/site-packages/airflow/operators/python.py", line 150, in execute
    return_value = self.execute_callable()
  File "/home/airflow/.local/lib/python3.6/site-packages/airflow/operators/python.py", line 161, in execute_callable
    return self.python_callable(*self.op_args, **self.op_kwargs)
  File "/opt/airflow/dags/extract/extract.py", line 104, in extract_data_from_git
    pipeline.run()
  File "/opt/airflow/dags/extract/extract.py", line 19, in run
    self.df_to_datalake(data_dataframes)
  File "/opt/airflow/dags/extract/extract.py", line 71, in df_to_datalake
    user=Variable.get("DWH_USER"),
  File "/home/airflow/.local/lib/python3.6/site-packages/airflow/models/variable.py", line 140, in get
    raise KeyError(f'Variable {key} does not exist')
KeyError: 'Variable DWH_USER does not exist'
[2021-08-08 05:09:25,471] {taskinstance.py:1551} INFO - Marking task as UP_FOR_RETRY. dag_id=to_datalake_pipeline, task_id=extract_from_git, execution_date=20210808T050000, start_date=20210808T050918, end_date=20210808T050925
[2021-08-08 05:09:25,540] {local_task_job.py:149} INFO - Task exited with return code 1
