[2021-08-08 05:10:26,666] {taskinstance.py:896} INFO - Dependencies all met for <TaskInstance: to_datalake_pipeline.extract_from_git 2021-08-08T05:00:00+00:00 [queued]>
[2021-08-08 05:10:26,690] {taskinstance.py:896} INFO - Dependencies all met for <TaskInstance: to_datalake_pipeline.extract_from_git 2021-08-08T05:00:00+00:00 [queued]>
[2021-08-08 05:10:26,692] {taskinstance.py:1087} INFO - 
--------------------------------------------------------------------------------
[2021-08-08 05:10:26,693] {taskinstance.py:1088} INFO - Starting attempt 2 of 11
[2021-08-08 05:10:26,694] {taskinstance.py:1089} INFO - 
--------------------------------------------------------------------------------
[2021-08-08 05:10:26,705] {taskinstance.py:1107} INFO - Executing <Task(PythonOperator): extract_from_git> on 2021-08-08T05:00:00+00:00
[2021-08-08 05:10:26,713] {standard_task_runner.py:52} INFO - Started process 220 to run task
[2021-08-08 05:10:26,720] {standard_task_runner.py:76} INFO - Running: ['***', 'tasks', 'run', 'to_datalake_pipeline', 'extract_from_git', '2021-08-08T05:00:00+00:00', '--job-id', '8', '--pool', 'default_pool', '--raw', '--subdir', 'DAGS_FOLDER/to_datalake_pipeline.py', '--cfg-path', '/tmp/tmp4tw5elb2', '--error-file', '/tmp/tmplj2cw_qz']
[2021-08-08 05:10:26,722] {standard_task_runner.py:77} INFO - Job 8: Subtask extract_from_git
[2021-08-08 05:10:26,796] {logging_mixin.py:104} INFO - Running <TaskInstance: to_datalake_pipeline.extract_from_git 2021-08-08T05:00:00+00:00 [running]> on host dbfb9e13da58
[2021-08-08 05:10:26,867] {taskinstance.py:1302} INFO - Exporting the following env vars:
AIRFLOW_CTX_DAG_EMAIL=wildangbudhi@gmail.com
AIRFLOW_CTX_DAG_OWNER=***
AIRFLOW_CTX_DAG_ID=to_datalake_pipeline
AIRFLOW_CTX_TASK_ID=extract_from_git
AIRFLOW_CTX_EXECUTION_DATE=2021-08-08T05:00:00+00:00
AIRFLOW_CTX_DAG_RUN_ID=scheduled__2021-08-08T05:00:00+00:00
[2021-08-08 05:10:26,869] {logging_mixin.py:104} INFO - Downloading data from -> https://raw.githubusercontent.com/rezaprimasatya/DTO-DE-JUN-MID/main/data.zip
[2021-08-08 05:10:27,611] {logging_mixin.py:104} INFO - Unzipping Data
[2021-08-08 05:10:27,751] {logging_mixin.py:104} INFO - Transform Data to Pandas Dataframe
[2021-08-08 05:10:28,109] {logging_mixin.py:104} INFO - Load data to datalake
[2021-08-08 05:10:28,211] {logging_mixin.py:104} INFO - Load table : REGION
[2021-08-08 05:10:28,283] {logging_mixin.py:104} INFO - Load table : NATION
[2021-08-08 05:10:28,315] {logging_mixin.py:104} INFO - Load table : PART
[2021-08-08 05:10:28,537] {logging_mixin.py:104} INFO - Load table : SUPPLIER
[2021-08-08 05:10:28,568] {logging_mixin.py:104} INFO - Load table : PARTSUPP
[2021-08-08 05:10:29,247] {logging_mixin.py:104} INFO - Load table : CUSTOMER
[2021-08-08 05:10:29,418] {logging_mixin.py:104} INFO - Load table : ORDERS
[2021-08-08 05:10:30,616] {logging_mixin.py:104} INFO - Load table : LINEITEM
[2021-08-08 05:10:37,126] {python.py:151} INFO - Done. Returned value was: None
[2021-08-08 05:10:37,140] {taskinstance.py:1211} INFO - Marking task as SUCCESS. dag_id=to_datalake_pipeline, task_id=extract_from_git, execution_date=20210808T050000, start_date=20210808T051026, end_date=20210808T051037
[2021-08-08 05:10:37,177] {taskinstance.py:1265} INFO - 1 downstream tasks scheduled from follow-on schedule check
[2021-08-08 05:10:37,256] {local_task_job.py:149} INFO - Task exited with return code 0
