[2021-08-08 08:42:12,046] {taskinstance.py:896} INFO - Dependencies all met for <TaskInstance: presentation_pipeline.presentation_dim_parts 2021-08-08T08:42:03.713248+00:00 [queued]>
[2021-08-08 08:42:12,059] {taskinstance.py:896} INFO - Dependencies all met for <TaskInstance: presentation_pipeline.presentation_dim_parts 2021-08-08T08:42:03.713248+00:00 [queued]>
[2021-08-08 08:42:12,060] {taskinstance.py:1087} INFO - 
--------------------------------------------------------------------------------
[2021-08-08 08:42:12,060] {taskinstance.py:1088} INFO - Starting attempt 1 of 1
[2021-08-08 08:42:12,061] {taskinstance.py:1089} INFO - 
--------------------------------------------------------------------------------
[2021-08-08 08:42:12,075] {taskinstance.py:1107} INFO - Executing <Task(MySqlOperator): presentation_dim_parts> on 2021-08-08T08:42:03.713248+00:00
[2021-08-08 08:42:12,079] {standard_task_runner.py:52} INFO - Started process 1240 to run task
[2021-08-08 08:42:12,085] {standard_task_runner.py:76} INFO - Running: ['***', 'tasks', 'run', 'presentation_pipeline', 'presentation_dim_parts', '2021-08-08T08:42:03.713248+00:00', '--job-id', '52', '--pool', 'default_pool', '--raw', '--subdir', 'DAGS_FOLDER/presentation_pipeline.py', '--cfg-path', '/tmp/tmp6o7ql20t', '--error-file', '/tmp/tmpd8mhljno']
[2021-08-08 08:42:12,086] {standard_task_runner.py:77} INFO - Job 52: Subtask presentation_dim_parts
[2021-08-08 08:42:12,135] {logging_mixin.py:104} INFO - Running <TaskInstance: presentation_pipeline.presentation_dim_parts 2021-08-08T08:42:03.713248+00:00 [running]> on host 5e970160fe16
[2021-08-08 08:42:12,196] {taskinstance.py:1302} INFO - Exporting the following env vars:
AIRFLOW_CTX_DAG_OWNER=***
AIRFLOW_CTX_DAG_ID=presentation_pipeline
AIRFLOW_CTX_TASK_ID=presentation_dim_parts
AIRFLOW_CTX_EXECUTION_DATE=2021-08-08T08:42:03.713248+00:00
AIRFLOW_CTX_DAG_RUN_ID=manual__2021-08-08T08:42:03.713248+00:00
[2021-08-08 08:42:12,197] {mysql.py:70} INFO - Executing: INSERT IGNORE INTO presentation.parts
SELECT 
	DISTINCT 
	p.PART_KEY,
	p.PART_NAME,
	p.PART_SIZE_NUMBER,
	p.PART_CONTAINER_TYPE,
	p.PART_RETAIL_PRICE,
	NOW() AS INGESTION_TIMESTAMP
FROM 
	standardized.parts p
WHERE 
	p.INGESTION_TIMESTAMP >= DATE_SUB(NOW(), INTERVAL 1 HOUR)
[2021-08-08 08:42:12,207] {base.py:78} INFO - Using connection to: id: dwh_id. Host: dwh, Port: 3306, Schema: , Login: root, Password: ***, extra: {}
[2021-08-08 08:42:12,217] {dbapi.py:204} INFO - Running statement: INSERT IGNORE INTO presentation.parts
SELECT 
	DISTINCT 
	p.PART_KEY,
	p.PART_NAME,
	p.PART_SIZE_NUMBER,
	p.PART_CONTAINER_TYPE,
	p.PART_RETAIL_PRICE,
	NOW() AS INGESTION_TIMESTAMP
FROM 
	standardized.parts p
WHERE 
	p.INGESTION_TIMESTAMP >= DATE_SUB(NOW(), INTERVAL 1 HOUR), parameters: None
[2021-08-08 08:42:12,233] {dbapi.py:212} INFO - Rows affected: 0
[2021-08-08 08:42:12,247] {taskinstance.py:1211} INFO - Marking task as SUCCESS. dag_id=presentation_pipeline, task_id=presentation_dim_parts, execution_date=20210808T084203, start_date=20210808T084212, end_date=20210808T084212
[2021-08-08 08:42:12,279] {taskinstance.py:1265} INFO - 0 downstream tasks scheduled from follow-on schedule check
[2021-08-08 08:42:12,301] {local_task_job.py:149} INFO - Task exited with return code 0
