[2021-08-07 15:34:02,074] {taskinstance.py:896} INFO - Dependencies all met for <TaskInstance: presentation_pipeline.create_presentation_table_nation 2021-08-07T15:34:01.500096+00:00 [queued]>
[2021-08-07 15:34:02,089] {taskinstance.py:896} INFO - Dependencies all met for <TaskInstance: presentation_pipeline.create_presentation_table_nation 2021-08-07T15:34:01.500096+00:00 [queued]>
[2021-08-07 15:34:02,090] {taskinstance.py:1087} INFO - 
--------------------------------------------------------------------------------
[2021-08-07 15:34:02,091] {taskinstance.py:1088} INFO - Starting attempt 1 of 1
[2021-08-07 15:34:02,092] {taskinstance.py:1089} INFO - 
--------------------------------------------------------------------------------
[2021-08-07 15:34:02,100] {taskinstance.py:1107} INFO - Executing <Task(MySqlOperator): create_presentation_table_nation> on 2021-08-07T15:34:01.500096+00:00
[2021-08-07 15:34:02,109] {standard_task_runner.py:76} INFO - Running: ['***', 'tasks', 'run', 'presentation_pipeline', 'create_presentation_table_nation', '2021-08-07T15:34:01.500096+00:00', '--job-id', '25', '--pool', 'default_pool', '--raw', '--subdir', 'DAGS_FOLDER/presentation_pipeline.py', '--cfg-path', '/tmp/tmpgbwvgq3a', '--error-file', '/tmp/tmpi580ielp']
[2021-08-07 15:34:02,104] {standard_task_runner.py:52} INFO - Started process 615 to run task
[2021-08-07 15:34:02,110] {standard_task_runner.py:77} INFO - Job 25: Subtask create_presentation_table_nation
[2021-08-07 15:34:02,155] {logging_mixin.py:104} INFO - Running <TaskInstance: presentation_pipeline.create_presentation_table_nation 2021-08-07T15:34:01.500096+00:00 [running]> on host b717d0d473a9
[2021-08-07 15:34:02,235] {taskinstance.py:1302} INFO - Exporting the following env vars:
AIRFLOW_CTX_DAG_OWNER=***
AIRFLOW_CTX_DAG_ID=presentation_pipeline
AIRFLOW_CTX_TASK_ID=create_presentation_table_nation
AIRFLOW_CTX_EXECUTION_DATE=2021-08-07T15:34:01.500096+00:00
AIRFLOW_CTX_DAG_RUN_ID=manual__2021-08-07T15:34:01.500096+00:00
[2021-08-07 15:34:02,237] {mysql.py:70} INFO - Executing: CREATE TABLE IF NOT EXISTS presentation.NATION (
  `NATION_KEY` int NOT NULL,
  `NATION_NAME` text NOT NULL,
  `REGION_NAME` text NOT NULL,
  `INGESTION_TIMESTAMP` datetime DEFAULT CURRENT_TIMESTAMP,
  CONSTRAINT `PK_NATION` PRIMARY KEY (`NATION_KEY`)
) ENGINE=InnoDB DEFAULT CHARSET=utf8mb4 COLLATE=utf8mb4_0900_ai_ci;
[2021-08-07 15:34:02,248] {base.py:78} INFO - Using connection to: id: dwh_id. Host: dwh, Port: 3306, Schema: , Login: root, Password: ***, extra: {}
[2021-08-07 15:34:02,258] {dbapi.py:204} INFO - Running statement: CREATE TABLE IF NOT EXISTS presentation.NATION (
  `NATION_KEY` int NOT NULL,
  `NATION_NAME` text NOT NULL,
  `REGION_NAME` text NOT NULL,
  `INGESTION_TIMESTAMP` datetime DEFAULT CURRENT_TIMESTAMP,
  CONSTRAINT `PK_NATION` PRIMARY KEY (`NATION_KEY`)
) ENGINE=InnoDB DEFAULT CHARSET=utf8mb4 COLLATE=utf8mb4_0900_ai_ci;, parameters: None
[2021-08-07 15:34:02,261] {dbapi.py:212} INFO - Rows affected: 0
[2021-08-07 15:34:02,274] {taskinstance.py:1211} INFO - Marking task as SUCCESS. dag_id=presentation_pipeline, task_id=create_presentation_table_nation, execution_date=20210807T153401, start_date=20210807T153402, end_date=20210807T153402
[2021-08-07 15:34:02,300] {taskinstance.py:1265} INFO - 1 downstream tasks scheduled from follow-on schedule check
[2021-08-07 15:34:02,326] {local_task_job.py:149} INFO - Task exited with return code 0
