[2021-08-08 02:50:47,125] {taskinstance.py:896} INFO - Dependencies all met for <TaskInstance: standardized_pipeline.standardized_customers 2021-08-08T02:50:44.826746+00:00 [queued]>
[2021-08-08 02:50:47,143] {taskinstance.py:896} INFO - Dependencies all met for <TaskInstance: standardized_pipeline.standardized_customers 2021-08-08T02:50:44.826746+00:00 [queued]>
[2021-08-08 02:50:47,145] {taskinstance.py:1087} INFO - 
--------------------------------------------------------------------------------
[2021-08-08 02:50:47,146] {taskinstance.py:1088} INFO - Starting attempt 1 of 1
[2021-08-08 02:50:47,147] {taskinstance.py:1089} INFO - 
--------------------------------------------------------------------------------
[2021-08-08 02:50:47,182] {taskinstance.py:1107} INFO - Executing <Task(MySqlOperator): standardized_customers> on 2021-08-08T02:50:44.826746+00:00
[2021-08-08 02:50:47,188] {standard_task_runner.py:52} INFO - Started process 1356 to run task
[2021-08-08 02:50:47,196] {standard_task_runner.py:76} INFO - Running: ['***', 'tasks', 'run', 'standardized_pipeline', 'standardized_customers', '2021-08-08T02:50:44.826746+00:00', '--job-id', '99', '--pool', 'default_pool', '--raw', '--subdir', 'DAGS_FOLDER/standardized_pipeline.py', '--cfg-path', '/tmp/tmpdg2i46xr', '--error-file', '/tmp/tmpsh8a9c8a']
[2021-08-08 02:50:47,197] {standard_task_runner.py:77} INFO - Job 99: Subtask standardized_customers
[2021-08-08 02:50:47,281] {logging_mixin.py:104} INFO - Running <TaskInstance: standardized_pipeline.standardized_customers 2021-08-08T02:50:44.826746+00:00 [running]> on host 3c97923eccf9
[2021-08-08 02:50:47,397] {taskinstance.py:1302} INFO - Exporting the following env vars:
AIRFLOW_CTX_DAG_OWNER=***
AIRFLOW_CTX_DAG_ID=standardized_pipeline
AIRFLOW_CTX_TASK_ID=standardized_customers
AIRFLOW_CTX_EXECUTION_DATE=2021-08-08T02:50:44.826746+00:00
AIRFLOW_CTX_DAG_RUN_ID=manual__2021-08-08T02:50:44.826746+00:00
[2021-08-08 02:50:47,402] {mysql.py:70} INFO - Executing: INSERT INTO standardized.customers
WITH data_last_5_minutes AS (
	SELECT
		DISTINCT 
		CAST(C_CUSTKEY AS SIGNED) AS CUSTOMER_KEY,
		C_NAME AS CUSTOMER_NAME,
		C_ADDRESS AS CUSTOMER_ADDRESS,
		CAST(C_NATIONKEY AS SIGNED) AS NATION_KEY,
		C_PHONE AS CUSTOMER_PHONE,
		C_ACCTBAL AS CUSTOMER_ACCOUNT_BALANCE_TOTAL,
		C_MKTSEGMENT AS CUSTOMER_MARKET_SEGMENT_TYPE,
		C_COMMENT AS CUSTOMER_COMMENT,
		NOW() AS INGESTION_TIMESTAMP
	FROM
		datalake.CUSTOMER c
	WHERE 
		c.INGESTION_TIMESTAMP >= DATE_SUB(NOW(), INTERVAL 5 MINUTE)
)

SELECT 
	* 
FROM 
	data_last_5_minutes
[2021-08-08 02:50:47,420] {base.py:78} INFO - Using connection to: id: dwh_id. Host: dwh, Port: 3306, Schema: , Login: root, Password: ***, extra: {}
[2021-08-08 02:50:47,433] {dbapi.py:204} INFO - Running statement: INSERT INTO standardized.customers
WITH data_last_5_minutes AS (
	SELECT
		DISTINCT 
		CAST(C_CUSTKEY AS SIGNED) AS CUSTOMER_KEY,
		C_NAME AS CUSTOMER_NAME,
		C_ADDRESS AS CUSTOMER_ADDRESS,
		CAST(C_NATIONKEY AS SIGNED) AS NATION_KEY,
		C_PHONE AS CUSTOMER_PHONE,
		C_ACCTBAL AS CUSTOMER_ACCOUNT_BALANCE_TOTAL,
		C_MKTSEGMENT AS CUSTOMER_MARKET_SEGMENT_TYPE,
		C_COMMENT AS CUSTOMER_COMMENT,
		NOW() AS INGESTION_TIMESTAMP
	FROM
		datalake.CUSTOMER c
	WHERE 
		c.INGESTION_TIMESTAMP >= DATE_SUB(NOW(), INTERVAL 5 MINUTE)
)

SELECT 
	* 
FROM 
	data_last_5_minutes, parameters: None
[2021-08-08 02:50:47,479] {dbapi.py:212} INFO - Rows affected: 1500
[2021-08-08 02:50:47,544] {taskinstance.py:1211} INFO - Marking task as SUCCESS. dag_id=standardized_pipeline, task_id=standardized_customers, execution_date=20210808T025044, start_date=20210808T025047, end_date=20210808T025047
[2021-08-08 02:50:47,605] {taskinstance.py:1265} INFO - 0 downstream tasks scheduled from follow-on schedule check
[2021-08-08 02:50:47,619] {local_task_job.py:149} INFO - Task exited with return code 0
