[2021-08-08 10:00:01,170] {taskinstance.py:896} INFO - Dependencies all met for <TaskInstance: presentation_pipeline.presentation_pipeline_start 2021-08-08T09:00:00+00:00 [queued]>
[2021-08-08 10:00:01,180] {taskinstance.py:896} INFO - Dependencies all met for <TaskInstance: presentation_pipeline.presentation_pipeline_start 2021-08-08T09:00:00+00:00 [queued]>
[2021-08-08 10:00:01,181] {taskinstance.py:1087} INFO - 
--------------------------------------------------------------------------------
[2021-08-08 10:00:01,181] {taskinstance.py:1088} INFO - Starting attempt 1 of 1
[2021-08-08 10:00:01,182] {taskinstance.py:1089} INFO - 
--------------------------------------------------------------------------------
[2021-08-08 10:00:01,193] {taskinstance.py:1107} INFO - Executing <Task(ExternalTaskSensor): presentation_pipeline_start> on 2021-08-08T09:00:00+00:00
[2021-08-08 10:00:01,201] {standard_task_runner.py:76} INFO - Running: ['***', 'tasks', 'run', 'presentation_pipeline', 'presentation_pipeline_start', '2021-08-08T09:00:00+00:00', '--job-id', '65', '--pool', 'default_pool', '--raw', '--subdir', 'DAGS_FOLDER/presentation_pipeline.py', '--cfg-path', '/tmp/tmpziv0tdr5', '--error-file', '/tmp/tmpxzyby_p2']
[2021-08-08 10:00:01,197] {standard_task_runner.py:52} INFO - Started process 6273 to run task
[2021-08-08 10:00:01,203] {standard_task_runner.py:77} INFO - Job 65: Subtask presentation_pipeline_start
[2021-08-08 10:00:01,249] {logging_mixin.py:104} INFO - Running <TaskInstance: presentation_pipeline.presentation_pipeline_start 2021-08-08T09:00:00+00:00 [running]> on host 99eefc5c6cd8
[2021-08-08 10:00:01,306] {taskinstance.py:1302} INFO - Exporting the following env vars:
AIRFLOW_CTX_DAG_OWNER=***
AIRFLOW_CTX_DAG_ID=presentation_pipeline
AIRFLOW_CTX_TASK_ID=presentation_pipeline_start
AIRFLOW_CTX_EXECUTION_DATE=2021-08-08T09:00:00+00:00
AIRFLOW_CTX_DAG_RUN_ID=scheduled__2021-08-08T09:00:00+00:00
[2021-08-08 10:00:01,307] {external_task.py:152} INFO - Poking for standardized_pipeline.standardized_pipeline_end on 2021-08-08T09:00:00+00:00 ... 
[2021-08-08 10:01:01,329] {external_task.py:152} INFO - Poking for standardized_pipeline.standardized_pipeline_end on 2021-08-08T09:00:00+00:00 ... 
[2021-08-08 10:02:01,340] {external_task.py:152} INFO - Poking for standardized_pipeline.standardized_pipeline_end on 2021-08-08T09:00:00+00:00 ... 
[2021-08-08 10:02:01,349] {base.py:248} INFO - Success criteria met. Exiting.
[2021-08-08 10:02:01,358] {taskinstance.py:1211} INFO - Marking task as SUCCESS. dag_id=presentation_pipeline, task_id=presentation_pipeline_start, execution_date=20210808T090000, start_date=20210808T100001, end_date=20210808T100201
[2021-08-08 10:02:01,400] {taskinstance.py:1265} INFO - 5 downstream tasks scheduled from follow-on schedule check
[2021-08-08 10:02:01,425] {local_task_job.py:149} INFO - Task exited with return code 0
