[2021-08-08 10:00:01,400] {taskinstance.py:896} INFO - Dependencies all met for <TaskInstance: to_datalake_pipeline.extract_from_git 2021-08-08T09:00:00+00:00 [queued]>
[2021-08-08 10:00:01,410] {taskinstance.py:896} INFO - Dependencies all met for <TaskInstance: to_datalake_pipeline.extract_from_git 2021-08-08T09:00:00+00:00 [queued]>
[2021-08-08 10:00:01,411] {taskinstance.py:1087} INFO - 
--------------------------------------------------------------------------------
[2021-08-08 10:00:01,412] {taskinstance.py:1088} INFO - Starting attempt 1 of 11
[2021-08-08 10:00:01,412] {taskinstance.py:1089} INFO - 
--------------------------------------------------------------------------------
[2021-08-08 10:00:01,425] {taskinstance.py:1107} INFO - Executing <Task(PythonOperator): extract_from_git> on 2021-08-08T09:00:00+00:00
[2021-08-08 10:00:01,430] {standard_task_runner.py:52} INFO - Started process 6274 to run task
[2021-08-08 10:00:01,435] {standard_task_runner.py:76} INFO - Running: ['***', 'tasks', 'run', 'to_datalake_pipeline', 'extract_from_git', '2021-08-08T09:00:00+00:00', '--job-id', '66', '--pool', 'default_pool', '--raw', '--subdir', 'DAGS_FOLDER/to_datalake_pipeline.py', '--cfg-path', '/tmp/tmpmbcjxkb1', '--error-file', '/tmp/tmpbkrpefye']
[2021-08-08 10:00:01,436] {standard_task_runner.py:77} INFO - Job 66: Subtask extract_from_git
[2021-08-08 10:00:01,490] {logging_mixin.py:104} INFO - Running <TaskInstance: to_datalake_pipeline.extract_from_git 2021-08-08T09:00:00+00:00 [running]> on host 99eefc5c6cd8
[2021-08-08 10:00:01,530] {taskinstance.py:1302} INFO - Exporting the following env vars:
AIRFLOW_CTX_DAG_OWNER=***
AIRFLOW_CTX_DAG_ID=to_datalake_pipeline
AIRFLOW_CTX_TASK_ID=extract_from_git
AIRFLOW_CTX_EXECUTION_DATE=2021-08-08T09:00:00+00:00
AIRFLOW_CTX_DAG_RUN_ID=scheduled__2021-08-08T09:00:00+00:00
[2021-08-08 10:00:01,531] {logging_mixin.py:104} INFO - Downloading data from -> https://raw.githubusercontent.com/rezaprimasatya/DTO-DE-JUN-MID/main/data.zip
[2021-08-08 10:00:02,475] {logging_mixin.py:104} INFO - Unzipping Data
[2021-08-08 10:00:02,546] {logging_mixin.py:104} INFO - Transform Data to Pandas Dataframe
[2021-08-08 10:00:02,746] {logging_mixin.py:104} INFO - Load data to datalake
[2021-08-08 10:00:02,780] {logging_mixin.py:104} INFO - Load table : REGION
[2021-08-08 10:00:02,812] {logging_mixin.py:104} INFO - Load table : NATION
[2021-08-08 10:00:02,826] {logging_mixin.py:104} INFO - Load table : PART
[2021-08-08 10:00:02,919] {logging_mixin.py:104} INFO - Load table : SUPPLIER
[2021-08-08 10:00:02,939] {logging_mixin.py:104} INFO - Load table : PARTSUPP
[2021-08-08 10:00:03,275] {logging_mixin.py:104} INFO - Load table : CUSTOMER
[2021-08-08 10:00:03,363] {logging_mixin.py:104} INFO - Load table : ORDERS
[2021-08-08 10:00:04,008] {logging_mixin.py:104} INFO - Load table : LINEITEM
[2021-08-08 10:00:07,565] {python.py:151} INFO - Done. Returned value was: None
[2021-08-08 10:00:07,573] {taskinstance.py:1211} INFO - Marking task as SUCCESS. dag_id=to_datalake_pipeline, task_id=extract_from_git, execution_date=20210808T090000, start_date=20210808T100001, end_date=20210808T100007
[2021-08-08 10:00:07,596] {taskinstance.py:1265} INFO - 1 downstream tasks scheduled from follow-on schedule check
[2021-08-08 10:00:07,642] {local_task_job.py:149} INFO - Task exited with return code 0
