[2021-08-07 16:37:36,621] {taskinstance.py:896} INFO - Dependencies all met for <TaskInstance: presentation_pipeline.presentation_customer 2021-08-07T16:37:34.047037+00:00 [queued]>
[2021-08-07 16:37:36,642] {taskinstance.py:896} INFO - Dependencies all met for <TaskInstance: presentation_pipeline.presentation_customer 2021-08-07T16:37:34.047037+00:00 [queued]>
[2021-08-07 16:37:36,643] {taskinstance.py:1087} INFO - 
--------------------------------------------------------------------------------
[2021-08-07 16:37:36,644] {taskinstance.py:1088} INFO - Starting attempt 1 of 1
[2021-08-07 16:37:36,644] {taskinstance.py:1089} INFO - 
--------------------------------------------------------------------------------
[2021-08-07 16:37:36,654] {taskinstance.py:1107} INFO - Executing <Task(MySqlOperator): presentation_customer> on 2021-08-07T16:37:34.047037+00:00
[2021-08-07 16:37:36,659] {standard_task_runner.py:52} INFO - Started process 579 to run task
[2021-08-07 16:37:36,666] {standard_task_runner.py:76} INFO - Running: ['***', 'tasks', 'run', 'presentation_pipeline', 'presentation_customer', '2021-08-07T16:37:34.047037+00:00', '--job-id', '52', '--pool', 'default_pool', '--raw', '--subdir', 'DAGS_FOLDER/presentation_pipeline.py', '--cfg-path', '/tmp/tmpkgvwm7w7', '--error-file', '/tmp/tmponb56buk']
[2021-08-07 16:37:36,667] {standard_task_runner.py:77} INFO - Job 52: Subtask presentation_customer
[2021-08-07 16:37:36,718] {logging_mixin.py:104} INFO - Running <TaskInstance: presentation_pipeline.presentation_customer 2021-08-07T16:37:34.047037+00:00 [running]> on host c8552014663a
[2021-08-07 16:37:36,797] {taskinstance.py:1302} INFO - Exporting the following env vars:
AIRFLOW_CTX_DAG_OWNER=***
AIRFLOW_CTX_DAG_ID=presentation_pipeline
AIRFLOW_CTX_TASK_ID=presentation_customer
AIRFLOW_CTX_EXECUTION_DATE=2021-08-07T16:37:34.047037+00:00
AIRFLOW_CTX_DAG_RUN_ID=manual__2021-08-07T16:37:34.047037+00:00
[2021-08-07 16:37:36,799] {mysql.py:70} INFO - Executing: INSERT IGNORE INTO presentation.CUSTOMER (
	`CUSTOMER_KEY`,
    `NATION_NAME`,
    `CUSTOMER_ACCTBAL`,
    `CUSTOMER_MKTSEGMENT`
) 

SELECT 
	c.CUSTOMER_KEY,
	n.NATION_NAME,
	c.CUSTOMER_ACCTBAL,
	c.CUSTOMER_MKTSEGMENT
FROM 
	standardized.CUSTOMER c 
LEFT JOIN
	standardized.NATION n 
	ON c.NATION_KEY = n.NATION_KEY 
WHERE
	c.INGESTION_TIMESTAMP >= DATE_SUB(NOW(), INTERVAL 5 MINUTE)
[2021-08-07 16:37:36,814] {base.py:78} INFO - Using connection to: id: dwh_id. Host: dwh, Port: 3306, Schema: , Login: root, Password: ***, extra: {}
[2021-08-07 16:37:36,826] {dbapi.py:204} INFO - Running statement: INSERT IGNORE INTO presentation.CUSTOMER (
	`CUSTOMER_KEY`,
    `NATION_NAME`,
    `CUSTOMER_ACCTBAL`,
    `CUSTOMER_MKTSEGMENT`
) 

SELECT 
	c.CUSTOMER_KEY,
	n.NATION_NAME,
	c.CUSTOMER_ACCTBAL,
	c.CUSTOMER_MKTSEGMENT
FROM 
	standardized.CUSTOMER c 
LEFT JOIN
	standardized.NATION n 
	ON c.NATION_KEY = n.NATION_KEY 
WHERE
	c.INGESTION_TIMESTAMP >= DATE_SUB(NOW(), INTERVAL 5 MINUTE), parameters: None
[2021-08-07 16:37:36,965] {dbapi.py:212} INFO - Rows affected: 1500
[2021-08-07 16:37:36,980] {taskinstance.py:1211} INFO - Marking task as SUCCESS. dag_id=presentation_pipeline, task_id=presentation_customer, execution_date=20210807T163734, start_date=20210807T163736, end_date=20210807T163736
[2021-08-07 16:37:37,003] {taskinstance.py:1265} INFO - 0 downstream tasks scheduled from follow-on schedule check
[2021-08-07 16:37:37,042] {local_task_job.py:149} INFO - Task exited with return code 0
