[2021-08-08 05:00:05,626] {taskinstance.py:896} INFO - Dependencies all met for <TaskInstance: to_datalake_pipeline.extract_from_git 2021-08-08T04:55:00+00:00 [queued]>
[2021-08-08 05:00:05,784] {taskinstance.py:896} INFO - Dependencies all met for <TaskInstance: to_datalake_pipeline.extract_from_git 2021-08-08T04:55:00+00:00 [queued]>
[2021-08-08 05:00:05,794] {taskinstance.py:1087} INFO - 
--------------------------------------------------------------------------------
[2021-08-08 05:00:05,796] {taskinstance.py:1088} INFO - Starting attempt 1 of 11
[2021-08-08 05:00:05,799] {taskinstance.py:1089} INFO - 
--------------------------------------------------------------------------------
[2021-08-08 05:00:05,931] {taskinstance.py:1107} INFO - Executing <Task(PythonOperator): extract_from_git> on 2021-08-08T04:55:00+00:00
[2021-08-08 05:00:05,980] {standard_task_runner.py:52} INFO - Started process 6282 to run task
[2021-08-08 05:00:06,022] {standard_task_runner.py:76} INFO - Running: ['***', 'tasks', 'run', 'to_datalake_pipeline', 'extract_from_git', '2021-08-08T04:55:00+00:00', '--job-id', '54', '--pool', 'default_pool', '--raw', '--subdir', 'DAGS_FOLDER/to_datalake_pipeline.py', '--cfg-path', '/tmp/tmp38nrli2_', '--error-file', '/tmp/tmprtm1g0k3']
[2021-08-08 05:00:06,028] {standard_task_runner.py:77} INFO - Job 54: Subtask extract_from_git
[2021-08-08 05:00:06,529] {logging_mixin.py:104} INFO - Running <TaskInstance: to_datalake_pipeline.extract_from_git 2021-08-08T04:55:00+00:00 [running]> on host 75feb3cfb2a6
[2021-08-08 05:00:07,118] {taskinstance.py:1302} INFO - Exporting the following env vars:
AIRFLOW_CTX_DAG_EMAIL=wildangbudhi@gmail.com
AIRFLOW_CTX_DAG_OWNER=***
AIRFLOW_CTX_DAG_ID=to_datalake_pipeline
AIRFLOW_CTX_TASK_ID=extract_from_git
AIRFLOW_CTX_EXECUTION_DATE=2021-08-08T04:55:00+00:00
AIRFLOW_CTX_DAG_RUN_ID=scheduled__2021-08-08T04:55:00+00:00
[2021-08-08 05:00:07,128] {logging_mixin.py:104} INFO - Downloading data from -> https://raw.githubusercontent.com/rezaprimasatya/DTO-DE-JUN-MID/main/data.zip
[2021-08-08 05:00:08,376] {logging_mixin.py:104} INFO - Unzipping Data
[2021-08-08 05:00:09,208] {logging_mixin.py:104} INFO - Transform Data to Pandas Dataframe
[2021-08-08 05:00:11,403] {logging_mixin.py:104} INFO - Load data to datalake
[2021-08-08 05:00:11,641] {logging_mixin.py:104} INFO - Load table : REGION
[2021-08-08 05:00:11,825] {logging_mixin.py:104} INFO - Load table : NATION
[2021-08-08 05:00:11,907] {logging_mixin.py:104} INFO - Load table : PART
[2021-08-08 05:00:12,446] {logging_mixin.py:104} INFO - Load table : SUPPLIER
[2021-08-08 05:00:12,538] {logging_mixin.py:104} INFO - Load table : PARTSUPP
[2021-08-08 05:00:14,118] {logging_mixin.py:104} INFO - Load table : CUSTOMER
[2021-08-08 05:00:14,605] {logging_mixin.py:104} INFO - Load table : ORDERS
[2021-08-08 05:00:18,731] {logging_mixin.py:104} INFO - Load table : LINEITEM
[2021-08-08 05:00:37,667] {python.py:151} INFO - Done. Returned value was: None
[2021-08-08 05:00:37,708] {taskinstance.py:1211} INFO - Marking task as SUCCESS. dag_id=to_datalake_pipeline, task_id=extract_from_git, execution_date=20210808T045500, start_date=20210808T050005, end_date=20210808T050037
[2021-08-08 05:00:37,836] {taskinstance.py:1265} INFO - 1 downstream tasks scheduled from follow-on schedule check
[2021-08-08 05:00:38,033] {local_task_job.py:149} INFO - Task exited with return code 0
