[2021-08-07 14:15:01,033] {taskinstance.py:896} INFO - Dependencies all met for <TaskInstance: standardized_pipeline.create_standardized_table_region 2021-08-07T14:10:00+00:00 [queued]>
[2021-08-07 14:15:01,049] {taskinstance.py:896} INFO - Dependencies all met for <TaskInstance: standardized_pipeline.create_standardized_table_region 2021-08-07T14:10:00+00:00 [queued]>
[2021-08-07 14:15:01,050] {taskinstance.py:1087} INFO - 
--------------------------------------------------------------------------------
[2021-08-07 14:15:01,051] {taskinstance.py:1088} INFO - Starting attempt 1 of 1
[2021-08-07 14:15:01,052] {taskinstance.py:1089} INFO - 
--------------------------------------------------------------------------------
[2021-08-07 14:15:01,061] {taskinstance.py:1107} INFO - Executing <Task(MySqlOperator): create_standardized_table_region> on 2021-08-07T14:10:00+00:00
[2021-08-07 14:15:01,070] {standard_task_runner.py:76} INFO - Running: ['***', 'tasks', 'run', 'standardized_pipeline', 'create_standardized_table_region', '2021-08-07T14:10:00+00:00', '--job-id', '29', '--pool', 'default_pool', '--raw', '--subdir', 'DAGS_FOLDER/standardized_pipeline.py', '--cfg-path', '/tmp/tmpegb7igk7', '--error-file', '/tmp/tmpitsz2kln']
[2021-08-07 14:15:01,066] {standard_task_runner.py:52} INFO - Started process 4051 to run task
[2021-08-07 14:15:01,071] {standard_task_runner.py:77} INFO - Job 29: Subtask create_standardized_table_region
[2021-08-07 14:15:01,118] {logging_mixin.py:104} INFO - Running <TaskInstance: standardized_pipeline.create_standardized_table_region 2021-08-07T14:10:00+00:00 [running]> on host ab70d6dafbc6
[2021-08-07 14:15:01,167] {taskinstance.py:1302} INFO - Exporting the following env vars:
AIRFLOW_CTX_DAG_OWNER=***
AIRFLOW_CTX_DAG_ID=standardized_pipeline
AIRFLOW_CTX_TASK_ID=create_standardized_table_region
AIRFLOW_CTX_EXECUTION_DATE=2021-08-07T14:10:00+00:00
AIRFLOW_CTX_DAG_RUN_ID=scheduled__2021-08-07T14:10:00+00:00
[2021-08-07 14:15:01,168] {mysql.py:70} INFO - Executing: CREATE TABLE IF NOT EXISTS standardized.REGION (
  `REGION_KEY` int NOT NULL,
  `REGION_NAME` text NOT NULL,
  `REGION_COMMENT` text,
  `INGESTION_TIMESTAMP` datetime DEFAULT CURRENT_TIMESTAMP
) ENGINE=InnoDB DEFAULT CHARSET=utf8mb4 COLLATE=utf8mb4_0900_ai_ci
	
[2021-08-07 14:15:01,177] {base.py:78} INFO - Using connection to: id: dwh_id. Host: dwh, Port: 3306, Schema: , Login: root, Password: ***, extra: {}
[2021-08-07 14:15:01,189] {dbapi.py:204} INFO - Running statement: CREATE TABLE IF NOT EXISTS standardized.REGION (
  `REGION_KEY` int NOT NULL,
  `REGION_NAME` text NOT NULL,
  `REGION_COMMENT` text,
  `INGESTION_TIMESTAMP` datetime DEFAULT CURRENT_TIMESTAMP
) ENGINE=InnoDB DEFAULT CHARSET=utf8mb4 COLLATE=utf8mb4_0900_ai_ci
	, parameters: None
[2021-08-07 14:15:01,194] {dbapi.py:212} INFO - Rows affected: 0
[2021-08-07 14:15:01,205] {taskinstance.py:1211} INFO - Marking task as SUCCESS. dag_id=standardized_pipeline, task_id=create_standardized_table_region, execution_date=20210807T141000, start_date=20210807T141501, end_date=20210807T141501
[2021-08-07 14:15:01,231] {taskinstance.py:1265} INFO - 1 downstream tasks scheduled from follow-on schedule check
[2021-08-07 14:15:01,247] {local_task_job.py:149} INFO - Task exited with return code 0
