[2021-08-08 05:35:01,355] {taskinstance.py:896} INFO - Dependencies all met for <TaskInstance: to_datalake_pipeline.extract_from_git 2021-08-08T05:30:00+00:00 [queued]>
[2021-08-08 05:35:01,367] {taskinstance.py:896} INFO - Dependencies all met for <TaskInstance: to_datalake_pipeline.extract_from_git 2021-08-08T05:30:00+00:00 [queued]>
[2021-08-08 05:35:01,368] {taskinstance.py:1087} INFO - 
--------------------------------------------------------------------------------
[2021-08-08 05:35:01,368] {taskinstance.py:1088} INFO - Starting attempt 1 of 11
[2021-08-08 05:35:01,369] {taskinstance.py:1089} INFO - 
--------------------------------------------------------------------------------
[2021-08-08 05:35:01,375] {taskinstance.py:1107} INFO - Executing <Task(PythonOperator): extract_from_git> on 2021-08-08T05:30:00+00:00
[2021-08-08 05:35:01,379] {standard_task_runner.py:52} INFO - Started process 1201 to run task
[2021-08-08 05:35:01,383] {standard_task_runner.py:76} INFO - Running: ['***', 'tasks', 'run', 'to_datalake_pipeline', 'extract_from_git', '2021-08-08T05:30:00+00:00', '--job-id', '91', '--pool', 'default_pool', '--raw', '--subdir', 'DAGS_FOLDER/to_datalake_pipeline.py', '--cfg-path', '/tmp/tmpwkui9c6e', '--error-file', '/tmp/tmp785s6td0']
[2021-08-08 05:35:01,384] {standard_task_runner.py:77} INFO - Job 91: Subtask extract_from_git
[2021-08-08 05:35:01,423] {logging_mixin.py:104} INFO - Running <TaskInstance: to_datalake_pipeline.extract_from_git 2021-08-08T05:30:00+00:00 [running]> on host b48e43d568d5
[2021-08-08 05:35:01,462] {taskinstance.py:1302} INFO - Exporting the following env vars:
AIRFLOW_CTX_DAG_EMAIL=wildangbudhi@gmail.com
AIRFLOW_CTX_DAG_OWNER=***
AIRFLOW_CTX_DAG_ID=to_datalake_pipeline
AIRFLOW_CTX_TASK_ID=extract_from_git
AIRFLOW_CTX_EXECUTION_DATE=2021-08-08T05:30:00+00:00
AIRFLOW_CTX_DAG_RUN_ID=scheduled__2021-08-08T05:30:00+00:00
[2021-08-08 05:35:01,463] {logging_mixin.py:104} INFO - Downloading data from -> https://raw.githubusercontent.com/rezaprimasatya/DTO-DE-JUN-MID/main/data.zip
[2021-08-08 05:35:06,668] {logging_mixin.py:104} INFO - Unzipping Data
[2021-08-08 05:35:06,741] {logging_mixin.py:104} INFO - Transform Data to Pandas Dataframe
[2021-08-08 05:35:06,904] {logging_mixin.py:104} INFO - Load data to datalake
[2021-08-08 05:35:06,937] {logging_mixin.py:104} INFO - Load table : REGION
[2021-08-08 05:35:06,967] {logging_mixin.py:104} INFO - Load table : NATION
[2021-08-08 05:35:06,978] {logging_mixin.py:104} INFO - Load table : PART
[2021-08-08 05:35:07,065] {logging_mixin.py:104} INFO - Load table : SUPPLIER
[2021-08-08 05:35:07,082] {logging_mixin.py:104} INFO - Load table : PARTSUPP
[2021-08-08 05:35:07,391] {logging_mixin.py:104} INFO - Load table : CUSTOMER
[2021-08-08 05:35:07,452] {logging_mixin.py:104} INFO - Load table : ORDERS
[2021-08-08 05:35:07,959] {logging_mixin.py:104} INFO - Load table : LINEITEM
[2021-08-08 05:35:11,096] {python.py:151} INFO - Done. Returned value was: None
[2021-08-08 05:35:11,105] {taskinstance.py:1211} INFO - Marking task as SUCCESS. dag_id=to_datalake_pipeline, task_id=extract_from_git, execution_date=20210808T053000, start_date=20210808T053501, end_date=20210808T053511
[2021-08-08 05:35:11,127] {taskinstance.py:1265} INFO - 1 downstream tasks scheduled from follow-on schedule check
[2021-08-08 05:35:11,157] {local_task_job.py:149} INFO - Task exited with return code 0
