[2021-08-08 05:20:01,030] {taskinstance.py:896} INFO - Dependencies all met for <TaskInstance: presentation_pipeline.presentation_pipeline_start 2021-08-08T05:15:00+00:00 [queued]>
[2021-08-08 05:20:01,047] {taskinstance.py:896} INFO - Dependencies all met for <TaskInstance: presentation_pipeline.presentation_pipeline_start 2021-08-08T05:15:00+00:00 [queued]>
[2021-08-08 05:20:01,047] {taskinstance.py:1087} INFO - 
--------------------------------------------------------------------------------
[2021-08-08 05:20:01,048] {taskinstance.py:1088} INFO - Starting attempt 1 of 1
[2021-08-08 05:20:01,049] {taskinstance.py:1089} INFO - 
--------------------------------------------------------------------------------
[2021-08-08 05:20:01,057] {taskinstance.py:1107} INFO - Executing <Task(ExternalTaskSensor): presentation_pipeline_start> on 2021-08-08T05:15:00+00:00
[2021-08-08 05:20:01,062] {standard_task_runner.py:52} INFO - Started process 1183 to run task
[2021-08-08 05:20:01,067] {standard_task_runner.py:76} INFO - Running: ['***', 'tasks', 'run', 'presentation_pipeline', 'presentation_pipeline_start', '2021-08-08T05:15:00+00:00', '--job-id', '92', '--pool', 'default_pool', '--raw', '--subdir', 'DAGS_FOLDER/presentation_pipeline.py', '--cfg-path', '/tmp/tmp6q8gv3q1', '--error-file', '/tmp/tmpue7ykk_o']
[2021-08-08 05:20:01,068] {standard_task_runner.py:77} INFO - Job 92: Subtask presentation_pipeline_start
[2021-08-08 05:20:01,119] {logging_mixin.py:104} INFO - Running <TaskInstance: presentation_pipeline.presentation_pipeline_start 2021-08-08T05:15:00+00:00 [running]> on host dbfb9e13da58
[2021-08-08 05:20:01,176] {taskinstance.py:1302} INFO - Exporting the following env vars:
AIRFLOW_CTX_DAG_OWNER=***
AIRFLOW_CTX_DAG_ID=presentation_pipeline
AIRFLOW_CTX_TASK_ID=presentation_pipeline_start
AIRFLOW_CTX_EXECUTION_DATE=2021-08-08T05:15:00+00:00
AIRFLOW_CTX_DAG_RUN_ID=scheduled__2021-08-08T05:15:00+00:00
[2021-08-08 05:20:01,177] {external_task.py:152} INFO - Poking for standardized_pipeline.standardized_pipeline_end on 2021-08-08T05:15:00+00:00 ... 
[2021-08-08 05:21:01,200] {external_task.py:152} INFO - Poking for standardized_pipeline.standardized_pipeline_end on 2021-08-08T05:15:00+00:00 ... 
[2021-08-08 05:22:01,222] {external_task.py:152} INFO - Poking for standardized_pipeline.standardized_pipeline_end on 2021-08-08T05:15:00+00:00 ... 
[2021-08-08 05:22:01,232] {base.py:248} INFO - Success criteria met. Exiting.
[2021-08-08 05:22:01,241] {taskinstance.py:1211} INFO - Marking task as SUCCESS. dag_id=presentation_pipeline, task_id=presentation_pipeline_start, execution_date=20210808T051500, start_date=20210808T052001, end_date=20210808T052201
[2021-08-08 05:22:01,271] {taskinstance.py:1265} INFO - 5 downstream tasks scheduled from follow-on schedule check
[2021-08-08 05:22:01,314] {local_task_job.py:149} INFO - Task exited with return code 0
[2021-08-08 05:25:11,267] {taskinstance.py:896} INFO - Dependencies all met for <TaskInstance: presentation_pipeline.presentation_pipeline_start 2021-08-08T05:15:00+00:00 [queued]>
[2021-08-08 05:25:11,294] {taskinstance.py:896} INFO - Dependencies all met for <TaskInstance: presentation_pipeline.presentation_pipeline_start 2021-08-08T05:15:00+00:00 [queued]>
[2021-08-08 05:25:11,295] {taskinstance.py:1087} INFO - 
--------------------------------------------------------------------------------
[2021-08-08 05:25:11,296] {taskinstance.py:1088} INFO - Starting attempt 1 of 1
[2021-08-08 05:25:11,296] {taskinstance.py:1089} INFO - 
--------------------------------------------------------------------------------
[2021-08-08 05:25:11,310] {taskinstance.py:1107} INFO - Executing <Task(ExternalTaskSensor): presentation_pipeline_start> on 2021-08-08T05:15:00+00:00
[2021-08-08 05:25:11,318] {standard_task_runner.py:52} INFO - Started process 180 to run task
[2021-08-08 05:25:11,325] {standard_task_runner.py:76} INFO - Running: ['***', 'tasks', 'run', 'presentation_pipeline', 'presentation_pipeline_start', '2021-08-08T05:15:00+00:00', '--job-id', '4', '--pool', 'default_pool', '--raw', '--subdir', 'DAGS_FOLDER/presentation_pipeline.py', '--cfg-path', '/tmp/tmpy_ozeto6', '--error-file', '/tmp/tmp7xfop174']
[2021-08-08 05:25:11,326] {standard_task_runner.py:77} INFO - Job 4: Subtask presentation_pipeline_start
[2021-08-08 05:25:11,405] {logging_mixin.py:104} INFO - Running <TaskInstance: presentation_pipeline.presentation_pipeline_start 2021-08-08T05:15:00+00:00 [running]> on host b48e43d568d5
[2021-08-08 05:25:11,508] {taskinstance.py:1302} INFO - Exporting the following env vars:
AIRFLOW_CTX_DAG_OWNER=***
AIRFLOW_CTX_DAG_ID=presentation_pipeline
AIRFLOW_CTX_TASK_ID=presentation_pipeline_start
AIRFLOW_CTX_EXECUTION_DATE=2021-08-08T05:15:00+00:00
AIRFLOW_CTX_DAG_RUN_ID=scheduled__2021-08-08T05:15:00+00:00
[2021-08-08 05:25:11,510] {external_task.py:152} INFO - Poking for standardized_pipeline.standardized_pipeline_end on 2021-08-08T05:15:00+00:00 ... 
[2021-08-08 05:26:11,499] {external_task.py:152} INFO - Poking for standardized_pipeline.standardized_pipeline_end on 2021-08-08T05:15:00+00:00 ... 
[2021-08-08 05:27:11,497] {external_task.py:152} INFO - Poking for standardized_pipeline.standardized_pipeline_end on 2021-08-08T05:15:00+00:00 ... 
[2021-08-08 05:27:11,507] {base.py:248} INFO - Success criteria met. Exiting.
[2021-08-08 05:27:11,517] {taskinstance.py:1211} INFO - Marking task as SUCCESS. dag_id=presentation_pipeline, task_id=presentation_pipeline_start, execution_date=20210808T051500, start_date=20210808T052511, end_date=20210808T052711
[2021-08-08 05:27:11,552] {taskinstance.py:1265} INFO - 5 downstream tasks scheduled from follow-on schedule check
[2021-08-08 05:27:11,568] {local_task_job.py:149} INFO - Task exited with return code 0
