[2021-08-07 13:58:53,409] {taskinstance.py:896} INFO - Dependencies all met for <TaskInstance: standardized_pipeline.create_standardized_table_nation 2021-08-07T13:50:00+00:00 [queued]>
[2021-08-07 13:58:53,420] {taskinstance.py:896} INFO - Dependencies all met for <TaskInstance: standardized_pipeline.create_standardized_table_nation 2021-08-07T13:50:00+00:00 [queued]>
[2021-08-07 13:58:53,421] {taskinstance.py:1087} INFO - 
--------------------------------------------------------------------------------
[2021-08-07 13:58:53,422] {taskinstance.py:1088} INFO - Starting attempt 1 of 1
[2021-08-07 13:58:53,423] {taskinstance.py:1089} INFO - 
--------------------------------------------------------------------------------
[2021-08-07 13:58:53,439] {taskinstance.py:1107} INFO - Executing <Task(MySqlOperator): create_standardized_table_nation> on 2021-08-07T13:50:00+00:00
[2021-08-07 13:58:53,444] {standard_task_runner.py:52} INFO - Started process 2608 to run task
[2021-08-07 13:58:53,449] {standard_task_runner.py:76} INFO - Running: ['***', 'tasks', 'run', 'standardized_pipeline', 'create_standardized_table_nation', '2021-08-07T13:50:00+00:00', '--job-id', '15', '--pool', 'default_pool', '--raw', '--subdir', 'DAGS_FOLDER/standardized_pipeline.py', '--cfg-path', '/tmp/tmpbug1zg_r', '--error-file', '/tmp/tmpfbrymxlv']
[2021-08-07 13:58:53,451] {standard_task_runner.py:77} INFO - Job 15: Subtask create_standardized_table_nation
[2021-08-07 13:58:53,509] {logging_mixin.py:104} INFO - Running <TaskInstance: standardized_pipeline.create_standardized_table_nation 2021-08-07T13:50:00+00:00 [running]> on host ab70d6dafbc6
[2021-08-07 13:58:53,574] {taskinstance.py:1302} INFO - Exporting the following env vars:
AIRFLOW_CTX_DAG_OWNER=***
AIRFLOW_CTX_DAG_ID=standardized_pipeline
AIRFLOW_CTX_TASK_ID=create_standardized_table_nation
AIRFLOW_CTX_EXECUTION_DATE=2021-08-07T13:50:00+00:00
AIRFLOW_CTX_DAG_RUN_ID=scheduled__2021-08-07T13:50:00+00:00
[2021-08-07 13:58:53,575] {mysql.py:70} INFO - Executing: CREATE TABLE standardized.NATION (
  `NATION_KEY` int NOT NULL,
  `NATION_NAME` text NOT NULL,
  `REGION_KEY` int NOT NULL,
  `NATION_COMMENT` text,
  `INGESTION_TIMESTAMP` datetime DEFAULT CURRENT_TIMESTAMP,
  PRIMARY KEY (`NATION_KEY`),
  KEY `REGION_KEY` (`REGION_KEY`),
  CONSTRAINT `NATION_ibfk_1` FOREIGN KEY (`REGION_KEY`) REFERENCES standardized.REGION (`REGION_KEY`)
) ENGINE=InnoDB DEFAULT CHARSET=utf8mb4 COLLATE=utf8mb4_0900_ai_ci;
[2021-08-07 13:58:53,587] {base.py:78} INFO - Using connection to: id: dwh_id. Host: dwh, Port: 3306, Schema: , Login: root, Password: ***, extra: {}
[2021-08-07 13:58:53,600] {dbapi.py:204} INFO - Running statement: CREATE TABLE standardized.NATION (
  `NATION_KEY` int NOT NULL,
  `NATION_NAME` text NOT NULL,
  `REGION_KEY` int NOT NULL,
  `NATION_COMMENT` text,
  `INGESTION_TIMESTAMP` datetime DEFAULT CURRENT_TIMESTAMP,
  PRIMARY KEY (`NATION_KEY`),
  KEY `REGION_KEY` (`REGION_KEY`),
  CONSTRAINT `NATION_ibfk_1` FOREIGN KEY (`REGION_KEY`) REFERENCES standardized.REGION (`REGION_KEY`)
) ENGINE=InnoDB DEFAULT CHARSET=utf8mb4 COLLATE=utf8mb4_0900_ai_ci;, parameters: None
[2021-08-07 13:58:53,626] {dbapi.py:212} INFO - Rows affected: 0
[2021-08-07 13:58:53,640] {taskinstance.py:1211} INFO - Marking task as SUCCESS. dag_id=standardized_pipeline, task_id=create_standardized_table_nation, execution_date=20210807T135000, start_date=20210807T135853, end_date=20210807T135853
[2021-08-07 13:58:53,670] {taskinstance.py:1265} INFO - 1 downstream tasks scheduled from follow-on schedule check
[2021-08-07 13:58:53,708] {local_task_job.py:149} INFO - Task exited with return code 0
