[2021-08-08 03:13:17,171] {taskinstance.py:896} INFO - Dependencies all met for <TaskInstance: standardized_pipeline.wait_datalake_pipeline_success 2021-08-08T03:05:00+00:00 [queued]>
[2021-08-08 03:13:17,189] {taskinstance.py:896} INFO - Dependencies all met for <TaskInstance: standardized_pipeline.wait_datalake_pipeline_success 2021-08-08T03:05:00+00:00 [queued]>
[2021-08-08 03:13:17,190] {taskinstance.py:1087} INFO - 
--------------------------------------------------------------------------------
[2021-08-08 03:13:17,190] {taskinstance.py:1088} INFO - Starting attempt 1 of 1
[2021-08-08 03:13:17,191] {taskinstance.py:1089} INFO - 
--------------------------------------------------------------------------------
[2021-08-08 03:13:17,199] {taskinstance.py:1107} INFO - Executing <Task(ExternalTaskSensor): wait_datalake_pipeline_success> on 2021-08-08T03:05:00+00:00
[2021-08-08 03:13:17,204] {standard_task_runner.py:52} INFO - Started process 342 to run task
[2021-08-08 03:13:17,208] {standard_task_runner.py:76} INFO - Running: ['***', 'tasks', 'run', 'standardized_pipeline', 'wait_datalake_pipeline_success', '2021-08-08T03:05:00+00:00', '--job-id', '2', '--pool', 'default_pool', '--raw', '--subdir', 'DAGS_FOLDER/standardized_pipeline.py', '--cfg-path', '/tmp/tmp2zfcekpg', '--error-file', '/tmp/tmpwge36ate']
[2021-08-08 03:13:17,209] {standard_task_runner.py:77} INFO - Job 2: Subtask wait_datalake_pipeline_success
[2021-08-08 03:13:17,254] {logging_mixin.py:104} INFO - Running <TaskInstance: standardized_pipeline.wait_datalake_pipeline_success 2021-08-08T03:05:00+00:00 [running]> on host 0873d3c46d95
[2021-08-08 03:13:17,303] {taskinstance.py:1302} INFO - Exporting the following env vars:
AIRFLOW_CTX_DAG_OWNER=***
AIRFLOW_CTX_DAG_ID=standardized_pipeline
AIRFLOW_CTX_TASK_ID=wait_datalake_pipeline_success
AIRFLOW_CTX_EXECUTION_DATE=2021-08-08T03:05:00+00:00
AIRFLOW_CTX_DAG_RUN_ID=scheduled__2021-08-08T03:05:00+00:00
[2021-08-08 03:13:17,313] {external_task.py:152} INFO - Poking for to_datalake_pipeline.to_datalake_pipeline_end_task on 2021-08-08T03:05:00+00:00 ... 
[2021-08-08 03:13:17,340] {taskinstance.py:1484} INFO - Rescheduling task, marking task as UP_FOR_RESCHEDULE
[2021-08-08 03:13:17,384] {local_task_job.py:149} INFO - Task exited with return code 0
[2021-08-08 03:14:18,373] {taskinstance.py:896} INFO - Dependencies all met for <TaskInstance: standardized_pipeline.wait_datalake_pipeline_success 2021-08-08T03:05:00+00:00 [queued]>
[2021-08-08 03:14:18,391] {taskinstance.py:896} INFO - Dependencies all met for <TaskInstance: standardized_pipeline.wait_datalake_pipeline_success 2021-08-08T03:05:00+00:00 [queued]>
[2021-08-08 03:14:18,392] {taskinstance.py:1087} INFO - 
--------------------------------------------------------------------------------
[2021-08-08 03:14:18,393] {taskinstance.py:1088} INFO - Starting attempt 1 of 1
[2021-08-08 03:14:18,394] {taskinstance.py:1089} INFO - 
--------------------------------------------------------------------------------
[2021-08-08 03:14:18,402] {taskinstance.py:1107} INFO - Executing <Task(ExternalTaskSensor): wait_datalake_pipeline_success> on 2021-08-08T03:05:00+00:00
[2021-08-08 03:14:18,407] {standard_task_runner.py:52} INFO - Started process 423 to run task
[2021-08-08 03:14:18,412] {standard_task_runner.py:76} INFO - Running: ['***', 'tasks', 'run', 'standardized_pipeline', 'wait_datalake_pipeline_success', '2021-08-08T03:05:00+00:00', '--job-id', '4', '--pool', 'default_pool', '--raw', '--subdir', 'DAGS_FOLDER/standardized_pipeline.py', '--cfg-path', '/tmp/tmpoxrtuvbo', '--error-file', '/tmp/tmp7lulyqm3']
[2021-08-08 03:14:18,414] {standard_task_runner.py:77} INFO - Job 4: Subtask wait_datalake_pipeline_success
[2021-08-08 03:14:18,468] {logging_mixin.py:104} INFO - Running <TaskInstance: standardized_pipeline.wait_datalake_pipeline_success 2021-08-08T03:05:00+00:00 [running]> on host 0873d3c46d95
[2021-08-08 03:14:18,523] {taskinstance.py:1302} INFO - Exporting the following env vars:
AIRFLOW_CTX_DAG_OWNER=***
AIRFLOW_CTX_DAG_ID=standardized_pipeline
AIRFLOW_CTX_TASK_ID=wait_datalake_pipeline_success
AIRFLOW_CTX_EXECUTION_DATE=2021-08-08T03:05:00+00:00
AIRFLOW_CTX_DAG_RUN_ID=scheduled__2021-08-08T03:05:00+00:00
[2021-08-08 03:14:18,534] {external_task.py:152} INFO - Poking for to_datalake_pipeline.to_datalake_pipeline_end_task on 2021-08-08T03:05:00+00:00 ... 
[2021-08-08 03:14:18,566] {taskinstance.py:1484} INFO - Rescheduling task, marking task as UP_FOR_RESCHEDULE
[2021-08-08 03:14:18,589] {local_task_job.py:149} INFO - Task exited with return code 0
[2021-08-08 03:15:19,079] {taskinstance.py:896} INFO - Dependencies all met for <TaskInstance: standardized_pipeline.wait_datalake_pipeline_success 2021-08-08T03:05:00+00:00 [queued]>
[2021-08-08 03:15:19,095] {taskinstance.py:896} INFO - Dependencies all met for <TaskInstance: standardized_pipeline.wait_datalake_pipeline_success 2021-08-08T03:05:00+00:00 [queued]>
[2021-08-08 03:15:19,096] {taskinstance.py:1087} INFO - 
--------------------------------------------------------------------------------
[2021-08-08 03:15:19,096] {taskinstance.py:1088} INFO - Starting attempt 1 of 1
[2021-08-08 03:15:19,097] {taskinstance.py:1089} INFO - 
--------------------------------------------------------------------------------
[2021-08-08 03:15:19,105] {taskinstance.py:1107} INFO - Executing <Task(ExternalTaskSensor): wait_datalake_pipeline_success> on 2021-08-08T03:05:00+00:00
[2021-08-08 03:15:19,109] {standard_task_runner.py:52} INFO - Started process 516 to run task
[2021-08-08 03:15:19,114] {standard_task_runner.py:76} INFO - Running: ['***', 'tasks', 'run', 'standardized_pipeline', 'wait_datalake_pipeline_success', '2021-08-08T03:05:00+00:00', '--job-id', '7', '--pool', 'default_pool', '--raw', '--subdir', 'DAGS_FOLDER/standardized_pipeline.py', '--cfg-path', '/tmp/tmpgylobtpz', '--error-file', '/tmp/tmpt_d4xlnv']
[2021-08-08 03:15:19,116] {standard_task_runner.py:77} INFO - Job 7: Subtask wait_datalake_pipeline_success
[2021-08-08 03:15:19,165] {logging_mixin.py:104} INFO - Running <TaskInstance: standardized_pipeline.wait_datalake_pipeline_success 2021-08-08T03:05:00+00:00 [running]> on host 0873d3c46d95
[2021-08-08 03:15:19,215] {taskinstance.py:1302} INFO - Exporting the following env vars:
AIRFLOW_CTX_DAG_OWNER=***
AIRFLOW_CTX_DAG_ID=standardized_pipeline
AIRFLOW_CTX_TASK_ID=wait_datalake_pipeline_success
AIRFLOW_CTX_EXECUTION_DATE=2021-08-08T03:05:00+00:00
AIRFLOW_CTX_DAG_RUN_ID=scheduled__2021-08-08T03:05:00+00:00
[2021-08-08 03:15:19,224] {external_task.py:152} INFO - Poking for to_datalake_pipeline.to_datalake_pipeline_end_task on 2021-08-08T03:05:00+00:00 ... 
[2021-08-08 03:15:19,252] {taskinstance.py:1484} INFO - Rescheduling task, marking task as UP_FOR_RESCHEDULE
[2021-08-08 03:15:19,293] {local_task_job.py:149} INFO - Task exited with return code 0
[2021-08-08 03:16:19,803] {taskinstance.py:896} INFO - Dependencies all met for <TaskInstance: standardized_pipeline.wait_datalake_pipeline_success 2021-08-08T03:05:00+00:00 [queued]>
[2021-08-08 03:16:19,822] {taskinstance.py:896} INFO - Dependencies all met for <TaskInstance: standardized_pipeline.wait_datalake_pipeline_success 2021-08-08T03:05:00+00:00 [queued]>
[2021-08-08 03:16:19,823] {taskinstance.py:1087} INFO - 
--------------------------------------------------------------------------------
[2021-08-08 03:16:19,823] {taskinstance.py:1088} INFO - Starting attempt 1 of 1
[2021-08-08 03:16:19,824] {taskinstance.py:1089} INFO - 
--------------------------------------------------------------------------------
[2021-08-08 03:16:19,833] {taskinstance.py:1107} INFO - Executing <Task(ExternalTaskSensor): wait_datalake_pipeline_success> on 2021-08-08T03:05:00+00:00
[2021-08-08 03:16:19,837] {standard_task_runner.py:52} INFO - Started process 637 to run task
[2021-08-08 03:16:19,843] {standard_task_runner.py:76} INFO - Running: ['***', 'tasks', 'run', 'standardized_pipeline', 'wait_datalake_pipeline_success', '2021-08-08T03:05:00+00:00', '--job-id', '25', '--pool', 'default_pool', '--raw', '--subdir', 'DAGS_FOLDER/standardized_pipeline.py', '--cfg-path', '/tmp/tmptx61whf4', '--error-file', '/tmp/tmpv3oakzpe']
[2021-08-08 03:16:19,845] {standard_task_runner.py:77} INFO - Job 25: Subtask wait_datalake_pipeline_success
[2021-08-08 03:16:19,901] {logging_mixin.py:104} INFO - Running <TaskInstance: standardized_pipeline.wait_datalake_pipeline_success 2021-08-08T03:05:00+00:00 [running]> on host 0873d3c46d95
[2021-08-08 03:16:19,957] {taskinstance.py:1302} INFO - Exporting the following env vars:
AIRFLOW_CTX_DAG_OWNER=***
AIRFLOW_CTX_DAG_ID=standardized_pipeline
AIRFLOW_CTX_TASK_ID=wait_datalake_pipeline_success
AIRFLOW_CTX_EXECUTION_DATE=2021-08-08T03:05:00+00:00
AIRFLOW_CTX_DAG_RUN_ID=scheduled__2021-08-08T03:05:00+00:00
[2021-08-08 03:16:19,969] {external_task.py:152} INFO - Poking for to_datalake_pipeline.to_datalake_pipeline_end_task on 2021-08-08T03:05:00+00:00 ... 
[2021-08-08 03:16:20,001] {taskinstance.py:1484} INFO - Rescheduling task, marking task as UP_FOR_RESCHEDULE
[2021-08-08 03:16:20,019] {local_task_job.py:149} INFO - Task exited with return code 0
