[2021-08-07 16:38:35,983] {taskinstance.py:896} INFO - Dependencies all met for <TaskInstance: presentation_pipeline.presentation_date 2021-08-07T16:38:33.952135+00:00 [queued]>
[2021-08-07 16:38:36,022] {taskinstance.py:896} INFO - Dependencies all met for <TaskInstance: presentation_pipeline.presentation_date 2021-08-07T16:38:33.952135+00:00 [queued]>
[2021-08-07 16:38:36,024] {taskinstance.py:1087} INFO - 
--------------------------------------------------------------------------------
[2021-08-07 16:38:36,025] {taskinstance.py:1088} INFO - Starting attempt 1 of 1
[2021-08-07 16:38:36,026] {taskinstance.py:1089} INFO - 
--------------------------------------------------------------------------------
[2021-08-07 16:38:36,043] {taskinstance.py:1107} INFO - Executing <Task(MySqlOperator): presentation_date> on 2021-08-07T16:38:33.952135+00:00
[2021-08-07 16:38:36,057] {standard_task_runner.py:76} INFO - Running: ['***', 'tasks', 'run', 'presentation_pipeline', 'presentation_date', '2021-08-07T16:38:33.952135+00:00', '--job-id', '61', '--pool', 'default_pool', '--raw', '--subdir', 'DAGS_FOLDER/presentation_pipeline.py', '--cfg-path', '/tmp/tmp14na5c2w', '--error-file', '/tmp/tmptk6o_ahq']
[2021-08-07 16:38:36,051] {standard_task_runner.py:52} INFO - Started process 688 to run task
[2021-08-07 16:38:36,060] {standard_task_runner.py:77} INFO - Job 61: Subtask presentation_date
[2021-08-07 16:38:36,152] {logging_mixin.py:104} INFO - Running <TaskInstance: presentation_pipeline.presentation_date 2021-08-07T16:38:33.952135+00:00 [running]> on host c8552014663a
[2021-08-07 16:38:36,250] {taskinstance.py:1302} INFO - Exporting the following env vars:
AIRFLOW_CTX_DAG_OWNER=***
AIRFLOW_CTX_DAG_ID=presentation_pipeline
AIRFLOW_CTX_TASK_ID=presentation_date
AIRFLOW_CTX_EXECUTION_DATE=2021-08-07T16:38:33.952135+00:00
AIRFLOW_CTX_DAG_RUN_ID=manual__2021-08-07T16:38:33.952135+00:00
[2021-08-07 16:38:36,252] {mysql.py:70} INFO - Executing: INSERT IGNORE INTO presentation.DATE (
	`DAY`,
    `WEEK`,
    `MONTH`,
    `QUARTER`,
    `YEAR`
) 

SELECT 
	EXTRACT(DAY FROM o.ORDER_ORDERDATE) AS DAY,
	EXTRACT(WEEK FROM o.ORDER_ORDERDATE) AS WEEK,
	EXTRACT(MONTH FROM o.ORDER_ORDERDATE) AS MONTH,
	EXTRACT(QUARTER FROM o.ORDER_ORDERDATE) AS QUARTER,
	EXTRACT(YEAR FROM o.ORDER_ORDERDATE) AS YEAR
FROM 
	standardized.ORDERS o 
WHERE 
	o.INGESTION_TIMESTAMP >= DATE_SUB(NOW(), INTERVAL 5 MINUTE)
GROUP BY 
	o.ORDER_ORDERDATE 
[2021-08-07 16:38:36,281] {base.py:78} INFO - Using connection to: id: dwh_id. Host: dwh, Port: 3306, Schema: , Login: root, Password: ***, extra: {}
[2021-08-07 16:38:36,300] {dbapi.py:204} INFO - Running statement: INSERT IGNORE INTO presentation.DATE (
	`DAY`,
    `WEEK`,
    `MONTH`,
    `QUARTER`,
    `YEAR`
) 

SELECT 
	EXTRACT(DAY FROM o.ORDER_ORDERDATE) AS DAY,
	EXTRACT(WEEK FROM o.ORDER_ORDERDATE) AS WEEK,
	EXTRACT(MONTH FROM o.ORDER_ORDERDATE) AS MONTH,
	EXTRACT(QUARTER FROM o.ORDER_ORDERDATE) AS QUARTER,
	EXTRACT(YEAR FROM o.ORDER_ORDERDATE) AS YEAR
FROM 
	standardized.ORDERS o 
WHERE 
	o.INGESTION_TIMESTAMP >= DATE_SUB(NOW(), INTERVAL 5 MINUTE)
GROUP BY 
	o.ORDER_ORDERDATE , parameters: None
[2021-08-07 16:38:36,406] {dbapi.py:212} INFO - Rows affected: 2401
[2021-08-07 16:38:36,436] {taskinstance.py:1211} INFO - Marking task as SUCCESS. dag_id=presentation_pipeline, task_id=presentation_date, execution_date=20210807T163833, start_date=20210807T163835, end_date=20210807T163836
[2021-08-07 16:38:36,468] {taskinstance.py:1265} INFO - 0 downstream tasks scheduled from follow-on schedule check
[2021-08-07 16:38:36,520] {local_task_job.py:149} INFO - Task exited with return code 0
