[2021-08-08 06:07:02,491] {taskinstance.py:896} INFO - Dependencies all met for <TaskInstance: presentation_pipeline.create_presentation_table_dim_customers 2021-08-08T06:00:00+00:00 [queued]>
[2021-08-08 06:07:02,509] {taskinstance.py:896} INFO - Dependencies all met for <TaskInstance: presentation_pipeline.create_presentation_table_dim_customers 2021-08-08T06:00:00+00:00 [queued]>
[2021-08-08 06:07:02,509] {taskinstance.py:1087} INFO - 
--------------------------------------------------------------------------------
[2021-08-08 06:07:02,510] {taskinstance.py:1088} INFO - Starting attempt 1 of 1
[2021-08-08 06:07:02,510] {taskinstance.py:1089} INFO - 
--------------------------------------------------------------------------------
[2021-08-08 06:07:02,518] {taskinstance.py:1107} INFO - Executing <Task(MySqlOperator): create_presentation_table_dim_customers> on 2021-08-08T06:00:00+00:00
[2021-08-08 06:07:02,522] {standard_task_runner.py:52} INFO - Started process 4404 to run task
[2021-08-08 06:07:02,526] {standard_task_runner.py:76} INFO - Running: ['***', 'tasks', 'run', 'presentation_pipeline', 'create_presentation_table_dim_customers', '2021-08-08T06:00:00+00:00', '--job-id', '282', '--pool', 'default_pool', '--raw', '--subdir', 'DAGS_FOLDER/presentation_pipeline.py', '--cfg-path', '/tmp/tmpobpwlqo1', '--error-file', '/tmp/tmpe7vujbln']
[2021-08-08 06:07:02,528] {standard_task_runner.py:77} INFO - Job 282: Subtask create_presentation_table_dim_customers
[2021-08-08 06:07:02,581] {logging_mixin.py:104} INFO - Running <TaskInstance: presentation_pipeline.create_presentation_table_dim_customers 2021-08-08T06:00:00+00:00 [running]> on host b48e43d568d5
[2021-08-08 06:07:02,638] {taskinstance.py:1302} INFO - Exporting the following env vars:
AIRFLOW_CTX_DAG_OWNER=***
AIRFLOW_CTX_DAG_ID=presentation_pipeline
AIRFLOW_CTX_TASK_ID=create_presentation_table_dim_customers
AIRFLOW_CTX_EXECUTION_DATE=2021-08-08T06:00:00+00:00
AIRFLOW_CTX_DAG_RUN_ID=scheduled__2021-08-08T06:00:00+00:00
[2021-08-08 06:07:02,639] {mysql.py:70} INFO - Executing: CREATE TABLE IF NOT EXISTS presentation.customers (
    CUSTOMER_KEY INT NOT NULL,
    INGESTION_TIMESTAMP TIMESTAMP NOT NULL DEFAULT CURRENT_TIMESTAMP,
    CONSTRAINT `CUSTOMER_PK` PRIMARY KEY (CUSTOMER_KEY)
) AS

SELECT 
	DISTINCT
	c.CUSTOMER_KEY,
	n.NATION_NAME,
	c.CUSTOMER_ACCOUNT_BALANCE_TOTAL,
	c.CUSTOMER_MARKET_SEGMENT_TYPE, 
	NOW() AS INGESTION_TIMESTAMP
FROM 
	standardized.customers c 
LEFT JOIN
	standardized.nations n 
	ON c.NATION_KEY = n.NATION_KEY 
WHERE
	c.INGESTION_TIMESTAMP >= DATE_SUB(NOW(), INTERVAL 5 MINUTE)
[2021-08-08 06:07:02,649] {base.py:78} INFO - Using connection to: id: dwh_id. Host: dwh, Port: 3306, Schema: , Login: root, Password: ***, extra: {}
[2021-08-08 06:07:02,662] {dbapi.py:204} INFO - Running statement: CREATE TABLE IF NOT EXISTS presentation.customers (
    CUSTOMER_KEY INT NOT NULL,
    INGESTION_TIMESTAMP TIMESTAMP NOT NULL DEFAULT CURRENT_TIMESTAMP,
    CONSTRAINT `CUSTOMER_PK` PRIMARY KEY (CUSTOMER_KEY)
) AS

SELECT 
	DISTINCT
	c.CUSTOMER_KEY,
	n.NATION_NAME,
	c.CUSTOMER_ACCOUNT_BALANCE_TOTAL,
	c.CUSTOMER_MARKET_SEGMENT_TYPE, 
	NOW() AS INGESTION_TIMESTAMP
FROM 
	standardized.customers c 
LEFT JOIN
	standardized.nations n 
	ON c.NATION_KEY = n.NATION_KEY 
WHERE
	c.INGESTION_TIMESTAMP >= DATE_SUB(NOW(), INTERVAL 5 MINUTE), parameters: None
[2021-08-08 06:07:02,663] {dbapi.py:212} INFO - Rows affected: 0
[2021-08-08 06:07:02,677] {taskinstance.py:1211} INFO - Marking task as SUCCESS. dag_id=presentation_pipeline, task_id=create_presentation_table_dim_customers, execution_date=20210808T060000, start_date=20210808T060702, end_date=20210808T060702
[2021-08-08 06:07:02,706] {taskinstance.py:1265} INFO - 1 downstream tasks scheduled from follow-on schedule check
[2021-08-08 06:07:02,743] {local_task_job.py:149} INFO - Task exited with return code 0
[2021-08-08 07:34:20,461] {taskinstance.py:896} INFO - Dependencies all met for <TaskInstance: presentation_pipeline.create_presentation_table_dim_customers 2021-08-08T06:00:00+00:00 [queued]>
[2021-08-08 07:34:20,504] {taskinstance.py:896} INFO - Dependencies all met for <TaskInstance: presentation_pipeline.create_presentation_table_dim_customers 2021-08-08T06:00:00+00:00 [queued]>
[2021-08-08 07:34:20,505] {taskinstance.py:1087} INFO - 
--------------------------------------------------------------------------------
[2021-08-08 07:34:20,506] {taskinstance.py:1088} INFO - Starting attempt 1 of 1
[2021-08-08 07:34:20,507] {taskinstance.py:1089} INFO - 
--------------------------------------------------------------------------------
[2021-08-08 07:34:20,519] {taskinstance.py:1107} INFO - Executing <Task(MySqlOperator): create_presentation_table_dim_customers> on 2021-08-08T06:00:00+00:00
[2021-08-08 07:34:20,529] {standard_task_runner.py:76} INFO - Running: ['***', 'tasks', 'run', 'presentation_pipeline', 'create_presentation_table_dim_customers', '2021-08-08T06:00:00+00:00', '--job-id', '23', '--pool', 'default_pool', '--raw', '--subdir', 'DAGS_FOLDER/presentation_pipeline.py', '--cfg-path', '/tmp/tmpb6cw_grn', '--error-file', '/tmp/tmpua3ch4mz']
[2021-08-08 07:34:20,530] {standard_task_runner.py:77} INFO - Job 23: Subtask create_presentation_table_dim_customers
[2021-08-08 07:34:20,524] {standard_task_runner.py:52} INFO - Started process 472 to run task
[2021-08-08 07:34:20,603] {logging_mixin.py:104} INFO - Running <TaskInstance: presentation_pipeline.create_presentation_table_dim_customers 2021-08-08T06:00:00+00:00 [running]> on host d501b83ad3fd
[2021-08-08 07:34:20,694] {taskinstance.py:1302} INFO - Exporting the following env vars:
AIRFLOW_CTX_DAG_OWNER=***
AIRFLOW_CTX_DAG_ID=presentation_pipeline
AIRFLOW_CTX_TASK_ID=create_presentation_table_dim_customers
AIRFLOW_CTX_EXECUTION_DATE=2021-08-08T06:00:00+00:00
AIRFLOW_CTX_DAG_RUN_ID=scheduled__2021-08-08T06:00:00+00:00
[2021-08-08 07:34:20,696] {mysql.py:70} INFO - Executing: CREATE TABLE IF NOT EXISTS presentation.customers (
    CUSTOMER_KEY INT NOT NULL,
    INGESTION_TIMESTAMP TIMESTAMP NOT NULL DEFAULT CURRENT_TIMESTAMP,
    CONSTRAINT `CUSTOMER_PK` PRIMARY KEY (CUSTOMER_KEY)
) AS

SELECT 
	DISTINCT
	c.CUSTOMER_KEY,
	n.NATION_NAME,
	c.CUSTOMER_ACCOUNT_BALANCE_TOTAL,
	c.CUSTOMER_MARKET_SEGMENT_TYPE, 
	NOW() AS INGESTION_TIMESTAMP
FROM 
	standardized.customers c 
LEFT JOIN
	standardized.nations n 
	ON c.NATION_KEY = n.NATION_KEY 
WHERE
	c.INGESTION_TIMESTAMP >= DATE_SUB(NOW(), INTERVAL 1 HOUR)
[2021-08-08 07:34:20,710] {base.py:78} INFO - Using connection to: id: dwh_id. Host: dwh, Port: 3306, Schema: , Login: root, Password: ***, extra: {}
[2021-08-08 07:34:20,727] {dbapi.py:204} INFO - Running statement: CREATE TABLE IF NOT EXISTS presentation.customers (
    CUSTOMER_KEY INT NOT NULL,
    INGESTION_TIMESTAMP TIMESTAMP NOT NULL DEFAULT CURRENT_TIMESTAMP,
    CONSTRAINT `CUSTOMER_PK` PRIMARY KEY (CUSTOMER_KEY)
) AS

SELECT 
	DISTINCT
	c.CUSTOMER_KEY,
	n.NATION_NAME,
	c.CUSTOMER_ACCOUNT_BALANCE_TOTAL,
	c.CUSTOMER_MARKET_SEGMENT_TYPE, 
	NOW() AS INGESTION_TIMESTAMP
FROM 
	standardized.customers c 
LEFT JOIN
	standardized.nations n 
	ON c.NATION_KEY = n.NATION_KEY 
WHERE
	c.INGESTION_TIMESTAMP >= DATE_SUB(NOW(), INTERVAL 1 HOUR), parameters: None
[2021-08-08 07:34:20,836] {dbapi.py:212} INFO - Rows affected: 1500
[2021-08-08 07:34:20,849] {taskinstance.py:1211} INFO - Marking task as SUCCESS. dag_id=presentation_pipeline, task_id=create_presentation_table_dim_customers, execution_date=20210808T060000, start_date=20210808T073420, end_date=20210808T073420
[2021-08-08 07:34:20,883] {taskinstance.py:1265} INFO - 1 downstream tasks scheduled from follow-on schedule check
[2021-08-08 07:34:20,916] {local_task_job.py:149} INFO - Task exited with return code 0
[2021-08-08 07:48:09,100] {taskinstance.py:896} INFO - Dependencies all met for <TaskInstance: presentation_pipeline.create_presentation_table_dim_customers 2021-08-08T06:00:00+00:00 [queued]>
[2021-08-08 07:48:09,125] {taskinstance.py:896} INFO - Dependencies all met for <TaskInstance: presentation_pipeline.create_presentation_table_dim_customers 2021-08-08T06:00:00+00:00 [queued]>
[2021-08-08 07:48:09,126] {taskinstance.py:1087} INFO - 
--------------------------------------------------------------------------------
[2021-08-08 07:48:09,126] {taskinstance.py:1088} INFO - Starting attempt 1 of 1
[2021-08-08 07:48:09,127] {taskinstance.py:1089} INFO - 
--------------------------------------------------------------------------------
[2021-08-08 07:48:09,143] {taskinstance.py:1107} INFO - Executing <Task(MySqlOperator): create_presentation_table_dim_customers> on 2021-08-08T06:00:00+00:00
[2021-08-08 07:48:09,152] {standard_task_runner.py:76} INFO - Running: ['***', 'tasks', 'run', 'presentation_pipeline', 'create_presentation_table_dim_customers', '2021-08-08T06:00:00+00:00', '--job-id', '24', '--pool', 'default_pool', '--raw', '--subdir', 'DAGS_FOLDER/presentation_pipeline.py', '--cfg-path', '/tmp/tmpw9x9_nau', '--error-file', '/tmp/tmp9zp7bh_n']
[2021-08-08 07:48:09,148] {standard_task_runner.py:52} INFO - Started process 512 to run task
[2021-08-08 07:48:09,153] {standard_task_runner.py:77} INFO - Job 24: Subtask create_presentation_table_dim_customers
[2021-08-08 07:48:09,207] {logging_mixin.py:104} INFO - Running <TaskInstance: presentation_pipeline.create_presentation_table_dim_customers 2021-08-08T06:00:00+00:00 [running]> on host 0540c8fa99d2
[2021-08-08 07:48:09,273] {taskinstance.py:1302} INFO - Exporting the following env vars:
AIRFLOW_CTX_DAG_OWNER=***
AIRFLOW_CTX_DAG_ID=presentation_pipeline
AIRFLOW_CTX_TASK_ID=create_presentation_table_dim_customers
AIRFLOW_CTX_EXECUTION_DATE=2021-08-08T06:00:00+00:00
AIRFLOW_CTX_DAG_RUN_ID=scheduled__2021-08-08T06:00:00+00:00
[2021-08-08 07:48:09,274] {mysql.py:70} INFO - Executing: CREATE TABLE IF NOT EXISTS presentation.customers (
    CUSTOMER_KEY INT NOT NULL,
    INGESTION_TIMESTAMP TIMESTAMP NOT NULL DEFAULT CURRENT_TIMESTAMP,
    CONSTRAINT `CUSTOMER_PK` PRIMARY KEY (CUSTOMER_KEY)
) AS

SELECT 
	DISTINCT
	c.CUSTOMER_KEY,
	n.NATION_NAME,
	c.CUSTOMER_ACCOUNT_BALANCE_TOTAL,
	c.CUSTOMER_MARKET_SEGMENT_TYPE, 
	NOW() AS INGESTION_TIMESTAMP
FROM 
	standardized.customers c 
LEFT JOIN
	standardized.nations n 
	ON c.NATION_KEY = n.NATION_KEY 
WHERE
	c.INGESTION_TIMESTAMP >= DATE_SUB(NOW(), INTERVAL 1 HOUR)
[2021-08-08 07:48:09,284] {base.py:78} INFO - Using connection to: id: dwh_id. Host: dwh, Port: 3306, Schema: , Login: root, Password: ***, extra: {}
[2021-08-08 07:48:09,294] {dbapi.py:204} INFO - Running statement: CREATE TABLE IF NOT EXISTS presentation.customers (
    CUSTOMER_KEY INT NOT NULL,
    INGESTION_TIMESTAMP TIMESTAMP NOT NULL DEFAULT CURRENT_TIMESTAMP,
    CONSTRAINT `CUSTOMER_PK` PRIMARY KEY (CUSTOMER_KEY)
) AS

SELECT 
	DISTINCT
	c.CUSTOMER_KEY,
	n.NATION_NAME,
	c.CUSTOMER_ACCOUNT_BALANCE_TOTAL,
	c.CUSTOMER_MARKET_SEGMENT_TYPE, 
	NOW() AS INGESTION_TIMESTAMP
FROM 
	standardized.customers c 
LEFT JOIN
	standardized.nations n 
	ON c.NATION_KEY = n.NATION_KEY 
WHERE
	c.INGESTION_TIMESTAMP >= DATE_SUB(NOW(), INTERVAL 1 HOUR), parameters: None
[2021-08-08 07:48:09,360] {dbapi.py:212} INFO - Rows affected: 1500
[2021-08-08 07:48:09,373] {taskinstance.py:1211} INFO - Marking task as SUCCESS. dag_id=presentation_pipeline, task_id=create_presentation_table_dim_customers, execution_date=20210808T060000, start_date=20210808T074809, end_date=20210808T074809
[2021-08-08 07:48:09,402] {taskinstance.py:1265} INFO - 1 downstream tasks scheduled from follow-on schedule check
[2021-08-08 07:48:09,449] {local_task_job.py:149} INFO - Task exited with return code 0
