[2021-08-07 15:05:01,807] {taskinstance.py:896} INFO - Dependencies all met for <TaskInstance: to_datalake_pipeline.extract_from_git 2021-08-07T15:00:00+00:00 [queued]>
[2021-08-07 15:05:01,844] {taskinstance.py:896} INFO - Dependencies all met for <TaskInstance: to_datalake_pipeline.extract_from_git 2021-08-07T15:00:00+00:00 [queued]>
[2021-08-07 15:05:01,845] {taskinstance.py:1087} INFO - 
--------------------------------------------------------------------------------
[2021-08-07 15:05:01,846] {taskinstance.py:1088} INFO - Starting attempt 1 of 1
[2021-08-07 15:05:01,847] {taskinstance.py:1089} INFO - 
--------------------------------------------------------------------------------
[2021-08-07 15:05:01,864] {taskinstance.py:1107} INFO - Executing <Task(PythonOperator): extract_from_git> on 2021-08-07T15:00:00+00:00
[2021-08-07 15:05:01,870] {standard_task_runner.py:52} INFO - Started process 8687 to run task
[2021-08-07 15:05:01,880] {standard_task_runner.py:76} INFO - Running: ['***', 'tasks', 'run', 'to_datalake_pipeline', 'extract_from_git', '2021-08-07T15:00:00+00:00', '--job-id', '135', '--pool', 'default_pool', '--raw', '--subdir', 'DAGS_FOLDER/to_datalake_pipeline.py', '--cfg-path', '/tmp/tmpzy78t98y', '--error-file', '/tmp/tmp5x9xsma8']
[2021-08-07 15:05:01,882] {standard_task_runner.py:77} INFO - Job 135: Subtask extract_from_git
[2021-08-07 15:05:01,981] {logging_mixin.py:104} INFO - Running <TaskInstance: to_datalake_pipeline.extract_from_git 2021-08-07T15:00:00+00:00 [running]> on host ab70d6dafbc6
[2021-08-07 15:05:02,091] {taskinstance.py:1302} INFO - Exporting the following env vars:
AIRFLOW_CTX_DAG_OWNER=***
AIRFLOW_CTX_DAG_ID=to_datalake_pipeline
AIRFLOW_CTX_TASK_ID=extract_from_git
AIRFLOW_CTX_EXECUTION_DATE=2021-08-07T15:00:00+00:00
AIRFLOW_CTX_DAG_RUN_ID=scheduled__2021-08-07T15:00:00+00:00
[2021-08-07 15:05:02,092] {logging_mixin.py:104} INFO - Downloading data from -> https://raw.githubusercontent.com/rezaprimasatya/DTO-DE-JUN-MID/main/data.zip
[2021-08-07 15:05:10,872] {logging_mixin.py:104} INFO - Unzipping Data
[2021-08-07 15:05:10,950] {logging_mixin.py:104} INFO - Transform Data to Pandas Dataframe
[2021-08-07 15:05:11,138] {logging_mixin.py:104} INFO - Load data to datalake
[2021-08-07 15:05:11,177] {logging_mixin.py:104} INFO - Load table : REGION
[2021-08-07 15:05:11,210] {logging_mixin.py:104} INFO - Load table : NATION
[2021-08-07 15:05:11,224] {logging_mixin.py:104} INFO - Load table : PART
[2021-08-07 15:05:11,328] {logging_mixin.py:104} INFO - Load table : SUPPLIER
[2021-08-07 15:05:11,349] {logging_mixin.py:104} INFO - Load table : PARTSUPP
[2021-08-07 15:05:11,708] {logging_mixin.py:104} INFO - Load table : CUSTOMER
[2021-08-07 15:05:11,785] {logging_mixin.py:104} INFO - Load table : ORDERS
[2021-08-07 15:05:12,408] {logging_mixin.py:104} INFO - Load table : LINEITEM
[2021-08-07 15:05:16,015] {python.py:151} INFO - Done. Returned value was: None
[2021-08-07 15:05:16,025] {taskinstance.py:1211} INFO - Marking task as SUCCESS. dag_id=to_datalake_pipeline, task_id=extract_from_git, execution_date=20210807T150000, start_date=20210807T150501, end_date=20210807T150516
[2021-08-07 15:05:16,045] {taskinstance.py:1265} INFO - 0 downstream tasks scheduled from follow-on schedule check
[2021-08-07 15:05:16,112] {local_task_job.py:149} INFO - Task exited with return code 0
