[2021-08-07 10:55:01,246] {taskinstance.py:896} INFO - Dependencies all met for <TaskInstance: to_datalake_pipeline.extract_from_git 2021-08-07T10:50:00+00:00 [queued]>
[2021-08-07 10:55:01,255] {taskinstance.py:896} INFO - Dependencies all met for <TaskInstance: to_datalake_pipeline.extract_from_git 2021-08-07T10:50:00+00:00 [queued]>
[2021-08-07 10:55:01,256] {taskinstance.py:1087} INFO - 
--------------------------------------------------------------------------------
[2021-08-07 10:55:01,257] {taskinstance.py:1088} INFO - Starting attempt 1 of 1
[2021-08-07 10:55:01,257] {taskinstance.py:1089} INFO - 
--------------------------------------------------------------------------------
[2021-08-07 10:55:01,270] {taskinstance.py:1107} INFO - Executing <Task(PythonOperator): extract_from_git> on 2021-08-07T10:50:00+00:00
[2021-08-07 10:55:01,275] {standard_task_runner.py:52} INFO - Started process 8036 to run task
[2021-08-07 10:55:01,279] {standard_task_runner.py:76} INFO - Running: ['***', 'tasks', 'run', 'to_datalake_pipeline', 'extract_from_git', '2021-08-07T10:50:00+00:00', '--job-id', '17', '--pool', 'default_pool', '--raw', '--subdir', 'DAGS_FOLDER/to_datalake_pipeline.py', '--cfg-path', '/tmp/tmpm9uynz7g', '--error-file', '/tmp/tmpz86twsdk']
[2021-08-07 10:55:01,280] {standard_task_runner.py:77} INFO - Job 17: Subtask extract_from_git
[2021-08-07 10:55:01,325] {logging_mixin.py:104} INFO - Running <TaskInstance: to_datalake_pipeline.extract_from_git 2021-08-07T10:50:00+00:00 [running]> on host 4446dd23665f
[2021-08-07 10:55:01,369] {taskinstance.py:1302} INFO - Exporting the following env vars:
AIRFLOW_CTX_DAG_OWNER=***
AIRFLOW_CTX_DAG_ID=to_datalake_pipeline
AIRFLOW_CTX_TASK_ID=extract_from_git
AIRFLOW_CTX_EXECUTION_DATE=2021-08-07T10:50:00+00:00
AIRFLOW_CTX_DAG_RUN_ID=scheduled__2021-08-07T10:50:00+00:00
[2021-08-07 10:55:01,371] {logging_mixin.py:104} INFO - Downloading data from -> https://raw.githubusercontent.com/rezaprimasatya/DTO-DE-JUN-MID/main/data.zip
[2021-08-07 10:55:02,429] {logging_mixin.py:104} INFO - Unzipping Data
[2021-08-07 10:55:02,501] {logging_mixin.py:104} INFO - Transform Data to Pandas Dataframe
[2021-08-07 10:55:02,718] {logging_mixin.py:104} INFO - Load data to datalake
[2021-08-07 10:55:02,759] {logging_mixin.py:104} INFO - Load table : REGION
[2021-08-07 10:55:02,794] {logging_mixin.py:104} INFO - Load table : NATION
[2021-08-07 10:55:02,811] {logging_mixin.py:104} INFO - Load table : PART
[2021-08-07 10:55:02,929] {logging_mixin.py:104} INFO - Load table : SUPPLIER
[2021-08-07 10:55:02,951] {logging_mixin.py:104} INFO - Load table : PARTSUPP
[2021-08-07 10:55:03,354] {logging_mixin.py:104} INFO - Load table : CUSTOMER
[2021-08-07 10:55:03,436] {logging_mixin.py:104} INFO - Load table : ORDERS
[2021-08-07 10:55:04,124] {logging_mixin.py:104} INFO - Load table : LINEITEM
[2021-08-07 10:55:07,601] {python.py:151} INFO - Done. Returned value was: None
[2021-08-07 10:55:07,612] {taskinstance.py:1211} INFO - Marking task as SUCCESS. dag_id=to_datalake_pipeline, task_id=extract_from_git, execution_date=20210807T105000, start_date=20210807T105501, end_date=20210807T105507
[2021-08-07 10:55:07,632] {taskinstance.py:1265} INFO - 0 downstream tasks scheduled from follow-on schedule check
[2021-08-07 10:55:07,672] {local_task_job.py:149} INFO - Task exited with return code 0
