[2021-08-08 02:21:15,011] {taskinstance.py:896} INFO - Dependencies all met for <TaskInstance: to_datalake_pipeline.extract_from_git 2021-08-08T02:21:07.916031+00:00 [queued]>
[2021-08-08 02:21:15,044] {taskinstance.py:896} INFO - Dependencies all met for <TaskInstance: to_datalake_pipeline.extract_from_git 2021-08-08T02:21:07.916031+00:00 [queued]>
[2021-08-08 02:21:15,046] {taskinstance.py:1087} INFO - 
--------------------------------------------------------------------------------
[2021-08-08 02:21:15,048] {taskinstance.py:1088} INFO - Starting attempt 1 of 1
[2021-08-08 02:21:15,049] {taskinstance.py:1089} INFO - 
--------------------------------------------------------------------------------
[2021-08-08 02:21:15,066] {taskinstance.py:1107} INFO - Executing <Task(PythonOperator): extract_from_git> on 2021-08-08T02:21:07.916031+00:00
[2021-08-08 02:21:15,074] {standard_task_runner.py:52} INFO - Started process 989 to run task
[2021-08-08 02:21:15,081] {standard_task_runner.py:76} INFO - Running: ['***', 'tasks', 'run', 'to_datalake_pipeline', 'extract_from_git', '2021-08-08T02:21:07.916031+00:00', '--job-id', '53', '--pool', 'default_pool', '--raw', '--subdir', 'DAGS_FOLDER/to_datalake_pipeline.py', '--cfg-path', '/tmp/tmpthol299i', '--error-file', '/tmp/tmpuffrmkds']
[2021-08-08 02:21:15,084] {standard_task_runner.py:77} INFO - Job 53: Subtask extract_from_git
[2021-08-08 02:21:15,169] {logging_mixin.py:104} INFO - Running <TaskInstance: to_datalake_pipeline.extract_from_git 2021-08-08T02:21:07.916031+00:00 [running]> on host d995c427c378
[2021-08-08 02:21:15,272] {taskinstance.py:1302} INFO - Exporting the following env vars:
AIRFLOW_CTX_DAG_OWNER=***
AIRFLOW_CTX_DAG_ID=to_datalake_pipeline
AIRFLOW_CTX_TASK_ID=extract_from_git
AIRFLOW_CTX_EXECUTION_DATE=2021-08-08T02:21:07.916031+00:00
AIRFLOW_CTX_DAG_RUN_ID=manual__2021-08-08T02:21:07.916031+00:00
[2021-08-08 02:21:15,276] {logging_mixin.py:104} INFO - Downloading data from -> https://raw.githubusercontent.com/rezaprimasatya/DTO-DE-JUN-MID/main/data.zip
[2021-08-08 02:21:23,798] {logging_mixin.py:104} INFO - Unzipping Data
[2021-08-08 02:21:23,938] {logging_mixin.py:104} INFO - Transform Data to Pandas Dataframe
[2021-08-08 02:21:24,352] {logging_mixin.py:104} INFO - Load data to datalake
[2021-08-08 02:21:24,438] {logging_mixin.py:104} INFO - Load table : REGION
[2021-08-08 02:21:24,513] {logging_mixin.py:104} INFO - Load table : NATION
[2021-08-08 02:21:24,546] {logging_mixin.py:104} INFO - Load table : PART
[2021-08-08 02:21:24,883] {logging_mixin.py:104} INFO - Load table : SUPPLIER
[2021-08-08 02:21:24,927] {logging_mixin.py:104} INFO - Load table : PARTSUPP
[2021-08-08 02:21:25,682] {logging_mixin.py:104} INFO - Load table : CUSTOMER
[2021-08-08 02:21:25,951] {logging_mixin.py:104} INFO - Load table : ORDERS
[2021-08-08 02:21:27,182] {logging_mixin.py:104} INFO - Load table : LINEITEM
[2021-08-08 02:21:36,162] {python.py:151} INFO - Done. Returned value was: None
[2021-08-08 02:21:36,184] {taskinstance.py:1211} INFO - Marking task as SUCCESS. dag_id=to_datalake_pipeline, task_id=extract_from_git, execution_date=20210808T022107, start_date=20210808T022115, end_date=20210808T022136
[2021-08-08 02:21:36,241] {taskinstance.py:1265} INFO - 0 downstream tasks scheduled from follow-on schedule check
[2021-08-08 02:21:36,320] {local_task_job.py:149} INFO - Task exited with return code 0
