[2021-08-08 03:07:04,521] {taskinstance.py:896} INFO - Dependencies all met for <TaskInstance: standardized_pipeline.create_standardized_table_parts 2021-08-08T03:00:00+00:00 [queued]>
[2021-08-08 03:07:04,574] {taskinstance.py:896} INFO - Dependencies all met for <TaskInstance: standardized_pipeline.create_standardized_table_parts 2021-08-08T03:00:00+00:00 [queued]>
[2021-08-08 03:07:04,579] {taskinstance.py:1087} INFO - 
--------------------------------------------------------------------------------
[2021-08-08 03:07:04,584] {taskinstance.py:1088} INFO - Starting attempt 1 of 1
[2021-08-08 03:07:04,586] {taskinstance.py:1089} INFO - 
--------------------------------------------------------------------------------
[2021-08-08 03:07:04,643] {taskinstance.py:1107} INFO - Executing <Task(MySqlOperator): create_standardized_table_parts> on 2021-08-08T03:00:00+00:00
[2021-08-08 03:07:04,657] {standard_task_runner.py:52} INFO - Started process 2785 to run task
[2021-08-08 03:07:04,681] {standard_task_runner.py:76} INFO - Running: ['***', 'tasks', 'run', 'standardized_pipeline', 'create_standardized_table_parts', '2021-08-08T03:00:00+00:00', '--job-id', '105', '--pool', 'default_pool', '--raw', '--subdir', 'DAGS_FOLDER/standardized_pipeline.py', '--cfg-path', '/tmp/tmp0tie7wca', '--error-file', '/tmp/tmp1u6wh85r']
[2021-08-08 03:07:04,685] {standard_task_runner.py:77} INFO - Job 105: Subtask create_standardized_table_parts
[2021-08-08 03:07:04,852] {logging_mixin.py:104} INFO - Running <TaskInstance: standardized_pipeline.create_standardized_table_parts 2021-08-08T03:00:00+00:00 [running]> on host 3c97923eccf9
[2021-08-08 03:07:05,165] {taskinstance.py:1302} INFO - Exporting the following env vars:
AIRFLOW_CTX_DAG_OWNER=***
AIRFLOW_CTX_DAG_ID=standardized_pipeline
AIRFLOW_CTX_TASK_ID=create_standardized_table_parts
AIRFLOW_CTX_EXECUTION_DATE=2021-08-08T03:00:00+00:00
AIRFLOW_CTX_DAG_RUN_ID=scheduled__2021-08-08T03:00:00+00:00
[2021-08-08 03:07:05,168] {mysql.py:70} INFO - Executing: CREATE TABLE IF NOT EXISTS standardized.parts (INGESTION_TIMESTAMP TIMESTAMP NOT NULL DEFAULT CURRENT_TIMESTAMP) AS
WITH data_last_5_minutes AS (
	SELECT
        DISTINCT
        CAST(P_PARTKEY AS SIGNED) AS PART_KEY,
        P_NAME AS PART_NAME,
        P_MFGR AS PART_MANUFACTURE_GROUP_NAME,
        P_BRAND AS PART_BRAND_NAME,
        P_TYPE AS PART_TYPE,
        CAST(P_SIZE AS SIGNED) AS PART_SIZE_NUMBER,
        P_CONTAINER AS PART_CONTAINER_TYPE,
        P_RETAILPRICE AS PART_RETAIL_PRICE,
        P_COMMENT AS PART_COMMENT,
        NOW() AS INGESTION_TIMESTAMP
    FROM
        datalake.PART p
    WHERE 
        p.INGESTION_TIMESTAMP >= DATE_SUB(NOW(), INTERVAL 5 MINUTE)
)

SELECT 
	* 
FROM 
	data_last_5_minutes
[2021-08-08 03:07:05,199] {base.py:78} INFO - Using connection to: id: dwh_id. Host: dwh, Port: 3306, Schema: , Login: root, Password: ***, extra: {}
[2021-08-08 03:07:05,239] {dbapi.py:204} INFO - Running statement: CREATE TABLE IF NOT EXISTS standardized.parts (INGESTION_TIMESTAMP TIMESTAMP NOT NULL DEFAULT CURRENT_TIMESTAMP) AS
WITH data_last_5_minutes AS (
	SELECT
        DISTINCT
        CAST(P_PARTKEY AS SIGNED) AS PART_KEY,
        P_NAME AS PART_NAME,
        P_MFGR AS PART_MANUFACTURE_GROUP_NAME,
        P_BRAND AS PART_BRAND_NAME,
        P_TYPE AS PART_TYPE,
        CAST(P_SIZE AS SIGNED) AS PART_SIZE_NUMBER,
        P_CONTAINER AS PART_CONTAINER_TYPE,
        P_RETAILPRICE AS PART_RETAIL_PRICE,
        P_COMMENT AS PART_COMMENT,
        NOW() AS INGESTION_TIMESTAMP
    FROM
        datalake.PART p
    WHERE 
        p.INGESTION_TIMESTAMP >= DATE_SUB(NOW(), INTERVAL 5 MINUTE)
)

SELECT 
	* 
FROM 
	data_last_5_minutes, parameters: None
[2021-08-08 03:07:05,242] {dbapi.py:212} INFO - Rows affected: 0
[2021-08-08 03:07:05,316] {taskinstance.py:1211} INFO - Marking task as SUCCESS. dag_id=standardized_pipeline, task_id=create_standardized_table_parts, execution_date=20210808T030000, start_date=20210808T030704, end_date=20210808T030705
[2021-08-08 03:07:05,422] {taskinstance.py:1265} INFO - 0 downstream tasks scheduled from follow-on schedule check
[2021-08-08 03:07:05,476] {local_task_job.py:149} INFO - Task exited with return code 0
