[2021-08-08 06:55:00,834] {taskinstance.py:896} INFO - Dependencies all met for <TaskInstance: presentation_pipeline.presentation_pipeline_start 2021-08-08T06:50:00+00:00 [queued]>
[2021-08-08 06:55:00,855] {taskinstance.py:896} INFO - Dependencies all met for <TaskInstance: presentation_pipeline.presentation_pipeline_start 2021-08-08T06:50:00+00:00 [queued]>
[2021-08-08 06:55:00,855] {taskinstance.py:1087} INFO - 
--------------------------------------------------------------------------------
[2021-08-08 06:55:00,856] {taskinstance.py:1088} INFO - Starting attempt 1 of 1
[2021-08-08 06:55:00,857] {taskinstance.py:1089} INFO - 
--------------------------------------------------------------------------------
[2021-08-08 06:55:00,865] {taskinstance.py:1107} INFO - Executing <Task(ExternalTaskSensor): presentation_pipeline_start> on 2021-08-08T06:50:00+00:00
[2021-08-08 06:55:00,874] {standard_task_runner.py:76} INFO - Running: ['***', 'tasks', 'run', 'presentation_pipeline', 'presentation_pipeline_start', '2021-08-08T06:50:00+00:00', '--job-id', '22', '--pool', 'default_pool', '--raw', '--subdir', 'DAGS_FOLDER/presentation_pipeline.py', '--cfg-path', '/tmp/tmp1kv40jhm', '--error-file', '/tmp/tmptx_rggfr']
[2021-08-08 06:55:00,870] {standard_task_runner.py:52} INFO - Started process 314 to run task
[2021-08-08 06:55:00,876] {standard_task_runner.py:77} INFO - Job 22: Subtask presentation_pipeline_start
[2021-08-08 06:55:00,923] {logging_mixin.py:104} INFO - Running <TaskInstance: presentation_pipeline.presentation_pipeline_start 2021-08-08T06:50:00+00:00 [running]> on host 7107cfc639af
[2021-08-08 06:55:00,971] {taskinstance.py:1302} INFO - Exporting the following env vars:
AIRFLOW_CTX_DAG_OWNER=***
AIRFLOW_CTX_DAG_ID=presentation_pipeline
AIRFLOW_CTX_TASK_ID=presentation_pipeline_start
AIRFLOW_CTX_EXECUTION_DATE=2021-08-08T06:50:00+00:00
AIRFLOW_CTX_DAG_RUN_ID=scheduled__2021-08-08T06:50:00+00:00
[2021-08-08 06:55:00,972] {external_task.py:152} INFO - Poking for standardized_pipeline.standardized_pipeline_end on 2021-08-08T06:50:00+00:00 ... 
[2021-08-08 06:56:00,978] {external_task.py:152} INFO - Poking for standardized_pipeline.standardized_pipeline_end on 2021-08-08T06:50:00+00:00 ... 
[2021-08-08 06:57:00,968] {external_task.py:152} INFO - Poking for standardized_pipeline.standardized_pipeline_end on 2021-08-08T06:50:00+00:00 ... 
[2021-08-08 06:58:00,963] {external_task.py:152} INFO - Poking for standardized_pipeline.standardized_pipeline_end on 2021-08-08T06:50:00+00:00 ... 
