[2021-08-07 15:08:18,992] {taskinstance.py:896} INFO - Dependencies all met for <TaskInstance: standardized_pipeline.standardized_orders 2021-08-07T15:08:16.087431+00:00 [queued]>
[2021-08-07 15:08:19,019] {taskinstance.py:896} INFO - Dependencies all met for <TaskInstance: standardized_pipeline.standardized_orders 2021-08-07T15:08:16.087431+00:00 [queued]>
[2021-08-07 15:08:19,020] {taskinstance.py:1087} INFO - 
--------------------------------------------------------------------------------
[2021-08-07 15:08:19,022] {taskinstance.py:1088} INFO - Starting attempt 1 of 1
[2021-08-07 15:08:19,024] {taskinstance.py:1089} INFO - 
--------------------------------------------------------------------------------
[2021-08-07 15:08:19,082] {taskinstance.py:1107} INFO - Executing <Task(MySqlOperator): standardized_orders> on 2021-08-07T15:08:16.087431+00:00
[2021-08-07 15:08:19,100] {standard_task_runner.py:76} INFO - Running: ['***', 'tasks', 'run', 'standardized_pipeline', 'standardized_orders', '2021-08-07T15:08:16.087431+00:00', '--job-id', '154', '--pool', 'default_pool', '--raw', '--subdir', 'DAGS_FOLDER/standardized_pipeline.py', '--cfg-path', '/tmp/tmpbz9zyy7a', '--error-file', '/tmp/tmp_fmyibtp']
[2021-08-07 15:08:19,102] {standard_task_runner.py:77} INFO - Job 154: Subtask standardized_orders
[2021-08-07 15:08:19,094] {standard_task_runner.py:52} INFO - Started process 9011 to run task
[2021-08-07 15:08:19,226] {logging_mixin.py:104} INFO - Running <TaskInstance: standardized_pipeline.standardized_orders 2021-08-07T15:08:16.087431+00:00 [running]> on host ab70d6dafbc6
[2021-08-07 15:08:19,382] {taskinstance.py:1302} INFO - Exporting the following env vars:
AIRFLOW_CTX_DAG_OWNER=***
AIRFLOW_CTX_DAG_ID=standardized_pipeline
AIRFLOW_CTX_TASK_ID=standardized_orders
AIRFLOW_CTX_EXECUTION_DATE=2021-08-07T15:08:16.087431+00:00
AIRFLOW_CTX_DAG_RUN_ID=manual__2021-08-07T15:08:16.087431+00:00
[2021-08-07 15:08:19,387] {mysql.py:70} INFO - Executing: INSERT IGNORE INTO standardized.ORDERS(
	`ORDER_KEY`,
    `CUSTOMER_KEY`,
    `ORDER_ORDERSTATUS`,
    `ORDER_TOTALPRICE`,
    `ORDER_ORDERDATE`,
    `ORDER_ORDERPRIORITY`,
    `ORDER_CLERK`,
    `ORDER_SHIPPRIORITY`,
    `ORDER_COMMENT`
) 

WITH orders_last_5_minutes AS (
	SELECT
        DISTINCT
        CAST(O_ORDERKEY AS SIGNED) AS O_ORDERKEY,
        CAST(O_CUSTKEY AS SIGNED) AS O_CUSTKEY,
        O_ORDERSTATUS,
        CAST(O_TOTALPRICE AS SIGNED) AS O_TOTALPRICE,
        CAST(O_ORDERDATE AS DATE) AS O_ORDERDATE,
        O_ORDERPRIORITY,
        O_CLERK,
        O_SHIPPRIORITY,
        O_COMMENT 
    FROM
        datalake.ORDERS
    WHERE 
        INGESTION_TIMESTAMP >= DATE_SUB(NOW(), INTERVAL 5 MINUTE)
)

SELECT 
	* 
FROM 
	orders_last_5_minutes
[2021-08-07 15:08:19,415] {base.py:78} INFO - Using connection to: id: dwh_id. Host: dwh, Port: 3306, Schema: , Login: root, Password: ***, extra: {}
[2021-08-07 15:08:19,443] {dbapi.py:204} INFO - Running statement: INSERT IGNORE INTO standardized.ORDERS(
	`ORDER_KEY`,
    `CUSTOMER_KEY`,
    `ORDER_ORDERSTATUS`,
    `ORDER_TOTALPRICE`,
    `ORDER_ORDERDATE`,
    `ORDER_ORDERPRIORITY`,
    `ORDER_CLERK`,
    `ORDER_SHIPPRIORITY`,
    `ORDER_COMMENT`
) 

WITH orders_last_5_minutes AS (
	SELECT
        DISTINCT
        CAST(O_ORDERKEY AS SIGNED) AS O_ORDERKEY,
        CAST(O_CUSTKEY AS SIGNED) AS O_CUSTKEY,
        O_ORDERSTATUS,
        CAST(O_TOTALPRICE AS SIGNED) AS O_TOTALPRICE,
        CAST(O_ORDERDATE AS DATE) AS O_ORDERDATE,
        O_ORDERPRIORITY,
        O_CLERK,
        O_SHIPPRIORITY,
        O_COMMENT 
    FROM
        datalake.ORDERS
    WHERE 
        INGESTION_TIMESTAMP >= DATE_SUB(NOW(), INTERVAL 5 MINUTE)
)

SELECT 
	* 
FROM 
	orders_last_5_minutes, parameters: None
[2021-08-07 15:08:20,321] {dbapi.py:212} INFO - Rows affected: 15000
[2021-08-07 15:08:20,347] {taskinstance.py:1211} INFO - Marking task as SUCCESS. dag_id=standardized_pipeline, task_id=standardized_orders, execution_date=20210807T150816, start_date=20210807T150818, end_date=20210807T150820
[2021-08-07 15:08:20,369] {taskinstance.py:1265} INFO - 0 downstream tasks scheduled from follow-on schedule check
[2021-08-07 15:08:20,380] {local_task_job.py:149} INFO - Task exited with return code 0
