[2021-08-08 02:50:46,303] {taskinstance.py:896} INFO - Dependencies all met for <TaskInstance: standardized_pipeline.create_standardized_table_orders 2021-08-08T02:50:44.826746+00:00 [queued]>
[2021-08-08 02:50:46,325] {taskinstance.py:896} INFO - Dependencies all met for <TaskInstance: standardized_pipeline.create_standardized_table_orders 2021-08-08T02:50:44.826746+00:00 [queued]>
[2021-08-08 02:50:46,326] {taskinstance.py:1087} INFO - 
--------------------------------------------------------------------------------
[2021-08-08 02:50:46,327] {taskinstance.py:1088} INFO - Starting attempt 1 of 1
[2021-08-08 02:50:46,328] {taskinstance.py:1089} INFO - 
--------------------------------------------------------------------------------
[2021-08-08 02:50:46,357] {taskinstance.py:1107} INFO - Executing <Task(MySqlOperator): create_standardized_table_orders> on 2021-08-08T02:50:44.826746+00:00
[2021-08-08 02:50:46,370] {standard_task_runner.py:76} INFO - Running: ['***', 'tasks', 'run', 'standardized_pipeline', 'create_standardized_table_orders', '2021-08-08T02:50:44.826746+00:00', '--job-id', '93', '--pool', 'default_pool', '--raw', '--subdir', 'DAGS_FOLDER/standardized_pipeline.py', '--cfg-path', '/tmp/tmpts8tjlfv', '--error-file', '/tmp/tmp1r30tjwk']
[2021-08-08 02:50:46,372] {standard_task_runner.py:77} INFO - Job 93: Subtask create_standardized_table_orders
[2021-08-08 02:50:46,365] {standard_task_runner.py:52} INFO - Started process 1343 to run task
[2021-08-08 02:50:46,451] {logging_mixin.py:104} INFO - Running <TaskInstance: standardized_pipeline.create_standardized_table_orders 2021-08-08T02:50:44.826746+00:00 [running]> on host 3c97923eccf9
[2021-08-08 02:50:46,550] {taskinstance.py:1302} INFO - Exporting the following env vars:
AIRFLOW_CTX_DAG_OWNER=***
AIRFLOW_CTX_DAG_ID=standardized_pipeline
AIRFLOW_CTX_TASK_ID=create_standardized_table_orders
AIRFLOW_CTX_EXECUTION_DATE=2021-08-08T02:50:44.826746+00:00
AIRFLOW_CTX_DAG_RUN_ID=manual__2021-08-08T02:50:44.826746+00:00
[2021-08-08 02:50:46,552] {mysql.py:70} INFO - Executing: CREATE TABLE IF NOT EXISTS standardized.orders (INGESTION_TIMESTAMP TIMESTAMP NOT NULL DEFAULT CURRENT_TIMESTAMP) AS
WITH data_last_5_minutes AS (
	SELECT
        DISTINCT
        CAST(O_ORDERKEY AS SIGNED) AS ORDER_KEY,
        CAST(O_CUSTKEY AS SIGNED) AS CUSTOMER_KEY,
        O_ORDERSTATUS AS ORDER_STATUS_TYPE,
        CAST(O_TOTALPRICE AS SIGNED) AS ORDER_TOTAL_PRICE,
        CAST(O_ORDERDATE AS DATE) AS ORDER_DATE,
        O_ORDERPRIORITY AS ORDER_PRIORITY_TYPE,
        O_CLERK AS ORDER_CLERK,
        O_SHIPPRIORITY AS ORDER_SHIPPRIORITY,
        O_COMMENT AS ORDER_COMMENT,
        NOW() AS INGESTION_TIMESTAMP
    FROM
        datalake.ORDERS o
    WHERE 
        o.INGESTION_TIMESTAMP >= DATE_SUB(NOW(), INTERVAL 5 MINUTE)
)

SELECT 
	* 
FROM 
	data_last_5_minutes
[2021-08-08 02:50:46,573] {base.py:78} INFO - Using connection to: id: dwh_id. Host: dwh, Port: 3306, Schema: , Login: root, Password: ***, extra: {}
[2021-08-08 02:50:46,592] {dbapi.py:204} INFO - Running statement: CREATE TABLE IF NOT EXISTS standardized.orders (INGESTION_TIMESTAMP TIMESTAMP NOT NULL DEFAULT CURRENT_TIMESTAMP) AS
WITH data_last_5_minutes AS (
	SELECT
        DISTINCT
        CAST(O_ORDERKEY AS SIGNED) AS ORDER_KEY,
        CAST(O_CUSTKEY AS SIGNED) AS CUSTOMER_KEY,
        O_ORDERSTATUS AS ORDER_STATUS_TYPE,
        CAST(O_TOTALPRICE AS SIGNED) AS ORDER_TOTAL_PRICE,
        CAST(O_ORDERDATE AS DATE) AS ORDER_DATE,
        O_ORDERPRIORITY AS ORDER_PRIORITY_TYPE,
        O_CLERK AS ORDER_CLERK,
        O_SHIPPRIORITY AS ORDER_SHIPPRIORITY,
        O_COMMENT AS ORDER_COMMENT,
        NOW() AS INGESTION_TIMESTAMP
    FROM
        datalake.ORDERS o
    WHERE 
        o.INGESTION_TIMESTAMP >= DATE_SUB(NOW(), INTERVAL 5 MINUTE)
)

SELECT 
	* 
FROM 
	data_last_5_minutes, parameters: None
[2021-08-08 02:50:46,594] {dbapi.py:212} INFO - Rows affected: 0
[2021-08-08 02:50:46,609] {taskinstance.py:1211} INFO - Marking task as SUCCESS. dag_id=standardized_pipeline, task_id=create_standardized_table_orders, execution_date=20210808T025044, start_date=20210808T025046, end_date=20210808T025046
[2021-08-08 02:50:46,668] {taskinstance.py:1265} INFO - 1 downstream tasks scheduled from follow-on schedule check
[2021-08-08 02:50:46,721] {local_task_job.py:149} INFO - Task exited with return code 0
