[2021-08-07 14:00:53,466] {taskinstance.py:896} INFO - Dependencies all met for <TaskInstance: standardized_pipeline.create_standardized_table_nation 2021-08-07T14:00:51.644868+00:00 [queued]>
[2021-08-07 14:00:53,477] {taskinstance.py:896} INFO - Dependencies all met for <TaskInstance: standardized_pipeline.create_standardized_table_nation 2021-08-07T14:00:51.644868+00:00 [queued]>
[2021-08-07 14:00:53,478] {taskinstance.py:1087} INFO - 
--------------------------------------------------------------------------------
[2021-08-07 14:00:53,479] {taskinstance.py:1088} INFO - Starting attempt 1 of 1
[2021-08-07 14:00:53,479] {taskinstance.py:1089} INFO - 
--------------------------------------------------------------------------------
[2021-08-07 14:00:53,495] {taskinstance.py:1107} INFO - Executing <Task(MySqlOperator): create_standardized_table_nation> on 2021-08-07T14:00:51.644868+00:00
[2021-08-07 14:00:53,500] {standard_task_runner.py:52} INFO - Started process 2795 to run task
[2021-08-07 14:00:53,505] {standard_task_runner.py:76} INFO - Running: ['***', 'tasks', 'run', 'standardized_pipeline', 'create_standardized_table_nation', '2021-08-07T14:00:51.644868+00:00', '--job-id', '21', '--pool', 'default_pool', '--raw', '--subdir', 'DAGS_FOLDER/standardized_pipeline.py', '--cfg-path', '/tmp/tmp9_8sa7eo', '--error-file', '/tmp/tmpi6_xhf3s']
[2021-08-07 14:00:53,508] {standard_task_runner.py:77} INFO - Job 21: Subtask create_standardized_table_nation
[2021-08-07 14:00:53,562] {logging_mixin.py:104} INFO - Running <TaskInstance: standardized_pipeline.create_standardized_table_nation 2021-08-07T14:00:51.644868+00:00 [running]> on host ab70d6dafbc6
[2021-08-07 14:00:53,623] {taskinstance.py:1302} INFO - Exporting the following env vars:
AIRFLOW_CTX_DAG_OWNER=***
AIRFLOW_CTX_DAG_ID=standardized_pipeline
AIRFLOW_CTX_TASK_ID=create_standardized_table_nation
AIRFLOW_CTX_EXECUTION_DATE=2021-08-07T14:00:51.644868+00:00
AIRFLOW_CTX_DAG_RUN_ID=manual__2021-08-07T14:00:51.644868+00:00
[2021-08-07 14:00:53,624] {mysql.py:70} INFO - Executing: CREATE TABLE standardized.NATION (
  `NATION_KEY` int NOT NULL,
  `NATION_NAME` text NOT NULL,
  `REGION_KEY` int NOT NULL,
  `NATION_COMMENT` text,
  `INGESTION_TIMESTAMP` datetime DEFAULT CURRENT_TIMESTAMP,
  PRIMARY KEY (`NATION_KEY`),
  KEY `REGION_KEY` (`REGION_KEY`),
  CONSTRAINT `NATION_ibfk_1` FOREIGN KEY (`REGION_KEY`) REFERENCES standardized.REGION (`REGION_KEY`)
) ENGINE=InnoDB DEFAULT CHARSET=utf8mb4 COLLATE=utf8mb4_0900_ai_ci;
[2021-08-07 14:00:53,636] {base.py:78} INFO - Using connection to: id: dwh_id. Host: dwh, Port: 3306, Schema: , Login: root, Password: ***, extra: {}
[2021-08-07 14:00:53,648] {dbapi.py:204} INFO - Running statement: CREATE TABLE standardized.NATION (
  `NATION_KEY` int NOT NULL,
  `NATION_NAME` text NOT NULL,
  `REGION_KEY` int NOT NULL,
  `NATION_COMMENT` text,
  `INGESTION_TIMESTAMP` datetime DEFAULT CURRENT_TIMESTAMP,
  PRIMARY KEY (`NATION_KEY`),
  KEY `REGION_KEY` (`REGION_KEY`),
  CONSTRAINT `NATION_ibfk_1` FOREIGN KEY (`REGION_KEY`) REFERENCES standardized.REGION (`REGION_KEY`)
) ENGINE=InnoDB DEFAULT CHARSET=utf8mb4 COLLATE=utf8mb4_0900_ai_ci;, parameters: None
[2021-08-07 14:00:53,650] {taskinstance.py:1501} ERROR - Task failed with exception
Traceback (most recent call last):
  File "/home/airflow/.local/lib/python3.6/site-packages/airflow/models/taskinstance.py", line 1157, in _run_raw_task
    self._prepare_and_execute_task_with_callbacks(context, task)
  File "/home/airflow/.local/lib/python3.6/site-packages/airflow/models/taskinstance.py", line 1331, in _prepare_and_execute_task_with_callbacks
    result = self._execute_task(context, task_copy)
  File "/home/airflow/.local/lib/python3.6/site-packages/airflow/models/taskinstance.py", line 1361, in _execute_task
    result = task_copy.execute(context=context)
  File "/home/airflow/.local/lib/python3.6/site-packages/airflow/providers/mysql/operators/mysql.py", line 72, in execute
    hook.run(self.sql, autocommit=self.autocommit, parameters=self.parameters)
  File "/home/airflow/.local/lib/python3.6/site-packages/airflow/hooks/dbapi.py", line 184, in run
    self._run_command(cur, sql_statement, parameters)
  File "/home/airflow/.local/lib/python3.6/site-packages/airflow/hooks/dbapi.py", line 208, in _run_command
    cur.execute(sql_statement)
  File "/home/airflow/.local/lib/python3.6/site-packages/MySQLdb/cursors.py", line 206, in execute
    res = self._query(query)
  File "/home/airflow/.local/lib/python3.6/site-packages/MySQLdb/cursors.py", line 319, in _query
    db.query(q)
  File "/home/airflow/.local/lib/python3.6/site-packages/MySQLdb/connections.py", line 259, in query
    _mysql.connection.query(self, query)
MySQLdb._exceptions.OperationalError: (1050, "Table 'NATION' already exists")
[2021-08-07 14:00:53,653] {taskinstance.py:1551} INFO - Marking task as FAILED. dag_id=standardized_pipeline, task_id=create_standardized_table_nation, execution_date=20210807T140051, start_date=20210807T140053, end_date=20210807T140053
[2021-08-07 14:00:53,682] {local_task_job.py:149} INFO - Task exited with return code 1
