[2021-08-07 15:12:56,249] {taskinstance.py:896} INFO - Dependencies all met for <TaskInstance: to_datalake_pipeline.extract_from_git 2021-08-07T15:12:54.913693+00:00 [queued]>
[2021-08-07 15:12:56,258] {taskinstance.py:896} INFO - Dependencies all met for <TaskInstance: to_datalake_pipeline.extract_from_git 2021-08-07T15:12:54.913693+00:00 [queued]>
[2021-08-07 15:12:56,259] {taskinstance.py:1087} INFO - 
--------------------------------------------------------------------------------
[2021-08-07 15:12:56,260] {taskinstance.py:1088} INFO - Starting attempt 1 of 1
[2021-08-07 15:12:56,260] {taskinstance.py:1089} INFO - 
--------------------------------------------------------------------------------
[2021-08-07 15:12:56,272] {taskinstance.py:1107} INFO - Executing <Task(PythonOperator): extract_from_git> on 2021-08-07T15:12:54.913693+00:00
[2021-08-07 15:12:56,276] {standard_task_runner.py:52} INFO - Started process 295 to run task
[2021-08-07 15:12:56,280] {standard_task_runner.py:76} INFO - Running: ['***', 'tasks', 'run', 'to_datalake_pipeline', 'extract_from_git', '2021-08-07T15:12:54.913693+00:00', '--job-id', '11', '--pool', 'default_pool', '--raw', '--subdir', 'DAGS_FOLDER/to_datalake_pipeline.py', '--cfg-path', '/tmp/tmpdtaxb21y', '--error-file', '/tmp/tmpajhgo3uv']
[2021-08-07 15:12:56,281] {standard_task_runner.py:77} INFO - Job 11: Subtask extract_from_git
[2021-08-07 15:12:56,323] {logging_mixin.py:104} INFO - Running <TaskInstance: to_datalake_pipeline.extract_from_git 2021-08-07T15:12:54.913693+00:00 [running]> on host 840edc4bbc5d
[2021-08-07 15:12:56,368] {taskinstance.py:1302} INFO - Exporting the following env vars:
AIRFLOW_CTX_DAG_OWNER=***
AIRFLOW_CTX_DAG_ID=to_datalake_pipeline
AIRFLOW_CTX_TASK_ID=extract_from_git
AIRFLOW_CTX_EXECUTION_DATE=2021-08-07T15:12:54.913693+00:00
AIRFLOW_CTX_DAG_RUN_ID=manual__2021-08-07T15:12:54.913693+00:00
[2021-08-07 15:12:56,369] {logging_mixin.py:104} INFO - Downloading data from -> https://raw.githubusercontent.com/rezaprimasatya/DTO-DE-JUN-MID/main/data.zip
[2021-08-07 15:13:03,758] {logging_mixin.py:104} INFO - Unzipping Data
[2021-08-07 15:13:03,832] {logging_mixin.py:104} INFO - Transform Data to Pandas Dataframe
[2021-08-07 15:13:04,061] {logging_mixin.py:104} INFO - Load data to datalake
[2021-08-07 15:13:04,127] {logging_mixin.py:104} INFO - Load table : REGION
[2021-08-07 15:13:04,185] {logging_mixin.py:104} INFO - Load table : NATION
[2021-08-07 15:13:04,207] {logging_mixin.py:104} INFO - Load table : PART
[2021-08-07 15:13:04,358] {logging_mixin.py:104} INFO - Load table : SUPPLIER
[2021-08-07 15:13:04,379] {logging_mixin.py:104} INFO - Load table : PARTSUPP
[2021-08-07 15:13:04,792] {logging_mixin.py:104} INFO - Load table : CUSTOMER
[2021-08-07 15:13:04,880] {logging_mixin.py:104} INFO - Load table : ORDERS
[2021-08-07 15:13:05,644] {logging_mixin.py:104} INFO - Load table : LINEITEM
[2021-08-07 15:13:09,670] {python.py:151} INFO - Done. Returned value was: None
[2021-08-07 15:13:09,679] {taskinstance.py:1211} INFO - Marking task as SUCCESS. dag_id=to_datalake_pipeline, task_id=extract_from_git, execution_date=20210807T151254, start_date=20210807T151256, end_date=20210807T151309
[2021-08-07 15:13:09,704] {taskinstance.py:1265} INFO - 0 downstream tasks scheduled from follow-on schedule check
[2021-08-07 15:13:09,745] {local_task_job.py:149} INFO - Task exited with return code 0
