[2021-08-07 17:02:39,305] {taskinstance.py:896} INFO - Dependencies all met for <TaskInstance: standardized_pipeline.create_standardized_table_nation 2021-08-07T16:55:00+00:00 [queued]>
[2021-08-07 17:02:39,359] {taskinstance.py:896} INFO - Dependencies all met for <TaskInstance: standardized_pipeline.create_standardized_table_nation 2021-08-07T16:55:00+00:00 [queued]>
[2021-08-07 17:02:39,371] {taskinstance.py:1087} INFO - 
--------------------------------------------------------------------------------
[2021-08-07 17:02:39,374] {taskinstance.py:1088} INFO - Starting attempt 1 of 1
[2021-08-07 17:02:39,394] {taskinstance.py:1089} INFO - 
--------------------------------------------------------------------------------
[2021-08-07 17:02:39,429] {taskinstance.py:1107} INFO - Executing <Task(MySqlOperator): create_standardized_table_nation> on 2021-08-07T16:55:00+00:00
[2021-08-07 17:02:39,435] {standard_task_runner.py:52} INFO - Started process 614 to run task
[2021-08-07 17:02:39,444] {standard_task_runner.py:76} INFO - Running: ['***', 'tasks', 'run', 'standardized_pipeline', 'create_standardized_table_nation', '2021-08-07T16:55:00+00:00', '--job-id', '11', '--pool', 'default_pool', '--raw', '--subdir', 'DAGS_FOLDER/standardized_pipeline.py', '--cfg-path', '/tmp/tmpodcd3y_e', '--error-file', '/tmp/tmpc535ccuf']
[2021-08-07 17:02:39,453] {standard_task_runner.py:77} INFO - Job 11: Subtask create_standardized_table_nation
[2021-08-07 17:02:39,634] {logging_mixin.py:104} INFO - Running <TaskInstance: standardized_pipeline.create_standardized_table_nation 2021-08-07T16:55:00+00:00 [running]> on host f68214991f84
[2021-08-07 17:02:39,836] {taskinstance.py:1302} INFO - Exporting the following env vars:
AIRFLOW_CTX_DAG_OWNER=***
AIRFLOW_CTX_DAG_ID=standardized_pipeline
AIRFLOW_CTX_TASK_ID=create_standardized_table_nation
AIRFLOW_CTX_EXECUTION_DATE=2021-08-07T16:55:00+00:00
AIRFLOW_CTX_DAG_RUN_ID=scheduled__2021-08-07T16:55:00+00:00
[2021-08-07 17:02:39,841] {mysql.py:70} INFO - Executing: CREATE TABLE IF NOT EXISTS standardized.NATION (
  `NATION_KEY` int NOT NULL,
  `NATION_NAME` text NOT NULL,
  `REGION_KEY` int NOT NULL,
  `NATION_COMMENT` text,
  `INGESTION_TIMESTAMP` datetime DEFAULT CURRENT_TIMESTAMP
) ENGINE=InnoDB DEFAULT CHARSET=utf8mb4 COLLATE=utf8mb4_0900_ai_ci;
[2021-08-07 17:02:39,887] {base.py:78} INFO - Using connection to: id: dwh_id. Host: dwh, Port: 3306, Schema: , Login: root, Password: ***, extra: {}
[2021-08-07 17:02:39,928] {dbapi.py:204} INFO - Running statement: CREATE TABLE IF NOT EXISTS standardized.NATION (
  `NATION_KEY` int NOT NULL,
  `NATION_NAME` text NOT NULL,
  `REGION_KEY` int NOT NULL,
  `NATION_COMMENT` text,
  `INGESTION_TIMESTAMP` datetime DEFAULT CURRENT_TIMESTAMP
) ENGINE=InnoDB DEFAULT CHARSET=utf8mb4 COLLATE=utf8mb4_0900_ai_ci;, parameters: None
[2021-08-07 17:02:39,999] {dbapi.py:212} INFO - Rows affected: 0
[2021-08-07 17:02:40,053] {taskinstance.py:1211} INFO - Marking task as SUCCESS. dag_id=standardized_pipeline, task_id=create_standardized_table_nation, execution_date=20210807T165500, start_date=20210807T170239, end_date=20210807T170240
[2021-08-07 17:02:40,161] {taskinstance.py:1265} INFO - 1 downstream tasks scheduled from follow-on schedule check
[2021-08-07 17:02:40,198] {local_task_job.py:149} INFO - Task exited with return code 0
