[2021-08-07 13:26:06,504] {taskinstance.py:896} INFO - Dependencies all met for <TaskInstance: to_datalake_pipeline.extract_from_git 2021-08-07T13:00:00+00:00 [queued]>
[2021-08-07 13:26:06,514] {taskinstance.py:896} INFO - Dependencies all met for <TaskInstance: to_datalake_pipeline.extract_from_git 2021-08-07T13:00:00+00:00 [queued]>
[2021-08-07 13:26:06,514] {taskinstance.py:1087} INFO - 
--------------------------------------------------------------------------------
[2021-08-07 13:26:06,515] {taskinstance.py:1088} INFO - Starting attempt 1 of 1
[2021-08-07 13:26:06,516] {taskinstance.py:1089} INFO - 
--------------------------------------------------------------------------------
[2021-08-07 13:26:06,528] {taskinstance.py:1107} INFO - Executing <Task(PythonOperator): extract_from_git> on 2021-08-07T13:00:00+00:00
[2021-08-07 13:26:06,533] {standard_task_runner.py:52} INFO - Started process 8596 to run task
[2021-08-07 13:26:06,537] {standard_task_runner.py:76} INFO - Running: ['***', 'tasks', 'run', 'to_datalake_pipeline', 'extract_from_git', '2021-08-07T13:00:00+00:00', '--job-id', '21', '--pool', 'default_pool', '--raw', '--subdir', 'DAGS_FOLDER/to_datalake_pipeline.py', '--cfg-path', '/tmp/tmpnewgpn4e', '--error-file', '/tmp/tmpcalej8ei']
[2021-08-07 13:26:06,538] {standard_task_runner.py:77} INFO - Job 21: Subtask extract_from_git
[2021-08-07 13:26:06,586] {logging_mixin.py:104} INFO - Running <TaskInstance: to_datalake_pipeline.extract_from_git 2021-08-07T13:00:00+00:00 [running]> on host 4446dd23665f
[2021-08-07 13:26:06,641] {taskinstance.py:1302} INFO - Exporting the following env vars:
AIRFLOW_CTX_DAG_OWNER=***
AIRFLOW_CTX_DAG_ID=to_datalake_pipeline
AIRFLOW_CTX_TASK_ID=extract_from_git
AIRFLOW_CTX_EXECUTION_DATE=2021-08-07T13:00:00+00:00
AIRFLOW_CTX_DAG_RUN_ID=scheduled__2021-08-07T13:00:00+00:00
[2021-08-07 13:26:06,642] {logging_mixin.py:104} INFO - Downloading data from -> https://raw.githubusercontent.com/rezaprimasatya/DTO-DE-JUN-MID/main/data.zip
[2021-08-07 13:26:15,567] {logging_mixin.py:104} INFO - Unzipping Data
[2021-08-07 13:26:15,655] {logging_mixin.py:104} INFO - Transform Data to Pandas Dataframe
[2021-08-07 13:26:15,885] {logging_mixin.py:104} INFO - Load data to datalake
[2021-08-07 13:26:15,922] {logging_mixin.py:104} INFO - Load table : REGION
[2021-08-07 13:26:15,957] {logging_mixin.py:104} INFO - Load table : NATION
[2021-08-07 13:26:15,972] {logging_mixin.py:104} INFO - Load table : PART
[2021-08-07 13:26:16,072] {logging_mixin.py:104} INFO - Load table : SUPPLIER
[2021-08-07 13:26:16,092] {logging_mixin.py:104} INFO - Load table : PARTSUPP
[2021-08-07 13:26:16,440] {logging_mixin.py:104} INFO - Load table : CUSTOMER
[2021-08-07 13:26:16,518] {logging_mixin.py:104} INFO - Load table : ORDERS
[2021-08-07 13:26:17,156] {logging_mixin.py:104} INFO - Load table : LINEITEM
[2021-08-07 13:26:21,179] {python.py:151} INFO - Done. Returned value was: None
[2021-08-07 13:26:21,189] {taskinstance.py:1211} INFO - Marking task as SUCCESS. dag_id=to_datalake_pipeline, task_id=extract_from_git, execution_date=20210807T130000, start_date=20210807T132606, end_date=20210807T132621
[2021-08-07 13:26:21,215] {taskinstance.py:1265} INFO - 0 downstream tasks scheduled from follow-on schedule check
[2021-08-07 13:26:21,274] {local_task_job.py:149} INFO - Task exited with return code 0
