[2021-08-08 05:47:02,824] {taskinstance.py:896} INFO - Dependencies all met for <TaskInstance: presentation_pipeline.presentation_dim_nations 2021-08-08T05:40:00+00:00 [queued]>
[2021-08-08 05:47:02,846] {taskinstance.py:896} INFO - Dependencies all met for <TaskInstance: presentation_pipeline.presentation_dim_nations 2021-08-08T05:40:00+00:00 [queued]>
[2021-08-08 05:47:02,847] {taskinstance.py:1087} INFO - 
--------------------------------------------------------------------------------
[2021-08-08 05:47:02,848] {taskinstance.py:1088} INFO - Starting attempt 1 of 1
[2021-08-08 05:47:02,849] {taskinstance.py:1089} INFO - 
--------------------------------------------------------------------------------
[2021-08-08 05:47:02,860] {taskinstance.py:1107} INFO - Executing <Task(MySqlOperator): presentation_dim_nations> on 2021-08-08T05:40:00+00:00
[2021-08-08 05:47:02,866] {standard_task_runner.py:52} INFO - Started process 2435 to run task
[2021-08-08 05:47:02,886] {standard_task_runner.py:76} INFO - Running: ['***', 'tasks', 'run', 'presentation_pipeline', 'presentation_dim_nations', '2021-08-08T05:40:00+00:00', '--job-id', '175', '--pool', 'default_pool', '--raw', '--subdir', 'DAGS_FOLDER/presentation_pipeline.py', '--cfg-path', '/tmp/tmpx49lib83', '--error-file', '/tmp/tmpoxjbh2nd']
[2021-08-08 05:47:02,887] {standard_task_runner.py:77} INFO - Job 175: Subtask presentation_dim_nations
[2021-08-08 05:47:02,937] {logging_mixin.py:104} INFO - Running <TaskInstance: presentation_pipeline.presentation_dim_nations 2021-08-08T05:40:00+00:00 [running]> on host b48e43d568d5
[2021-08-08 05:47:03,000] {taskinstance.py:1302} INFO - Exporting the following env vars:
AIRFLOW_CTX_DAG_OWNER=***
AIRFLOW_CTX_DAG_ID=presentation_pipeline
AIRFLOW_CTX_TASK_ID=presentation_dim_nations
AIRFLOW_CTX_EXECUTION_DATE=2021-08-08T05:40:00+00:00
AIRFLOW_CTX_DAG_RUN_ID=scheduled__2021-08-08T05:40:00+00:00
[2021-08-08 05:47:03,001] {mysql.py:70} INFO - Executing: INSERT IGNORE INTO presentation.nations
SELECT 
	DISTINCT 
	n.NATION_KEY,
	n.NATION_NAME,
	r.REGION_KEY,
	r.REGION_NAME,
	NOW() AS INGESTION_TIMESTAMP
FROM 
	standardized.nations n
LEFT JOIN 
	standardized.regions r
	ON n.REGION_KEY = r.REGION_KEY 
WHERE 
	n.INGESTION_TIMESTAMP >= DATE_SUB(NOW(), INTERVAL 5 MINUTE)
[2021-08-08 05:47:03,010] {base.py:78} INFO - Using connection to: id: dwh_id. Host: dwh, Port: 3306, Schema: , Login: root, Password: ***, extra: {}
[2021-08-08 05:47:03,024] {dbapi.py:204} INFO - Running statement: INSERT IGNORE INTO presentation.nations
SELECT 
	DISTINCT 
	n.NATION_KEY,
	n.NATION_NAME,
	r.REGION_KEY,
	r.REGION_NAME,
	NOW() AS INGESTION_TIMESTAMP
FROM 
	standardized.nations n
LEFT JOIN 
	standardized.regions r
	ON n.REGION_KEY = r.REGION_KEY 
WHERE 
	n.INGESTION_TIMESTAMP >= DATE_SUB(NOW(), INTERVAL 5 MINUTE), parameters: None
[2021-08-08 05:47:03,027] {dbapi.py:212} INFO - Rows affected: 0
[2021-08-08 05:47:03,039] {taskinstance.py:1211} INFO - Marking task as SUCCESS. dag_id=presentation_pipeline, task_id=presentation_dim_nations, execution_date=20210808T054000, start_date=20210808T054702, end_date=20210808T054703
[2021-08-08 05:47:03,061] {taskinstance.py:1265} INFO - 0 downstream tasks scheduled from follow-on schedule check
[2021-08-08 05:47:03,103] {local_task_job.py:149} INFO - Task exited with return code 0
