[2021-08-08 11:07:53,212] {taskinstance.py:896} INFO - Dependencies all met for <TaskInstance: presentation_pipeline.create_presentation_table_dim_nations 2021-08-08T11:07:44.324123+00:00 [queued]>
[2021-08-08 11:07:53,240] {taskinstance.py:896} INFO - Dependencies all met for <TaskInstance: presentation_pipeline.create_presentation_table_dim_nations 2021-08-08T11:07:44.324123+00:00 [queued]>
[2021-08-08 11:07:53,241] {taskinstance.py:1087} INFO - 
--------------------------------------------------------------------------------
[2021-08-08 11:07:53,242] {taskinstance.py:1088} INFO - Starting attempt 1 of 1
[2021-08-08 11:07:53,242] {taskinstance.py:1089} INFO - 
--------------------------------------------------------------------------------
[2021-08-08 11:07:53,252] {taskinstance.py:1107} INFO - Executing <Task(MySqlOperator): create_presentation_table_dim_nations> on 2021-08-08T11:07:44.324123+00:00
[2021-08-08 11:07:53,260] {standard_task_runner.py:76} INFO - Running: ['***', 'tasks', 'run', 'presentation_pipeline', 'create_presentation_table_dim_nations', '2021-08-08T11:07:44.324123+00:00', '--job-id', '31', '--pool', 'default_pool', '--raw', '--subdir', 'DAGS_FOLDER/presentation_pipeline.py', '--cfg-path', '/tmp/tmp3aa3mc6p', '--error-file', '/tmp/tmpt1b8xdh3']
[2021-08-08 11:07:53,262] {standard_task_runner.py:77} INFO - Job 31: Subtask create_presentation_table_dim_nations
[2021-08-08 11:07:53,256] {standard_task_runner.py:52} INFO - Started process 605 to run task
[2021-08-08 11:07:53,322] {logging_mixin.py:104} INFO - Running <TaskInstance: presentation_pipeline.create_presentation_table_dim_nations 2021-08-08T11:07:44.324123+00:00 [running]> on host ce886ce1d63a
[2021-08-08 11:07:53,391] {taskinstance.py:1302} INFO - Exporting the following env vars:
AIRFLOW_CTX_DAG_OWNER=***
AIRFLOW_CTX_DAG_ID=presentation_pipeline
AIRFLOW_CTX_TASK_ID=create_presentation_table_dim_nations
AIRFLOW_CTX_EXECUTION_DATE=2021-08-08T11:07:44.324123+00:00
AIRFLOW_CTX_DAG_RUN_ID=manual__2021-08-08T11:07:44.324123+00:00
[2021-08-08 11:07:53,394] {mysql.py:70} INFO - Executing: CREATE TABLE IF NOT EXISTS presentation.nations (
    NATION_KEY INT NOT NULL,
    INGESTION_TIMESTAMP TIMESTAMP NOT NULL DEFAULT CURRENT_TIMESTAMP,
    CONSTRAINT `NATIONS_PK` PRIMARY KEY (NATION_KEY)
) AS

SELECT 
	DISTINCT 
	n.NATION_KEY,
	n.NATION_NAME,
	r.REGION_KEY,
	r.REGION_NAME,
	NOW() AS INGESTION_TIMESTAMP
FROM 
	standardized.nations n
LEFT JOIN 
	standardized.regions r
	ON n.REGION_KEY = r.REGION_KEY 
WHERE 
	n.INGESTION_TIMESTAMP >= DATE_SUB(NOW(), INTERVAL 1 HOUR)

LIMIT 0
[2021-08-08 11:07:53,405] {base.py:78} INFO - Using connection to: id: dwh_id. Host: dwh, Port: 3306, Schema: , Login: root, Password: ***, extra: {}
[2021-08-08 11:07:53,419] {dbapi.py:204} INFO - Running statement: CREATE TABLE IF NOT EXISTS presentation.nations (
    NATION_KEY INT NOT NULL,
    INGESTION_TIMESTAMP TIMESTAMP NOT NULL DEFAULT CURRENT_TIMESTAMP,
    CONSTRAINT `NATIONS_PK` PRIMARY KEY (NATION_KEY)
) AS

SELECT 
	DISTINCT 
	n.NATION_KEY,
	n.NATION_NAME,
	r.REGION_KEY,
	r.REGION_NAME,
	NOW() AS INGESTION_TIMESTAMP
FROM 
	standardized.nations n
LEFT JOIN 
	standardized.regions r
	ON n.REGION_KEY = r.REGION_KEY 
WHERE 
	n.INGESTION_TIMESTAMP >= DATE_SUB(NOW(), INTERVAL 1 HOUR)

LIMIT 0, parameters: None
[2021-08-08 11:07:53,421] {dbapi.py:212} INFO - Rows affected: 0
[2021-08-08 11:07:53,438] {taskinstance.py:1211} INFO - Marking task as SUCCESS. dag_id=presentation_pipeline, task_id=create_presentation_table_dim_nations, execution_date=20210808T110744, start_date=20210808T110753, end_date=20210808T110753
[2021-08-08 11:07:53,494] {taskinstance.py:1265} INFO - 1 downstream tasks scheduled from follow-on schedule check
[2021-08-08 11:07:53,521] {local_task_job.py:149} INFO - Task exited with return code 0
