[2021-08-08 06:51:35,400] {taskinstance.py:896} INFO - Dependencies all met for <TaskInstance: presentation_pipeline.presentation_pipeline_start 2021-08-08T06:45:00+00:00 [queued]>
[2021-08-08 06:51:35,413] {taskinstance.py:896} INFO - Dependencies all met for <TaskInstance: presentation_pipeline.presentation_pipeline_start 2021-08-08T06:45:00+00:00 [queued]>
[2021-08-08 06:51:35,414] {taskinstance.py:1087} INFO - 
--------------------------------------------------------------------------------
[2021-08-08 06:51:35,415] {taskinstance.py:1088} INFO - Starting attempt 1 of 1
[2021-08-08 06:51:35,415] {taskinstance.py:1089} INFO - 
--------------------------------------------------------------------------------
[2021-08-08 06:51:35,421] {taskinstance.py:1107} INFO - Executing <Task(ExternalTaskSensor): presentation_pipeline_start> on 2021-08-08T06:45:00+00:00
[2021-08-08 06:51:35,429] {standard_task_runner.py:76} INFO - Running: ['***', 'tasks', 'run', 'presentation_pipeline', 'presentation_pipeline_start', '2021-08-08T06:45:00+00:00', '--job-id', '4', '--pool', 'default_pool', '--raw', '--subdir', 'DAGS_FOLDER/presentation_pipeline.py', '--cfg-path', '/tmp/tmp76j141nj', '--error-file', '/tmp/tmp35deedcb']
[2021-08-08 06:51:35,425] {standard_task_runner.py:52} INFO - Started process 109 to run task
[2021-08-08 06:51:35,430] {standard_task_runner.py:77} INFO - Job 4: Subtask presentation_pipeline_start
[2021-08-08 06:51:35,470] {logging_mixin.py:104} INFO - Running <TaskInstance: presentation_pipeline.presentation_pipeline_start 2021-08-08T06:45:00+00:00 [running]> on host be4fd095311a
[2021-08-08 06:51:35,518] {taskinstance.py:1302} INFO - Exporting the following env vars:
AIRFLOW_CTX_DAG_OWNER=***
AIRFLOW_CTX_DAG_ID=presentation_pipeline
AIRFLOW_CTX_TASK_ID=presentation_pipeline_start
AIRFLOW_CTX_EXECUTION_DATE=2021-08-08T06:45:00+00:00
AIRFLOW_CTX_DAG_RUN_ID=scheduled__2021-08-08T06:45:00+00:00
[2021-08-08 06:51:35,519] {external_task.py:152} INFO - Poking for standardized_pipeline.standardized_pipeline_end on 2021-08-08T06:45:00+00:00 ... 
[2021-08-08 06:53:50,853] {taskinstance.py:896} INFO - Dependencies all met for <TaskInstance: presentation_pipeline.presentation_pipeline_start 2021-08-08T06:45:00+00:00 [queued]>
[2021-08-08 06:53:50,868] {taskinstance.py:896} INFO - Dependencies all met for <TaskInstance: presentation_pipeline.presentation_pipeline_start 2021-08-08T06:45:00+00:00 [queued]>
[2021-08-08 06:53:50,869] {taskinstance.py:1087} INFO - 
--------------------------------------------------------------------------------
[2021-08-08 06:53:50,869] {taskinstance.py:1088} INFO - Starting attempt 1 of 1
[2021-08-08 06:53:50,870] {taskinstance.py:1089} INFO - 
--------------------------------------------------------------------------------
[2021-08-08 06:53:50,876] {taskinstance.py:1107} INFO - Executing <Task(ExternalTaskSensor): presentation_pipeline_start> on 2021-08-08T06:45:00+00:00
[2021-08-08 06:53:50,881] {standard_task_runner.py:52} INFO - Started process 175 to run task
[2021-08-08 06:53:50,885] {standard_task_runner.py:76} INFO - Running: ['***', 'tasks', 'run', 'presentation_pipeline', 'presentation_pipeline_start', '2021-08-08T06:45:00+00:00', '--job-id', '4', '--pool', 'default_pool', '--raw', '--subdir', 'DAGS_FOLDER/presentation_pipeline.py', '--cfg-path', '/tmp/tmpz7v4rv3n', '--error-file', '/tmp/tmp2zx6zhzw']
[2021-08-08 06:53:50,886] {standard_task_runner.py:77} INFO - Job 4: Subtask presentation_pipeline_start
[2021-08-08 06:53:50,932] {logging_mixin.py:104} INFO - Running <TaskInstance: presentation_pipeline.presentation_pipeline_start 2021-08-08T06:45:00+00:00 [running]> on host 7107cfc639af
[2021-08-08 06:53:50,976] {taskinstance.py:1302} INFO - Exporting the following env vars:
AIRFLOW_CTX_DAG_OWNER=***
AIRFLOW_CTX_DAG_ID=presentation_pipeline
AIRFLOW_CTX_TASK_ID=presentation_pipeline_start
AIRFLOW_CTX_EXECUTION_DATE=2021-08-08T06:45:00+00:00
AIRFLOW_CTX_DAG_RUN_ID=scheduled__2021-08-08T06:45:00+00:00
[2021-08-08 06:53:50,978] {external_task.py:152} INFO - Poking for standardized_pipeline.standardized_pipeline_end on 2021-08-08T06:45:00+00:00 ... 
[2021-08-08 06:54:50,998] {external_task.py:152} INFO - Poking for standardized_pipeline.standardized_pipeline_end on 2021-08-08T06:45:00+00:00 ... 
[2021-08-08 06:55:50,987] {external_task.py:152} INFO - Poking for standardized_pipeline.standardized_pipeline_end on 2021-08-08T06:45:00+00:00 ... 
[2021-08-08 06:55:50,998] {base.py:248} INFO - Success criteria met. Exiting.
[2021-08-08 06:55:51,006] {taskinstance.py:1211} INFO - Marking task as SUCCESS. dag_id=presentation_pipeline, task_id=presentation_pipeline_start, execution_date=20210808T064500, start_date=20210808T065350, end_date=20210808T065551
[2021-08-08 06:55:51,039] {taskinstance.py:1265} INFO - 5 downstream tasks scheduled from follow-on schedule check
[2021-08-08 06:55:51,068] {local_task_job.py:149} INFO - Task exited with return code 0
