[2021-08-08 05:26:14,898] {taskinstance.py:896} INFO - Dependencies all met for <TaskInstance: standardized_pipeline.standardized_nations 2021-08-08T05:20:00+00:00 [queued]>
[2021-08-08 05:26:14,971] {taskinstance.py:896} INFO - Dependencies all met for <TaskInstance: standardized_pipeline.standardized_nations 2021-08-08T05:20:00+00:00 [queued]>
[2021-08-08 05:26:14,972] {taskinstance.py:1087} INFO - 
--------------------------------------------------------------------------------
[2021-08-08 05:26:14,973] {taskinstance.py:1088} INFO - Starting attempt 1 of 11
[2021-08-08 05:26:14,974] {taskinstance.py:1089} INFO - 
--------------------------------------------------------------------------------
[2021-08-08 05:26:14,990] {taskinstance.py:1107} INFO - Executing <Task(MySqlOperator): standardized_nations> on 2021-08-08T05:20:00+00:00
[2021-08-08 05:26:15,002] {standard_task_runner.py:52} INFO - Started process 328 to run task
[2021-08-08 05:26:15,056] {standard_task_runner.py:76} INFO - Running: ['***', 'tasks', 'run', 'standardized_pipeline', 'standardized_nations', '2021-08-08T05:20:00+00:00', '--job-id', '34', '--pool', 'default_pool', '--raw', '--subdir', 'DAGS_FOLDER/standardized_pipeline.py', '--cfg-path', '/tmp/tmpi8otdulu', '--error-file', '/tmp/tmpl9a2tgqb']
[2021-08-08 05:26:15,059] {standard_task_runner.py:77} INFO - Job 34: Subtask standardized_nations
[2021-08-08 05:26:15,143] {logging_mixin.py:104} INFO - Running <TaskInstance: standardized_pipeline.standardized_nations 2021-08-08T05:20:00+00:00 [running]> on host b48e43d568d5
[2021-08-08 05:26:15,354] {taskinstance.py:1302} INFO - Exporting the following env vars:
AIRFLOW_CTX_DAG_EMAIL=wildangbudhi@gmail.com
AIRFLOW_CTX_DAG_OWNER=***
AIRFLOW_CTX_DAG_ID=standardized_pipeline
AIRFLOW_CTX_TASK_ID=standardized_nations
AIRFLOW_CTX_EXECUTION_DATE=2021-08-08T05:20:00+00:00
AIRFLOW_CTX_DAG_RUN_ID=scheduled__2021-08-08T05:20:00+00:00
[2021-08-08 05:26:15,359] {mysql.py:70} INFO - Executing: INSERT INTO standardized.nations
WITH data_last_5_minutes AS (
	SELECT
		DISTINCT 
		CAST(N_NATIONKEY AS SIGNED) AS NATION_KEY,
		N_NAME AS NATION_NAME,
		CAST(N_REGIONKEY AS SIGNED) AS REGION_KEY,
		N_COMMENT AS NATION_COMMENT,
		NOW() AS INGESTION_TIMESTAMP
	FROM
		datalake.NATION n
	WHERE 
		n.INGESTION_TIMESTAMP >= DATE_SUB(NOW(), INTERVAL 5 MINUTE)
)

SELECT 
	* 
FROM 
	data_last_5_minutes
[2021-08-08 05:26:15,378] {base.py:78} INFO - Using connection to: id: dwh_id. Host: dwh, Port: 3306, Schema: , Login: root, Password: ***, extra: {}
[2021-08-08 05:26:15,396] {dbapi.py:204} INFO - Running statement: INSERT INTO standardized.nations
WITH data_last_5_minutes AS (
	SELECT
		DISTINCT 
		CAST(N_NATIONKEY AS SIGNED) AS NATION_KEY,
		N_NAME AS NATION_NAME,
		CAST(N_REGIONKEY AS SIGNED) AS REGION_KEY,
		N_COMMENT AS NATION_COMMENT,
		NOW() AS INGESTION_TIMESTAMP
	FROM
		datalake.NATION n
	WHERE 
		n.INGESTION_TIMESTAMP >= DATE_SUB(NOW(), INTERVAL 5 MINUTE)
)

SELECT 
	* 
FROM 
	data_last_5_minutes, parameters: None
[2021-08-08 05:26:15,399] {dbapi.py:212} INFO - Rows affected: 25
[2021-08-08 05:26:15,426] {taskinstance.py:1211} INFO - Marking task as SUCCESS. dag_id=standardized_pipeline, task_id=standardized_nations, execution_date=20210808T052000, start_date=20210808T052614, end_date=20210808T052615
[2021-08-08 05:26:15,488] {taskinstance.py:1265} INFO - 0 downstream tasks scheduled from follow-on schedule check
[2021-08-08 05:26:15,533] {local_task_job.py:149} INFO - Task exited with return code 0
