[2021-08-07 09:40:00,490] {taskinstance.py:896} INFO - Dependencies all met for <TaskInstance: to_datalake_pipeline.extract_from_git 2021-08-07T09:35:00+00:00 [queued]>
[2021-08-07 09:40:00,499] {taskinstance.py:896} INFO - Dependencies all met for <TaskInstance: to_datalake_pipeline.extract_from_git 2021-08-07T09:35:00+00:00 [queued]>
[2021-08-07 09:40:00,500] {taskinstance.py:1087} INFO - 
--------------------------------------------------------------------------------
[2021-08-07 09:40:00,500] {taskinstance.py:1088} INFO - Starting attempt 1 of 1
[2021-08-07 09:40:00,501] {taskinstance.py:1089} INFO - 
--------------------------------------------------------------------------------
[2021-08-07 09:40:00,512] {taskinstance.py:1107} INFO - Executing <Task(PythonOperator): extract_from_git> on 2021-08-07T09:35:00+00:00
[2021-08-07 09:40:00,517] {standard_task_runner.py:52} INFO - Started process 1322 to run task
[2021-08-07 09:40:00,521] {standard_task_runner.py:76} INFO - Running: ['***', 'tasks', 'run', 'to_datalake_pipeline', 'extract_from_git', '2021-08-07T09:35:00+00:00', '--job-id', '7', '--pool', 'default_pool', '--raw', '--subdir', 'DAGS_FOLDER/to_datalake_pipeline.py', '--cfg-path', '/tmp/tmpq_aodtwf', '--error-file', '/tmp/tmpmq55ti65']
[2021-08-07 09:40:00,522] {standard_task_runner.py:77} INFO - Job 7: Subtask extract_from_git
[2021-08-07 09:40:00,566] {logging_mixin.py:104} INFO - Running <TaskInstance: to_datalake_pipeline.extract_from_git 2021-08-07T09:35:00+00:00 [running]> on host 4446dd23665f
[2021-08-07 09:40:00,613] {taskinstance.py:1302} INFO - Exporting the following env vars:
AIRFLOW_CTX_DAG_OWNER=***
AIRFLOW_CTX_DAG_ID=to_datalake_pipeline
AIRFLOW_CTX_TASK_ID=extract_from_git
AIRFLOW_CTX_EXECUTION_DATE=2021-08-07T09:35:00+00:00
AIRFLOW_CTX_DAG_RUN_ID=scheduled__2021-08-07T09:35:00+00:00
[2021-08-07 09:40:00,614] {logging_mixin.py:104} INFO - Downloading data from -> https://raw.githubusercontent.com/rezaprimasatya/DTO-DE-JUN-MID/main/data.zip
[2021-08-07 09:40:08,262] {logging_mixin.py:104} INFO - Unzipping Data
[2021-08-07 09:40:08,348] {logging_mixin.py:104} INFO - Transform Data to Pandas Dataframe
[2021-08-07 09:40:08,526] {logging_mixin.py:104} INFO - Load data to datalake
[2021-08-07 09:40:08,565] {logging_mixin.py:104} INFO - Load table : REGION
[2021-08-07 09:40:08,598] {logging_mixin.py:104} INFO - Load table : NATION
[2021-08-07 09:40:08,613] {logging_mixin.py:104} INFO - Load table : PART
[2021-08-07 09:40:08,726] {logging_mixin.py:104} INFO - Load table : SUPPLIER
[2021-08-07 09:40:08,756] {logging_mixin.py:104} INFO - Load table : PARTSUPP
[2021-08-07 09:40:09,129] {logging_mixin.py:104} INFO - Load table : CUSTOMER
[2021-08-07 09:40:09,230] {logging_mixin.py:104} INFO - Load table : ORDERS
[2021-08-07 09:40:09,866] {logging_mixin.py:104} INFO - Load table : LINEITEM
[2021-08-07 09:40:13,398] {python.py:151} INFO - Done. Returned value was: None
[2021-08-07 09:40:13,408] {taskinstance.py:1211} INFO - Marking task as SUCCESS. dag_id=to_datalake_pipeline, task_id=extract_from_git, execution_date=20210807T093500, start_date=20210807T094000, end_date=20210807T094013
[2021-08-07 09:40:13,430] {taskinstance.py:1265} INFO - 0 downstream tasks scheduled from follow-on schedule check
[2021-08-07 09:40:13,480] {local_task_job.py:149} INFO - Task exited with return code 0
