[2021-08-08 02:11:24,709] {taskinstance.py:896} INFO - Dependencies all met for <TaskInstance: to_datalake_pipeline.extract_from_git 2021-08-08T02:11:22.908883+00:00 [queued]>
[2021-08-08 02:11:24,754] {taskinstance.py:896} INFO - Dependencies all met for <TaskInstance: to_datalake_pipeline.extract_from_git 2021-08-08T02:11:22.908883+00:00 [queued]>
[2021-08-08 02:11:24,757] {taskinstance.py:1087} INFO - 
--------------------------------------------------------------------------------
[2021-08-08 02:11:24,759] {taskinstance.py:1088} INFO - Starting attempt 1 of 1
[2021-08-08 02:11:24,760] {taskinstance.py:1089} INFO - 
--------------------------------------------------------------------------------
[2021-08-08 02:11:24,783] {taskinstance.py:1107} INFO - Executing <Task(PythonOperator): extract_from_git> on 2021-08-08T02:11:22.908883+00:00
[2021-08-08 02:11:24,795] {standard_task_runner.py:52} INFO - Started process 159 to run task
[2021-08-08 02:11:24,807] {standard_task_runner.py:76} INFO - Running: ['***', 'tasks', 'run', 'to_datalake_pipeline', 'extract_from_git', '2021-08-08T02:11:22.908883+00:00', '--job-id', '3', '--pool', 'default_pool', '--raw', '--subdir', 'DAGS_FOLDER/to_datalake_pipeline.py', '--cfg-path', '/tmp/tmpfznkrvmz', '--error-file', '/tmp/tmpuz4an7yw']
[2021-08-08 02:11:24,810] {standard_task_runner.py:77} INFO - Job 3: Subtask extract_from_git
[2021-08-08 02:11:24,928] {logging_mixin.py:104} INFO - Running <TaskInstance: to_datalake_pipeline.extract_from_git 2021-08-08T02:11:22.908883+00:00 [running]> on host d995c427c378
[2021-08-08 02:11:25,056] {taskinstance.py:1302} INFO - Exporting the following env vars:
AIRFLOW_CTX_DAG_OWNER=***
AIRFLOW_CTX_DAG_ID=to_datalake_pipeline
AIRFLOW_CTX_TASK_ID=extract_from_git
AIRFLOW_CTX_EXECUTION_DATE=2021-08-08T02:11:22.908883+00:00
AIRFLOW_CTX_DAG_RUN_ID=manual__2021-08-08T02:11:22.908883+00:00
[2021-08-08 02:11:25,060] {logging_mixin.py:104} INFO - Downloading data from -> https://raw.githubusercontent.com/rezaprimasatya/DTO-DE-JUN-MID/main/data.zip
[2021-08-08 02:11:26,501] {logging_mixin.py:104} INFO - Unzipping Data
[2021-08-08 02:11:26,699] {logging_mixin.py:104} INFO - Transform Data to Pandas Dataframe
[2021-08-08 02:11:27,263] {logging_mixin.py:104} INFO - Load data to datalake
[2021-08-08 02:11:27,442] {logging_mixin.py:104} INFO - Load table : REGION
[2021-08-08 02:11:27,575] {logging_mixin.py:104} INFO - Load table : NATION
[2021-08-08 02:11:27,624] {logging_mixin.py:104} INFO - Load table : PART
[2021-08-08 02:11:27,998] {logging_mixin.py:104} INFO - Load table : SUPPLIER
[2021-08-08 02:11:28,060] {logging_mixin.py:104} INFO - Load table : PARTSUPP
[2021-08-08 02:11:29,182] {logging_mixin.py:104} INFO - Load table : CUSTOMER
[2021-08-08 02:11:29,498] {logging_mixin.py:104} INFO - Load table : ORDERS
[2021-08-08 02:11:31,357] {logging_mixin.py:104} INFO - Load table : LINEITEM
[2021-08-08 02:11:44,248] {python.py:151} INFO - Done. Returned value was: None
[2021-08-08 02:11:44,277] {taskinstance.py:1211} INFO - Marking task as SUCCESS. dag_id=to_datalake_pipeline, task_id=extract_from_git, execution_date=20210808T021122, start_date=20210808T021124, end_date=20210808T021144
[2021-08-08 02:11:44,352] {taskinstance.py:1265} INFO - 0 downstream tasks scheduled from follow-on schedule check
[2021-08-08 02:11:44,468] {local_task_job.py:149} INFO - Task exited with return code 0
