[2021-08-07 08:10:00,666] {taskinstance.py:896} INFO - Dependencies all met for <TaskInstance: to_datalake_pipeline.extract_from_git 2021-08-07T08:05:00+00:00 [queued]>
[2021-08-07 08:10:00,681] {taskinstance.py:896} INFO - Dependencies all met for <TaskInstance: to_datalake_pipeline.extract_from_git 2021-08-07T08:05:00+00:00 [queued]>
[2021-08-07 08:10:00,682] {taskinstance.py:1087} INFO - 
--------------------------------------------------------------------------------
[2021-08-07 08:10:00,682] {taskinstance.py:1088} INFO - Starting attempt 1 of 1
[2021-08-07 08:10:00,683] {taskinstance.py:1089} INFO - 
--------------------------------------------------------------------------------
[2021-08-07 08:10:00,691] {taskinstance.py:1107} INFO - Executing <Task(PythonOperator): extract_from_git> on 2021-08-07T08:05:00+00:00
[2021-08-07 08:10:00,698] {standard_task_runner.py:52} INFO - Started process 3698 to run task
[2021-08-07 08:10:00,702] {standard_task_runner.py:76} INFO - Running: ['***', 'tasks', 'run', 'to_datalake_pipeline', 'extract_from_git', '2021-08-07T08:05:00+00:00', '--job-id', '10', '--pool', 'default_pool', '--raw', '--subdir', 'DAGS_FOLDER/to_datalake_pipeline.py', '--cfg-path', '/tmp/tmpgav82teg', '--error-file', '/tmp/tmpxgdgbp74']
[2021-08-07 08:10:00,703] {standard_task_runner.py:77} INFO - Job 10: Subtask extract_from_git
[2021-08-07 08:10:00,767] {logging_mixin.py:104} INFO - Running <TaskInstance: to_datalake_pipeline.extract_from_git 2021-08-07T08:05:00+00:00 [running]> on host 0af53fa45088
[2021-08-07 08:10:00,835] {taskinstance.py:1302} INFO - Exporting the following env vars:
AIRFLOW_CTX_DAG_OWNER=***
AIRFLOW_CTX_DAG_ID=to_datalake_pipeline
AIRFLOW_CTX_TASK_ID=extract_from_git
AIRFLOW_CTX_EXECUTION_DATE=2021-08-07T08:05:00+00:00
AIRFLOW_CTX_DAG_RUN_ID=scheduled__2021-08-07T08:05:00+00:00
[2021-08-07 08:10:00,837] {logging_mixin.py:104} INFO - Downloading data from -> https://raw.githubusercontent.com/rezaprimasatya/DTO-DE-JUN-MID/main/data.zip
[2021-08-07 08:10:01,522] {logging_mixin.py:104} INFO - Unzipping Data
[2021-08-07 08:10:01,606] {logging_mixin.py:104} INFO - Transform Data to Pandas Dataframe
[2021-08-07 08:10:01,825] {logging_mixin.py:104} INFO - Load data to datalake
[2021-08-07 08:10:01,842] {logging_mixin.py:104} INFO - Load table : REGION
[2021-08-07 08:10:01,878] {logging_mixin.py:104} INFO - Load table : NATION
[2021-08-07 08:10:01,894] {logging_mixin.py:104} INFO - Load table : PART
[2021-08-07 08:10:01,973] {logging_mixin.py:104} INFO - Load table : SUPPLIER
[2021-08-07 08:10:01,990] {logging_mixin.py:104} INFO - Load table : PARTSUPP
[2021-08-07 08:10:02,327] {logging_mixin.py:104} INFO - Load table : CUSTOMER
[2021-08-07 08:10:02,401] {logging_mixin.py:104} INFO - Load table : ORDERS
[2021-08-07 08:10:03,021] {logging_mixin.py:104} INFO - Load table : LINEITEM
[2021-08-07 08:10:06,344] {python.py:151} INFO - Done. Returned value was: None
[2021-08-07 08:10:06,355] {taskinstance.py:1211} INFO - Marking task as SUCCESS. dag_id=to_datalake_pipeline, task_id=extract_from_git, execution_date=20210807T080500, start_date=20210807T081000, end_date=20210807T081006
[2021-08-07 08:10:06,375] {taskinstance.py:1265} INFO - 0 downstream tasks scheduled from follow-on schedule check
[2021-08-07 08:10:06,407] {local_task_job.py:149} INFO - Task exited with return code 0
