[2021-08-08 05:00:00,462] {taskinstance.py:896} INFO - Dependencies all met for <TaskInstance: standardized_pipeline.create_standardized_table_customers 2021-08-08T04:50:00+00:00 [queued]>
[2021-08-08 05:00:00,559] {taskinstance.py:896} INFO - Dependencies all met for <TaskInstance: standardized_pipeline.create_standardized_table_customers 2021-08-08T04:50:00+00:00 [queued]>
[2021-08-08 05:00:00,562] {taskinstance.py:1087} INFO - 
--------------------------------------------------------------------------------
[2021-08-08 05:00:00,565] {taskinstance.py:1088} INFO - Starting attempt 1 of 11
[2021-08-08 05:00:00,568] {taskinstance.py:1089} INFO - 
--------------------------------------------------------------------------------
[2021-08-08 05:00:00,693] {taskinstance.py:1107} INFO - Executing <Task(MySqlOperator): create_standardized_table_customers> on 2021-08-08T04:50:00+00:00
[2021-08-08 05:00:00,746] {standard_task_runner.py:76} INFO - Running: ['***', 'tasks', 'run', 'standardized_pipeline', 'create_standardized_table_customers', '2021-08-08T04:50:00+00:00', '--job-id', '45', '--pool', 'default_pool', '--raw', '--subdir', 'DAGS_FOLDER/standardized_pipeline.py', '--cfg-path', '/tmp/tmpqv3dwk_k', '--error-file', '/tmp/tmpnjtlnplb']
[2021-08-08 05:00:00,754] {standard_task_runner.py:77} INFO - Job 45: Subtask create_standardized_table_customers
[2021-08-08 05:00:00,717] {standard_task_runner.py:52} INFO - Started process 6256 to run task
[2021-08-08 05:00:01,154] {logging_mixin.py:104} INFO - Running <TaskInstance: standardized_pipeline.create_standardized_table_customers 2021-08-08T04:50:00+00:00 [running]> on host 75feb3cfb2a6
[2021-08-08 05:00:01,671] {taskinstance.py:1302} INFO - Exporting the following env vars:
AIRFLOW_CTX_DAG_EMAIL=wildangbudhi@gmail.com
AIRFLOW_CTX_DAG_OWNER=***
AIRFLOW_CTX_DAG_ID=standardized_pipeline
AIRFLOW_CTX_TASK_ID=create_standardized_table_customers
AIRFLOW_CTX_EXECUTION_DATE=2021-08-08T04:50:00+00:00
AIRFLOW_CTX_DAG_RUN_ID=scheduled__2021-08-08T04:50:00+00:00
[2021-08-08 05:00:01,677] {mysql.py:70} INFO - Executing: CREATE TABLE IF NOT EXISTS standardized.customers (INGESTION_TIMESTAMP TIMESTAMP NOT NULL DEFAULT CURRENT_TIMESTAMP) AS
WITH data_last_5_minutes AS (
	SELECT
		DISTINCT 
		CAST(C_CUSTKEY AS SIGNED) AS CUSTOMER_KEY,
		C_NAME AS CUSTOMER_NAME,
		C_ADDRESS AS CUSTOMER_ADDRESS,
		CAST(C_NATIONKEY AS SIGNED) AS NATION_KEY,
		C_PHONE AS CUSTOMER_PHONE,
		C_ACCTBAL AS CUSTOMER_ACCOUNT_BALANCE_TOTAL,
		C_MKTSEGMENT AS CUSTOMER_MARKET_SEGMENT_TYPE,
		C_COMMENT AS CUSTOMER_COMMENT,
		NOW() AS INGESTION_TIMESTAMP
	FROM
		datalake.CUSTOMER c
	WHERE 
		c.INGESTION_TIMESTAMP >= DATE_SUB(NOW(), INTERVAL 5 MINUTE)
)

SELECT 
	* 
FROM 
	data_last_5_minutes
[2021-08-08 05:00:01,755] {base.py:78} INFO - Using connection to: id: dwh_id. Host: dwh, Port: 3306, Schema: , Login: root, Password: ***, extra: {}
[2021-08-08 05:00:01,856] {dbapi.py:204} INFO - Running statement: CREATE TABLE IF NOT EXISTS standardized.customers (INGESTION_TIMESTAMP TIMESTAMP NOT NULL DEFAULT CURRENT_TIMESTAMP) AS
WITH data_last_5_minutes AS (
	SELECT
		DISTINCT 
		CAST(C_CUSTKEY AS SIGNED) AS CUSTOMER_KEY,
		C_NAME AS CUSTOMER_NAME,
		C_ADDRESS AS CUSTOMER_ADDRESS,
		CAST(C_NATIONKEY AS SIGNED) AS NATION_KEY,
		C_PHONE AS CUSTOMER_PHONE,
		C_ACCTBAL AS CUSTOMER_ACCOUNT_BALANCE_TOTAL,
		C_MKTSEGMENT AS CUSTOMER_MARKET_SEGMENT_TYPE,
		C_COMMENT AS CUSTOMER_COMMENT,
		NOW() AS INGESTION_TIMESTAMP
	FROM
		datalake.CUSTOMER c
	WHERE 
		c.INGESTION_TIMESTAMP >= DATE_SUB(NOW(), INTERVAL 5 MINUTE)
)

SELECT 
	* 
FROM 
	data_last_5_minutes, parameters: None
[2021-08-08 05:00:01,886] {dbapi.py:212} INFO - Rows affected: 0
[2021-08-08 05:00:02,032] {taskinstance.py:1211} INFO - Marking task as SUCCESS. dag_id=standardized_pipeline, task_id=create_standardized_table_customers, execution_date=20210808T045000, start_date=20210808T050000, end_date=20210808T050002
[2021-08-08 05:00:02,540] {taskinstance.py:1265} INFO - 1 downstream tasks scheduled from follow-on schedule check
[2021-08-08 05:00:02,685] {local_task_job.py:149} INFO - Task exited with return code 0
