[2021-08-07 08:25:01,125] {taskinstance.py:896} INFO - Dependencies all met for <TaskInstance: to_datalake_pipeline.extract_from_git 2021-08-07T08:20:00+00:00 [queued]>
[2021-08-07 08:25:01,139] {taskinstance.py:896} INFO - Dependencies all met for <TaskInstance: to_datalake_pipeline.extract_from_git 2021-08-07T08:20:00+00:00 [queued]>
[2021-08-07 08:25:01,140] {taskinstance.py:1087} INFO - 
--------------------------------------------------------------------------------
[2021-08-07 08:25:01,141] {taskinstance.py:1088} INFO - Starting attempt 1 of 1
[2021-08-07 08:25:01,142] {taskinstance.py:1089} INFO - 
--------------------------------------------------------------------------------
[2021-08-07 08:25:01,148] {taskinstance.py:1107} INFO - Executing <Task(PythonOperator): extract_from_git> on 2021-08-07T08:20:00+00:00
[2021-08-07 08:25:01,152] {standard_task_runner.py:52} INFO - Started process 5047 to run task
[2021-08-07 08:25:01,156] {standard_task_runner.py:76} INFO - Running: ['***', 'tasks', 'run', 'to_datalake_pipeline', 'extract_from_git', '2021-08-07T08:20:00+00:00', '--job-id', '13', '--pool', 'default_pool', '--raw', '--subdir', 'DAGS_FOLDER/to_datalake_pipeline.py', '--cfg-path', '/tmp/tmphhoqo9ka', '--error-file', '/tmp/tmpyrzqkicd']
[2021-08-07 08:25:01,157] {standard_task_runner.py:77} INFO - Job 13: Subtask extract_from_git
[2021-08-07 08:25:01,201] {logging_mixin.py:104} INFO - Running <TaskInstance: to_datalake_pipeline.extract_from_git 2021-08-07T08:20:00+00:00 [running]> on host 0af53fa45088
[2021-08-07 08:25:01,243] {taskinstance.py:1302} INFO - Exporting the following env vars:
AIRFLOW_CTX_DAG_OWNER=***
AIRFLOW_CTX_DAG_ID=to_datalake_pipeline
AIRFLOW_CTX_TASK_ID=extract_from_git
AIRFLOW_CTX_EXECUTION_DATE=2021-08-07T08:20:00+00:00
AIRFLOW_CTX_DAG_RUN_ID=scheduled__2021-08-07T08:20:00+00:00
[2021-08-07 08:25:01,245] {logging_mixin.py:104} INFO - Downloading data from -> https://raw.githubusercontent.com/rezaprimasatya/DTO-DE-JUN-MID/main/data.zip
[2021-08-07 08:25:10,365] {logging_mixin.py:104} INFO - Unzipping Data
[2021-08-07 08:25:10,439] {logging_mixin.py:104} INFO - Transform Data to Pandas Dataframe
[2021-08-07 08:25:10,625] {logging_mixin.py:104} INFO - Load data to datalake
[2021-08-07 08:25:10,638] {logging_mixin.py:104} INFO - Load table : REGION
[2021-08-07 08:25:10,673] {logging_mixin.py:104} INFO - Load table : NATION
[2021-08-07 08:25:10,689] {logging_mixin.py:104} INFO - Load table : PART
[2021-08-07 08:25:10,780] {logging_mixin.py:104} INFO - Load table : SUPPLIER
[2021-08-07 08:25:10,799] {logging_mixin.py:104} INFO - Load table : PARTSUPP
[2021-08-07 08:25:11,115] {logging_mixin.py:104} INFO - Load table : CUSTOMER
[2021-08-07 08:25:11,179] {logging_mixin.py:104} INFO - Load table : ORDERS
[2021-08-07 08:25:11,841] {logging_mixin.py:104} INFO - Load table : LINEITEM
[2021-08-07 08:25:15,295] {python.py:151} INFO - Done. Returned value was: None
[2021-08-07 08:25:15,304] {taskinstance.py:1211} INFO - Marking task as SUCCESS. dag_id=to_datalake_pipeline, task_id=extract_from_git, execution_date=20210807T082000, start_date=20210807T082501, end_date=20210807T082515
[2021-08-07 08:25:15,324] {taskinstance.py:1265} INFO - 0 downstream tasks scheduled from follow-on schedule check
[2021-08-07 08:25:15,369] {local_task_job.py:149} INFO - Task exited with return code 0
