[2021-08-08 03:19:58,284] {taskinstance.py:896} INFO - Dependencies all met for <TaskInstance: standardized_pipeline.standardized_pipeline_start 2021-08-08T03:10:00+00:00 [queued]>
[2021-08-08 03:19:58,326] {taskinstance.py:896} INFO - Dependencies all met for <TaskInstance: standardized_pipeline.standardized_pipeline_start 2021-08-08T03:10:00+00:00 [queued]>
[2021-08-08 03:19:58,328] {taskinstance.py:1087} INFO - 
--------------------------------------------------------------------------------
[2021-08-08 03:19:58,331] {taskinstance.py:1088} INFO - Starting attempt 1 of 11
[2021-08-08 03:19:58,332] {taskinstance.py:1089} INFO - 
--------------------------------------------------------------------------------
[2021-08-08 03:19:58,352] {taskinstance.py:1107} INFO - Executing <Task(ExternalTaskSensor): standardized_pipeline_start> on 2021-08-08T03:10:00+00:00
[2021-08-08 03:19:58,365] {standard_task_runner.py:52} INFO - Started process 98 to run task
[2021-08-08 03:19:58,376] {standard_task_runner.py:76} INFO - Running: ['***', 'tasks', 'run', 'standardized_pipeline', 'standardized_pipeline_start', '2021-08-08T03:10:00+00:00', '--job-id', '3', '--pool', 'default_pool', '--raw', '--subdir', 'DAGS_FOLDER/standardized_pipeline.py', '--cfg-path', '/tmp/tmph03i19j3', '--error-file', '/tmp/tmpcfbvnpxn']
[2021-08-08 03:19:58,378] {standard_task_runner.py:77} INFO - Job 3: Subtask standardized_pipeline_start
[2021-08-08 03:19:58,476] {logging_mixin.py:104} INFO - Running <TaskInstance: standardized_pipeline.standardized_pipeline_start 2021-08-08T03:10:00+00:00 [running]> on host 3d9097dcbc7f
[2021-08-08 03:19:58,594] {taskinstance.py:1302} INFO - Exporting the following env vars:
AIRFLOW_CTX_DAG_EMAIL=wildangbudhi@gmail.com
AIRFLOW_CTX_DAG_OWNER=***
AIRFLOW_CTX_DAG_ID=standardized_pipeline
AIRFLOW_CTX_TASK_ID=standardized_pipeline_start
AIRFLOW_CTX_EXECUTION_DATE=2021-08-08T03:10:00+00:00
AIRFLOW_CTX_DAG_RUN_ID=scheduled__2021-08-08T03:10:00+00:00
[2021-08-08 03:19:58,611] {external_task.py:152} INFO - Poking for to_datalake_pipeline.to_datalake_pipeline_end_task on 2021-08-08T03:10:00+00:00 ... 
[2021-08-08 03:19:58,667] {taskinstance.py:1484} INFO - Rescheduling task, marking task as UP_FOR_RESCHEDULE
[2021-08-08 03:19:58,720] {local_task_job.py:149} INFO - Task exited with return code 0
[2021-08-08 03:20:59,586] {taskinstance.py:896} INFO - Dependencies all met for <TaskInstance: standardized_pipeline.standardized_pipeline_start 2021-08-08T03:10:00+00:00 [queued]>
[2021-08-08 03:20:59,613] {taskinstance.py:896} INFO - Dependencies all met for <TaskInstance: standardized_pipeline.standardized_pipeline_start 2021-08-08T03:10:00+00:00 [queued]>
[2021-08-08 03:20:59,615] {taskinstance.py:1087} INFO - 
--------------------------------------------------------------------------------
[2021-08-08 03:20:59,616] {taskinstance.py:1088} INFO - Starting attempt 1 of 11
[2021-08-08 03:20:59,617] {taskinstance.py:1089} INFO - 
--------------------------------------------------------------------------------
[2021-08-08 03:20:59,630] {taskinstance.py:1107} INFO - Executing <Task(ExternalTaskSensor): standardized_pipeline_start> on 2021-08-08T03:10:00+00:00
[2021-08-08 03:20:59,647] {standard_task_runner.py:76} INFO - Running: ['***', 'tasks', 'run', 'standardized_pipeline', 'standardized_pipeline_start', '2021-08-08T03:10:00+00:00', '--job-id', '6', '--pool', 'default_pool', '--raw', '--subdir', 'DAGS_FOLDER/standardized_pipeline.py', '--cfg-path', '/tmp/tmpdqtmvpxx', '--error-file', '/tmp/tmp7_wk34b3']
[2021-08-08 03:20:59,638] {standard_task_runner.py:52} INFO - Started process 183 to run task
[2021-08-08 03:20:59,650] {standard_task_runner.py:77} INFO - Job 6: Subtask standardized_pipeline_start
[2021-08-08 03:20:59,736] {logging_mixin.py:104} INFO - Running <TaskInstance: standardized_pipeline.standardized_pipeline_start 2021-08-08T03:10:00+00:00 [running]> on host 3d9097dcbc7f
[2021-08-08 03:20:59,844] {taskinstance.py:1302} INFO - Exporting the following env vars:
AIRFLOW_CTX_DAG_EMAIL=wildangbudhi@gmail.com
AIRFLOW_CTX_DAG_OWNER=***
AIRFLOW_CTX_DAG_ID=standardized_pipeline
AIRFLOW_CTX_TASK_ID=standardized_pipeline_start
AIRFLOW_CTX_EXECUTION_DATE=2021-08-08T03:10:00+00:00
AIRFLOW_CTX_DAG_RUN_ID=scheduled__2021-08-08T03:10:00+00:00
[2021-08-08 03:20:59,866] {external_task.py:152} INFO - Poking for to_datalake_pipeline.to_datalake_pipeline_end_task on 2021-08-08T03:10:00+00:00 ... 
[2021-08-08 03:20:59,929] {taskinstance.py:1484} INFO - Rescheduling task, marking task as UP_FOR_RESCHEDULE
[2021-08-08 03:20:59,988] {local_task_job.py:149} INFO - Task exited with return code 0
[2021-08-08 03:22:00,757] {taskinstance.py:896} INFO - Dependencies all met for <TaskInstance: standardized_pipeline.standardized_pipeline_start 2021-08-08T03:10:00+00:00 [queued]>
[2021-08-08 03:22:00,780] {taskinstance.py:896} INFO - Dependencies all met for <TaskInstance: standardized_pipeline.standardized_pipeline_start 2021-08-08T03:10:00+00:00 [queued]>
[2021-08-08 03:22:00,781] {taskinstance.py:1087} INFO - 
--------------------------------------------------------------------------------
[2021-08-08 03:22:00,782] {taskinstance.py:1088} INFO - Starting attempt 1 of 11
[2021-08-08 03:22:00,783] {taskinstance.py:1089} INFO - 
--------------------------------------------------------------------------------
[2021-08-08 03:22:00,794] {taskinstance.py:1107} INFO - Executing <Task(ExternalTaskSensor): standardized_pipeline_start> on 2021-08-08T03:10:00+00:00
[2021-08-08 03:22:00,806] {standard_task_runner.py:76} INFO - Running: ['***', 'tasks', 'run', 'standardized_pipeline', 'standardized_pipeline_start', '2021-08-08T03:10:00+00:00', '--job-id', '10', '--pool', 'default_pool', '--raw', '--subdir', 'DAGS_FOLDER/standardized_pipeline.py', '--cfg-path', '/tmp/tmp2213njnb', '--error-file', '/tmp/tmpfqqxfmp6']
[2021-08-08 03:22:00,800] {standard_task_runner.py:52} INFO - Started process 259 to run task
[2021-08-08 03:22:00,808] {standard_task_runner.py:77} INFO - Job 10: Subtask standardized_pipeline_start
[2021-08-08 03:22:00,874] {logging_mixin.py:104} INFO - Running <TaskInstance: standardized_pipeline.standardized_pipeline_start 2021-08-08T03:10:00+00:00 [running]> on host 3d9097dcbc7f
[2021-08-08 03:22:00,956] {taskinstance.py:1302} INFO - Exporting the following env vars:
AIRFLOW_CTX_DAG_EMAIL=wildangbudhi@gmail.com
AIRFLOW_CTX_DAG_OWNER=***
AIRFLOW_CTX_DAG_ID=standardized_pipeline
AIRFLOW_CTX_TASK_ID=standardized_pipeline_start
AIRFLOW_CTX_EXECUTION_DATE=2021-08-08T03:10:00+00:00
AIRFLOW_CTX_DAG_RUN_ID=scheduled__2021-08-08T03:10:00+00:00
[2021-08-08 03:22:00,969] {external_task.py:152} INFO - Poking for to_datalake_pipeline.to_datalake_pipeline_end_task on 2021-08-08T03:10:00+00:00 ... 
[2021-08-08 03:22:01,010] {taskinstance.py:1484} INFO - Rescheduling task, marking task as UP_FOR_RESCHEDULE
[2021-08-08 03:22:01,024] {local_task_job.py:149} INFO - Task exited with return code 0
[2021-08-08 03:23:01,599] {taskinstance.py:896} INFO - Dependencies all met for <TaskInstance: standardized_pipeline.standardized_pipeline_start 2021-08-08T03:10:00+00:00 [queued]>
[2021-08-08 03:23:01,623] {taskinstance.py:896} INFO - Dependencies all met for <TaskInstance: standardized_pipeline.standardized_pipeline_start 2021-08-08T03:10:00+00:00 [queued]>
[2021-08-08 03:23:01,624] {taskinstance.py:1087} INFO - 
--------------------------------------------------------------------------------
[2021-08-08 03:23:01,625] {taskinstance.py:1088} INFO - Starting attempt 1 of 11
[2021-08-08 03:23:01,625] {taskinstance.py:1089} INFO - 
--------------------------------------------------------------------------------
[2021-08-08 03:23:01,635] {taskinstance.py:1107} INFO - Executing <Task(ExternalTaskSensor): standardized_pipeline_start> on 2021-08-08T03:10:00+00:00
[2021-08-08 03:23:01,641] {standard_task_runner.py:52} INFO - Started process 348 to run task
[2021-08-08 03:23:01,646] {standard_task_runner.py:76} INFO - Running: ['***', 'tasks', 'run', 'standardized_pipeline', 'standardized_pipeline_start', '2021-08-08T03:10:00+00:00', '--job-id', '12', '--pool', 'default_pool', '--raw', '--subdir', 'DAGS_FOLDER/standardized_pipeline.py', '--cfg-path', '/tmp/tmpp_4g1v5j', '--error-file', '/tmp/tmpyctrc4l8']
[2021-08-08 03:23:01,648] {standard_task_runner.py:77} INFO - Job 12: Subtask standardized_pipeline_start
[2021-08-08 03:23:01,707] {logging_mixin.py:104} INFO - Running <TaskInstance: standardized_pipeline.standardized_pipeline_start 2021-08-08T03:10:00+00:00 [running]> on host 3d9097dcbc7f
[2021-08-08 03:23:01,762] {taskinstance.py:1302} INFO - Exporting the following env vars:
AIRFLOW_CTX_DAG_EMAIL=wildangbudhi@gmail.com
AIRFLOW_CTX_DAG_OWNER=***
AIRFLOW_CTX_DAG_ID=standardized_pipeline
AIRFLOW_CTX_TASK_ID=standardized_pipeline_start
AIRFLOW_CTX_EXECUTION_DATE=2021-08-08T03:10:00+00:00
AIRFLOW_CTX_DAG_RUN_ID=scheduled__2021-08-08T03:10:00+00:00
[2021-08-08 03:23:01,773] {external_task.py:152} INFO - Poking for to_datalake_pipeline.to_datalake_pipeline_end_task on 2021-08-08T03:10:00+00:00 ... 
[2021-08-08 03:23:01,820] {taskinstance.py:1484} INFO - Rescheduling task, marking task as UP_FOR_RESCHEDULE
[2021-08-08 03:23:01,864] {local_task_job.py:149} INFO - Task exited with return code 0
[2021-08-08 03:24:02,354] {taskinstance.py:896} INFO - Dependencies all met for <TaskInstance: standardized_pipeline.standardized_pipeline_start 2021-08-08T03:10:00+00:00 [queued]>
[2021-08-08 03:24:02,369] {taskinstance.py:896} INFO - Dependencies all met for <TaskInstance: standardized_pipeline.standardized_pipeline_start 2021-08-08T03:10:00+00:00 [queued]>
[2021-08-08 03:24:02,370] {taskinstance.py:1087} INFO - 
--------------------------------------------------------------------------------
[2021-08-08 03:24:02,370] {taskinstance.py:1088} INFO - Starting attempt 1 of 11
[2021-08-08 03:24:02,371] {taskinstance.py:1089} INFO - 
--------------------------------------------------------------------------------
[2021-08-08 03:24:02,378] {taskinstance.py:1107} INFO - Executing <Task(ExternalTaskSensor): standardized_pipeline_start> on 2021-08-08T03:10:00+00:00
[2021-08-08 03:24:02,382] {standard_task_runner.py:52} INFO - Started process 438 to run task
[2021-08-08 03:24:02,386] {standard_task_runner.py:76} INFO - Running: ['***', 'tasks', 'run', 'standardized_pipeline', 'standardized_pipeline_start', '2021-08-08T03:10:00+00:00', '--job-id', '14', '--pool', 'default_pool', '--raw', '--subdir', 'DAGS_FOLDER/standardized_pipeline.py', '--cfg-path', '/tmp/tmp7x7wqr1c', '--error-file', '/tmp/tmpao5_rbzg']
[2021-08-08 03:24:02,388] {standard_task_runner.py:77} INFO - Job 14: Subtask standardized_pipeline_start
[2021-08-08 03:24:02,432] {logging_mixin.py:104} INFO - Running <TaskInstance: standardized_pipeline.standardized_pipeline_start 2021-08-08T03:10:00+00:00 [running]> on host 3d9097dcbc7f
[2021-08-08 03:24:02,478] {taskinstance.py:1302} INFO - Exporting the following env vars:
AIRFLOW_CTX_DAG_EMAIL=wildangbudhi@gmail.com
AIRFLOW_CTX_DAG_OWNER=***
AIRFLOW_CTX_DAG_ID=standardized_pipeline
AIRFLOW_CTX_TASK_ID=standardized_pipeline_start
AIRFLOW_CTX_EXECUTION_DATE=2021-08-08T03:10:00+00:00
AIRFLOW_CTX_DAG_RUN_ID=scheduled__2021-08-08T03:10:00+00:00
[2021-08-08 03:24:02,487] {external_task.py:152} INFO - Poking for to_datalake_pipeline.to_datalake_pipeline_end_task on 2021-08-08T03:10:00+00:00 ... 
[2021-08-08 03:24:02,514] {taskinstance.py:1484} INFO - Rescheduling task, marking task as UP_FOR_RESCHEDULE
[2021-08-08 03:24:02,563] {local_task_job.py:149} INFO - Task exited with return code 0
[2021-08-08 03:25:03,120] {taskinstance.py:896} INFO - Dependencies all met for <TaskInstance: standardized_pipeline.standardized_pipeline_start 2021-08-08T03:10:00+00:00 [queued]>
[2021-08-08 03:25:03,134] {taskinstance.py:896} INFO - Dependencies all met for <TaskInstance: standardized_pipeline.standardized_pipeline_start 2021-08-08T03:10:00+00:00 [queued]>
[2021-08-08 03:25:03,135] {taskinstance.py:1087} INFO - 
--------------------------------------------------------------------------------
[2021-08-08 03:25:03,135] {taskinstance.py:1088} INFO - Starting attempt 1 of 11
[2021-08-08 03:25:03,136] {taskinstance.py:1089} INFO - 
--------------------------------------------------------------------------------
[2021-08-08 03:25:03,143] {taskinstance.py:1107} INFO - Executing <Task(ExternalTaskSensor): standardized_pipeline_start> on 2021-08-08T03:10:00+00:00
[2021-08-08 03:25:03,151] {standard_task_runner.py:76} INFO - Running: ['***', 'tasks', 'run', 'standardized_pipeline', 'standardized_pipeline_start', '2021-08-08T03:10:00+00:00', '--job-id', '18', '--pool', 'default_pool', '--raw', '--subdir', 'DAGS_FOLDER/standardized_pipeline.py', '--cfg-path', '/tmp/tmpwetfygzb', '--error-file', '/tmp/tmpepib59b2']
[2021-08-08 03:25:03,147] {standard_task_runner.py:52} INFO - Started process 533 to run task
[2021-08-08 03:25:03,152] {standard_task_runner.py:77} INFO - Job 18: Subtask standardized_pipeline_start
[2021-08-08 03:25:03,194] {logging_mixin.py:104} INFO - Running <TaskInstance: standardized_pipeline.standardized_pipeline_start 2021-08-08T03:10:00+00:00 [running]> on host 3d9097dcbc7f
[2021-08-08 03:25:03,238] {taskinstance.py:1302} INFO - Exporting the following env vars:
AIRFLOW_CTX_DAG_EMAIL=wildangbudhi@gmail.com
AIRFLOW_CTX_DAG_OWNER=***
AIRFLOW_CTX_DAG_ID=standardized_pipeline
AIRFLOW_CTX_TASK_ID=standardized_pipeline_start
AIRFLOW_CTX_EXECUTION_DATE=2021-08-08T03:10:00+00:00
AIRFLOW_CTX_DAG_RUN_ID=scheduled__2021-08-08T03:10:00+00:00
[2021-08-08 03:25:03,247] {external_task.py:152} INFO - Poking for to_datalake_pipeline.to_datalake_pipeline_end_task on 2021-08-08T03:10:00+00:00 ... 
[2021-08-08 03:25:03,276] {taskinstance.py:1484} INFO - Rescheduling task, marking task as UP_FOR_RESCHEDULE
[2021-08-08 03:25:03,287] {local_task_job.py:149} INFO - Task exited with return code 0
[2021-08-08 03:26:04,185] {taskinstance.py:896} INFO - Dependencies all met for <TaskInstance: standardized_pipeline.standardized_pipeline_start 2021-08-08T03:10:00+00:00 [queued]>
[2021-08-08 03:26:04,202] {taskinstance.py:896} INFO - Dependencies all met for <TaskInstance: standardized_pipeline.standardized_pipeline_start 2021-08-08T03:10:00+00:00 [queued]>
[2021-08-08 03:26:04,203] {taskinstance.py:1087} INFO - 
--------------------------------------------------------------------------------
[2021-08-08 03:26:04,204] {taskinstance.py:1088} INFO - Starting attempt 1 of 11
[2021-08-08 03:26:04,204] {taskinstance.py:1089} INFO - 
--------------------------------------------------------------------------------
[2021-08-08 03:26:04,213] {taskinstance.py:1107} INFO - Executing <Task(ExternalTaskSensor): standardized_pipeline_start> on 2021-08-08T03:10:00+00:00
[2021-08-08 03:26:04,224] {standard_task_runner.py:76} INFO - Running: ['***', 'tasks', 'run', 'standardized_pipeline', 'standardized_pipeline_start', '2021-08-08T03:10:00+00:00', '--job-id', '21', '--pool', 'default_pool', '--raw', '--subdir', 'DAGS_FOLDER/standardized_pipeline.py', '--cfg-path', '/tmp/tmprpusn99y', '--error-file', '/tmp/tmph6mb40_2']
[2021-08-08 03:26:04,218] {standard_task_runner.py:52} INFO - Started process 624 to run task
[2021-08-08 03:26:04,225] {standard_task_runner.py:77} INFO - Job 21: Subtask standardized_pipeline_start
[2021-08-08 03:26:04,279] {logging_mixin.py:104} INFO - Running <TaskInstance: standardized_pipeline.standardized_pipeline_start 2021-08-08T03:10:00+00:00 [running]> on host 3d9097dcbc7f
[2021-08-08 03:26:04,334] {taskinstance.py:1302} INFO - Exporting the following env vars:
AIRFLOW_CTX_DAG_EMAIL=wildangbudhi@gmail.com
AIRFLOW_CTX_DAG_OWNER=***
AIRFLOW_CTX_DAG_ID=standardized_pipeline
AIRFLOW_CTX_TASK_ID=standardized_pipeline_start
AIRFLOW_CTX_EXECUTION_DATE=2021-08-08T03:10:00+00:00
AIRFLOW_CTX_DAG_RUN_ID=scheduled__2021-08-08T03:10:00+00:00
[2021-08-08 03:26:04,344] {external_task.py:152} INFO - Poking for to_datalake_pipeline.to_datalake_pipeline_end_task on 2021-08-08T03:10:00+00:00 ... 
[2021-08-08 03:26:04,376] {taskinstance.py:1484} INFO - Rescheduling task, marking task as UP_FOR_RESCHEDULE
[2021-08-08 03:26:04,400] {local_task_job.py:149} INFO - Task exited with return code 0
