[2021-08-07 15:05:03,567] {taskinstance.py:896} INFO - Dependencies all met for <TaskInstance: standardized_pipeline.standardized_customer 2021-08-07T15:00:00+00:00 [queued]>
[2021-08-07 15:05:03,587] {taskinstance.py:896} INFO - Dependencies all met for <TaskInstance: standardized_pipeline.standardized_customer 2021-08-07T15:00:00+00:00 [queued]>
[2021-08-07 15:05:03,591] {taskinstance.py:1087} INFO - 
--------------------------------------------------------------------------------
[2021-08-07 15:05:03,592] {taskinstance.py:1088} INFO - Starting attempt 1 of 1
[2021-08-07 15:05:03,593] {taskinstance.py:1089} INFO - 
--------------------------------------------------------------------------------
[2021-08-07 15:05:03,621] {taskinstance.py:1107} INFO - Executing <Task(MySqlOperator): standardized_customer> on 2021-08-07T15:00:00+00:00
[2021-08-07 15:05:03,632] {standard_task_runner.py:76} INFO - Running: ['***', 'tasks', 'run', 'standardized_pipeline', 'standardized_customer', '2021-08-07T15:00:00+00:00', '--job-id', '143', '--pool', 'default_pool', '--raw', '--subdir', 'DAGS_FOLDER/standardized_pipeline.py', '--cfg-path', '/tmp/tmpyp91rn9u', '--error-file', '/tmp/tmpc0x8gi5w']
[2021-08-07 15:05:03,634] {standard_task_runner.py:77} INFO - Job 143: Subtask standardized_customer
[2021-08-07 15:05:03,626] {standard_task_runner.py:52} INFO - Started process 8702 to run task
[2021-08-07 15:05:03,717] {logging_mixin.py:104} INFO - Running <TaskInstance: standardized_pipeline.standardized_customer 2021-08-07T15:00:00+00:00 [running]> on host ab70d6dafbc6
[2021-08-07 15:05:03,809] {taskinstance.py:1302} INFO - Exporting the following env vars:
AIRFLOW_CTX_DAG_OWNER=***
AIRFLOW_CTX_DAG_ID=standardized_pipeline
AIRFLOW_CTX_TASK_ID=standardized_customer
AIRFLOW_CTX_EXECUTION_DATE=2021-08-07T15:00:00+00:00
AIRFLOW_CTX_DAG_RUN_ID=scheduled__2021-08-07T15:00:00+00:00
[2021-08-07 15:05:03,812] {mysql.py:70} INFO - Executing: INSERT IGNORE INTO standardized.CUSTOMER(
	`CUSTOMER_KEY`,
    `CUSTOMER_NAME`,
    `CUSTOMER_ADDRESS`,
    `NATION_KEY`,
    `CUSTOMER_PHONE`,
    `CUSTOMER_ACCTBAL`,
    `CUSTOMER_MKTSEGMENT`,
    `CUSTOMER_COMMENT`
) 

WITH customer_last_5_minutes AS (
	SELECT
		DISTINCT 
		CAST(C_CUSTKEY AS SIGNED) AS C_CUSTKEY,
		C_NAME,
		C_ADDRESS,
		CAST(C_NATIONKEY AS SIGNED) AS C_NATIONKEY,
		C_PHONE,
		C_ACCTBAL,
		C_MKTSEGMENT,
		C_COMMENT
	FROM
		datalake.CUSTOMER
	WHERE INGESTION_TIMESTAMP >= DATE_SUB(NOW(), INTERVAL 5 MINUTE)
)

SELECT 
	* 
FROM 
	customer_last_5_minutes
[2021-08-07 15:05:03,829] {base.py:78} INFO - Using connection to: id: dwh_id. Host: dwh, Port: 3306, Schema: , Login: root, Password: ***, extra: {}
[2021-08-07 15:05:03,846] {dbapi.py:204} INFO - Running statement: INSERT IGNORE INTO standardized.CUSTOMER(
	`CUSTOMER_KEY`,
    `CUSTOMER_NAME`,
    `CUSTOMER_ADDRESS`,
    `NATION_KEY`,
    `CUSTOMER_PHONE`,
    `CUSTOMER_ACCTBAL`,
    `CUSTOMER_MKTSEGMENT`,
    `CUSTOMER_COMMENT`
) 

WITH customer_last_5_minutes AS (
	SELECT
		DISTINCT 
		CAST(C_CUSTKEY AS SIGNED) AS C_CUSTKEY,
		C_NAME,
		C_ADDRESS,
		CAST(C_NATIONKEY AS SIGNED) AS C_NATIONKEY,
		C_PHONE,
		C_ACCTBAL,
		C_MKTSEGMENT,
		C_COMMENT
	FROM
		datalake.CUSTOMER
	WHERE INGESTION_TIMESTAMP >= DATE_SUB(NOW(), INTERVAL 5 MINUTE)
)

SELECT 
	* 
FROM 
	customer_last_5_minutes, parameters: None
[2021-08-07 15:05:04,037] {dbapi.py:212} INFO - Rows affected: 1500
[2021-08-07 15:05:04,051] {taskinstance.py:1211} INFO - Marking task as SUCCESS. dag_id=standardized_pipeline, task_id=standardized_customer, execution_date=20210807T150000, start_date=20210807T150503, end_date=20210807T150504
[2021-08-07 15:05:04,076] {taskinstance.py:1265} INFO - 0 downstream tasks scheduled from follow-on schedule check
[2021-08-07 15:05:04,115] {local_task_job.py:149} INFO - Task exited with return code 0
