[2021-08-07 16:37:36,623] {taskinstance.py:896} INFO - Dependencies all met for <TaskInstance: presentation_pipeline.presentation_part 2021-08-07T16:37:34.047037+00:00 [queued]>
[2021-08-07 16:37:36,641] {taskinstance.py:896} INFO - Dependencies all met for <TaskInstance: presentation_pipeline.presentation_part 2021-08-07T16:37:34.047037+00:00 [queued]>
[2021-08-07 16:37:36,642] {taskinstance.py:1087} INFO - 
--------------------------------------------------------------------------------
[2021-08-07 16:37:36,642] {taskinstance.py:1088} INFO - Starting attempt 1 of 1
[2021-08-07 16:37:36,643] {taskinstance.py:1089} INFO - 
--------------------------------------------------------------------------------
[2021-08-07 16:37:36,650] {taskinstance.py:1107} INFO - Executing <Task(MySqlOperator): presentation_part> on 2021-08-07T16:37:34.047037+00:00
[2021-08-07 16:37:36,655] {standard_task_runner.py:52} INFO - Started process 578 to run task
[2021-08-07 16:37:36,660] {standard_task_runner.py:76} INFO - Running: ['***', 'tasks', 'run', 'presentation_pipeline', 'presentation_part', '2021-08-07T16:37:34.047037+00:00', '--job-id', '53', '--pool', 'default_pool', '--raw', '--subdir', 'DAGS_FOLDER/presentation_pipeline.py', '--cfg-path', '/tmp/tmp19q25nci', '--error-file', '/tmp/tmp86q9_y_q']
[2021-08-07 16:37:36,661] {standard_task_runner.py:77} INFO - Job 53: Subtask presentation_part
[2021-08-07 16:37:36,706] {logging_mixin.py:104} INFO - Running <TaskInstance: presentation_pipeline.presentation_part 2021-08-07T16:37:34.047037+00:00 [running]> on host c8552014663a
[2021-08-07 16:37:36,791] {taskinstance.py:1302} INFO - Exporting the following env vars:
AIRFLOW_CTX_DAG_OWNER=***
AIRFLOW_CTX_DAG_ID=presentation_pipeline
AIRFLOW_CTX_TASK_ID=presentation_part
AIRFLOW_CTX_EXECUTION_DATE=2021-08-07T16:37:34.047037+00:00
AIRFLOW_CTX_DAG_RUN_ID=manual__2021-08-07T16:37:34.047037+00:00
[2021-08-07 16:37:36,793] {mysql.py:70} INFO - Executing: INSERT IGNORE INTO presentation.PART (
	`PART_KEY`,
    `PART_NAME`,
    `PART_SIZE`,
    `PART_CONTAINER`,
    `PART_RETAILPRICE`
) 

SELECT 
	p.PART_KEY,
	p.PART_NAME,
	p.PART_SIZE,
	p.PART_CONTAINER,
	p.PART_RETAILPRICE
FROM 
	standardized.PART p 
WHERE 
	p.INGESTION_TIMESTAMP >= DATE_SUB(NOW(), INTERVAL 5 MINUTE)
[2021-08-07 16:37:36,803] {base.py:78} INFO - Using connection to: id: dwh_id. Host: dwh, Port: 3306, Schema: , Login: root, Password: ***, extra: {}
[2021-08-07 16:37:36,815] {dbapi.py:204} INFO - Running statement: INSERT IGNORE INTO presentation.PART (
	`PART_KEY`,
    `PART_NAME`,
    `PART_SIZE`,
    `PART_CONTAINER`,
    `PART_RETAILPRICE`
) 

SELECT 
	p.PART_KEY,
	p.PART_NAME,
	p.PART_SIZE,
	p.PART_CONTAINER,
	p.PART_RETAILPRICE
FROM 
	standardized.PART p 
WHERE 
	p.INGESTION_TIMESTAMP >= DATE_SUB(NOW(), INTERVAL 5 MINUTE), parameters: None
[2021-08-07 16:37:36,874] {dbapi.py:212} INFO - Rows affected: 0
[2021-08-07 16:37:36,888] {taskinstance.py:1211} INFO - Marking task as SUCCESS. dag_id=presentation_pipeline, task_id=presentation_part, execution_date=20210807T163734, start_date=20210807T163736, end_date=20210807T163736
[2021-08-07 16:37:36,911] {taskinstance.py:1265} INFO - 0 downstream tasks scheduled from follow-on schedule check
[2021-08-07 16:37:36,956] {local_task_job.py:149} INFO - Task exited with return code 0
