[2021-08-08 08:40:11,500] {taskinstance.py:896} INFO - Dependencies all met for <TaskInstance: presentation_pipeline.presentation_pipeline_start 2021-08-08T08:40:10.801573+00:00 [queued]>
[2021-08-08 08:40:11,515] {taskinstance.py:896} INFO - Dependencies all met for <TaskInstance: presentation_pipeline.presentation_pipeline_start 2021-08-08T08:40:10.801573+00:00 [queued]>
[2021-08-08 08:40:11,516] {taskinstance.py:1087} INFO - 
--------------------------------------------------------------------------------
[2021-08-08 08:40:11,516] {taskinstance.py:1088} INFO - Starting attempt 1 of 1
[2021-08-08 08:40:11,517] {taskinstance.py:1089} INFO - 
--------------------------------------------------------------------------------
[2021-08-08 08:40:11,524] {taskinstance.py:1107} INFO - Executing <Task(ExternalTaskSensor): presentation_pipeline_start> on 2021-08-08T08:40:10.801573+00:00
[2021-08-08 08:40:11,533] {standard_task_runner.py:76} INFO - Running: ['***', 'tasks', 'run', 'presentation_pipeline', 'presentation_pipeline_start', '2021-08-08T08:40:10.801573+00:00', '--job-id', '33', '--pool', 'default_pool', '--raw', '--subdir', 'DAGS_FOLDER/presentation_pipeline.py', '--cfg-path', '/tmp/tmp5pfv_gtd', '--error-file', '/tmp/tmp7ua78j91']
[2021-08-08 08:40:11,529] {standard_task_runner.py:52} INFO - Started process 1027 to run task
[2021-08-08 08:40:11,534] {standard_task_runner.py:77} INFO - Job 33: Subtask presentation_pipeline_start
[2021-08-08 08:40:11,573] {logging_mixin.py:104} INFO - Running <TaskInstance: presentation_pipeline.presentation_pipeline_start 2021-08-08T08:40:10.801573+00:00 [running]> on host 5e970160fe16
[2021-08-08 08:40:11,616] {taskinstance.py:1302} INFO - Exporting the following env vars:
AIRFLOW_CTX_DAG_OWNER=***
AIRFLOW_CTX_DAG_ID=presentation_pipeline
AIRFLOW_CTX_TASK_ID=presentation_pipeline_start
AIRFLOW_CTX_EXECUTION_DATE=2021-08-08T08:40:10.801573+00:00
AIRFLOW_CTX_DAG_RUN_ID=manual__2021-08-08T08:40:10.801573+00:00
[2021-08-08 08:40:11,617] {external_task.py:152} INFO - Poking for standardized_pipeline.standardized_pipeline_end on 2021-08-08T08:40:10.801573+00:00 ... 
[2021-08-08 08:40:21,632] {local_task_job.py:198} WARNING - State of this instance has been externally set to success. Terminating instance.
[2021-08-08 08:40:21,634] {process_utils.py:100} INFO - Sending Signals.SIGTERM to GPID 1027
[2021-08-08 08:40:21,635] {taskinstance.py:1284} ERROR - Received SIGTERM. Terminating subprocesses.
[2021-08-08 08:40:21,662] {process_utils.py:66} INFO - Process psutil.Process(pid=1027, status='terminated', exitcode=0, started='08:40:11') (1027) terminated with exit code 0
