[2021-08-08 08:04:29,942] {taskinstance.py:896} INFO - Dependencies all met for <TaskInstance: standardized_pipeline.standardized_orders 2021-08-08T07:00:00+00:00 [queued]>
[2021-08-08 08:04:29,977] {taskinstance.py:896} INFO - Dependencies all met for <TaskInstance: standardized_pipeline.standardized_orders 2021-08-08T07:00:00+00:00 [queued]>
[2021-08-08 08:04:29,979] {taskinstance.py:1087} INFO - 
--------------------------------------------------------------------------------
[2021-08-08 08:04:29,980] {taskinstance.py:1088} INFO - Starting attempt 1 of 11
[2021-08-08 08:04:29,980] {taskinstance.py:1089} INFO - 
--------------------------------------------------------------------------------
[2021-08-08 08:04:29,996] {taskinstance.py:1107} INFO - Executing <Task(MySqlOperator): standardized_orders> on 2021-08-08T07:00:00+00:00
[2021-08-08 08:04:30,007] {standard_task_runner.py:52} INFO - Started process 1060 to run task
[2021-08-08 08:04:30,020] {standard_task_runner.py:76} INFO - Running: ['***', 'tasks', 'run', 'standardized_pipeline', 'standardized_orders', '2021-08-08T07:00:00+00:00', '--job-id', '21', '--pool', 'default_pool', '--raw', '--subdir', 'DAGS_FOLDER/standardized_pipeline.py', '--cfg-path', '/tmp/tmpanss_qlr', '--error-file', '/tmp/tmpbzm90fnp']
[2021-08-08 08:04:30,025] {standard_task_runner.py:77} INFO - Job 21: Subtask standardized_orders
[2021-08-08 08:04:30,145] {logging_mixin.py:104} INFO - Running <TaskInstance: standardized_pipeline.standardized_orders 2021-08-08T07:00:00+00:00 [running]> on host e453c42896df
[2021-08-08 08:04:30,276] {taskinstance.py:1302} INFO - Exporting the following env vars:
AIRFLOW_CTX_DAG_OWNER=***
AIRFLOW_CTX_DAG_ID=standardized_pipeline
AIRFLOW_CTX_TASK_ID=standardized_orders
AIRFLOW_CTX_EXECUTION_DATE=2021-08-08T07:00:00+00:00
AIRFLOW_CTX_DAG_RUN_ID=scheduled__2021-08-08T07:00:00+00:00
[2021-08-08 08:04:30,278] {mysql.py:70} INFO - Executing: INSERT INTO standardized.orders
WITH timeframed_data AS (
	SELECT
        DISTINCT
        CAST(O_ORDERKEY AS SIGNED) AS ORDER_KEY,
        CAST(O_CUSTKEY AS SIGNED) AS CUSTOMER_KEY,
        O_ORDERSTATUS AS ORDER_STATUS_TYPE,
        CAST(O_TOTALPRICE AS SIGNED) AS ORDER_TOTAL_PRICE,
        CAST(O_ORDERDATE AS DATE) AS ORDER_DATE,
        O_ORDERPRIORITY AS ORDER_PRIORITY_TYPE,
        O_CLERK AS ORDER_CLERK,
        O_SHIPPRIORITY AS ORDER_SHIPPRIORITY,
        O_COMMENT AS ORDER_COMMENT,
        NOW() AS INGESTION_TIMESTAMP
    FROM
        datalake.ORDERS o
    WHERE 
        o.INGESTION_TIMESTAMP >= DATE_SUB(NOW(), INTERVAL 1 HOUR)
)

SELECT 
	* 
FROM 
	timeframed_data
[2021-08-08 08:04:30,293] {base.py:78} INFO - Using connection to: id: dwh_id. Host: dwh, Port: 3306, Schema: , Login: root, Password: ***, extra: {}
[2021-08-08 08:04:30,322] {dbapi.py:204} INFO - Running statement: INSERT INTO standardized.orders
WITH timeframed_data AS (
	SELECT
        DISTINCT
        CAST(O_ORDERKEY AS SIGNED) AS ORDER_KEY,
        CAST(O_CUSTKEY AS SIGNED) AS CUSTOMER_KEY,
        O_ORDERSTATUS AS ORDER_STATUS_TYPE,
        CAST(O_TOTALPRICE AS SIGNED) AS ORDER_TOTAL_PRICE,
        CAST(O_ORDERDATE AS DATE) AS ORDER_DATE,
        O_ORDERPRIORITY AS ORDER_PRIORITY_TYPE,
        O_CLERK AS ORDER_CLERK,
        O_SHIPPRIORITY AS ORDER_SHIPPRIORITY,
        O_COMMENT AS ORDER_COMMENT,
        NOW() AS INGESTION_TIMESTAMP
    FROM
        datalake.ORDERS o
    WHERE 
        o.INGESTION_TIMESTAMP >= DATE_SUB(NOW(), INTERVAL 1 HOUR)
)

SELECT 
	* 
FROM 
	timeframed_data, parameters: None
[2021-08-08 08:04:30,924] {dbapi.py:212} INFO - Rows affected: 15000
[2021-08-08 08:04:30,945] {taskinstance.py:1211} INFO - Marking task as SUCCESS. dag_id=standardized_pipeline, task_id=standardized_orders, execution_date=20210808T070000, start_date=20210808T080429, end_date=20210808T080430
[2021-08-08 08:04:30,975] {taskinstance.py:1265} INFO - 0 downstream tasks scheduled from follow-on schedule check
[2021-08-08 08:04:31,004] {local_task_job.py:149} INFO - Task exited with return code 0
[2021-08-08 08:20:23,561] {taskinstance.py:896} INFO - Dependencies all met for <TaskInstance: standardized_pipeline.standardized_orders 2021-08-08T07:00:00+00:00 [queued]>
[2021-08-08 08:20:23,592] {taskinstance.py:896} INFO - Dependencies all met for <TaskInstance: standardized_pipeline.standardized_orders 2021-08-08T07:00:00+00:00 [queued]>
[2021-08-08 08:20:23,594] {taskinstance.py:1087} INFO - 
--------------------------------------------------------------------------------
[2021-08-08 08:20:23,595] {taskinstance.py:1088} INFO - Starting attempt 1 of 11
[2021-08-08 08:20:23,596] {taskinstance.py:1089} INFO - 
--------------------------------------------------------------------------------
[2021-08-08 08:20:23,622] {taskinstance.py:1107} INFO - Executing <Task(MySqlOperator): standardized_orders> on 2021-08-08T07:00:00+00:00
[2021-08-08 08:20:23,641] {standard_task_runner.py:76} INFO - Running: ['***', 'tasks', 'run', 'standardized_pipeline', 'standardized_orders', '2021-08-08T07:00:00+00:00', '--job-id', '23', '--pool', 'default_pool', '--raw', '--subdir', 'DAGS_FOLDER/standardized_pipeline.py', '--cfg-path', '/tmp/tmpse20fron', '--error-file', '/tmp/tmp2oi_2muo']
[2021-08-08 08:20:23,627] {standard_task_runner.py:52} INFO - Started process 387 to run task
[2021-08-08 08:20:23,652] {standard_task_runner.py:77} INFO - Job 23: Subtask standardized_orders
[2021-08-08 08:20:23,730] {logging_mixin.py:104} INFO - Running <TaskInstance: standardized_pipeline.standardized_orders 2021-08-08T07:00:00+00:00 [running]> on host 99d60a4279b8
[2021-08-08 08:20:23,802] {taskinstance.py:1302} INFO - Exporting the following env vars:
AIRFLOW_CTX_DAG_OWNER=***
AIRFLOW_CTX_DAG_ID=standardized_pipeline
AIRFLOW_CTX_TASK_ID=standardized_orders
AIRFLOW_CTX_EXECUTION_DATE=2021-08-08T07:00:00+00:00
AIRFLOW_CTX_DAG_RUN_ID=scheduled__2021-08-08T07:00:00+00:00
[2021-08-08 08:20:23,804] {mysql.py:70} INFO - Executing: INSERT INTO standardized.orders
WITH timeframed_data AS (
	SELECT
        DISTINCT
        CAST(O_ORDERKEY AS SIGNED) AS ORDER_KEY,
        CAST(O_CUSTKEY AS SIGNED) AS CUSTOMER_KEY,
        O_ORDERSTATUS AS ORDER_STATUS_TYPE,
        CAST(O_TOTALPRICE AS SIGNED) AS ORDER_TOTAL_PRICE,
        CAST(O_ORDERDATE AS DATE) AS ORDER_DATE,
        O_ORDERPRIORITY AS ORDER_PRIORITY_TYPE,
        O_CLERK AS ORDER_CLERK,
        O_SHIPPRIORITY AS ORDER_SHIPPRIORITY,
        O_COMMENT AS ORDER_COMMENT,
        NOW() AS INGESTION_TIMESTAMP
    FROM
        datalake.ORDERS o
    WHERE 
        o.INGESTION_TIMESTAMP >= DATE_SUB(NOW(), INTERVAL 1 HOUR)
)

SELECT 
	* 
FROM 
	timeframed_data
[2021-08-08 08:20:23,822] {base.py:78} INFO - Using connection to: id: dwh_id. Host: dwh, Port: 3306, Schema: , Login: root, Password: ***, extra: {}
[2021-08-08 08:20:23,838] {dbapi.py:204} INFO - Running statement: INSERT INTO standardized.orders
WITH timeframed_data AS (
	SELECT
        DISTINCT
        CAST(O_ORDERKEY AS SIGNED) AS ORDER_KEY,
        CAST(O_CUSTKEY AS SIGNED) AS CUSTOMER_KEY,
        O_ORDERSTATUS AS ORDER_STATUS_TYPE,
        CAST(O_TOTALPRICE AS SIGNED) AS ORDER_TOTAL_PRICE,
        CAST(O_ORDERDATE AS DATE) AS ORDER_DATE,
        O_ORDERPRIORITY AS ORDER_PRIORITY_TYPE,
        O_CLERK AS ORDER_CLERK,
        O_SHIPPRIORITY AS ORDER_SHIPPRIORITY,
        O_COMMENT AS ORDER_COMMENT,
        NOW() AS INGESTION_TIMESTAMP
    FROM
        datalake.ORDERS o
    WHERE 
        o.INGESTION_TIMESTAMP >= DATE_SUB(NOW(), INTERVAL 1 HOUR)
)

SELECT 
	* 
FROM 
	timeframed_data, parameters: None
[2021-08-08 08:20:24,181] {dbapi.py:212} INFO - Rows affected: 15000
[2021-08-08 08:20:24,202] {taskinstance.py:1211} INFO - Marking task as SUCCESS. dag_id=standardized_pipeline, task_id=standardized_orders, execution_date=20210808T070000, start_date=20210808T082023, end_date=20210808T082024
[2021-08-08 08:20:24,226] {taskinstance.py:1265} INFO - 0 downstream tasks scheduled from follow-on schedule check
[2021-08-08 08:20:24,268] {local_task_job.py:149} INFO - Task exited with return code 0
[2021-08-08 08:31:39,698] {taskinstance.py:896} INFO - Dependencies all met for <TaskInstance: standardized_pipeline.standardized_orders 2021-08-08T07:00:00+00:00 [queued]>
[2021-08-08 08:31:39,718] {taskinstance.py:896} INFO - Dependencies all met for <TaskInstance: standardized_pipeline.standardized_orders 2021-08-08T07:00:00+00:00 [queued]>
[2021-08-08 08:31:39,720] {taskinstance.py:1087} INFO - 
--------------------------------------------------------------------------------
[2021-08-08 08:31:39,721] {taskinstance.py:1088} INFO - Starting attempt 1 of 11
[2021-08-08 08:31:39,722] {taskinstance.py:1089} INFO - 
--------------------------------------------------------------------------------
[2021-08-08 08:31:39,743] {taskinstance.py:1107} INFO - Executing <Task(MySqlOperator): standardized_orders> on 2021-08-08T07:00:00+00:00
[2021-08-08 08:31:39,751] {standard_task_runner.py:52} INFO - Started process 254 to run task
[2021-08-08 08:31:39,764] {standard_task_runner.py:76} INFO - Running: ['***', 'tasks', 'run', 'standardized_pipeline', 'standardized_orders', '2021-08-08T07:00:00+00:00', '--job-id', '19', '--pool', 'default_pool', '--raw', '--subdir', 'DAGS_FOLDER/standardized_pipeline.py', '--cfg-path', '/tmp/tmpaw8vekae', '--error-file', '/tmp/tmpt4hulvxp']
[2021-08-08 08:31:39,765] {standard_task_runner.py:77} INFO - Job 19: Subtask standardized_orders
[2021-08-08 08:31:39,869] {logging_mixin.py:104} INFO - Running <TaskInstance: standardized_pipeline.standardized_orders 2021-08-08T07:00:00+00:00 [running]> on host 5e970160fe16
[2021-08-08 08:31:39,979] {taskinstance.py:1302} INFO - Exporting the following env vars:
AIRFLOW_CTX_DAG_OWNER=***
AIRFLOW_CTX_DAG_ID=standardized_pipeline
AIRFLOW_CTX_TASK_ID=standardized_orders
AIRFLOW_CTX_EXECUTION_DATE=2021-08-08T07:00:00+00:00
AIRFLOW_CTX_DAG_RUN_ID=scheduled__2021-08-08T07:00:00+00:00
[2021-08-08 08:31:39,982] {mysql.py:70} INFO - Executing: INSERT INTO standardized.orders
WITH timeframed_data AS (
	SELECT
        DISTINCT
        CAST(O_ORDERKEY AS SIGNED) AS ORDER_KEY,
        CAST(O_CUSTKEY AS SIGNED) AS CUSTOMER_KEY,
        O_ORDERSTATUS AS ORDER_STATUS_TYPE,
        CAST(O_TOTALPRICE AS SIGNED) AS ORDER_TOTAL_PRICE,
        CAST(O_ORDERDATE AS DATE) AS ORDER_DATE,
        O_ORDERPRIORITY AS ORDER_PRIORITY_TYPE,
        O_CLERK AS ORDER_CLERK,
        O_SHIPPRIORITY AS ORDER_SHIPPRIORITY,
        O_COMMENT AS ORDER_COMMENT,
        NOW() AS INGESTION_TIMESTAMP
    FROM
        datalake.ORDERS o
    WHERE 
        o.INGESTION_TIMESTAMP >= DATE_SUB(NOW(), INTERVAL 1 HOUR)
)

SELECT 
	* 
FROM 
	timeframed_data
[2021-08-08 08:31:40,020] {base.py:78} INFO - Using connection to: id: dwh_id. Host: dwh, Port: 3306, Schema: , Login: root, Password: ***, extra: {}
[2021-08-08 08:31:40,046] {dbapi.py:204} INFO - Running statement: INSERT INTO standardized.orders
WITH timeframed_data AS (
	SELECT
        DISTINCT
        CAST(O_ORDERKEY AS SIGNED) AS ORDER_KEY,
        CAST(O_CUSTKEY AS SIGNED) AS CUSTOMER_KEY,
        O_ORDERSTATUS AS ORDER_STATUS_TYPE,
        CAST(O_TOTALPRICE AS SIGNED) AS ORDER_TOTAL_PRICE,
        CAST(O_ORDERDATE AS DATE) AS ORDER_DATE,
        O_ORDERPRIORITY AS ORDER_PRIORITY_TYPE,
        O_CLERK AS ORDER_CLERK,
        O_SHIPPRIORITY AS ORDER_SHIPPRIORITY,
        O_COMMENT AS ORDER_COMMENT,
        NOW() AS INGESTION_TIMESTAMP
    FROM
        datalake.ORDERS o
    WHERE 
        o.INGESTION_TIMESTAMP >= DATE_SUB(NOW(), INTERVAL 1 HOUR)
)

SELECT 
	* 
FROM 
	timeframed_data, parameters: None
[2021-08-08 08:31:40,419] {dbapi.py:212} INFO - Rows affected: 15000
[2021-08-08 08:31:40,437] {taskinstance.py:1211} INFO - Marking task as SUCCESS. dag_id=standardized_pipeline, task_id=standardized_orders, execution_date=20210808T070000, start_date=20210808T083139, end_date=20210808T083140
[2021-08-08 08:31:40,465] {taskinstance.py:1265} INFO - 0 downstream tasks scheduled from follow-on schedule check
[2021-08-08 08:31:40,503] {local_task_job.py:149} INFO - Task exited with return code 0
[2021-08-08 08:51:10,401] {taskinstance.py:896} INFO - Dependencies all met for <TaskInstance: standardized_pipeline.standardized_orders 2021-08-08T07:00:00+00:00 [queued]>
[2021-08-08 08:51:10,420] {taskinstance.py:896} INFO - Dependencies all met for <TaskInstance: standardized_pipeline.standardized_orders 2021-08-08T07:00:00+00:00 [queued]>
[2021-08-08 08:51:10,421] {taskinstance.py:1087} INFO - 
--------------------------------------------------------------------------------
[2021-08-08 08:51:10,422] {taskinstance.py:1088} INFO - Starting attempt 1 of 11
[2021-08-08 08:51:10,423] {taskinstance.py:1089} INFO - 
--------------------------------------------------------------------------------
[2021-08-08 08:51:10,453] {taskinstance.py:1107} INFO - Executing <Task(MySqlOperator): standardized_orders> on 2021-08-08T07:00:00+00:00
[2021-08-08 08:51:10,460] {standard_task_runner.py:52} INFO - Started process 310 to run task
[2021-08-08 08:51:10,469] {standard_task_runner.py:76} INFO - Running: ['***', 'tasks', 'run', 'standardized_pipeline', 'standardized_orders', '2021-08-08T07:00:00+00:00', '--job-id', '17', '--pool', 'default_pool', '--raw', '--subdir', 'DAGS_FOLDER/standardized_pipeline.py', '--cfg-path', '/tmp/tmp_dl0ewt7', '--error-file', '/tmp/tmp1nv2t9sj']
[2021-08-08 08:51:10,473] {standard_task_runner.py:77} INFO - Job 17: Subtask standardized_orders
[2021-08-08 08:51:10,569] {logging_mixin.py:104} INFO - Running <TaskInstance: standardized_pipeline.standardized_orders 2021-08-08T07:00:00+00:00 [running]> on host 99eefc5c6cd8
[2021-08-08 08:51:10,682] {taskinstance.py:1302} INFO - Exporting the following env vars:
AIRFLOW_CTX_DAG_OWNER=***
AIRFLOW_CTX_DAG_ID=standardized_pipeline
AIRFLOW_CTX_TASK_ID=standardized_orders
AIRFLOW_CTX_EXECUTION_DATE=2021-08-08T07:00:00+00:00
AIRFLOW_CTX_DAG_RUN_ID=scheduled__2021-08-08T07:00:00+00:00
[2021-08-08 08:51:10,687] {mysql.py:70} INFO - Executing: INSERT INTO standardized.orders
WITH timeframed_data AS (
	SELECT
        DISTINCT
        CAST(O_ORDERKEY AS SIGNED) AS ORDER_KEY,
        CAST(O_CUSTKEY AS SIGNED) AS CUSTOMER_KEY,
        O_ORDERSTATUS AS ORDER_STATUS_TYPE,
        CAST(O_TOTALPRICE AS SIGNED) AS ORDER_TOTAL_PRICE,
        CAST(O_ORDERDATE AS DATE) AS ORDER_DATE,
        O_ORDERPRIORITY AS ORDER_PRIORITY_TYPE,
        O_CLERK AS ORDER_CLERK,
        O_SHIPPRIORITY AS ORDER_SHIPPRIORITY,
        O_COMMENT AS ORDER_COMMENT,
        NOW() AS INGESTION_TIMESTAMP
    FROM
        datalake.ORDERS o
    WHERE 
        o.INGESTION_TIMESTAMP >= DATE_SUB(NOW(), INTERVAL 1 HOUR)
)

SELECT 
	* 
FROM 
	timeframed_data
[2021-08-08 08:51:10,709] {base.py:78} INFO - Using connection to: id: dwh_id. Host: dwh, Port: 3306, Schema: , Login: root, Password: ***, extra: {}
[2021-08-08 08:51:10,728] {dbapi.py:204} INFO - Running statement: INSERT INTO standardized.orders
WITH timeframed_data AS (
	SELECT
        DISTINCT
        CAST(O_ORDERKEY AS SIGNED) AS ORDER_KEY,
        CAST(O_CUSTKEY AS SIGNED) AS CUSTOMER_KEY,
        O_ORDERSTATUS AS ORDER_STATUS_TYPE,
        CAST(O_TOTALPRICE AS SIGNED) AS ORDER_TOTAL_PRICE,
        CAST(O_ORDERDATE AS DATE) AS ORDER_DATE,
        O_ORDERPRIORITY AS ORDER_PRIORITY_TYPE,
        O_CLERK AS ORDER_CLERK,
        O_SHIPPRIORITY AS ORDER_SHIPPRIORITY,
        O_COMMENT AS ORDER_COMMENT,
        NOW() AS INGESTION_TIMESTAMP
    FROM
        datalake.ORDERS o
    WHERE 
        o.INGESTION_TIMESTAMP >= DATE_SUB(NOW(), INTERVAL 1 HOUR)
)

SELECT 
	* 
FROM 
	timeframed_data, parameters: None
[2021-08-08 08:51:11,096] {dbapi.py:212} INFO - Rows affected: 15000
[2021-08-08 08:51:11,118] {taskinstance.py:1211} INFO - Marking task as SUCCESS. dag_id=standardized_pipeline, task_id=standardized_orders, execution_date=20210808T070000, start_date=20210808T085110, end_date=20210808T085111
[2021-08-08 08:51:11,142] {taskinstance.py:1265} INFO - 0 downstream tasks scheduled from follow-on schedule check
[2021-08-08 08:51:11,180] {local_task_job.py:149} INFO - Task exited with return code 0
