[2021-08-08 08:44:46,572] {taskinstance.py:896} INFO - Dependencies all met for <TaskInstance: presentation_pipeline.create_presentation_table_dim_suppliers 2021-08-08T08:44:38.735630+00:00 [queued]>
[2021-08-08 08:44:46,600] {taskinstance.py:896} INFO - Dependencies all met for <TaskInstance: presentation_pipeline.create_presentation_table_dim_suppliers 2021-08-08T08:44:38.735630+00:00 [queued]>
[2021-08-08 08:44:46,601] {taskinstance.py:1087} INFO - 
--------------------------------------------------------------------------------
[2021-08-08 08:44:46,602] {taskinstance.py:1088} INFO - Starting attempt 1 of 1
[2021-08-08 08:44:46,603] {taskinstance.py:1089} INFO - 
--------------------------------------------------------------------------------
[2021-08-08 08:44:46,617] {taskinstance.py:1107} INFO - Executing <Task(MySqlOperator): create_presentation_table_dim_suppliers> on 2021-08-08T08:44:38.735630+00:00
[2021-08-08 08:44:46,624] {standard_task_runner.py:52} INFO - Started process 1483 to run task
[2021-08-08 08:44:46,631] {standard_task_runner.py:76} INFO - Running: ['***', 'tasks', 'run', 'presentation_pipeline', 'create_presentation_table_dim_suppliers', '2021-08-08T08:44:38.735630+00:00', '--job-id', '63', '--pool', 'default_pool', '--raw', '--subdir', 'DAGS_FOLDER/presentation_pipeline.py', '--cfg-path', '/tmp/tmp6_k99izg', '--error-file', '/tmp/tmpm8u32h4t']
[2021-08-08 08:44:46,636] {standard_task_runner.py:77} INFO - Job 63: Subtask create_presentation_table_dim_suppliers
[2021-08-08 08:44:46,713] {logging_mixin.py:104} INFO - Running <TaskInstance: presentation_pipeline.create_presentation_table_dim_suppliers 2021-08-08T08:44:38.735630+00:00 [running]> on host 5e970160fe16
[2021-08-08 08:44:46,811] {taskinstance.py:1302} INFO - Exporting the following env vars:
AIRFLOW_CTX_DAG_OWNER=***
AIRFLOW_CTX_DAG_ID=presentation_pipeline
AIRFLOW_CTX_TASK_ID=create_presentation_table_dim_suppliers
AIRFLOW_CTX_EXECUTION_DATE=2021-08-08T08:44:38.735630+00:00
AIRFLOW_CTX_DAG_RUN_ID=manual__2021-08-08T08:44:38.735630+00:00
[2021-08-08 08:44:46,815] {mysql.py:70} INFO - Executing: CREATE TABLE IF NOT EXISTS presentation.suppliers (
    SUPPLIER_KEY INT NOT NULL,
    INGESTION_TIMESTAMP TIMESTAMP NOT NULL DEFAULT CURRENT_TIMESTAMP,
    CONSTRAINT `SUPPLIER_PK` PRIMARY KEY (SUPPLIER_KEY)
) AS

SELECT
	DISTINCT 
	s.SUPPLIER_KEY,
	s.SUPPLIER_ACCOUNT_BALANCE_TOTAL ,
	n.NATION_NAME,
	NOW() AS INGESTION_TIMESTAMP
FROM 
	standardized.suppliers s
LEFT JOIN 
	standardized.nations n 
	ON s.NATION_KEY = n.NATION_KEY 
WHERE 
	s.INGESTION_TIMESTAMP >= DATE_SUB(NOW(), INTERVAL 1 HOUR)

LIMIT 0
[2021-08-08 08:44:46,829] {base.py:78} INFO - Using connection to: id: dwh_id. Host: dwh, Port: 3306, Schema: , Login: root, Password: ***, extra: {}
[2021-08-08 08:44:46,849] {dbapi.py:204} INFO - Running statement: CREATE TABLE IF NOT EXISTS presentation.suppliers (
    SUPPLIER_KEY INT NOT NULL,
    INGESTION_TIMESTAMP TIMESTAMP NOT NULL DEFAULT CURRENT_TIMESTAMP,
    CONSTRAINT `SUPPLIER_PK` PRIMARY KEY (SUPPLIER_KEY)
) AS

SELECT
	DISTINCT 
	s.SUPPLIER_KEY,
	s.SUPPLIER_ACCOUNT_BALANCE_TOTAL ,
	n.NATION_NAME,
	NOW() AS INGESTION_TIMESTAMP
FROM 
	standardized.suppliers s
LEFT JOIN 
	standardized.nations n 
	ON s.NATION_KEY = n.NATION_KEY 
WHERE 
	s.INGESTION_TIMESTAMP >= DATE_SUB(NOW(), INTERVAL 1 HOUR)

LIMIT 0, parameters: None
[2021-08-08 08:44:46,852] {dbapi.py:212} INFO - Rows affected: 0
[2021-08-08 08:44:46,874] {taskinstance.py:1211} INFO - Marking task as SUCCESS. dag_id=presentation_pipeline, task_id=create_presentation_table_dim_suppliers, execution_date=20210808T084438, start_date=20210808T084446, end_date=20210808T084446
[2021-08-08 08:44:46,921] {taskinstance.py:1265} INFO - 1 downstream tasks scheduled from follow-on schedule check
[2021-08-08 08:44:46,975] {local_task_job.py:149} INFO - Task exited with return code 0
