[2021-08-08 06:36:24,662] {taskinstance.py:896} INFO - Dependencies all met for <TaskInstance: to_datalake_pipeline.extract_from_git 2021-08-08T06:30:00+00:00 [queued]>
[2021-08-08 06:36:24,675] {taskinstance.py:896} INFO - Dependencies all met for <TaskInstance: to_datalake_pipeline.extract_from_git 2021-08-08T06:30:00+00:00 [queued]>
[2021-08-08 06:36:24,676] {taskinstance.py:1087} INFO - 
--------------------------------------------------------------------------------
[2021-08-08 06:36:24,676] {taskinstance.py:1088} INFO - Starting attempt 1 of 11
[2021-08-08 06:36:24,677] {taskinstance.py:1089} INFO - 
--------------------------------------------------------------------------------
[2021-08-08 06:36:24,684] {taskinstance.py:1107} INFO - Executing <Task(PythonOperator): extract_from_git> on 2021-08-08T06:30:00+00:00
[2021-08-08 06:36:24,688] {standard_task_runner.py:52} INFO - Started process 192 to run task
[2021-08-08 06:36:24,692] {standard_task_runner.py:76} INFO - Running: ['***', 'tasks', 'run', 'to_datalake_pipeline', 'extract_from_git', '2021-08-08T06:30:00+00:00', '--job-id', '3', '--pool', 'default_pool', '--raw', '--subdir', 'DAGS_FOLDER/to_datalake_pipeline.py', '--cfg-path', '/tmp/tmp_bvptwvo', '--error-file', '/tmp/tmpj8mz0_5u']
[2021-08-08 06:36:24,693] {standard_task_runner.py:77} INFO - Job 3: Subtask extract_from_git
[2021-08-08 06:36:24,736] {logging_mixin.py:104} INFO - Running <TaskInstance: to_datalake_pipeline.extract_from_git 2021-08-08T06:30:00+00:00 [running]> on host 53d8ed6396aa
[2021-08-08 06:36:24,780] {taskinstance.py:1302} INFO - Exporting the following env vars:
AIRFLOW_CTX_DAG_EMAIL=wildangbudhi@gmail.com
AIRFLOW_CTX_DAG_OWNER=***
AIRFLOW_CTX_DAG_ID=to_datalake_pipeline
AIRFLOW_CTX_TASK_ID=extract_from_git
AIRFLOW_CTX_EXECUTION_DATE=2021-08-08T06:30:00+00:00
AIRFLOW_CTX_DAG_RUN_ID=scheduled__2021-08-08T06:30:00+00:00
[2021-08-08 06:36:24,781] {logging_mixin.py:104} INFO - Downloading data from -> https://raw.githubusercontent.com/rezaprimasatya/DTO-DE-JUN-MID/main/data.zip
[2021-08-08 06:36:31,681] {logging_mixin.py:104} INFO - Unzipping Data
[2021-08-08 06:36:31,754] {logging_mixin.py:104} INFO - Transform Data to Pandas Dataframe
[2021-08-08 06:36:31,938] {logging_mixin.py:104} INFO - Load data to datalake
[2021-08-08 06:36:31,993] {logging_mixin.py:104} INFO - Load table : REGION
[2021-08-08 06:36:32,032] {logging_mixin.py:104} INFO - Load table : NATION
[2021-08-08 06:36:32,045] {logging_mixin.py:104} INFO - Load table : PART
[2021-08-08 06:36:32,149] {logging_mixin.py:104} INFO - Load table : SUPPLIER
[2021-08-08 06:36:32,167] {logging_mixin.py:104} INFO - Load table : PARTSUPP
[2021-08-08 06:36:32,521] {logging_mixin.py:104} INFO - Load table : CUSTOMER
[2021-08-08 06:36:32,598] {logging_mixin.py:104} INFO - Load table : ORDERS
[2021-08-08 06:36:33,188] {logging_mixin.py:104} INFO - Load table : LINEITEM
[2021-08-08 06:36:36,637] {python.py:151} INFO - Done. Returned value was: None
[2021-08-08 06:36:36,646] {taskinstance.py:1211} INFO - Marking task as SUCCESS. dag_id=to_datalake_pipeline, task_id=extract_from_git, execution_date=20210808T063000, start_date=20210808T063624, end_date=20210808T063636
[2021-08-08 06:36:36,668] {taskinstance.py:1265} INFO - 1 downstream tasks scheduled from follow-on schedule check
[2021-08-08 06:36:36,706] {local_task_job.py:149} INFO - Task exited with return code 0
