[2021-08-08 05:00:04,048] {taskinstance.py:896} INFO - Dependencies all met for <TaskInstance: presentation_pipeline.presentation_pipeline_start 2021-08-08T04:55:00+00:00 [queued]>
[2021-08-08 05:00:04,170] {taskinstance.py:896} INFO - Dependencies all met for <TaskInstance: presentation_pipeline.presentation_pipeline_start 2021-08-08T04:55:00+00:00 [queued]>
[2021-08-08 05:00:04,184] {taskinstance.py:1087} INFO - 
--------------------------------------------------------------------------------
[2021-08-08 05:00:04,195] {taskinstance.py:1088} INFO - Starting attempt 1 of 1
[2021-08-08 05:00:04,199] {taskinstance.py:1089} INFO - 
--------------------------------------------------------------------------------
[2021-08-08 05:00:04,351] {taskinstance.py:1107} INFO - Executing <Task(ExternalTaskSensor): presentation_pipeline_start> on 2021-08-08T04:55:00+00:00
[2021-08-08 05:00:04,435] {standard_task_runner.py:76} INFO - Running: ['***', 'tasks', 'run', 'presentation_pipeline', 'presentation_pipeline_start', '2021-08-08T04:55:00+00:00', '--job-id', '51', '--pool', 'default_pool', '--raw', '--subdir', 'DAGS_FOLDER/presentation_pipeline.py', '--cfg-path', '/tmp/tmpp0lr8acw', '--error-file', '/tmp/tmpcda018kw']
[2021-08-08 05:00:04,391] {standard_task_runner.py:52} INFO - Started process 6272 to run task
[2021-08-08 05:00:04,442] {standard_task_runner.py:77} INFO - Job 51: Subtask presentation_pipeline_start
[2021-08-08 05:00:04,799] {logging_mixin.py:104} INFO - Running <TaskInstance: presentation_pipeline.presentation_pipeline_start 2021-08-08T04:55:00+00:00 [running]> on host 75feb3cfb2a6
[2021-08-08 05:00:05,177] {taskinstance.py:1302} INFO - Exporting the following env vars:
AIRFLOW_CTX_DAG_OWNER=***
AIRFLOW_CTX_DAG_ID=presentation_pipeline
AIRFLOW_CTX_TASK_ID=presentation_pipeline_start
AIRFLOW_CTX_EXECUTION_DATE=2021-08-08T04:55:00+00:00
AIRFLOW_CTX_DAG_RUN_ID=scheduled__2021-08-08T04:55:00+00:00
[2021-08-08 05:00:05,191] {external_task.py:152} INFO - Poking for standardized_pipeline.standardized_pipeline_end on 2021-08-08T04:55:00+00:00 ... 
[2021-08-08 05:01:05,287] {external_task.py:152} INFO - Poking for standardized_pipeline.standardized_pipeline_end on 2021-08-08T04:55:00+00:00 ... 
[2021-08-08 05:02:05,340] {external_task.py:152} INFO - Poking for standardized_pipeline.standardized_pipeline_end on 2021-08-08T04:55:00+00:00 ... 
[2021-08-08 05:02:05,353] {base.py:248} INFO - Success criteria met. Exiting.
[2021-08-08 05:02:05,369] {taskinstance.py:1211} INFO - Marking task as SUCCESS. dag_id=presentation_pipeline, task_id=presentation_pipeline_start, execution_date=20210808T045500, start_date=20210808T050004, end_date=20210808T050205
[2021-08-08 05:02:05,430] {taskinstance.py:1265} INFO - 5 downstream tasks scheduled from follow-on schedule check
[2021-08-08 05:02:05,474] {local_task_job.py:149} INFO - Task exited with return code 0
