[2021-08-07 14:21:38,449] {taskinstance.py:896} INFO - Dependencies all met for <TaskInstance: standardized_pipeline.create_standardized_table_parts 2021-08-07T14:21:37.604813+00:00 [queued]>
[2021-08-07 14:21:38,530] {taskinstance.py:896} INFO - Dependencies all met for <TaskInstance: standardized_pipeline.create_standardized_table_parts 2021-08-07T14:21:37.604813+00:00 [queued]>
[2021-08-07 14:21:38,532] {taskinstance.py:1087} INFO - 
--------------------------------------------------------------------------------
[2021-08-07 14:21:38,533] {taskinstance.py:1088} INFO - Starting attempt 1 of 1
[2021-08-07 14:21:38,534] {taskinstance.py:1089} INFO - 
--------------------------------------------------------------------------------
[2021-08-07 14:21:38,559] {taskinstance.py:1107} INFO - Executing <Task(MySqlOperator): create_standardized_table_parts> on 2021-08-07T14:21:37.604813+00:00
[2021-08-07 14:21:38,567] {standard_task_runner.py:52} INFO - Started process 4696 to run task
[2021-08-07 14:21:38,593] {standard_task_runner.py:76} INFO - Running: ['***', 'tasks', 'run', 'standardized_pipeline', 'create_standardized_table_parts', '2021-08-07T14:21:37.604813+00:00', '--job-id', '65', '--pool', 'default_pool', '--raw', '--subdir', 'DAGS_FOLDER/standardized_pipeline.py', '--cfg-path', '/tmp/tmpgauiahlf', '--error-file', '/tmp/tmpkkr2lcut']
[2021-08-07 14:21:38,595] {standard_task_runner.py:77} INFO - Job 65: Subtask create_standardized_table_parts
[2021-08-07 14:21:38,750] {logging_mixin.py:104} INFO - Running <TaskInstance: standardized_pipeline.create_standardized_table_parts 2021-08-07T14:21:37.604813+00:00 [running]> on host ab70d6dafbc6
[2021-08-07 14:21:38,877] {taskinstance.py:1302} INFO - Exporting the following env vars:
AIRFLOW_CTX_DAG_OWNER=***
AIRFLOW_CTX_DAG_ID=standardized_pipeline
AIRFLOW_CTX_TASK_ID=create_standardized_table_parts
AIRFLOW_CTX_EXECUTION_DATE=2021-08-07T14:21:37.604813+00:00
AIRFLOW_CTX_DAG_RUN_ID=manual__2021-08-07T14:21:37.604813+00:00
[2021-08-07 14:21:38,878] {mysql.py:70} INFO - Executing: CREATE TABLE IF NOT EXISTS standardized.PART (
  `PART_KEY` int NOT NULL,
  `PART_NAME` text NOT NULL,
  `PART_MFGR` text NOT NULL,
  `PART_BRAND` text NOT NULL,
  `PART_TYPE` text NOT NULL,
  `PART_SIZE` int NOT NULL,
  `PART_CONTAINER` text NOT NULL,
  `PART_RETAILPRICE` int NOT NULL,
  `PART_COMMENT` text NOT NULL,
  `INGESTION_TIMESTAMP` datetime DEFAULT CURRENT_TIMESTAMP
) ENGINE=InnoDB DEFAULT CHARSET=utf8mb4 COLLATE=utf8mb4_0900_ai_ci;
[2021-08-07 14:21:38,909] {base.py:78} INFO - Using connection to: id: dwh_id. Host: dwh, Port: 3306, Schema: , Login: root, Password: ***, extra: {}
[2021-08-07 14:21:38,939] {dbapi.py:204} INFO - Running statement: CREATE TABLE IF NOT EXISTS standardized.PART (
  `PART_KEY` int NOT NULL,
  `PART_NAME` text NOT NULL,
  `PART_MFGR` text NOT NULL,
  `PART_BRAND` text NOT NULL,
  `PART_TYPE` text NOT NULL,
  `PART_SIZE` int NOT NULL,
  `PART_CONTAINER` text NOT NULL,
  `PART_RETAILPRICE` int NOT NULL,
  `PART_COMMENT` text NOT NULL,
  `INGESTION_TIMESTAMP` datetime DEFAULT CURRENT_TIMESTAMP
) ENGINE=InnoDB DEFAULT CHARSET=utf8mb4 COLLATE=utf8mb4_0900_ai_ci;, parameters: None
[2021-08-07 14:21:39,037] {dbapi.py:212} INFO - Rows affected: 0
[2021-08-07 14:21:39,087] {taskinstance.py:1211} INFO - Marking task as SUCCESS. dag_id=standardized_pipeline, task_id=create_standardized_table_parts, execution_date=20210807T142137, start_date=20210807T142138, end_date=20210807T142139
[2021-08-07 14:21:39,167] {taskinstance.py:1265} INFO - 1 downstream tasks scheduled from follow-on schedule check
[2021-08-07 14:21:39,215] {local_task_job.py:149} INFO - Task exited with return code 0
