[2021-08-08 05:35:01,183] {taskinstance.py:896} INFO - Dependencies all met for <TaskInstance: presentation_pipeline.presentation_pipeline_start 2021-08-08T05:30:00+00:00 [queued]>
[2021-08-08 05:35:01,197] {taskinstance.py:896} INFO - Dependencies all met for <TaskInstance: presentation_pipeline.presentation_pipeline_start 2021-08-08T05:30:00+00:00 [queued]>
[2021-08-08 05:35:01,197] {taskinstance.py:1087} INFO - 
--------------------------------------------------------------------------------
[2021-08-08 05:35:01,198] {taskinstance.py:1088} INFO - Starting attempt 1 of 1
[2021-08-08 05:35:01,198] {taskinstance.py:1089} INFO - 
--------------------------------------------------------------------------------
[2021-08-08 05:35:01,205] {taskinstance.py:1107} INFO - Executing <Task(ExternalTaskSensor): presentation_pipeline_start> on 2021-08-08T05:30:00+00:00
[2021-08-08 05:35:01,214] {standard_task_runner.py:76} INFO - Running: ['***', 'tasks', 'run', 'presentation_pipeline', 'presentation_pipeline_start', '2021-08-08T05:30:00+00:00', '--job-id', '89', '--pool', 'default_pool', '--raw', '--subdir', 'DAGS_FOLDER/presentation_pipeline.py', '--cfg-path', '/tmp/tmp61rphbda', '--error-file', '/tmp/tmpwim20_2w']
[2021-08-08 05:35:01,210] {standard_task_runner.py:52} INFO - Started process 1199 to run task
[2021-08-08 05:35:01,215] {standard_task_runner.py:77} INFO - Job 89: Subtask presentation_pipeline_start
[2021-08-08 05:35:01,258] {logging_mixin.py:104} INFO - Running <TaskInstance: presentation_pipeline.presentation_pipeline_start 2021-08-08T05:30:00+00:00 [running]> on host b48e43d568d5
[2021-08-08 05:35:01,301] {taskinstance.py:1302} INFO - Exporting the following env vars:
AIRFLOW_CTX_DAG_OWNER=***
AIRFLOW_CTX_DAG_ID=presentation_pipeline
AIRFLOW_CTX_TASK_ID=presentation_pipeline_start
AIRFLOW_CTX_EXECUTION_DATE=2021-08-08T05:30:00+00:00
AIRFLOW_CTX_DAG_RUN_ID=scheduled__2021-08-08T05:30:00+00:00
[2021-08-08 05:35:01,302] {external_task.py:152} INFO - Poking for standardized_pipeline.standardized_pipeline_end on 2021-08-08T05:30:00+00:00 ... 
[2021-08-08 05:36:01,322] {external_task.py:152} INFO - Poking for standardized_pipeline.standardized_pipeline_end on 2021-08-08T05:30:00+00:00 ... 
[2021-08-08 05:37:01,336] {external_task.py:152} INFO - Poking for standardized_pipeline.standardized_pipeline_end on 2021-08-08T05:30:00+00:00 ... 
[2021-08-08 05:37:01,347] {base.py:248} INFO - Success criteria met. Exiting.
[2021-08-08 05:37:01,355] {taskinstance.py:1211} INFO - Marking task as SUCCESS. dag_id=presentation_pipeline, task_id=presentation_pipeline_start, execution_date=20210808T053000, start_date=20210808T053501, end_date=20210808T053701
[2021-08-08 05:37:01,387] {taskinstance.py:1265} INFO - 5 downstream tasks scheduled from follow-on schedule check
[2021-08-08 05:37:01,418] {local_task_job.py:149} INFO - Task exited with return code 0
