[2021-08-07 17:02:41,115] {taskinstance.py:896} INFO - Dependencies all met for <TaskInstance: standardized_pipeline.standardized_orders 2021-08-07T16:55:00+00:00 [queued]>
[2021-08-07 17:02:41,166] {taskinstance.py:896} INFO - Dependencies all met for <TaskInstance: standardized_pipeline.standardized_orders 2021-08-07T16:55:00+00:00 [queued]>
[2021-08-07 17:02:41,167] {taskinstance.py:1087} INFO - 
--------------------------------------------------------------------------------
[2021-08-07 17:02:41,168] {taskinstance.py:1088} INFO - Starting attempt 1 of 1
[2021-08-07 17:02:41,170] {taskinstance.py:1089} INFO - 
--------------------------------------------------------------------------------
[2021-08-07 17:02:41,192] {taskinstance.py:1107} INFO - Executing <Task(MySqlOperator): standardized_orders> on 2021-08-07T16:55:00+00:00
[2021-08-07 17:02:41,205] {standard_task_runner.py:52} INFO - Started process 631 to run task
[2021-08-07 17:02:41,221] {standard_task_runner.py:76} INFO - Running: ['***', 'tasks', 'run', 'standardized_pipeline', 'standardized_orders', '2021-08-07T16:55:00+00:00', '--job-id', '17', '--pool', 'default_pool', '--raw', '--subdir', 'DAGS_FOLDER/standardized_pipeline.py', '--cfg-path', '/tmp/tmpyb4ysf0i', '--error-file', '/tmp/tmpkcww2py0']
[2021-08-07 17:02:41,230] {standard_task_runner.py:77} INFO - Job 17: Subtask standardized_orders
[2021-08-07 17:02:41,342] {logging_mixin.py:104} INFO - Running <TaskInstance: standardized_pipeline.standardized_orders 2021-08-07T16:55:00+00:00 [running]> on host f68214991f84
[2021-08-07 17:02:41,486] {taskinstance.py:1302} INFO - Exporting the following env vars:
AIRFLOW_CTX_DAG_OWNER=***
AIRFLOW_CTX_DAG_ID=standardized_pipeline
AIRFLOW_CTX_TASK_ID=standardized_orders
AIRFLOW_CTX_EXECUTION_DATE=2021-08-07T16:55:00+00:00
AIRFLOW_CTX_DAG_RUN_ID=scheduled__2021-08-07T16:55:00+00:00
[2021-08-07 17:02:41,488] {mysql.py:70} INFO - Executing: INSERT IGNORE INTO standardized.ORDERS(
	`ORDER_KEY`,
    `CUSTOMER_KEY`,
    `ORDER_ORDERSTATUS`,
    `ORDER_TOTALPRICE`,
    `ORDER_ORDERDATE`,
    `ORDER_ORDERPRIORITY`,
    `ORDER_CLERK`,
    `ORDER_SHIPPRIORITY`,
    `ORDER_COMMENT`
) 

WITH orders_last_5_minutes AS (
	SELECT
        DISTINCT
        CAST(O_ORDERKEY AS SIGNED) AS O_ORDERKEY,
        CAST(O_CUSTKEY AS SIGNED) AS O_CUSTKEY,
        O_ORDERSTATUS,
        CAST(O_TOTALPRICE AS SIGNED) AS O_TOTALPRICE,
        CAST(O_ORDERDATE AS DATE) AS O_ORDERDATE,
        O_ORDERPRIORITY,
        O_CLERK,
        O_SHIPPRIORITY,
        O_COMMENT 
    FROM
        datalake.ORDERS
    WHERE 
        INGESTION_TIMESTAMP >= DATE_SUB(NOW(), INTERVAL 5 MINUTE)
)

SELECT 
	* 
FROM 
	orders_last_5_minutes
[2021-08-07 17:02:41,517] {base.py:78} INFO - Using connection to: id: dwh_id. Host: dwh, Port: 3306, Schema: , Login: root, Password: ***, extra: {}
[2021-08-07 17:02:41,549] {dbapi.py:204} INFO - Running statement: INSERT IGNORE INTO standardized.ORDERS(
	`ORDER_KEY`,
    `CUSTOMER_KEY`,
    `ORDER_ORDERSTATUS`,
    `ORDER_TOTALPRICE`,
    `ORDER_ORDERDATE`,
    `ORDER_ORDERPRIORITY`,
    `ORDER_CLERK`,
    `ORDER_SHIPPRIORITY`,
    `ORDER_COMMENT`
) 

WITH orders_last_5_minutes AS (
	SELECT
        DISTINCT
        CAST(O_ORDERKEY AS SIGNED) AS O_ORDERKEY,
        CAST(O_CUSTKEY AS SIGNED) AS O_CUSTKEY,
        O_ORDERSTATUS,
        CAST(O_TOTALPRICE AS SIGNED) AS O_TOTALPRICE,
        CAST(O_ORDERDATE AS DATE) AS O_ORDERDATE,
        O_ORDERPRIORITY,
        O_CLERK,
        O_SHIPPRIORITY,
        O_COMMENT 
    FROM
        datalake.ORDERS
    WHERE 
        INGESTION_TIMESTAMP >= DATE_SUB(NOW(), INTERVAL 5 MINUTE)
)

SELECT 
	* 
FROM 
	orders_last_5_minutes, parameters: None
[2021-08-07 17:02:41,988] {dbapi.py:212} INFO - Rows affected: 15000
[2021-08-07 17:02:42,038] {taskinstance.py:1211} INFO - Marking task as SUCCESS. dag_id=standardized_pipeline, task_id=standardized_orders, execution_date=20210807T165500, start_date=20210807T170241, end_date=20210807T170242
[2021-08-07 17:02:42,061] {taskinstance.py:1265} INFO - 0 downstream tasks scheduled from follow-on schedule check
[2021-08-07 17:02:42,084] {local_task_job.py:149} INFO - Task exited with return code 0
