[2021-08-07 13:52:27,597] {taskinstance.py:896} INFO - Dependencies all met for <TaskInstance: standardized_pipeline.create_standardized_table_region 2021-08-07T13:52:26.690729+00:00 [queued]>
[2021-08-07 13:52:27,612] {taskinstance.py:896} INFO - Dependencies all met for <TaskInstance: standardized_pipeline.create_standardized_table_region 2021-08-07T13:52:26.690729+00:00 [queued]>
[2021-08-07 13:52:27,613] {taskinstance.py:1087} INFO - 
--------------------------------------------------------------------------------
[2021-08-07 13:52:27,614] {taskinstance.py:1088} INFO - Starting attempt 1 of 1
[2021-08-07 13:52:27,614] {taskinstance.py:1089} INFO - 
--------------------------------------------------------------------------------
[2021-08-07 13:52:27,622] {taskinstance.py:1107} INFO - Executing <Task(MySqlOperator): create_standardized_table_region> on 2021-08-07T13:52:26.690729+00:00
[2021-08-07 13:52:27,630] {standard_task_runner.py:76} INFO - Running: ['***', 'tasks', 'run', 'standardized_pipeline', 'create_standardized_table_region', '2021-08-07T13:52:26.690729+00:00', '--job-id', '9', '--pool', 'default_pool', '--raw', '--subdir', 'DAGS_FOLDER/standardized_pipeline.py', '--cfg-path', '/tmp/tmpuiu7kwhy', '--error-file', '/tmp/tmp2pmg22e1']
[2021-08-07 13:52:27,626] {standard_task_runner.py:52} INFO - Started process 2014 to run task
[2021-08-07 13:52:27,632] {standard_task_runner.py:77} INFO - Job 9: Subtask create_standardized_table_region
[2021-08-07 13:52:27,678] {logging_mixin.py:104} INFO - Running <TaskInstance: standardized_pipeline.create_standardized_table_region 2021-08-07T13:52:26.690729+00:00 [running]> on host ab70d6dafbc6
[2021-08-07 13:52:27,715] {taskinstance.py:1501} ERROR - Task failed with exception
Traceback (most recent call last):
  File "/home/airflow/.local/lib/python3.6/site-packages/airflow/models/taskinstance.py", line 1157, in _run_raw_task
    self._prepare_and_execute_task_with_callbacks(context, task)
  File "/home/airflow/.local/lib/python3.6/site-packages/airflow/models/taskinstance.py", line 1294, in _prepare_and_execute_task_with_callbacks
    self.render_templates(context=context)
  File "/home/airflow/.local/lib/python3.6/site-packages/airflow/models/taskinstance.py", line 1793, in render_templates
    self.task.render_template_fields(context)
  File "/home/airflow/.local/lib/python3.6/site-packages/airflow/models/baseoperator.py", line 992, in render_template_fields
    self._do_render_template_fields(self, self.template_fields, context, jinja_env, set())
  File "/home/airflow/.local/lib/python3.6/site-packages/airflow/models/baseoperator.py", line 1005, in _do_render_template_fields
    rendered_content = self.render_template(content, context, jinja_env, seen_oids)
  File "/home/airflow/.local/lib/python3.6/site-packages/airflow/models/baseoperator.py", line 1040, in render_template
    return jinja_env.get_template(content).render(**context)
  File "/home/airflow/.local/lib/python3.6/site-packages/jinja2/environment.py", line 883, in get_template
    return self._load_template(name, self.make_globals(globals))
  File "/home/airflow/.local/lib/python3.6/site-packages/jinja2/environment.py", line 857, in _load_template
    template = self.loader.load(self, name, globals)
  File "/home/airflow/.local/lib/python3.6/site-packages/jinja2/loaders.py", line 115, in load
    source, filename, uptodate = self.get_source(environment, name)
  File "/home/airflow/.local/lib/python3.6/site-packages/jinja2/loaders.py", line 197, in get_source
    raise TemplateNotFound(template)
jinja2.exceptions.TemplateNotFound: ./region/schema.sql
[2021-08-07 13:52:27,718] {taskinstance.py:1551} INFO - Marking task as FAILED. dag_id=standardized_pipeline, task_id=create_standardized_table_region, execution_date=20210807T135226, start_date=20210807T135227, end_date=20210807T135227
[2021-08-07 13:52:27,767] {local_task_job.py:149} INFO - Task exited with return code 1
