[2021-08-07 07:43:11,410] {taskinstance.py:896} INFO - Dependencies all met for <TaskInstance: to_datalake_pipeline.extract_from_git 2021-08-07T07:42:55.519022+00:00 [None]>
[2021-08-07 07:43:11,430] {taskinstance.py:896} INFO - Dependencies all met for <TaskInstance: to_datalake_pipeline.extract_from_git 2021-08-07T07:42:55.519022+00:00 [None]>
[2021-08-07 07:43:11,430] {taskinstance.py:1087} INFO - 
--------------------------------------------------------------------------------
[2021-08-07 07:43:11,431] {taskinstance.py:1088} INFO - Starting attempt 1 of 1
[2021-08-07 07:43:11,432] {taskinstance.py:1089} INFO - 
--------------------------------------------------------------------------------
[2021-08-07 07:43:11,439] {taskinstance.py:1107} INFO - Executing <Task(PythonOperator): extract_from_git> on 2021-08-07T07:42:55.519022+00:00
[2021-08-07 07:43:11,454] {standard_task_runner.py:52} INFO - Started process 1325 to run task
[2021-08-07 07:43:11,458] {standard_task_runner.py:76} INFO - Running: ['***', 'tasks', 'run', 'to_datalake_pipeline', 'extract_from_git', '2021-08-07T07:42:55.519022+00:00', '--job-id', '5', '--pool', 'default_pool', '--raw', '--subdir', 'DAGS_FOLDER/to_datalake_pipeline.py', '--cfg-path', '/tmp/tmp1cdabn9e', '--error-file', '/tmp/tmpplntx917']
[2021-08-07 07:43:11,459] {standard_task_runner.py:77} INFO - Job 5: Subtask extract_from_git
[2021-08-07 07:43:11,506] {logging_mixin.py:104} INFO - Running <TaskInstance: to_datalake_pipeline.extract_from_git 2021-08-07T07:42:55.519022+00:00 [running]> on host 0af53fa45088
[2021-08-07 07:43:11,551] {taskinstance.py:1302} INFO - Exporting the following env vars:
AIRFLOW_CTX_DAG_OWNER=***
AIRFLOW_CTX_DAG_ID=to_datalake_pipeline
AIRFLOW_CTX_TASK_ID=extract_from_git
AIRFLOW_CTX_EXECUTION_DATE=2021-08-07T07:42:55.519022+00:00
AIRFLOW_CTX_DAG_RUN_ID=manual__2021-08-07T07:42:55.519022+00:00
[2021-08-07 07:43:11,552] {logging_mixin.py:104} INFO - Downloading data from -> https://raw.githubusercontent.com/rezaprimasatya/DTO-DE-JUN-MID/main/data.zip
[2021-08-07 07:43:19,086] {logging_mixin.py:104} INFO - Unzipping Data
[2021-08-07 07:43:19,152] {logging_mixin.py:104} INFO - Transform Data to Pandas Dataframe
[2021-08-07 07:43:19,340] {logging_mixin.py:104} INFO - Load data to datalake
[2021-08-07 07:43:19,353] {logging_mixin.py:104} INFO - Load table : REGION
[2021-08-07 07:43:19,398] {logging_mixin.py:104} INFO - Load table : NATION
[2021-08-07 07:43:19,413] {logging_mixin.py:104} INFO - Load table : PART
[2021-08-07 07:43:19,528] {logging_mixin.py:104} INFO - Load table : SUPPLIER
[2021-08-07 07:43:19,549] {logging_mixin.py:104} INFO - Load table : PARTSUPP
[2021-08-07 07:43:19,944] {logging_mixin.py:104} INFO - Load table : CUSTOMER
[2021-08-07 07:43:20,043] {logging_mixin.py:104} INFO - Load table : ORDERS
[2021-08-07 07:43:20,693] {logging_mixin.py:104} INFO - Load table : LINEITEM
[2021-08-07 07:43:24,391] {python.py:151} INFO - Done. Returned value was: None
[2021-08-07 07:43:24,400] {taskinstance.py:1211} INFO - Marking task as SUCCESS. dag_id=to_datalake_pipeline, task_id=extract_from_git, execution_date=20210807T074255, start_date=20210807T074311, end_date=20210807T074324
[2021-08-07 07:43:24,426] {taskinstance.py:1265} INFO - 0 downstream tasks scheduled from follow-on schedule check
[2021-08-07 07:43:24,466] {local_task_job.py:149} INFO - Task exited with return code 0
[2021-08-07 07:43:24,496] {dagrun.py:444} INFO - Marking run <DagRun to_datalake_pipeline @ 2021-08-07 07:42:55.519022+00:00: manual__2021-08-07T07:42:55.519022+00:00, externally triggered: True> successful
