[2021-08-08 06:38:27,908] {taskinstance.py:896} INFO - Dependencies all met for <TaskInstance: presentation_pipeline.presentation_dim_suppliers 2021-08-08T06:30:00+00:00 [queued]>
[2021-08-08 06:38:27,933] {taskinstance.py:896} INFO - Dependencies all met for <TaskInstance: presentation_pipeline.presentation_dim_suppliers 2021-08-08T06:30:00+00:00 [queued]>
[2021-08-08 06:38:27,934] {taskinstance.py:1087} INFO - 
--------------------------------------------------------------------------------
[2021-08-08 06:38:27,935] {taskinstance.py:1088} INFO - Starting attempt 1 of 1
[2021-08-08 06:38:27,936] {taskinstance.py:1089} INFO - 
--------------------------------------------------------------------------------
[2021-08-08 06:38:27,946] {taskinstance.py:1107} INFO - Executing <Task(MySqlOperator): presentation_dim_suppliers> on 2021-08-08T06:30:00+00:00
[2021-08-08 06:38:27,958] {standard_task_runner.py:76} INFO - Running: ['***', 'tasks', 'run', 'presentation_pipeline', 'presentation_dim_suppliers', '2021-08-08T06:30:00+00:00', '--job-id', '27', '--pool', 'default_pool', '--raw', '--subdir', 'DAGS_FOLDER/presentation_pipeline.py', '--cfg-path', '/tmp/tmp12egfbsy', '--error-file', '/tmp/tmp9dnhfrxj']
[2021-08-08 06:38:27,959] {standard_task_runner.py:77} INFO - Job 27: Subtask presentation_dim_suppliers
[2021-08-08 06:38:27,952] {standard_task_runner.py:52} INFO - Started process 428 to run task
[2021-08-08 06:38:28,042] {logging_mixin.py:104} INFO - Running <TaskInstance: presentation_pipeline.presentation_dim_suppliers 2021-08-08T06:30:00+00:00 [running]> on host 53d8ed6396aa
[2021-08-08 06:38:28,127] {taskinstance.py:1302} INFO - Exporting the following env vars:
AIRFLOW_CTX_DAG_OWNER=***
AIRFLOW_CTX_DAG_ID=presentation_pipeline
AIRFLOW_CTX_TASK_ID=presentation_dim_suppliers
AIRFLOW_CTX_EXECUTION_DATE=2021-08-08T06:30:00+00:00
AIRFLOW_CTX_DAG_RUN_ID=scheduled__2021-08-08T06:30:00+00:00
[2021-08-08 06:38:28,128] {mysql.py:70} INFO - Executing: INSERT IGNORE INTO presentation.suppliers
SELECT
	DISTINCT 
	s.SUPPLIER_KEY,
	s.SUPPLIER_ACCOUNT_BALANCE_TOTAL ,
	n.NATION_NAME,
	NOW() AS INGESTION_TIMESTAMP
FROM 
	standardized.suppliers s
LEFT JOIN 
	standardized.nations n 
	ON s.NATION_KEY = n.NATION_KEY 
WHERE 
	s.INGESTION_TIMESTAMP >= DATE_SUB(NOW(), INTERVAL 5 MINUTE)
[2021-08-08 06:38:28,144] {base.py:78} INFO - Using connection to: id: dwh_id. Host: dwh, Port: 3306, Schema: , Login: root, Password: ***, extra: {}
[2021-08-08 06:38:28,155] {dbapi.py:204} INFO - Running statement: INSERT IGNORE INTO presentation.suppliers
SELECT
	DISTINCT 
	s.SUPPLIER_KEY,
	s.SUPPLIER_ACCOUNT_BALANCE_TOTAL ,
	n.NATION_NAME,
	NOW() AS INGESTION_TIMESTAMP
FROM 
	standardized.suppliers s
LEFT JOIN 
	standardized.nations n 
	ON s.NATION_KEY = n.NATION_KEY 
WHERE 
	s.INGESTION_TIMESTAMP >= DATE_SUB(NOW(), INTERVAL 5 MINUTE), parameters: None
[2021-08-08 06:38:28,159] {dbapi.py:212} INFO - Rows affected: 0
[2021-08-08 06:38:28,173] {taskinstance.py:1211} INFO - Marking task as SUCCESS. dag_id=presentation_pipeline, task_id=presentation_dim_suppliers, execution_date=20210808T063000, start_date=20210808T063827, end_date=20210808T063828
[2021-08-08 06:38:28,209] {taskinstance.py:1265} INFO - 0 downstream tasks scheduled from follow-on schedule check
[2021-08-08 06:38:28,256] {local_task_job.py:149} INFO - Task exited with return code 0
