[2021-08-07 15:08:19,019] {taskinstance.py:896} INFO - Dependencies all met for <TaskInstance: standardized_pipeline.standardized_region 2021-08-07T15:08:16.087431+00:00 [queued]>
[2021-08-07 15:08:19,040] {taskinstance.py:896} INFO - Dependencies all met for <TaskInstance: standardized_pipeline.standardized_region 2021-08-07T15:08:16.087431+00:00 [queued]>
[2021-08-07 15:08:19,044] {taskinstance.py:1087} INFO - 
--------------------------------------------------------------------------------
[2021-08-07 15:08:19,045] {taskinstance.py:1088} INFO - Starting attempt 1 of 1
[2021-08-07 15:08:19,046] {taskinstance.py:1089} INFO - 
--------------------------------------------------------------------------------
[2021-08-07 15:08:19,092] {taskinstance.py:1107} INFO - Executing <Task(MySqlOperator): standardized_region> on 2021-08-07T15:08:16.087431+00:00
[2021-08-07 15:08:19,102] {standard_task_runner.py:52} INFO - Started process 9012 to run task
[2021-08-07 15:08:19,118] {standard_task_runner.py:76} INFO - Running: ['***', 'tasks', 'run', 'standardized_pipeline', 'standardized_region', '2021-08-07T15:08:16.087431+00:00', '--job-id', '155', '--pool', 'default_pool', '--raw', '--subdir', 'DAGS_FOLDER/standardized_pipeline.py', '--cfg-path', '/tmp/tmp7z980xoe', '--error-file', '/tmp/tmpk0i4qv_x']
[2021-08-07 15:08:19,119] {standard_task_runner.py:77} INFO - Job 155: Subtask standardized_region
[2021-08-07 15:08:19,267] {logging_mixin.py:104} INFO - Running <TaskInstance: standardized_pipeline.standardized_region 2021-08-07T15:08:16.087431+00:00 [running]> on host ab70d6dafbc6
[2021-08-07 15:08:19,434] {taskinstance.py:1302} INFO - Exporting the following env vars:
AIRFLOW_CTX_DAG_OWNER=***
AIRFLOW_CTX_DAG_ID=standardized_pipeline
AIRFLOW_CTX_TASK_ID=standardized_region
AIRFLOW_CTX_EXECUTION_DATE=2021-08-07T15:08:16.087431+00:00
AIRFLOW_CTX_DAG_RUN_ID=manual__2021-08-07T15:08:16.087431+00:00
[2021-08-07 15:08:19,436] {mysql.py:70} INFO - Executing: INSERT IGNORE INTO standardized.REGION(
	`REGION_KEY`,
	`REGION_NAME`,
	`REGION_COMMENT`
) 

WITH region_last_5_minutes AS (
	SELECT
		DISTINCT 
		CAST(rd.R_REGIONKEY AS SIGNED) AS R_REGIONKEY,
		rd.R_NAME,
		rd.R_COMMENT
	FROM
		datalake.REGION rd
	WHERE rd.INGESTION_TIMESTAMP >= DATE_SUB(NOW(), INTERVAL 5 MINUTE)
)

SELECT 
	* 
FROM 
	region_last_5_minutes
[2021-08-07 15:08:19,457] {base.py:78} INFO - Using connection to: id: dwh_id. Host: dwh, Port: 3306, Schema: , Login: root, Password: ***, extra: {}
[2021-08-07 15:08:19,493] {dbapi.py:204} INFO - Running statement: INSERT IGNORE INTO standardized.REGION(
	`REGION_KEY`,
	`REGION_NAME`,
	`REGION_COMMENT`
) 

WITH region_last_5_minutes AS (
	SELECT
		DISTINCT 
		CAST(rd.R_REGIONKEY AS SIGNED) AS R_REGIONKEY,
		rd.R_NAME,
		rd.R_COMMENT
	FROM
		datalake.REGION rd
	WHERE rd.INGESTION_TIMESTAMP >= DATE_SUB(NOW(), INTERVAL 5 MINUTE)
)

SELECT 
	* 
FROM 
	region_last_5_minutes, parameters: None
[2021-08-07 15:08:19,496] {dbapi.py:212} INFO - Rows affected: 5
[2021-08-07 15:08:19,546] {taskinstance.py:1211} INFO - Marking task as SUCCESS. dag_id=standardized_pipeline, task_id=standardized_region, execution_date=20210807T150816, start_date=20210807T150819, end_date=20210807T150819
[2021-08-07 15:08:19,642] {taskinstance.py:1265} INFO - 0 downstream tasks scheduled from follow-on schedule check
[2021-08-07 15:08:19,685] {local_task_job.py:149} INFO - Task exited with return code 0
