[2021-08-08 05:30:01,188] {taskinstance.py:896} INFO - Dependencies all met for <TaskInstance: presentation_pipeline.presentation_pipeline_start 2021-08-08T05:25:00+00:00 [queued]>
[2021-08-08 05:30:01,211] {taskinstance.py:896} INFO - Dependencies all met for <TaskInstance: presentation_pipeline.presentation_pipeline_start 2021-08-08T05:25:00+00:00 [queued]>
[2021-08-08 05:30:01,212] {taskinstance.py:1087} INFO - 
--------------------------------------------------------------------------------
[2021-08-08 05:30:01,213] {taskinstance.py:1088} INFO - Starting attempt 1 of 1
[2021-08-08 05:30:01,214] {taskinstance.py:1089} INFO - 
--------------------------------------------------------------------------------
[2021-08-08 05:30:01,225] {taskinstance.py:1107} INFO - Executing <Task(ExternalTaskSensor): presentation_pipeline_start> on 2021-08-08T05:25:00+00:00
[2021-08-08 05:30:01,238] {standard_task_runner.py:76} INFO - Running: ['***', 'tasks', 'run', 'presentation_pipeline', 'presentation_pipeline_start', '2021-08-08T05:25:00+00:00', '--job-id', '61', '--pool', 'default_pool', '--raw', '--subdir', 'DAGS_FOLDER/presentation_pipeline.py', '--cfg-path', '/tmp/tmpcb0dqi6i', '--error-file', '/tmp/tmp4nfnfihh']
[2021-08-08 05:30:01,233] {standard_task_runner.py:52} INFO - Started process 712 to run task
[2021-08-08 05:30:01,240] {standard_task_runner.py:77} INFO - Job 61: Subtask presentation_pipeline_start
[2021-08-08 05:30:01,297] {logging_mixin.py:104} INFO - Running <TaskInstance: presentation_pipeline.presentation_pipeline_start 2021-08-08T05:25:00+00:00 [running]> on host b48e43d568d5
[2021-08-08 05:30:01,364] {taskinstance.py:1302} INFO - Exporting the following env vars:
AIRFLOW_CTX_DAG_OWNER=***
AIRFLOW_CTX_DAG_ID=presentation_pipeline
AIRFLOW_CTX_TASK_ID=presentation_pipeline_start
AIRFLOW_CTX_EXECUTION_DATE=2021-08-08T05:25:00+00:00
AIRFLOW_CTX_DAG_RUN_ID=scheduled__2021-08-08T05:25:00+00:00
[2021-08-08 05:30:01,365] {external_task.py:152} INFO - Poking for standardized_pipeline.standardized_pipeline_end on 2021-08-08T05:25:00+00:00 ... 
[2021-08-08 05:31:01,354] {external_task.py:152} INFO - Poking for standardized_pipeline.standardized_pipeline_end on 2021-08-08T05:25:00+00:00 ... 
[2021-08-08 05:32:01,339] {external_task.py:152} INFO - Poking for standardized_pipeline.standardized_pipeline_end on 2021-08-08T05:25:00+00:00 ... 
[2021-08-08 05:32:01,347] {base.py:248} INFO - Success criteria met. Exiting.
[2021-08-08 05:32:01,354] {taskinstance.py:1211} INFO - Marking task as SUCCESS. dag_id=presentation_pipeline, task_id=presentation_pipeline_start, execution_date=20210808T052500, start_date=20210808T053001, end_date=20210808T053201
[2021-08-08 05:32:01,385] {taskinstance.py:1265} INFO - 5 downstream tasks scheduled from follow-on schedule check
[2021-08-08 05:32:01,420] {local_task_job.py:149} INFO - Task exited with return code 0
[2021-08-08 07:22:07,702] {taskinstance.py:896} INFO - Dependencies all met for <TaskInstance: presentation_pipeline.presentation_pipeline_start 2021-08-08T05:25:00+00:00 [queued]>
[2021-08-08 07:22:07,749] {taskinstance.py:896} INFO - Dependencies all met for <TaskInstance: presentation_pipeline.presentation_pipeline_start 2021-08-08T05:25:00+00:00 [queued]>
[2021-08-08 07:22:07,750] {taskinstance.py:1087} INFO - 
--------------------------------------------------------------------------------
[2021-08-08 07:22:07,751] {taskinstance.py:1088} INFO - Starting attempt 1 of 1
[2021-08-08 07:22:07,754] {taskinstance.py:1089} INFO - 
--------------------------------------------------------------------------------
[2021-08-08 07:22:07,772] {taskinstance.py:1107} INFO - Executing <Task(ExternalTaskSensor): presentation_pipeline_start> on 2021-08-08T05:25:00+00:00
[2021-08-08 07:22:07,779] {standard_task_runner.py:52} INFO - Started process 293 to run task
[2021-08-08 07:22:07,800] {standard_task_runner.py:76} INFO - Running: ['***', 'tasks', 'run', 'presentation_pipeline', 'presentation_pipeline_start', '2021-08-08T05:25:00+00:00', '--job-id', '17', '--pool', 'default_pool', '--raw', '--subdir', 'DAGS_FOLDER/presentation_pipeline.py', '--cfg-path', '/tmp/tmpupc7xioj', '--error-file', '/tmp/tmp1oe_9cq5']
[2021-08-08 07:22:07,802] {standard_task_runner.py:77} INFO - Job 17: Subtask presentation_pipeline_start
[2021-08-08 07:22:07,940] {logging_mixin.py:104} INFO - Running <TaskInstance: presentation_pipeline.presentation_pipeline_start 2021-08-08T05:25:00+00:00 [running]> on host af246ab3df74
[2021-08-08 07:22:08,057] {taskinstance.py:1302} INFO - Exporting the following env vars:
AIRFLOW_CTX_DAG_OWNER=***
AIRFLOW_CTX_DAG_ID=presentation_pipeline
AIRFLOW_CTX_TASK_ID=presentation_pipeline_start
AIRFLOW_CTX_EXECUTION_DATE=2021-08-08T05:25:00+00:00
AIRFLOW_CTX_DAG_RUN_ID=scheduled__2021-08-08T05:25:00+00:00
[2021-08-08 07:22:08,064] {external_task.py:152} INFO - Poking for standardized_pipeline.standardized_pipeline_end on 2021-08-08T05:25:00+00:00 ... 
[2021-08-08 07:23:08,088] {external_task.py:152} INFO - Poking for standardized_pipeline.standardized_pipeline_end on 2021-08-08T05:25:00+00:00 ... 
[2021-08-08 07:23:08,098] {base.py:248} INFO - Success criteria met. Exiting.
[2021-08-08 07:23:08,108] {taskinstance.py:1211} INFO - Marking task as SUCCESS. dag_id=presentation_pipeline, task_id=presentation_pipeline_start, execution_date=20210808T052500, start_date=20210808T072207, end_date=20210808T072308
[2021-08-08 07:23:08,151] {taskinstance.py:1265} INFO - 5 downstream tasks scheduled from follow-on schedule check
[2021-08-08 07:23:08,191] {local_task_job.py:149} INFO - Task exited with return code 0
