[2021-08-08 02:15:00,674] {taskinstance.py:896} INFO - Dependencies all met for <TaskInstance: standardized_pipeline.create_standardized_table_suppliers 2021-08-08T02:10:00+00:00 [queued]>
[2021-08-08 02:15:00,724] {taskinstance.py:896} INFO - Dependencies all met for <TaskInstance: standardized_pipeline.create_standardized_table_suppliers 2021-08-08T02:10:00+00:00 [queued]>
[2021-08-08 02:15:00,725] {taskinstance.py:1087} INFO - 
--------------------------------------------------------------------------------
[2021-08-08 02:15:00,730] {taskinstance.py:1088} INFO - Starting attempt 1 of 1
[2021-08-08 02:15:00,733] {taskinstance.py:1089} INFO - 
--------------------------------------------------------------------------------
[2021-08-08 02:15:00,763] {taskinstance.py:1107} INFO - Executing <Task(MySqlOperator): create_standardized_table_suppliers> on 2021-08-08T02:10:00+00:00
[2021-08-08 02:15:00,781] {standard_task_runner.py:76} INFO - Running: ['***', 'tasks', 'run', 'standardized_pipeline', 'create_standardized_table_suppliers', '2021-08-08T02:10:00+00:00', '--job-id', '15', '--pool', 'default_pool', '--raw', '--subdir', 'DAGS_FOLDER/standardized_pipeline.py', '--cfg-path', '/tmp/tmpiwqg6nns', '--error-file', '/tmp/tmps72uorh9']
[2021-08-08 02:15:00,786] {standard_task_runner.py:77} INFO - Job 15: Subtask create_standardized_table_suppliers
[2021-08-08 02:15:00,776] {standard_task_runner.py:52} INFO - Started process 468 to run task
[2021-08-08 02:15:00,931] {logging_mixin.py:104} INFO - Running <TaskInstance: standardized_pipeline.create_standardized_table_suppliers 2021-08-08T02:10:00+00:00 [running]> on host d995c427c378
[2021-08-08 02:15:01,078] {taskinstance.py:1302} INFO - Exporting the following env vars:
AIRFLOW_CTX_DAG_OWNER=***
AIRFLOW_CTX_DAG_ID=standardized_pipeline
AIRFLOW_CTX_TASK_ID=create_standardized_table_suppliers
AIRFLOW_CTX_EXECUTION_DATE=2021-08-08T02:10:00+00:00
AIRFLOW_CTX_DAG_RUN_ID=scheduled__2021-08-08T02:10:00+00:00
[2021-08-08 02:15:01,081] {mysql.py:70} INFO - Executing: CREATE TABLE IF NOT EXISTS standardized.suppliers AS
WITH data_last_5_minutes AS (
	SELECT
        DISTINCT
        CAST(S_SUPPKEY AS SIGNED) AS SUPPLIER_KEY,
        S_NAME AS SUPPLIER_NAME,
        S_ADDRESS AS SUPPLIER_ADDRESS,
        CAST(S_NATIONKEY AS SIGNED) AS NATION_KEY,
        S_PHONE AS SUPPLIER_PHONE,
        S_ACCTBAL AS SUPPLIER_ACCOUNT_BALANCE_TOTAL,
        S_COMMENT AS SUPPLIER_COMMENT,
        NOW() AS INGESTION_TIMESTAMP
    FROM
        datalake.SUPPLIER
    WHERE 
        INGESTION_TIMESTAMP >= DATE_SUB(NOW(), INTERVAL 5 MINUTE)
)

SELECT 
	* 
FROM 
	data_last_5_minutes
[2021-08-08 02:15:01,105] {base.py:78} INFO - Using connection to: id: dwh_id. Host: dwh, Port: 3306, Schema: , Login: root, Password: ***, extra: {}
[2021-08-08 02:15:01,125] {dbapi.py:204} INFO - Running statement: CREATE TABLE IF NOT EXISTS standardized.suppliers AS
WITH data_last_5_minutes AS (
	SELECT
        DISTINCT
        CAST(S_SUPPKEY AS SIGNED) AS SUPPLIER_KEY,
        S_NAME AS SUPPLIER_NAME,
        S_ADDRESS AS SUPPLIER_ADDRESS,
        CAST(S_NATIONKEY AS SIGNED) AS NATION_KEY,
        S_PHONE AS SUPPLIER_PHONE,
        S_ACCTBAL AS SUPPLIER_ACCOUNT_BALANCE_TOTAL,
        S_COMMENT AS SUPPLIER_COMMENT,
        NOW() AS INGESTION_TIMESTAMP
    FROM
        datalake.SUPPLIER
    WHERE 
        INGESTION_TIMESTAMP >= DATE_SUB(NOW(), INTERVAL 5 MINUTE)
)

SELECT 
	* 
FROM 
	data_last_5_minutes, parameters: None
[2021-08-08 02:15:01,131] {taskinstance.py:1501} ERROR - Task failed with exception
Traceback (most recent call last):
  File "/home/airflow/.local/lib/python3.6/site-packages/airflow/models/taskinstance.py", line 1157, in _run_raw_task
    self._prepare_and_execute_task_with_callbacks(context, task)
  File "/home/airflow/.local/lib/python3.6/site-packages/airflow/models/taskinstance.py", line 1331, in _prepare_and_execute_task_with_callbacks
    result = self._execute_task(context, task_copy)
  File "/home/airflow/.local/lib/python3.6/site-packages/airflow/models/taskinstance.py", line 1361, in _execute_task
    result = task_copy.execute(context=context)
  File "/home/airflow/.local/lib/python3.6/site-packages/airflow/providers/mysql/operators/mysql.py", line 72, in execute
    hook.run(self.sql, autocommit=self.autocommit, parameters=self.parameters)
  File "/home/airflow/.local/lib/python3.6/site-packages/airflow/hooks/dbapi.py", line 184, in run
    self._run_command(cur, sql_statement, parameters)
  File "/home/airflow/.local/lib/python3.6/site-packages/airflow/hooks/dbapi.py", line 208, in _run_command
    cur.execute(sql_statement)
  File "/home/airflow/.local/lib/python3.6/site-packages/MySQLdb/cursors.py", line 206, in execute
    res = self._query(query)
  File "/home/airflow/.local/lib/python3.6/site-packages/MySQLdb/cursors.py", line 319, in _query
    db.query(q)
  File "/home/airflow/.local/lib/python3.6/site-packages/MySQLdb/connections.py", line 259, in query
    _mysql.connection.query(self, query)
MySQLdb._exceptions.OperationalError: (1067, "Invalid default value for 'INGESTION_TIMESTAMP'")
[2021-08-08 02:15:01,135] {taskinstance.py:1551} INFO - Marking task as FAILED. dag_id=standardized_pipeline, task_id=create_standardized_table_suppliers, execution_date=20210808T021000, start_date=20210808T021500, end_date=20210808T021501
[2021-08-08 02:15:01,227] {local_task_job.py:149} INFO - Task exited with return code 1
[2021-08-08 02:17:24,837] {taskinstance.py:896} INFO - Dependencies all met for <TaskInstance: standardized_pipeline.create_standardized_table_suppliers 2021-08-08T02:10:00+00:00 [queued]>
[2021-08-08 02:17:24,908] {taskinstance.py:896} INFO - Dependencies all met for <TaskInstance: standardized_pipeline.create_standardized_table_suppliers 2021-08-08T02:10:00+00:00 [queued]>
[2021-08-08 02:17:24,916] {taskinstance.py:1087} INFO - 
--------------------------------------------------------------------------------
[2021-08-08 02:17:24,922] {taskinstance.py:1088} INFO - Starting attempt 1 of 1
[2021-08-08 02:17:24,925] {taskinstance.py:1089} INFO - 
--------------------------------------------------------------------------------
[2021-08-08 02:17:25,006] {taskinstance.py:1107} INFO - Executing <Task(MySqlOperator): create_standardized_table_suppliers> on 2021-08-08T02:10:00+00:00
[2021-08-08 02:17:25,034] {standard_task_runner.py:52} INFO - Started process 678 to run task
[2021-08-08 02:17:25,091] {standard_task_runner.py:76} INFO - Running: ['***', 'tasks', 'run', 'standardized_pipeline', 'create_standardized_table_suppliers', '2021-08-08T02:10:00+00:00', '--job-id', '25', '--pool', 'default_pool', '--raw', '--subdir', 'DAGS_FOLDER/standardized_pipeline.py', '--cfg-path', '/tmp/tmpxlujrnla', '--error-file', '/tmp/tmpr_sa4ed6']
[2021-08-08 02:17:25,098] {standard_task_runner.py:77} INFO - Job 25: Subtask create_standardized_table_suppliers
[2021-08-08 02:17:25,516] {logging_mixin.py:104} INFO - Running <TaskInstance: standardized_pipeline.create_standardized_table_suppliers 2021-08-08T02:10:00+00:00 [running]> on host d995c427c378
[2021-08-08 02:17:25,925] {taskinstance.py:1302} INFO - Exporting the following env vars:
AIRFLOW_CTX_DAG_OWNER=***
AIRFLOW_CTX_DAG_ID=standardized_pipeline
AIRFLOW_CTX_TASK_ID=create_standardized_table_suppliers
AIRFLOW_CTX_EXECUTION_DATE=2021-08-08T02:10:00+00:00
AIRFLOW_CTX_DAG_RUN_ID=scheduled__2021-08-08T02:10:00+00:00
[2021-08-08 02:17:25,929] {mysql.py:70} INFO - Executing: CREATE TABLE IF NOT EXISTS standardized.suppliers (INGESTION_TIMESTAMP TIMESTAMP NOT NULL DEFAULT CURRENT_TIMESTAMP) AS
WITH data_last_5_minutes AS (
	SELECT
        DISTINCT
        CAST(S_SUPPKEY AS SIGNED) AS SUPPLIER_KEY,
        S_NAME AS SUPPLIER_NAME,
        S_ADDRESS AS SUPPLIER_ADDRESS,
        CAST(S_NATIONKEY AS SIGNED) AS NATION_KEY,
        S_PHONE AS SUPPLIER_PHONE,
        S_ACCTBAL AS SUPPLIER_ACCOUNT_BALANCE_TOTAL,
        S_COMMENT AS SUPPLIER_COMMENT,
        NOW() AS INGESTION_TIMESTAMP
    FROM
        datalake.SUPPLIER
    WHERE 
        INGESTION_TIMESTAMP >= DATE_SUB(NOW(), INTERVAL 5 MINUTE)
)

SELECT 
	* 
FROM 
	data_last_5_minutes
[2021-08-08 02:17:26,026] {base.py:78} INFO - Using connection to: id: dwh_id. Host: dwh, Port: 3306, Schema: , Login: root, Password: ***, extra: {}
[2021-08-08 02:17:26,089] {dbapi.py:204} INFO - Running statement: CREATE TABLE IF NOT EXISTS standardized.suppliers (INGESTION_TIMESTAMP TIMESTAMP NOT NULL DEFAULT CURRENT_TIMESTAMP) AS
WITH data_last_5_minutes AS (
	SELECT
        DISTINCT
        CAST(S_SUPPKEY AS SIGNED) AS SUPPLIER_KEY,
        S_NAME AS SUPPLIER_NAME,
        S_ADDRESS AS SUPPLIER_ADDRESS,
        CAST(S_NATIONKEY AS SIGNED) AS NATION_KEY,
        S_PHONE AS SUPPLIER_PHONE,
        S_ACCTBAL AS SUPPLIER_ACCOUNT_BALANCE_TOTAL,
        S_COMMENT AS SUPPLIER_COMMENT,
        NOW() AS INGESTION_TIMESTAMP
    FROM
        datalake.SUPPLIER
    WHERE 
        INGESTION_TIMESTAMP >= DATE_SUB(NOW(), INTERVAL 5 MINUTE)
)

SELECT 
	* 
FROM 
	data_last_5_minutes, parameters: None
[2021-08-08 02:17:26,266] {dbapi.py:212} INFO - Rows affected: 0
[2021-08-08 02:17:26,360] {taskinstance.py:1211} INFO - Marking task as SUCCESS. dag_id=standardized_pipeline, task_id=create_standardized_table_suppliers, execution_date=20210808T021000, start_date=20210808T021724, end_date=20210808T021726
[2021-08-08 02:17:26,577] {taskinstance.py:1265} INFO - 1 downstream tasks scheduled from follow-on schedule check
[2021-08-08 02:17:26,638] {local_task_job.py:149} INFO - Task exited with return code 0
