[2021-08-08 06:07:02,499] {taskinstance.py:896} INFO - Dependencies all met for <TaskInstance: presentation_pipeline.create_presentation_table_dim_suppliers 2021-08-08T06:00:00+00:00 [queued]>
[2021-08-08 06:07:02,520] {taskinstance.py:896} INFO - Dependencies all met for <TaskInstance: presentation_pipeline.create_presentation_table_dim_suppliers 2021-08-08T06:00:00+00:00 [queued]>
[2021-08-08 06:07:02,521] {taskinstance.py:1087} INFO - 
--------------------------------------------------------------------------------
[2021-08-08 06:07:02,522] {taskinstance.py:1088} INFO - Starting attempt 1 of 1
[2021-08-08 06:07:02,522] {taskinstance.py:1089} INFO - 
--------------------------------------------------------------------------------
[2021-08-08 06:07:02,535] {taskinstance.py:1107} INFO - Executing <Task(MySqlOperator): create_presentation_table_dim_suppliers> on 2021-08-08T06:00:00+00:00
[2021-08-08 06:07:02,540] {standard_task_runner.py:52} INFO - Started process 4405 to run task
[2021-08-08 06:07:02,544] {standard_task_runner.py:76} INFO - Running: ['***', 'tasks', 'run', 'presentation_pipeline', 'create_presentation_table_dim_suppliers', '2021-08-08T06:00:00+00:00', '--job-id', '284', '--pool', 'default_pool', '--raw', '--subdir', 'DAGS_FOLDER/presentation_pipeline.py', '--cfg-path', '/tmp/tmppdnrvi83', '--error-file', '/tmp/tmpq4hvtm6d']
[2021-08-08 06:07:02,545] {standard_task_runner.py:77} INFO - Job 284: Subtask create_presentation_table_dim_suppliers
[2021-08-08 06:07:02,601] {logging_mixin.py:104} INFO - Running <TaskInstance: presentation_pipeline.create_presentation_table_dim_suppliers 2021-08-08T06:00:00+00:00 [running]> on host b48e43d568d5
[2021-08-08 06:07:02,653] {taskinstance.py:1302} INFO - Exporting the following env vars:
AIRFLOW_CTX_DAG_OWNER=***
AIRFLOW_CTX_DAG_ID=presentation_pipeline
AIRFLOW_CTX_TASK_ID=create_presentation_table_dim_suppliers
AIRFLOW_CTX_EXECUTION_DATE=2021-08-08T06:00:00+00:00
AIRFLOW_CTX_DAG_RUN_ID=scheduled__2021-08-08T06:00:00+00:00
[2021-08-08 06:07:02,654] {mysql.py:70} INFO - Executing: CREATE TABLE IF NOT EXISTS presentation.suppliers (
    SUPPLIER_KEY INT NOT NULL,
    INGESTION_TIMESTAMP TIMESTAMP NOT NULL DEFAULT CURRENT_TIMESTAMP,
    CONSTRAINT `SUPPLIER_PK` PRIMARY KEY (SUPPLIER_KEY)
) AS

SELECT
	DISTINCT 
	s.SUPPLIER_KEY,
	s.SUPPLIER_ACCOUNT_BALANCE_TOTAL ,
	n.NATION_NAME,
	NOW() AS INGESTION_TIMESTAMP
FROM 
	standardized.suppliers s
LEFT JOIN 
	standardized.nations n 
	ON s.NATION_KEY = n.NATION_KEY 
WHERE 
	s.INGESTION_TIMESTAMP >= DATE_SUB(NOW(), INTERVAL 5 MINUTE)
[2021-08-08 06:07:02,663] {base.py:78} INFO - Using connection to: id: dwh_id. Host: dwh, Port: 3306, Schema: , Login: root, Password: ***, extra: {}
[2021-08-08 06:07:02,673] {dbapi.py:204} INFO - Running statement: CREATE TABLE IF NOT EXISTS presentation.suppliers (
    SUPPLIER_KEY INT NOT NULL,
    INGESTION_TIMESTAMP TIMESTAMP NOT NULL DEFAULT CURRENT_TIMESTAMP,
    CONSTRAINT `SUPPLIER_PK` PRIMARY KEY (SUPPLIER_KEY)
) AS

SELECT
	DISTINCT 
	s.SUPPLIER_KEY,
	s.SUPPLIER_ACCOUNT_BALANCE_TOTAL ,
	n.NATION_NAME,
	NOW() AS INGESTION_TIMESTAMP
FROM 
	standardized.suppliers s
LEFT JOIN 
	standardized.nations n 
	ON s.NATION_KEY = n.NATION_KEY 
WHERE 
	s.INGESTION_TIMESTAMP >= DATE_SUB(NOW(), INTERVAL 5 MINUTE), parameters: None
[2021-08-08 06:07:02,674] {dbapi.py:212} INFO - Rows affected: 0
[2021-08-08 06:07:02,688] {taskinstance.py:1211} INFO - Marking task as SUCCESS. dag_id=presentation_pipeline, task_id=create_presentation_table_dim_suppliers, execution_date=20210808T060000, start_date=20210808T060702, end_date=20210808T060702
[2021-08-08 06:07:02,718] {taskinstance.py:1265} INFO - 1 downstream tasks scheduled from follow-on schedule check
[2021-08-08 06:07:02,760] {local_task_job.py:149} INFO - Task exited with return code 0
[2021-08-08 07:34:20,461] {taskinstance.py:896} INFO - Dependencies all met for <TaskInstance: presentation_pipeline.create_presentation_table_dim_suppliers 2021-08-08T06:00:00+00:00 [queued]>
[2021-08-08 07:34:20,484] {taskinstance.py:896} INFO - Dependencies all met for <TaskInstance: presentation_pipeline.create_presentation_table_dim_suppliers 2021-08-08T06:00:00+00:00 [queued]>
[2021-08-08 07:34:20,486] {taskinstance.py:1087} INFO - 
--------------------------------------------------------------------------------
[2021-08-08 07:34:20,487] {taskinstance.py:1088} INFO - Starting attempt 1 of 1
[2021-08-08 07:34:20,488] {taskinstance.py:1089} INFO - 
--------------------------------------------------------------------------------
[2021-08-08 07:34:20,498] {taskinstance.py:1107} INFO - Executing <Task(MySqlOperator): create_presentation_table_dim_suppliers> on 2021-08-08T06:00:00+00:00
[2021-08-08 07:34:20,504] {standard_task_runner.py:52} INFO - Started process 468 to run task
[2021-08-08 07:34:20,510] {standard_task_runner.py:76} INFO - Running: ['***', 'tasks', 'run', 'presentation_pipeline', 'create_presentation_table_dim_suppliers', '2021-08-08T06:00:00+00:00', '--job-id', '21', '--pool', 'default_pool', '--raw', '--subdir', 'DAGS_FOLDER/presentation_pipeline.py', '--cfg-path', '/tmp/tmpmom08pq1', '--error-file', '/tmp/tmp_5shk55h']
[2021-08-08 07:34:20,512] {standard_task_runner.py:77} INFO - Job 21: Subtask create_presentation_table_dim_suppliers
[2021-08-08 07:34:20,575] {logging_mixin.py:104} INFO - Running <TaskInstance: presentation_pipeline.create_presentation_table_dim_suppliers 2021-08-08T06:00:00+00:00 [running]> on host d501b83ad3fd
[2021-08-08 07:34:20,660] {taskinstance.py:1302} INFO - Exporting the following env vars:
AIRFLOW_CTX_DAG_OWNER=***
AIRFLOW_CTX_DAG_ID=presentation_pipeline
AIRFLOW_CTX_TASK_ID=create_presentation_table_dim_suppliers
AIRFLOW_CTX_EXECUTION_DATE=2021-08-08T06:00:00+00:00
AIRFLOW_CTX_DAG_RUN_ID=scheduled__2021-08-08T06:00:00+00:00
[2021-08-08 07:34:20,663] {mysql.py:70} INFO - Executing: CREATE TABLE IF NOT EXISTS presentation.suppliers (
    SUPPLIER_KEY INT NOT NULL,
    INGESTION_TIMESTAMP TIMESTAMP NOT NULL DEFAULT CURRENT_TIMESTAMP,
    CONSTRAINT `SUPPLIER_PK` PRIMARY KEY (SUPPLIER_KEY)
) AS

SELECT
	DISTINCT 
	s.SUPPLIER_KEY,
	s.SUPPLIER_ACCOUNT_BALANCE_TOTAL ,
	n.NATION_NAME,
	NOW() AS INGESTION_TIMESTAMP
FROM 
	standardized.suppliers s
LEFT JOIN 
	standardized.nations n 
	ON s.NATION_KEY = n.NATION_KEY 
WHERE 
	s.INGESTION_TIMESTAMP >= DATE_SUB(NOW(), INTERVAL 1 HOUR)
[2021-08-08 07:34:20,674] {base.py:78} INFO - Using connection to: id: dwh_id. Host: dwh, Port: 3306, Schema: , Login: root, Password: ***, extra: {}
[2021-08-08 07:34:20,689] {dbapi.py:204} INFO - Running statement: CREATE TABLE IF NOT EXISTS presentation.suppliers (
    SUPPLIER_KEY INT NOT NULL,
    INGESTION_TIMESTAMP TIMESTAMP NOT NULL DEFAULT CURRENT_TIMESTAMP,
    CONSTRAINT `SUPPLIER_PK` PRIMARY KEY (SUPPLIER_KEY)
) AS

SELECT
	DISTINCT 
	s.SUPPLIER_KEY,
	s.SUPPLIER_ACCOUNT_BALANCE_TOTAL ,
	n.NATION_NAME,
	NOW() AS INGESTION_TIMESTAMP
FROM 
	standardized.suppliers s
LEFT JOIN 
	standardized.nations n 
	ON s.NATION_KEY = n.NATION_KEY 
WHERE 
	s.INGESTION_TIMESTAMP >= DATE_SUB(NOW(), INTERVAL 1 HOUR), parameters: None
[2021-08-08 07:34:20,711] {dbapi.py:212} INFO - Rows affected: 100
[2021-08-08 07:34:20,728] {taskinstance.py:1211} INFO - Marking task as SUCCESS. dag_id=presentation_pipeline, task_id=create_presentation_table_dim_suppliers, execution_date=20210808T060000, start_date=20210808T073420, end_date=20210808T073420
[2021-08-08 07:34:20,755] {taskinstance.py:1265} INFO - 1 downstream tasks scheduled from follow-on schedule check
[2021-08-08 07:34:20,769] {local_task_job.py:149} INFO - Task exited with return code 0
[2021-08-08 07:48:09,085] {taskinstance.py:896} INFO - Dependencies all met for <TaskInstance: presentation_pipeline.create_presentation_table_dim_suppliers 2021-08-08T06:00:00+00:00 [queued]>
[2021-08-08 07:48:09,096] {taskinstance.py:896} INFO - Dependencies all met for <TaskInstance: presentation_pipeline.create_presentation_table_dim_suppliers 2021-08-08T06:00:00+00:00 [queued]>
[2021-08-08 07:48:09,098] {taskinstance.py:1087} INFO - 
--------------------------------------------------------------------------------
[2021-08-08 07:48:09,099] {taskinstance.py:1088} INFO - Starting attempt 1 of 1
[2021-08-08 07:48:09,099] {taskinstance.py:1089} INFO - 
--------------------------------------------------------------------------------
[2021-08-08 07:48:09,111] {taskinstance.py:1107} INFO - Executing <Task(MySqlOperator): create_presentation_table_dim_suppliers> on 2021-08-08T06:00:00+00:00
[2021-08-08 07:48:09,120] {standard_task_runner.py:76} INFO - Running: ['***', 'tasks', 'run', 'presentation_pipeline', 'create_presentation_table_dim_suppliers', '2021-08-08T06:00:00+00:00', '--job-id', '22', '--pool', 'default_pool', '--raw', '--subdir', 'DAGS_FOLDER/presentation_pipeline.py', '--cfg-path', '/tmp/tmpc8mcw5b4', '--error-file', '/tmp/tmpuodrx6xz']
[2021-08-08 07:48:09,122] {standard_task_runner.py:77} INFO - Job 22: Subtask create_presentation_table_dim_suppliers
[2021-08-08 07:48:09,116] {standard_task_runner.py:52} INFO - Started process 508 to run task
[2021-08-08 07:48:09,178] {logging_mixin.py:104} INFO - Running <TaskInstance: presentation_pipeline.create_presentation_table_dim_suppliers 2021-08-08T06:00:00+00:00 [running]> on host 0540c8fa99d2
[2021-08-08 07:48:09,243] {taskinstance.py:1302} INFO - Exporting the following env vars:
AIRFLOW_CTX_DAG_OWNER=***
AIRFLOW_CTX_DAG_ID=presentation_pipeline
AIRFLOW_CTX_TASK_ID=create_presentation_table_dim_suppliers
AIRFLOW_CTX_EXECUTION_DATE=2021-08-08T06:00:00+00:00
AIRFLOW_CTX_DAG_RUN_ID=scheduled__2021-08-08T06:00:00+00:00
[2021-08-08 07:48:09,244] {mysql.py:70} INFO - Executing: CREATE TABLE IF NOT EXISTS presentation.suppliers (
    SUPPLIER_KEY INT NOT NULL,
    INGESTION_TIMESTAMP TIMESTAMP NOT NULL DEFAULT CURRENT_TIMESTAMP,
    CONSTRAINT `SUPPLIER_PK` PRIMARY KEY (SUPPLIER_KEY)
) AS

SELECT
	DISTINCT 
	s.SUPPLIER_KEY,
	s.SUPPLIER_ACCOUNT_BALANCE_TOTAL ,
	n.NATION_NAME,
	NOW() AS INGESTION_TIMESTAMP
FROM 
	standardized.suppliers s
LEFT JOIN 
	standardized.nations n 
	ON s.NATION_KEY = n.NATION_KEY 
WHERE 
	s.INGESTION_TIMESTAMP >= DATE_SUB(NOW(), INTERVAL 1 HOUR)
[2021-08-08 07:48:09,254] {base.py:78} INFO - Using connection to: id: dwh_id. Host: dwh, Port: 3306, Schema: , Login: root, Password: ***, extra: {}
[2021-08-08 07:48:09,265] {dbapi.py:204} INFO - Running statement: CREATE TABLE IF NOT EXISTS presentation.suppliers (
    SUPPLIER_KEY INT NOT NULL,
    INGESTION_TIMESTAMP TIMESTAMP NOT NULL DEFAULT CURRENT_TIMESTAMP,
    CONSTRAINT `SUPPLIER_PK` PRIMARY KEY (SUPPLIER_KEY)
) AS

SELECT
	DISTINCT 
	s.SUPPLIER_KEY,
	s.SUPPLIER_ACCOUNT_BALANCE_TOTAL ,
	n.NATION_NAME,
	NOW() AS INGESTION_TIMESTAMP
FROM 
	standardized.suppliers s
LEFT JOIN 
	standardized.nations n 
	ON s.NATION_KEY = n.NATION_KEY 
WHERE 
	s.INGESTION_TIMESTAMP >= DATE_SUB(NOW(), INTERVAL 1 HOUR), parameters: None
[2021-08-08 07:48:09,290] {dbapi.py:212} INFO - Rows affected: 100
[2021-08-08 07:48:09,302] {taskinstance.py:1211} INFO - Marking task as SUCCESS. dag_id=presentation_pipeline, task_id=create_presentation_table_dim_suppliers, execution_date=20210808T060000, start_date=20210808T074809, end_date=20210808T074809
[2021-08-08 07:48:09,327] {taskinstance.py:1265} INFO - 1 downstream tasks scheduled from follow-on schedule check
[2021-08-08 07:48:09,339] {local_task_job.py:149} INFO - Task exited with return code 0
