[2021-08-07 14:00:00,375] {taskinstance.py:896} INFO - Dependencies all met for <TaskInstance: standardized_pipeline.create_standardized_table_region 2021-08-07T13:55:00+00:00 [queued]>
[2021-08-07 14:00:00,390] {taskinstance.py:896} INFO - Dependencies all met for <TaskInstance: standardized_pipeline.create_standardized_table_region 2021-08-07T13:55:00+00:00 [queued]>
[2021-08-07 14:00:00,391] {taskinstance.py:1087} INFO - 
--------------------------------------------------------------------------------
[2021-08-07 14:00:00,391] {taskinstance.py:1088} INFO - Starting attempt 1 of 1
[2021-08-07 14:00:00,392] {taskinstance.py:1089} INFO - 
--------------------------------------------------------------------------------
[2021-08-07 14:00:00,400] {taskinstance.py:1107} INFO - Executing <Task(MySqlOperator): create_standardized_table_region> on 2021-08-07T13:55:00+00:00
[2021-08-07 14:00:00,404] {standard_task_runner.py:52} INFO - Started process 2700 to run task
[2021-08-07 14:00:00,408] {standard_task_runner.py:76} INFO - Running: ['***', 'tasks', 'run', 'standardized_pipeline', 'create_standardized_table_region', '2021-08-07T13:55:00+00:00', '--job-id', '17', '--pool', 'default_pool', '--raw', '--subdir', 'DAGS_FOLDER/standardized_pipeline.py', '--cfg-path', '/tmp/tmpyt7hmnko', '--error-file', '/tmp/tmpxleytrfz']
[2021-08-07 14:00:00,409] {standard_task_runner.py:77} INFO - Job 17: Subtask create_standardized_table_region
[2021-08-07 14:00:00,454] {logging_mixin.py:104} INFO - Running <TaskInstance: standardized_pipeline.create_standardized_table_region 2021-08-07T13:55:00+00:00 [running]> on host ab70d6dafbc6
[2021-08-07 14:00:00,508] {taskinstance.py:1302} INFO - Exporting the following env vars:
AIRFLOW_CTX_DAG_OWNER=***
AIRFLOW_CTX_DAG_ID=standardized_pipeline
AIRFLOW_CTX_TASK_ID=create_standardized_table_region
AIRFLOW_CTX_EXECUTION_DATE=2021-08-07T13:55:00+00:00
AIRFLOW_CTX_DAG_RUN_ID=scheduled__2021-08-07T13:55:00+00:00
[2021-08-07 14:00:00,509] {mysql.py:70} INFO - Executing: CREATE TABLE IF NOT EXISTS standardized.REGION (
  `REGION_KEY` int NOT NULL,
  `REGION_NAME` text NOT NULL,
  `REGION_COMMENT` text,
  `INGESTION_TIMESTAMP` datetime DEFAULT CURRENT_TIMESTAMP,
  PRIMARY KEY (`REGION_KEY`)
) ENGINE=InnoDB DEFAULT CHARSET=utf8mb4 COLLATE=utf8mb4_0900_ai_ci
	
[2021-08-07 14:00:00,522] {base.py:78} INFO - Using connection to: id: dwh_id. Host: dwh, Port: 3306, Schema: , Login: root, Password: ***, extra: {}
[2021-08-07 14:00:00,536] {dbapi.py:204} INFO - Running statement: CREATE TABLE IF NOT EXISTS standardized.REGION (
  `REGION_KEY` int NOT NULL,
  `REGION_NAME` text NOT NULL,
  `REGION_COMMENT` text,
  `INGESTION_TIMESTAMP` datetime DEFAULT CURRENT_TIMESTAMP,
  PRIMARY KEY (`REGION_KEY`)
) ENGINE=InnoDB DEFAULT CHARSET=utf8mb4 COLLATE=utf8mb4_0900_ai_ci
	, parameters: None
[2021-08-07 14:00:00,543] {dbapi.py:212} INFO - Rows affected: 0
[2021-08-07 14:00:00,557] {taskinstance.py:1211} INFO - Marking task as SUCCESS. dag_id=standardized_pipeline, task_id=create_standardized_table_region, execution_date=20210807T135500, start_date=20210807T140000, end_date=20210807T140000
[2021-08-07 14:00:00,589] {taskinstance.py:1265} INFO - 1 downstream tasks scheduled from follow-on schedule check
[2021-08-07 14:00:00,624] {local_task_job.py:149} INFO - Task exited with return code 0
