[2021-08-07 16:36:01,763] {taskinstance.py:896} INFO - Dependencies all met for <TaskInstance: standardized_pipeline.create_standardized_table_supplier 2021-08-07T16:30:00+00:00 [queued]>
[2021-08-07 16:36:01,794] {taskinstance.py:896} INFO - Dependencies all met for <TaskInstance: standardized_pipeline.create_standardized_table_supplier 2021-08-07T16:30:00+00:00 [queued]>
[2021-08-07 16:36:01,795] {taskinstance.py:1087} INFO - 
--------------------------------------------------------------------------------
[2021-08-07 16:36:01,796] {taskinstance.py:1088} INFO - Starting attempt 1 of 1
[2021-08-07 16:36:01,797] {taskinstance.py:1089} INFO - 
--------------------------------------------------------------------------------
[2021-08-07 16:36:01,815] {taskinstance.py:1107} INFO - Executing <Task(MySqlOperator): create_standardized_table_supplier> on 2021-08-07T16:30:00+00:00
[2021-08-07 16:36:01,824] {standard_task_runner.py:52} INFO - Started process 351 to run task
[2021-08-07 16:36:01,832] {standard_task_runner.py:76} INFO - Running: ['***', 'tasks', 'run', 'standardized_pipeline', 'create_standardized_table_supplier', '2021-08-07T16:30:00+00:00', '--job-id', '10', '--pool', 'default_pool', '--raw', '--subdir', 'DAGS_FOLDER/standardized_pipeline.py', '--cfg-path', '/tmp/tmpfzajogfm', '--error-file', '/tmp/tmp93so96as']
[2021-08-07 16:36:01,834] {standard_task_runner.py:77} INFO - Job 10: Subtask create_standardized_table_supplier
[2021-08-07 16:36:01,940] {logging_mixin.py:104} INFO - Running <TaskInstance: standardized_pipeline.create_standardized_table_supplier 2021-08-07T16:30:00+00:00 [running]> on host c8552014663a
[2021-08-07 16:36:02,075] {taskinstance.py:1302} INFO - Exporting the following env vars:
AIRFLOW_CTX_DAG_OWNER=***
AIRFLOW_CTX_DAG_ID=standardized_pipeline
AIRFLOW_CTX_TASK_ID=create_standardized_table_supplier
AIRFLOW_CTX_EXECUTION_DATE=2021-08-07T16:30:00+00:00
AIRFLOW_CTX_DAG_RUN_ID=scheduled__2021-08-07T16:30:00+00:00
[2021-08-07 16:36:02,076] {mysql.py:70} INFO - Executing: CREATE TABLE IF NOT EXISTS standardized.SUPPLIER (
  `SUPPLIER_KEY` int NOT NULL,
  `SUPPLIER_NAME` text NOT NULL,
  `SUPPLIER_ADDRESS` text NOT NULL,
  `NATION_KEY` int NOT NULL,
  `SUPPLIER_PHONE` text NOT NULL,
  `SUPPLIER_ACCTBAL` int NOT NULL,
  `SUPPLIER_COMMENT` text NOT NULL,
  `INGESTION_TIMESTAMP` datetime DEFAULT CURRENT_TIMESTAMP
) ENGINE=InnoDB DEFAULT CHARSET=utf8mb4 COLLATE=utf8mb4_0900_ai_ci;
[2021-08-07 16:36:02,097] {base.py:78} INFO - Using connection to: id: dwh_id. Host: dwh, Port: 3306, Schema: , Login: root, Password: ***, extra: {}
[2021-08-07 16:36:02,113] {dbapi.py:204} INFO - Running statement: CREATE TABLE IF NOT EXISTS standardized.SUPPLIER (
  `SUPPLIER_KEY` int NOT NULL,
  `SUPPLIER_NAME` text NOT NULL,
  `SUPPLIER_ADDRESS` text NOT NULL,
  `NATION_KEY` int NOT NULL,
  `SUPPLIER_PHONE` text NOT NULL,
  `SUPPLIER_ACCTBAL` int NOT NULL,
  `SUPPLIER_COMMENT` text NOT NULL,
  `INGESTION_TIMESTAMP` datetime DEFAULT CURRENT_TIMESTAMP
) ENGINE=InnoDB DEFAULT CHARSET=utf8mb4 COLLATE=utf8mb4_0900_ai_ci;, parameters: None
[2021-08-07 16:36:02,158] {dbapi.py:212} INFO - Rows affected: 0
[2021-08-07 16:36:02,194] {taskinstance.py:1211} INFO - Marking task as SUCCESS. dag_id=standardized_pipeline, task_id=create_standardized_table_supplier, execution_date=20210807T163000, start_date=20210807T163601, end_date=20210807T163602
[2021-08-07 16:36:02,280] {taskinstance.py:1265} INFO - 1 downstream tasks scheduled from follow-on schedule check
[2021-08-07 16:36:02,299] {local_task_job.py:149} INFO - Task exited with return code 0
