[2021-08-08 08:42:12,071] {taskinstance.py:896} INFO - Dependencies all met for <TaskInstance: presentation_pipeline.presentation_dim_customers 2021-08-08T08:42:03.713248+00:00 [queued]>
[2021-08-08 08:42:12,083] {taskinstance.py:896} INFO - Dependencies all met for <TaskInstance: presentation_pipeline.presentation_dim_customers 2021-08-08T08:42:03.713248+00:00 [queued]>
[2021-08-08 08:42:12,083] {taskinstance.py:1087} INFO - 
--------------------------------------------------------------------------------
[2021-08-08 08:42:12,084] {taskinstance.py:1088} INFO - Starting attempt 1 of 1
[2021-08-08 08:42:12,085] {taskinstance.py:1089} INFO - 
--------------------------------------------------------------------------------
[2021-08-08 08:42:12,099] {taskinstance.py:1107} INFO - Executing <Task(MySqlOperator): presentation_dim_customers> on 2021-08-08T08:42:03.713248+00:00
[2021-08-08 08:42:12,108] {standard_task_runner.py:76} INFO - Running: ['***', 'tasks', 'run', 'presentation_pipeline', 'presentation_dim_customers', '2021-08-08T08:42:03.713248+00:00', '--job-id', '55', '--pool', 'default_pool', '--raw', '--subdir', 'DAGS_FOLDER/presentation_pipeline.py', '--cfg-path', '/tmp/tmpka1cp175', '--error-file', '/tmp/tmprd0rio4p']
[2021-08-08 08:42:12,104] {standard_task_runner.py:52} INFO - Started process 1241 to run task
[2021-08-08 08:42:12,109] {standard_task_runner.py:77} INFO - Job 55: Subtask presentation_dim_customers
[2021-08-08 08:42:12,158] {logging_mixin.py:104} INFO - Running <TaskInstance: presentation_pipeline.presentation_dim_customers 2021-08-08T08:42:03.713248+00:00 [running]> on host 5e970160fe16
[2021-08-08 08:42:12,220] {taskinstance.py:1302} INFO - Exporting the following env vars:
AIRFLOW_CTX_DAG_OWNER=***
AIRFLOW_CTX_DAG_ID=presentation_pipeline
AIRFLOW_CTX_TASK_ID=presentation_dim_customers
AIRFLOW_CTX_EXECUTION_DATE=2021-08-08T08:42:03.713248+00:00
AIRFLOW_CTX_DAG_RUN_ID=manual__2021-08-08T08:42:03.713248+00:00
[2021-08-08 08:42:12,221] {mysql.py:70} INFO - Executing: INSERT IGNORE INTO presentation.customers
SELECT 
	DISTINCT
	c.CUSTOMER_KEY,
	n.NATION_NAME,
	c.CUSTOMER_ACCOUNT_BALANCE_TOTAL,
	c.CUSTOMER_MARKET_SEGMENT_TYPE, 
	NOW() AS INGESTION_TIMESTAMP
FROM 
	standardized.customers c 
LEFT JOIN
	standardized.nations n 
	ON c.NATION_KEY = n.NATION_KEY 
WHERE
	c.INGESTION_TIMESTAMP >= DATE_SUB(NOW(), INTERVAL 1 HOUR)
[2021-08-08 08:42:12,235] {base.py:78} INFO - Using connection to: id: dwh_id. Host: dwh, Port: 3306, Schema: , Login: root, Password: ***, extra: {}
[2021-08-08 08:42:12,245] {dbapi.py:204} INFO - Running statement: INSERT IGNORE INTO presentation.customers
SELECT 
	DISTINCT
	c.CUSTOMER_KEY,
	n.NATION_NAME,
	c.CUSTOMER_ACCOUNT_BALANCE_TOTAL,
	c.CUSTOMER_MARKET_SEGMENT_TYPE, 
	NOW() AS INGESTION_TIMESTAMP
FROM 
	standardized.customers c 
LEFT JOIN
	standardized.nations n 
	ON c.NATION_KEY = n.NATION_KEY 
WHERE
	c.INGESTION_TIMESTAMP >= DATE_SUB(NOW(), INTERVAL 1 HOUR), parameters: None
[2021-08-08 08:42:12,260] {dbapi.py:212} INFO - Rows affected: 0
[2021-08-08 08:42:12,274] {taskinstance.py:1211} INFO - Marking task as SUCCESS. dag_id=presentation_pipeline, task_id=presentation_dim_customers, execution_date=20210808T084203, start_date=20210808T084212, end_date=20210808T084212
[2021-08-08 08:42:12,343] {taskinstance.py:1265} INFO - 0 downstream tasks scheduled from follow-on schedule check
[2021-08-08 08:42:12,364] {local_task_job.py:149} INFO - Task exited with return code 0
