[2021-08-08 05:16:04,170] {taskinstance.py:896} INFO - Dependencies all met for <TaskInstance: standardized_pipeline.standardized_customers 2021-08-08T05:10:00+00:00 [queued]>
[2021-08-08 05:16:04,211] {taskinstance.py:896} INFO - Dependencies all met for <TaskInstance: standardized_pipeline.standardized_customers 2021-08-08T05:10:00+00:00 [queued]>
[2021-08-08 05:16:04,212] {taskinstance.py:1087} INFO - 
--------------------------------------------------------------------------------
[2021-08-08 05:16:04,213] {taskinstance.py:1088} INFO - Starting attempt 1 of 11
[2021-08-08 05:16:04,214] {taskinstance.py:1089} INFO - 
--------------------------------------------------------------------------------
[2021-08-08 05:16:04,255] {taskinstance.py:1107} INFO - Executing <Task(MySqlOperator): standardized_customers> on 2021-08-08T05:10:00+00:00
[2021-08-08 05:16:04,269] {standard_task_runner.py:52} INFO - Started process 823 to run task
[2021-08-08 05:16:04,287] {standard_task_runner.py:76} INFO - Running: ['***', 'tasks', 'run', 'standardized_pipeline', 'standardized_customers', '2021-08-08T05:10:00+00:00', '--job-id', '76', '--pool', 'default_pool', '--raw', '--subdir', 'DAGS_FOLDER/standardized_pipeline.py', '--cfg-path', '/tmp/tmp1c_s1jih', '--error-file', '/tmp/tmpq34g9inp']
[2021-08-08 05:16:04,289] {standard_task_runner.py:77} INFO - Job 76: Subtask standardized_customers
[2021-08-08 05:16:04,383] {logging_mixin.py:104} INFO - Running <TaskInstance: standardized_pipeline.standardized_customers 2021-08-08T05:10:00+00:00 [running]> on host dbfb9e13da58
[2021-08-08 05:16:04,505] {taskinstance.py:1302} INFO - Exporting the following env vars:
AIRFLOW_CTX_DAG_EMAIL=wildangbudhi@gmail.com
AIRFLOW_CTX_DAG_OWNER=***
AIRFLOW_CTX_DAG_ID=standardized_pipeline
AIRFLOW_CTX_TASK_ID=standardized_customers
AIRFLOW_CTX_EXECUTION_DATE=2021-08-08T05:10:00+00:00
AIRFLOW_CTX_DAG_RUN_ID=scheduled__2021-08-08T05:10:00+00:00
[2021-08-08 05:16:04,506] {mysql.py:70} INFO - Executing: INSERT INTO standardized.customers
WITH data_last_5_minutes AS (
	SELECT
		DISTINCT 
		CAST(C_CUSTKEY AS SIGNED) AS CUSTOMER_KEY,
		C_NAME AS CUSTOMER_NAME,
		C_ADDRESS AS CUSTOMER_ADDRESS,
		CAST(C_NATIONKEY AS SIGNED) AS NATION_KEY,
		C_PHONE AS CUSTOMER_PHONE,
		C_ACCTBAL AS CUSTOMER_ACCOUNT_BALANCE_TOTAL,
		C_MKTSEGMENT AS CUSTOMER_MARKET_SEGMENT_TYPE,
		C_COMMENT AS CUSTOMER_COMMENT,
		NOW() AS INGESTION_TIMESTAMP
	FROM
		datalake.CUSTOMER c
	WHERE 
		c.INGESTION_TIMESTAMP >= DATE_SUB(NOW(), INTERVAL 5 MINUTE)
)

SELECT 
	* 
FROM 
	data_last_5_minutes
[2021-08-08 05:16:04,531] {base.py:78} INFO - Using connection to: id: dwh_id. Host: dwh, Port: 3306, Schema: , Login: root, Password: ***, extra: {}
[2021-08-08 05:16:04,576] {dbapi.py:204} INFO - Running statement: INSERT INTO standardized.customers
WITH data_last_5_minutes AS (
	SELECT
		DISTINCT 
		CAST(C_CUSTKEY AS SIGNED) AS CUSTOMER_KEY,
		C_NAME AS CUSTOMER_NAME,
		C_ADDRESS AS CUSTOMER_ADDRESS,
		CAST(C_NATIONKEY AS SIGNED) AS NATION_KEY,
		C_PHONE AS CUSTOMER_PHONE,
		C_ACCTBAL AS CUSTOMER_ACCOUNT_BALANCE_TOTAL,
		C_MKTSEGMENT AS CUSTOMER_MARKET_SEGMENT_TYPE,
		C_COMMENT AS CUSTOMER_COMMENT,
		NOW() AS INGESTION_TIMESTAMP
	FROM
		datalake.CUSTOMER c
	WHERE 
		c.INGESTION_TIMESTAMP >= DATE_SUB(NOW(), INTERVAL 5 MINUTE)
)

SELECT 
	* 
FROM 
	data_last_5_minutes, parameters: None
[2021-08-08 05:16:04,771] {dbapi.py:212} INFO - Rows affected: 1500
[2021-08-08 05:16:04,836] {taskinstance.py:1211} INFO - Marking task as SUCCESS. dag_id=standardized_pipeline, task_id=standardized_customers, execution_date=20210808T051000, start_date=20210808T051604, end_date=20210808T051604
[2021-08-08 05:16:04,927] {taskinstance.py:1265} INFO - 0 downstream tasks scheduled from follow-on schedule check
[2021-08-08 05:16:04,948] {local_task_job.py:149} INFO - Task exited with return code 0
