[2021-08-07 16:36:19,294] {taskinstance.py:896} INFO - Dependencies all met for <TaskInstance: presentation_pipeline.create_presentation_table_part 2021-08-07T16:30:00+00:00 [queued]>
[2021-08-07 16:36:19,331] {taskinstance.py:896} INFO - Dependencies all met for <TaskInstance: presentation_pipeline.create_presentation_table_part 2021-08-07T16:30:00+00:00 [queued]>
[2021-08-07 16:36:19,332] {taskinstance.py:1087} INFO - 
--------------------------------------------------------------------------------
[2021-08-07 16:36:19,333] {taskinstance.py:1088} INFO - Starting attempt 1 of 1
[2021-08-07 16:36:19,336] {taskinstance.py:1089} INFO - 
--------------------------------------------------------------------------------
[2021-08-07 16:36:19,353] {taskinstance.py:1107} INFO - Executing <Task(MySqlOperator): create_presentation_table_part> on 2021-08-07T16:30:00+00:00
[2021-08-07 16:36:19,360] {standard_task_runner.py:52} INFO - Started process 437 to run task
[2021-08-07 16:36:19,366] {standard_task_runner.py:76} INFO - Running: ['***', 'tasks', 'run', 'presentation_pipeline', 'create_presentation_table_part', '2021-08-07T16:30:00+00:00', '--job-id', '37', '--pool', 'default_pool', '--raw', '--subdir', 'DAGS_FOLDER/presentation_pipeline.py', '--cfg-path', '/tmp/tmpk3rdn2ow', '--error-file', '/tmp/tmpqqvvx33w']
[2021-08-07 16:36:19,370] {standard_task_runner.py:77} INFO - Job 37: Subtask create_presentation_table_part
[2021-08-07 16:36:19,473] {logging_mixin.py:104} INFO - Running <TaskInstance: presentation_pipeline.create_presentation_table_part 2021-08-07T16:30:00+00:00 [running]> on host c8552014663a
[2021-08-07 16:36:19,606] {taskinstance.py:1302} INFO - Exporting the following env vars:
AIRFLOW_CTX_DAG_OWNER=***
AIRFLOW_CTX_DAG_ID=presentation_pipeline
AIRFLOW_CTX_TASK_ID=create_presentation_table_part
AIRFLOW_CTX_EXECUTION_DATE=2021-08-07T16:30:00+00:00
AIRFLOW_CTX_DAG_RUN_ID=scheduled__2021-08-07T16:30:00+00:00
[2021-08-07 16:36:19,608] {mysql.py:70} INFO - Executing: CREATE TABLE IF NOT EXISTS presentation.PART (
  `PART_KEY` int NOT NULL,
  `PART_NAME` text NOT NULL,
  `PART_SIZE` int NOT NULL,
  `PART_CONTAINER` text NOT NULL,
  `PART_RETAILPRICE` int NOT NULL,
  `INGESTION_TIMESTAMP` datetime DEFAULT CURRENT_TIMESTAMP,
  CONSTRAINT `PK_PART` PRIMARY KEY (`PART_KEY`)
) ENGINE=InnoDB DEFAULT CHARSET=utf8mb4 COLLATE=utf8mb4_0900_ai_ci;
[2021-08-07 16:36:19,629] {base.py:78} INFO - Using connection to: id: dwh_id. Host: dwh, Port: 3306, Schema: , Login: root, Password: ***, extra: {}
[2021-08-07 16:36:19,648] {dbapi.py:204} INFO - Running statement: CREATE TABLE IF NOT EXISTS presentation.PART (
  `PART_KEY` int NOT NULL,
  `PART_NAME` text NOT NULL,
  `PART_SIZE` int NOT NULL,
  `PART_CONTAINER` text NOT NULL,
  `PART_RETAILPRICE` int NOT NULL,
  `INGESTION_TIMESTAMP` datetime DEFAULT CURRENT_TIMESTAMP,
  CONSTRAINT `PK_PART` PRIMARY KEY (`PART_KEY`)
) ENGINE=InnoDB DEFAULT CHARSET=utf8mb4 COLLATE=utf8mb4_0900_ai_ci;, parameters: None
[2021-08-07 16:36:19,690] {dbapi.py:212} INFO - Rows affected: 0
[2021-08-07 16:36:19,714] {taskinstance.py:1211} INFO - Marking task as SUCCESS. dag_id=presentation_pipeline, task_id=create_presentation_table_part, execution_date=20210807T163000, start_date=20210807T163619, end_date=20210807T163619
[2021-08-07 16:36:19,767] {taskinstance.py:1265} INFO - 1 downstream tasks scheduled from follow-on schedule check
[2021-08-07 16:36:19,787] {local_task_job.py:149} INFO - Task exited with return code 0
