[2021-08-07 13:55:01,092] {taskinstance.py:896} INFO - Dependencies all met for <TaskInstance: to_datalake_pipeline.extract_from_git 2021-08-07T13:50:00+00:00 [queued]>
[2021-08-07 13:55:01,110] {taskinstance.py:896} INFO - Dependencies all met for <TaskInstance: to_datalake_pipeline.extract_from_git 2021-08-07T13:50:00+00:00 [queued]>
[2021-08-07 13:55:01,111] {taskinstance.py:1087} INFO - 
--------------------------------------------------------------------------------
[2021-08-07 13:55:01,111] {taskinstance.py:1088} INFO - Starting attempt 1 of 1
[2021-08-07 13:55:01,112] {taskinstance.py:1089} INFO - 
--------------------------------------------------------------------------------
[2021-08-07 13:55:01,124] {taskinstance.py:1107} INFO - Executing <Task(PythonOperator): extract_from_git> on 2021-08-07T13:50:00+00:00
[2021-08-07 13:55:01,130] {standard_task_runner.py:52} INFO - Started process 2252 to run task
[2021-08-07 13:55:01,135] {standard_task_runner.py:76} INFO - Running: ['***', 'tasks', 'run', 'to_datalake_pipeline', 'extract_from_git', '2021-08-07T13:50:00+00:00', '--job-id', '13', '--pool', 'default_pool', '--raw', '--subdir', 'DAGS_FOLDER/to_datalake_pipeline.py', '--cfg-path', '/tmp/tmpjb9jj4ay', '--error-file', '/tmp/tmp9uqd1tnh']
[2021-08-07 13:55:01,137] {standard_task_runner.py:77} INFO - Job 13: Subtask extract_from_git
[2021-08-07 13:55:01,196] {logging_mixin.py:104} INFO - Running <TaskInstance: to_datalake_pipeline.extract_from_git 2021-08-07T13:50:00+00:00 [running]> on host ab70d6dafbc6
[2021-08-07 13:55:01,258] {taskinstance.py:1302} INFO - Exporting the following env vars:
AIRFLOW_CTX_DAG_OWNER=***
AIRFLOW_CTX_DAG_ID=to_datalake_pipeline
AIRFLOW_CTX_TASK_ID=extract_from_git
AIRFLOW_CTX_EXECUTION_DATE=2021-08-07T13:50:00+00:00
AIRFLOW_CTX_DAG_RUN_ID=scheduled__2021-08-07T13:50:00+00:00
[2021-08-07 13:55:01,260] {logging_mixin.py:104} INFO - Downloading data from -> https://raw.githubusercontent.com/rezaprimasatya/DTO-DE-JUN-MID/main/data.zip
[2021-08-07 13:55:02,274] {logging_mixin.py:104} INFO - Unzipping Data
[2021-08-07 13:55:02,352] {logging_mixin.py:104} INFO - Transform Data to Pandas Dataframe
[2021-08-07 13:55:02,560] {logging_mixin.py:104} INFO - Load data to datalake
[2021-08-07 13:55:02,612] {logging_mixin.py:104} INFO - Load table : REGION
[2021-08-07 13:55:02,649] {logging_mixin.py:104} INFO - Load table : NATION
[2021-08-07 13:55:02,665] {logging_mixin.py:104} INFO - Load table : PART
[2021-08-07 13:55:02,759] {logging_mixin.py:104} INFO - Load table : SUPPLIER
[2021-08-07 13:55:02,780] {logging_mixin.py:104} INFO - Load table : PARTSUPP
[2021-08-07 13:55:03,136] {logging_mixin.py:104} INFO - Load table : CUSTOMER
[2021-08-07 13:55:03,214] {logging_mixin.py:104} INFO - Load table : ORDERS
[2021-08-07 13:55:03,834] {logging_mixin.py:104} INFO - Load table : LINEITEM
[2021-08-07 13:55:07,623] {python.py:151} INFO - Done. Returned value was: None
[2021-08-07 13:55:07,635] {taskinstance.py:1211} INFO - Marking task as SUCCESS. dag_id=to_datalake_pipeline, task_id=extract_from_git, execution_date=20210807T135000, start_date=20210807T135501, end_date=20210807T135507
[2021-08-07 13:55:07,661] {taskinstance.py:1265} INFO - 0 downstream tasks scheduled from follow-on schedule check
[2021-08-07 13:55:07,729] {local_task_job.py:149} INFO - Task exited with return code 0
