[2021-08-07 14:20:01,863] {taskinstance.py:896} INFO - Dependencies all met for <TaskInstance: to_datalake_pipeline.extract_from_git 2021-08-07T14:15:00+00:00 [queued]>
[2021-08-07 14:20:01,907] {taskinstance.py:896} INFO - Dependencies all met for <TaskInstance: to_datalake_pipeline.extract_from_git 2021-08-07T14:15:00+00:00 [queued]>
[2021-08-07 14:20:01,908] {taskinstance.py:1087} INFO - 
--------------------------------------------------------------------------------
[2021-08-07 14:20:01,910] {taskinstance.py:1088} INFO - Starting attempt 1 of 1
[2021-08-07 14:20:01,912] {taskinstance.py:1089} INFO - 
--------------------------------------------------------------------------------
[2021-08-07 14:20:01,926] {taskinstance.py:1107} INFO - Executing <Task(PythonOperator): extract_from_git> on 2021-08-07T14:15:00+00:00
[2021-08-07 14:20:01,939] {standard_task_runner.py:52} INFO - Started process 4527 to run task
[2021-08-07 14:20:01,957] {standard_task_runner.py:76} INFO - Running: ['***', 'tasks', 'run', 'to_datalake_pipeline', 'extract_from_git', '2021-08-07T14:15:00+00:00', '--job-id', '52', '--pool', 'default_pool', '--raw', '--subdir', 'DAGS_FOLDER/to_datalake_pipeline.py', '--cfg-path', '/tmp/tmpfmpubpfo', '--error-file', '/tmp/tmp3jdb8bzb']
[2021-08-07 14:20:01,960] {standard_task_runner.py:77} INFO - Job 52: Subtask extract_from_git
[2021-08-07 14:20:02,081] {logging_mixin.py:104} INFO - Running <TaskInstance: to_datalake_pipeline.extract_from_git 2021-08-07T14:15:00+00:00 [running]> on host ab70d6dafbc6
[2021-08-07 14:20:02,196] {taskinstance.py:1302} INFO - Exporting the following env vars:
AIRFLOW_CTX_DAG_OWNER=***
AIRFLOW_CTX_DAG_ID=to_datalake_pipeline
AIRFLOW_CTX_TASK_ID=extract_from_git
AIRFLOW_CTX_EXECUTION_DATE=2021-08-07T14:15:00+00:00
AIRFLOW_CTX_DAG_RUN_ID=scheduled__2021-08-07T14:15:00+00:00
[2021-08-07 14:20:02,198] {logging_mixin.py:104} INFO - Downloading data from -> https://raw.githubusercontent.com/rezaprimasatya/DTO-DE-JUN-MID/main/data.zip
[2021-08-07 14:20:03,522] {logging_mixin.py:104} INFO - Unzipping Data
[2021-08-07 14:20:03,596] {logging_mixin.py:104} INFO - Transform Data to Pandas Dataframe
[2021-08-07 14:20:03,829] {logging_mixin.py:104} INFO - Load data to datalake
[2021-08-07 14:20:03,873] {logging_mixin.py:104} INFO - Load table : REGION
[2021-08-07 14:20:03,915] {logging_mixin.py:104} INFO - Load table : NATION
[2021-08-07 14:20:03,932] {logging_mixin.py:104} INFO - Load table : PART
[2021-08-07 14:20:04,056] {logging_mixin.py:104} INFO - Load table : SUPPLIER
[2021-08-07 14:20:04,080] {logging_mixin.py:104} INFO - Load table : PARTSUPP
[2021-08-07 14:20:04,546] {logging_mixin.py:104} INFO - Load table : CUSTOMER
[2021-08-07 14:20:04,627] {logging_mixin.py:104} INFO - Load table : ORDERS
[2021-08-07 14:20:05,286] {logging_mixin.py:104} INFO - Load table : LINEITEM
[2021-08-07 14:20:09,323] {python.py:151} INFO - Done. Returned value was: None
[2021-08-07 14:20:09,335] {taskinstance.py:1211} INFO - Marking task as SUCCESS. dag_id=to_datalake_pipeline, task_id=extract_from_git, execution_date=20210807T141500, start_date=20210807T142001, end_date=20210807T142009
[2021-08-07 14:20:09,356] {taskinstance.py:1265} INFO - 0 downstream tasks scheduled from follow-on schedule check
[2021-08-07 14:20:09,407] {local_task_job.py:149} INFO - Task exited with return code 0
