[2021-08-08 06:30:44,569] {taskinstance.py:896} INFO - Dependencies all met for <TaskInstance: standardized_pipeline.standardized_pipeline_start 2021-08-08T06:25:00+00:00 [queued]>
[2021-08-08 06:30:44,583] {taskinstance.py:896} INFO - Dependencies all met for <TaskInstance: standardized_pipeline.standardized_pipeline_start 2021-08-08T06:25:00+00:00 [queued]>
[2021-08-08 06:30:44,584] {taskinstance.py:1087} INFO - 
--------------------------------------------------------------------------------
[2021-08-08 06:30:44,585] {taskinstance.py:1088} INFO - Starting attempt 1 of 11
[2021-08-08 06:30:44,586] {taskinstance.py:1089} INFO - 
--------------------------------------------------------------------------------
[2021-08-08 06:30:44,593] {taskinstance.py:1107} INFO - Executing <Task(ExternalTaskSensor): standardized_pipeline_start> on 2021-08-08T06:25:00+00:00
[2021-08-08 06:30:44,597] {standard_task_runner.py:52} INFO - Started process 6493 to run task
[2021-08-08 06:30:44,600] {standard_task_runner.py:76} INFO - Running: ['***', 'tasks', 'run', 'standardized_pipeline', 'standardized_pipeline_start', '2021-08-08T06:25:00+00:00', '--job-id', '293', '--pool', 'default_pool', '--raw', '--subdir', 'DAGS_FOLDER/standardized_pipeline.py', '--cfg-path', '/tmp/tmpcuzaezmm', '--error-file', '/tmp/tmpc1wujb6v']
[2021-08-08 06:30:44,602] {standard_task_runner.py:77} INFO - Job 293: Subtask standardized_pipeline_start
[2021-08-08 06:30:44,642] {logging_mixin.py:104} INFO - Running <TaskInstance: standardized_pipeline.standardized_pipeline_start 2021-08-08T06:25:00+00:00 [running]> on host b48e43d568d5
[2021-08-08 06:30:44,686] {taskinstance.py:1302} INFO - Exporting the following env vars:
AIRFLOW_CTX_DAG_EMAIL=wildangbudhi@gmail.com
AIRFLOW_CTX_DAG_OWNER=***
AIRFLOW_CTX_DAG_ID=standardized_pipeline
AIRFLOW_CTX_TASK_ID=standardized_pipeline_start
AIRFLOW_CTX_EXECUTION_DATE=2021-08-08T06:25:00+00:00
AIRFLOW_CTX_DAG_RUN_ID=scheduled__2021-08-08T06:25:00+00:00
[2021-08-08 06:30:44,688] {external_task.py:152} INFO - Poking for to_datalake_pipeline.to_datalake_pipeline_end on 2021-08-08T06:25:00+00:00 ... 
[2021-08-08 06:31:44,651] {external_task.py:152} INFO - Poking for to_datalake_pipeline.to_datalake_pipeline_end on 2021-08-08T06:25:00+00:00 ... 
[2021-08-08 06:31:44,658] {base.py:248} INFO - Success criteria met. Exiting.
[2021-08-08 06:31:44,666] {taskinstance.py:1211} INFO - Marking task as SUCCESS. dag_id=standardized_pipeline, task_id=standardized_pipeline_start, execution_date=20210808T062500, start_date=20210808T063044, end_date=20210808T063144
[2021-08-08 06:31:44,699] {taskinstance.py:1265} INFO - 8 downstream tasks scheduled from follow-on schedule check
[2021-08-08 06:31:44,739] {local_task_job.py:149} INFO - Task exited with return code 0
[2021-08-08 06:34:01,243] {taskinstance.py:896} INFO - Dependencies all met for <TaskInstance: standardized_pipeline.standardized_pipeline_start 2021-08-08T06:25:00+00:00 [queued]>
[2021-08-08 06:34:01,252] {taskinstance.py:896} INFO - Dependencies all met for <TaskInstance: standardized_pipeline.standardized_pipeline_start 2021-08-08T06:25:00+00:00 [queued]>
[2021-08-08 06:34:01,252] {taskinstance.py:1087} INFO - 
--------------------------------------------------------------------------------
[2021-08-08 06:34:01,253] {taskinstance.py:1088} INFO - Starting attempt 1 of 11
[2021-08-08 06:34:01,253] {taskinstance.py:1089} INFO - 
--------------------------------------------------------------------------------
[2021-08-08 06:34:01,264] {taskinstance.py:1107} INFO - Executing <Task(ExternalTaskSensor): standardized_pipeline_start> on 2021-08-08T06:25:00+00:00
[2021-08-08 06:34:01,272] {standard_task_runner.py:76} INFO - Running: ['***', 'tasks', 'run', 'standardized_pipeline', 'standardized_pipeline_start', '2021-08-08T06:25:00+00:00', '--job-id', '2', '--pool', 'default_pool', '--raw', '--subdir', 'DAGS_FOLDER/standardized_pipeline.py', '--cfg-path', '/tmp/tmpf2rh8doi', '--error-file', '/tmp/tmpwccpvmyo']
[2021-08-08 06:34:01,268] {standard_task_runner.py:52} INFO - Started process 119 to run task
[2021-08-08 06:34:01,273] {standard_task_runner.py:77} INFO - Job 2: Subtask standardized_pipeline_start
[2021-08-08 06:34:01,313] {logging_mixin.py:104} INFO - Running <TaskInstance: standardized_pipeline.standardized_pipeline_start 2021-08-08T06:25:00+00:00 [running]> on host 1ce4403189fc
[2021-08-08 06:34:01,356] {taskinstance.py:1302} INFO - Exporting the following env vars:
AIRFLOW_CTX_DAG_EMAIL=wildangbudhi@gmail.com
AIRFLOW_CTX_DAG_OWNER=***
AIRFLOW_CTX_DAG_ID=standardized_pipeline
AIRFLOW_CTX_TASK_ID=standardized_pipeline_start
AIRFLOW_CTX_EXECUTION_DATE=2021-08-08T06:25:00+00:00
AIRFLOW_CTX_DAG_RUN_ID=scheduled__2021-08-08T06:25:00+00:00
[2021-08-08 06:34:01,357] {external_task.py:152} INFO - Poking for to_datalake_pipeline.to_datalake_pipeline_end on 2021-08-08T06:25:00+00:00 ... 
[2021-08-08 07:25:01,042] {taskinstance.py:896} INFO - Dependencies all met for <TaskInstance: standardized_pipeline.standardized_pipeline_start 2021-08-08T06:25:00+00:00 [queued]>
[2021-08-08 07:25:01,061] {taskinstance.py:896} INFO - Dependencies all met for <TaskInstance: standardized_pipeline.standardized_pipeline_start 2021-08-08T06:25:00+00:00 [queued]>
[2021-08-08 07:25:01,062] {taskinstance.py:1087} INFO - 
--------------------------------------------------------------------------------
[2021-08-08 07:25:01,062] {taskinstance.py:1088} INFO - Starting attempt 1 of 11
[2021-08-08 07:25:01,063] {taskinstance.py:1089} INFO - 
--------------------------------------------------------------------------------
[2021-08-08 07:25:01,074] {taskinstance.py:1107} INFO - Executing <Task(ExternalTaskSensor): standardized_pipeline_start> on 2021-08-08T06:25:00+00:00
[2021-08-08 07:25:01,079] {standard_task_runner.py:52} INFO - Started process 564 to run task
[2021-08-08 07:25:01,083] {standard_task_runner.py:76} INFO - Running: ['***', 'tasks', 'run', 'standardized_pipeline', 'standardized_pipeline_start', '2021-08-08T06:25:00+00:00', '--job-id', '32', '--pool', 'default_pool', '--raw', '--subdir', 'DAGS_FOLDER/standardized_pipeline.py', '--cfg-path', '/tmp/tmpgef6x5i9', '--error-file', '/tmp/tmpitlna_th']
[2021-08-08 07:25:01,085] {standard_task_runner.py:77} INFO - Job 32: Subtask standardized_pipeline_start
[2021-08-08 07:25:01,141] {logging_mixin.py:104} INFO - Running <TaskInstance: standardized_pipeline.standardized_pipeline_start 2021-08-08T06:25:00+00:00 [running]> on host af246ab3df74
[2021-08-08 07:25:01,201] {taskinstance.py:1302} INFO - Exporting the following env vars:
AIRFLOW_CTX_DAG_OWNER=***
AIRFLOW_CTX_DAG_ID=standardized_pipeline
AIRFLOW_CTX_TASK_ID=standardized_pipeline_start
AIRFLOW_CTX_EXECUTION_DATE=2021-08-08T06:25:00+00:00
AIRFLOW_CTX_DAG_RUN_ID=scheduled__2021-08-08T06:25:00+00:00
[2021-08-08 07:25:01,202] {external_task.py:152} INFO - Poking for to_datalake_pipeline.to_datalake_pipeline_end on 2021-08-08T06:25:00+00:00 ... 
