[2021-08-08 06:02:02,525] {taskinstance.py:896} INFO - Dependencies all met for <TaskInstance: presentation_pipeline.presentation_dim_nations 2021-08-08T05:55:00+00:00 [queued]>
[2021-08-08 06:02:02,545] {taskinstance.py:896} INFO - Dependencies all met for <TaskInstance: presentation_pipeline.presentation_dim_nations 2021-08-08T05:55:00+00:00 [queued]>
[2021-08-08 06:02:02,546] {taskinstance.py:1087} INFO - 
--------------------------------------------------------------------------------
[2021-08-08 06:02:02,547] {taskinstance.py:1088} INFO - Starting attempt 1 of 1
[2021-08-08 06:02:02,547] {taskinstance.py:1089} INFO - 
--------------------------------------------------------------------------------
[2021-08-08 06:02:02,557] {taskinstance.py:1107} INFO - Executing <Task(MySqlOperator): presentation_dim_nations> on 2021-08-08T05:55:00+00:00
[2021-08-08 06:02:02,561] {standard_task_runner.py:52} INFO - Started process 3907 to run task
[2021-08-08 06:02:02,572] {standard_task_runner.py:76} INFO - Running: ['***', 'tasks', 'run', 'presentation_pipeline', 'presentation_dim_nations', '2021-08-08T05:55:00+00:00', '--job-id', '261', '--pool', 'default_pool', '--raw', '--subdir', 'DAGS_FOLDER/presentation_pipeline.py', '--cfg-path', '/tmp/tmpos9kqapm', '--error-file', '/tmp/tmp6y3mh6nz']
[2021-08-08 06:02:02,573] {standard_task_runner.py:77} INFO - Job 261: Subtask presentation_dim_nations
[2021-08-08 06:02:02,622] {logging_mixin.py:104} INFO - Running <TaskInstance: presentation_pipeline.presentation_dim_nations 2021-08-08T05:55:00+00:00 [running]> on host b48e43d568d5
[2021-08-08 06:02:02,683] {taskinstance.py:1302} INFO - Exporting the following env vars:
AIRFLOW_CTX_DAG_OWNER=***
AIRFLOW_CTX_DAG_ID=presentation_pipeline
AIRFLOW_CTX_TASK_ID=presentation_dim_nations
AIRFLOW_CTX_EXECUTION_DATE=2021-08-08T05:55:00+00:00
AIRFLOW_CTX_DAG_RUN_ID=scheduled__2021-08-08T05:55:00+00:00
[2021-08-08 06:02:02,684] {mysql.py:70} INFO - Executing: INSERT IGNORE INTO presentation.nations
SELECT 
	DISTINCT 
	n.NATION_KEY,
	n.NATION_NAME,
	r.REGION_KEY,
	r.REGION_NAME,
	NOW() AS INGESTION_TIMESTAMP
FROM 
	standardized.nations n
LEFT JOIN 
	standardized.regions r
	ON n.REGION_KEY = r.REGION_KEY 
WHERE 
	n.INGESTION_TIMESTAMP >= DATE_SUB(NOW(), INTERVAL 5 MINUTE)
[2021-08-08 06:02:02,693] {base.py:78} INFO - Using connection to: id: dwh_id. Host: dwh, Port: 3306, Schema: , Login: root, Password: ***, extra: {}
[2021-08-08 06:02:02,702] {dbapi.py:204} INFO - Running statement: INSERT IGNORE INTO presentation.nations
SELECT 
	DISTINCT 
	n.NATION_KEY,
	n.NATION_NAME,
	r.REGION_KEY,
	r.REGION_NAME,
	NOW() AS INGESTION_TIMESTAMP
FROM 
	standardized.nations n
LEFT JOIN 
	standardized.regions r
	ON n.REGION_KEY = r.REGION_KEY 
WHERE 
	n.INGESTION_TIMESTAMP >= DATE_SUB(NOW(), INTERVAL 5 MINUTE), parameters: None
[2021-08-08 06:02:02,705] {dbapi.py:212} INFO - Rows affected: 0
[2021-08-08 06:02:02,715] {taskinstance.py:1211} INFO - Marking task as SUCCESS. dag_id=presentation_pipeline, task_id=presentation_dim_nations, execution_date=20210808T055500, start_date=20210808T060202, end_date=20210808T060202
[2021-08-08 06:02:02,736] {taskinstance.py:1265} INFO - 0 downstream tasks scheduled from follow-on schedule check
[2021-08-08 06:02:02,783] {local_task_job.py:149} INFO - Task exited with return code 0
