[2021-08-08 11:07:53,250] {taskinstance.py:896} INFO - Dependencies all met for <TaskInstance: presentation_pipeline.create_presentation_table_dim_suppliers 2021-08-08T11:07:44.324123+00:00 [queued]>
[2021-08-08 11:07:53,276] {taskinstance.py:896} INFO - Dependencies all met for <TaskInstance: presentation_pipeline.create_presentation_table_dim_suppliers 2021-08-08T11:07:44.324123+00:00 [queued]>
[2021-08-08 11:07:53,277] {taskinstance.py:1087} INFO - 
--------------------------------------------------------------------------------
[2021-08-08 11:07:53,278] {taskinstance.py:1088} INFO - Starting attempt 1 of 1
[2021-08-08 11:07:53,278] {taskinstance.py:1089} INFO - 
--------------------------------------------------------------------------------
[2021-08-08 11:07:53,292] {taskinstance.py:1107} INFO - Executing <Task(MySqlOperator): create_presentation_table_dim_suppliers> on 2021-08-08T11:07:44.324123+00:00
[2021-08-08 11:07:53,301] {standard_task_runner.py:76} INFO - Running: ['***', 'tasks', 'run', 'presentation_pipeline', 'create_presentation_table_dim_suppliers', '2021-08-08T11:07:44.324123+00:00', '--job-id', '34', '--pool', 'default_pool', '--raw', '--subdir', 'DAGS_FOLDER/presentation_pipeline.py', '--cfg-path', '/tmp/tmpqyhalkx5', '--error-file', '/tmp/tmp7hrtq4iu']
[2021-08-08 11:07:53,302] {standard_task_runner.py:77} INFO - Job 34: Subtask create_presentation_table_dim_suppliers
[2021-08-08 11:07:53,297] {standard_task_runner.py:52} INFO - Started process 607 to run task
[2021-08-08 11:07:53,362] {logging_mixin.py:104} INFO - Running <TaskInstance: presentation_pipeline.create_presentation_table_dim_suppliers 2021-08-08T11:07:44.324123+00:00 [running]> on host ce886ce1d63a
[2021-08-08 11:07:53,432] {taskinstance.py:1302} INFO - Exporting the following env vars:
AIRFLOW_CTX_DAG_OWNER=***
AIRFLOW_CTX_DAG_ID=presentation_pipeline
AIRFLOW_CTX_TASK_ID=create_presentation_table_dim_suppliers
AIRFLOW_CTX_EXECUTION_DATE=2021-08-08T11:07:44.324123+00:00
AIRFLOW_CTX_DAG_RUN_ID=manual__2021-08-08T11:07:44.324123+00:00
[2021-08-08 11:07:53,433] {mysql.py:70} INFO - Executing: CREATE TABLE IF NOT EXISTS presentation.suppliers (
    SUPPLIER_KEY INT NOT NULL,
    INGESTION_TIMESTAMP TIMESTAMP NOT NULL DEFAULT CURRENT_TIMESTAMP,
    CONSTRAINT `SUPPLIER_PK` PRIMARY KEY (SUPPLIER_KEY)
) AS

SELECT
	DISTINCT 
	s.SUPPLIER_KEY,
	s.SUPPLIER_ACCOUNT_BALANCE_TOTAL ,
	n.NATION_NAME,
	NOW() AS INGESTION_TIMESTAMP
FROM 
	standardized.suppliers s
LEFT JOIN 
	standardized.nations n 
	ON s.NATION_KEY = n.NATION_KEY 
WHERE 
	s.INGESTION_TIMESTAMP >= DATE_SUB(NOW(), INTERVAL 1 HOUR)

LIMIT 0
[2021-08-08 11:07:53,445] {base.py:78} INFO - Using connection to: id: dwh_id. Host: dwh, Port: 3306, Schema: , Login: root, Password: ***, extra: {}
[2021-08-08 11:07:53,458] {dbapi.py:204} INFO - Running statement: CREATE TABLE IF NOT EXISTS presentation.suppliers (
    SUPPLIER_KEY INT NOT NULL,
    INGESTION_TIMESTAMP TIMESTAMP NOT NULL DEFAULT CURRENT_TIMESTAMP,
    CONSTRAINT `SUPPLIER_PK` PRIMARY KEY (SUPPLIER_KEY)
) AS

SELECT
	DISTINCT 
	s.SUPPLIER_KEY,
	s.SUPPLIER_ACCOUNT_BALANCE_TOTAL ,
	n.NATION_NAME,
	NOW() AS INGESTION_TIMESTAMP
FROM 
	standardized.suppliers s
LEFT JOIN 
	standardized.nations n 
	ON s.NATION_KEY = n.NATION_KEY 
WHERE 
	s.INGESTION_TIMESTAMP >= DATE_SUB(NOW(), INTERVAL 1 HOUR)

LIMIT 0, parameters: None
[2021-08-08 11:07:53,460] {dbapi.py:212} INFO - Rows affected: 0
[2021-08-08 11:07:53,475] {taskinstance.py:1211} INFO - Marking task as SUCCESS. dag_id=presentation_pipeline, task_id=create_presentation_table_dim_suppliers, execution_date=20210808T110744, start_date=20210808T110753, end_date=20210808T110753
[2021-08-08 11:07:53,521] {taskinstance.py:1265} INFO - 1 downstream tasks scheduled from follow-on schedule check
[2021-08-08 11:07:53,561] {local_task_job.py:149} INFO - Task exited with return code 0
