[2021-08-07 07:45:01,254] {taskinstance.py:896} INFO - Dependencies all met for <TaskInstance: to_datalake_pipeline.extract_from_git 2021-08-07T07:40:00+00:00 [queued]>
[2021-08-07 07:45:01,271] {taskinstance.py:896} INFO - Dependencies all met for <TaskInstance: to_datalake_pipeline.extract_from_git 2021-08-07T07:40:00+00:00 [queued]>
[2021-08-07 07:45:01,272] {taskinstance.py:1087} INFO - 
--------------------------------------------------------------------------------
[2021-08-07 07:45:01,273] {taskinstance.py:1088} INFO - Starting attempt 1 of 1
[2021-08-07 07:45:01,273] {taskinstance.py:1089} INFO - 
--------------------------------------------------------------------------------
[2021-08-07 07:45:01,281] {taskinstance.py:1107} INFO - Executing <Task(PythonOperator): extract_from_git> on 2021-08-07T07:40:00+00:00
[2021-08-07 07:45:01,286] {standard_task_runner.py:52} INFO - Started process 1486 to run task
[2021-08-07 07:45:01,289] {standard_task_runner.py:76} INFO - Running: ['***', 'tasks', 'run', 'to_datalake_pipeline', 'extract_from_git', '2021-08-07T07:40:00+00:00', '--job-id', '7', '--pool', 'default_pool', '--raw', '--subdir', 'DAGS_FOLDER/to_datalake_pipeline.py', '--cfg-path', '/tmp/tmp3mb8f9f2', '--error-file', '/tmp/tmpcd7dk593']
[2021-08-07 07:45:01,291] {standard_task_runner.py:77} INFO - Job 7: Subtask extract_from_git
[2021-08-07 07:45:01,336] {logging_mixin.py:104} INFO - Running <TaskInstance: to_datalake_pipeline.extract_from_git 2021-08-07T07:40:00+00:00 [running]> on host 0af53fa45088
[2021-08-07 07:45:01,384] {taskinstance.py:1302} INFO - Exporting the following env vars:
AIRFLOW_CTX_DAG_OWNER=***
AIRFLOW_CTX_DAG_ID=to_datalake_pipeline
AIRFLOW_CTX_TASK_ID=extract_from_git
AIRFLOW_CTX_EXECUTION_DATE=2021-08-07T07:40:00+00:00
AIRFLOW_CTX_DAG_RUN_ID=scheduled__2021-08-07T07:40:00+00:00
[2021-08-07 07:45:01,386] {logging_mixin.py:104} INFO - Downloading data from -> https://raw.githubusercontent.com/rezaprimasatya/DTO-DE-JUN-MID/main/data.zip
[2021-08-07 07:45:02,552] {logging_mixin.py:104} INFO - Unzipping Data
[2021-08-07 07:45:02,627] {logging_mixin.py:104} INFO - Transform Data to Pandas Dataframe
[2021-08-07 07:45:02,839] {logging_mixin.py:104} INFO - Load data to datalake
[2021-08-07 07:45:02,852] {logging_mixin.py:104} INFO - Load table : REGION
[2021-08-07 07:45:02,888] {logging_mixin.py:104} INFO - Load table : NATION
[2021-08-07 07:45:02,911] {logging_mixin.py:104} INFO - Load table : PART
[2021-08-07 07:45:03,002] {logging_mixin.py:104} INFO - Load table : SUPPLIER
[2021-08-07 07:45:03,022] {logging_mixin.py:104} INFO - Load table : PARTSUPP
[2021-08-07 07:45:03,389] {logging_mixin.py:104} INFO - Load table : CUSTOMER
[2021-08-07 07:45:03,459] {logging_mixin.py:104} INFO - Load table : ORDERS
[2021-08-07 07:45:04,073] {logging_mixin.py:104} INFO - Load table : LINEITEM
[2021-08-07 07:45:08,017] {python.py:151} INFO - Done. Returned value was: None
[2021-08-07 07:45:08,033] {taskinstance.py:1211} INFO - Marking task as SUCCESS. dag_id=to_datalake_pipeline, task_id=extract_from_git, execution_date=20210807T074000, start_date=20210807T074501, end_date=20210807T074508
[2021-08-07 07:45:08,065] {taskinstance.py:1265} INFO - 0 downstream tasks scheduled from follow-on schedule check
[2021-08-07 07:45:08,119] {local_task_job.py:149} INFO - Task exited with return code 0
