[2021-08-08 06:55:00,810] {taskinstance.py:896} INFO - Dependencies all met for <TaskInstance: standardized_pipeline.standardized_pipeline_start 2021-08-08T06:50:00+00:00 [queued]>
[2021-08-08 06:55:00,832] {taskinstance.py:896} INFO - Dependencies all met for <TaskInstance: standardized_pipeline.standardized_pipeline_start 2021-08-08T06:50:00+00:00 [queued]>
[2021-08-08 06:55:00,833] {taskinstance.py:1087} INFO - 
--------------------------------------------------------------------------------
[2021-08-08 06:55:00,833] {taskinstance.py:1088} INFO - Starting attempt 1 of 11
[2021-08-08 06:55:00,834] {taskinstance.py:1089} INFO - 
--------------------------------------------------------------------------------
[2021-08-08 06:55:00,842] {taskinstance.py:1107} INFO - Executing <Task(ExternalTaskSensor): standardized_pipeline_start> on 2021-08-08T06:50:00+00:00
[2021-08-08 06:55:00,847] {standard_task_runner.py:52} INFO - Started process 313 to run task
[2021-08-08 06:55:00,852] {standard_task_runner.py:76} INFO - Running: ['***', 'tasks', 'run', 'standardized_pipeline', 'standardized_pipeline_start', '2021-08-08T06:50:00+00:00', '--job-id', '21', '--pool', 'default_pool', '--raw', '--subdir', 'DAGS_FOLDER/standardized_pipeline.py', '--cfg-path', '/tmp/tmpi0th8uve', '--error-file', '/tmp/tmp0934nna9']
[2021-08-08 06:55:00,854] {standard_task_runner.py:77} INFO - Job 21: Subtask standardized_pipeline_start
[2021-08-08 06:55:00,903] {logging_mixin.py:104} INFO - Running <TaskInstance: standardized_pipeline.standardized_pipeline_start 2021-08-08T06:50:00+00:00 [running]> on host 7107cfc639af
[2021-08-08 06:55:00,953] {taskinstance.py:1302} INFO - Exporting the following env vars:
AIRFLOW_CTX_DAG_EMAIL=wildangbudhi@gmail.com
AIRFLOW_CTX_DAG_OWNER=***
AIRFLOW_CTX_DAG_ID=standardized_pipeline
AIRFLOW_CTX_TASK_ID=standardized_pipeline_start
AIRFLOW_CTX_EXECUTION_DATE=2021-08-08T06:50:00+00:00
AIRFLOW_CTX_DAG_RUN_ID=scheduled__2021-08-08T06:50:00+00:00
[2021-08-08 06:55:00,954] {external_task.py:152} INFO - Poking for to_datalake_pipeline.to_datalake_pipeline_end on 2021-08-08T06:50:00+00:00 ... 
[2021-08-08 06:56:00,974] {external_task.py:152} INFO - Poking for to_datalake_pipeline.to_datalake_pipeline_end on 2021-08-08T06:50:00+00:00 ... 
[2021-08-08 06:57:00,967] {external_task.py:152} INFO - Poking for to_datalake_pipeline.to_datalake_pipeline_end on 2021-08-08T06:50:00+00:00 ... 
[2021-08-08 06:58:00,982] {external_task.py:152} INFO - Poking for to_datalake_pipeline.to_datalake_pipeline_end on 2021-08-08T06:50:00+00:00 ... 
