[2021-08-07 15:13:23,387] {taskinstance.py:896} INFO - Dependencies all met for <TaskInstance: standardized_pipeline.standardized_supplier 2021-08-07T15:13:20.433410+00:00 [queued]>
[2021-08-07 15:13:23,411] {taskinstance.py:896} INFO - Dependencies all met for <TaskInstance: standardized_pipeline.standardized_supplier 2021-08-07T15:13:20.433410+00:00 [queued]>
[2021-08-07 15:13:23,416] {taskinstance.py:1087} INFO - 
--------------------------------------------------------------------------------
[2021-08-07 15:13:23,417] {taskinstance.py:1088} INFO - Starting attempt 1 of 1
[2021-08-07 15:13:23,418] {taskinstance.py:1089} INFO - 
--------------------------------------------------------------------------------
[2021-08-07 15:13:23,466] {taskinstance.py:1107} INFO - Executing <Task(MySqlOperator): standardized_supplier> on 2021-08-07T15:13:20.433410+00:00
[2021-08-07 15:13:23,482] {standard_task_runner.py:76} INFO - Running: ['***', 'tasks', 'run', 'standardized_pipeline', 'standardized_supplier', '2021-08-07T15:13:20.433410+00:00', '--job-id', '22', '--pool', 'default_pool', '--raw', '--subdir', 'DAGS_FOLDER/standardized_pipeline.py', '--cfg-path', '/tmp/tmpwm63p3lg', '--error-file', '/tmp/tmp559i95hf']
[2021-08-07 15:13:23,475] {standard_task_runner.py:52} INFO - Started process 359 to run task
[2021-08-07 15:13:23,485] {standard_task_runner.py:77} INFO - Job 22: Subtask standardized_supplier
[2021-08-07 15:13:23,603] {logging_mixin.py:104} INFO - Running <TaskInstance: standardized_pipeline.standardized_supplier 2021-08-07T15:13:20.433410+00:00 [running]> on host 840edc4bbc5d
[2021-08-07 15:13:23,736] {taskinstance.py:1302} INFO - Exporting the following env vars:
AIRFLOW_CTX_DAG_OWNER=***
AIRFLOW_CTX_DAG_ID=standardized_pipeline
AIRFLOW_CTX_TASK_ID=standardized_supplier
AIRFLOW_CTX_EXECUTION_DATE=2021-08-07T15:13:20.433410+00:00
AIRFLOW_CTX_DAG_RUN_ID=manual__2021-08-07T15:13:20.433410+00:00
[2021-08-07 15:13:23,738] {mysql.py:70} INFO - Executing: INSERT IGNORE INTO standardized.SUPPLIER(
	`SUPPLIER_KEY`,
    `SUPPLIER_NAME`,
    `SUPPLIER_ADDRESS`,
    `NATION_KEY`,
    `SUPPLIER_PHONE`,
    `SUPPLIER_ACCTBAL`,
    `SUPPLIER_COMMENT`
) 

WITH region_last_5_minutes AS (
	SELECT
        DISTINCT
        CAST(S_SUPPKEY AS SIGNED) AS S_SUPPKEY,
        S_NAME,
        S_ADDRESS,
        CAST(S_NATIONKEY AS SIGNED) AS S_NATIONKEY,
        S_PHONE,
        S_ACCTBAL,
        S_COMMENT
    FROM
        datalake.SUPPLIER
    WHERE 
        INGESTION_TIMESTAMP >= DATE_SUB(NOW(), INTERVAL 5 MINUTE)
)

SELECT 
	* 
FROM 
	region_last_5_minutes
[2021-08-07 15:13:23,759] {base.py:78} INFO - Using connection to: id: dwh_id. Host: dwh, Port: 3306, Schema: , Login: root, Password: ***, extra: {}
[2021-08-07 15:13:23,785] {dbapi.py:204} INFO - Running statement: INSERT IGNORE INTO standardized.SUPPLIER(
	`SUPPLIER_KEY`,
    `SUPPLIER_NAME`,
    `SUPPLIER_ADDRESS`,
    `NATION_KEY`,
    `SUPPLIER_PHONE`,
    `SUPPLIER_ACCTBAL`,
    `SUPPLIER_COMMENT`
) 

WITH region_last_5_minutes AS (
	SELECT
        DISTINCT
        CAST(S_SUPPKEY AS SIGNED) AS S_SUPPKEY,
        S_NAME,
        S_ADDRESS,
        CAST(S_NATIONKEY AS SIGNED) AS S_NATIONKEY,
        S_PHONE,
        S_ACCTBAL,
        S_COMMENT
    FROM
        datalake.SUPPLIER
    WHERE 
        INGESTION_TIMESTAMP >= DATE_SUB(NOW(), INTERVAL 5 MINUTE)
)

SELECT 
	* 
FROM 
	region_last_5_minutes, parameters: None
[2021-08-07 15:13:23,799] {dbapi.py:212} INFO - Rows affected: 100
[2021-08-07 15:13:23,834] {taskinstance.py:1211} INFO - Marking task as SUCCESS. dag_id=standardized_pipeline, task_id=standardized_supplier, execution_date=20210807T151320, start_date=20210807T151323, end_date=20210807T151323
[2021-08-07 15:13:23,916] {taskinstance.py:1265} INFO - 0 downstream tasks scheduled from follow-on schedule check
[2021-08-07 15:13:23,950] {local_task_job.py:149} INFO - Task exited with return code 0
