[2021-08-08 06:05:01,312] {taskinstance.py:896} INFO - Dependencies all met for <TaskInstance: to_datalake_pipeline.extract_from_git 2021-08-08T06:00:00+00:00 [queued]>
[2021-08-08 06:05:01,326] {taskinstance.py:896} INFO - Dependencies all met for <TaskInstance: to_datalake_pipeline.extract_from_git 2021-08-08T06:00:00+00:00 [queued]>
[2021-08-08 06:05:01,326] {taskinstance.py:1087} INFO - 
--------------------------------------------------------------------------------
[2021-08-08 06:05:01,327] {taskinstance.py:1088} INFO - Starting attempt 1 of 11
[2021-08-08 06:05:01,328] {taskinstance.py:1089} INFO - 
--------------------------------------------------------------------------------
[2021-08-08 06:05:01,335] {taskinstance.py:1107} INFO - Executing <Task(PythonOperator): extract_from_git> on 2021-08-08T06:00:00+00:00
[2021-08-08 06:05:01,340] {standard_task_runner.py:52} INFO - Started process 4186 to run task
[2021-08-08 06:05:01,343] {standard_task_runner.py:76} INFO - Running: ['***', 'tasks', 'run', 'to_datalake_pipeline', 'extract_from_git', '2021-08-08T06:00:00+00:00', '--job-id', '265', '--pool', 'default_pool', '--raw', '--subdir', 'DAGS_FOLDER/to_datalake_pipeline.py', '--cfg-path', '/tmp/tmpp379td0c', '--error-file', '/tmp/tmpz0gbqxyg']
[2021-08-08 06:05:01,344] {standard_task_runner.py:77} INFO - Job 265: Subtask extract_from_git
[2021-08-08 06:05:01,384] {logging_mixin.py:104} INFO - Running <TaskInstance: to_datalake_pipeline.extract_from_git 2021-08-08T06:00:00+00:00 [running]> on host b48e43d568d5
[2021-08-08 06:05:01,424] {taskinstance.py:1302} INFO - Exporting the following env vars:
AIRFLOW_CTX_DAG_EMAIL=wildangbudhi@gmail.com
AIRFLOW_CTX_DAG_OWNER=***
AIRFLOW_CTX_DAG_ID=to_datalake_pipeline
AIRFLOW_CTX_TASK_ID=extract_from_git
AIRFLOW_CTX_EXECUTION_DATE=2021-08-08T06:00:00+00:00
AIRFLOW_CTX_DAG_RUN_ID=scheduled__2021-08-08T06:00:00+00:00
[2021-08-08 06:05:01,425] {logging_mixin.py:104} INFO - Downloading data from -> https://raw.githubusercontent.com/rezaprimasatya/DTO-DE-JUN-MID/main/data.zip
[2021-08-08 06:05:02,160] {logging_mixin.py:104} INFO - Unzipping Data
[2021-08-08 06:05:02,239] {logging_mixin.py:104} INFO - Transform Data to Pandas Dataframe
[2021-08-08 06:05:02,436] {logging_mixin.py:104} INFO - Load data to datalake
[2021-08-08 06:05:02,471] {logging_mixin.py:104} INFO - Load table : REGION
[2021-08-08 06:05:02,497] {logging_mixin.py:104} INFO - Load table : NATION
[2021-08-08 06:05:02,508] {logging_mixin.py:104} INFO - Load table : PART
[2021-08-08 06:05:02,582] {logging_mixin.py:104} INFO - Load table : SUPPLIER
[2021-08-08 06:05:02,597] {logging_mixin.py:104} INFO - Load table : PARTSUPP
[2021-08-08 06:05:02,902] {logging_mixin.py:104} INFO - Load table : CUSTOMER
[2021-08-08 06:05:02,961] {logging_mixin.py:104} INFO - Load table : ORDERS
[2021-08-08 06:05:03,506] {logging_mixin.py:104} INFO - Load table : LINEITEM
[2021-08-08 06:05:06,769] {python.py:151} INFO - Done. Returned value was: None
[2021-08-08 06:05:06,779] {taskinstance.py:1211} INFO - Marking task as SUCCESS. dag_id=to_datalake_pipeline, task_id=extract_from_git, execution_date=20210808T060000, start_date=20210808T060501, end_date=20210808T060506
[2021-08-08 06:05:06,808] {taskinstance.py:1265} INFO - 1 downstream tasks scheduled from follow-on schedule check
[2021-08-08 06:05:06,858] {local_task_job.py:149} INFO - Task exited with return code 0
[2021-08-08 07:33:03,505] {taskinstance.py:896} INFO - Dependencies all met for <TaskInstance: to_datalake_pipeline.extract_from_git 2021-08-08T06:00:00+00:00 [queued]>
[2021-08-08 07:33:03,524] {taskinstance.py:896} INFO - Dependencies all met for <TaskInstance: to_datalake_pipeline.extract_from_git 2021-08-08T06:00:00+00:00 [queued]>
[2021-08-08 07:33:03,525] {taskinstance.py:1087} INFO - 
--------------------------------------------------------------------------------
[2021-08-08 07:33:03,525] {taskinstance.py:1088} INFO - Starting attempt 1 of 11
[2021-08-08 07:33:03,526] {taskinstance.py:1089} INFO - 
--------------------------------------------------------------------------------
[2021-08-08 07:33:03,534] {taskinstance.py:1107} INFO - Executing <Task(PythonOperator): extract_from_git> on 2021-08-08T06:00:00+00:00
[2021-08-08 07:33:03,538] {standard_task_runner.py:52} INFO - Started process 309 to run task
[2021-08-08 07:33:03,543] {standard_task_runner.py:76} INFO - Running: ['***', 'tasks', 'run', 'to_datalake_pipeline', 'extract_from_git', '2021-08-08T06:00:00+00:00', '--job-id', '2', '--pool', 'default_pool', '--raw', '--subdir', 'DAGS_FOLDER/to_datalake_pipeline.py', '--cfg-path', '/tmp/tmprmx0kabt', '--error-file', '/tmp/tmp26lyzfjh']
[2021-08-08 07:33:03,544] {standard_task_runner.py:77} INFO - Job 2: Subtask extract_from_git
[2021-08-08 07:33:03,587] {logging_mixin.py:104} INFO - Running <TaskInstance: to_datalake_pipeline.extract_from_git 2021-08-08T06:00:00+00:00 [running]> on host d501b83ad3fd
[2021-08-08 07:33:03,629] {taskinstance.py:1302} INFO - Exporting the following env vars:
AIRFLOW_CTX_DAG_OWNER=***
AIRFLOW_CTX_DAG_ID=to_datalake_pipeline
AIRFLOW_CTX_TASK_ID=extract_from_git
AIRFLOW_CTX_EXECUTION_DATE=2021-08-08T06:00:00+00:00
AIRFLOW_CTX_DAG_RUN_ID=scheduled__2021-08-08T06:00:00+00:00
[2021-08-08 07:33:03,631] {logging_mixin.py:104} INFO - Downloading data from -> https://raw.githubusercontent.com/rezaprimasatya/DTO-DE-JUN-MID/main/data.zip
[2021-08-08 07:33:04,368] {logging_mixin.py:104} INFO - Unzipping Data
[2021-08-08 07:33:04,434] {logging_mixin.py:104} INFO - Transform Data to Pandas Dataframe
[2021-08-08 07:33:04,637] {logging_mixin.py:104} INFO - Load data to datalake
[2021-08-08 07:33:04,702] {logging_mixin.py:104} INFO - Load table : REGION
[2021-08-08 07:33:04,749] {logging_mixin.py:104} INFO - Load table : NATION
[2021-08-08 07:33:04,763] {logging_mixin.py:104} INFO - Load table : PART
[2021-08-08 07:33:04,870] {logging_mixin.py:104} INFO - Load table : SUPPLIER
[2021-08-08 07:33:04,886] {logging_mixin.py:104} INFO - Load table : PARTSUPP
[2021-08-08 07:33:05,249] {logging_mixin.py:104} INFO - Load table : CUSTOMER
[2021-08-08 07:33:05,336] {logging_mixin.py:104} INFO - Load table : ORDERS
[2021-08-08 07:33:05,957] {logging_mixin.py:104} INFO - Load table : LINEITEM
[2021-08-08 07:33:09,832] {python.py:151} INFO - Done. Returned value was: None
[2021-08-08 07:33:09,842] {taskinstance.py:1211} INFO - Marking task as SUCCESS. dag_id=to_datalake_pipeline, task_id=extract_from_git, execution_date=20210808T060000, start_date=20210808T073303, end_date=20210808T073309
[2021-08-08 07:33:09,874] {taskinstance.py:1265} INFO - 1 downstream tasks scheduled from follow-on schedule check
[2021-08-08 07:33:09,917] {local_task_job.py:149} INFO - Task exited with return code 0
[2021-08-08 07:46:07,721] {taskinstance.py:896} INFO - Dependencies all met for <TaskInstance: to_datalake_pipeline.extract_from_git 2021-08-08T06:00:00+00:00 [queued]>
[2021-08-08 07:46:07,729] {taskinstance.py:896} INFO - Dependencies all met for <TaskInstance: to_datalake_pipeline.extract_from_git 2021-08-08T06:00:00+00:00 [queued]>
[2021-08-08 07:46:07,730] {taskinstance.py:1087} INFO - 
--------------------------------------------------------------------------------
[2021-08-08 07:46:07,731] {taskinstance.py:1088} INFO - Starting attempt 1 of 11
[2021-08-08 07:46:07,731] {taskinstance.py:1089} INFO - 
--------------------------------------------------------------------------------
[2021-08-08 07:46:07,742] {taskinstance.py:1107} INFO - Executing <Task(PythonOperator): extract_from_git> on 2021-08-08T06:00:00+00:00
[2021-08-08 07:46:07,747] {standard_task_runner.py:52} INFO - Started process 297 to run task
[2021-08-08 07:46:07,750] {standard_task_runner.py:76} INFO - Running: ['***', 'tasks', 'run', 'to_datalake_pipeline', 'extract_from_git', '2021-08-08T06:00:00+00:00', '--job-id', '3', '--pool', 'default_pool', '--raw', '--subdir', 'DAGS_FOLDER/to_datalake_pipeline.py', '--cfg-path', '/tmp/tmp34f3t6i3', '--error-file', '/tmp/tmpmgfur4et']
[2021-08-08 07:46:07,752] {standard_task_runner.py:77} INFO - Job 3: Subtask extract_from_git
[2021-08-08 07:46:07,792] {logging_mixin.py:104} INFO - Running <TaskInstance: to_datalake_pipeline.extract_from_git 2021-08-08T06:00:00+00:00 [running]> on host 0540c8fa99d2
[2021-08-08 07:46:07,833] {taskinstance.py:1302} INFO - Exporting the following env vars:
AIRFLOW_CTX_DAG_OWNER=***
AIRFLOW_CTX_DAG_ID=to_datalake_pipeline
AIRFLOW_CTX_TASK_ID=extract_from_git
AIRFLOW_CTX_EXECUTION_DATE=2021-08-08T06:00:00+00:00
AIRFLOW_CTX_DAG_RUN_ID=scheduled__2021-08-08T06:00:00+00:00
[2021-08-08 07:46:07,834] {logging_mixin.py:104} INFO - Downloading data from -> https://raw.githubusercontent.com/rezaprimasatya/DTO-DE-JUN-MID/main/data.zip
[2021-08-08 07:46:08,667] {logging_mixin.py:104} INFO - Unzipping Data
[2021-08-08 07:46:08,750] {logging_mixin.py:104} INFO - Transform Data to Pandas Dataframe
[2021-08-08 07:46:09,000] {logging_mixin.py:104} INFO - Load data to datalake
[2021-08-08 07:46:09,065] {logging_mixin.py:104} INFO - Load table : REGION
[2021-08-08 07:46:09,108] {logging_mixin.py:104} INFO - Load table : NATION
[2021-08-08 07:46:09,121] {logging_mixin.py:104} INFO - Load table : PART
[2021-08-08 07:46:09,232] {logging_mixin.py:104} INFO - Load table : SUPPLIER
[2021-08-08 07:46:09,250] {logging_mixin.py:104} INFO - Load table : PARTSUPP
[2021-08-08 07:46:09,628] {logging_mixin.py:104} INFO - Load table : CUSTOMER
[2021-08-08 07:46:09,710] {logging_mixin.py:104} INFO - Load table : ORDERS
[2021-08-08 07:46:10,299] {logging_mixin.py:104} INFO - Load table : LINEITEM
[2021-08-08 07:46:13,838] {python.py:151} INFO - Done. Returned value was: None
[2021-08-08 07:46:13,847] {taskinstance.py:1211} INFO - Marking task as SUCCESS. dag_id=to_datalake_pipeline, task_id=extract_from_git, execution_date=20210808T060000, start_date=20210808T074607, end_date=20210808T074613
[2021-08-08 07:46:13,867] {taskinstance.py:1265} INFO - 1 downstream tasks scheduled from follow-on schedule check
[2021-08-08 07:46:13,905] {local_task_job.py:149} INFO - Task exited with return code 0
