[2021-08-08 02:50:29,181] {taskinstance.py:896} INFO - Dependencies all met for <TaskInstance: standardized_pipeline.create_standardized_table_customers 2021-08-08T02:45:00+00:00 [queued]>
[2021-08-08 02:50:29,204] {taskinstance.py:896} INFO - Dependencies all met for <TaskInstance: standardized_pipeline.create_standardized_table_customers 2021-08-08T02:45:00+00:00 [queued]>
[2021-08-08 02:50:29,207] {taskinstance.py:1087} INFO - 
--------------------------------------------------------------------------------
[2021-08-08 02:50:29,208] {taskinstance.py:1088} INFO - Starting attempt 1 of 1
[2021-08-08 02:50:29,209] {taskinstance.py:1089} INFO - 
--------------------------------------------------------------------------------
[2021-08-08 02:50:29,234] {taskinstance.py:1107} INFO - Executing <Task(MySqlOperator): create_standardized_table_customers> on 2021-08-08T02:45:00+00:00
[2021-08-08 02:50:29,250] {standard_task_runner.py:76} INFO - Running: ['***', 'tasks', 'run', 'standardized_pipeline', 'create_standardized_table_customers', '2021-08-08T02:45:00+00:00', '--job-id', '75', '--pool', 'default_pool', '--raw', '--subdir', 'DAGS_FOLDER/standardized_pipeline.py', '--cfg-path', '/tmp/tmph4y86vlv', '--error-file', '/tmp/tmp7_qlpwu2']
[2021-08-08 02:50:29,263] {standard_task_runner.py:77} INFO - Job 75: Subtask create_standardized_table_customers
[2021-08-08 02:50:29,240] {standard_task_runner.py:52} INFO - Started process 1292 to run task
[2021-08-08 02:50:29,375] {logging_mixin.py:104} INFO - Running <TaskInstance: standardized_pipeline.create_standardized_table_customers 2021-08-08T02:45:00+00:00 [running]> on host 3c97923eccf9
[2021-08-08 02:50:29,531] {taskinstance.py:1302} INFO - Exporting the following env vars:
AIRFLOW_CTX_DAG_OWNER=***
AIRFLOW_CTX_DAG_ID=standardized_pipeline
AIRFLOW_CTX_TASK_ID=create_standardized_table_customers
AIRFLOW_CTX_EXECUTION_DATE=2021-08-08T02:45:00+00:00
AIRFLOW_CTX_DAG_RUN_ID=scheduled__2021-08-08T02:45:00+00:00
[2021-08-08 02:50:29,537] {mysql.py:70} INFO - Executing: CREATE TABLE IF NOT EXISTS standardized.customers (INGESTION_TIMESTAMP TIMESTAMP NOT NULL DEFAULT CURRENT_TIMESTAMP) AS
WITH data_last_5_minutes AS (
	SELECT
		DISTINCT 
		CAST(C_CUSTKEY AS SIGNED) AS CUSTOMER_KEY,
		C_NAME AS CUSTOMER_NAME,
		C_ADDRESS AS CUSTOMER_ADDRESS,
		CAST(C_NATIONKEY AS SIGNED) AS NATION_KEY,
		C_PHONE AS CUSTOMER_PHONE,
		C_ACCTBAL AS CUSTOMER_ACCOUNT_BALANCE_TOTAL,
		C_MKTSEGMENT AS CUSTOMER_MARKET_SEGMENT_TYPE,
		C_COMMENT AS CUSTOMER_COMMENT,
		NOW() AS INGESTION_TIMESTAMP
	FROM
		datalake.CUSTOMER c
	WHERE 
		c.INGESTION_TIMESTAMP >= DATE_SUB(NOW(), INTERVAL 5 MINUTE)
)

SELECT 
	* 
FROM 
	data_last_5_minutes
[2021-08-08 02:50:29,560] {base.py:78} INFO - Using connection to: id: dwh_id. Host: dwh, Port: 3306, Schema: , Login: root, Password: ***, extra: {}
[2021-08-08 02:50:29,582] {dbapi.py:204} INFO - Running statement: CREATE TABLE IF NOT EXISTS standardized.customers (INGESTION_TIMESTAMP TIMESTAMP NOT NULL DEFAULT CURRENT_TIMESTAMP) AS
WITH data_last_5_minutes AS (
	SELECT
		DISTINCT 
		CAST(C_CUSTKEY AS SIGNED) AS CUSTOMER_KEY,
		C_NAME AS CUSTOMER_NAME,
		C_ADDRESS AS CUSTOMER_ADDRESS,
		CAST(C_NATIONKEY AS SIGNED) AS NATION_KEY,
		C_PHONE AS CUSTOMER_PHONE,
		C_ACCTBAL AS CUSTOMER_ACCOUNT_BALANCE_TOTAL,
		C_MKTSEGMENT AS CUSTOMER_MARKET_SEGMENT_TYPE,
		C_COMMENT AS CUSTOMER_COMMENT,
		NOW() AS INGESTION_TIMESTAMP
	FROM
		datalake.CUSTOMER c
	WHERE 
		c.INGESTION_TIMESTAMP >= DATE_SUB(NOW(), INTERVAL 5 MINUTE)
)

SELECT 
	* 
FROM 
	data_last_5_minutes, parameters: None
[2021-08-08 02:50:29,585] {dbapi.py:212} INFO - Rows affected: 0
[2021-08-08 02:50:29,631] {taskinstance.py:1211} INFO - Marking task as SUCCESS. dag_id=standardized_pipeline, task_id=create_standardized_table_customers, execution_date=20210808T024500, start_date=20210808T025029, end_date=20210808T025029
[2021-08-08 02:50:29,706] {taskinstance.py:1265} INFO - 1 downstream tasks scheduled from follow-on schedule check
[2021-08-08 02:50:29,737] {local_task_job.py:149} INFO - Task exited with return code 0
