[2021-08-07 07:38:50,929] {taskinstance.py:896} INFO - Dependencies all met for <TaskInstance: to_datalake_pipeline.extract_from_git 2021-08-07T07:38:18.098404+00:00 [None]>
[2021-08-07 07:38:50,945] {taskinstance.py:896} INFO - Dependencies all met for <TaskInstance: to_datalake_pipeline.extract_from_git 2021-08-07T07:38:18.098404+00:00 [None]>
[2021-08-07 07:38:50,946] {taskinstance.py:1087} INFO - 
--------------------------------------------------------------------------------
[2021-08-07 07:38:50,947] {taskinstance.py:1088} INFO - Starting attempt 1 of 1
[2021-08-07 07:38:50,948] {taskinstance.py:1089} INFO - 
--------------------------------------------------------------------------------
[2021-08-07 07:38:50,955] {taskinstance.py:1107} INFO - Executing <Task(PythonOperator): extract_from_git> on 2021-08-07T07:38:18.098404+00:00
[2021-08-07 07:38:50,960] {standard_task_runner.py:52} INFO - Started process 934 to run task
[2021-08-07 07:38:50,964] {standard_task_runner.py:76} INFO - Running: ['***', 'tasks', 'run', 'to_datalake_pipeline', 'extract_from_git', '2021-08-07T07:38:18.098404+00:00', '--job-id', '4', '--pool', 'default_pool', '--raw', '--subdir', 'DAGS_FOLDER/to_datalake_pipeline.py', '--cfg-path', '/tmp/tmp2x1q3t37', '--error-file', '/tmp/tmpw38dlat7']
[2021-08-07 07:38:50,965] {standard_task_runner.py:77} INFO - Job 4: Subtask extract_from_git
[2021-08-07 07:38:51,010] {logging_mixin.py:104} INFO - Running <TaskInstance: to_datalake_pipeline.extract_from_git 2021-08-07T07:38:18.098404+00:00 [running]> on host 0af53fa45088
[2021-08-07 07:38:51,056] {taskinstance.py:1302} INFO - Exporting the following env vars:
AIRFLOW_CTX_DAG_OWNER=***
AIRFLOW_CTX_DAG_ID=to_datalake_pipeline
AIRFLOW_CTX_TASK_ID=extract_from_git
AIRFLOW_CTX_EXECUTION_DATE=2021-08-07T07:38:18.098404+00:00
AIRFLOW_CTX_DAG_RUN_ID=manual__2021-08-07T07:38:18.098404+00:00
[2021-08-07 07:38:51,057] {logging_mixin.py:104} INFO - Downloading data from -> https://raw.githubusercontent.com/rezaprimasatya/DTO-DE-JUN-MID/main/data.zip
[2021-08-07 07:38:56,026] {local_task_job.py:198} WARNING - State of this instance has been externally set to None. Terminating instance.
[2021-08-07 07:38:56,028] {process_utils.py:100} INFO - Sending Signals.SIGTERM to GPID 934
[2021-08-07 07:38:56,029] {taskinstance.py:1284} ERROR - Received SIGTERM. Terminating subprocesses.
[2021-08-07 07:38:56,030] {logging_mixin.py:104} INFO - Pipeline Error-> Task received SIGTERM signal
[2021-08-07 07:38:56,032] {python.py:151} INFO - Done. Returned value was: None
[2021-08-07 07:38:56,043] {taskinstance.py:1211} INFO - Marking task as SUCCESS. dag_id=to_datalake_pipeline, task_id=extract_from_git, execution_date=20210807T073818, start_date=20210807T073850, end_date=20210807T073856
[2021-08-07 07:38:56,066] {taskinstance.py:1265} INFO - 0 downstream tasks scheduled from follow-on schedule check
[2021-08-07 07:38:56,082] {process_utils.py:66} INFO - Process psutil.Process(pid=934, status='terminated', exitcode=0, started='07:38:50') (934) terminated with exit code 0
