[2021-08-08 08:37:48,995] {taskinstance.py:896} INFO - Dependencies all met for <TaskInstance: presentation_pipeline.presentation_pipeline_start 2021-08-08T08:37:48.299782+00:00 [queued]>
[2021-08-08 08:37:49,015] {taskinstance.py:896} INFO - Dependencies all met for <TaskInstance: presentation_pipeline.presentation_pipeline_start 2021-08-08T08:37:48.299782+00:00 [queued]>
[2021-08-08 08:37:49,016] {taskinstance.py:1087} INFO - 
--------------------------------------------------------------------------------
[2021-08-08 08:37:49,017] {taskinstance.py:1088} INFO - Starting attempt 1 of 1
[2021-08-08 08:37:49,018] {taskinstance.py:1089} INFO - 
--------------------------------------------------------------------------------
[2021-08-08 08:37:49,025] {taskinstance.py:1107} INFO - Executing <Task(ExternalTaskSensor): presentation_pipeline_start> on 2021-08-08T08:37:48.299782+00:00
[2021-08-08 08:37:49,034] {standard_task_runner.py:76} INFO - Running: ['***', 'tasks', 'run', 'presentation_pipeline', 'presentation_pipeline_start', '2021-08-08T08:37:48.299782+00:00', '--job-id', '32', '--pool', 'default_pool', '--raw', '--subdir', 'DAGS_FOLDER/presentation_pipeline.py', '--cfg-path', '/tmp/tmpxdky2por', '--error-file', '/tmp/tmp27ixsbj7']
[2021-08-08 08:37:49,030] {standard_task_runner.py:52} INFO - Started process 818 to run task
[2021-08-08 08:37:49,035] {standard_task_runner.py:77} INFO - Job 32: Subtask presentation_pipeline_start
[2021-08-08 08:37:49,076] {logging_mixin.py:104} INFO - Running <TaskInstance: presentation_pipeline.presentation_pipeline_start 2021-08-08T08:37:48.299782+00:00 [running]> on host 5e970160fe16
[2021-08-08 08:37:49,121] {taskinstance.py:1302} INFO - Exporting the following env vars:
AIRFLOW_CTX_DAG_OWNER=***
AIRFLOW_CTX_DAG_ID=presentation_pipeline
AIRFLOW_CTX_TASK_ID=presentation_pipeline_start
AIRFLOW_CTX_EXECUTION_DATE=2021-08-08T08:37:48.299782+00:00
AIRFLOW_CTX_DAG_RUN_ID=manual__2021-08-08T08:37:48.299782+00:00
[2021-08-08 08:37:49,122] {external_task.py:152} INFO - Poking for standardized_pipeline.standardized_pipeline_end on 2021-08-08T08:37:48.299782+00:00 ... 
[2021-08-08 08:38:49,127] {external_task.py:152} INFO - Poking for standardized_pipeline.standardized_pipeline_end on 2021-08-08T08:37:48.299782+00:00 ... 
[2021-08-08 08:39:49,130] {external_task.py:152} INFO - Poking for standardized_pipeline.standardized_pipeline_end on 2021-08-08T08:37:48.299782+00:00 ... 
[2021-08-08 08:40:49,097] {external_task.py:152} INFO - Poking for standardized_pipeline.standardized_pipeline_end on 2021-08-08T08:37:48.299782+00:00 ... 
[2021-08-08 08:41:49,078] {external_task.py:152} INFO - Poking for standardized_pipeline.standardized_pipeline_end on 2021-08-08T08:37:48.299782+00:00 ... 
[2021-08-08 08:42:49,086] {external_task.py:152} INFO - Poking for standardized_pipeline.standardized_pipeline_end on 2021-08-08T08:37:48.299782+00:00 ... 
[2021-08-08 08:43:49,093] {external_task.py:152} INFO - Poking for standardized_pipeline.standardized_pipeline_end on 2021-08-08T08:37:48.299782+00:00 ... 
[2021-08-08 08:44:49,119] {external_task.py:152} INFO - Poking for standardized_pipeline.standardized_pipeline_end on 2021-08-08T08:37:48.299782+00:00 ... 
[2021-08-08 08:45:49,134] {external_task.py:152} INFO - Poking for standardized_pipeline.standardized_pipeline_end on 2021-08-08T08:37:48.299782+00:00 ... 
[2021-08-08 08:46:49,104] {external_task.py:152} INFO - Poking for standardized_pipeline.standardized_pipeline_end on 2021-08-08T08:37:48.299782+00:00 ... 
