[2021-08-07 10:40:01,250] {taskinstance.py:896} INFO - Dependencies all met for <TaskInstance: to_datalake_pipeline.extract_from_git 2021-08-07T10:35:00+00:00 [queued]>
[2021-08-07 10:40:01,258] {taskinstance.py:896} INFO - Dependencies all met for <TaskInstance: to_datalake_pipeline.extract_from_git 2021-08-07T10:35:00+00:00 [queued]>
[2021-08-07 10:40:01,259] {taskinstance.py:1087} INFO - 
--------------------------------------------------------------------------------
[2021-08-07 10:40:01,259] {taskinstance.py:1088} INFO - Starting attempt 1 of 1
[2021-08-07 10:40:01,260] {taskinstance.py:1089} INFO - 
--------------------------------------------------------------------------------
[2021-08-07 10:40:01,271] {taskinstance.py:1107} INFO - Executing <Task(PythonOperator): extract_from_git> on 2021-08-07T10:35:00+00:00
[2021-08-07 10:40:01,276] {standard_task_runner.py:52} INFO - Started process 6672 to run task
[2021-08-07 10:40:01,280] {standard_task_runner.py:76} INFO - Running: ['***', 'tasks', 'run', 'to_datalake_pipeline', 'extract_from_git', '2021-08-07T10:35:00+00:00', '--job-id', '14', '--pool', 'default_pool', '--raw', '--subdir', 'DAGS_FOLDER/to_datalake_pipeline.py', '--cfg-path', '/tmp/tmpm0bez3qa', '--error-file', '/tmp/tmp1xe79dk3']
[2021-08-07 10:40:01,281] {standard_task_runner.py:77} INFO - Job 14: Subtask extract_from_git
[2021-08-07 10:40:01,325] {logging_mixin.py:104} INFO - Running <TaskInstance: to_datalake_pipeline.extract_from_git 2021-08-07T10:35:00+00:00 [running]> on host 4446dd23665f
[2021-08-07 10:40:01,371] {taskinstance.py:1302} INFO - Exporting the following env vars:
AIRFLOW_CTX_DAG_OWNER=***
AIRFLOW_CTX_DAG_ID=to_datalake_pipeline
AIRFLOW_CTX_TASK_ID=extract_from_git
AIRFLOW_CTX_EXECUTION_DATE=2021-08-07T10:35:00+00:00
AIRFLOW_CTX_DAG_RUN_ID=scheduled__2021-08-07T10:35:00+00:00
[2021-08-07 10:40:01,373] {logging_mixin.py:104} INFO - Downloading data from -> https://raw.githubusercontent.com/rezaprimasatya/DTO-DE-JUN-MID/main/data.zip
[2021-08-07 10:40:07,700] {logging_mixin.py:104} INFO - Unzipping Data
[2021-08-07 10:40:07,765] {logging_mixin.py:104} INFO - Transform Data to Pandas Dataframe
[2021-08-07 10:40:08,001] {logging_mixin.py:104} INFO - Load data to datalake
[2021-08-07 10:40:08,051] {logging_mixin.py:104} INFO - Load table : REGION
[2021-08-07 10:40:08,085] {logging_mixin.py:104} INFO - Load table : NATION
[2021-08-07 10:40:08,098] {logging_mixin.py:104} INFO - Load table : PART
[2021-08-07 10:40:08,185] {logging_mixin.py:104} INFO - Load table : SUPPLIER
[2021-08-07 10:40:08,205] {logging_mixin.py:104} INFO - Load table : PARTSUPP
[2021-08-07 10:40:08,566] {logging_mixin.py:104} INFO - Load table : CUSTOMER
[2021-08-07 10:40:08,635] {logging_mixin.py:104} INFO - Load table : ORDERS
[2021-08-07 10:40:09,195] {logging_mixin.py:104} INFO - Load table : LINEITEM
[2021-08-07 10:40:12,412] {python.py:151} INFO - Done. Returned value was: None
[2021-08-07 10:40:12,423] {taskinstance.py:1211} INFO - Marking task as SUCCESS. dag_id=to_datalake_pipeline, task_id=extract_from_git, execution_date=20210807T103500, start_date=20210807T104001, end_date=20210807T104012
[2021-08-07 10:40:12,443] {taskinstance.py:1265} INFO - 0 downstream tasks scheduled from follow-on schedule check
[2021-08-07 10:40:12,474] {local_task_job.py:149} INFO - Task exited with return code 0
