[2021-08-07 15:13:23,506] {taskinstance.py:896} INFO - Dependencies all met for <TaskInstance: standardized_pipeline.standardized_parts 2021-08-07T15:13:20.433410+00:00 [queued]>
[2021-08-07 15:13:23,541] {taskinstance.py:896} INFO - Dependencies all met for <TaskInstance: standardized_pipeline.standardized_parts 2021-08-07T15:13:20.433410+00:00 [queued]>
[2021-08-07 15:13:23,547] {taskinstance.py:1087} INFO - 
--------------------------------------------------------------------------------
[2021-08-07 15:13:23,548] {taskinstance.py:1088} INFO - Starting attempt 1 of 1
[2021-08-07 15:13:23,550] {taskinstance.py:1089} INFO - 
--------------------------------------------------------------------------------
[2021-08-07 15:13:23,579] {taskinstance.py:1107} INFO - Executing <Task(MySqlOperator): standardized_parts> on 2021-08-07T15:13:20.433410+00:00
[2021-08-07 15:13:23,591] {standard_task_runner.py:52} INFO - Started process 363 to run task
[2021-08-07 15:13:23,605] {standard_task_runner.py:76} INFO - Running: ['***', 'tasks', 'run', 'standardized_pipeline', 'standardized_parts', '2021-08-07T15:13:20.433410+00:00', '--job-id', '27', '--pool', 'default_pool', '--raw', '--subdir', 'DAGS_FOLDER/standardized_pipeline.py', '--cfg-path', '/tmp/tmpiknc__6o', '--error-file', '/tmp/tmpha3_gtk3']
[2021-08-07 15:13:23,607] {standard_task_runner.py:77} INFO - Job 27: Subtask standardized_parts
[2021-08-07 15:13:23,731] {logging_mixin.py:104} INFO - Running <TaskInstance: standardized_pipeline.standardized_parts 2021-08-07T15:13:20.433410+00:00 [running]> on host 840edc4bbc5d
[2021-08-07 15:13:23,883] {taskinstance.py:1302} INFO - Exporting the following env vars:
AIRFLOW_CTX_DAG_OWNER=***
AIRFLOW_CTX_DAG_ID=standardized_pipeline
AIRFLOW_CTX_TASK_ID=standardized_parts
AIRFLOW_CTX_EXECUTION_DATE=2021-08-07T15:13:20.433410+00:00
AIRFLOW_CTX_DAG_RUN_ID=manual__2021-08-07T15:13:20.433410+00:00
[2021-08-07 15:13:23,885] {mysql.py:70} INFO - Executing: INSERT IGNORE INTO standardized.PART(
	`PART_KEY`,
    `PART_NAME`,
    `PART_MFGR`,
    `PART_BRAND`,
    `PART_TYPE`,
    `PART_SIZE`,
    `PART_CONTAINER`,
    `PART_RETAILPRICE`,
    `PART_COMMENT`
) 

WITH part_last_5_minutes AS (
	SELECT
        DISTINCT
        CAST(P_PARTKEY AS SIGNED) AS P_PARTKEY,
        P_NAME,
        P_MFGR,
        P_BRAND,
        P_TYPE,
        CAST(P_SIZE AS SIGNED) AS P_SIZE,
        P_CONTAINER,
        P_RETAILPRICE,
        P_COMMENT
    FROM
        datalake.PART
    WHERE 
        INGESTION_TIMESTAMP >= DATE_SUB(NOW(), INTERVAL 5 MINUTE)
)

SELECT 
	* 
FROM 
	part_last_5_minutes
[2021-08-07 15:13:23,912] {base.py:78} INFO - Using connection to: id: dwh_id. Host: dwh, Port: 3306, Schema: , Login: root, Password: ***, extra: {}
[2021-08-07 15:13:23,942] {dbapi.py:204} INFO - Running statement: INSERT IGNORE INTO standardized.PART(
	`PART_KEY`,
    `PART_NAME`,
    `PART_MFGR`,
    `PART_BRAND`,
    `PART_TYPE`,
    `PART_SIZE`,
    `PART_CONTAINER`,
    `PART_RETAILPRICE`,
    `PART_COMMENT`
) 

WITH part_last_5_minutes AS (
	SELECT
        DISTINCT
        CAST(P_PARTKEY AS SIGNED) AS P_PARTKEY,
        P_NAME,
        P_MFGR,
        P_BRAND,
        P_TYPE,
        CAST(P_SIZE AS SIGNED) AS P_SIZE,
        P_CONTAINER,
        P_RETAILPRICE,
        P_COMMENT
    FROM
        datalake.PART
    WHERE 
        INGESTION_TIMESTAMP >= DATE_SUB(NOW(), INTERVAL 5 MINUTE)
)

SELECT 
	* 
FROM 
	part_last_5_minutes, parameters: None
[2021-08-07 15:13:24,028] {dbapi.py:212} INFO - Rows affected: 2000
[2021-08-07 15:13:24,063] {taskinstance.py:1211} INFO - Marking task as SUCCESS. dag_id=standardized_pipeline, task_id=standardized_parts, execution_date=20210807T151320, start_date=20210807T151323, end_date=20210807T151324
[2021-08-07 15:13:24,092] {taskinstance.py:1265} INFO - 0 downstream tasks scheduled from follow-on schedule check
[2021-08-07 15:13:24,146] {local_task_job.py:149} INFO - Task exited with return code 0
