[2021-08-08 06:06:03,809] {taskinstance.py:896} INFO - Dependencies all met for <TaskInstance: standardized_pipeline.standardized_regions 2021-08-08T06:00:00+00:00 [queued]>
[2021-08-08 06:06:03,872] {taskinstance.py:896} INFO - Dependencies all met for <TaskInstance: standardized_pipeline.standardized_regions 2021-08-08T06:00:00+00:00 [queued]>
[2021-08-08 06:06:03,873] {taskinstance.py:1087} INFO - 
--------------------------------------------------------------------------------
[2021-08-08 06:06:03,874] {taskinstance.py:1088} INFO - Starting attempt 1 of 11
[2021-08-08 06:06:03,875] {taskinstance.py:1089} INFO - 
--------------------------------------------------------------------------------
[2021-08-08 06:06:03,898] {taskinstance.py:1107} INFO - Executing <Task(MySqlOperator): standardized_regions> on 2021-08-08T06:00:00+00:00
[2021-08-08 06:06:03,910] {standard_task_runner.py:76} INFO - Running: ['***', 'tasks', 'run', 'standardized_pipeline', 'standardized_regions', '2021-08-08T06:00:00+00:00', '--job-id', '280', '--pool', 'default_pool', '--raw', '--subdir', 'DAGS_FOLDER/standardized_pipeline.py', '--cfg-path', '/tmp/tmpw2qwjlg8', '--error-file', '/tmp/tmp0f77kkqt']
[2021-08-08 06:06:03,911] {standard_task_runner.py:77} INFO - Job 280: Subtask standardized_regions
[2021-08-08 06:06:03,905] {standard_task_runner.py:52} INFO - Started process 4312 to run task
[2021-08-08 06:06:03,989] {logging_mixin.py:104} INFO - Running <TaskInstance: standardized_pipeline.standardized_regions 2021-08-08T06:00:00+00:00 [running]> on host b48e43d568d5
[2021-08-08 06:06:04,090] {taskinstance.py:1302} INFO - Exporting the following env vars:
AIRFLOW_CTX_DAG_EMAIL=wildangbudhi@gmail.com
AIRFLOW_CTX_DAG_OWNER=***
AIRFLOW_CTX_DAG_ID=standardized_pipeline
AIRFLOW_CTX_TASK_ID=standardized_regions
AIRFLOW_CTX_EXECUTION_DATE=2021-08-08T06:00:00+00:00
AIRFLOW_CTX_DAG_RUN_ID=scheduled__2021-08-08T06:00:00+00:00
[2021-08-08 06:06:04,091] {mysql.py:70} INFO - Executing: INSERT INTO standardized.regions
WITH data_last_5_minutes AS (
	SELECT
		DISTINCT 
		CAST(R_REGIONKEY AS SIGNED) AS REGION_KEY,
		R_NAME AS REGION_NAME,
		R_COMMENT AS REGION_COMMENT,
		NOW() AS INGESTION_TIMESTAMP
	FROM
		datalake.REGION r
	WHERE 
		r.INGESTION_TIMESTAMP >= DATE_SUB(NOW(), INTERVAL 5 MINUTE)
)

SELECT 
	* 
FROM 
	data_last_5_minutes
[2021-08-08 06:06:04,111] {base.py:78} INFO - Using connection to: id: dwh_id. Host: dwh, Port: 3306, Schema: , Login: root, Password: ***, extra: {}
[2021-08-08 06:06:04,129] {dbapi.py:204} INFO - Running statement: INSERT INTO standardized.regions
WITH data_last_5_minutes AS (
	SELECT
		DISTINCT 
		CAST(R_REGIONKEY AS SIGNED) AS REGION_KEY,
		R_NAME AS REGION_NAME,
		R_COMMENT AS REGION_COMMENT,
		NOW() AS INGESTION_TIMESTAMP
	FROM
		datalake.REGION r
	WHERE 
		r.INGESTION_TIMESTAMP >= DATE_SUB(NOW(), INTERVAL 5 MINUTE)
)

SELECT 
	* 
FROM 
	data_last_5_minutes, parameters: None
[2021-08-08 06:06:04,132] {dbapi.py:212} INFO - Rows affected: 5
[2021-08-08 06:06:04,152] {taskinstance.py:1211} INFO - Marking task as SUCCESS. dag_id=standardized_pipeline, task_id=standardized_regions, execution_date=20210808T060000, start_date=20210808T060603, end_date=20210808T060604
[2021-08-08 06:06:04,187] {taskinstance.py:1265} INFO - 0 downstream tasks scheduled from follow-on schedule check
[2021-08-08 06:06:04,218] {local_task_job.py:149} INFO - Task exited with return code 0
[2021-08-08 07:33:18,421] {taskinstance.py:896} INFO - Dependencies all met for <TaskInstance: standardized_pipeline.standardized_regions 2021-08-08T06:00:00+00:00 [queued]>
[2021-08-08 07:33:18,444] {taskinstance.py:896} INFO - Dependencies all met for <TaskInstance: standardized_pipeline.standardized_regions 2021-08-08T06:00:00+00:00 [queued]>
[2021-08-08 07:33:18,445] {taskinstance.py:1087} INFO - 
--------------------------------------------------------------------------------
[2021-08-08 07:33:18,446] {taskinstance.py:1088} INFO - Starting attempt 1 of 11
[2021-08-08 07:33:18,447] {taskinstance.py:1089} INFO - 
--------------------------------------------------------------------------------
[2021-08-08 07:33:18,475] {taskinstance.py:1107} INFO - Executing <Task(MySqlOperator): standardized_regions> on 2021-08-08T06:00:00+00:00
[2021-08-08 07:33:18,480] {standard_task_runner.py:52} INFO - Started process 353 to run task
[2021-08-08 07:33:18,497] {standard_task_runner.py:76} INFO - Running: ['***', 'tasks', 'run', 'standardized_pipeline', 'standardized_regions', '2021-08-08T06:00:00+00:00', '--job-id', '12', '--pool', 'default_pool', '--raw', '--subdir', 'DAGS_FOLDER/standardized_pipeline.py', '--cfg-path', '/tmp/tmpvr_5hi2j', '--error-file', '/tmp/tmpv4mwz865']
[2021-08-08 07:33:18,500] {standard_task_runner.py:77} INFO - Job 12: Subtask standardized_regions
[2021-08-08 07:33:18,699] {logging_mixin.py:104} INFO - Running <TaskInstance: standardized_pipeline.standardized_regions 2021-08-08T06:00:00+00:00 [running]> on host d501b83ad3fd
[2021-08-08 07:33:18,838] {taskinstance.py:1302} INFO - Exporting the following env vars:
AIRFLOW_CTX_DAG_OWNER=***
AIRFLOW_CTX_DAG_ID=standardized_pipeline
AIRFLOW_CTX_TASK_ID=standardized_regions
AIRFLOW_CTX_EXECUTION_DATE=2021-08-08T06:00:00+00:00
AIRFLOW_CTX_DAG_RUN_ID=scheduled__2021-08-08T06:00:00+00:00
[2021-08-08 07:33:18,840] {mysql.py:70} INFO - Executing: INSERT INTO standardized.regions
WITH data_last_5_minutes AS (
	SELECT
		DISTINCT 
		CAST(R_REGIONKEY AS SIGNED) AS REGION_KEY,
		R_NAME AS REGION_NAME,
		R_COMMENT AS REGION_COMMENT,
		NOW() AS INGESTION_TIMESTAMP
	FROM
		datalake.REGION r
	WHERE 
		r.INGESTION_TIMESTAMP >= DATE_SUB(NOW(), INTERVAL 1 HOUR)
)

SELECT 
	* 
FROM 
	data_last_5_minutes
[2021-08-08 07:33:18,871] {base.py:78} INFO - Using connection to: id: dwh_id. Host: dwh, Port: 3306, Schema: , Login: root, Password: ***, extra: {}
[2021-08-08 07:33:18,897] {dbapi.py:204} INFO - Running statement: INSERT INTO standardized.regions
WITH data_last_5_minutes AS (
	SELECT
		DISTINCT 
		CAST(R_REGIONKEY AS SIGNED) AS REGION_KEY,
		R_NAME AS REGION_NAME,
		R_COMMENT AS REGION_COMMENT,
		NOW() AS INGESTION_TIMESTAMP
	FROM
		datalake.REGION r
	WHERE 
		r.INGESTION_TIMESTAMP >= DATE_SUB(NOW(), INTERVAL 1 HOUR)
)

SELECT 
	* 
FROM 
	data_last_5_minutes, parameters: None
[2021-08-08 07:33:18,905] {dbapi.py:212} INFO - Rows affected: 5
[2021-08-08 07:33:18,962] {taskinstance.py:1211} INFO - Marking task as SUCCESS. dag_id=standardized_pipeline, task_id=standardized_regions, execution_date=20210808T060000, start_date=20210808T073318, end_date=20210808T073318
[2021-08-08 07:33:19,043] {taskinstance.py:1265} INFO - 0 downstream tasks scheduled from follow-on schedule check
[2021-08-08 07:33:19,103] {local_task_job.py:149} INFO - Task exited with return code 0
[2021-08-08 07:47:10,080] {taskinstance.py:896} INFO - Dependencies all met for <TaskInstance: standardized_pipeline.standardized_regions 2021-08-08T06:00:00+00:00 [queued]>
[2021-08-08 07:47:10,094] {taskinstance.py:896} INFO - Dependencies all met for <TaskInstance: standardized_pipeline.standardized_regions 2021-08-08T06:00:00+00:00 [queued]>
[2021-08-08 07:47:10,095] {taskinstance.py:1087} INFO - 
--------------------------------------------------------------------------------
[2021-08-08 07:47:10,096] {taskinstance.py:1088} INFO - Starting attempt 1 of 11
[2021-08-08 07:47:10,097] {taskinstance.py:1089} INFO - 
--------------------------------------------------------------------------------
[2021-08-08 07:47:10,128] {taskinstance.py:1107} INFO - Executing <Task(MySqlOperator): standardized_regions> on 2021-08-08T06:00:00+00:00
[2021-08-08 07:47:10,134] {standard_task_runner.py:52} INFO - Started process 413 to run task
[2021-08-08 07:47:10,176] {standard_task_runner.py:76} INFO - Running: ['***', 'tasks', 'run', 'standardized_pipeline', 'standardized_regions', '2021-08-08T06:00:00+00:00', '--job-id', '18', '--pool', 'default_pool', '--raw', '--subdir', 'DAGS_FOLDER/standardized_pipeline.py', '--cfg-path', '/tmp/tmp9ivf1gm_', '--error-file', '/tmp/tmpk5dttw9b']
[2021-08-08 07:47:10,177] {standard_task_runner.py:77} INFO - Job 18: Subtask standardized_regions
[2021-08-08 07:47:10,283] {logging_mixin.py:104} INFO - Running <TaskInstance: standardized_pipeline.standardized_regions 2021-08-08T06:00:00+00:00 [running]> on host 0540c8fa99d2
[2021-08-08 07:47:10,407] {taskinstance.py:1302} INFO - Exporting the following env vars:
AIRFLOW_CTX_DAG_OWNER=***
AIRFLOW_CTX_DAG_ID=standardized_pipeline
AIRFLOW_CTX_TASK_ID=standardized_regions
AIRFLOW_CTX_EXECUTION_DATE=2021-08-08T06:00:00+00:00
AIRFLOW_CTX_DAG_RUN_ID=scheduled__2021-08-08T06:00:00+00:00
[2021-08-08 07:47:10,410] {mysql.py:70} INFO - Executing: INSERT INTO standardized.regions
WITH data_last_5_minutes AS (
	SELECT
		DISTINCT 
		CAST(R_REGIONKEY AS SIGNED) AS REGION_KEY,
		R_NAME AS REGION_NAME,
		R_COMMENT AS REGION_COMMENT,
		NOW() AS INGESTION_TIMESTAMP
	FROM
		datalake.REGION r
	WHERE 
		r.INGESTION_TIMESTAMP >= DATE_SUB(NOW(), INTERVAL 1 HOUR)
)

SELECT 
	* 
FROM 
	data_last_5_minutes
[2021-08-08 07:47:10,432] {base.py:78} INFO - Using connection to: id: dwh_id. Host: dwh, Port: 3306, Schema: , Login: root, Password: ***, extra: {}
[2021-08-08 07:47:10,459] {dbapi.py:204} INFO - Running statement: INSERT INTO standardized.regions
WITH data_last_5_minutes AS (
	SELECT
		DISTINCT 
		CAST(R_REGIONKEY AS SIGNED) AS REGION_KEY,
		R_NAME AS REGION_NAME,
		R_COMMENT AS REGION_COMMENT,
		NOW() AS INGESTION_TIMESTAMP
	FROM
		datalake.REGION r
	WHERE 
		r.INGESTION_TIMESTAMP >= DATE_SUB(NOW(), INTERVAL 1 HOUR)
)

SELECT 
	* 
FROM 
	data_last_5_minutes, parameters: None
[2021-08-08 07:47:10,465] {dbapi.py:212} INFO - Rows affected: 5
[2021-08-08 07:47:10,491] {taskinstance.py:1211} INFO - Marking task as SUCCESS. dag_id=standardized_pipeline, task_id=standardized_regions, execution_date=20210808T060000, start_date=20210808T074710, end_date=20210808T074710
[2021-08-08 07:47:10,602] {taskinstance.py:1265} INFO - 0 downstream tasks scheduled from follow-on schedule check
[2021-08-08 07:47:10,643] {local_task_job.py:149} INFO - Task exited with return code 0
