[2021-08-08 05:40:00,967] {taskinstance.py:896} INFO - Dependencies all met for <TaskInstance: standardized_pipeline.standardized_pipeline_start 2021-08-08T05:35:00+00:00 [queued]>
[2021-08-08 05:40:00,983] {taskinstance.py:896} INFO - Dependencies all met for <TaskInstance: standardized_pipeline.standardized_pipeline_start 2021-08-08T05:35:00+00:00 [queued]>
[2021-08-08 05:40:00,984] {taskinstance.py:1087} INFO - 
--------------------------------------------------------------------------------
[2021-08-08 05:40:00,984] {taskinstance.py:1088} INFO - Starting attempt 1 of 11
[2021-08-08 05:40:00,985] {taskinstance.py:1089} INFO - 
--------------------------------------------------------------------------------
[2021-08-08 05:40:00,992] {taskinstance.py:1107} INFO - Executing <Task(ExternalTaskSensor): standardized_pipeline_start> on 2021-08-08T05:35:00+00:00
[2021-08-08 05:40:01,000] {standard_task_runner.py:76} INFO - Running: ['***', 'tasks', 'run', 'standardized_pipeline', 'standardized_pipeline_start', '2021-08-08T05:35:00+00:00', '--job-id', '119', '--pool', 'default_pool', '--raw', '--subdir', 'DAGS_FOLDER/standardized_pipeline.py', '--cfg-path', '/tmp/tmpilixu8o9', '--error-file', '/tmp/tmpovnm2xje']
[2021-08-08 05:40:00,996] {standard_task_runner.py:52} INFO - Started process 1704 to run task
[2021-08-08 05:40:01,001] {standard_task_runner.py:77} INFO - Job 119: Subtask standardized_pipeline_start
[2021-08-08 05:40:01,042] {logging_mixin.py:104} INFO - Running <TaskInstance: standardized_pipeline.standardized_pipeline_start 2021-08-08T05:35:00+00:00 [running]> on host b48e43d568d5
[2021-08-08 05:40:01,091] {taskinstance.py:1302} INFO - Exporting the following env vars:
AIRFLOW_CTX_DAG_EMAIL=wildangbudhi@gmail.com
AIRFLOW_CTX_DAG_OWNER=***
AIRFLOW_CTX_DAG_ID=standardized_pipeline
AIRFLOW_CTX_TASK_ID=standardized_pipeline_start
AIRFLOW_CTX_EXECUTION_DATE=2021-08-08T05:35:00+00:00
AIRFLOW_CTX_DAG_RUN_ID=scheduled__2021-08-08T05:35:00+00:00
[2021-08-08 05:40:01,093] {external_task.py:152} INFO - Poking for to_datalake_pipeline.to_datalake_pipeline_end on 2021-08-08T05:35:00+00:00 ... 
[2021-08-08 05:41:01,085] {external_task.py:152} INFO - Poking for to_datalake_pipeline.to_datalake_pipeline_end on 2021-08-08T05:35:00+00:00 ... 
[2021-08-08 05:41:01,095] {base.py:248} INFO - Success criteria met. Exiting.
[2021-08-08 05:41:01,104] {taskinstance.py:1211} INFO - Marking task as SUCCESS. dag_id=standardized_pipeline, task_id=standardized_pipeline_start, execution_date=20210808T053500, start_date=20210808T054000, end_date=20210808T054101
[2021-08-08 05:41:01,141] {taskinstance.py:1265} INFO - 8 downstream tasks scheduled from follow-on schedule check
[2021-08-08 05:41:01,185] {local_task_job.py:149} INFO - Task exited with return code 0
