[2021-08-08 02:45:02,234] {taskinstance.py:896} INFO - Dependencies all met for <TaskInstance: to_datalake_pipeline.extract_from_git 2021-08-08T02:40:00+00:00 [queued]>
[2021-08-08 02:45:02,268] {taskinstance.py:896} INFO - Dependencies all met for <TaskInstance: to_datalake_pipeline.extract_from_git 2021-08-08T02:40:00+00:00 [queued]>
[2021-08-08 02:45:02,269] {taskinstance.py:1087} INFO - 
--------------------------------------------------------------------------------
[2021-08-08 02:45:02,270] {taskinstance.py:1088} INFO - Starting attempt 1 of 1
[2021-08-08 02:45:02,271] {taskinstance.py:1089} INFO - 
--------------------------------------------------------------------------------
[2021-08-08 02:45:02,325] {taskinstance.py:1107} INFO - Executing <Task(PythonOperator): extract_from_git> on 2021-08-08T02:40:00+00:00
[2021-08-08 02:45:02,331] {standard_task_runner.py:52} INFO - Started process 785 to run task
[2021-08-08 02:45:02,337] {standard_task_runner.py:76} INFO - Running: ['***', 'tasks', 'run', 'to_datalake_pipeline', 'extract_from_git', '2021-08-08T02:40:00+00:00', '--job-id', '61', '--pool', 'default_pool', '--raw', '--subdir', 'DAGS_FOLDER/to_datalake_pipeline.py', '--cfg-path', '/tmp/tmpu94etlsa', '--error-file', '/tmp/tmp0et90yw6']
[2021-08-08 02:45:02,339] {standard_task_runner.py:77} INFO - Job 61: Subtask extract_from_git
[2021-08-08 02:45:02,512] {logging_mixin.py:104} INFO - Running <TaskInstance: to_datalake_pipeline.extract_from_git 2021-08-08T02:40:00+00:00 [running]> on host 3c97923eccf9
[2021-08-08 02:45:02,714] {taskinstance.py:1302} INFO - Exporting the following env vars:
AIRFLOW_CTX_DAG_OWNER=***
AIRFLOW_CTX_DAG_ID=to_datalake_pipeline
AIRFLOW_CTX_TASK_ID=extract_from_git
AIRFLOW_CTX_EXECUTION_DATE=2021-08-08T02:40:00+00:00
AIRFLOW_CTX_DAG_RUN_ID=scheduled__2021-08-08T02:40:00+00:00
[2021-08-08 02:45:02,717] {logging_mixin.py:104} INFO - Downloading data from -> https://raw.githubusercontent.com/rezaprimasatya/DTO-DE-JUN-MID/main/data.zip
[2021-08-08 02:45:09,323] {logging_mixin.py:104} INFO - Unzipping Data
[2021-08-08 02:45:09,413] {logging_mixin.py:104} INFO - Transform Data to Pandas Dataframe
[2021-08-08 02:45:09,674] {logging_mixin.py:104} INFO - Load data to datalake
[2021-08-08 02:45:09,730] {logging_mixin.py:104} INFO - Load table : REGION
[2021-08-08 02:45:09,785] {logging_mixin.py:104} INFO - Load table : NATION
[2021-08-08 02:45:09,810] {logging_mixin.py:104} INFO - Load table : PART
[2021-08-08 02:45:09,935] {logging_mixin.py:104} INFO - Load table : SUPPLIER
[2021-08-08 02:45:09,960] {logging_mixin.py:104} INFO - Load table : PARTSUPP
[2021-08-08 02:45:10,402] {logging_mixin.py:104} INFO - Load table : CUSTOMER
[2021-08-08 02:45:10,494] {logging_mixin.py:104} INFO - Load table : ORDERS
[2021-08-08 02:45:11,254] {logging_mixin.py:104} INFO - Load table : LINEITEM
[2021-08-08 02:45:16,074] {python.py:151} INFO - Done. Returned value was: None
[2021-08-08 02:45:16,085] {taskinstance.py:1211} INFO - Marking task as SUCCESS. dag_id=to_datalake_pipeline, task_id=extract_from_git, execution_date=20210808T024000, start_date=20210808T024502, end_date=20210808T024516
[2021-08-08 02:45:16,109] {taskinstance.py:1265} INFO - 0 downstream tasks scheduled from follow-on schedule check
[2021-08-08 02:45:16,170] {local_task_job.py:149} INFO - Task exited with return code 0
