[2021-08-07 13:55:00,863] {taskinstance.py:896} INFO - Dependencies all met for <TaskInstance: standardized_pipeline.create_standardized_table_region 2021-08-07T13:50:00+00:00 [queued]>
[2021-08-07 13:55:00,878] {taskinstance.py:896} INFO - Dependencies all met for <TaskInstance: standardized_pipeline.create_standardized_table_region 2021-08-07T13:50:00+00:00 [queued]>
[2021-08-07 13:55:00,879] {taskinstance.py:1087} INFO - 
--------------------------------------------------------------------------------
[2021-08-07 13:55:00,880] {taskinstance.py:1088} INFO - Starting attempt 1 of 1
[2021-08-07 13:55:00,880] {taskinstance.py:1089} INFO - 
--------------------------------------------------------------------------------
[2021-08-07 13:55:00,888] {taskinstance.py:1107} INFO - Executing <Task(MySqlOperator): create_standardized_table_region> on 2021-08-07T13:50:00+00:00
[2021-08-07 13:55:00,896] {standard_task_runner.py:76} INFO - Running: ['***', 'tasks', 'run', 'standardized_pipeline', 'create_standardized_table_region', '2021-08-07T13:50:00+00:00', '--job-id', '12', '--pool', 'default_pool', '--raw', '--subdir', 'DAGS_FOLDER/standardized_pipeline.py', '--cfg-path', '/tmp/tmp40k53t8i', '--error-file', '/tmp/tmpri3iiddj']
[2021-08-07 13:55:00,892] {standard_task_runner.py:52} INFO - Started process 2251 to run task
[2021-08-07 13:55:00,897] {standard_task_runner.py:77} INFO - Job 12: Subtask create_standardized_table_region
[2021-08-07 13:55:00,942] {logging_mixin.py:104} INFO - Running <TaskInstance: standardized_pipeline.create_standardized_table_region 2021-08-07T13:50:00+00:00 [running]> on host ab70d6dafbc6
[2021-08-07 13:55:00,988] {taskinstance.py:1302} INFO - Exporting the following env vars:
AIRFLOW_CTX_DAG_OWNER=***
AIRFLOW_CTX_DAG_ID=standardized_pipeline
AIRFLOW_CTX_TASK_ID=create_standardized_table_region
AIRFLOW_CTX_EXECUTION_DATE=2021-08-07T13:50:00+00:00
AIRFLOW_CTX_DAG_RUN_ID=scheduled__2021-08-07T13:50:00+00:00
[2021-08-07 13:55:00,989] {mysql.py:70} INFO - Executing: CREATE TABLE IF NOT EXISTS standardized.REGION (
  `REGION_KEY` int NOT NULL,
  `REGION_NAME` text NOT NULL,
  `REGION_COMMENT` text,
  `INGESTION_TIMESTAMP` datetime DEFAULT CURRENT_TIMESTAMP,
  PRIMARY KEY (`REGION_KEY`)
) ENGINE=InnoDB DEFAULT CHARSET=utf8mb4 COLLATE=utf8mb4_0900_ai_ci
	
[2021-08-07 13:55:00,998] {base.py:78} INFO - Using connection to: id: dwh_id. Host: dwh, Port: 3306, Schema: , Login: root, Password: ***, extra: {}
[2021-08-07 13:55:01,008] {dbapi.py:204} INFO - Running statement: CREATE TABLE IF NOT EXISTS standardized.REGION (
  `REGION_KEY` int NOT NULL,
  `REGION_NAME` text NOT NULL,
  `REGION_COMMENT` text,
  `INGESTION_TIMESTAMP` datetime DEFAULT CURRENT_TIMESTAMP,
  PRIMARY KEY (`REGION_KEY`)
) ENGINE=InnoDB DEFAULT CHARSET=utf8mb4 COLLATE=utf8mb4_0900_ai_ci
	, parameters: None
[2021-08-07 13:55:01,011] {dbapi.py:212} INFO - Rows affected: 0
[2021-08-07 13:55:01,022] {taskinstance.py:1211} INFO - Marking task as SUCCESS. dag_id=standardized_pipeline, task_id=create_standardized_table_region, execution_date=20210807T135000, start_date=20210807T135500, end_date=20210807T135501
[2021-08-07 13:55:01,045] {taskinstance.py:1265} INFO - 0 downstream tasks scheduled from follow-on schedule check
[2021-08-07 13:55:01,073] {local_task_job.py:149} INFO - Task exited with return code 0
[2021-08-07 13:58:52,199] {taskinstance.py:896} INFO - Dependencies all met for <TaskInstance: standardized_pipeline.create_standardized_table_region 2021-08-07T13:50:00+00:00 [queued]>
[2021-08-07 13:58:52,214] {taskinstance.py:896} INFO - Dependencies all met for <TaskInstance: standardized_pipeline.create_standardized_table_region 2021-08-07T13:50:00+00:00 [queued]>
[2021-08-07 13:58:52,214] {taskinstance.py:1087} INFO - 
--------------------------------------------------------------------------------
[2021-08-07 13:58:52,215] {taskinstance.py:1088} INFO - Starting attempt 1 of 1
[2021-08-07 13:58:52,216] {taskinstance.py:1089} INFO - 
--------------------------------------------------------------------------------
[2021-08-07 13:58:52,223] {taskinstance.py:1107} INFO - Executing <Task(MySqlOperator): create_standardized_table_region> on 2021-08-07T13:50:00+00:00
[2021-08-07 13:58:52,231] {standard_task_runner.py:76} INFO - Running: ['***', 'tasks', 'run', 'standardized_pipeline', 'create_standardized_table_region', '2021-08-07T13:50:00+00:00', '--job-id', '14', '--pool', 'default_pool', '--raw', '--subdir', 'DAGS_FOLDER/standardized_pipeline.py', '--cfg-path', '/tmp/tmpk83su4yh', '--error-file', '/tmp/tmpctg85y27']
[2021-08-07 13:58:52,227] {standard_task_runner.py:52} INFO - Started process 2599 to run task
[2021-08-07 13:58:52,232] {standard_task_runner.py:77} INFO - Job 14: Subtask create_standardized_table_region
[2021-08-07 13:58:52,277] {logging_mixin.py:104} INFO - Running <TaskInstance: standardized_pipeline.create_standardized_table_region 2021-08-07T13:50:00+00:00 [running]> on host ab70d6dafbc6
[2021-08-07 13:58:52,326] {taskinstance.py:1302} INFO - Exporting the following env vars:
AIRFLOW_CTX_DAG_OWNER=***
AIRFLOW_CTX_DAG_ID=standardized_pipeline
AIRFLOW_CTX_TASK_ID=create_standardized_table_region
AIRFLOW_CTX_EXECUTION_DATE=2021-08-07T13:50:00+00:00
AIRFLOW_CTX_DAG_RUN_ID=scheduled__2021-08-07T13:50:00+00:00
[2021-08-07 13:58:52,327] {mysql.py:70} INFO - Executing: CREATE TABLE IF NOT EXISTS standardized.REGION (
  `REGION_KEY` int NOT NULL,
  `REGION_NAME` text NOT NULL,
  `REGION_COMMENT` text,
  `INGESTION_TIMESTAMP` datetime DEFAULT CURRENT_TIMESTAMP,
  PRIMARY KEY (`REGION_KEY`)
) ENGINE=InnoDB DEFAULT CHARSET=utf8mb4 COLLATE=utf8mb4_0900_ai_ci
	
[2021-08-07 13:58:52,335] {base.py:78} INFO - Using connection to: id: dwh_id. Host: dwh, Port: 3306, Schema: , Login: root, Password: ***, extra: {}
[2021-08-07 13:58:52,345] {dbapi.py:204} INFO - Running statement: CREATE TABLE IF NOT EXISTS standardized.REGION (
  `REGION_KEY` int NOT NULL,
  `REGION_NAME` text NOT NULL,
  `REGION_COMMENT` text,
  `INGESTION_TIMESTAMP` datetime DEFAULT CURRENT_TIMESTAMP,
  PRIMARY KEY (`REGION_KEY`)
) ENGINE=InnoDB DEFAULT CHARSET=utf8mb4 COLLATE=utf8mb4_0900_ai_ci
	, parameters: None
[2021-08-07 13:58:52,363] {dbapi.py:212} INFO - Rows affected: 0
[2021-08-07 13:58:52,380] {taskinstance.py:1211} INFO - Marking task as SUCCESS. dag_id=standardized_pipeline, task_id=create_standardized_table_region, execution_date=20210807T135000, start_date=20210807T135852, end_date=20210807T135852
[2021-08-07 13:58:52,411] {taskinstance.py:1265} INFO - 1 downstream tasks scheduled from follow-on schedule check
[2021-08-07 13:58:52,447] {local_task_job.py:149} INFO - Task exited with return code 0
