[2021-08-08 02:50:27,905] {taskinstance.py:896} INFO - Dependencies all met for <TaskInstance: to_datalake_pipeline.extract_from_git 2021-08-08T02:45:00+00:00 [queued]>
[2021-08-08 02:50:27,913] {taskinstance.py:896} INFO - Dependencies all met for <TaskInstance: to_datalake_pipeline.extract_from_git 2021-08-08T02:45:00+00:00 [queued]>
[2021-08-08 02:50:27,914] {taskinstance.py:1087} INFO - 
--------------------------------------------------------------------------------
[2021-08-08 02:50:27,914] {taskinstance.py:1088} INFO - Starting attempt 1 of 1
[2021-08-08 02:50:27,915] {taskinstance.py:1089} INFO - 
--------------------------------------------------------------------------------
[2021-08-08 02:50:27,927] {taskinstance.py:1107} INFO - Executing <Task(PythonOperator): extract_from_git> on 2021-08-08T02:45:00+00:00
[2021-08-08 02:50:27,932] {standard_task_runner.py:52} INFO - Started process 1273 to run task
[2021-08-08 02:50:27,936] {standard_task_runner.py:76} INFO - Running: ['***', 'tasks', 'run', 'to_datalake_pipeline', 'extract_from_git', '2021-08-08T02:45:00+00:00', '--job-id', '71', '--pool', 'default_pool', '--raw', '--subdir', 'DAGS_FOLDER/to_datalake_pipeline.py', '--cfg-path', '/tmp/tmp369eoy1q', '--error-file', '/tmp/tmp4ymic4j2']
[2021-08-08 02:50:27,937] {standard_task_runner.py:77} INFO - Job 71: Subtask extract_from_git
[2021-08-08 02:50:27,985] {logging_mixin.py:104} INFO - Running <TaskInstance: to_datalake_pipeline.extract_from_git 2021-08-08T02:45:00+00:00 [running]> on host 3c97923eccf9
[2021-08-08 02:50:28,035] {taskinstance.py:1302} INFO - Exporting the following env vars:
AIRFLOW_CTX_DAG_OWNER=***
AIRFLOW_CTX_DAG_ID=to_datalake_pipeline
AIRFLOW_CTX_TASK_ID=extract_from_git
AIRFLOW_CTX_EXECUTION_DATE=2021-08-08T02:45:00+00:00
AIRFLOW_CTX_DAG_RUN_ID=scheduled__2021-08-08T02:45:00+00:00
[2021-08-08 02:50:28,037] {logging_mixin.py:104} INFO - Downloading data from -> https://raw.githubusercontent.com/rezaprimasatya/DTO-DE-JUN-MID/main/data.zip
[2021-08-08 02:50:28,778] {logging_mixin.py:104} INFO - Unzipping Data
[2021-08-08 02:50:28,898] {logging_mixin.py:104} INFO - Transform Data to Pandas Dataframe
[2021-08-08 02:50:29,188] {logging_mixin.py:104} INFO - Load data to datalake
[2021-08-08 02:50:29,244] {logging_mixin.py:104} INFO - Load table : REGION
[2021-08-08 02:50:29,339] {logging_mixin.py:104} INFO - Load table : NATION
[2021-08-08 02:50:29,368] {logging_mixin.py:104} INFO - Load table : PART
[2021-08-08 02:50:29,620] {logging_mixin.py:104} INFO - Load table : SUPPLIER
[2021-08-08 02:50:29,664] {logging_mixin.py:104} INFO - Load table : PARTSUPP
[2021-08-08 02:50:30,129] {logging_mixin.py:104} INFO - Load table : CUSTOMER
[2021-08-08 02:50:30,196] {logging_mixin.py:104} INFO - Load table : ORDERS
[2021-08-08 02:50:31,188] {logging_mixin.py:104} INFO - Load table : LINEITEM
[2021-08-08 02:50:34,955] {python.py:151} INFO - Done. Returned value was: None
[2021-08-08 02:50:34,963] {taskinstance.py:1211} INFO - Marking task as SUCCESS. dag_id=to_datalake_pipeline, task_id=extract_from_git, execution_date=20210808T024500, start_date=20210808T025027, end_date=20210808T025034
[2021-08-08 02:50:34,995] {taskinstance.py:1265} INFO - 0 downstream tasks scheduled from follow-on schedule check
[2021-08-08 02:50:35,066] {local_task_job.py:149} INFO - Task exited with return code 0
