[2021-08-08 11:05:35,137] {taskinstance.py:896} INFO - Dependencies all met for <TaskInstance: presentation_pipeline.presentation_dim_nations 2021-08-08T10:00:00+00:00 [queued]>
[2021-08-08 11:05:35,158] {taskinstance.py:896} INFO - Dependencies all met for <TaskInstance: presentation_pipeline.presentation_dim_nations 2021-08-08T10:00:00+00:00 [queued]>
[2021-08-08 11:05:35,159] {taskinstance.py:1087} INFO - 
--------------------------------------------------------------------------------
[2021-08-08 11:05:35,160] {taskinstance.py:1088} INFO - Starting attempt 1 of 1
[2021-08-08 11:05:35,161] {taskinstance.py:1089} INFO - 
--------------------------------------------------------------------------------
[2021-08-08 11:05:35,169] {taskinstance.py:1107} INFO - Executing <Task(MySqlOperator): presentation_dim_nations> on 2021-08-08T10:00:00+00:00
[2021-08-08 11:05:35,177] {standard_task_runner.py:52} INFO - Started process 396 to run task
[2021-08-08 11:05:35,183] {standard_task_runner.py:76} INFO - Running: ['***', 'tasks', 'run', 'presentation_pipeline', 'presentation_dim_nations', '2021-08-08T10:00:00+00:00', '--job-id', '28', '--pool', 'default_pool', '--raw', '--subdir', 'DAGS_FOLDER/presentation_pipeline.py', '--cfg-path', '/tmp/tmpv5md5qho', '--error-file', '/tmp/tmpvhg_xyem']
[2021-08-08 11:05:35,185] {standard_task_runner.py:77} INFO - Job 28: Subtask presentation_dim_nations
[2021-08-08 11:05:35,249] {logging_mixin.py:104} INFO - Running <TaskInstance: presentation_pipeline.presentation_dim_nations 2021-08-08T10:00:00+00:00 [running]> on host ce886ce1d63a
[2021-08-08 11:05:35,315] {taskinstance.py:1302} INFO - Exporting the following env vars:
AIRFLOW_CTX_DAG_OWNER=***
AIRFLOW_CTX_DAG_ID=presentation_pipeline
AIRFLOW_CTX_TASK_ID=presentation_dim_nations
AIRFLOW_CTX_EXECUTION_DATE=2021-08-08T10:00:00+00:00
AIRFLOW_CTX_DAG_RUN_ID=scheduled__2021-08-08T10:00:00+00:00
[2021-08-08 11:05:35,316] {mysql.py:70} INFO - Executing: INSERT IGNORE INTO presentation.nations
SELECT 
	DISTINCT 
	n.NATION_KEY,
	n.NATION_NAME,
	r.REGION_KEY,
	r.REGION_NAME,
	NOW() AS INGESTION_TIMESTAMP
FROM 
	standardized.nations n
LEFT JOIN 
	standardized.regions r
	ON n.REGION_KEY = r.REGION_KEY 
WHERE 
	n.INGESTION_TIMESTAMP >= DATE_SUB(NOW(), INTERVAL 1 HOUR)
[2021-08-08 11:05:35,326] {base.py:78} INFO - Using connection to: id: dwh_id. Host: dwh, Port: 3306, Schema: , Login: root, Password: ***, extra: {}
[2021-08-08 11:05:35,337] {dbapi.py:204} INFO - Running statement: INSERT IGNORE INTO presentation.nations
SELECT 
	DISTINCT 
	n.NATION_KEY,
	n.NATION_NAME,
	r.REGION_KEY,
	r.REGION_NAME,
	NOW() AS INGESTION_TIMESTAMP
FROM 
	standardized.nations n
LEFT JOIN 
	standardized.regions r
	ON n.REGION_KEY = r.REGION_KEY 
WHERE 
	n.INGESTION_TIMESTAMP >= DATE_SUB(NOW(), INTERVAL 1 HOUR), parameters: None
[2021-08-08 11:05:35,339] {dbapi.py:212} INFO - Rows affected: 25
[2021-08-08 11:05:35,356] {taskinstance.py:1211} INFO - Marking task as SUCCESS. dag_id=presentation_pipeline, task_id=presentation_dim_nations, execution_date=20210808T100000, start_date=20210808T110535, end_date=20210808T110535
[2021-08-08 11:05:35,393] {taskinstance.py:1265} INFO - 0 downstream tasks scheduled from follow-on schedule check
[2021-08-08 11:05:35,440] {local_task_job.py:149} INFO - Task exited with return code 0
[2021-08-08 11:56:55,443] {taskinstance.py:896} INFO - Dependencies all met for <TaskInstance: presentation_pipeline.presentation_dim_nations 2021-08-08T10:00:00+00:00 [queued]>
[2021-08-08 11:56:55,459] {taskinstance.py:896} INFO - Dependencies all met for <TaskInstance: presentation_pipeline.presentation_dim_nations 2021-08-08T10:00:00+00:00 [queued]>
[2021-08-08 11:56:55,460] {taskinstance.py:1087} INFO - 
--------------------------------------------------------------------------------
[2021-08-08 11:56:55,461] {taskinstance.py:1088} INFO - Starting attempt 1 of 1
[2021-08-08 11:56:55,462] {taskinstance.py:1089} INFO - 
--------------------------------------------------------------------------------
[2021-08-08 11:56:55,479] {taskinstance.py:1107} INFO - Executing <Task(MySqlOperator): presentation_dim_nations> on 2021-08-08T10:00:00+00:00
[2021-08-08 11:56:55,489] {standard_task_runner.py:76} INFO - Running: ['***', 'tasks', 'run', 'presentation_pipeline', 'presentation_dim_nations', '2021-08-08T10:00:00+00:00', '--job-id', '29', '--pool', 'default_pool', '--raw', '--subdir', 'DAGS_FOLDER/presentation_pipeline.py', '--cfg-path', '/tmp/tmpa250oz91', '--error-file', '/tmp/tmpvdkzc_8i']
[2021-08-08 11:56:55,484] {standard_task_runner.py:52} INFO - Started process 441 to run task
[2021-08-08 11:56:55,490] {standard_task_runner.py:77} INFO - Job 29: Subtask presentation_dim_nations
[2021-08-08 11:56:55,557] {logging_mixin.py:104} INFO - Running <TaskInstance: presentation_pipeline.presentation_dim_nations 2021-08-08T10:00:00+00:00 [running]> on host 7f57f947ae95
[2021-08-08 11:56:55,668] {taskinstance.py:1302} INFO - Exporting the following env vars:
AIRFLOW_CTX_DAG_OWNER=***
AIRFLOW_CTX_DAG_ID=presentation_pipeline
AIRFLOW_CTX_TASK_ID=presentation_dim_nations
AIRFLOW_CTX_EXECUTION_DATE=2021-08-08T10:00:00+00:00
AIRFLOW_CTX_DAG_RUN_ID=scheduled__2021-08-08T10:00:00+00:00
[2021-08-08 11:56:55,669] {mysql.py:70} INFO - Executing: INSERT IGNORE INTO presentation.nations
SELECT 
	DISTINCT 
	n.NATION_KEY,
	n.NATION_NAME,
	r.REGION_KEY,
	r.REGION_NAME,
	NOW() AS INGESTION_TIMESTAMP
FROM 
	standardized.nations n
LEFT JOIN 
	standardized.regions r
	ON n.REGION_KEY = r.REGION_KEY 
WHERE 
	n.INGESTION_TIMESTAMP >= DATE_SUB(NOW(), INTERVAL 1 HOUR)
[2021-08-08 11:56:55,687] {base.py:78} INFO - Using connection to: id: dwh_id. Host: dwh, Port: 3306, Schema: , Login: root, Password: ***, extra: {}
[2021-08-08 11:56:55,702] {dbapi.py:204} INFO - Running statement: INSERT IGNORE INTO presentation.nations
SELECT 
	DISTINCT 
	n.NATION_KEY,
	n.NATION_NAME,
	r.REGION_KEY,
	r.REGION_NAME,
	NOW() AS INGESTION_TIMESTAMP
FROM 
	standardized.nations n
LEFT JOIN 
	standardized.regions r
	ON n.REGION_KEY = r.REGION_KEY 
WHERE 
	n.INGESTION_TIMESTAMP >= DATE_SUB(NOW(), INTERVAL 1 HOUR), parameters: None
[2021-08-08 11:56:55,707] {dbapi.py:212} INFO - Rows affected: 25
[2021-08-08 11:56:55,726] {taskinstance.py:1211} INFO - Marking task as SUCCESS. dag_id=presentation_pipeline, task_id=presentation_dim_nations, execution_date=20210808T100000, start_date=20210808T115655, end_date=20210808T115655
[2021-08-08 11:56:55,770] {taskinstance.py:1265} INFO - 0 downstream tasks scheduled from follow-on schedule check
[2021-08-08 11:56:55,788] {local_task_job.py:149} INFO - Task exited with return code 0
