[2021-08-08 08:42:14,373] {taskinstance.py:896} INFO - Dependencies all met for <TaskInstance: presentation_pipeline.presentation_fact_order_line_items 2021-08-08T08:42:03.713248+00:00 [queued]>
[2021-08-08 08:42:14,382] {taskinstance.py:896} INFO - Dependencies all met for <TaskInstance: presentation_pipeline.presentation_fact_order_line_items 2021-08-08T08:42:03.713248+00:00 [queued]>
[2021-08-08 08:42:14,382] {taskinstance.py:1087} INFO - 
--------------------------------------------------------------------------------
[2021-08-08 08:42:14,383] {taskinstance.py:1088} INFO - Starting attempt 1 of 1
[2021-08-08 08:42:14,383] {taskinstance.py:1089} INFO - 
--------------------------------------------------------------------------------
[2021-08-08 08:42:14,394] {taskinstance.py:1107} INFO - Executing <Task(MySqlOperator): presentation_fact_order_line_items> on 2021-08-08T08:42:03.713248+00:00
[2021-08-08 08:42:14,403] {standard_task_runner.py:76} INFO - Running: ['***', 'tasks', 'run', 'presentation_pipeline', 'presentation_fact_order_line_items', '2021-08-08T08:42:03.713248+00:00', '--job-id', '57', '--pool', 'default_pool', '--raw', '--subdir', 'DAGS_FOLDER/presentation_pipeline.py', '--cfg-path', '/tmp/tmpqrp_s1li', '--error-file', '/tmp/tmpt1msb8mt']
[2021-08-08 08:42:14,398] {standard_task_runner.py:52} INFO - Started process 1247 to run task
[2021-08-08 08:42:14,404] {standard_task_runner.py:77} INFO - Job 57: Subtask presentation_fact_order_line_items
[2021-08-08 08:42:14,445] {logging_mixin.py:104} INFO - Running <TaskInstance: presentation_pipeline.presentation_fact_order_line_items 2021-08-08T08:42:03.713248+00:00 [running]> on host 5e970160fe16
[2021-08-08 08:42:14,487] {taskinstance.py:1302} INFO - Exporting the following env vars:
AIRFLOW_CTX_DAG_OWNER=***
AIRFLOW_CTX_DAG_ID=presentation_pipeline
AIRFLOW_CTX_TASK_ID=presentation_fact_order_line_items
AIRFLOW_CTX_EXECUTION_DATE=2021-08-08T08:42:03.713248+00:00
AIRFLOW_CTX_DAG_RUN_ID=manual__2021-08-08T08:42:03.713248+00:00
[2021-08-08 08:42:14,488] {mysql.py:70} INFO - Executing: INSERT IGNORE INTO presentation.order_line_items
SELECT 
	li.PART_KEY,
	li.SUPPLIER_KEY,
	o.CUSTOMER_KEY,
	c.NATION_KEY AS CUSTOMER_NATION_KEY,
	s.NATION_KEY AS SUPPLIER_NATION_KEY,
	od.DATE_KEY AS ORDER_DATE_KEY,
	sd.DATE_KEY AS LINE_ITEM_SHIP_DATE_KEY,
	cd.DATE_KEY AS LINE_ITEM_COMMIT_DATE_KEY,
	rd.DATE_KEY as LINE_ITEM_RECEIPT_DATE_KEY,
	li.ORDER_KEY,
	o.ORDER_STATUS_TYPE,
	o.ORDER_TOTAL_PRICE,
	o.ORDER_PRIORITY_TYPE,
	o.ORDER_CLERK,
	o.ORDER_SHIPPRIORITY,
	ps.PART_AVAILABILITY_QUANTITY,
	ps.PART_SUPPLY_COST,
	li.LINE_TIME_NUMBER,
	li.LINE_ITEM_QUANTITY,
	li.LINE_ITEM_EXTENDED_PRICE,
	li.LINE_ITEM_DISCOUNT,
	li.LINE_ITEM_TAX,
	li.LINE_ITEM_RETURN_FLAG,
	li.LINE_ITEM_STATUS_TYPE,
	li.LINE_ITEM_SHIP_INSTRUCTION_TYPE,
	li.LINE_ITEM_SHIP_MODE_TYPE
FROM 
	standardized.line_items li 
LEFT JOIN
	standardized.part_suppliers ps 
	ON li.PART_KEY = ps.PART_KEY 
	AND li.SUPPLIER_KEY = ps.SUPPLIER_KEY 
LEFT JOIN 
	standardized.orders o 
	ON o.ORDER_KEY = li.ORDER_KEY 
LEFT JOIN 
	standardized.customers c 
	ON o.CUSTOMER_KEY = c.CUSTOMER_KEY 
LEFT JOIN 
	standardized.suppliers s 
	ON li.SUPPLIER_KEY = s.SUPPLIER_KEY
LEFT JOIN 
	presentation.dates od 
	ON od.`DAY` = EXTRACT(DAY FROM o.ORDER_DATE)
	AND od.`MONTH` = EXTRACT(MONTH FROM o.ORDER_DATE)
	AND od.`YEAR` = EXTRACT(YEAR FROM o.ORDER_DATE)
LEFT JOIN 
	presentation.dates sd 
	ON sd.`DAY` = EXTRACT(DAY FROM li.LINE_ITEM_SHIP_DATE)
	AND sd.`MONTH` = EXTRACT(MONTH FROM li.LINE_ITEM_SHIP_DATE)
	AND sd.`YEAR` = EXTRACT(YEAR FROM li.LINE_ITEM_SHIP_DATE)
LEFT JOIN 
	presentation.dates cd 
	ON cd.`DAY` = EXTRACT(DAY FROM li.LINE_ITEM_COMMIT_DATE)
	AND cd.`MONTH` = EXTRACT(MONTH FROM li.LINE_ITEM_COMMIT_DATE)
	AND cd.`YEAR` = EXTRACT(YEAR FROM li.LINE_ITEM_COMMIT_DATE)
LEFT JOIN 
	presentation.dates rd 
	ON rd.`DAY` = EXTRACT(DAY FROM li.LINE_ITEM_RECEIPT_DATE)
	AND rd.`MONTH` = EXTRACT(MONTH FROM li.LINE_ITEM_RECEIPT_DATE)
	AND rd.`YEAR` = EXTRACT(YEAR FROM li.LINE_ITEM_RECEIPT_DATE)
WHERE 
	li.INGESTION_TIMESTAMP >= DATE_SUB(NOW(), INTERVAL 1 HOUR)
[2021-08-08 08:42:14,495] {base.py:78} INFO - Using connection to: id: dwh_id. Host: dwh, Port: 3306, Schema: , Login: root, Password: ***, extra: {}
[2021-08-08 08:42:14,504] {dbapi.py:204} INFO - Running statement: INSERT IGNORE INTO presentation.order_line_items
SELECT 
	li.PART_KEY,
	li.SUPPLIER_KEY,
	o.CUSTOMER_KEY,
	c.NATION_KEY AS CUSTOMER_NATION_KEY,
	s.NATION_KEY AS SUPPLIER_NATION_KEY,
	od.DATE_KEY AS ORDER_DATE_KEY,
	sd.DATE_KEY AS LINE_ITEM_SHIP_DATE_KEY,
	cd.DATE_KEY AS LINE_ITEM_COMMIT_DATE_KEY,
	rd.DATE_KEY as LINE_ITEM_RECEIPT_DATE_KEY,
	li.ORDER_KEY,
	o.ORDER_STATUS_TYPE,
	o.ORDER_TOTAL_PRICE,
	o.ORDER_PRIORITY_TYPE,
	o.ORDER_CLERK,
	o.ORDER_SHIPPRIORITY,
	ps.PART_AVAILABILITY_QUANTITY,
	ps.PART_SUPPLY_COST,
	li.LINE_TIME_NUMBER,
	li.LINE_ITEM_QUANTITY,
	li.LINE_ITEM_EXTENDED_PRICE,
	li.LINE_ITEM_DISCOUNT,
	li.LINE_ITEM_TAX,
	li.LINE_ITEM_RETURN_FLAG,
	li.LINE_ITEM_STATUS_TYPE,
	li.LINE_ITEM_SHIP_INSTRUCTION_TYPE,
	li.LINE_ITEM_SHIP_MODE_TYPE
FROM 
	standardized.line_items li 
LEFT JOIN
	standardized.part_suppliers ps 
	ON li.PART_KEY = ps.PART_KEY 
	AND li.SUPPLIER_KEY = ps.SUPPLIER_KEY 
LEFT JOIN 
	standardized.orders o 
	ON o.ORDER_KEY = li.ORDER_KEY 
LEFT JOIN 
	standardized.customers c 
	ON o.CUSTOMER_KEY = c.CUSTOMER_KEY 
LEFT JOIN 
	standardized.suppliers s 
	ON li.SUPPLIER_KEY = s.SUPPLIER_KEY
LEFT JOIN 
	presentation.dates od 
	ON od.`DAY` = EXTRACT(DAY FROM o.ORDER_DATE)
	AND od.`MONTH` = EXTRACT(MONTH FROM o.ORDER_DATE)
	AND od.`YEAR` = EXTRACT(YEAR FROM o.ORDER_DATE)
LEFT JOIN 
	presentation.dates sd 
	ON sd.`DAY` = EXTRACT(DAY FROM li.LINE_ITEM_SHIP_DATE)
	AND sd.`MONTH` = EXTRACT(MONTH FROM li.LINE_ITEM_SHIP_DATE)
	AND sd.`YEAR` = EXTRACT(YEAR FROM li.LINE_ITEM_SHIP_DATE)
LEFT JOIN 
	presentation.dates cd 
	ON cd.`DAY` = EXTRACT(DAY FROM li.LINE_ITEM_COMMIT_DATE)
	AND cd.`MONTH` = EXTRACT(MONTH FROM li.LINE_ITEM_COMMIT_DATE)
	AND cd.`YEAR` = EXTRACT(YEAR FROM li.LINE_ITEM_COMMIT_DATE)
LEFT JOIN 
	presentation.dates rd 
	ON rd.`DAY` = EXTRACT(DAY FROM li.LINE_ITEM_RECEIPT_DATE)
	AND rd.`MONTH` = EXTRACT(MONTH FROM li.LINE_ITEM_RECEIPT_DATE)
	AND rd.`YEAR` = EXTRACT(YEAR FROM li.LINE_ITEM_RECEIPT_DATE)
WHERE 
	li.INGESTION_TIMESTAMP >= DATE_SUB(NOW(), INTERVAL 1 HOUR), parameters: None
[2021-08-08 08:42:14,507] {taskinstance.py:1501} ERROR - Task failed with exception
Traceback (most recent call last):
  File "/home/airflow/.local/lib/python3.6/site-packages/airflow/models/taskinstance.py", line 1157, in _run_raw_task
    self._prepare_and_execute_task_with_callbacks(context, task)
  File "/home/airflow/.local/lib/python3.6/site-packages/airflow/models/taskinstance.py", line 1331, in _prepare_and_execute_task_with_callbacks
    result = self._execute_task(context, task_copy)
  File "/home/airflow/.local/lib/python3.6/site-packages/airflow/models/taskinstance.py", line 1361, in _execute_task
    result = task_copy.execute(context=context)
  File "/home/airflow/.local/lib/python3.6/site-packages/airflow/providers/mysql/operators/mysql.py", line 72, in execute
    hook.run(self.sql, autocommit=self.autocommit, parameters=self.parameters)
  File "/home/airflow/.local/lib/python3.6/site-packages/airflow/hooks/dbapi.py", line 184, in run
    self._run_command(cur, sql_statement, parameters)
  File "/home/airflow/.local/lib/python3.6/site-packages/airflow/hooks/dbapi.py", line 208, in _run_command
    cur.execute(sql_statement)
  File "/home/airflow/.local/lib/python3.6/site-packages/MySQLdb/cursors.py", line 206, in execute
    res = self._query(query)
  File "/home/airflow/.local/lib/python3.6/site-packages/MySQLdb/cursors.py", line 319, in _query
    db.query(q)
  File "/home/airflow/.local/lib/python3.6/site-packages/MySQLdb/connections.py", line 259, in query
    _mysql.connection.query(self, query)
MySQLdb._exceptions.OperationalError: (1136, "Column count doesn't match value count at row 1")
[2021-08-08 08:42:14,510] {taskinstance.py:1551} INFO - Marking task as FAILED. dag_id=presentation_pipeline, task_id=presentation_fact_order_line_items, execution_date=20210808T084203, start_date=20210808T084214, end_date=20210808T084214
[2021-08-08 08:42:14,539] {local_task_job.py:149} INFO - Task exited with return code 1
