[2021-08-08 01:32:27,876] {taskinstance.py:896} INFO - Dependencies all met for <TaskInstance: to_datalake_pipeline.extract_from_git 2021-08-08T01:32:26.662521+00:00 [queued]>
[2021-08-08 01:32:27,910] {taskinstance.py:896} INFO - Dependencies all met for <TaskInstance: to_datalake_pipeline.extract_from_git 2021-08-08T01:32:26.662521+00:00 [queued]>
[2021-08-08 01:32:27,911] {taskinstance.py:1087} INFO - 
--------------------------------------------------------------------------------
[2021-08-08 01:32:27,912] {taskinstance.py:1088} INFO - Starting attempt 1 of 1
[2021-08-08 01:32:27,914] {taskinstance.py:1089} INFO - 
--------------------------------------------------------------------------------
[2021-08-08 01:32:27,926] {taskinstance.py:1107} INFO - Executing <Task(PythonOperator): extract_from_git> on 2021-08-08T01:32:26.662521+00:00
[2021-08-08 01:32:27,933] {standard_task_runner.py:52} INFO - Started process 965 to run task
[2021-08-08 01:32:27,939] {standard_task_runner.py:76} INFO - Running: ['***', 'tasks', 'run', 'to_datalake_pipeline', 'extract_from_git', '2021-08-08T01:32:26.662521+00:00', '--job-id', '6', '--pool', 'default_pool', '--raw', '--subdir', 'DAGS_FOLDER/to_datalake_pipeline.py', '--cfg-path', '/tmp/tmpf78zcqqm', '--error-file', '/tmp/tmp54ncdc8e']
[2021-08-08 01:32:27,941] {standard_task_runner.py:77} INFO - Job 6: Subtask extract_from_git
[2021-08-08 01:32:28,013] {logging_mixin.py:104} INFO - Running <TaskInstance: to_datalake_pipeline.extract_from_git 2021-08-08T01:32:26.662521+00:00 [running]> on host 02070657999c
[2021-08-08 01:32:28,090] {taskinstance.py:1302} INFO - Exporting the following env vars:
AIRFLOW_CTX_DAG_OWNER=***
AIRFLOW_CTX_DAG_ID=to_datalake_pipeline
AIRFLOW_CTX_TASK_ID=extract_from_git
AIRFLOW_CTX_EXECUTION_DATE=2021-08-08T01:32:26.662521+00:00
AIRFLOW_CTX_DAG_RUN_ID=manual__2021-08-08T01:32:26.662521+00:00
[2021-08-08 01:32:28,092] {logging_mixin.py:104} INFO - Downloading data from -> https://raw.githubusercontent.com/rezaprimasatya/DTO-DE-JUN-MID/main/data.zip
[2021-08-08 01:32:29,119] {logging_mixin.py:104} INFO - Unzipping Data
[2021-08-08 01:32:29,227] {logging_mixin.py:104} INFO - Transform Data to Pandas Dataframe
[2021-08-08 01:32:29,531] {logging_mixin.py:104} INFO - Load data to datalake
[2021-08-08 01:32:29,628] {logging_mixin.py:104} INFO - Load table : REGION
[2021-08-08 01:32:29,703] {logging_mixin.py:104} INFO - Load table : NATION
[2021-08-08 01:32:29,730] {logging_mixin.py:104} INFO - Load table : PART
[2021-08-08 01:32:29,918] {logging_mixin.py:104} INFO - Load table : SUPPLIER
[2021-08-08 01:32:29,952] {logging_mixin.py:104} INFO - Load table : PARTSUPP
[2021-08-08 01:32:30,564] {logging_mixin.py:104} INFO - Load table : CUSTOMER
[2021-08-08 01:32:30,741] {logging_mixin.py:104} INFO - Load table : ORDERS
[2021-08-08 01:32:31,778] {logging_mixin.py:104} INFO - Load table : LINEITEM
[2021-08-08 01:32:37,856] {python.py:151} INFO - Done. Returned value was: None
[2021-08-08 01:32:37,870] {taskinstance.py:1211} INFO - Marking task as SUCCESS. dag_id=to_datalake_pipeline, task_id=extract_from_git, execution_date=20210808T013226, start_date=20210808T013227, end_date=20210808T013237
[2021-08-08 01:32:37,903] {taskinstance.py:1265} INFO - 0 downstream tasks scheduled from follow-on schedule check
[2021-08-08 01:32:37,955] {local_task_job.py:149} INFO - Task exited with return code 0
