[2021-08-08 05:40:01,166] {taskinstance.py:896} INFO - Dependencies all met for <TaskInstance: to_datalake_pipeline.extract_from_git 2021-08-08T05:35:00+00:00 [queued]>
[2021-08-08 05:40:01,184] {taskinstance.py:896} INFO - Dependencies all met for <TaskInstance: to_datalake_pipeline.extract_from_git 2021-08-08T05:35:00+00:00 [queued]>
[2021-08-08 05:40:01,184] {taskinstance.py:1087} INFO - 
--------------------------------------------------------------------------------
[2021-08-08 05:40:01,185] {taskinstance.py:1088} INFO - Starting attempt 1 of 11
[2021-08-08 05:40:01,185] {taskinstance.py:1089} INFO - 
--------------------------------------------------------------------------------
[2021-08-08 05:40:01,192] {taskinstance.py:1107} INFO - Executing <Task(PythonOperator): extract_from_git> on 2021-08-08T05:35:00+00:00
[2021-08-08 05:40:01,196] {standard_task_runner.py:52} INFO - Started process 1705 to run task
[2021-08-08 05:40:01,200] {standard_task_runner.py:76} INFO - Running: ['***', 'tasks', 'run', 'to_datalake_pipeline', 'extract_from_git', '2021-08-08T05:35:00+00:00', '--job-id', '120', '--pool', 'default_pool', '--raw', '--subdir', 'DAGS_FOLDER/to_datalake_pipeline.py', '--cfg-path', '/tmp/tmpj6klhn2f', '--error-file', '/tmp/tmptt36zlhf']
[2021-08-08 05:40:01,201] {standard_task_runner.py:77} INFO - Job 120: Subtask extract_from_git
[2021-08-08 05:40:01,240] {logging_mixin.py:104} INFO - Running <TaskInstance: to_datalake_pipeline.extract_from_git 2021-08-08T05:35:00+00:00 [running]> on host b48e43d568d5
[2021-08-08 05:40:01,280] {taskinstance.py:1302} INFO - Exporting the following env vars:
AIRFLOW_CTX_DAG_EMAIL=wildangbudhi@gmail.com
AIRFLOW_CTX_DAG_OWNER=***
AIRFLOW_CTX_DAG_ID=to_datalake_pipeline
AIRFLOW_CTX_TASK_ID=extract_from_git
AIRFLOW_CTX_EXECUTION_DATE=2021-08-08T05:35:00+00:00
AIRFLOW_CTX_DAG_RUN_ID=scheduled__2021-08-08T05:35:00+00:00
[2021-08-08 05:40:01,281] {logging_mixin.py:104} INFO - Downloading data from -> https://raw.githubusercontent.com/rezaprimasatya/DTO-DE-JUN-MID/main/data.zip
[2021-08-08 05:40:01,954] {logging_mixin.py:104} INFO - Unzipping Data
[2021-08-08 05:40:02,020] {logging_mixin.py:104} INFO - Transform Data to Pandas Dataframe
[2021-08-08 05:40:02,198] {logging_mixin.py:104} INFO - Load data to datalake
[2021-08-08 05:40:02,232] {logging_mixin.py:104} INFO - Load table : REGION
[2021-08-08 05:40:02,260] {logging_mixin.py:104} INFO - Load table : NATION
[2021-08-08 05:40:02,271] {logging_mixin.py:104} INFO - Load table : PART
[2021-08-08 05:40:02,346] {logging_mixin.py:104} INFO - Load table : SUPPLIER
[2021-08-08 05:40:02,360] {logging_mixin.py:104} INFO - Load table : PARTSUPP
[2021-08-08 05:40:02,675] {logging_mixin.py:104} INFO - Load table : CUSTOMER
[2021-08-08 05:40:02,731] {logging_mixin.py:104} INFO - Load table : ORDERS
[2021-08-08 05:40:03,234] {logging_mixin.py:104} INFO - Load table : LINEITEM
[2021-08-08 05:40:06,523] {python.py:151} INFO - Done. Returned value was: None
[2021-08-08 05:40:06,533] {taskinstance.py:1211} INFO - Marking task as SUCCESS. dag_id=to_datalake_pipeline, task_id=extract_from_git, execution_date=20210808T053500, start_date=20210808T054001, end_date=20210808T054006
[2021-08-08 05:40:06,557] {taskinstance.py:1265} INFO - 1 downstream tasks scheduled from follow-on schedule check
[2021-08-08 05:40:06,623] {local_task_job.py:149} INFO - Task exited with return code 0
