[2021-08-07 10:35:01,217] {taskinstance.py:896} INFO - Dependencies all met for <TaskInstance: to_datalake_pipeline.extract_from_git 2021-08-07T10:30:00+00:00 [queued]>
[2021-08-07 10:35:01,226] {taskinstance.py:896} INFO - Dependencies all met for <TaskInstance: to_datalake_pipeline.extract_from_git 2021-08-07T10:30:00+00:00 [queued]>
[2021-08-07 10:35:01,227] {taskinstance.py:1087} INFO - 
--------------------------------------------------------------------------------
[2021-08-07 10:35:01,228] {taskinstance.py:1088} INFO - Starting attempt 1 of 1
[2021-08-07 10:35:01,229] {taskinstance.py:1089} INFO - 
--------------------------------------------------------------------------------
[2021-08-07 10:35:01,239] {taskinstance.py:1107} INFO - Executing <Task(PythonOperator): extract_from_git> on 2021-08-07T10:30:00+00:00
[2021-08-07 10:35:01,244] {standard_task_runner.py:52} INFO - Started process 6223 to run task
[2021-08-07 10:35:01,248] {standard_task_runner.py:76} INFO - Running: ['***', 'tasks', 'run', 'to_datalake_pipeline', 'extract_from_git', '2021-08-07T10:30:00+00:00', '--job-id', '13', '--pool', 'default_pool', '--raw', '--subdir', 'DAGS_FOLDER/to_datalake_pipeline.py', '--cfg-path', '/tmp/tmpmziqys1p', '--error-file', '/tmp/tmp1tuttwed']
[2021-08-07 10:35:01,249] {standard_task_runner.py:77} INFO - Job 13: Subtask extract_from_git
[2021-08-07 10:35:01,292] {logging_mixin.py:104} INFO - Running <TaskInstance: to_datalake_pipeline.extract_from_git 2021-08-07T10:30:00+00:00 [running]> on host 4446dd23665f
[2021-08-07 10:35:01,335] {taskinstance.py:1302} INFO - Exporting the following env vars:
AIRFLOW_CTX_DAG_OWNER=***
AIRFLOW_CTX_DAG_ID=to_datalake_pipeline
AIRFLOW_CTX_TASK_ID=extract_from_git
AIRFLOW_CTX_EXECUTION_DATE=2021-08-07T10:30:00+00:00
AIRFLOW_CTX_DAG_RUN_ID=scheduled__2021-08-07T10:30:00+00:00
[2021-08-07 10:35:01,337] {logging_mixin.py:104} INFO - Downloading data from -> https://raw.githubusercontent.com/rezaprimasatya/DTO-DE-JUN-MID/main/data.zip
[2021-08-07 10:35:02,299] {logging_mixin.py:104} INFO - Unzipping Data
[2021-08-07 10:35:02,359] {logging_mixin.py:104} INFO - Transform Data to Pandas Dataframe
[2021-08-07 10:35:02,537] {logging_mixin.py:104} INFO - Load data to datalake
[2021-08-07 10:35:02,579] {logging_mixin.py:104} INFO - Load table : REGION
[2021-08-07 10:35:02,614] {logging_mixin.py:104} INFO - Load table : NATION
[2021-08-07 10:35:02,629] {logging_mixin.py:104} INFO - Load table : PART
[2021-08-07 10:35:02,742] {logging_mixin.py:104} INFO - Load table : SUPPLIER
[2021-08-07 10:35:02,777] {logging_mixin.py:104} INFO - Load table : PARTSUPP
[2021-08-07 10:35:03,121] {logging_mixin.py:104} INFO - Load table : CUSTOMER
[2021-08-07 10:35:03,184] {logging_mixin.py:104} INFO - Load table : ORDERS
[2021-08-07 10:35:03,745] {logging_mixin.py:104} INFO - Load table : LINEITEM
[2021-08-07 10:35:06,994] {python.py:151} INFO - Done. Returned value was: None
[2021-08-07 10:35:07,005] {taskinstance.py:1211} INFO - Marking task as SUCCESS. dag_id=to_datalake_pipeline, task_id=extract_from_git, execution_date=20210807T103000, start_date=20210807T103501, end_date=20210807T103507
[2021-08-07 10:35:07,027] {taskinstance.py:1265} INFO - 0 downstream tasks scheduled from follow-on schedule check
[2021-08-07 10:35:07,060] {local_task_job.py:149} INFO - Task exited with return code 0
