[2021-08-07 03:28:40,435] {scheduler_job.py:181} INFO - Started process (PID=288) to work on /home/airflow/.local/lib/python3.6/site-packages/airflow/example_dags/example_skip_dag.py
[2021-08-07 03:28:40,437] {scheduler_job.py:632} INFO - Processing file /home/airflow/.local/lib/python3.6/site-packages/airflow/example_dags/example_skip_dag.py for tasks to queue
[2021-08-07 03:28:40,438] {logging_mixin.py:104} INFO - [2021-08-07 03:28:40,438] {dagbag.py:496} INFO - Filling up the DagBag from /home/airflow/.local/lib/python3.6/site-packages/airflow/example_dags/example_skip_dag.py
[2021-08-07 03:28:40,450] {scheduler_job.py:642} INFO - DAG(s) dict_keys(['example_skip_dag']) retrieved from /home/airflow/.local/lib/python3.6/site-packages/airflow/example_dags/example_skip_dag.py
[2021-08-07 03:28:42,323] {logging_mixin.py:104} INFO - [2021-08-07 03:28:42,322] {dag.py:1833} INFO - Sync 1 DAGs
[2021-08-07 03:28:42,332] {logging_mixin.py:104} INFO - [2021-08-07 03:28:42,332] {dag.py:1852} INFO - Creating ORM DAG for example_skip_dag
[2021-08-07 03:28:42,338] {logging_mixin.py:104} INFO - [2021-08-07 03:28:42,338] {dag.py:2306} INFO - Setting next_dagrun for example_skip_dag to 2021-08-05 00:00:00+00:00
[2021-08-07 03:28:42,349] {scheduler_job.py:189} INFO - Processing /home/airflow/.local/lib/python3.6/site-packages/airflow/example_dags/example_skip_dag.py took 1.917 seconds
[2021-08-07 03:29:12,783] {scheduler_job.py:181} INFO - Started process (PID=384) to work on /home/airflow/.local/lib/python3.6/site-packages/airflow/example_dags/example_skip_dag.py
[2021-08-07 03:29:12,784] {scheduler_job.py:632} INFO - Processing file /home/airflow/.local/lib/python3.6/site-packages/airflow/example_dags/example_skip_dag.py for tasks to queue
[2021-08-07 03:29:12,786] {logging_mixin.py:104} INFO - [2021-08-07 03:29:12,785] {dagbag.py:496} INFO - Filling up the DagBag from /home/airflow/.local/lib/python3.6/site-packages/airflow/example_dags/example_skip_dag.py
[2021-08-07 03:29:12,798] {scheduler_job.py:642} INFO - DAG(s) dict_keys(['example_skip_dag']) retrieved from /home/airflow/.local/lib/python3.6/site-packages/airflow/example_dags/example_skip_dag.py
[2021-08-07 03:29:12,820] {logging_mixin.py:104} INFO - [2021-08-07 03:29:12,820] {dag.py:1833} INFO - Sync 1 DAGs
[2021-08-07 03:29:12,836] {logging_mixin.py:104} INFO - [2021-08-07 03:29:12,835] {dag.py:2306} INFO - Setting next_dagrun for example_skip_dag to 2021-08-05 00:00:00+00:00
[2021-08-07 03:29:12,845] {scheduler_job.py:189} INFO - Processing /home/airflow/.local/lib/python3.6/site-packages/airflow/example_dags/example_skip_dag.py took 0.066 seconds
[2021-08-07 03:29:43,246] {scheduler_job.py:181} INFO - Started process (PID=438) to work on /home/airflow/.local/lib/python3.6/site-packages/airflow/example_dags/example_skip_dag.py
[2021-08-07 03:29:43,248] {scheduler_job.py:632} INFO - Processing file /home/airflow/.local/lib/python3.6/site-packages/airflow/example_dags/example_skip_dag.py for tasks to queue
[2021-08-07 03:29:43,249] {logging_mixin.py:104} INFO - [2021-08-07 03:29:43,249] {dagbag.py:496} INFO - Filling up the DagBag from /home/airflow/.local/lib/python3.6/site-packages/airflow/example_dags/example_skip_dag.py
[2021-08-07 03:29:43,262] {scheduler_job.py:642} INFO - DAG(s) dict_keys(['example_skip_dag']) retrieved from /home/airflow/.local/lib/python3.6/site-packages/airflow/example_dags/example_skip_dag.py
[2021-08-07 03:29:43,283] {logging_mixin.py:104} INFO - [2021-08-07 03:29:43,283] {dag.py:1833} INFO - Sync 1 DAGs
[2021-08-07 03:29:43,299] {logging_mixin.py:104} INFO - [2021-08-07 03:29:43,299] {dag.py:2306} INFO - Setting next_dagrun for example_skip_dag to 2021-08-05 00:00:00+00:00
[2021-08-07 03:29:43,308] {scheduler_job.py:189} INFO - Processing /home/airflow/.local/lib/python3.6/site-packages/airflow/example_dags/example_skip_dag.py took 0.065 seconds
[2021-08-07 03:30:13,555] {scheduler_job.py:181} INFO - Started process (PID=502) to work on /home/airflow/.local/lib/python3.6/site-packages/airflow/example_dags/example_skip_dag.py
[2021-08-07 03:30:13,557] {scheduler_job.py:632} INFO - Processing file /home/airflow/.local/lib/python3.6/site-packages/airflow/example_dags/example_skip_dag.py for tasks to queue
[2021-08-07 03:30:13,559] {logging_mixin.py:104} INFO - [2021-08-07 03:30:13,558] {dagbag.py:496} INFO - Filling up the DagBag from /home/airflow/.local/lib/python3.6/site-packages/airflow/example_dags/example_skip_dag.py
[2021-08-07 03:30:13,574] {scheduler_job.py:642} INFO - DAG(s) dict_keys(['example_skip_dag']) retrieved from /home/airflow/.local/lib/python3.6/site-packages/airflow/example_dags/example_skip_dag.py
[2021-08-07 03:30:13,598] {logging_mixin.py:104} INFO - [2021-08-07 03:30:13,598] {dag.py:1833} INFO - Sync 1 DAGs
[2021-08-07 03:30:13,621] {logging_mixin.py:104} INFO - [2021-08-07 03:30:13,621] {dag.py:2306} INFO - Setting next_dagrun for example_skip_dag to 2021-08-05 00:00:00+00:00
[2021-08-07 03:30:13,631] {scheduler_job.py:189} INFO - Processing /home/airflow/.local/lib/python3.6/site-packages/airflow/example_dags/example_skip_dag.py took 0.080 seconds
[2021-08-07 03:30:43,914] {scheduler_job.py:181} INFO - Started process (PID=563) to work on /home/airflow/.local/lib/python3.6/site-packages/airflow/example_dags/example_skip_dag.py
[2021-08-07 03:30:43,916] {scheduler_job.py:632} INFO - Processing file /home/airflow/.local/lib/python3.6/site-packages/airflow/example_dags/example_skip_dag.py for tasks to queue
[2021-08-07 03:30:43,918] {logging_mixin.py:104} INFO - [2021-08-07 03:30:43,917] {dagbag.py:496} INFO - Filling up the DagBag from /home/airflow/.local/lib/python3.6/site-packages/airflow/example_dags/example_skip_dag.py
[2021-08-07 03:30:43,932] {scheduler_job.py:642} INFO - DAG(s) dict_keys(['example_skip_dag']) retrieved from /home/airflow/.local/lib/python3.6/site-packages/airflow/example_dags/example_skip_dag.py
[2021-08-07 03:30:43,956] {logging_mixin.py:104} INFO - [2021-08-07 03:30:43,956] {dag.py:1833} INFO - Sync 1 DAGs
[2021-08-07 03:30:43,972] {logging_mixin.py:104} INFO - [2021-08-07 03:30:43,971] {dag.py:2306} INFO - Setting next_dagrun for example_skip_dag to 2021-08-05 00:00:00+00:00
[2021-08-07 03:30:43,982] {scheduler_job.py:189} INFO - Processing /home/airflow/.local/lib/python3.6/site-packages/airflow/example_dags/example_skip_dag.py took 0.072 seconds
[2021-08-07 03:31:14,280] {scheduler_job.py:181} INFO - Started process (PID=615) to work on /home/airflow/.local/lib/python3.6/site-packages/airflow/example_dags/example_skip_dag.py
[2021-08-07 03:31:14,282] {scheduler_job.py:632} INFO - Processing file /home/airflow/.local/lib/python3.6/site-packages/airflow/example_dags/example_skip_dag.py for tasks to queue
[2021-08-07 03:31:14,284] {logging_mixin.py:104} INFO - [2021-08-07 03:31:14,284] {dagbag.py:496} INFO - Filling up the DagBag from /home/airflow/.local/lib/python3.6/site-packages/airflow/example_dags/example_skip_dag.py
[2021-08-07 03:31:14,299] {scheduler_job.py:642} INFO - DAG(s) dict_keys(['example_skip_dag']) retrieved from /home/airflow/.local/lib/python3.6/site-packages/airflow/example_dags/example_skip_dag.py
[2021-08-07 03:31:14,326] {logging_mixin.py:104} INFO - [2021-08-07 03:31:14,326] {dag.py:1833} INFO - Sync 1 DAGs
[2021-08-07 03:31:14,346] {logging_mixin.py:104} INFO - [2021-08-07 03:31:14,346] {dag.py:2306} INFO - Setting next_dagrun for example_skip_dag to 2021-08-05 00:00:00+00:00
[2021-08-07 03:31:14,358] {scheduler_job.py:189} INFO - Processing /home/airflow/.local/lib/python3.6/site-packages/airflow/example_dags/example_skip_dag.py took 0.082 seconds
[2021-08-07 03:31:44,777] {scheduler_job.py:181} INFO - Started process (PID=679) to work on /home/airflow/.local/lib/python3.6/site-packages/airflow/example_dags/example_skip_dag.py
[2021-08-07 03:31:44,779] {scheduler_job.py:632} INFO - Processing file /home/airflow/.local/lib/python3.6/site-packages/airflow/example_dags/example_skip_dag.py for tasks to queue
[2021-08-07 03:31:44,780] {logging_mixin.py:104} INFO - [2021-08-07 03:31:44,780] {dagbag.py:496} INFO - Filling up the DagBag from /home/airflow/.local/lib/python3.6/site-packages/airflow/example_dags/example_skip_dag.py
[2021-08-07 03:31:44,793] {scheduler_job.py:642} INFO - DAG(s) dict_keys(['example_skip_dag']) retrieved from /home/airflow/.local/lib/python3.6/site-packages/airflow/example_dags/example_skip_dag.py
[2021-08-07 03:31:44,825] {logging_mixin.py:104} INFO - [2021-08-07 03:31:44,825] {dag.py:1833} INFO - Sync 1 DAGs
[2021-08-07 03:31:44,843] {logging_mixin.py:104} INFO - [2021-08-07 03:31:44,843] {dag.py:2306} INFO - Setting next_dagrun for example_skip_dag to 2021-08-05 00:00:00+00:00
[2021-08-07 03:31:44,852] {scheduler_job.py:189} INFO - Processing /home/airflow/.local/lib/python3.6/site-packages/airflow/example_dags/example_skip_dag.py took 0.079 seconds
[2021-08-07 03:32:20,925] {scheduler_job.py:181} INFO - Started process (PID=50) to work on /home/airflow/.local/lib/python3.6/site-packages/airflow/example_dags/example_skip_dag.py
[2021-08-07 03:32:20,928] {scheduler_job.py:632} INFO - Processing file /home/airflow/.local/lib/python3.6/site-packages/airflow/example_dags/example_skip_dag.py for tasks to queue
[2021-08-07 03:32:20,930] {logging_mixin.py:104} INFO - [2021-08-07 03:32:20,929] {dagbag.py:496} INFO - Filling up the DagBag from /home/airflow/.local/lib/python3.6/site-packages/airflow/example_dags/example_skip_dag.py
[2021-08-07 03:32:20,949] {scheduler_job.py:642} INFO - DAG(s) dict_keys(['example_skip_dag']) retrieved from /home/airflow/.local/lib/python3.6/site-packages/airflow/example_dags/example_skip_dag.py
[2021-08-07 03:32:20,980] {logging_mixin.py:104} INFO - [2021-08-07 03:32:20,980] {dag.py:1833} INFO - Sync 1 DAGs
[2021-08-07 03:32:20,999] {logging_mixin.py:104} INFO - [2021-08-07 03:32:20,999] {dag.py:2306} INFO - Setting next_dagrun for example_skip_dag to 2021-08-05 00:00:00+00:00
[2021-08-07 03:32:21,013] {scheduler_job.py:189} INFO - Processing /home/airflow/.local/lib/python3.6/site-packages/airflow/example_dags/example_skip_dag.py took 0.092 seconds
[2021-08-07 03:32:51,458] {scheduler_job.py:181} INFO - Started process (PID=115) to work on /home/airflow/.local/lib/python3.6/site-packages/airflow/example_dags/example_skip_dag.py
[2021-08-07 03:32:51,460] {scheduler_job.py:632} INFO - Processing file /home/airflow/.local/lib/python3.6/site-packages/airflow/example_dags/example_skip_dag.py for tasks to queue
[2021-08-07 03:32:51,462] {logging_mixin.py:104} INFO - [2021-08-07 03:32:51,461] {dagbag.py:496} INFO - Filling up the DagBag from /home/airflow/.local/lib/python3.6/site-packages/airflow/example_dags/example_skip_dag.py
[2021-08-07 03:32:51,482] {scheduler_job.py:642} INFO - DAG(s) dict_keys(['example_skip_dag']) retrieved from /home/airflow/.local/lib/python3.6/site-packages/airflow/example_dags/example_skip_dag.py
[2021-08-07 03:32:51,513] {logging_mixin.py:104} INFO - [2021-08-07 03:32:51,513] {dag.py:1833} INFO - Sync 1 DAGs
[2021-08-07 03:32:51,532] {logging_mixin.py:104} INFO - [2021-08-07 03:32:51,532] {dag.py:2306} INFO - Setting next_dagrun for example_skip_dag to 2021-08-05 00:00:00+00:00
[2021-08-07 03:32:51,563] {scheduler_job.py:189} INFO - Processing /home/airflow/.local/lib/python3.6/site-packages/airflow/example_dags/example_skip_dag.py took 0.111 seconds
