[2021-08-07 03:28:22,820] {scheduler_job.py:181} INFO - Started process (PID=124) to work on /home/airflow/.local/lib/python3.6/site-packages/airflow/example_dags/example_external_task_marker_dag.py
[2021-08-07 03:28:22,822] {scheduler_job.py:632} INFO - Processing file /home/airflow/.local/lib/python3.6/site-packages/airflow/example_dags/example_external_task_marker_dag.py for tasks to queue
[2021-08-07 03:28:22,823] {logging_mixin.py:104} INFO - [2021-08-07 03:28:22,823] {dagbag.py:496} INFO - Filling up the DagBag from /home/airflow/.local/lib/python3.6/site-packages/airflow/example_dags/example_external_task_marker_dag.py
[2021-08-07 03:28:22,840] {scheduler_job.py:642} INFO - DAG(s) dict_keys(['example_external_task_marker_parent', 'example_external_task_marker_child']) retrieved from /home/airflow/.local/lib/python3.6/site-packages/airflow/example_dags/example_external_task_marker_dag.py
[2021-08-07 03:28:24,988] {logging_mixin.py:104} INFO - [2021-08-07 03:28:24,987] {dag.py:1833} INFO - Sync 2 DAGs
[2021-08-07 03:28:24,998] {logging_mixin.py:104} INFO - [2021-08-07 03:28:24,997] {dag.py:1852} INFO - Creating ORM DAG for example_external_task_marker_parent
[2021-08-07 03:28:24,999] {logging_mixin.py:104} INFO - [2021-08-07 03:28:24,999] {dag.py:1852} INFO - Creating ORM DAG for example_external_task_marker_child
[2021-08-07 03:28:25,005] {logging_mixin.py:104} INFO - [2021-08-07 03:28:25,004] {dag.py:2306} INFO - Setting next_dagrun for example_external_task_marker_child to None
[2021-08-07 03:28:25,006] {logging_mixin.py:104} INFO - [2021-08-07 03:28:25,006] {dag.py:2306} INFO - Setting next_dagrun for example_external_task_marker_parent to None
[2021-08-07 03:28:25,017] {scheduler_job.py:189} INFO - Processing /home/airflow/.local/lib/python3.6/site-packages/airflow/example_dags/example_external_task_marker_dag.py took 2.201 seconds
[2021-08-07 03:28:55,946] {scheduler_job.py:181} INFO - Started process (PID=347) to work on /home/airflow/.local/lib/python3.6/site-packages/airflow/example_dags/example_external_task_marker_dag.py
[2021-08-07 03:28:55,948] {scheduler_job.py:632} INFO - Processing file /home/airflow/.local/lib/python3.6/site-packages/airflow/example_dags/example_external_task_marker_dag.py for tasks to queue
[2021-08-07 03:28:55,949] {logging_mixin.py:104} INFO - [2021-08-07 03:28:55,949] {dagbag.py:496} INFO - Filling up the DagBag from /home/airflow/.local/lib/python3.6/site-packages/airflow/example_dags/example_external_task_marker_dag.py
[2021-08-07 03:28:55,964] {scheduler_job.py:642} INFO - DAG(s) dict_keys(['example_external_task_marker_parent', 'example_external_task_marker_child']) retrieved from /home/airflow/.local/lib/python3.6/site-packages/airflow/example_dags/example_external_task_marker_dag.py
[2021-08-07 03:28:56,161] {logging_mixin.py:104} INFO - [2021-08-07 03:28:56,161] {dag.py:1833} INFO - Sync 2 DAGs
[2021-08-07 03:28:56,173] {logging_mixin.py:104} INFO - [2021-08-07 03:28:56,173] {dag.py:2306} INFO - Setting next_dagrun for example_external_task_marker_child to None
[2021-08-07 03:28:56,175] {logging_mixin.py:104} INFO - [2021-08-07 03:28:56,175] {dag.py:2306} INFO - Setting next_dagrun for example_external_task_marker_parent to None
[2021-08-07 03:28:56,185] {scheduler_job.py:189} INFO - Processing /home/airflow/.local/lib/python3.6/site-packages/airflow/example_dags/example_external_task_marker_dag.py took 0.244 seconds
[2021-08-07 03:29:26,526] {scheduler_job.py:181} INFO - Started process (PID=410) to work on /home/airflow/.local/lib/python3.6/site-packages/airflow/example_dags/example_external_task_marker_dag.py
[2021-08-07 03:29:26,528] {scheduler_job.py:632} INFO - Processing file /home/airflow/.local/lib/python3.6/site-packages/airflow/example_dags/example_external_task_marker_dag.py for tasks to queue
[2021-08-07 03:29:26,529] {logging_mixin.py:104} INFO - [2021-08-07 03:29:26,529] {dagbag.py:496} INFO - Filling up the DagBag from /home/airflow/.local/lib/python3.6/site-packages/airflow/example_dags/example_external_task_marker_dag.py
[2021-08-07 03:29:26,543] {scheduler_job.py:642} INFO - DAG(s) dict_keys(['example_external_task_marker_parent', 'example_external_task_marker_child']) retrieved from /home/airflow/.local/lib/python3.6/site-packages/airflow/example_dags/example_external_task_marker_dag.py
[2021-08-07 03:29:26,569] {logging_mixin.py:104} INFO - [2021-08-07 03:29:26,569] {dag.py:1833} INFO - Sync 2 DAGs
[2021-08-07 03:29:26,585] {logging_mixin.py:104} INFO - [2021-08-07 03:29:26,585] {dag.py:2306} INFO - Setting next_dagrun for example_external_task_marker_child to None
[2021-08-07 03:29:26,587] {logging_mixin.py:104} INFO - [2021-08-07 03:29:26,586] {dag.py:2306} INFO - Setting next_dagrun for example_external_task_marker_parent to None
[2021-08-07 03:29:26,596] {scheduler_job.py:189} INFO - Processing /home/airflow/.local/lib/python3.6/site-packages/airflow/example_dags/example_external_task_marker_dag.py took 0.074 seconds
[2021-08-07 03:29:56,926] {scheduler_job.py:181} INFO - Started process (PID=474) to work on /home/airflow/.local/lib/python3.6/site-packages/airflow/example_dags/example_external_task_marker_dag.py
[2021-08-07 03:29:56,928] {scheduler_job.py:632} INFO - Processing file /home/airflow/.local/lib/python3.6/site-packages/airflow/example_dags/example_external_task_marker_dag.py for tasks to queue
[2021-08-07 03:29:56,929] {logging_mixin.py:104} INFO - [2021-08-07 03:29:56,929] {dagbag.py:496} INFO - Filling up the DagBag from /home/airflow/.local/lib/python3.6/site-packages/airflow/example_dags/example_external_task_marker_dag.py
[2021-08-07 03:29:56,944] {scheduler_job.py:642} INFO - DAG(s) dict_keys(['example_external_task_marker_parent', 'example_external_task_marker_child']) retrieved from /home/airflow/.local/lib/python3.6/site-packages/airflow/example_dags/example_external_task_marker_dag.py
[2021-08-07 03:29:56,973] {logging_mixin.py:104} INFO - [2021-08-07 03:29:56,973] {dag.py:1833} INFO - Sync 2 DAGs
[2021-08-07 03:29:56,990] {logging_mixin.py:104} INFO - [2021-08-07 03:29:56,990] {dag.py:2306} INFO - Setting next_dagrun for example_external_task_marker_child to None
[2021-08-07 03:29:56,992] {logging_mixin.py:104} INFO - [2021-08-07 03:29:56,992] {dag.py:2306} INFO - Setting next_dagrun for example_external_task_marker_parent to None
[2021-08-07 03:29:57,002] {scheduler_job.py:189} INFO - Processing /home/airflow/.local/lib/python3.6/site-packages/airflow/example_dags/example_external_task_marker_dag.py took 0.080 seconds
[2021-08-07 03:30:27,290] {scheduler_job.py:181} INFO - Started process (PID=527) to work on /home/airflow/.local/lib/python3.6/site-packages/airflow/example_dags/example_external_task_marker_dag.py
[2021-08-07 03:30:27,292] {scheduler_job.py:632} INFO - Processing file /home/airflow/.local/lib/python3.6/site-packages/airflow/example_dags/example_external_task_marker_dag.py for tasks to queue
[2021-08-07 03:30:27,294] {logging_mixin.py:104} INFO - [2021-08-07 03:30:27,293] {dagbag.py:496} INFO - Filling up the DagBag from /home/airflow/.local/lib/python3.6/site-packages/airflow/example_dags/example_external_task_marker_dag.py
[2021-08-07 03:30:27,307] {scheduler_job.py:642} INFO - DAG(s) dict_keys(['example_external_task_marker_parent', 'example_external_task_marker_child']) retrieved from /home/airflow/.local/lib/python3.6/site-packages/airflow/example_dags/example_external_task_marker_dag.py
[2021-08-07 03:30:27,333] {logging_mixin.py:104} INFO - [2021-08-07 03:30:27,333] {dag.py:1833} INFO - Sync 2 DAGs
[2021-08-07 03:30:27,349] {logging_mixin.py:104} INFO - [2021-08-07 03:30:27,349] {dag.py:2306} INFO - Setting next_dagrun for example_external_task_marker_child to None
[2021-08-07 03:30:27,350] {logging_mixin.py:104} INFO - [2021-08-07 03:30:27,350] {dag.py:2306} INFO - Setting next_dagrun for example_external_task_marker_parent to None
[2021-08-07 03:30:27,360] {scheduler_job.py:189} INFO - Processing /home/airflow/.local/lib/python3.6/site-packages/airflow/example_dags/example_external_task_marker_dag.py took 0.073 seconds
[2021-08-07 03:30:57,574] {scheduler_job.py:181} INFO - Started process (PID=588) to work on /home/airflow/.local/lib/python3.6/site-packages/airflow/example_dags/example_external_task_marker_dag.py
[2021-08-07 03:30:57,576] {scheduler_job.py:632} INFO - Processing file /home/airflow/.local/lib/python3.6/site-packages/airflow/example_dags/example_external_task_marker_dag.py for tasks to queue
[2021-08-07 03:30:57,577] {logging_mixin.py:104} INFO - [2021-08-07 03:30:57,577] {dagbag.py:496} INFO - Filling up the DagBag from /home/airflow/.local/lib/python3.6/site-packages/airflow/example_dags/example_external_task_marker_dag.py
[2021-08-07 03:30:57,592] {scheduler_job.py:642} INFO - DAG(s) dict_keys(['example_external_task_marker_parent', 'example_external_task_marker_child']) retrieved from /home/airflow/.local/lib/python3.6/site-packages/airflow/example_dags/example_external_task_marker_dag.py
[2021-08-07 03:30:57,620] {logging_mixin.py:104} INFO - [2021-08-07 03:30:57,619] {dag.py:1833} INFO - Sync 2 DAGs
[2021-08-07 03:30:57,637] {logging_mixin.py:104} INFO - [2021-08-07 03:30:57,637] {dag.py:2306} INFO - Setting next_dagrun for example_external_task_marker_child to None
[2021-08-07 03:30:57,638] {logging_mixin.py:104} INFO - [2021-08-07 03:30:57,638] {dag.py:2306} INFO - Setting next_dagrun for example_external_task_marker_parent to None
[2021-08-07 03:30:57,648] {scheduler_job.py:189} INFO - Processing /home/airflow/.local/lib/python3.6/site-packages/airflow/example_dags/example_external_task_marker_dag.py took 0.079 seconds
[2021-08-07 03:31:28,031] {scheduler_job.py:181} INFO - Started process (PID=652) to work on /home/airflow/.local/lib/python3.6/site-packages/airflow/example_dags/example_external_task_marker_dag.py
[2021-08-07 03:31:28,033] {scheduler_job.py:632} INFO - Processing file /home/airflow/.local/lib/python3.6/site-packages/airflow/example_dags/example_external_task_marker_dag.py for tasks to queue
[2021-08-07 03:31:28,035] {logging_mixin.py:104} INFO - [2021-08-07 03:31:28,035] {dagbag.py:496} INFO - Filling up the DagBag from /home/airflow/.local/lib/python3.6/site-packages/airflow/example_dags/example_external_task_marker_dag.py
[2021-08-07 03:31:28,048] {scheduler_job.py:642} INFO - DAG(s) dict_keys(['example_external_task_marker_parent', 'example_external_task_marker_child']) retrieved from /home/airflow/.local/lib/python3.6/site-packages/airflow/example_dags/example_external_task_marker_dag.py
[2021-08-07 03:31:28,243] {logging_mixin.py:104} INFO - [2021-08-07 03:31:28,243] {dag.py:1833} INFO - Sync 2 DAGs
[2021-08-07 03:31:28,254] {logging_mixin.py:104} INFO - [2021-08-07 03:31:28,254] {dag.py:2306} INFO - Setting next_dagrun for example_external_task_marker_child to None
[2021-08-07 03:31:28,256] {logging_mixin.py:104} INFO - [2021-08-07 03:31:28,256] {dag.py:2306} INFO - Setting next_dagrun for example_external_task_marker_parent to None
[2021-08-07 03:31:28,266] {scheduler_job.py:189} INFO - Processing /home/airflow/.local/lib/python3.6/site-packages/airflow/example_dags/example_external_task_marker_dag.py took 0.238 seconds
[2021-08-07 03:32:19,487] {scheduler_job.py:181} INFO - Started process (PID=34) to work on /home/airflow/.local/lib/python3.6/site-packages/airflow/example_dags/example_external_task_marker_dag.py
[2021-08-07 03:32:19,489] {scheduler_job.py:632} INFO - Processing file /home/airflow/.local/lib/python3.6/site-packages/airflow/example_dags/example_external_task_marker_dag.py for tasks to queue
[2021-08-07 03:32:19,490] {logging_mixin.py:104} INFO - [2021-08-07 03:32:19,490] {dagbag.py:496} INFO - Filling up the DagBag from /home/airflow/.local/lib/python3.6/site-packages/airflow/example_dags/example_external_task_marker_dag.py
[2021-08-07 03:32:19,507] {scheduler_job.py:642} INFO - DAG(s) dict_keys(['example_external_task_marker_parent', 'example_external_task_marker_child']) retrieved from /home/airflow/.local/lib/python3.6/site-packages/airflow/example_dags/example_external_task_marker_dag.py
[2021-08-07 03:32:19,747] {logging_mixin.py:104} INFO - [2021-08-07 03:32:19,747] {dag.py:1833} INFO - Sync 2 DAGs
[2021-08-07 03:32:19,762] {logging_mixin.py:104} INFO - [2021-08-07 03:32:19,762] {dag.py:2306} INFO - Setting next_dagrun for example_external_task_marker_child to None
[2021-08-07 03:32:19,764] {logging_mixin.py:104} INFO - [2021-08-07 03:32:19,764] {dag.py:2306} INFO - Setting next_dagrun for example_external_task_marker_parent to None
[2021-08-07 03:32:19,777] {scheduler_job.py:189} INFO - Processing /home/airflow/.local/lib/python3.6/site-packages/airflow/example_dags/example_external_task_marker_dag.py took 0.294 seconds
[2021-08-07 03:32:50,246] {scheduler_job.py:181} INFO - Started process (PID=96) to work on /home/airflow/.local/lib/python3.6/site-packages/airflow/example_dags/example_external_task_marker_dag.py
[2021-08-07 03:32:50,249] {scheduler_job.py:632} INFO - Processing file /home/airflow/.local/lib/python3.6/site-packages/airflow/example_dags/example_external_task_marker_dag.py for tasks to queue
[2021-08-07 03:32:50,251] {logging_mixin.py:104} INFO - [2021-08-07 03:32:50,250] {dagbag.py:496} INFO - Filling up the DagBag from /home/airflow/.local/lib/python3.6/site-packages/airflow/example_dags/example_external_task_marker_dag.py
[2021-08-07 03:32:50,268] {scheduler_job.py:642} INFO - DAG(s) dict_keys(['example_external_task_marker_parent', 'example_external_task_marker_child']) retrieved from /home/airflow/.local/lib/python3.6/site-packages/airflow/example_dags/example_external_task_marker_dag.py
[2021-08-07 03:32:50,457] {logging_mixin.py:104} INFO - [2021-08-07 03:32:50,457] {dag.py:1833} INFO - Sync 2 DAGs
[2021-08-07 03:32:50,471] {logging_mixin.py:104} INFO - [2021-08-07 03:32:50,470] {dag.py:2306} INFO - Setting next_dagrun for example_external_task_marker_child to None
[2021-08-07 03:32:50,472] {logging_mixin.py:104} INFO - [2021-08-07 03:32:50,472] {dag.py:2306} INFO - Setting next_dagrun for example_external_task_marker_parent to None
[2021-08-07 03:32:50,485] {scheduler_job.py:189} INFO - Processing /home/airflow/.local/lib/python3.6/site-packages/airflow/example_dags/example_external_task_marker_dag.py took 0.242 seconds
