[2021-08-07 03:28:29,451] {scheduler_job.py:181} INFO - Started process (PID=188) to work on /home/airflow/.local/lib/python3.6/site-packages/airflow/example_dags/example_latest_only.py
[2021-08-07 03:28:29,453] {scheduler_job.py:632} INFO - Processing file /home/airflow/.local/lib/python3.6/site-packages/airflow/example_dags/example_latest_only.py for tasks to queue
[2021-08-07 03:28:29,454] {logging_mixin.py:104} INFO - [2021-08-07 03:28:29,454] {dagbag.py:496} INFO - Filling up the DagBag from /home/airflow/.local/lib/python3.6/site-packages/airflow/example_dags/example_latest_only.py
[2021-08-07 03:28:29,468] {scheduler_job.py:642} INFO - DAG(s) dict_keys(['latest_only']) retrieved from /home/airflow/.local/lib/python3.6/site-packages/airflow/example_dags/example_latest_only.py
[2021-08-07 03:28:31,960] {logging_mixin.py:104} INFO - [2021-08-07 03:28:31,959] {dag.py:1833} INFO - Sync 1 DAGs
[2021-08-07 03:28:31,969] {logging_mixin.py:104} INFO - [2021-08-07 03:28:31,969] {dag.py:1852} INFO - Creating ORM DAG for latest_only
[2021-08-07 03:28:31,974] {logging_mixin.py:104} INFO - [2021-08-07 03:28:31,974] {dag.py:2306} INFO - Setting next_dagrun for latest_only to 2021-08-05 00:00:00+00:00
[2021-08-07 03:28:31,985] {scheduler_job.py:189} INFO - Processing /home/airflow/.local/lib/python3.6/site-packages/airflow/example_dags/example_latest_only.py took 2.538 seconds
[2021-08-07 03:29:02,362] {scheduler_job.py:181} INFO - Started process (PID=364) to work on /home/airflow/.local/lib/python3.6/site-packages/airflow/example_dags/example_latest_only.py
[2021-08-07 03:29:02,364] {scheduler_job.py:632} INFO - Processing file /home/airflow/.local/lib/python3.6/site-packages/airflow/example_dags/example_latest_only.py for tasks to queue
[2021-08-07 03:29:02,366] {logging_mixin.py:104} INFO - [2021-08-07 03:29:02,366] {dagbag.py:496} INFO - Filling up the DagBag from /home/airflow/.local/lib/python3.6/site-packages/airflow/example_dags/example_latest_only.py
[2021-08-07 03:29:02,380] {scheduler_job.py:642} INFO - DAG(s) dict_keys(['latest_only']) retrieved from /home/airflow/.local/lib/python3.6/site-packages/airflow/example_dags/example_latest_only.py
[2021-08-07 03:29:02,404] {logging_mixin.py:104} INFO - [2021-08-07 03:29:02,404] {dag.py:1833} INFO - Sync 1 DAGs
[2021-08-07 03:29:02,422] {logging_mixin.py:104} INFO - [2021-08-07 03:29:02,422] {dag.py:2306} INFO - Setting next_dagrun for latest_only to 2021-08-05 00:00:00+00:00
[2021-08-07 03:29:02,432] {scheduler_job.py:189} INFO - Processing /home/airflow/.local/lib/python3.6/site-packages/airflow/example_dags/example_latest_only.py took 0.074 seconds
[2021-08-07 03:29:32,755] {scheduler_job.py:181} INFO - Started process (PID=416) to work on /home/airflow/.local/lib/python3.6/site-packages/airflow/example_dags/example_latest_only.py
[2021-08-07 03:29:32,756] {scheduler_job.py:632} INFO - Processing file /home/airflow/.local/lib/python3.6/site-packages/airflow/example_dags/example_latest_only.py for tasks to queue
[2021-08-07 03:29:32,758] {logging_mixin.py:104} INFO - [2021-08-07 03:29:32,757] {dagbag.py:496} INFO - Filling up the DagBag from /home/airflow/.local/lib/python3.6/site-packages/airflow/example_dags/example_latest_only.py
[2021-08-07 03:29:32,771] {scheduler_job.py:642} INFO - DAG(s) dict_keys(['latest_only']) retrieved from /home/airflow/.local/lib/python3.6/site-packages/airflow/example_dags/example_latest_only.py
[2021-08-07 03:29:32,795] {logging_mixin.py:104} INFO - [2021-08-07 03:29:32,795] {dag.py:1833} INFO - Sync 1 DAGs
[2021-08-07 03:29:32,812] {logging_mixin.py:104} INFO - [2021-08-07 03:29:32,812] {dag.py:2306} INFO - Setting next_dagrun for latest_only to 2021-08-05 00:00:00+00:00
[2021-08-07 03:29:32,823] {scheduler_job.py:189} INFO - Processing /home/airflow/.local/lib/python3.6/site-packages/airflow/example_dags/example_latest_only.py took 0.072 seconds
[2021-08-07 03:30:03,174] {scheduler_job.py:181} INFO - Started process (PID=481) to work on /home/airflow/.local/lib/python3.6/site-packages/airflow/example_dags/example_latest_only.py
[2021-08-07 03:30:03,175] {scheduler_job.py:632} INFO - Processing file /home/airflow/.local/lib/python3.6/site-packages/airflow/example_dags/example_latest_only.py for tasks to queue
[2021-08-07 03:30:03,177] {logging_mixin.py:104} INFO - [2021-08-07 03:30:03,176] {dagbag.py:496} INFO - Filling up the DagBag from /home/airflow/.local/lib/python3.6/site-packages/airflow/example_dags/example_latest_only.py
[2021-08-07 03:30:03,187] {scheduler_job.py:642} INFO - DAG(s) dict_keys(['latest_only']) retrieved from /home/airflow/.local/lib/python3.6/site-packages/airflow/example_dags/example_latest_only.py
[2021-08-07 03:30:03,207] {logging_mixin.py:104} INFO - [2021-08-07 03:30:03,207] {dag.py:1833} INFO - Sync 1 DAGs
[2021-08-07 03:30:03,222] {logging_mixin.py:104} INFO - [2021-08-07 03:30:03,222] {dag.py:2306} INFO - Setting next_dagrun for latest_only to 2021-08-05 00:00:00+00:00
[2021-08-07 03:30:03,232] {scheduler_job.py:189} INFO - Processing /home/airflow/.local/lib/python3.6/site-packages/airflow/example_dags/example_latest_only.py took 0.061 seconds
[2021-08-07 03:30:33,471] {scheduler_job.py:181} INFO - Started process (PID=543) to work on /home/airflow/.local/lib/python3.6/site-packages/airflow/example_dags/example_latest_only.py
[2021-08-07 03:30:33,473] {scheduler_job.py:632} INFO - Processing file /home/airflow/.local/lib/python3.6/site-packages/airflow/example_dags/example_latest_only.py for tasks to queue
[2021-08-07 03:30:33,474] {logging_mixin.py:104} INFO - [2021-08-07 03:30:33,474] {dagbag.py:496} INFO - Filling up the DagBag from /home/airflow/.local/lib/python3.6/site-packages/airflow/example_dags/example_latest_only.py
[2021-08-07 03:30:33,488] {scheduler_job.py:642} INFO - DAG(s) dict_keys(['latest_only']) retrieved from /home/airflow/.local/lib/python3.6/site-packages/airflow/example_dags/example_latest_only.py
[2021-08-07 03:30:33,512] {logging_mixin.py:104} INFO - [2021-08-07 03:30:33,512] {dag.py:1833} INFO - Sync 1 DAGs
[2021-08-07 03:30:33,527] {logging_mixin.py:104} INFO - [2021-08-07 03:30:33,527] {dag.py:2306} INFO - Setting next_dagrun for latest_only to 2021-08-05 00:00:00+00:00
[2021-08-07 03:30:33,537] {scheduler_job.py:189} INFO - Processing /home/airflow/.local/lib/python3.6/site-packages/airflow/example_dags/example_latest_only.py took 0.071 seconds
[2021-08-07 03:31:03,847] {scheduler_job.py:181} INFO - Started process (PID=594) to work on /home/airflow/.local/lib/python3.6/site-packages/airflow/example_dags/example_latest_only.py
[2021-08-07 03:31:03,849] {scheduler_job.py:632} INFO - Processing file /home/airflow/.local/lib/python3.6/site-packages/airflow/example_dags/example_latest_only.py for tasks to queue
[2021-08-07 03:31:03,851] {logging_mixin.py:104} INFO - [2021-08-07 03:31:03,851] {dagbag.py:496} INFO - Filling up the DagBag from /home/airflow/.local/lib/python3.6/site-packages/airflow/example_dags/example_latest_only.py
[2021-08-07 03:31:03,865] {scheduler_job.py:642} INFO - DAG(s) dict_keys(['latest_only']) retrieved from /home/airflow/.local/lib/python3.6/site-packages/airflow/example_dags/example_latest_only.py
[2021-08-07 03:31:03,890] {logging_mixin.py:104} INFO - [2021-08-07 03:31:03,890] {dag.py:1833} INFO - Sync 1 DAGs
[2021-08-07 03:31:03,910] {logging_mixin.py:104} INFO - [2021-08-07 03:31:03,910] {dag.py:2306} INFO - Setting next_dagrun for latest_only to 2021-08-05 00:00:00+00:00
[2021-08-07 03:31:03,920] {scheduler_job.py:189} INFO - Processing /home/airflow/.local/lib/python3.6/site-packages/airflow/example_dags/example_latest_only.py took 0.077 seconds
[2021-08-07 03:31:34,321] {scheduler_job.py:181} INFO - Started process (PID=658) to work on /home/airflow/.local/lib/python3.6/site-packages/airflow/example_dags/example_latest_only.py
[2021-08-07 03:31:34,322] {scheduler_job.py:632} INFO - Processing file /home/airflow/.local/lib/python3.6/site-packages/airflow/example_dags/example_latest_only.py for tasks to queue
[2021-08-07 03:31:34,324] {logging_mixin.py:104} INFO - [2021-08-07 03:31:34,323] {dagbag.py:496} INFO - Filling up the DagBag from /home/airflow/.local/lib/python3.6/site-packages/airflow/example_dags/example_latest_only.py
[2021-08-07 03:31:34,336] {scheduler_job.py:642} INFO - DAG(s) dict_keys(['latest_only']) retrieved from /home/airflow/.local/lib/python3.6/site-packages/airflow/example_dags/example_latest_only.py
[2021-08-07 03:31:34,358] {logging_mixin.py:104} INFO - [2021-08-07 03:31:34,358] {dag.py:1833} INFO - Sync 1 DAGs
[2021-08-07 03:31:34,374] {logging_mixin.py:104} INFO - [2021-08-07 03:31:34,374] {dag.py:2306} INFO - Setting next_dagrun for latest_only to 2021-08-05 00:00:00+00:00
[2021-08-07 03:31:34,385] {scheduler_job.py:189} INFO - Processing /home/airflow/.local/lib/python3.6/site-packages/airflow/example_dags/example_latest_only.py took 0.068 seconds
[2021-08-07 03:32:19,932] {scheduler_job.py:181} INFO - Started process (PID=40) to work on /home/airflow/.local/lib/python3.6/site-packages/airflow/example_dags/example_latest_only.py
[2021-08-07 03:32:19,934] {scheduler_job.py:632} INFO - Processing file /home/airflow/.local/lib/python3.6/site-packages/airflow/example_dags/example_latest_only.py for tasks to queue
[2021-08-07 03:32:19,935] {logging_mixin.py:104} INFO - [2021-08-07 03:32:19,935] {dagbag.py:496} INFO - Filling up the DagBag from /home/airflow/.local/lib/python3.6/site-packages/airflow/example_dags/example_latest_only.py
[2021-08-07 03:32:19,955] {scheduler_job.py:642} INFO - DAG(s) dict_keys(['latest_only']) retrieved from /home/airflow/.local/lib/python3.6/site-packages/airflow/example_dags/example_latest_only.py
[2021-08-07 03:32:19,986] {logging_mixin.py:104} INFO - [2021-08-07 03:32:19,985] {dag.py:1833} INFO - Sync 1 DAGs
[2021-08-07 03:32:20,003] {logging_mixin.py:104} INFO - [2021-08-07 03:32:20,003] {dag.py:2306} INFO - Setting next_dagrun for latest_only to 2021-08-05 00:00:00+00:00
[2021-08-07 03:32:20,015] {scheduler_job.py:189} INFO - Processing /home/airflow/.local/lib/python3.6/site-packages/airflow/example_dags/example_latest_only.py took 0.088 seconds
[2021-08-07 03:32:50,561] {scheduler_job.py:181} INFO - Started process (PID=103) to work on /home/airflow/.local/lib/python3.6/site-packages/airflow/example_dags/example_latest_only.py
[2021-08-07 03:32:50,563] {scheduler_job.py:632} INFO - Processing file /home/airflow/.local/lib/python3.6/site-packages/airflow/example_dags/example_latest_only.py for tasks to queue
[2021-08-07 03:32:50,564] {logging_mixin.py:104} INFO - [2021-08-07 03:32:50,564] {dagbag.py:496} INFO - Filling up the DagBag from /home/airflow/.local/lib/python3.6/site-packages/airflow/example_dags/example_latest_only.py
[2021-08-07 03:32:50,582] {scheduler_job.py:642} INFO - DAG(s) dict_keys(['latest_only']) retrieved from /home/airflow/.local/lib/python3.6/site-packages/airflow/example_dags/example_latest_only.py
[2021-08-07 03:32:50,608] {logging_mixin.py:104} INFO - [2021-08-07 03:32:50,608] {dag.py:1833} INFO - Sync 1 DAGs
[2021-08-07 03:32:50,626] {logging_mixin.py:104} INFO - [2021-08-07 03:32:50,626] {dag.py:2306} INFO - Setting next_dagrun for latest_only to 2021-08-05 00:00:00+00:00
[2021-08-07 03:32:50,637] {scheduler_job.py:189} INFO - Processing /home/airflow/.local/lib/python3.6/site-packages/airflow/example_dags/example_latest_only.py took 0.080 seconds
