[2021-08-07 03:28:13,752] {scheduler_job.py:181} INFO - Started process (PID=53) to work on /home/airflow/.local/lib/python3.6/site-packages/airflow/example_dags/example_latest_only_with_trigger.py
[2021-08-07 03:28:13,754] {scheduler_job.py:632} INFO - Processing file /home/airflow/.local/lib/python3.6/site-packages/airflow/example_dags/example_latest_only_with_trigger.py for tasks to queue
[2021-08-07 03:28:13,756] {logging_mixin.py:104} INFO - [2021-08-07 03:28:13,756] {dagbag.py:496} INFO - Filling up the DagBag from /home/airflow/.local/lib/python3.6/site-packages/airflow/example_dags/example_latest_only_with_trigger.py
[2021-08-07 03:28:13,773] {scheduler_job.py:642} INFO - DAG(s) dict_keys(['latest_only_with_trigger']) retrieved from /home/airflow/.local/lib/python3.6/site-packages/airflow/example_dags/example_latest_only_with_trigger.py
[2021-08-07 03:28:15,978] {logging_mixin.py:104} INFO - [2021-08-07 03:28:15,977] {dag.py:1833} INFO - Sync 1 DAGs
[2021-08-07 03:28:15,989] {logging_mixin.py:104} INFO - [2021-08-07 03:28:15,988] {dag.py:1852} INFO - Creating ORM DAG for latest_only_with_trigger
[2021-08-07 03:28:15,996] {logging_mixin.py:104} INFO - [2021-08-07 03:28:15,996] {dag.py:2306} INFO - Setting next_dagrun for latest_only_with_trigger to 2021-08-05 00:00:00+00:00
[2021-08-07 03:28:16,008] {scheduler_job.py:189} INFO - Processing /home/airflow/.local/lib/python3.6/site-packages/airflow/example_dags/example_latest_only_with_trigger.py took 2.260 seconds
[2021-08-07 03:28:46,483] {scheduler_job.py:181} INFO - Started process (PID=328) to work on /home/airflow/.local/lib/python3.6/site-packages/airflow/example_dags/example_latest_only_with_trigger.py
[2021-08-07 03:28:46,485] {scheduler_job.py:632} INFO - Processing file /home/airflow/.local/lib/python3.6/site-packages/airflow/example_dags/example_latest_only_with_trigger.py for tasks to queue
[2021-08-07 03:28:46,487] {logging_mixin.py:104} INFO - [2021-08-07 03:28:46,487] {dagbag.py:496} INFO - Filling up the DagBag from /home/airflow/.local/lib/python3.6/site-packages/airflow/example_dags/example_latest_only_with_trigger.py
[2021-08-07 03:28:46,502] {scheduler_job.py:642} INFO - DAG(s) dict_keys(['latest_only_with_trigger']) retrieved from /home/airflow/.local/lib/python3.6/site-packages/airflow/example_dags/example_latest_only_with_trigger.py
[2021-08-07 03:28:46,530] {logging_mixin.py:104} INFO - [2021-08-07 03:28:46,529] {dag.py:1833} INFO - Sync 1 DAGs
[2021-08-07 03:28:46,558] {logging_mixin.py:104} INFO - [2021-08-07 03:28:46,558] {dag.py:2306} INFO - Setting next_dagrun for latest_only_with_trigger to 2021-08-05 00:00:00+00:00
[2021-08-07 03:28:46,577] {scheduler_job.py:189} INFO - Processing /home/airflow/.local/lib/python3.6/site-packages/airflow/example_dags/example_latest_only_with_trigger.py took 0.098 seconds
[2021-08-07 03:29:17,082] {scheduler_job.py:181} INFO - Started process (PID=391) to work on /home/airflow/.local/lib/python3.6/site-packages/airflow/example_dags/example_latest_only_with_trigger.py
[2021-08-07 03:29:17,084] {scheduler_job.py:632} INFO - Processing file /home/airflow/.local/lib/python3.6/site-packages/airflow/example_dags/example_latest_only_with_trigger.py for tasks to queue
[2021-08-07 03:29:17,086] {logging_mixin.py:104} INFO - [2021-08-07 03:29:17,086] {dagbag.py:496} INFO - Filling up the DagBag from /home/airflow/.local/lib/python3.6/site-packages/airflow/example_dags/example_latest_only_with_trigger.py
[2021-08-07 03:29:17,101] {scheduler_job.py:642} INFO - DAG(s) dict_keys(['latest_only_with_trigger']) retrieved from /home/airflow/.local/lib/python3.6/site-packages/airflow/example_dags/example_latest_only_with_trigger.py
[2021-08-07 03:29:17,126] {logging_mixin.py:104} INFO - [2021-08-07 03:29:17,126] {dag.py:1833} INFO - Sync 1 DAGs
[2021-08-07 03:29:17,142] {logging_mixin.py:104} INFO - [2021-08-07 03:29:17,141] {dag.py:2306} INFO - Setting next_dagrun for latest_only_with_trigger to 2021-08-05 00:00:00+00:00
[2021-08-07 03:29:17,151] {scheduler_job.py:189} INFO - Processing /home/airflow/.local/lib/python3.6/site-packages/airflow/example_dags/example_latest_only_with_trigger.py took 0.073 seconds
[2021-08-07 03:29:47,594] {scheduler_job.py:181} INFO - Started process (PID=456) to work on /home/airflow/.local/lib/python3.6/site-packages/airflow/example_dags/example_latest_only_with_trigger.py
[2021-08-07 03:29:47,596] {scheduler_job.py:632} INFO - Processing file /home/airflow/.local/lib/python3.6/site-packages/airflow/example_dags/example_latest_only_with_trigger.py for tasks to queue
[2021-08-07 03:29:47,597] {logging_mixin.py:104} INFO - [2021-08-07 03:29:47,597] {dagbag.py:496} INFO - Filling up the DagBag from /home/airflow/.local/lib/python3.6/site-packages/airflow/example_dags/example_latest_only_with_trigger.py
[2021-08-07 03:29:47,610] {scheduler_job.py:642} INFO - DAG(s) dict_keys(['latest_only_with_trigger']) retrieved from /home/airflow/.local/lib/python3.6/site-packages/airflow/example_dags/example_latest_only_with_trigger.py
[2021-08-07 03:29:47,633] {logging_mixin.py:104} INFO - [2021-08-07 03:29:47,633] {dag.py:1833} INFO - Sync 1 DAGs
[2021-08-07 03:29:47,648] {logging_mixin.py:104} INFO - [2021-08-07 03:29:47,648] {dag.py:2306} INFO - Setting next_dagrun for latest_only_with_trigger to 2021-08-05 00:00:00+00:00
[2021-08-07 03:29:47,659] {scheduler_job.py:189} INFO - Processing /home/airflow/.local/lib/python3.6/site-packages/airflow/example_dags/example_latest_only_with_trigger.py took 0.069 seconds
[2021-08-07 03:30:17,871] {scheduler_job.py:181} INFO - Started process (PID=509) to work on /home/airflow/.local/lib/python3.6/site-packages/airflow/example_dags/example_latest_only_with_trigger.py
[2021-08-07 03:30:17,873] {scheduler_job.py:632} INFO - Processing file /home/airflow/.local/lib/python3.6/site-packages/airflow/example_dags/example_latest_only_with_trigger.py for tasks to queue
[2021-08-07 03:30:17,874] {logging_mixin.py:104} INFO - [2021-08-07 03:30:17,874] {dagbag.py:496} INFO - Filling up the DagBag from /home/airflow/.local/lib/python3.6/site-packages/airflow/example_dags/example_latest_only_with_trigger.py
[2021-08-07 03:30:17,887] {scheduler_job.py:642} INFO - DAG(s) dict_keys(['latest_only_with_trigger']) retrieved from /home/airflow/.local/lib/python3.6/site-packages/airflow/example_dags/example_latest_only_with_trigger.py
[2021-08-07 03:30:17,910] {logging_mixin.py:104} INFO - [2021-08-07 03:30:17,909] {dag.py:1833} INFO - Sync 1 DAGs
[2021-08-07 03:30:17,925] {logging_mixin.py:104} INFO - [2021-08-07 03:30:17,925] {dag.py:2306} INFO - Setting next_dagrun for latest_only_with_trigger to 2021-08-05 00:00:00+00:00
[2021-08-07 03:30:17,936] {scheduler_job.py:189} INFO - Processing /home/airflow/.local/lib/python3.6/site-packages/airflow/example_dags/example_latest_only_with_trigger.py took 0.068 seconds
[2021-08-07 03:30:48,229] {scheduler_job.py:181} INFO - Started process (PID=570) to work on /home/airflow/.local/lib/python3.6/site-packages/airflow/example_dags/example_latest_only_with_trigger.py
[2021-08-07 03:30:48,231] {scheduler_job.py:632} INFO - Processing file /home/airflow/.local/lib/python3.6/site-packages/airflow/example_dags/example_latest_only_with_trigger.py for tasks to queue
[2021-08-07 03:30:48,233] {logging_mixin.py:104} INFO - [2021-08-07 03:30:48,233] {dagbag.py:496} INFO - Filling up the DagBag from /home/airflow/.local/lib/python3.6/site-packages/airflow/example_dags/example_latest_only_with_trigger.py
[2021-08-07 03:30:48,248] {scheduler_job.py:642} INFO - DAG(s) dict_keys(['latest_only_with_trigger']) retrieved from /home/airflow/.local/lib/python3.6/site-packages/airflow/example_dags/example_latest_only_with_trigger.py
[2021-08-07 03:30:48,274] {logging_mixin.py:104} INFO - [2021-08-07 03:30:48,274] {dag.py:1833} INFO - Sync 1 DAGs
[2021-08-07 03:30:48,289] {logging_mixin.py:104} INFO - [2021-08-07 03:30:48,289] {dag.py:2306} INFO - Setting next_dagrun for latest_only_with_trigger to 2021-08-05 00:00:00+00:00
[2021-08-07 03:30:48,299] {scheduler_job.py:189} INFO - Processing /home/airflow/.local/lib/python3.6/site-packages/airflow/example_dags/example_latest_only_with_trigger.py took 0.073 seconds
[2021-08-07 03:31:18,610] {scheduler_job.py:181} INFO - Started process (PID=633) to work on /home/airflow/.local/lib/python3.6/site-packages/airflow/example_dags/example_latest_only_with_trigger.py
[2021-08-07 03:31:18,612] {scheduler_job.py:632} INFO - Processing file /home/airflow/.local/lib/python3.6/site-packages/airflow/example_dags/example_latest_only_with_trigger.py for tasks to queue
[2021-08-07 03:31:18,613] {logging_mixin.py:104} INFO - [2021-08-07 03:31:18,613] {dagbag.py:496} INFO - Filling up the DagBag from /home/airflow/.local/lib/python3.6/site-packages/airflow/example_dags/example_latest_only_with_trigger.py
[2021-08-07 03:31:18,628] {scheduler_job.py:642} INFO - DAG(s) dict_keys(['latest_only_with_trigger']) retrieved from /home/airflow/.local/lib/python3.6/site-packages/airflow/example_dags/example_latest_only_with_trigger.py
[2021-08-07 03:31:18,656] {logging_mixin.py:104} INFO - [2021-08-07 03:31:18,655] {dag.py:1833} INFO - Sync 1 DAGs
[2021-08-07 03:31:18,673] {logging_mixin.py:104} INFO - [2021-08-07 03:31:18,673] {dag.py:2306} INFO - Setting next_dagrun for latest_only_with_trigger to 2021-08-05 00:00:00+00:00
[2021-08-07 03:31:18,682] {scheduler_job.py:189} INFO - Processing /home/airflow/.local/lib/python3.6/site-packages/airflow/example_dags/example_latest_only_with_trigger.py took 0.076 seconds
[2021-08-07 03:31:49,092] {scheduler_job.py:181} INFO - Started process (PID=686) to work on /home/airflow/.local/lib/python3.6/site-packages/airflow/example_dags/example_latest_only_with_trigger.py
[2021-08-07 03:31:49,095] {scheduler_job.py:632} INFO - Processing file /home/airflow/.local/lib/python3.6/site-packages/airflow/example_dags/example_latest_only_with_trigger.py for tasks to queue
[2021-08-07 03:31:49,096] {logging_mixin.py:104} INFO - [2021-08-07 03:31:49,096] {dagbag.py:496} INFO - Filling up the DagBag from /home/airflow/.local/lib/python3.6/site-packages/airflow/example_dags/example_latest_only_with_trigger.py
[2021-08-07 03:31:49,112] {scheduler_job.py:642} INFO - DAG(s) dict_keys(['latest_only_with_trigger']) retrieved from /home/airflow/.local/lib/python3.6/site-packages/airflow/example_dags/example_latest_only_with_trigger.py
[2021-08-07 03:31:49,141] {logging_mixin.py:104} INFO - [2021-08-07 03:31:49,140] {dag.py:1833} INFO - Sync 1 DAGs
[2021-08-07 03:31:49,160] {logging_mixin.py:104} INFO - [2021-08-07 03:31:49,160] {dag.py:2306} INFO - Setting next_dagrun for latest_only_with_trigger to 2021-08-05 00:00:00+00:00
[2021-08-07 03:31:49,172] {scheduler_job.py:189} INFO - Processing /home/airflow/.local/lib/python3.6/site-packages/airflow/example_dags/example_latest_only_with_trigger.py took 0.084 seconds
[2021-08-07 03:32:19,061] {scheduler_job.py:181} INFO - Started process (PID=26) to work on /home/airflow/.local/lib/python3.6/site-packages/airflow/example_dags/example_latest_only_with_trigger.py
[2021-08-07 03:32:19,062] {scheduler_job.py:632} INFO - Processing file /home/airflow/.local/lib/python3.6/site-packages/airflow/example_dags/example_latest_only_with_trigger.py for tasks to queue
[2021-08-07 03:32:19,063] {logging_mixin.py:104} INFO - [2021-08-07 03:32:19,063] {dagbag.py:496} INFO - Filling up the DagBag from /home/airflow/.local/lib/python3.6/site-packages/airflow/example_dags/example_latest_only_with_trigger.py
[2021-08-07 03:32:19,085] {scheduler_job.py:642} INFO - DAG(s) dict_keys(['latest_only_with_trigger']) retrieved from /home/airflow/.local/lib/python3.6/site-packages/airflow/example_dags/example_latest_only_with_trigger.py
[2021-08-07 03:32:19,114] {logging_mixin.py:104} INFO - [2021-08-07 03:32:19,114] {dag.py:1833} INFO - Sync 1 DAGs
[2021-08-07 03:32:19,131] {logging_mixin.py:104} INFO - [2021-08-07 03:32:19,131] {dag.py:2306} INFO - Setting next_dagrun for latest_only_with_trigger to 2021-08-05 00:00:00+00:00
[2021-08-07 03:32:19,143] {scheduler_job.py:189} INFO - Processing /home/airflow/.local/lib/python3.6/site-packages/airflow/example_dags/example_latest_only_with_trigger.py took 0.087 seconds
[2021-08-07 03:32:49,548] {scheduler_job.py:181} INFO - Started process (PID=80) to work on /home/airflow/.local/lib/python3.6/site-packages/airflow/example_dags/example_latest_only_with_trigger.py
[2021-08-07 03:32:49,550] {scheduler_job.py:632} INFO - Processing file /home/airflow/.local/lib/python3.6/site-packages/airflow/example_dags/example_latest_only_with_trigger.py for tasks to queue
[2021-08-07 03:32:49,552] {logging_mixin.py:104} INFO - [2021-08-07 03:32:49,552] {dagbag.py:496} INFO - Filling up the DagBag from /home/airflow/.local/lib/python3.6/site-packages/airflow/example_dags/example_latest_only_with_trigger.py
[2021-08-07 03:32:49,569] {scheduler_job.py:642} INFO - DAG(s) dict_keys(['latest_only_with_trigger']) retrieved from /home/airflow/.local/lib/python3.6/site-packages/airflow/example_dags/example_latest_only_with_trigger.py
[2021-08-07 03:32:49,591] {logging_mixin.py:104} INFO - [2021-08-07 03:32:49,591] {dag.py:1833} INFO - Sync 1 DAGs
[2021-08-07 03:32:49,606] {logging_mixin.py:104} INFO - [2021-08-07 03:32:49,606] {dag.py:2306} INFO - Setting next_dagrun for latest_only_with_trigger to 2021-08-05 00:00:00+00:00
[2021-08-07 03:32:49,616] {scheduler_job.py:189} INFO - Processing /home/airflow/.local/lib/python3.6/site-packages/airflow/example_dags/example_latest_only_with_trigger.py took 0.071 seconds
