[2021-08-07 03:28:18,080] {scheduler_job.py:181} INFO - Started process (PID=89) to work on /home/airflow/.local/lib/python3.6/site-packages/airflow/example_dags/example_dag_decorator.py
[2021-08-07 03:28:18,082] {scheduler_job.py:632} INFO - Processing file /home/airflow/.local/lib/python3.6/site-packages/airflow/example_dags/example_dag_decorator.py for tasks to queue
[2021-08-07 03:28:18,084] {logging_mixin.py:104} INFO - [2021-08-07 03:28:18,084] {dagbag.py:496} INFO - Filling up the DagBag from /home/airflow/.local/lib/python3.6/site-packages/airflow/example_dags/example_dag_decorator.py
[2021-08-07 03:28:18,114] {scheduler_job.py:642} INFO - DAG(s) dict_keys(['example_dag_decorator']) retrieved from /home/airflow/.local/lib/python3.6/site-packages/airflow/example_dags/example_dag_decorator.py
[2021-08-07 03:28:20,264] {logging_mixin.py:104} INFO - [2021-08-07 03:28:20,263] {dag.py:1833} INFO - Sync 1 DAGs
[2021-08-07 03:28:20,275] {logging_mixin.py:104} INFO - [2021-08-07 03:28:20,274] {dag.py:1852} INFO - Creating ORM DAG for example_dag_decorator
[2021-08-07 03:28:20,283] {logging_mixin.py:104} INFO - [2021-08-07 03:28:20,283] {dag.py:2306} INFO - Setting next_dagrun for example_dag_decorator to None
[2021-08-07 03:28:20,299] {scheduler_job.py:189} INFO - Processing /home/airflow/.local/lib/python3.6/site-packages/airflow/example_dags/example_dag_decorator.py took 2.223 seconds
[2021-08-07 03:28:50,722] {scheduler_job.py:181} INFO - Started process (PID=343) to work on /home/airflow/.local/lib/python3.6/site-packages/airflow/example_dags/example_dag_decorator.py
[2021-08-07 03:28:50,725] {scheduler_job.py:632} INFO - Processing file /home/airflow/.local/lib/python3.6/site-packages/airflow/example_dags/example_dag_decorator.py for tasks to queue
[2021-08-07 03:28:50,726] {logging_mixin.py:104} INFO - [2021-08-07 03:28:50,726] {dagbag.py:496} INFO - Filling up the DagBag from /home/airflow/.local/lib/python3.6/site-packages/airflow/example_dags/example_dag_decorator.py
[2021-08-07 03:28:50,754] {scheduler_job.py:642} INFO - DAG(s) dict_keys(['example_dag_decorator']) retrieved from /home/airflow/.local/lib/python3.6/site-packages/airflow/example_dags/example_dag_decorator.py
[2021-08-07 03:28:50,939] {logging_mixin.py:104} INFO - [2021-08-07 03:28:50,939] {dag.py:1833} INFO - Sync 1 DAGs
[2021-08-07 03:28:50,952] {logging_mixin.py:104} INFO - [2021-08-07 03:28:50,952] {dag.py:2306} INFO - Setting next_dagrun for example_dag_decorator to None
[2021-08-07 03:28:50,963] {scheduler_job.py:189} INFO - Processing /home/airflow/.local/lib/python3.6/site-packages/airflow/example_dags/example_dag_decorator.py took 0.245 seconds
[2021-08-07 03:29:21,312] {scheduler_job.py:181} INFO - Started process (PID=395) to work on /home/airflow/.local/lib/python3.6/site-packages/airflow/example_dags/example_dag_decorator.py
[2021-08-07 03:29:21,314] {scheduler_job.py:632} INFO - Processing file /home/airflow/.local/lib/python3.6/site-packages/airflow/example_dags/example_dag_decorator.py for tasks to queue
[2021-08-07 03:29:21,315] {logging_mixin.py:104} INFO - [2021-08-07 03:29:21,315] {dagbag.py:496} INFO - Filling up the DagBag from /home/airflow/.local/lib/python3.6/site-packages/airflow/example_dags/example_dag_decorator.py
[2021-08-07 03:29:21,335] {scheduler_job.py:642} INFO - DAG(s) dict_keys(['example_dag_decorator']) retrieved from /home/airflow/.local/lib/python3.6/site-packages/airflow/example_dags/example_dag_decorator.py
[2021-08-07 03:29:21,526] {logging_mixin.py:104} INFO - [2021-08-07 03:29:21,525] {dag.py:1833} INFO - Sync 1 DAGs
[2021-08-07 03:29:21,538] {logging_mixin.py:104} INFO - [2021-08-07 03:29:21,538] {dag.py:2306} INFO - Setting next_dagrun for example_dag_decorator to None
[2021-08-07 03:29:21,549] {scheduler_job.py:189} INFO - Processing /home/airflow/.local/lib/python3.6/site-packages/airflow/example_dags/example_dag_decorator.py took 0.240 seconds
[2021-08-07 03:29:51,792] {scheduler_job.py:181} INFO - Started process (PID=460) to work on /home/airflow/.local/lib/python3.6/site-packages/airflow/example_dags/example_dag_decorator.py
[2021-08-07 03:29:51,794] {scheduler_job.py:632} INFO - Processing file /home/airflow/.local/lib/python3.6/site-packages/airflow/example_dags/example_dag_decorator.py for tasks to queue
[2021-08-07 03:29:51,795] {logging_mixin.py:104} INFO - [2021-08-07 03:29:51,795] {dagbag.py:496} INFO - Filling up the DagBag from /home/airflow/.local/lib/python3.6/site-packages/airflow/example_dags/example_dag_decorator.py
[2021-08-07 03:29:51,816] {scheduler_job.py:642} INFO - DAG(s) dict_keys(['example_dag_decorator']) retrieved from /home/airflow/.local/lib/python3.6/site-packages/airflow/example_dags/example_dag_decorator.py
[2021-08-07 03:29:52,004] {logging_mixin.py:104} INFO - [2021-08-07 03:29:52,004] {dag.py:1833} INFO - Sync 1 DAGs
[2021-08-07 03:29:52,018] {logging_mixin.py:104} INFO - [2021-08-07 03:29:52,018] {dag.py:2306} INFO - Setting next_dagrun for example_dag_decorator to None
[2021-08-07 03:29:52,029] {scheduler_job.py:189} INFO - Processing /home/airflow/.local/lib/python3.6/site-packages/airflow/example_dags/example_dag_decorator.py took 0.240 seconds
[2021-08-07 03:30:22,069] {scheduler_job.py:181} INFO - Started process (PID=523) to work on /home/airflow/.local/lib/python3.6/site-packages/airflow/example_dags/example_dag_decorator.py
[2021-08-07 03:30:22,071] {scheduler_job.py:632} INFO - Processing file /home/airflow/.local/lib/python3.6/site-packages/airflow/example_dags/example_dag_decorator.py for tasks to queue
[2021-08-07 03:30:22,073] {logging_mixin.py:104} INFO - [2021-08-07 03:30:22,073] {dagbag.py:496} INFO - Filling up the DagBag from /home/airflow/.local/lib/python3.6/site-packages/airflow/example_dags/example_dag_decorator.py
[2021-08-07 03:30:22,097] {scheduler_job.py:642} INFO - DAG(s) dict_keys(['example_dag_decorator']) retrieved from /home/airflow/.local/lib/python3.6/site-packages/airflow/example_dags/example_dag_decorator.py
[2021-08-07 03:30:22,275] {logging_mixin.py:104} INFO - [2021-08-07 03:30:22,274] {dag.py:1833} INFO - Sync 1 DAGs
[2021-08-07 03:30:22,285] {logging_mixin.py:104} INFO - [2021-08-07 03:30:22,285] {dag.py:2306} INFO - Setting next_dagrun for example_dag_decorator to None
[2021-08-07 03:30:22,294] {scheduler_job.py:189} INFO - Processing /home/airflow/.local/lib/python3.6/site-packages/airflow/example_dags/example_dag_decorator.py took 0.229 seconds
[2021-08-07 03:30:52,426] {scheduler_job.py:181} INFO - Started process (PID=574) to work on /home/airflow/.local/lib/python3.6/site-packages/airflow/example_dags/example_dag_decorator.py
[2021-08-07 03:30:52,427] {scheduler_job.py:632} INFO - Processing file /home/airflow/.local/lib/python3.6/site-packages/airflow/example_dags/example_dag_decorator.py for tasks to queue
[2021-08-07 03:30:52,429] {logging_mixin.py:104} INFO - [2021-08-07 03:30:52,429] {dagbag.py:496} INFO - Filling up the DagBag from /home/airflow/.local/lib/python3.6/site-packages/airflow/example_dags/example_dag_decorator.py
[2021-08-07 03:30:52,453] {scheduler_job.py:642} INFO - DAG(s) dict_keys(['example_dag_decorator']) retrieved from /home/airflow/.local/lib/python3.6/site-packages/airflow/example_dags/example_dag_decorator.py
[2021-08-07 03:30:52,641] {logging_mixin.py:104} INFO - [2021-08-07 03:30:52,641] {dag.py:1833} INFO - Sync 1 DAGs
[2021-08-07 03:30:52,652] {logging_mixin.py:104} INFO - [2021-08-07 03:30:52,652] {dag.py:2306} INFO - Setting next_dagrun for example_dag_decorator to None
[2021-08-07 03:30:52,661] {scheduler_job.py:189} INFO - Processing /home/airflow/.local/lib/python3.6/site-packages/airflow/example_dags/example_dag_decorator.py took 0.241 seconds
[2021-08-07 03:31:22,820] {scheduler_job.py:181} INFO - Started process (PID=637) to work on /home/airflow/.local/lib/python3.6/site-packages/airflow/example_dags/example_dag_decorator.py
[2021-08-07 03:31:22,822] {scheduler_job.py:632} INFO - Processing file /home/airflow/.local/lib/python3.6/site-packages/airflow/example_dags/example_dag_decorator.py for tasks to queue
[2021-08-07 03:31:22,823] {logging_mixin.py:104} INFO - [2021-08-07 03:31:22,823] {dagbag.py:496} INFO - Filling up the DagBag from /home/airflow/.local/lib/python3.6/site-packages/airflow/example_dags/example_dag_decorator.py
[2021-08-07 03:31:22,847] {scheduler_job.py:642} INFO - DAG(s) dict_keys(['example_dag_decorator']) retrieved from /home/airflow/.local/lib/python3.6/site-packages/airflow/example_dags/example_dag_decorator.py
[2021-08-07 03:31:23,018] {logging_mixin.py:104} INFO - [2021-08-07 03:31:23,018] {dag.py:1833} INFO - Sync 1 DAGs
[2021-08-07 03:31:23,032] {logging_mixin.py:104} INFO - [2021-08-07 03:31:23,032] {dag.py:2306} INFO - Setting next_dagrun for example_dag_decorator to None
[2021-08-07 03:31:23,042] {scheduler_job.py:189} INFO - Processing /home/airflow/.local/lib/python3.6/site-packages/airflow/example_dags/example_dag_decorator.py took 0.227 seconds
[2021-08-07 03:31:53,333] {scheduler_job.py:181} INFO - Started process (PID=701) to work on /home/airflow/.local/lib/python3.6/site-packages/airflow/example_dags/example_dag_decorator.py
[2021-08-07 03:31:53,335] {scheduler_job.py:632} INFO - Processing file /home/airflow/.local/lib/python3.6/site-packages/airflow/example_dags/example_dag_decorator.py for tasks to queue
[2021-08-07 03:31:53,336] {logging_mixin.py:104} INFO - [2021-08-07 03:31:53,336] {dagbag.py:496} INFO - Filling up the DagBag from /home/airflow/.local/lib/python3.6/site-packages/airflow/example_dags/example_dag_decorator.py
[2021-08-07 03:31:53,357] {scheduler_job.py:642} INFO - DAG(s) dict_keys(['example_dag_decorator']) retrieved from /home/airflow/.local/lib/python3.6/site-packages/airflow/example_dags/example_dag_decorator.py
[2021-08-07 03:31:53,548] {logging_mixin.py:104} INFO - [2021-08-07 03:31:53,548] {dag.py:1833} INFO - Sync 1 DAGs
[2021-08-07 03:31:53,561] {logging_mixin.py:104} INFO - [2021-08-07 03:31:53,561] {dag.py:2306} INFO - Setting next_dagrun for example_dag_decorator to None
[2021-08-07 03:31:53,571] {scheduler_job.py:189} INFO - Processing /home/airflow/.local/lib/python3.6/site-packages/airflow/example_dags/example_dag_decorator.py took 0.242 seconds
[2021-08-07 03:32:19,285] {scheduler_job.py:181} INFO - Started process (PID=30) to work on /home/airflow/.local/lib/python3.6/site-packages/airflow/example_dags/example_dag_decorator.py
[2021-08-07 03:32:19,287] {scheduler_job.py:632} INFO - Processing file /home/airflow/.local/lib/python3.6/site-packages/airflow/example_dags/example_dag_decorator.py for tasks to queue
[2021-08-07 03:32:19,288] {logging_mixin.py:104} INFO - [2021-08-07 03:32:19,288] {dagbag.py:496} INFO - Filling up the DagBag from /home/airflow/.local/lib/python3.6/site-packages/airflow/example_dags/example_dag_decorator.py
[2021-08-07 03:32:19,316] {scheduler_job.py:642} INFO - DAG(s) dict_keys(['example_dag_decorator']) retrieved from /home/airflow/.local/lib/python3.6/site-packages/airflow/example_dags/example_dag_decorator.py
[2021-08-07 03:32:19,332] {logging_mixin.py:104} INFO - [2021-08-07 03:32:19,332] {dag.py:1833} INFO - Sync 1 DAGs
[2021-08-07 03:32:19,350] {logging_mixin.py:104} INFO - [2021-08-07 03:32:19,350] {dag.py:2306} INFO - Setting next_dagrun for example_dag_decorator to None
[2021-08-07 03:32:19,359] {scheduler_job.py:189} INFO - Processing /home/airflow/.local/lib/python3.6/site-packages/airflow/example_dags/example_dag_decorator.py took 0.079 seconds
[2021-08-07 03:32:49,981] {scheduler_job.py:181} INFO - Started process (PID=84) to work on /home/airflow/.local/lib/python3.6/site-packages/airflow/example_dags/example_dag_decorator.py
[2021-08-07 03:32:49,984] {scheduler_job.py:632} INFO - Processing file /home/airflow/.local/lib/python3.6/site-packages/airflow/example_dags/example_dag_decorator.py for tasks to queue
[2021-08-07 03:32:49,985] {logging_mixin.py:104} INFO - [2021-08-07 03:32:49,985] {dagbag.py:496} INFO - Filling up the DagBag from /home/airflow/.local/lib/python3.6/site-packages/airflow/example_dags/example_dag_decorator.py
[2021-08-07 03:32:50,008] {scheduler_job.py:642} INFO - DAG(s) dict_keys(['example_dag_decorator']) retrieved from /home/airflow/.local/lib/python3.6/site-packages/airflow/example_dags/example_dag_decorator.py
[2021-08-07 03:32:50,198] {logging_mixin.py:104} INFO - [2021-08-07 03:32:50,198] {dag.py:1833} INFO - Sync 1 DAGs
[2021-08-07 03:32:50,211] {logging_mixin.py:104} INFO - [2021-08-07 03:32:50,211] {dag.py:2306} INFO - Setting next_dagrun for example_dag_decorator to None
[2021-08-07 03:32:50,221] {scheduler_job.py:189} INFO - Processing /home/airflow/.local/lib/python3.6/site-packages/airflow/example_dags/example_dag_decorator.py took 0.244 seconds
