[2021-08-07 03:28:37,255] {scheduler_job.py:181} INFO - Started process (PID=261) to work on /home/airflow/.local/lib/python3.6/site-packages/airflow/example_dags/example_xcom.py
[2021-08-07 03:28:37,256] {scheduler_job.py:632} INFO - Processing file /home/airflow/.local/lib/python3.6/site-packages/airflow/example_dags/example_xcom.py for tasks to queue
[2021-08-07 03:28:37,258] {logging_mixin.py:104} INFO - [2021-08-07 03:28:37,258] {dagbag.py:496} INFO - Filling up the DagBag from /home/airflow/.local/lib/python3.6/site-packages/airflow/example_dags/example_xcom.py
[2021-08-07 03:28:37,273] {scheduler_job.py:642} INFO - DAG(s) dict_keys(['example_xcom']) retrieved from /home/airflow/.local/lib/python3.6/site-packages/airflow/example_dags/example_xcom.py
[2021-08-07 03:28:39,142] {logging_mixin.py:104} INFO - [2021-08-07 03:28:39,142] {dag.py:1833} INFO - Sync 1 DAGs
[2021-08-07 03:28:39,151] {logging_mixin.py:104} INFO - [2021-08-07 03:28:39,150] {dag.py:1852} INFO - Creating ORM DAG for example_xcom
[2021-08-07 03:28:39,156] {logging_mixin.py:104} INFO - [2021-08-07 03:28:39,156] {dag.py:2306} INFO - Setting next_dagrun for example_xcom to 2021-08-05 00:00:00+00:00
[2021-08-07 03:28:39,165] {scheduler_job.py:189} INFO - Processing /home/airflow/.local/lib/python3.6/site-packages/airflow/example_dags/example_xcom.py took 1.914 seconds
[2021-08-07 03:29:09,593] {scheduler_job.py:181} INFO - Started process (PID=371) to work on /home/airflow/.local/lib/python3.6/site-packages/airflow/example_dags/example_xcom.py
[2021-08-07 03:29:09,595] {scheduler_job.py:632} INFO - Processing file /home/airflow/.local/lib/python3.6/site-packages/airflow/example_dags/example_xcom.py for tasks to queue
[2021-08-07 03:29:09,597] {logging_mixin.py:104} INFO - [2021-08-07 03:29:09,597] {dagbag.py:496} INFO - Filling up the DagBag from /home/airflow/.local/lib/python3.6/site-packages/airflow/example_dags/example_xcom.py
[2021-08-07 03:29:09,611] {scheduler_job.py:642} INFO - DAG(s) dict_keys(['example_xcom']) retrieved from /home/airflow/.local/lib/python3.6/site-packages/airflow/example_dags/example_xcom.py
[2021-08-07 03:29:09,636] {logging_mixin.py:104} INFO - [2021-08-07 03:29:09,636] {dag.py:1833} INFO - Sync 1 DAGs
[2021-08-07 03:29:09,652] {logging_mixin.py:104} INFO - [2021-08-07 03:29:09,652] {dag.py:2306} INFO - Setting next_dagrun for example_xcom to 2021-08-05 00:00:00+00:00
[2021-08-07 03:29:09,662] {scheduler_job.py:189} INFO - Processing /home/airflow/.local/lib/python3.6/site-packages/airflow/example_dags/example_xcom.py took 0.073 seconds
[2021-08-07 03:29:40,123] {scheduler_job.py:181} INFO - Started process (PID=435) to work on /home/airflow/.local/lib/python3.6/site-packages/airflow/example_dags/example_xcom.py
[2021-08-07 03:29:40,125] {scheduler_job.py:632} INFO - Processing file /home/airflow/.local/lib/python3.6/site-packages/airflow/example_dags/example_xcom.py for tasks to queue
[2021-08-07 03:29:40,126] {logging_mixin.py:104} INFO - [2021-08-07 03:29:40,126] {dagbag.py:496} INFO - Filling up the DagBag from /home/airflow/.local/lib/python3.6/site-packages/airflow/example_dags/example_xcom.py
[2021-08-07 03:29:40,142] {scheduler_job.py:642} INFO - DAG(s) dict_keys(['example_xcom']) retrieved from /home/airflow/.local/lib/python3.6/site-packages/airflow/example_dags/example_xcom.py
[2021-08-07 03:29:40,166] {logging_mixin.py:104} INFO - [2021-08-07 03:29:40,166] {dag.py:1833} INFO - Sync 1 DAGs
[2021-08-07 03:29:40,181] {logging_mixin.py:104} INFO - [2021-08-07 03:29:40,181] {dag.py:2306} INFO - Setting next_dagrun for example_xcom to 2021-08-05 00:00:00+00:00
[2021-08-07 03:29:40,190] {scheduler_job.py:189} INFO - Processing /home/airflow/.local/lib/python3.6/site-packages/airflow/example_dags/example_xcom.py took 0.071 seconds
[2021-08-07 03:30:10,445] {scheduler_job.py:181} INFO - Started process (PID=499) to work on /home/airflow/.local/lib/python3.6/site-packages/airflow/example_dags/example_xcom.py
[2021-08-07 03:30:10,447] {scheduler_job.py:632} INFO - Processing file /home/airflow/.local/lib/python3.6/site-packages/airflow/example_dags/example_xcom.py for tasks to queue
[2021-08-07 03:30:10,448] {logging_mixin.py:104} INFO - [2021-08-07 03:30:10,448] {dagbag.py:496} INFO - Filling up the DagBag from /home/airflow/.local/lib/python3.6/site-packages/airflow/example_dags/example_xcom.py
[2021-08-07 03:30:10,462] {scheduler_job.py:642} INFO - DAG(s) dict_keys(['example_xcom']) retrieved from /home/airflow/.local/lib/python3.6/site-packages/airflow/example_dags/example_xcom.py
[2021-08-07 03:30:10,483] {logging_mixin.py:104} INFO - [2021-08-07 03:30:10,483] {dag.py:1833} INFO - Sync 1 DAGs
[2021-08-07 03:30:10,498] {logging_mixin.py:104} INFO - [2021-08-07 03:30:10,498] {dag.py:2306} INFO - Setting next_dagrun for example_xcom to 2021-08-05 00:00:00+00:00
[2021-08-07 03:30:10,509] {scheduler_job.py:189} INFO - Processing /home/airflow/.local/lib/python3.6/site-packages/airflow/example_dags/example_xcom.py took 0.067 seconds
[2021-08-07 03:30:40,794] {scheduler_job.py:181} INFO - Started process (PID=550) to work on /home/airflow/.local/lib/python3.6/site-packages/airflow/example_dags/example_xcom.py
[2021-08-07 03:30:40,796] {scheduler_job.py:632} INFO - Processing file /home/airflow/.local/lib/python3.6/site-packages/airflow/example_dags/example_xcom.py for tasks to queue
[2021-08-07 03:30:40,798] {logging_mixin.py:104} INFO - [2021-08-07 03:30:40,797] {dagbag.py:496} INFO - Filling up the DagBag from /home/airflow/.local/lib/python3.6/site-packages/airflow/example_dags/example_xcom.py
[2021-08-07 03:30:40,811] {scheduler_job.py:642} INFO - DAG(s) dict_keys(['example_xcom']) retrieved from /home/airflow/.local/lib/python3.6/site-packages/airflow/example_dags/example_xcom.py
[2021-08-07 03:30:40,833] {logging_mixin.py:104} INFO - [2021-08-07 03:30:40,833] {dag.py:1833} INFO - Sync 1 DAGs
[2021-08-07 03:30:40,851] {logging_mixin.py:104} INFO - [2021-08-07 03:30:40,851] {dag.py:2306} INFO - Setting next_dagrun for example_xcom to 2021-08-05 00:00:00+00:00
[2021-08-07 03:30:40,863] {scheduler_job.py:189} INFO - Processing /home/airflow/.local/lib/python3.6/site-packages/airflow/example_dags/example_xcom.py took 0.072 seconds
[2021-08-07 03:31:11,165] {scheduler_job.py:181} INFO - Started process (PID=612) to work on /home/airflow/.local/lib/python3.6/site-packages/airflow/example_dags/example_xcom.py
[2021-08-07 03:31:11,168] {scheduler_job.py:632} INFO - Processing file /home/airflow/.local/lib/python3.6/site-packages/airflow/example_dags/example_xcom.py for tasks to queue
[2021-08-07 03:31:11,170] {logging_mixin.py:104} INFO - [2021-08-07 03:31:11,169] {dagbag.py:496} INFO - Filling up the DagBag from /home/airflow/.local/lib/python3.6/site-packages/airflow/example_dags/example_xcom.py
[2021-08-07 03:31:11,181] {scheduler_job.py:642} INFO - DAG(s) dict_keys(['example_xcom']) retrieved from /home/airflow/.local/lib/python3.6/site-packages/airflow/example_dags/example_xcom.py
[2021-08-07 03:31:11,203] {logging_mixin.py:104} INFO - [2021-08-07 03:31:11,203] {dag.py:1833} INFO - Sync 1 DAGs
[2021-08-07 03:31:11,216] {logging_mixin.py:104} INFO - [2021-08-07 03:31:11,216] {dag.py:2306} INFO - Setting next_dagrun for example_xcom to 2021-08-05 00:00:00+00:00
[2021-08-07 03:31:11,224] {scheduler_job.py:189} INFO - Processing /home/airflow/.local/lib/python3.6/site-packages/airflow/example_dags/example_xcom.py took 0.062 seconds
[2021-08-07 03:31:41,661] {scheduler_job.py:181} INFO - Started process (PID=676) to work on /home/airflow/.local/lib/python3.6/site-packages/airflow/example_dags/example_xcom.py
[2021-08-07 03:31:41,663] {scheduler_job.py:632} INFO - Processing file /home/airflow/.local/lib/python3.6/site-packages/airflow/example_dags/example_xcom.py for tasks to queue
[2021-08-07 03:31:41,664] {logging_mixin.py:104} INFO - [2021-08-07 03:31:41,664] {dagbag.py:496} INFO - Filling up the DagBag from /home/airflow/.local/lib/python3.6/site-packages/airflow/example_dags/example_xcom.py
[2021-08-07 03:31:41,679] {scheduler_job.py:642} INFO - DAG(s) dict_keys(['example_xcom']) retrieved from /home/airflow/.local/lib/python3.6/site-packages/airflow/example_dags/example_xcom.py
[2021-08-07 03:31:41,703] {logging_mixin.py:104} INFO - [2021-08-07 03:31:41,703] {dag.py:1833} INFO - Sync 1 DAGs
[2021-08-07 03:31:41,718] {logging_mixin.py:104} INFO - [2021-08-07 03:31:41,718] {dag.py:2306} INFO - Setting next_dagrun for example_xcom to 2021-08-05 00:00:00+00:00
[2021-08-07 03:31:41,729] {scheduler_job.py:189} INFO - Processing /home/airflow/.local/lib/python3.6/site-packages/airflow/example_dags/example_xcom.py took 0.072 seconds
[2021-08-07 03:32:20,734] {scheduler_job.py:181} INFO - Started process (PID=47) to work on /home/airflow/.local/lib/python3.6/site-packages/airflow/example_dags/example_xcom.py
[2021-08-07 03:32:20,736] {scheduler_job.py:632} INFO - Processing file /home/airflow/.local/lib/python3.6/site-packages/airflow/example_dags/example_xcom.py for tasks to queue
[2021-08-07 03:32:20,738] {logging_mixin.py:104} INFO - [2021-08-07 03:32:20,737] {dagbag.py:496} INFO - Filling up the DagBag from /home/airflow/.local/lib/python3.6/site-packages/airflow/example_dags/example_xcom.py
[2021-08-07 03:32:20,759] {scheduler_job.py:642} INFO - DAG(s) dict_keys(['example_xcom']) retrieved from /home/airflow/.local/lib/python3.6/site-packages/airflow/example_dags/example_xcom.py
[2021-08-07 03:32:20,790] {logging_mixin.py:104} INFO - [2021-08-07 03:32:20,790] {dag.py:1833} INFO - Sync 1 DAGs
[2021-08-07 03:32:20,811] {logging_mixin.py:104} INFO - [2021-08-07 03:32:20,811] {dag.py:2306} INFO - Setting next_dagrun for example_xcom to 2021-08-05 00:00:00+00:00
[2021-08-07 03:32:20,827] {scheduler_job.py:189} INFO - Processing /home/airflow/.local/lib/python3.6/site-packages/airflow/example_dags/example_xcom.py took 0.097 seconds
[2021-08-07 03:32:51,276] {scheduler_job.py:181} INFO - Started process (PID=112) to work on /home/airflow/.local/lib/python3.6/site-packages/airflow/example_dags/example_xcom.py
[2021-08-07 03:32:51,279] {scheduler_job.py:632} INFO - Processing file /home/airflow/.local/lib/python3.6/site-packages/airflow/example_dags/example_xcom.py for tasks to queue
[2021-08-07 03:32:51,281] {logging_mixin.py:104} INFO - [2021-08-07 03:32:51,280] {dagbag.py:496} INFO - Filling up the DagBag from /home/airflow/.local/lib/python3.6/site-packages/airflow/example_dags/example_xcom.py
[2021-08-07 03:32:51,302] {scheduler_job.py:642} INFO - DAG(s) dict_keys(['example_xcom']) retrieved from /home/airflow/.local/lib/python3.6/site-packages/airflow/example_dags/example_xcom.py
[2021-08-07 03:32:51,334] {logging_mixin.py:104} INFO - [2021-08-07 03:32:51,334] {dag.py:1833} INFO - Sync 1 DAGs
[2021-08-07 03:32:51,354] {logging_mixin.py:104} INFO - [2021-08-07 03:32:51,354] {dag.py:2306} INFO - Setting next_dagrun for example_xcom to 2021-08-05 00:00:00+00:00
[2021-08-07 03:32:51,368] {scheduler_job.py:189} INFO - Processing /home/airflow/.local/lib/python3.6/site-packages/airflow/example_dags/example_xcom.py took 0.096 seconds
