[2021-08-07 03:28:07,859] {scheduler_job.py:181} INFO - Started process (PID=26) to work on /home/airflow/.local/lib/python3.6/site-packages/airflow/example_dags/example_kubernetes_executor_config.py
[2021-08-07 03:28:07,861] {scheduler_job.py:632} INFO - Processing file /home/airflow/.local/lib/python3.6/site-packages/airflow/example_dags/example_kubernetes_executor_config.py for tasks to queue
[2021-08-07 03:28:07,862] {logging_mixin.py:104} INFO - [2021-08-07 03:28:07,862] {dagbag.py:496} INFO - Filling up the DagBag from /home/airflow/.local/lib/python3.6/site-packages/airflow/example_dags/example_kubernetes_executor_config.py
[2021-08-07 03:28:07,892] {scheduler_job.py:642} INFO - DAG(s) dict_keys(['example_kubernetes_executor_config']) retrieved from /home/airflow/.local/lib/python3.6/site-packages/airflow/example_dags/example_kubernetes_executor_config.py
[2021-08-07 03:28:13,655] {logging_mixin.py:104} INFO - [2021-08-07 03:28:13,654] {dag.py:1833} INFO - Sync 1 DAGs
[2021-08-07 03:28:13,668] {logging_mixin.py:104} INFO - [2021-08-07 03:28:13,667] {dag.py:1852} INFO - Creating ORM DAG for example_kubernetes_executor_config
[2021-08-07 03:28:13,677] {logging_mixin.py:104} INFO - [2021-08-07 03:28:13,676] {dag.py:2306} INFO - Setting next_dagrun for example_kubernetes_executor_config to None
[2021-08-07 03:28:13,690] {scheduler_job.py:189} INFO - Processing /home/airflow/.local/lib/python3.6/site-packages/airflow/example_dags/example_kubernetes_executor_config.py took 5.835 seconds
[2021-08-07 03:28:44,617] {scheduler_job.py:181} INFO - Started process (PID=326) to work on /home/airflow/.local/lib/python3.6/site-packages/airflow/example_dags/example_kubernetes_executor_config.py
[2021-08-07 03:28:44,619] {scheduler_job.py:632} INFO - Processing file /home/airflow/.local/lib/python3.6/site-packages/airflow/example_dags/example_kubernetes_executor_config.py for tasks to queue
[2021-08-07 03:28:44,620] {logging_mixin.py:104} INFO - [2021-08-07 03:28:44,620] {dagbag.py:496} INFO - Filling up the DagBag from /home/airflow/.local/lib/python3.6/site-packages/airflow/example_dags/example_kubernetes_executor_config.py
[2021-08-07 03:28:44,637] {scheduler_job.py:642} INFO - DAG(s) dict_keys(['example_kubernetes_executor_config']) retrieved from /home/airflow/.local/lib/python3.6/site-packages/airflow/example_dags/example_kubernetes_executor_config.py
[2021-08-07 03:28:44,665] {logging_mixin.py:104} INFO - [2021-08-07 03:28:44,665] {dag.py:1833} INFO - Sync 1 DAGs
[2021-08-07 03:28:44,683] {logging_mixin.py:104} INFO - [2021-08-07 03:28:44,683] {dag.py:2306} INFO - Setting next_dagrun for example_kubernetes_executor_config to None
[2021-08-07 03:28:44,695] {scheduler_job.py:189} INFO - Processing /home/airflow/.local/lib/python3.6/site-packages/airflow/example_dags/example_kubernetes_executor_config.py took 0.081 seconds
[2021-08-07 03:29:14,878] {scheduler_job.py:181} INFO - Started process (PID=387) to work on /home/airflow/.local/lib/python3.6/site-packages/airflow/example_dags/example_kubernetes_executor_config.py
[2021-08-07 03:29:14,879] {scheduler_job.py:632} INFO - Processing file /home/airflow/.local/lib/python3.6/site-packages/airflow/example_dags/example_kubernetes_executor_config.py for tasks to queue
[2021-08-07 03:29:14,880] {logging_mixin.py:104} INFO - [2021-08-07 03:29:14,880] {dagbag.py:496} INFO - Filling up the DagBag from /home/airflow/.local/lib/python3.6/site-packages/airflow/example_dags/example_kubernetes_executor_config.py
[2021-08-07 03:29:14,895] {scheduler_job.py:642} INFO - DAG(s) dict_keys(['example_kubernetes_executor_config']) retrieved from /home/airflow/.local/lib/python3.6/site-packages/airflow/example_dags/example_kubernetes_executor_config.py
[2021-08-07 03:29:14,918] {logging_mixin.py:104} INFO - [2021-08-07 03:29:14,918] {dag.py:1833} INFO - Sync 1 DAGs
[2021-08-07 03:29:14,934] {logging_mixin.py:104} INFO - [2021-08-07 03:29:14,934] {dag.py:2306} INFO - Setting next_dagrun for example_kubernetes_executor_config to None
[2021-08-07 03:29:14,948] {scheduler_job.py:189} INFO - Processing /home/airflow/.local/lib/python3.6/site-packages/airflow/example_dags/example_kubernetes_executor_config.py took 0.074 seconds
[2021-08-07 03:29:45,339] {scheduler_job.py:181} INFO - Started process (PID=449) to work on /home/airflow/.local/lib/python3.6/site-packages/airflow/example_dags/example_kubernetes_executor_config.py
[2021-08-07 03:29:45,340] {scheduler_job.py:632} INFO - Processing file /home/airflow/.local/lib/python3.6/site-packages/airflow/example_dags/example_kubernetes_executor_config.py for tasks to queue
[2021-08-07 03:29:45,342] {logging_mixin.py:104} INFO - [2021-08-07 03:29:45,341] {dagbag.py:496} INFO - Filling up the DagBag from /home/airflow/.local/lib/python3.6/site-packages/airflow/example_dags/example_kubernetes_executor_config.py
[2021-08-07 03:29:45,357] {scheduler_job.py:642} INFO - DAG(s) dict_keys(['example_kubernetes_executor_config']) retrieved from /home/airflow/.local/lib/python3.6/site-packages/airflow/example_dags/example_kubernetes_executor_config.py
[2021-08-07 03:29:45,381] {logging_mixin.py:104} INFO - [2021-08-07 03:29:45,381] {dag.py:1833} INFO - Sync 1 DAGs
[2021-08-07 03:29:45,397] {logging_mixin.py:104} INFO - [2021-08-07 03:29:45,397] {dag.py:2306} INFO - Setting next_dagrun for example_kubernetes_executor_config to None
[2021-08-07 03:29:45,407] {scheduler_job.py:189} INFO - Processing /home/airflow/.local/lib/python3.6/site-packages/airflow/example_dags/example_kubernetes_executor_config.py took 0.071 seconds
[2021-08-07 03:30:15,672] {scheduler_job.py:181} INFO - Started process (PID=505) to work on /home/airflow/.local/lib/python3.6/site-packages/airflow/example_dags/example_kubernetes_executor_config.py
[2021-08-07 03:30:15,674] {scheduler_job.py:632} INFO - Processing file /home/airflow/.local/lib/python3.6/site-packages/airflow/example_dags/example_kubernetes_executor_config.py for tasks to queue
[2021-08-07 03:30:15,675] {logging_mixin.py:104} INFO - [2021-08-07 03:30:15,675] {dagbag.py:496} INFO - Filling up the DagBag from /home/airflow/.local/lib/python3.6/site-packages/airflow/example_dags/example_kubernetes_executor_config.py
[2021-08-07 03:30:15,691] {scheduler_job.py:642} INFO - DAG(s) dict_keys(['example_kubernetes_executor_config']) retrieved from /home/airflow/.local/lib/python3.6/site-packages/airflow/example_dags/example_kubernetes_executor_config.py
[2021-08-07 03:30:15,715] {logging_mixin.py:104} INFO - [2021-08-07 03:30:15,715] {dag.py:1833} INFO - Sync 1 DAGs
[2021-08-07 03:30:15,730] {logging_mixin.py:104} INFO - [2021-08-07 03:30:15,730] {dag.py:2306} INFO - Setting next_dagrun for example_kubernetes_executor_config to None
[2021-08-07 03:30:15,741] {scheduler_job.py:189} INFO - Processing /home/airflow/.local/lib/python3.6/site-packages/airflow/example_dags/example_kubernetes_executor_config.py took 0.073 seconds
[2021-08-07 03:30:46,020] {scheduler_job.py:181} INFO - Started process (PID=566) to work on /home/airflow/.local/lib/python3.6/site-packages/airflow/example_dags/example_kubernetes_executor_config.py
[2021-08-07 03:30:46,022] {scheduler_job.py:632} INFO - Processing file /home/airflow/.local/lib/python3.6/site-packages/airflow/example_dags/example_kubernetes_executor_config.py for tasks to queue
[2021-08-07 03:30:46,024] {logging_mixin.py:104} INFO - [2021-08-07 03:30:46,024] {dagbag.py:496} INFO - Filling up the DagBag from /home/airflow/.local/lib/python3.6/site-packages/airflow/example_dags/example_kubernetes_executor_config.py
[2021-08-07 03:30:46,040] {scheduler_job.py:642} INFO - DAG(s) dict_keys(['example_kubernetes_executor_config']) retrieved from /home/airflow/.local/lib/python3.6/site-packages/airflow/example_dags/example_kubernetes_executor_config.py
[2021-08-07 03:30:46,071] {logging_mixin.py:104} INFO - [2021-08-07 03:30:46,071] {dag.py:1833} INFO - Sync 1 DAGs
[2021-08-07 03:30:46,086] {logging_mixin.py:104} INFO - [2021-08-07 03:30:46,086] {dag.py:2306} INFO - Setting next_dagrun for example_kubernetes_executor_config to None
[2021-08-07 03:30:46,097] {scheduler_job.py:189} INFO - Processing /home/airflow/.local/lib/python3.6/site-packages/airflow/example_dags/example_kubernetes_executor_config.py took 0.082 seconds
[2021-08-07 03:31:16,404] {scheduler_job.py:181} INFO - Started process (PID=629) to work on /home/airflow/.local/lib/python3.6/site-packages/airflow/example_dags/example_kubernetes_executor_config.py
[2021-08-07 03:31:16,406] {scheduler_job.py:632} INFO - Processing file /home/airflow/.local/lib/python3.6/site-packages/airflow/example_dags/example_kubernetes_executor_config.py for tasks to queue
[2021-08-07 03:31:16,407] {logging_mixin.py:104} INFO - [2021-08-07 03:31:16,407] {dagbag.py:496} INFO - Filling up the DagBag from /home/airflow/.local/lib/python3.6/site-packages/airflow/example_dags/example_kubernetes_executor_config.py
[2021-08-07 03:31:16,422] {scheduler_job.py:642} INFO - DAG(s) dict_keys(['example_kubernetes_executor_config']) retrieved from /home/airflow/.local/lib/python3.6/site-packages/airflow/example_dags/example_kubernetes_executor_config.py
[2021-08-07 03:31:16,446] {logging_mixin.py:104} INFO - [2021-08-07 03:31:16,446] {dag.py:1833} INFO - Sync 1 DAGs
[2021-08-07 03:31:16,463] {logging_mixin.py:104} INFO - [2021-08-07 03:31:16,463] {dag.py:2306} INFO - Setting next_dagrun for example_kubernetes_executor_config to None
[2021-08-07 03:31:16,473] {scheduler_job.py:189} INFO - Processing /home/airflow/.local/lib/python3.6/site-packages/airflow/example_dags/example_kubernetes_executor_config.py took 0.072 seconds
[2021-08-07 03:31:46,888] {scheduler_job.py:181} INFO - Started process (PID=682) to work on /home/airflow/.local/lib/python3.6/site-packages/airflow/example_dags/example_kubernetes_executor_config.py
[2021-08-07 03:31:46,890] {scheduler_job.py:632} INFO - Processing file /home/airflow/.local/lib/python3.6/site-packages/airflow/example_dags/example_kubernetes_executor_config.py for tasks to queue
[2021-08-07 03:31:46,891] {logging_mixin.py:104} INFO - [2021-08-07 03:31:46,891] {dagbag.py:496} INFO - Filling up the DagBag from /home/airflow/.local/lib/python3.6/site-packages/airflow/example_dags/example_kubernetes_executor_config.py
[2021-08-07 03:31:46,906] {scheduler_job.py:642} INFO - DAG(s) dict_keys(['example_kubernetes_executor_config']) retrieved from /home/airflow/.local/lib/python3.6/site-packages/airflow/example_dags/example_kubernetes_executor_config.py
[2021-08-07 03:31:46,929] {logging_mixin.py:104} INFO - [2021-08-07 03:31:46,929] {dag.py:1833} INFO - Sync 1 DAGs
[2021-08-07 03:31:46,949] {logging_mixin.py:104} INFO - [2021-08-07 03:31:46,949] {dag.py:2306} INFO - Setting next_dagrun for example_kubernetes_executor_config to None
[2021-08-07 03:31:46,963] {scheduler_job.py:189} INFO - Processing /home/airflow/.local/lib/python3.6/site-packages/airflow/example_dags/example_kubernetes_executor_config.py took 0.079 seconds
[2021-08-07 03:32:18,955] {scheduler_job.py:181} INFO - Started process (PID=25) to work on /home/airflow/.local/lib/python3.6/site-packages/airflow/example_dags/example_kubernetes_executor_config.py
[2021-08-07 03:32:18,957] {scheduler_job.py:632} INFO - Processing file /home/airflow/.local/lib/python3.6/site-packages/airflow/example_dags/example_kubernetes_executor_config.py for tasks to queue
[2021-08-07 03:32:18,959] {logging_mixin.py:104} INFO - [2021-08-07 03:32:18,959] {dagbag.py:496} INFO - Filling up the DagBag from /home/airflow/.local/lib/python3.6/site-packages/airflow/example_dags/example_kubernetes_executor_config.py
[2021-08-07 03:32:18,976] {scheduler_job.py:642} INFO - DAG(s) dict_keys(['example_kubernetes_executor_config']) retrieved from /home/airflow/.local/lib/python3.6/site-packages/airflow/example_dags/example_kubernetes_executor_config.py
[2021-08-07 03:32:19,008] {logging_mixin.py:104} INFO - [2021-08-07 03:32:19,008] {dag.py:1833} INFO - Sync 1 DAGs
[2021-08-07 03:32:19,022] {logging_mixin.py:104} INFO - [2021-08-07 03:32:19,022] {dag.py:2306} INFO - Setting next_dagrun for example_kubernetes_executor_config to None
[2021-08-07 03:32:19,035] {scheduler_job.py:189} INFO - Processing /home/airflow/.local/lib/python3.6/site-packages/airflow/example_dags/example_kubernetes_executor_config.py took 0.084 seconds
[2021-08-07 03:32:49,448] {scheduler_job.py:181} INFO - Started process (PID=79) to work on /home/airflow/.local/lib/python3.6/site-packages/airflow/example_dags/example_kubernetes_executor_config.py
[2021-08-07 03:32:49,450] {scheduler_job.py:632} INFO - Processing file /home/airflow/.local/lib/python3.6/site-packages/airflow/example_dags/example_kubernetes_executor_config.py for tasks to queue
[2021-08-07 03:32:49,451] {logging_mixin.py:104} INFO - [2021-08-07 03:32:49,451] {dagbag.py:496} INFO - Filling up the DagBag from /home/airflow/.local/lib/python3.6/site-packages/airflow/example_dags/example_kubernetes_executor_config.py
[2021-08-07 03:32:49,471] {scheduler_job.py:642} INFO - DAG(s) dict_keys(['example_kubernetes_executor_config']) retrieved from /home/airflow/.local/lib/python3.6/site-packages/airflow/example_dags/example_kubernetes_executor_config.py
[2021-08-07 03:32:49,496] {logging_mixin.py:104} INFO - [2021-08-07 03:32:49,496] {dag.py:1833} INFO - Sync 1 DAGs
[2021-08-07 03:32:49,513] {logging_mixin.py:104} INFO - [2021-08-07 03:32:49,513] {dag.py:2306} INFO - Setting next_dagrun for example_kubernetes_executor_config to None
[2021-08-07 03:32:49,524] {scheduler_job.py:189} INFO - Processing /home/airflow/.local/lib/python3.6/site-packages/airflow/example_dags/example_kubernetes_executor_config.py took 0.079 seconds
