[2021-08-07 03:28:35,255] {scheduler_job.py:181} INFO - Started process (PID=233) to work on /home/airflow/.local/lib/python3.6/site-packages/airflow/example_dags/example_branch_day_of_week_operator.py
[2021-08-07 03:28:35,257] {scheduler_job.py:632} INFO - Processing file /home/airflow/.local/lib/python3.6/site-packages/airflow/example_dags/example_branch_day_of_week_operator.py for tasks to queue
[2021-08-07 03:28:35,258] {logging_mixin.py:104} INFO - [2021-08-07 03:28:35,258] {dagbag.py:496} INFO - Filling up the DagBag from /home/airflow/.local/lib/python3.6/site-packages/airflow/example_dags/example_branch_day_of_week_operator.py
[2021-08-07 03:28:35,273] {scheduler_job.py:642} INFO - DAG(s) dict_keys(['example_weekday_branch_operator']) retrieved from /home/airflow/.local/lib/python3.6/site-packages/airflow/example_dags/example_branch_day_of_week_operator.py
[2021-08-07 03:28:37,175] {logging_mixin.py:104} INFO - [2021-08-07 03:28:37,174] {dag.py:1833} INFO - Sync 1 DAGs
[2021-08-07 03:28:37,186] {logging_mixin.py:104} INFO - [2021-08-07 03:28:37,185] {dag.py:1852} INFO - Creating ORM DAG for example_weekday_branch_operator
[2021-08-07 03:28:37,196] {logging_mixin.py:104} INFO - [2021-08-07 03:28:37,196] {dag.py:2306} INFO - Setting next_dagrun for example_weekday_branch_operator to 2021-08-05 00:00:00+00:00
[2021-08-07 03:28:37,207] {scheduler_job.py:189} INFO - Processing /home/airflow/.local/lib/python3.6/site-packages/airflow/example_dags/example_branch_day_of_week_operator.py took 1.955 seconds
[2021-08-07 03:29:07,572] {scheduler_job.py:181} INFO - Started process (PID=369) to work on /home/airflow/.local/lib/python3.6/site-packages/airflow/example_dags/example_branch_day_of_week_operator.py
[2021-08-07 03:29:07,574] {scheduler_job.py:632} INFO - Processing file /home/airflow/.local/lib/python3.6/site-packages/airflow/example_dags/example_branch_day_of_week_operator.py for tasks to queue
[2021-08-07 03:29:07,575] {logging_mixin.py:104} INFO - [2021-08-07 03:29:07,575] {dagbag.py:496} INFO - Filling up the DagBag from /home/airflow/.local/lib/python3.6/site-packages/airflow/example_dags/example_branch_day_of_week_operator.py
[2021-08-07 03:29:07,591] {scheduler_job.py:642} INFO - DAG(s) dict_keys(['example_weekday_branch_operator']) retrieved from /home/airflow/.local/lib/python3.6/site-packages/airflow/example_dags/example_branch_day_of_week_operator.py
[2021-08-07 03:29:07,616] {logging_mixin.py:104} INFO - [2021-08-07 03:29:07,616] {dag.py:1833} INFO - Sync 1 DAGs
[2021-08-07 03:29:07,635] {logging_mixin.py:104} INFO - [2021-08-07 03:29:07,635] {dag.py:2306} INFO - Setting next_dagrun for example_weekday_branch_operator to 2021-08-05 00:00:00+00:00
[2021-08-07 03:29:07,645] {scheduler_job.py:189} INFO - Processing /home/airflow/.local/lib/python3.6/site-packages/airflow/example_dags/example_branch_day_of_week_operator.py took 0.077 seconds
[2021-08-07 03:29:38,025] {scheduler_job.py:181} INFO - Started process (PID=433) to work on /home/airflow/.local/lib/python3.6/site-packages/airflow/example_dags/example_branch_day_of_week_operator.py
[2021-08-07 03:29:38,026] {scheduler_job.py:632} INFO - Processing file /home/airflow/.local/lib/python3.6/site-packages/airflow/example_dags/example_branch_day_of_week_operator.py for tasks to queue
[2021-08-07 03:29:38,028] {logging_mixin.py:104} INFO - [2021-08-07 03:29:38,027] {dagbag.py:496} INFO - Filling up the DagBag from /home/airflow/.local/lib/python3.6/site-packages/airflow/example_dags/example_branch_day_of_week_operator.py
[2021-08-07 03:29:38,041] {scheduler_job.py:642} INFO - DAG(s) dict_keys(['example_weekday_branch_operator']) retrieved from /home/airflow/.local/lib/python3.6/site-packages/airflow/example_dags/example_branch_day_of_week_operator.py
[2021-08-07 03:29:38,063] {logging_mixin.py:104} INFO - [2021-08-07 03:29:38,063] {dag.py:1833} INFO - Sync 1 DAGs
[2021-08-07 03:29:38,081] {logging_mixin.py:104} INFO - [2021-08-07 03:29:38,081] {dag.py:2306} INFO - Setting next_dagrun for example_weekday_branch_operator to 2021-08-05 00:00:00+00:00
[2021-08-07 03:29:38,093] {scheduler_job.py:189} INFO - Processing /home/airflow/.local/lib/python3.6/site-packages/airflow/example_dags/example_branch_day_of_week_operator.py took 0.071 seconds
[2021-08-07 03:30:08,349] {scheduler_job.py:181} INFO - Started process (PID=496) to work on /home/airflow/.local/lib/python3.6/site-packages/airflow/example_dags/example_branch_day_of_week_operator.py
[2021-08-07 03:30:08,351] {scheduler_job.py:632} INFO - Processing file /home/airflow/.local/lib/python3.6/site-packages/airflow/example_dags/example_branch_day_of_week_operator.py for tasks to queue
[2021-08-07 03:30:08,352] {logging_mixin.py:104} INFO - [2021-08-07 03:30:08,352] {dagbag.py:496} INFO - Filling up the DagBag from /home/airflow/.local/lib/python3.6/site-packages/airflow/example_dags/example_branch_day_of_week_operator.py
[2021-08-07 03:30:08,365] {scheduler_job.py:642} INFO - DAG(s) dict_keys(['example_weekday_branch_operator']) retrieved from /home/airflow/.local/lib/python3.6/site-packages/airflow/example_dags/example_branch_day_of_week_operator.py
[2021-08-07 03:30:08,385] {logging_mixin.py:104} INFO - [2021-08-07 03:30:08,385] {dag.py:1833} INFO - Sync 1 DAGs
[2021-08-07 03:30:08,403] {logging_mixin.py:104} INFO - [2021-08-07 03:30:08,403] {dag.py:2306} INFO - Setting next_dagrun for example_weekday_branch_operator to 2021-08-05 00:00:00+00:00
[2021-08-07 03:30:08,414] {scheduler_job.py:189} INFO - Processing /home/airflow/.local/lib/python3.6/site-packages/airflow/example_dags/example_branch_day_of_week_operator.py took 0.068 seconds
[2021-08-07 03:30:38,697] {scheduler_job.py:181} INFO - Started process (PID=548) to work on /home/airflow/.local/lib/python3.6/site-packages/airflow/example_dags/example_branch_day_of_week_operator.py
[2021-08-07 03:30:38,699] {scheduler_job.py:632} INFO - Processing file /home/airflow/.local/lib/python3.6/site-packages/airflow/example_dags/example_branch_day_of_week_operator.py for tasks to queue
[2021-08-07 03:30:38,700] {logging_mixin.py:104} INFO - [2021-08-07 03:30:38,700] {dagbag.py:496} INFO - Filling up the DagBag from /home/airflow/.local/lib/python3.6/site-packages/airflow/example_dags/example_branch_day_of_week_operator.py
[2021-08-07 03:30:38,711] {scheduler_job.py:642} INFO - DAG(s) dict_keys(['example_weekday_branch_operator']) retrieved from /home/airflow/.local/lib/python3.6/site-packages/airflow/example_dags/example_branch_day_of_week_operator.py
[2021-08-07 03:30:38,737] {logging_mixin.py:104} INFO - [2021-08-07 03:30:38,737] {dag.py:1833} INFO - Sync 1 DAGs
[2021-08-07 03:30:38,752] {logging_mixin.py:104} INFO - [2021-08-07 03:30:38,752] {dag.py:2306} INFO - Setting next_dagrun for example_weekday_branch_operator to 2021-08-05 00:00:00+00:00
[2021-08-07 03:30:38,764] {scheduler_job.py:189} INFO - Processing /home/airflow/.local/lib/python3.6/site-packages/airflow/example_dags/example_branch_day_of_week_operator.py took 0.070 seconds
[2021-08-07 03:31:09,070] {scheduler_job.py:181} INFO - Started process (PID=610) to work on /home/airflow/.local/lib/python3.6/site-packages/airflow/example_dags/example_branch_day_of_week_operator.py
[2021-08-07 03:31:09,072] {scheduler_job.py:632} INFO - Processing file /home/airflow/.local/lib/python3.6/site-packages/airflow/example_dags/example_branch_day_of_week_operator.py for tasks to queue
[2021-08-07 03:31:09,073] {logging_mixin.py:104} INFO - [2021-08-07 03:31:09,073] {dagbag.py:496} INFO - Filling up the DagBag from /home/airflow/.local/lib/python3.6/site-packages/airflow/example_dags/example_branch_day_of_week_operator.py
[2021-08-07 03:31:09,088] {scheduler_job.py:642} INFO - DAG(s) dict_keys(['example_weekday_branch_operator']) retrieved from /home/airflow/.local/lib/python3.6/site-packages/airflow/example_dags/example_branch_day_of_week_operator.py
[2021-08-07 03:31:09,113] {logging_mixin.py:104} INFO - [2021-08-07 03:31:09,112] {dag.py:1833} INFO - Sync 1 DAGs
[2021-08-07 03:31:09,130] {logging_mixin.py:104} INFO - [2021-08-07 03:31:09,130] {dag.py:2306} INFO - Setting next_dagrun for example_weekday_branch_operator to 2021-08-05 00:00:00+00:00
[2021-08-07 03:31:09,139] {scheduler_job.py:189} INFO - Processing /home/airflow/.local/lib/python3.6/site-packages/airflow/example_dags/example_branch_day_of_week_operator.py took 0.072 seconds
[2021-08-07 03:31:39,550] {scheduler_job.py:181} INFO - Started process (PID=674) to work on /home/airflow/.local/lib/python3.6/site-packages/airflow/example_dags/example_branch_day_of_week_operator.py
[2021-08-07 03:31:39,552] {scheduler_job.py:632} INFO - Processing file /home/airflow/.local/lib/python3.6/site-packages/airflow/example_dags/example_branch_day_of_week_operator.py for tasks to queue
[2021-08-07 03:31:39,553] {logging_mixin.py:104} INFO - [2021-08-07 03:31:39,553] {dagbag.py:496} INFO - Filling up the DagBag from /home/airflow/.local/lib/python3.6/site-packages/airflow/example_dags/example_branch_day_of_week_operator.py
[2021-08-07 03:31:39,568] {scheduler_job.py:642} INFO - DAG(s) dict_keys(['example_weekday_branch_operator']) retrieved from /home/airflow/.local/lib/python3.6/site-packages/airflow/example_dags/example_branch_day_of_week_operator.py
[2021-08-07 03:31:39,592] {logging_mixin.py:104} INFO - [2021-08-07 03:31:39,592] {dag.py:1833} INFO - Sync 1 DAGs
[2021-08-07 03:31:39,610] {logging_mixin.py:104} INFO - [2021-08-07 03:31:39,610] {dag.py:2306} INFO - Setting next_dagrun for example_weekday_branch_operator to 2021-08-05 00:00:00+00:00
[2021-08-07 03:31:39,624] {scheduler_job.py:189} INFO - Processing /home/airflow/.local/lib/python3.6/site-packages/airflow/example_dags/example_branch_day_of_week_operator.py took 0.078 seconds
[2021-08-07 03:32:20,538] {scheduler_job.py:181} INFO - Started process (PID=45) to work on /home/airflow/.local/lib/python3.6/site-packages/airflow/example_dags/example_branch_day_of_week_operator.py
[2021-08-07 03:32:20,541] {scheduler_job.py:632} INFO - Processing file /home/airflow/.local/lib/python3.6/site-packages/airflow/example_dags/example_branch_day_of_week_operator.py for tasks to queue
[2021-08-07 03:32:20,543] {logging_mixin.py:104} INFO - [2021-08-07 03:32:20,543] {dagbag.py:496} INFO - Filling up the DagBag from /home/airflow/.local/lib/python3.6/site-packages/airflow/example_dags/example_branch_day_of_week_operator.py
[2021-08-07 03:32:20,570] {scheduler_job.py:642} INFO - DAG(s) dict_keys(['example_weekday_branch_operator']) retrieved from /home/airflow/.local/lib/python3.6/site-packages/airflow/example_dags/example_branch_day_of_week_operator.py
[2021-08-07 03:32:20,601] {logging_mixin.py:104} INFO - [2021-08-07 03:32:20,601] {dag.py:1833} INFO - Sync 1 DAGs
[2021-08-07 03:32:20,625] {logging_mixin.py:104} INFO - [2021-08-07 03:32:20,625] {dag.py:2306} INFO - Setting next_dagrun for example_weekday_branch_operator to 2021-08-05 00:00:00+00:00
[2021-08-07 03:32:20,640] {scheduler_job.py:189} INFO - Processing /home/airflow/.local/lib/python3.6/site-packages/airflow/example_dags/example_branch_day_of_week_operator.py took 0.109 seconds
[2021-08-07 03:32:51,043] {scheduler_job.py:181} INFO - Started process (PID=110) to work on /home/airflow/.local/lib/python3.6/site-packages/airflow/example_dags/example_branch_day_of_week_operator.py
[2021-08-07 03:32:51,048] {scheduler_job.py:632} INFO - Processing file /home/airflow/.local/lib/python3.6/site-packages/airflow/example_dags/example_branch_day_of_week_operator.py for tasks to queue
[2021-08-07 03:32:51,050] {logging_mixin.py:104} INFO - [2021-08-07 03:32:51,050] {dagbag.py:496} INFO - Filling up the DagBag from /home/airflow/.local/lib/python3.6/site-packages/airflow/example_dags/example_branch_day_of_week_operator.py
[2021-08-07 03:32:51,070] {scheduler_job.py:642} INFO - DAG(s) dict_keys(['example_weekday_branch_operator']) retrieved from /home/airflow/.local/lib/python3.6/site-packages/airflow/example_dags/example_branch_day_of_week_operator.py
[2021-08-07 03:32:51,096] {logging_mixin.py:104} INFO - [2021-08-07 03:32:51,095] {dag.py:1833} INFO - Sync 1 DAGs
[2021-08-07 03:32:51,116] {logging_mixin.py:104} INFO - [2021-08-07 03:32:51,116] {dag.py:2306} INFO - Setting next_dagrun for example_weekday_branch_operator to 2021-08-05 00:00:00+00:00
[2021-08-07 03:32:51,128] {scheduler_job.py:189} INFO - Processing /home/airflow/.local/lib/python3.6/site-packages/airflow/example_dags/example_branch_day_of_week_operator.py took 0.088 seconds
