[2021-08-07 03:28:18,090] {scheduler_job.py:181} INFO - Started process (PID=90) to work on /home/airflow/.local/lib/python3.6/site-packages/airflow/example_dags/example_branch_labels.py
[2021-08-07 03:28:18,092] {scheduler_job.py:632} INFO - Processing file /home/airflow/.local/lib/python3.6/site-packages/airflow/example_dags/example_branch_labels.py for tasks to queue
[2021-08-07 03:28:18,094] {logging_mixin.py:104} INFO - [2021-08-07 03:28:18,093] {dagbag.py:496} INFO - Filling up the DagBag from /home/airflow/.local/lib/python3.6/site-packages/airflow/example_dags/example_branch_labels.py
[2021-08-07 03:28:18,108] {scheduler_job.py:642} INFO - DAG(s) dict_keys(['example_branch_labels']) retrieved from /home/airflow/.local/lib/python3.6/site-packages/airflow/example_dags/example_branch_labels.py
[2021-08-07 03:28:20,264] {logging_mixin.py:104} INFO - [2021-08-07 03:28:20,263] {dag.py:1833} INFO - Sync 1 DAGs
[2021-08-07 03:28:20,275] {logging_mixin.py:104} INFO - [2021-08-07 03:28:20,274] {dag.py:1852} INFO - Creating ORM DAG for example_branch_labels
[2021-08-07 03:28:20,286] {logging_mixin.py:104} INFO - [2021-08-07 03:28:20,285] {dag.py:2306} INFO - Setting next_dagrun for example_branch_labels to 2021-08-05 00:00:00+00:00
[2021-08-07 03:28:20,296] {scheduler_job.py:189} INFO - Processing /home/airflow/.local/lib/python3.6/site-packages/airflow/example_dags/example_branch_labels.py took 2.209 seconds
[2021-08-07 03:28:50,728] {scheduler_job.py:181} INFO - Started process (PID=344) to work on /home/airflow/.local/lib/python3.6/site-packages/airflow/example_dags/example_branch_labels.py
[2021-08-07 03:28:50,729] {scheduler_job.py:632} INFO - Processing file /home/airflow/.local/lib/python3.6/site-packages/airflow/example_dags/example_branch_labels.py for tasks to queue
[2021-08-07 03:28:50,730] {logging_mixin.py:104} INFO - [2021-08-07 03:28:50,730] {dagbag.py:496} INFO - Filling up the DagBag from /home/airflow/.local/lib/python3.6/site-packages/airflow/example_dags/example_branch_labels.py
[2021-08-07 03:28:50,749] {scheduler_job.py:642} INFO - DAG(s) dict_keys(['example_branch_labels']) retrieved from /home/airflow/.local/lib/python3.6/site-packages/airflow/example_dags/example_branch_labels.py
[2021-08-07 03:28:50,775] {logging_mixin.py:104} INFO - [2021-08-07 03:28:50,775] {dag.py:1833} INFO - Sync 1 DAGs
[2021-08-07 03:28:50,793] {logging_mixin.py:104} INFO - [2021-08-07 03:28:50,793] {dag.py:2306} INFO - Setting next_dagrun for example_branch_labels to 2021-08-05 00:00:00+00:00
[2021-08-07 03:28:50,803] {scheduler_job.py:189} INFO - Processing /home/airflow/.local/lib/python3.6/site-packages/airflow/example_dags/example_branch_labels.py took 0.078 seconds
[2021-08-07 03:29:21,316] {scheduler_job.py:181} INFO - Started process (PID=396) to work on /home/airflow/.local/lib/python3.6/site-packages/airflow/example_dags/example_branch_labels.py
[2021-08-07 03:29:21,318] {scheduler_job.py:632} INFO - Processing file /home/airflow/.local/lib/python3.6/site-packages/airflow/example_dags/example_branch_labels.py for tasks to queue
[2021-08-07 03:29:21,320] {logging_mixin.py:104} INFO - [2021-08-07 03:29:21,320] {dagbag.py:496} INFO - Filling up the DagBag from /home/airflow/.local/lib/python3.6/site-packages/airflow/example_dags/example_branch_labels.py
[2021-08-07 03:29:21,335] {scheduler_job.py:642} INFO - DAG(s) dict_keys(['example_branch_labels']) retrieved from /home/airflow/.local/lib/python3.6/site-packages/airflow/example_dags/example_branch_labels.py
[2021-08-07 03:29:21,358] {logging_mixin.py:104} INFO - [2021-08-07 03:29:21,358] {dag.py:1833} INFO - Sync 1 DAGs
[2021-08-07 03:29:21,380] {logging_mixin.py:104} INFO - [2021-08-07 03:29:21,379] {dag.py:2306} INFO - Setting next_dagrun for example_branch_labels to 2021-08-05 00:00:00+00:00
[2021-08-07 03:29:21,394] {scheduler_job.py:189} INFO - Processing /home/airflow/.local/lib/python3.6/site-packages/airflow/example_dags/example_branch_labels.py took 0.081 seconds
[2021-08-07 03:29:51,796] {scheduler_job.py:181} INFO - Started process (PID=461) to work on /home/airflow/.local/lib/python3.6/site-packages/airflow/example_dags/example_branch_labels.py
[2021-08-07 03:29:51,798] {scheduler_job.py:632} INFO - Processing file /home/airflow/.local/lib/python3.6/site-packages/airflow/example_dags/example_branch_labels.py for tasks to queue
[2021-08-07 03:29:51,799] {logging_mixin.py:104} INFO - [2021-08-07 03:29:51,799] {dagbag.py:496} INFO - Filling up the DagBag from /home/airflow/.local/lib/python3.6/site-packages/airflow/example_dags/example_branch_labels.py
[2021-08-07 03:29:51,813] {scheduler_job.py:642} INFO - DAG(s) dict_keys(['example_branch_labels']) retrieved from /home/airflow/.local/lib/python3.6/site-packages/airflow/example_dags/example_branch_labels.py
[2021-08-07 03:29:51,838] {logging_mixin.py:104} INFO - [2021-08-07 03:29:51,838] {dag.py:1833} INFO - Sync 1 DAGs
[2021-08-07 03:29:51,857] {logging_mixin.py:104} INFO - [2021-08-07 03:29:51,857] {dag.py:2306} INFO - Setting next_dagrun for example_branch_labels to 2021-08-05 00:00:00+00:00
[2021-08-07 03:29:51,867] {scheduler_job.py:189} INFO - Processing /home/airflow/.local/lib/python3.6/site-packages/airflow/example_dags/example_branch_labels.py took 0.074 seconds
[2021-08-07 03:30:22,076] {scheduler_job.py:181} INFO - Started process (PID=524) to work on /home/airflow/.local/lib/python3.6/site-packages/airflow/example_dags/example_branch_labels.py
[2021-08-07 03:30:22,077] {scheduler_job.py:632} INFO - Processing file /home/airflow/.local/lib/python3.6/site-packages/airflow/example_dags/example_branch_labels.py for tasks to queue
[2021-08-07 03:30:22,079] {logging_mixin.py:104} INFO - [2021-08-07 03:30:22,079] {dagbag.py:496} INFO - Filling up the DagBag from /home/airflow/.local/lib/python3.6/site-packages/airflow/example_dags/example_branch_labels.py
[2021-08-07 03:30:22,094] {scheduler_job.py:642} INFO - DAG(s) dict_keys(['example_branch_labels']) retrieved from /home/airflow/.local/lib/python3.6/site-packages/airflow/example_dags/example_branch_labels.py
[2021-08-07 03:30:22,121] {logging_mixin.py:104} INFO - [2021-08-07 03:30:22,121] {dag.py:1833} INFO - Sync 1 DAGs
[2021-08-07 03:30:22,139] {logging_mixin.py:104} INFO - [2021-08-07 03:30:22,139] {dag.py:2306} INFO - Setting next_dagrun for example_branch_labels to 2021-08-05 00:00:00+00:00
[2021-08-07 03:30:22,147] {scheduler_job.py:189} INFO - Processing /home/airflow/.local/lib/python3.6/site-packages/airflow/example_dags/example_branch_labels.py took 0.076 seconds
[2021-08-07 03:30:52,428] {scheduler_job.py:181} INFO - Started process (PID=575) to work on /home/airflow/.local/lib/python3.6/site-packages/airflow/example_dags/example_branch_labels.py
[2021-08-07 03:30:52,430] {scheduler_job.py:632} INFO - Processing file /home/airflow/.local/lib/python3.6/site-packages/airflow/example_dags/example_branch_labels.py for tasks to queue
[2021-08-07 03:30:52,432] {logging_mixin.py:104} INFO - [2021-08-07 03:30:52,432] {dagbag.py:496} INFO - Filling up the DagBag from /home/airflow/.local/lib/python3.6/site-packages/airflow/example_dags/example_branch_labels.py
[2021-08-07 03:30:52,446] {scheduler_job.py:642} INFO - DAG(s) dict_keys(['example_branch_labels']) retrieved from /home/airflow/.local/lib/python3.6/site-packages/airflow/example_dags/example_branch_labels.py
[2021-08-07 03:30:52,470] {logging_mixin.py:104} INFO - [2021-08-07 03:30:52,470] {dag.py:1833} INFO - Sync 1 DAGs
[2021-08-07 03:30:52,488] {logging_mixin.py:104} INFO - [2021-08-07 03:30:52,488] {dag.py:2306} INFO - Setting next_dagrun for example_branch_labels to 2021-08-05 00:00:00+00:00
[2021-08-07 03:30:52,497] {scheduler_job.py:189} INFO - Processing /home/airflow/.local/lib/python3.6/site-packages/airflow/example_dags/example_branch_labels.py took 0.072 seconds
[2021-08-07 03:31:22,824] {scheduler_job.py:181} INFO - Started process (PID=638) to work on /home/airflow/.local/lib/python3.6/site-packages/airflow/example_dags/example_branch_labels.py
[2021-08-07 03:31:22,826] {scheduler_job.py:632} INFO - Processing file /home/airflow/.local/lib/python3.6/site-packages/airflow/example_dags/example_branch_labels.py for tasks to queue
[2021-08-07 03:31:22,828] {logging_mixin.py:104} INFO - [2021-08-07 03:31:22,827] {dagbag.py:496} INFO - Filling up the DagBag from /home/airflow/.local/lib/python3.6/site-packages/airflow/example_dags/example_branch_labels.py
[2021-08-07 03:31:22,842] {scheduler_job.py:642} INFO - DAG(s) dict_keys(['example_branch_labels']) retrieved from /home/airflow/.local/lib/python3.6/site-packages/airflow/example_dags/example_branch_labels.py
[2021-08-07 03:31:22,867] {logging_mixin.py:104} INFO - [2021-08-07 03:31:22,867] {dag.py:1833} INFO - Sync 1 DAGs
[2021-08-07 03:31:22,885] {logging_mixin.py:104} INFO - [2021-08-07 03:31:22,885] {dag.py:2306} INFO - Setting next_dagrun for example_branch_labels to 2021-08-05 00:00:00+00:00
[2021-08-07 03:31:22,893] {scheduler_job.py:189} INFO - Processing /home/airflow/.local/lib/python3.6/site-packages/airflow/example_dags/example_branch_labels.py took 0.073 seconds
[2021-08-07 03:31:53,337] {scheduler_job.py:181} INFO - Started process (PID=702) to work on /home/airflow/.local/lib/python3.6/site-packages/airflow/example_dags/example_branch_labels.py
[2021-08-07 03:31:53,339] {scheduler_job.py:632} INFO - Processing file /home/airflow/.local/lib/python3.6/site-packages/airflow/example_dags/example_branch_labels.py for tasks to queue
[2021-08-07 03:31:53,340] {logging_mixin.py:104} INFO - [2021-08-07 03:31:53,340] {dagbag.py:496} INFO - Filling up the DagBag from /home/airflow/.local/lib/python3.6/site-packages/airflow/example_dags/example_branch_labels.py
[2021-08-07 03:31:53,354] {scheduler_job.py:642} INFO - DAG(s) dict_keys(['example_branch_labels']) retrieved from /home/airflow/.local/lib/python3.6/site-packages/airflow/example_dags/example_branch_labels.py
[2021-08-07 03:31:53,377] {logging_mixin.py:104} INFO - [2021-08-07 03:31:53,377] {dag.py:1833} INFO - Sync 1 DAGs
[2021-08-07 03:31:53,395] {logging_mixin.py:104} INFO - [2021-08-07 03:31:53,395] {dag.py:2306} INFO - Setting next_dagrun for example_branch_labels to 2021-08-05 00:00:00+00:00
[2021-08-07 03:31:53,405] {scheduler_job.py:189} INFO - Processing /home/airflow/.local/lib/python3.6/site-packages/airflow/example_dags/example_branch_labels.py took 0.072 seconds
[2021-08-07 03:32:19,307] {scheduler_job.py:181} INFO - Started process (PID=31) to work on /home/airflow/.local/lib/python3.6/site-packages/airflow/example_dags/example_branch_labels.py
[2021-08-07 03:32:19,309] {scheduler_job.py:632} INFO - Processing file /home/airflow/.local/lib/python3.6/site-packages/airflow/example_dags/example_branch_labels.py for tasks to queue
[2021-08-07 03:32:19,311] {logging_mixin.py:104} INFO - [2021-08-07 03:32:19,311] {dagbag.py:496} INFO - Filling up the DagBag from /home/airflow/.local/lib/python3.6/site-packages/airflow/example_dags/example_branch_labels.py
[2021-08-07 03:32:19,336] {scheduler_job.py:642} INFO - DAG(s) dict_keys(['example_branch_labels']) retrieved from /home/airflow/.local/lib/python3.6/site-packages/airflow/example_dags/example_branch_labels.py
[2021-08-07 03:32:19,374] {logging_mixin.py:104} INFO - [2021-08-07 03:32:19,374] {dag.py:1833} INFO - Sync 1 DAGs
[2021-08-07 03:32:19,396] {logging_mixin.py:104} INFO - [2021-08-07 03:32:19,395] {dag.py:2306} INFO - Setting next_dagrun for example_branch_labels to 2021-08-05 00:00:00+00:00
[2021-08-07 03:32:19,407] {scheduler_job.py:189} INFO - Processing /home/airflow/.local/lib/python3.6/site-packages/airflow/example_dags/example_branch_labels.py took 0.104 seconds
[2021-08-07 03:32:49,984] {scheduler_job.py:181} INFO - Started process (PID=85) to work on /home/airflow/.local/lib/python3.6/site-packages/airflow/example_dags/example_branch_labels.py
[2021-08-07 03:32:49,985] {scheduler_job.py:632} INFO - Processing file /home/airflow/.local/lib/python3.6/site-packages/airflow/example_dags/example_branch_labels.py for tasks to queue
[2021-08-07 03:32:49,986] {logging_mixin.py:104} INFO - [2021-08-07 03:32:49,986] {dagbag.py:496} INFO - Filling up the DagBag from /home/airflow/.local/lib/python3.6/site-packages/airflow/example_dags/example_branch_labels.py
[2021-08-07 03:32:50,001] {scheduler_job.py:642} INFO - DAG(s) dict_keys(['example_branch_labels']) retrieved from /home/airflow/.local/lib/python3.6/site-packages/airflow/example_dags/example_branch_labels.py
[2021-08-07 03:32:50,023] {logging_mixin.py:104} INFO - [2021-08-07 03:32:50,023] {dag.py:1833} INFO - Sync 1 DAGs
[2021-08-07 03:32:50,041] {logging_mixin.py:104} INFO - [2021-08-07 03:32:50,040] {dag.py:2306} INFO - Setting next_dagrun for example_branch_labels to 2021-08-05 00:00:00+00:00
[2021-08-07 03:32:50,049] {scheduler_job.py:189} INFO - Processing /home/airflow/.local/lib/python3.6/site-packages/airflow/example_dags/example_branch_labels.py took 0.069 seconds
