[2021-08-07 03:28:25,771] {scheduler_job.py:181} INFO - Started process (PID=161) to work on /home/airflow/.local/lib/python3.6/site-packages/airflow/example_dags/example_short_circuit_operator.py
[2021-08-07 03:28:25,773] {scheduler_job.py:632} INFO - Processing file /home/airflow/.local/lib/python3.6/site-packages/airflow/example_dags/example_short_circuit_operator.py for tasks to queue
[2021-08-07 03:28:25,774] {logging_mixin.py:104} INFO - [2021-08-07 03:28:25,774] {dagbag.py:496} INFO - Filling up the DagBag from /home/airflow/.local/lib/python3.6/site-packages/airflow/example_dags/example_short_circuit_operator.py
[2021-08-07 03:28:25,789] {scheduler_job.py:642} INFO - DAG(s) dict_keys(['example_short_circuit_operator']) retrieved from /home/airflow/.local/lib/python3.6/site-packages/airflow/example_dags/example_short_circuit_operator.py
[2021-08-07 03:28:27,960] {logging_mixin.py:104} INFO - [2021-08-07 03:28:27,959] {dag.py:1833} INFO - Sync 1 DAGs
[2021-08-07 03:28:27,970] {logging_mixin.py:104} INFO - [2021-08-07 03:28:27,969] {dag.py:1852} INFO - Creating ORM DAG for example_short_circuit_operator
[2021-08-07 03:28:27,976] {logging_mixin.py:104} INFO - [2021-08-07 03:28:27,975] {dag.py:2306} INFO - Setting next_dagrun for example_short_circuit_operator to 2021-08-05 00:00:00+00:00
[2021-08-07 03:28:27,986] {scheduler_job.py:189} INFO - Processing /home/airflow/.local/lib/python3.6/site-packages/airflow/example_dags/example_short_circuit_operator.py took 2.218 seconds
[2021-08-07 03:28:58,224] {scheduler_job.py:181} INFO - Started process (PID=350) to work on /home/airflow/.local/lib/python3.6/site-packages/airflow/example_dags/example_short_circuit_operator.py
[2021-08-07 03:28:58,226] {scheduler_job.py:632} INFO - Processing file /home/airflow/.local/lib/python3.6/site-packages/airflow/example_dags/example_short_circuit_operator.py for tasks to queue
[2021-08-07 03:28:58,228] {logging_mixin.py:104} INFO - [2021-08-07 03:28:58,228] {dagbag.py:496} INFO - Filling up the DagBag from /home/airflow/.local/lib/python3.6/site-packages/airflow/example_dags/example_short_circuit_operator.py
[2021-08-07 03:28:58,244] {scheduler_job.py:642} INFO - DAG(s) dict_keys(['example_short_circuit_operator']) retrieved from /home/airflow/.local/lib/python3.6/site-packages/airflow/example_dags/example_short_circuit_operator.py
[2021-08-07 03:28:58,269] {logging_mixin.py:104} INFO - [2021-08-07 03:28:58,269] {dag.py:1833} INFO - Sync 1 DAGs
[2021-08-07 03:28:58,285] {logging_mixin.py:104} INFO - [2021-08-07 03:28:58,285] {dag.py:2306} INFO - Setting next_dagrun for example_short_circuit_operator to 2021-08-05 00:00:00+00:00
[2021-08-07 03:28:58,295] {scheduler_job.py:189} INFO - Processing /home/airflow/.local/lib/python3.6/site-packages/airflow/example_dags/example_short_circuit_operator.py took 0.075 seconds
[2021-08-07 03:29:28,636] {scheduler_job.py:181} INFO - Started process (PID=413) to work on /home/airflow/.local/lib/python3.6/site-packages/airflow/example_dags/example_short_circuit_operator.py
[2021-08-07 03:29:28,637] {scheduler_job.py:632} INFO - Processing file /home/airflow/.local/lib/python3.6/site-packages/airflow/example_dags/example_short_circuit_operator.py for tasks to queue
[2021-08-07 03:29:28,639] {logging_mixin.py:104} INFO - [2021-08-07 03:29:28,639] {dagbag.py:496} INFO - Filling up the DagBag from /home/airflow/.local/lib/python3.6/site-packages/airflow/example_dags/example_short_circuit_operator.py
[2021-08-07 03:29:28,655] {scheduler_job.py:642} INFO - DAG(s) dict_keys(['example_short_circuit_operator']) retrieved from /home/airflow/.local/lib/python3.6/site-packages/airflow/example_dags/example_short_circuit_operator.py
[2021-08-07 03:29:28,679] {logging_mixin.py:104} INFO - [2021-08-07 03:29:28,678] {dag.py:1833} INFO - Sync 1 DAGs
[2021-08-07 03:29:28,694] {logging_mixin.py:104} INFO - [2021-08-07 03:29:28,694] {dag.py:2306} INFO - Setting next_dagrun for example_short_circuit_operator to 2021-08-05 00:00:00+00:00
[2021-08-07 03:29:28,703] {scheduler_job.py:189} INFO - Processing /home/airflow/.local/lib/python3.6/site-packages/airflow/example_dags/example_short_circuit_operator.py took 0.072 seconds
[2021-08-07 03:29:59,038] {scheduler_job.py:181} INFO - Started process (PID=478) to work on /home/airflow/.local/lib/python3.6/site-packages/airflow/example_dags/example_short_circuit_operator.py
[2021-08-07 03:29:59,040] {scheduler_job.py:632} INFO - Processing file /home/airflow/.local/lib/python3.6/site-packages/airflow/example_dags/example_short_circuit_operator.py for tasks to queue
[2021-08-07 03:29:59,041] {logging_mixin.py:104} INFO - [2021-08-07 03:29:59,041] {dagbag.py:496} INFO - Filling up the DagBag from /home/airflow/.local/lib/python3.6/site-packages/airflow/example_dags/example_short_circuit_operator.py
[2021-08-07 03:29:59,055] {scheduler_job.py:642} INFO - DAG(s) dict_keys(['example_short_circuit_operator']) retrieved from /home/airflow/.local/lib/python3.6/site-packages/airflow/example_dags/example_short_circuit_operator.py
[2021-08-07 03:29:59,079] {logging_mixin.py:104} INFO - [2021-08-07 03:29:59,079] {dag.py:1833} INFO - Sync 1 DAGs
[2021-08-07 03:29:59,095] {logging_mixin.py:104} INFO - [2021-08-07 03:29:59,095] {dag.py:2306} INFO - Setting next_dagrun for example_short_circuit_operator to 2021-08-05 00:00:00+00:00
[2021-08-07 03:29:59,105] {scheduler_job.py:189} INFO - Processing /home/airflow/.local/lib/python3.6/site-packages/airflow/example_dags/example_short_circuit_operator.py took 0.070 seconds
[2021-08-07 03:30:29,392] {scheduler_job.py:181} INFO - Started process (PID=530) to work on /home/airflow/.local/lib/python3.6/site-packages/airflow/example_dags/example_short_circuit_operator.py
[2021-08-07 03:30:29,393] {scheduler_job.py:632} INFO - Processing file /home/airflow/.local/lib/python3.6/site-packages/airflow/example_dags/example_short_circuit_operator.py for tasks to queue
[2021-08-07 03:30:29,395] {logging_mixin.py:104} INFO - [2021-08-07 03:30:29,395] {dagbag.py:496} INFO - Filling up the DagBag from /home/airflow/.local/lib/python3.6/site-packages/airflow/example_dags/example_short_circuit_operator.py
[2021-08-07 03:30:29,411] {scheduler_job.py:642} INFO - DAG(s) dict_keys(['example_short_circuit_operator']) retrieved from /home/airflow/.local/lib/python3.6/site-packages/airflow/example_dags/example_short_circuit_operator.py
[2021-08-07 03:30:29,433] {logging_mixin.py:104} INFO - [2021-08-07 03:30:29,433] {dag.py:1833} INFO - Sync 1 DAGs
[2021-08-07 03:30:29,448] {logging_mixin.py:104} INFO - [2021-08-07 03:30:29,448] {dag.py:2306} INFO - Setting next_dagrun for example_short_circuit_operator to 2021-08-05 00:00:00+00:00
[2021-08-07 03:30:29,457] {scheduler_job.py:189} INFO - Processing /home/airflow/.local/lib/python3.6/site-packages/airflow/example_dags/example_short_circuit_operator.py took 0.070 seconds
[2021-08-07 03:30:59,700] {scheduler_job.py:181} INFO - Started process (PID=591) to work on /home/airflow/.local/lib/python3.6/site-packages/airflow/example_dags/example_short_circuit_operator.py
[2021-08-07 03:30:59,703] {scheduler_job.py:632} INFO - Processing file /home/airflow/.local/lib/python3.6/site-packages/airflow/example_dags/example_short_circuit_operator.py for tasks to queue
[2021-08-07 03:30:59,704] {logging_mixin.py:104} INFO - [2021-08-07 03:30:59,704] {dagbag.py:496} INFO - Filling up the DagBag from /home/airflow/.local/lib/python3.6/site-packages/airflow/example_dags/example_short_circuit_operator.py
[2021-08-07 03:30:59,720] {scheduler_job.py:642} INFO - DAG(s) dict_keys(['example_short_circuit_operator']) retrieved from /home/airflow/.local/lib/python3.6/site-packages/airflow/example_dags/example_short_circuit_operator.py
[2021-08-07 03:30:59,744] {logging_mixin.py:104} INFO - [2021-08-07 03:30:59,744] {dag.py:1833} INFO - Sync 1 DAGs
[2021-08-07 03:30:59,759] {logging_mixin.py:104} INFO - [2021-08-07 03:30:59,759] {dag.py:2306} INFO - Setting next_dagrun for example_short_circuit_operator to 2021-08-05 00:00:00+00:00
[2021-08-07 03:30:59,769] {scheduler_job.py:189} INFO - Processing /home/airflow/.local/lib/python3.6/site-packages/airflow/example_dags/example_short_circuit_operator.py took 0.072 seconds
[2021-08-07 03:31:30,147] {scheduler_job.py:181} INFO - Started process (PID=655) to work on /home/airflow/.local/lib/python3.6/site-packages/airflow/example_dags/example_short_circuit_operator.py
[2021-08-07 03:31:30,148] {scheduler_job.py:632} INFO - Processing file /home/airflow/.local/lib/python3.6/site-packages/airflow/example_dags/example_short_circuit_operator.py for tasks to queue
[2021-08-07 03:31:30,150] {logging_mixin.py:104} INFO - [2021-08-07 03:31:30,150] {dagbag.py:496} INFO - Filling up the DagBag from /home/airflow/.local/lib/python3.6/site-packages/airflow/example_dags/example_short_circuit_operator.py
[2021-08-07 03:31:30,164] {scheduler_job.py:642} INFO - DAG(s) dict_keys(['example_short_circuit_operator']) retrieved from /home/airflow/.local/lib/python3.6/site-packages/airflow/example_dags/example_short_circuit_operator.py
[2021-08-07 03:31:30,187] {logging_mixin.py:104} INFO - [2021-08-07 03:31:30,187] {dag.py:1833} INFO - Sync 1 DAGs
[2021-08-07 03:31:30,203] {logging_mixin.py:104} INFO - [2021-08-07 03:31:30,203] {dag.py:2306} INFO - Setting next_dagrun for example_short_circuit_operator to 2021-08-05 00:00:00+00:00
[2021-08-07 03:31:30,215] {scheduler_job.py:189} INFO - Processing /home/airflow/.local/lib/python3.6/site-packages/airflow/example_dags/example_short_circuit_operator.py took 0.072 seconds
[2021-08-07 03:32:19,752] {scheduler_job.py:181} INFO - Started process (PID=37) to work on /home/airflow/.local/lib/python3.6/site-packages/airflow/example_dags/example_short_circuit_operator.py
[2021-08-07 03:32:19,754] {scheduler_job.py:632} INFO - Processing file /home/airflow/.local/lib/python3.6/site-packages/airflow/example_dags/example_short_circuit_operator.py for tasks to queue
[2021-08-07 03:32:19,755] {logging_mixin.py:104} INFO - [2021-08-07 03:32:19,755] {dagbag.py:496} INFO - Filling up the DagBag from /home/airflow/.local/lib/python3.6/site-packages/airflow/example_dags/example_short_circuit_operator.py
[2021-08-07 03:32:19,774] {scheduler_job.py:642} INFO - DAG(s) dict_keys(['example_short_circuit_operator']) retrieved from /home/airflow/.local/lib/python3.6/site-packages/airflow/example_dags/example_short_circuit_operator.py
[2021-08-07 03:32:19,797] {logging_mixin.py:104} INFO - [2021-08-07 03:32:19,797] {dag.py:1833} INFO - Sync 1 DAGs
[2021-08-07 03:32:19,813] {logging_mixin.py:104} INFO - [2021-08-07 03:32:19,813] {dag.py:2306} INFO - Setting next_dagrun for example_short_circuit_operator to 2021-08-05 00:00:00+00:00
[2021-08-07 03:32:19,823] {scheduler_job.py:189} INFO - Processing /home/airflow/.local/lib/python3.6/site-packages/airflow/example_dags/example_short_circuit_operator.py took 0.075 seconds
[2021-08-07 03:32:50,456] {scheduler_job.py:181} INFO - Started process (PID=101) to work on /home/airflow/.local/lib/python3.6/site-packages/airflow/example_dags/example_short_circuit_operator.py
[2021-08-07 03:32:50,457] {scheduler_job.py:632} INFO - Processing file /home/airflow/.local/lib/python3.6/site-packages/airflow/example_dags/example_short_circuit_operator.py for tasks to queue
[2021-08-07 03:32:50,459] {logging_mixin.py:104} INFO - [2021-08-07 03:32:50,459] {dagbag.py:496} INFO - Filling up the DagBag from /home/airflow/.local/lib/python3.6/site-packages/airflow/example_dags/example_short_circuit_operator.py
[2021-08-07 03:32:50,478] {scheduler_job.py:642} INFO - DAG(s) dict_keys(['example_short_circuit_operator']) retrieved from /home/airflow/.local/lib/python3.6/site-packages/airflow/example_dags/example_short_circuit_operator.py
[2021-08-07 03:32:50,503] {logging_mixin.py:104} INFO - [2021-08-07 03:32:50,503] {dag.py:1833} INFO - Sync 1 DAGs
[2021-08-07 03:32:50,521] {logging_mixin.py:104} INFO - [2021-08-07 03:32:50,521] {dag.py:2306} INFO - Setting next_dagrun for example_short_circuit_operator to 2021-08-05 00:00:00+00:00
[2021-08-07 03:32:50,534] {scheduler_job.py:189} INFO - Processing /home/airflow/.local/lib/python3.6/site-packages/airflow/example_dags/example_short_circuit_operator.py took 0.082 seconds
