[2021-08-07 03:28:28,032] {scheduler_job.py:181} INFO - Started process (PID=179) to work on /home/airflow/.local/lib/python3.6/site-packages/airflow/example_dags/example_task_group_decorator.py
[2021-08-07 03:28:28,033] {scheduler_job.py:632} INFO - Processing file /home/airflow/.local/lib/python3.6/site-packages/airflow/example_dags/example_task_group_decorator.py for tasks to queue
[2021-08-07 03:28:28,035] {logging_mixin.py:104} INFO - [2021-08-07 03:28:28,035] {dagbag.py:496} INFO - Filling up the DagBag from /home/airflow/.local/lib/python3.6/site-packages/airflow/example_dags/example_task_group_decorator.py
[2021-08-07 03:28:28,062] {scheduler_job.py:642} INFO - DAG(s) dict_keys(['example_task_group_decorator']) retrieved from /home/airflow/.local/lib/python3.6/site-packages/airflow/example_dags/example_task_group_decorator.py
[2021-08-07 03:28:30,347] {logging_mixin.py:104} INFO - [2021-08-07 03:28:30,343] {dag.py:1833} INFO - Sync 1 DAGs
[2021-08-07 03:28:30,390] {logging_mixin.py:104} INFO - [2021-08-07 03:28:30,385] {dag.py:1852} INFO - Creating ORM DAG for example_task_group_decorator
[2021-08-07 03:28:30,410] {logging_mixin.py:104} INFO - [2021-08-07 03:28:30,410] {dag.py:2306} INFO - Setting next_dagrun for example_task_group_decorator to 2021-08-05 00:00:00+00:00
[2021-08-07 03:28:30,456] {scheduler_job.py:189} INFO - Processing /home/airflow/.local/lib/python3.6/site-packages/airflow/example_dags/example_task_group_decorator.py took 2.428 seconds
[2021-08-07 03:29:01,328] {scheduler_job.py:181} INFO - Started process (PID=363) to work on /home/airflow/.local/lib/python3.6/site-packages/airflow/example_dags/example_task_group_decorator.py
[2021-08-07 03:29:01,330] {scheduler_job.py:632} INFO - Processing file /home/airflow/.local/lib/python3.6/site-packages/airflow/example_dags/example_task_group_decorator.py for tasks to queue
[2021-08-07 03:29:01,331] {logging_mixin.py:104} INFO - [2021-08-07 03:29:01,331] {dagbag.py:496} INFO - Filling up the DagBag from /home/airflow/.local/lib/python3.6/site-packages/airflow/example_dags/example_task_group_decorator.py
[2021-08-07 03:29:01,361] {scheduler_job.py:642} INFO - DAG(s) dict_keys(['example_task_group_decorator']) retrieved from /home/airflow/.local/lib/python3.6/site-packages/airflow/example_dags/example_task_group_decorator.py
[2021-08-07 03:29:01,558] {logging_mixin.py:104} INFO - [2021-08-07 03:29:01,558] {dag.py:1833} INFO - Sync 1 DAGs
[2021-08-07 03:29:01,572] {logging_mixin.py:104} INFO - [2021-08-07 03:29:01,572] {dag.py:2306} INFO - Setting next_dagrun for example_task_group_decorator to 2021-08-05 00:00:00+00:00
[2021-08-07 03:29:01,583] {scheduler_job.py:189} INFO - Processing /home/airflow/.local/lib/python3.6/site-packages/airflow/example_dags/example_task_group_decorator.py took 0.260 seconds
[2021-08-07 03:29:31,745] {scheduler_job.py:181} INFO - Started process (PID=415) to work on /home/airflow/.local/lib/python3.6/site-packages/airflow/example_dags/example_task_group_decorator.py
[2021-08-07 03:29:31,747] {scheduler_job.py:632} INFO - Processing file /home/airflow/.local/lib/python3.6/site-packages/airflow/example_dags/example_task_group_decorator.py for tasks to queue
[2021-08-07 03:29:31,748] {logging_mixin.py:104} INFO - [2021-08-07 03:29:31,748] {dagbag.py:496} INFO - Filling up the DagBag from /home/airflow/.local/lib/python3.6/site-packages/airflow/example_dags/example_task_group_decorator.py
[2021-08-07 03:29:31,775] {scheduler_job.py:642} INFO - DAG(s) dict_keys(['example_task_group_decorator']) retrieved from /home/airflow/.local/lib/python3.6/site-packages/airflow/example_dags/example_task_group_decorator.py
[2021-08-07 03:29:31,959] {logging_mixin.py:104} INFO - [2021-08-07 03:29:31,959] {dag.py:1833} INFO - Sync 1 DAGs
[2021-08-07 03:29:31,973] {logging_mixin.py:104} INFO - [2021-08-07 03:29:31,972] {dag.py:2306} INFO - Setting next_dagrun for example_task_group_decorator to 2021-08-05 00:00:00+00:00
[2021-08-07 03:29:31,984] {scheduler_job.py:189} INFO - Processing /home/airflow/.local/lib/python3.6/site-packages/airflow/example_dags/example_task_group_decorator.py took 0.242 seconds
[2021-08-07 03:30:02,135] {scheduler_job.py:181} INFO - Started process (PID=480) to work on /home/airflow/.local/lib/python3.6/site-packages/airflow/example_dags/example_task_group_decorator.py
[2021-08-07 03:30:02,137] {scheduler_job.py:632} INFO - Processing file /home/airflow/.local/lib/python3.6/site-packages/airflow/example_dags/example_task_group_decorator.py for tasks to queue
[2021-08-07 03:30:02,138] {logging_mixin.py:104} INFO - [2021-08-07 03:30:02,138] {dagbag.py:496} INFO - Filling up the DagBag from /home/airflow/.local/lib/python3.6/site-packages/airflow/example_dags/example_task_group_decorator.py
[2021-08-07 03:30:02,165] {scheduler_job.py:642} INFO - DAG(s) dict_keys(['example_task_group_decorator']) retrieved from /home/airflow/.local/lib/python3.6/site-packages/airflow/example_dags/example_task_group_decorator.py
[2021-08-07 03:30:02,328] {logging_mixin.py:104} INFO - [2021-08-07 03:30:02,328] {dag.py:1833} INFO - Sync 1 DAGs
[2021-08-07 03:30:02,344] {logging_mixin.py:104} INFO - [2021-08-07 03:30:02,344] {dag.py:2306} INFO - Setting next_dagrun for example_task_group_decorator to 2021-08-05 00:00:00+00:00
[2021-08-07 03:30:02,355] {scheduler_job.py:189} INFO - Processing /home/airflow/.local/lib/python3.6/site-packages/airflow/example_dags/example_task_group_decorator.py took 0.223 seconds
[2021-08-07 03:30:32,489] {scheduler_job.py:181} INFO - Started process (PID=542) to work on /home/airflow/.local/lib/python3.6/site-packages/airflow/example_dags/example_task_group_decorator.py
[2021-08-07 03:30:32,491] {scheduler_job.py:632} INFO - Processing file /home/airflow/.local/lib/python3.6/site-packages/airflow/example_dags/example_task_group_decorator.py for tasks to queue
[2021-08-07 03:30:32,492] {logging_mixin.py:104} INFO - [2021-08-07 03:30:32,492] {dagbag.py:496} INFO - Filling up the DagBag from /home/airflow/.local/lib/python3.6/site-packages/airflow/example_dags/example_task_group_decorator.py
[2021-08-07 03:30:32,517] {scheduler_job.py:642} INFO - DAG(s) dict_keys(['example_task_group_decorator']) retrieved from /home/airflow/.local/lib/python3.6/site-packages/airflow/example_dags/example_task_group_decorator.py
[2021-08-07 03:30:32,681] {logging_mixin.py:104} INFO - [2021-08-07 03:30:32,680] {dag.py:1833} INFO - Sync 1 DAGs
[2021-08-07 03:30:32,692] {logging_mixin.py:104} INFO - [2021-08-07 03:30:32,692] {dag.py:2306} INFO - Setting next_dagrun for example_task_group_decorator to 2021-08-05 00:00:00+00:00
[2021-08-07 03:30:32,704] {scheduler_job.py:189} INFO - Processing /home/airflow/.local/lib/python3.6/site-packages/airflow/example_dags/example_task_group_decorator.py took 0.219 seconds
[2021-08-07 03:31:02,799] {scheduler_job.py:181} INFO - Started process (PID=593) to work on /home/airflow/.local/lib/python3.6/site-packages/airflow/example_dags/example_task_group_decorator.py
[2021-08-07 03:31:02,801] {scheduler_job.py:632} INFO - Processing file /home/airflow/.local/lib/python3.6/site-packages/airflow/example_dags/example_task_group_decorator.py for tasks to queue
[2021-08-07 03:31:02,802] {logging_mixin.py:104} INFO - [2021-08-07 03:31:02,802] {dagbag.py:496} INFO - Filling up the DagBag from /home/airflow/.local/lib/python3.6/site-packages/airflow/example_dags/example_task_group_decorator.py
[2021-08-07 03:31:02,827] {scheduler_job.py:642} INFO - DAG(s) dict_keys(['example_task_group_decorator']) retrieved from /home/airflow/.local/lib/python3.6/site-packages/airflow/example_dags/example_task_group_decorator.py
[2021-08-07 03:31:02,995] {logging_mixin.py:104} INFO - [2021-08-07 03:31:02,995] {dag.py:1833} INFO - Sync 1 DAGs
[2021-08-07 03:31:03,006] {logging_mixin.py:104} INFO - [2021-08-07 03:31:03,006] {dag.py:2306} INFO - Setting next_dagrun for example_task_group_decorator to 2021-08-05 00:00:00+00:00
[2021-08-07 03:31:03,016] {scheduler_job.py:189} INFO - Processing /home/airflow/.local/lib/python3.6/site-packages/airflow/example_dags/example_task_group_decorator.py took 0.221 seconds
[2021-08-07 03:31:33,220] {scheduler_job.py:181} INFO - Started process (PID=657) to work on /home/airflow/.local/lib/python3.6/site-packages/airflow/example_dags/example_task_group_decorator.py
[2021-08-07 03:31:33,222] {scheduler_job.py:632} INFO - Processing file /home/airflow/.local/lib/python3.6/site-packages/airflow/example_dags/example_task_group_decorator.py for tasks to queue
[2021-08-07 03:31:33,223] {logging_mixin.py:104} INFO - [2021-08-07 03:31:33,223] {dagbag.py:496} INFO - Filling up the DagBag from /home/airflow/.local/lib/python3.6/site-packages/airflow/example_dags/example_task_group_decorator.py
[2021-08-07 03:31:33,250] {scheduler_job.py:642} INFO - DAG(s) dict_keys(['example_task_group_decorator']) retrieved from /home/airflow/.local/lib/python3.6/site-packages/airflow/example_dags/example_task_group_decorator.py
[2021-08-07 03:31:33,426] {logging_mixin.py:104} INFO - [2021-08-07 03:31:33,426] {dag.py:1833} INFO - Sync 1 DAGs
[2021-08-07 03:31:33,440] {logging_mixin.py:104} INFO - [2021-08-07 03:31:33,439] {dag.py:2306} INFO - Setting next_dagrun for example_task_group_decorator to 2021-08-05 00:00:00+00:00
[2021-08-07 03:31:33,449] {scheduler_job.py:189} INFO - Processing /home/airflow/.local/lib/python3.6/site-packages/airflow/example_dags/example_task_group_decorator.py took 0.234 seconds
[2021-08-07 03:32:19,862] {scheduler_job.py:181} INFO - Started process (PID=39) to work on /home/airflow/.local/lib/python3.6/site-packages/airflow/example_dags/example_task_group_decorator.py
[2021-08-07 03:32:19,864] {scheduler_job.py:632} INFO - Processing file /home/airflow/.local/lib/python3.6/site-packages/airflow/example_dags/example_task_group_decorator.py for tasks to queue
[2021-08-07 03:32:19,865] {logging_mixin.py:104} INFO - [2021-08-07 03:32:19,865] {dagbag.py:496} INFO - Filling up the DagBag from /home/airflow/.local/lib/python3.6/site-packages/airflow/example_dags/example_task_group_decorator.py
[2021-08-07 03:32:19,902] {scheduler_job.py:642} INFO - DAG(s) dict_keys(['example_task_group_decorator']) retrieved from /home/airflow/.local/lib/python3.6/site-packages/airflow/example_dags/example_task_group_decorator.py
[2021-08-07 03:32:20,138] {logging_mixin.py:104} INFO - [2021-08-07 03:32:20,138] {dag.py:1833} INFO - Sync 1 DAGs
[2021-08-07 03:32:20,159] {logging_mixin.py:104} INFO - [2021-08-07 03:32:20,159] {dag.py:2306} INFO - Setting next_dagrun for example_task_group_decorator to 2021-08-05 00:00:00+00:00
[2021-08-07 03:32:20,174] {scheduler_job.py:189} INFO - Processing /home/airflow/.local/lib/python3.6/site-packages/airflow/example_dags/example_task_group_decorator.py took 0.317 seconds
[2021-08-07 03:32:50,618] {scheduler_job.py:181} INFO - Started process (PID=105) to work on /home/airflow/.local/lib/python3.6/site-packages/airflow/example_dags/example_task_group_decorator.py
[2021-08-07 03:32:50,620] {scheduler_job.py:632} INFO - Processing file /home/airflow/.local/lib/python3.6/site-packages/airflow/example_dags/example_task_group_decorator.py for tasks to queue
[2021-08-07 03:32:50,621] {logging_mixin.py:104} INFO - [2021-08-07 03:32:50,621] {dagbag.py:496} INFO - Filling up the DagBag from /home/airflow/.local/lib/python3.6/site-packages/airflow/example_dags/example_task_group_decorator.py
[2021-08-07 03:32:50,651] {scheduler_job.py:642} INFO - DAG(s) dict_keys(['example_task_group_decorator']) retrieved from /home/airflow/.local/lib/python3.6/site-packages/airflow/example_dags/example_task_group_decorator.py
[2021-08-07 03:32:50,839] {logging_mixin.py:104} INFO - [2021-08-07 03:32:50,839] {dag.py:1833} INFO - Sync 1 DAGs
[2021-08-07 03:32:50,853] {logging_mixin.py:104} INFO - [2021-08-07 03:32:50,853] {dag.py:2306} INFO - Setting next_dagrun for example_task_group_decorator to 2021-08-05 00:00:00+00:00
[2021-08-07 03:32:50,866] {scheduler_job.py:189} INFO - Processing /home/airflow/.local/lib/python3.6/site-packages/airflow/example_dags/example_task_group_decorator.py took 0.252 seconds
