[2021-08-07 03:28:23,638] {scheduler_job.py:181} INFO - Started process (PID=133) to work on /home/airflow/.local/lib/python3.6/site-packages/airflow/example_dags/example_bash_operator.py
[2021-08-07 03:28:23,639] {scheduler_job.py:632} INFO - Processing file /home/airflow/.local/lib/python3.6/site-packages/airflow/example_dags/example_bash_operator.py for tasks to queue
[2021-08-07 03:28:23,640] {logging_mixin.py:104} INFO - [2021-08-07 03:28:23,640] {dagbag.py:496} INFO - Filling up the DagBag from /home/airflow/.local/lib/python3.6/site-packages/airflow/example_dags/example_bash_operator.py
[2021-08-07 03:28:23,657] {scheduler_job.py:642} INFO - DAG(s) dict_keys(['example_bash_operator']) retrieved from /home/airflow/.local/lib/python3.6/site-packages/airflow/example_dags/example_bash_operator.py
[2021-08-07 03:28:25,671] {logging_mixin.py:104} INFO - [2021-08-07 03:28:25,670] {dag.py:1833} INFO - Sync 1 DAGs
[2021-08-07 03:28:25,684] {logging_mixin.py:104} INFO - [2021-08-07 03:28:25,683] {dag.py:1852} INFO - Creating ORM DAG for example_bash_operator
[2021-08-07 03:28:25,709] {logging_mixin.py:104} INFO - [2021-08-07 03:28:25,709] {dag.py:2306} INFO - Setting next_dagrun for example_bash_operator to 2021-08-05 00:00:00+00:00
[2021-08-07 03:28:25,726] {scheduler_job.py:189} INFO - Processing /home/airflow/.local/lib/python3.6/site-packages/airflow/example_dags/example_bash_operator.py took 2.092 seconds
[2021-08-07 03:28:55,948] {scheduler_job.py:181} INFO - Started process (PID=348) to work on /home/airflow/.local/lib/python3.6/site-packages/airflow/example_dags/example_bash_operator.py
[2021-08-07 03:28:55,949] {scheduler_job.py:632} INFO - Processing file /home/airflow/.local/lib/python3.6/site-packages/airflow/example_dags/example_bash_operator.py for tasks to queue
[2021-08-07 03:28:55,950] {logging_mixin.py:104} INFO - [2021-08-07 03:28:55,950] {dagbag.py:496} INFO - Filling up the DagBag from /home/airflow/.local/lib/python3.6/site-packages/airflow/example_dags/example_bash_operator.py
[2021-08-07 03:28:55,967] {scheduler_job.py:642} INFO - DAG(s) dict_keys(['example_bash_operator']) retrieved from /home/airflow/.local/lib/python3.6/site-packages/airflow/example_dags/example_bash_operator.py
[2021-08-07 03:28:55,990] {logging_mixin.py:104} INFO - [2021-08-07 03:28:55,990] {dag.py:1833} INFO - Sync 1 DAGs
[2021-08-07 03:28:56,008] {logging_mixin.py:104} INFO - [2021-08-07 03:28:56,008] {dag.py:2306} INFO - Setting next_dagrun for example_bash_operator to 2021-08-05 00:00:00+00:00
[2021-08-07 03:28:56,020] {scheduler_job.py:189} INFO - Processing /home/airflow/.local/lib/python3.6/site-packages/airflow/example_dags/example_bash_operator.py took 0.076 seconds
[2021-08-07 03:29:26,530] {scheduler_job.py:181} INFO - Started process (PID=411) to work on /home/airflow/.local/lib/python3.6/site-packages/airflow/example_dags/example_bash_operator.py
[2021-08-07 03:29:26,532] {scheduler_job.py:632} INFO - Processing file /home/airflow/.local/lib/python3.6/site-packages/airflow/example_dags/example_bash_operator.py for tasks to queue
[2021-08-07 03:29:26,533] {logging_mixin.py:104} INFO - [2021-08-07 03:29:26,533] {dagbag.py:496} INFO - Filling up the DagBag from /home/airflow/.local/lib/python3.6/site-packages/airflow/example_dags/example_bash_operator.py
[2021-08-07 03:29:26,551] {scheduler_job.py:642} INFO - DAG(s) dict_keys(['example_bash_operator']) retrieved from /home/airflow/.local/lib/python3.6/site-packages/airflow/example_dags/example_bash_operator.py
[2021-08-07 03:29:26,573] {logging_mixin.py:104} INFO - [2021-08-07 03:29:26,573] {dag.py:1833} INFO - Sync 1 DAGs
[2021-08-07 03:29:26,591] {logging_mixin.py:104} INFO - [2021-08-07 03:29:26,591] {dag.py:2306} INFO - Setting next_dagrun for example_bash_operator to 2021-08-05 00:00:00+00:00
[2021-08-07 03:29:26,600] {scheduler_job.py:189} INFO - Processing /home/airflow/.local/lib/python3.6/site-packages/airflow/example_dags/example_bash_operator.py took 0.073 seconds
[2021-08-07 03:29:56,931] {scheduler_job.py:181} INFO - Started process (PID=475) to work on /home/airflow/.local/lib/python3.6/site-packages/airflow/example_dags/example_bash_operator.py
[2021-08-07 03:29:56,932] {scheduler_job.py:632} INFO - Processing file /home/airflow/.local/lib/python3.6/site-packages/airflow/example_dags/example_bash_operator.py for tasks to queue
[2021-08-07 03:29:56,933] {logging_mixin.py:104} INFO - [2021-08-07 03:29:56,933] {dagbag.py:496} INFO - Filling up the DagBag from /home/airflow/.local/lib/python3.6/site-packages/airflow/example_dags/example_bash_operator.py
[2021-08-07 03:29:56,950] {scheduler_job.py:642} INFO - DAG(s) dict_keys(['example_bash_operator']) retrieved from /home/airflow/.local/lib/python3.6/site-packages/airflow/example_dags/example_bash_operator.py
[2021-08-07 03:29:56,975] {logging_mixin.py:104} INFO - [2021-08-07 03:29:56,975] {dag.py:1833} INFO - Sync 1 DAGs
[2021-08-07 03:29:56,995] {logging_mixin.py:104} INFO - [2021-08-07 03:29:56,995] {dag.py:2306} INFO - Setting next_dagrun for example_bash_operator to 2021-08-05 00:00:00+00:00
[2021-08-07 03:29:57,007] {scheduler_job.py:189} INFO - Processing /home/airflow/.local/lib/python3.6/site-packages/airflow/example_dags/example_bash_operator.py took 0.081 seconds
[2021-08-07 03:30:27,292] {scheduler_job.py:181} INFO - Started process (PID=528) to work on /home/airflow/.local/lib/python3.6/site-packages/airflow/example_dags/example_bash_operator.py
[2021-08-07 03:30:27,294] {scheduler_job.py:632} INFO - Processing file /home/airflow/.local/lib/python3.6/site-packages/airflow/example_dags/example_bash_operator.py for tasks to queue
[2021-08-07 03:30:27,295] {logging_mixin.py:104} INFO - [2021-08-07 03:30:27,295] {dagbag.py:496} INFO - Filling up the DagBag from /home/airflow/.local/lib/python3.6/site-packages/airflow/example_dags/example_bash_operator.py
[2021-08-07 03:30:27,311] {scheduler_job.py:642} INFO - DAG(s) dict_keys(['example_bash_operator']) retrieved from /home/airflow/.local/lib/python3.6/site-packages/airflow/example_dags/example_bash_operator.py
[2021-08-07 03:30:27,333] {logging_mixin.py:104} INFO - [2021-08-07 03:30:27,332] {dag.py:1833} INFO - Sync 1 DAGs
[2021-08-07 03:30:27,351] {logging_mixin.py:104} INFO - [2021-08-07 03:30:27,351] {dag.py:2306} INFO - Setting next_dagrun for example_bash_operator to 2021-08-05 00:00:00+00:00
[2021-08-07 03:30:27,361] {scheduler_job.py:189} INFO - Processing /home/airflow/.local/lib/python3.6/site-packages/airflow/example_dags/example_bash_operator.py took 0.071 seconds
[2021-08-07 03:30:57,578] {scheduler_job.py:181} INFO - Started process (PID=589) to work on /home/airflow/.local/lib/python3.6/site-packages/airflow/example_dags/example_bash_operator.py
[2021-08-07 03:30:57,580] {scheduler_job.py:632} INFO - Processing file /home/airflow/.local/lib/python3.6/site-packages/airflow/example_dags/example_bash_operator.py for tasks to queue
[2021-08-07 03:30:57,582] {logging_mixin.py:104} INFO - [2021-08-07 03:30:57,582] {dagbag.py:496} INFO - Filling up the DagBag from /home/airflow/.local/lib/python3.6/site-packages/airflow/example_dags/example_bash_operator.py
[2021-08-07 03:30:57,600] {scheduler_job.py:642} INFO - DAG(s) dict_keys(['example_bash_operator']) retrieved from /home/airflow/.local/lib/python3.6/site-packages/airflow/example_dags/example_bash_operator.py
[2021-08-07 03:30:57,623] {logging_mixin.py:104} INFO - [2021-08-07 03:30:57,623] {dag.py:1833} INFO - Sync 1 DAGs
[2021-08-07 03:30:57,643] {logging_mixin.py:104} INFO - [2021-08-07 03:30:57,643] {dag.py:2306} INFO - Setting next_dagrun for example_bash_operator to 2021-08-05 00:00:00+00:00
[2021-08-07 03:30:57,656] {scheduler_job.py:189} INFO - Processing /home/airflow/.local/lib/python3.6/site-packages/airflow/example_dags/example_bash_operator.py took 0.082 seconds
[2021-08-07 03:31:28,034] {scheduler_job.py:181} INFO - Started process (PID=653) to work on /home/airflow/.local/lib/python3.6/site-packages/airflow/example_dags/example_bash_operator.py
[2021-08-07 03:31:28,035] {scheduler_job.py:632} INFO - Processing file /home/airflow/.local/lib/python3.6/site-packages/airflow/example_dags/example_bash_operator.py for tasks to queue
[2021-08-07 03:31:28,036] {logging_mixin.py:104} INFO - [2021-08-07 03:31:28,036] {dagbag.py:496} INFO - Filling up the DagBag from /home/airflow/.local/lib/python3.6/site-packages/airflow/example_dags/example_bash_operator.py
[2021-08-07 03:31:28,051] {scheduler_job.py:642} INFO - DAG(s) dict_keys(['example_bash_operator']) retrieved from /home/airflow/.local/lib/python3.6/site-packages/airflow/example_dags/example_bash_operator.py
[2021-08-07 03:31:28,072] {logging_mixin.py:104} INFO - [2021-08-07 03:31:28,072] {dag.py:1833} INFO - Sync 1 DAGs
[2021-08-07 03:31:28,093] {logging_mixin.py:104} INFO - [2021-08-07 03:31:28,093] {dag.py:2306} INFO - Setting next_dagrun for example_bash_operator to 2021-08-05 00:00:00+00:00
[2021-08-07 03:31:28,108] {scheduler_job.py:189} INFO - Processing /home/airflow/.local/lib/python3.6/site-packages/airflow/example_dags/example_bash_operator.py took 0.077 seconds
[2021-08-07 03:32:19,536] {scheduler_job.py:181} INFO - Started process (PID=35) to work on /home/airflow/.local/lib/python3.6/site-packages/airflow/example_dags/example_bash_operator.py
[2021-08-07 03:32:19,538] {scheduler_job.py:632} INFO - Processing file /home/airflow/.local/lib/python3.6/site-packages/airflow/example_dags/example_bash_operator.py for tasks to queue
[2021-08-07 03:32:19,539] {logging_mixin.py:104} INFO - [2021-08-07 03:32:19,539] {dagbag.py:496} INFO - Filling up the DagBag from /home/airflow/.local/lib/python3.6/site-packages/airflow/example_dags/example_bash_operator.py
[2021-08-07 03:32:19,557] {scheduler_job.py:642} INFO - DAG(s) dict_keys(['example_bash_operator']) retrieved from /home/airflow/.local/lib/python3.6/site-packages/airflow/example_dags/example_bash_operator.py
[2021-08-07 03:32:19,589] {logging_mixin.py:104} INFO - [2021-08-07 03:32:19,589] {dag.py:1833} INFO - Sync 1 DAGs
[2021-08-07 03:32:19,608] {logging_mixin.py:104} INFO - [2021-08-07 03:32:19,608] {dag.py:2306} INFO - Setting next_dagrun for example_bash_operator to 2021-08-05 00:00:00+00:00
[2021-08-07 03:32:19,619] {scheduler_job.py:189} INFO - Processing /home/airflow/.local/lib/python3.6/site-packages/airflow/example_dags/example_bash_operator.py took 0.087 seconds
[2021-08-07 03:32:50,266] {scheduler_job.py:181} INFO - Started process (PID=97) to work on /home/airflow/.local/lib/python3.6/site-packages/airflow/example_dags/example_bash_operator.py
[2021-08-07 03:32:50,268] {scheduler_job.py:632} INFO - Processing file /home/airflow/.local/lib/python3.6/site-packages/airflow/example_dags/example_bash_operator.py for tasks to queue
[2021-08-07 03:32:50,269] {logging_mixin.py:104} INFO - [2021-08-07 03:32:50,269] {dagbag.py:496} INFO - Filling up the DagBag from /home/airflow/.local/lib/python3.6/site-packages/airflow/example_dags/example_bash_operator.py
[2021-08-07 03:32:50,288] {scheduler_job.py:642} INFO - DAG(s) dict_keys(['example_bash_operator']) retrieved from /home/airflow/.local/lib/python3.6/site-packages/airflow/example_dags/example_bash_operator.py
[2021-08-07 03:32:50,311] {logging_mixin.py:104} INFO - [2021-08-07 03:32:50,311] {dag.py:1833} INFO - Sync 1 DAGs
[2021-08-07 03:32:50,328] {logging_mixin.py:104} INFO - [2021-08-07 03:32:50,328] {dag.py:2306} INFO - Setting next_dagrun for example_bash_operator to 2021-08-05 00:00:00+00:00
[2021-08-07 03:32:50,339] {scheduler_job.py:189} INFO - Processing /home/airflow/.local/lib/python3.6/site-packages/airflow/example_dags/example_bash_operator.py took 0.076 seconds
