[2021-08-07 03:28:34,094] {scheduler_job.py:181} INFO - Started process (PID=224) to work on /home/airflow/.local/lib/python3.6/site-packages/airflow/example_dags/example_xcomargs.py
[2021-08-07 03:28:34,096] {scheduler_job.py:632} INFO - Processing file /home/airflow/.local/lib/python3.6/site-packages/airflow/example_dags/example_xcomargs.py for tasks to queue
[2021-08-07 03:28:34,097] {logging_mixin.py:104} INFO - [2021-08-07 03:28:34,097] {dagbag.py:496} INFO - Filling up the DagBag from /home/airflow/.local/lib/python3.6/site-packages/airflow/example_dags/example_xcomargs.py
[2021-08-07 03:28:34,119] {scheduler_job.py:642} INFO - DAG(s) dict_keys(['example_xcom_args', 'example_xcom_args_with_operators']) retrieved from /home/airflow/.local/lib/python3.6/site-packages/airflow/example_dags/example_xcomargs.py
[2021-08-07 03:28:36,148] {logging_mixin.py:104} INFO - [2021-08-07 03:28:36,147] {dag.py:1833} INFO - Sync 2 DAGs
[2021-08-07 03:28:36,160] {logging_mixin.py:104} INFO - [2021-08-07 03:28:36,159] {dag.py:1852} INFO - Creating ORM DAG for example_xcom_args
[2021-08-07 03:28:36,161] {logging_mixin.py:104} INFO - [2021-08-07 03:28:36,161] {dag.py:1852} INFO - Creating ORM DAG for example_xcom_args_with_operators
[2021-08-07 03:28:36,165] {logging_mixin.py:104} INFO - [2021-08-07 03:28:36,165] {dag.py:2306} INFO - Setting next_dagrun for example_xcom_args to None
[2021-08-07 03:28:36,167] {logging_mixin.py:104} INFO - [2021-08-07 03:28:36,167] {dag.py:2306} INFO - Setting next_dagrun for example_xcom_args_with_operators to None
[2021-08-07 03:28:36,177] {scheduler_job.py:189} INFO - Processing /home/airflow/.local/lib/python3.6/site-packages/airflow/example_dags/example_xcomargs.py took 2.087 seconds
[2021-08-07 03:29:06,451] {scheduler_job.py:181} INFO - Started process (PID=368) to work on /home/airflow/.local/lib/python3.6/site-packages/airflow/example_dags/example_xcomargs.py
[2021-08-07 03:29:06,453] {scheduler_job.py:632} INFO - Processing file /home/airflow/.local/lib/python3.6/site-packages/airflow/example_dags/example_xcomargs.py for tasks to queue
[2021-08-07 03:29:06,454] {logging_mixin.py:104} INFO - [2021-08-07 03:29:06,454] {dagbag.py:496} INFO - Filling up the DagBag from /home/airflow/.local/lib/python3.6/site-packages/airflow/example_dags/example_xcomargs.py
[2021-08-07 03:29:06,483] {scheduler_job.py:642} INFO - DAG(s) dict_keys(['example_xcom_args', 'example_xcom_args_with_operators']) retrieved from /home/airflow/.local/lib/python3.6/site-packages/airflow/example_dags/example_xcomargs.py
[2021-08-07 03:29:06,671] {logging_mixin.py:104} INFO - [2021-08-07 03:29:06,671] {dag.py:1833} INFO - Sync 2 DAGs
[2021-08-07 03:29:06,684] {logging_mixin.py:104} INFO - [2021-08-07 03:29:06,684] {dag.py:2306} INFO - Setting next_dagrun for example_xcom_args to None
[2021-08-07 03:29:06,686] {logging_mixin.py:104} INFO - [2021-08-07 03:29:06,686] {dag.py:2306} INFO - Setting next_dagrun for example_xcom_args_with_operators to None
[2021-08-07 03:29:06,697] {scheduler_job.py:189} INFO - Processing /home/airflow/.local/lib/python3.6/site-packages/airflow/example_dags/example_xcomargs.py took 0.250 seconds
[2021-08-07 03:29:36,933] {scheduler_job.py:181} INFO - Started process (PID=432) to work on /home/airflow/.local/lib/python3.6/site-packages/airflow/example_dags/example_xcomargs.py
[2021-08-07 03:29:36,935] {scheduler_job.py:632} INFO - Processing file /home/airflow/.local/lib/python3.6/site-packages/airflow/example_dags/example_xcomargs.py for tasks to queue
[2021-08-07 03:29:36,936] {logging_mixin.py:104} INFO - [2021-08-07 03:29:36,936] {dagbag.py:496} INFO - Filling up the DagBag from /home/airflow/.local/lib/python3.6/site-packages/airflow/example_dags/example_xcomargs.py
[2021-08-07 03:29:36,958] {scheduler_job.py:642} INFO - DAG(s) dict_keys(['example_xcom_args', 'example_xcom_args_with_operators']) retrieved from /home/airflow/.local/lib/python3.6/site-packages/airflow/example_dags/example_xcomargs.py
[2021-08-07 03:29:37,144] {logging_mixin.py:104} INFO - [2021-08-07 03:29:37,144] {dag.py:1833} INFO - Sync 2 DAGs
[2021-08-07 03:29:37,158] {logging_mixin.py:104} INFO - [2021-08-07 03:29:37,157] {dag.py:2306} INFO - Setting next_dagrun for example_xcom_args to None
[2021-08-07 03:29:37,171] {logging_mixin.py:104} INFO - [2021-08-07 03:29:37,171] {dag.py:2306} INFO - Setting next_dagrun for example_xcom_args_with_operators to None
[2021-08-07 03:29:37,228] {scheduler_job.py:189} INFO - Processing /home/airflow/.local/lib/python3.6/site-packages/airflow/example_dags/example_xcomargs.py took 0.299 seconds
[2021-08-07 03:30:07,343] {scheduler_job.py:181} INFO - Started process (PID=485) to work on /home/airflow/.local/lib/python3.6/site-packages/airflow/example_dags/example_xcomargs.py
[2021-08-07 03:30:07,344] {scheduler_job.py:632} INFO - Processing file /home/airflow/.local/lib/python3.6/site-packages/airflow/example_dags/example_xcomargs.py for tasks to queue
[2021-08-07 03:30:07,346] {logging_mixin.py:104} INFO - [2021-08-07 03:30:07,345] {dagbag.py:496} INFO - Filling up the DagBag from /home/airflow/.local/lib/python3.6/site-packages/airflow/example_dags/example_xcomargs.py
[2021-08-07 03:30:07,366] {scheduler_job.py:642} INFO - DAG(s) dict_keys(['example_xcom_args', 'example_xcom_args_with_operators']) retrieved from /home/airflow/.local/lib/python3.6/site-packages/airflow/example_dags/example_xcomargs.py
[2021-08-07 03:30:07,528] {logging_mixin.py:104} INFO - [2021-08-07 03:30:07,528] {dag.py:1833} INFO - Sync 2 DAGs
[2021-08-07 03:30:07,541] {logging_mixin.py:104} INFO - [2021-08-07 03:30:07,541] {dag.py:2306} INFO - Setting next_dagrun for example_xcom_args to None
[2021-08-07 03:30:07,544] {logging_mixin.py:104} INFO - [2021-08-07 03:30:07,543] {dag.py:2306} INFO - Setting next_dagrun for example_xcom_args_with_operators to None
[2021-08-07 03:30:07,554] {scheduler_job.py:189} INFO - Processing /home/airflow/.local/lib/python3.6/site-packages/airflow/example_dags/example_xcomargs.py took 0.214 seconds
[2021-08-07 03:30:37,599] {scheduler_job.py:181} INFO - Started process (PID=547) to work on /home/airflow/.local/lib/python3.6/site-packages/airflow/example_dags/example_xcomargs.py
[2021-08-07 03:30:37,601] {scheduler_job.py:632} INFO - Processing file /home/airflow/.local/lib/python3.6/site-packages/airflow/example_dags/example_xcomargs.py for tasks to queue
[2021-08-07 03:30:37,603] {logging_mixin.py:104} INFO - [2021-08-07 03:30:37,602] {dagbag.py:496} INFO - Filling up the DagBag from /home/airflow/.local/lib/python3.6/site-packages/airflow/example_dags/example_xcomargs.py
[2021-08-07 03:30:37,621] {scheduler_job.py:642} INFO - DAG(s) dict_keys(['example_xcom_args', 'example_xcom_args_with_operators']) retrieved from /home/airflow/.local/lib/python3.6/site-packages/airflow/example_dags/example_xcomargs.py
[2021-08-07 03:30:37,774] {logging_mixin.py:104} INFO - [2021-08-07 03:30:37,774] {dag.py:1833} INFO - Sync 2 DAGs
[2021-08-07 03:30:37,787] {logging_mixin.py:104} INFO - [2021-08-07 03:30:37,787] {dag.py:2306} INFO - Setting next_dagrun for example_xcom_args to None
[2021-08-07 03:30:37,789] {logging_mixin.py:104} INFO - [2021-08-07 03:30:37,788] {dag.py:2306} INFO - Setting next_dagrun for example_xcom_args_with_operators to None
[2021-08-07 03:30:37,800] {scheduler_job.py:189} INFO - Processing /home/airflow/.local/lib/python3.6/site-packages/airflow/example_dags/example_xcomargs.py took 0.205 seconds
[2021-08-07 03:31:08,050] {scheduler_job.py:181} INFO - Started process (PID=609) to work on /home/airflow/.local/lib/python3.6/site-packages/airflow/example_dags/example_xcomargs.py
[2021-08-07 03:31:08,052] {scheduler_job.py:632} INFO - Processing file /home/airflow/.local/lib/python3.6/site-packages/airflow/example_dags/example_xcomargs.py for tasks to queue
[2021-08-07 03:31:08,054] {logging_mixin.py:104} INFO - [2021-08-07 03:31:08,053] {dagbag.py:496} INFO - Filling up the DagBag from /home/airflow/.local/lib/python3.6/site-packages/airflow/example_dags/example_xcomargs.py
[2021-08-07 03:31:08,073] {scheduler_job.py:642} INFO - DAG(s) dict_keys(['example_xcom_args', 'example_xcom_args_with_operators']) retrieved from /home/airflow/.local/lib/python3.6/site-packages/airflow/example_dags/example_xcomargs.py
[2021-08-07 03:31:08,227] {logging_mixin.py:104} INFO - [2021-08-07 03:31:08,226] {dag.py:1833} INFO - Sync 2 DAGs
[2021-08-07 03:31:08,239] {logging_mixin.py:104} INFO - [2021-08-07 03:31:08,239] {dag.py:2306} INFO - Setting next_dagrun for example_xcom_args to None
[2021-08-07 03:31:08,240] {logging_mixin.py:104} INFO - [2021-08-07 03:31:08,240] {dag.py:2306} INFO - Setting next_dagrun for example_xcom_args_with_operators to None
[2021-08-07 03:31:08,250] {scheduler_job.py:189} INFO - Processing /home/airflow/.local/lib/python3.6/site-packages/airflow/example_dags/example_xcomargs.py took 0.203 seconds
[2021-08-07 03:31:38,460] {scheduler_job.py:181} INFO - Started process (PID=662) to work on /home/airflow/.local/lib/python3.6/site-packages/airflow/example_dags/example_xcomargs.py
[2021-08-07 03:31:38,461] {scheduler_job.py:632} INFO - Processing file /home/airflow/.local/lib/python3.6/site-packages/airflow/example_dags/example_xcomargs.py for tasks to queue
[2021-08-07 03:31:38,463] {logging_mixin.py:104} INFO - [2021-08-07 03:31:38,463] {dagbag.py:496} INFO - Filling up the DagBag from /home/airflow/.local/lib/python3.6/site-packages/airflow/example_dags/example_xcomargs.py
[2021-08-07 03:31:38,484] {scheduler_job.py:642} INFO - DAG(s) dict_keys(['example_xcom_args', 'example_xcom_args_with_operators']) retrieved from /home/airflow/.local/lib/python3.6/site-packages/airflow/example_dags/example_xcomargs.py
[2021-08-07 03:31:38,660] {logging_mixin.py:104} INFO - [2021-08-07 03:31:38,660] {dag.py:1833} INFO - Sync 2 DAGs
[2021-08-07 03:31:38,671] {logging_mixin.py:104} INFO - [2021-08-07 03:31:38,671] {dag.py:2306} INFO - Setting next_dagrun for example_xcom_args to None
[2021-08-07 03:31:38,673] {logging_mixin.py:104} INFO - [2021-08-07 03:31:38,673] {dag.py:2306} INFO - Setting next_dagrun for example_xcom_args_with_operators to None
[2021-08-07 03:31:38,685] {scheduler_job.py:189} INFO - Processing /home/airflow/.local/lib/python3.6/site-packages/airflow/example_dags/example_xcomargs.py took 0.229 seconds
[2021-08-07 03:32:20,340] {scheduler_job.py:181} INFO - Started process (PID=44) to work on /home/airflow/.local/lib/python3.6/site-packages/airflow/example_dags/example_xcomargs.py
[2021-08-07 03:32:20,343] {scheduler_job.py:632} INFO - Processing file /home/airflow/.local/lib/python3.6/site-packages/airflow/example_dags/example_xcomargs.py for tasks to queue
[2021-08-07 03:32:20,345] {logging_mixin.py:104} INFO - [2021-08-07 03:32:20,344] {dagbag.py:496} INFO - Filling up the DagBag from /home/airflow/.local/lib/python3.6/site-packages/airflow/example_dags/example_xcomargs.py
[2021-08-07 03:32:20,375] {scheduler_job.py:642} INFO - DAG(s) dict_keys(['example_xcom_args', 'example_xcom_args_with_operators']) retrieved from /home/airflow/.local/lib/python3.6/site-packages/airflow/example_dags/example_xcomargs.py
[2021-08-07 03:32:20,670] {logging_mixin.py:104} INFO - [2021-08-07 03:32:20,669] {dag.py:1833} INFO - Sync 2 DAGs
[2021-08-07 03:32:20,685] {logging_mixin.py:104} INFO - [2021-08-07 03:32:20,685] {dag.py:2306} INFO - Setting next_dagrun for example_xcom_args to None
[2021-08-07 03:32:20,687] {logging_mixin.py:104} INFO - [2021-08-07 03:32:20,687] {dag.py:2306} INFO - Setting next_dagrun for example_xcom_args_with_operators to None
[2021-08-07 03:32:20,700] {scheduler_job.py:189} INFO - Processing /home/airflow/.local/lib/python3.6/site-packages/airflow/example_dags/example_xcomargs.py took 0.365 seconds
[2021-08-07 03:32:50,999] {scheduler_job.py:181} INFO - Started process (PID=109) to work on /home/airflow/.local/lib/python3.6/site-packages/airflow/example_dags/example_xcomargs.py
[2021-08-07 03:32:51,001] {scheduler_job.py:632} INFO - Processing file /home/airflow/.local/lib/python3.6/site-packages/airflow/example_dags/example_xcomargs.py for tasks to queue
[2021-08-07 03:32:51,003] {logging_mixin.py:104} INFO - [2021-08-07 03:32:51,002] {dagbag.py:496} INFO - Filling up the DagBag from /home/airflow/.local/lib/python3.6/site-packages/airflow/example_dags/example_xcomargs.py
[2021-08-07 03:32:51,028] {scheduler_job.py:642} INFO - DAG(s) dict_keys(['example_xcom_args', 'example_xcom_args_with_operators']) retrieved from /home/airflow/.local/lib/python3.6/site-packages/airflow/example_dags/example_xcomargs.py
[2021-08-07 03:32:51,265] {logging_mixin.py:104} INFO - [2021-08-07 03:32:51,265] {dag.py:1833} INFO - Sync 2 DAGs
[2021-08-07 03:32:51,284] {logging_mixin.py:104} INFO - [2021-08-07 03:32:51,284] {dag.py:2306} INFO - Setting next_dagrun for example_xcom_args to None
[2021-08-07 03:32:51,285] {logging_mixin.py:104} INFO - [2021-08-07 03:32:51,285] {dag.py:2306} INFO - Setting next_dagrun for example_xcom_args_with_operators to None
[2021-08-07 03:32:51,300] {scheduler_job.py:189} INFO - Processing /home/airflow/.local/lib/python3.6/site-packages/airflow/example_dags/example_xcomargs.py took 0.305 seconds
