[2021-08-07 03:28:27,187] {scheduler_job.py:181} INFO - Started process (PID=170) to work on /home/airflow/.local/lib/python3.6/site-packages/airflow/example_dags/example_kubernetes_executor.py
[2021-08-07 03:28:27,188] {scheduler_job.py:632} INFO - Processing file /home/airflow/.local/lib/python3.6/site-packages/airflow/example_dags/example_kubernetes_executor.py for tasks to queue
[2021-08-07 03:28:27,189] {logging_mixin.py:104} INFO - [2021-08-07 03:28:27,189] {dagbag.py:496} INFO - Filling up the DagBag from /home/airflow/.local/lib/python3.6/site-packages/airflow/example_dags/example_kubernetes_executor.py
[2021-08-07 03:28:27,203] {scheduler_job.py:642} INFO - DAG(s) dict_keys(['example_kubernetes_executor']) retrieved from /home/airflow/.local/lib/python3.6/site-packages/airflow/example_dags/example_kubernetes_executor.py
[2021-08-07 03:28:29,374] {logging_mixin.py:104} INFO - [2021-08-07 03:28:29,373] {dag.py:1833} INFO - Sync 1 DAGs
[2021-08-07 03:28:29,384] {logging_mixin.py:104} INFO - [2021-08-07 03:28:29,383] {dag.py:1852} INFO - Creating ORM DAG for example_kubernetes_executor
[2021-08-07 03:28:29,389] {logging_mixin.py:104} INFO - [2021-08-07 03:28:29,389] {dag.py:2306} INFO - Setting next_dagrun for example_kubernetes_executor to None
[2021-08-07 03:28:29,401] {scheduler_job.py:189} INFO - Processing /home/airflow/.local/lib/python3.6/site-packages/airflow/example_dags/example_kubernetes_executor.py took 2.218 seconds
[2021-08-07 03:29:00,247] {scheduler_job.py:181} INFO - Started process (PID=362) to work on /home/airflow/.local/lib/python3.6/site-packages/airflow/example_dags/example_kubernetes_executor.py
[2021-08-07 03:29:00,250] {scheduler_job.py:632} INFO - Processing file /home/airflow/.local/lib/python3.6/site-packages/airflow/example_dags/example_kubernetes_executor.py for tasks to queue
[2021-08-07 03:29:00,252] {logging_mixin.py:104} INFO - [2021-08-07 03:29:00,252] {dagbag.py:496} INFO - Filling up the DagBag from /home/airflow/.local/lib/python3.6/site-packages/airflow/example_dags/example_kubernetes_executor.py
[2021-08-07 03:29:00,273] {scheduler_job.py:642} INFO - DAG(s) dict_keys(['example_kubernetes_executor']) retrieved from /home/airflow/.local/lib/python3.6/site-packages/airflow/example_dags/example_kubernetes_executor.py
[2021-08-07 03:29:00,304] {logging_mixin.py:104} INFO - [2021-08-07 03:29:00,304] {dag.py:1833} INFO - Sync 1 DAGs
[2021-08-07 03:29:00,324] {logging_mixin.py:104} INFO - [2021-08-07 03:29:00,323] {dag.py:2306} INFO - Setting next_dagrun for example_kubernetes_executor to None
[2021-08-07 03:29:00,334] {scheduler_job.py:189} INFO - Processing /home/airflow/.local/lib/python3.6/site-packages/airflow/example_dags/example_kubernetes_executor.py took 0.092 seconds
[2021-08-07 03:29:30,647] {scheduler_job.py:181} INFO - Started process (PID=414) to work on /home/airflow/.local/lib/python3.6/site-packages/airflow/example_dags/example_kubernetes_executor.py
[2021-08-07 03:29:30,649] {scheduler_job.py:632} INFO - Processing file /home/airflow/.local/lib/python3.6/site-packages/airflow/example_dags/example_kubernetes_executor.py for tasks to queue
[2021-08-07 03:29:30,650] {logging_mixin.py:104} INFO - [2021-08-07 03:29:30,650] {dagbag.py:496} INFO - Filling up the DagBag from /home/airflow/.local/lib/python3.6/site-packages/airflow/example_dags/example_kubernetes_executor.py
[2021-08-07 03:29:30,667] {scheduler_job.py:642} INFO - DAG(s) dict_keys(['example_kubernetes_executor']) retrieved from /home/airflow/.local/lib/python3.6/site-packages/airflow/example_dags/example_kubernetes_executor.py
[2021-08-07 03:29:30,691] {logging_mixin.py:104} INFO - [2021-08-07 03:29:30,691] {dag.py:1833} INFO - Sync 1 DAGs
[2021-08-07 03:29:30,707] {logging_mixin.py:104} INFO - [2021-08-07 03:29:30,707] {dag.py:2306} INFO - Setting next_dagrun for example_kubernetes_executor to None
[2021-08-07 03:29:30,717] {scheduler_job.py:189} INFO - Processing /home/airflow/.local/lib/python3.6/site-packages/airflow/example_dags/example_kubernetes_executor.py took 0.074 seconds
[2021-08-07 03:30:01,059] {scheduler_job.py:181} INFO - Started process (PID=479) to work on /home/airflow/.local/lib/python3.6/site-packages/airflow/example_dags/example_kubernetes_executor.py
[2021-08-07 03:30:01,061] {scheduler_job.py:632} INFO - Processing file /home/airflow/.local/lib/python3.6/site-packages/airflow/example_dags/example_kubernetes_executor.py for tasks to queue
[2021-08-07 03:30:01,063] {logging_mixin.py:104} INFO - [2021-08-07 03:30:01,063] {dagbag.py:496} INFO - Filling up the DagBag from /home/airflow/.local/lib/python3.6/site-packages/airflow/example_dags/example_kubernetes_executor.py
[2021-08-07 03:30:01,079] {scheduler_job.py:642} INFO - DAG(s) dict_keys(['example_kubernetes_executor']) retrieved from /home/airflow/.local/lib/python3.6/site-packages/airflow/example_dags/example_kubernetes_executor.py
[2021-08-07 03:30:01,104] {logging_mixin.py:104} INFO - [2021-08-07 03:30:01,104] {dag.py:1833} INFO - Sync 1 DAGs
[2021-08-07 03:30:01,120] {logging_mixin.py:104} INFO - [2021-08-07 03:30:01,120] {dag.py:2306} INFO - Setting next_dagrun for example_kubernetes_executor to None
[2021-08-07 03:30:01,134] {scheduler_job.py:189} INFO - Processing /home/airflow/.local/lib/python3.6/site-packages/airflow/example_dags/example_kubernetes_executor.py took 0.078 seconds
[2021-08-07 03:30:31,407] {scheduler_job.py:181} INFO - Started process (PID=541) to work on /home/airflow/.local/lib/python3.6/site-packages/airflow/example_dags/example_kubernetes_executor.py
[2021-08-07 03:30:31,409] {scheduler_job.py:632} INFO - Processing file /home/airflow/.local/lib/python3.6/site-packages/airflow/example_dags/example_kubernetes_executor.py for tasks to queue
[2021-08-07 03:30:31,410] {logging_mixin.py:104} INFO - [2021-08-07 03:30:31,410] {dagbag.py:496} INFO - Filling up the DagBag from /home/airflow/.local/lib/python3.6/site-packages/airflow/example_dags/example_kubernetes_executor.py
[2021-08-07 03:30:31,424] {scheduler_job.py:642} INFO - DAG(s) dict_keys(['example_kubernetes_executor']) retrieved from /home/airflow/.local/lib/python3.6/site-packages/airflow/example_dags/example_kubernetes_executor.py
[2021-08-07 03:30:31,447] {logging_mixin.py:104} INFO - [2021-08-07 03:30:31,447] {dag.py:1833} INFO - Sync 1 DAGs
[2021-08-07 03:30:31,463] {logging_mixin.py:104} INFO - [2021-08-07 03:30:31,463] {dag.py:2306} INFO - Setting next_dagrun for example_kubernetes_executor to None
[2021-08-07 03:30:31,473] {scheduler_job.py:189} INFO - Processing /home/airflow/.local/lib/python3.6/site-packages/airflow/example_dags/example_kubernetes_executor.py took 0.069 seconds
[2021-08-07 03:31:01,789] {scheduler_job.py:181} INFO - Started process (PID=592) to work on /home/airflow/.local/lib/python3.6/site-packages/airflow/example_dags/example_kubernetes_executor.py
[2021-08-07 03:31:01,791] {scheduler_job.py:632} INFO - Processing file /home/airflow/.local/lib/python3.6/site-packages/airflow/example_dags/example_kubernetes_executor.py for tasks to queue
[2021-08-07 03:31:01,793] {logging_mixin.py:104} INFO - [2021-08-07 03:31:01,792] {dagbag.py:496} INFO - Filling up the DagBag from /home/airflow/.local/lib/python3.6/site-packages/airflow/example_dags/example_kubernetes_executor.py
[2021-08-07 03:31:01,804] {scheduler_job.py:642} INFO - DAG(s) dict_keys(['example_kubernetes_executor']) retrieved from /home/airflow/.local/lib/python3.6/site-packages/airflow/example_dags/example_kubernetes_executor.py
[2021-08-07 03:31:01,827] {logging_mixin.py:104} INFO - [2021-08-07 03:31:01,827] {dag.py:1833} INFO - Sync 1 DAGs
[2021-08-07 03:31:01,842] {logging_mixin.py:104} INFO - [2021-08-07 03:31:01,842] {dag.py:2306} INFO - Setting next_dagrun for example_kubernetes_executor to None
[2021-08-07 03:31:01,852] {scheduler_job.py:189} INFO - Processing /home/airflow/.local/lib/python3.6/site-packages/airflow/example_dags/example_kubernetes_executor.py took 0.066 seconds
[2021-08-07 03:31:32,246] {scheduler_job.py:181} INFO - Started process (PID=656) to work on /home/airflow/.local/lib/python3.6/site-packages/airflow/example_dags/example_kubernetes_executor.py
[2021-08-07 03:31:32,247] {scheduler_job.py:632} INFO - Processing file /home/airflow/.local/lib/python3.6/site-packages/airflow/example_dags/example_kubernetes_executor.py for tasks to queue
[2021-08-07 03:31:32,249] {logging_mixin.py:104} INFO - [2021-08-07 03:31:32,248] {dagbag.py:496} INFO - Filling up the DagBag from /home/airflow/.local/lib/python3.6/site-packages/airflow/example_dags/example_kubernetes_executor.py
[2021-08-07 03:31:32,261] {scheduler_job.py:642} INFO - DAG(s) dict_keys(['example_kubernetes_executor']) retrieved from /home/airflow/.local/lib/python3.6/site-packages/airflow/example_dags/example_kubernetes_executor.py
[2021-08-07 03:31:32,289] {logging_mixin.py:104} INFO - [2021-08-07 03:31:32,289] {dag.py:1833} INFO - Sync 1 DAGs
[2021-08-07 03:31:32,311] {logging_mixin.py:104} INFO - [2021-08-07 03:31:32,311] {dag.py:2306} INFO - Setting next_dagrun for example_kubernetes_executor to None
[2021-08-07 03:31:32,327] {scheduler_job.py:189} INFO - Processing /home/airflow/.local/lib/python3.6/site-packages/airflow/example_dags/example_kubernetes_executor.py took 0.085 seconds
[2021-08-07 03:32:19,806] {scheduler_job.py:181} INFO - Started process (PID=38) to work on /home/airflow/.local/lib/python3.6/site-packages/airflow/example_dags/example_kubernetes_executor.py
[2021-08-07 03:32:19,808] {scheduler_job.py:632} INFO - Processing file /home/airflow/.local/lib/python3.6/site-packages/airflow/example_dags/example_kubernetes_executor.py for tasks to queue
[2021-08-07 03:32:19,809] {logging_mixin.py:104} INFO - [2021-08-07 03:32:19,809] {dagbag.py:496} INFO - Filling up the DagBag from /home/airflow/.local/lib/python3.6/site-packages/airflow/example_dags/example_kubernetes_executor.py
[2021-08-07 03:32:19,827] {scheduler_job.py:642} INFO - DAG(s) dict_keys(['example_kubernetes_executor']) retrieved from /home/airflow/.local/lib/python3.6/site-packages/airflow/example_dags/example_kubernetes_executor.py
[2021-08-07 03:32:19,861] {logging_mixin.py:104} INFO - [2021-08-07 03:32:19,861] {dag.py:1833} INFO - Sync 1 DAGs
[2021-08-07 03:32:19,881] {logging_mixin.py:104} INFO - [2021-08-07 03:32:19,880] {dag.py:2306} INFO - Setting next_dagrun for example_kubernetes_executor to None
[2021-08-07 03:32:19,896] {scheduler_job.py:189} INFO - Processing /home/airflow/.local/lib/python3.6/site-packages/airflow/example_dags/example_kubernetes_executor.py took 0.094 seconds
[2021-08-07 03:32:50,512] {scheduler_job.py:181} INFO - Started process (PID=102) to work on /home/airflow/.local/lib/python3.6/site-packages/airflow/example_dags/example_kubernetes_executor.py
[2021-08-07 03:32:50,514] {scheduler_job.py:632} INFO - Processing file /home/airflow/.local/lib/python3.6/site-packages/airflow/example_dags/example_kubernetes_executor.py for tasks to queue
[2021-08-07 03:32:50,516] {logging_mixin.py:104} INFO - [2021-08-07 03:32:50,516] {dagbag.py:496} INFO - Filling up the DagBag from /home/airflow/.local/lib/python3.6/site-packages/airflow/example_dags/example_kubernetes_executor.py
[2021-08-07 03:32:50,536] {scheduler_job.py:642} INFO - DAG(s) dict_keys(['example_kubernetes_executor']) retrieved from /home/airflow/.local/lib/python3.6/site-packages/airflow/example_dags/example_kubernetes_executor.py
[2021-08-07 03:32:50,563] {logging_mixin.py:104} INFO - [2021-08-07 03:32:50,563] {dag.py:1833} INFO - Sync 1 DAGs
[2021-08-07 03:32:50,580] {logging_mixin.py:104} INFO - [2021-08-07 03:32:50,580] {dag.py:2306} INFO - Setting next_dagrun for example_kubernetes_executor to None
[2021-08-07 03:32:50,592] {scheduler_job.py:189} INFO - Processing /home/airflow/.local/lib/python3.6/site-packages/airflow/example_dags/example_kubernetes_executor.py took 0.084 seconds
