[2021-08-07 03:28:30,574] {scheduler_job.py:181} INFO - Started process (PID=197) to work on /home/airflow/.local/lib/python3.6/site-packages/airflow/example_dags/example_complex.py
[2021-08-07 03:28:30,579] {scheduler_job.py:632} INFO - Processing file /home/airflow/.local/lib/python3.6/site-packages/airflow/example_dags/example_complex.py for tasks to queue
[2021-08-07 03:28:30,584] {logging_mixin.py:104} INFO - [2021-08-07 03:28:30,583] {dagbag.py:496} INFO - Filling up the DagBag from /home/airflow/.local/lib/python3.6/site-packages/airflow/example_dags/example_complex.py
[2021-08-07 03:28:30,658] {scheduler_job.py:642} INFO - DAG(s) dict_keys(['example_complex']) retrieved from /home/airflow/.local/lib/python3.6/site-packages/airflow/example_dags/example_complex.py
[2021-08-07 03:28:32,986] {logging_mixin.py:104} INFO - [2021-08-07 03:28:32,985] {dag.py:1833} INFO - Sync 1 DAGs
[2021-08-07 03:28:32,996] {logging_mixin.py:104} INFO - [2021-08-07 03:28:32,995] {dag.py:1852} INFO - Creating ORM DAG for example_complex
[2021-08-07 03:28:33,001] {logging_mixin.py:104} INFO - [2021-08-07 03:28:33,001] {dag.py:2306} INFO - Setting next_dagrun for example_complex to None
[2021-08-07 03:28:33,011] {scheduler_job.py:189} INFO - Processing /home/airflow/.local/lib/python3.6/site-packages/airflow/example_dags/example_complex.py took 2.448 seconds
[2021-08-07 03:29:03,336] {scheduler_job.py:181} INFO - Started process (PID=365) to work on /home/airflow/.local/lib/python3.6/site-packages/airflow/example_dags/example_complex.py
[2021-08-07 03:29:03,337] {scheduler_job.py:632} INFO - Processing file /home/airflow/.local/lib/python3.6/site-packages/airflow/example_dags/example_complex.py for tasks to queue
[2021-08-07 03:29:03,338] {logging_mixin.py:104} INFO - [2021-08-07 03:29:03,338] {dagbag.py:496} INFO - Filling up the DagBag from /home/airflow/.local/lib/python3.6/site-packages/airflow/example_dags/example_complex.py
[2021-08-07 03:29:03,359] {scheduler_job.py:642} INFO - DAG(s) dict_keys(['example_complex']) retrieved from /home/airflow/.local/lib/python3.6/site-packages/airflow/example_dags/example_complex.py
[2021-08-07 03:29:03,384] {logging_mixin.py:104} INFO - [2021-08-07 03:29:03,384] {dag.py:1833} INFO - Sync 1 DAGs
[2021-08-07 03:29:03,401] {logging_mixin.py:104} INFO - [2021-08-07 03:29:03,401] {dag.py:2306} INFO - Setting next_dagrun for example_complex to None
[2021-08-07 03:29:03,411] {scheduler_job.py:189} INFO - Processing /home/airflow/.local/lib/python3.6/site-packages/airflow/example_dags/example_complex.py took 0.079 seconds
[2021-08-07 03:29:33,738] {scheduler_job.py:181} INFO - Started process (PID=417) to work on /home/airflow/.local/lib/python3.6/site-packages/airflow/example_dags/example_complex.py
[2021-08-07 03:29:33,742] {scheduler_job.py:632} INFO - Processing file /home/airflow/.local/lib/python3.6/site-packages/airflow/example_dags/example_complex.py for tasks to queue
[2021-08-07 03:29:33,745] {logging_mixin.py:104} INFO - [2021-08-07 03:29:33,744] {dagbag.py:496} INFO - Filling up the DagBag from /home/airflow/.local/lib/python3.6/site-packages/airflow/example_dags/example_complex.py
[2021-08-07 03:29:33,775] {scheduler_job.py:642} INFO - DAG(s) dict_keys(['example_complex']) retrieved from /home/airflow/.local/lib/python3.6/site-packages/airflow/example_dags/example_complex.py
[2021-08-07 03:29:33,813] {logging_mixin.py:104} INFO - [2021-08-07 03:29:33,813] {dag.py:1833} INFO - Sync 1 DAGs
[2021-08-07 03:29:33,844] {logging_mixin.py:104} INFO - [2021-08-07 03:29:33,844] {dag.py:2306} INFO - Setting next_dagrun for example_complex to None
[2021-08-07 03:29:33,886] {scheduler_job.py:189} INFO - Processing /home/airflow/.local/lib/python3.6/site-packages/airflow/example_dags/example_complex.py took 0.156 seconds
[2021-08-07 03:30:04,144] {scheduler_job.py:181} INFO - Started process (PID=482) to work on /home/airflow/.local/lib/python3.6/site-packages/airflow/example_dags/example_complex.py
[2021-08-07 03:30:04,145] {scheduler_job.py:632} INFO - Processing file /home/airflow/.local/lib/python3.6/site-packages/airflow/example_dags/example_complex.py for tasks to queue
[2021-08-07 03:30:04,146] {logging_mixin.py:104} INFO - [2021-08-07 03:30:04,146] {dagbag.py:496} INFO - Filling up the DagBag from /home/airflow/.local/lib/python3.6/site-packages/airflow/example_dags/example_complex.py
[2021-08-07 03:30:04,166] {scheduler_job.py:642} INFO - DAG(s) dict_keys(['example_complex']) retrieved from /home/airflow/.local/lib/python3.6/site-packages/airflow/example_dags/example_complex.py
[2021-08-07 03:30:04,191] {logging_mixin.py:104} INFO - [2021-08-07 03:30:04,190] {dag.py:1833} INFO - Sync 1 DAGs
[2021-08-07 03:30:04,205] {logging_mixin.py:104} INFO - [2021-08-07 03:30:04,204] {dag.py:2306} INFO - Setting next_dagrun for example_complex to None
[2021-08-07 03:30:04,214] {scheduler_job.py:189} INFO - Processing /home/airflow/.local/lib/python3.6/site-packages/airflow/example_dags/example_complex.py took 0.073 seconds
[2021-08-07 03:30:34,482] {scheduler_job.py:181} INFO - Started process (PID=544) to work on /home/airflow/.local/lib/python3.6/site-packages/airflow/example_dags/example_complex.py
[2021-08-07 03:30:34,483] {scheduler_job.py:632} INFO - Processing file /home/airflow/.local/lib/python3.6/site-packages/airflow/example_dags/example_complex.py for tasks to queue
[2021-08-07 03:30:34,484] {logging_mixin.py:104} INFO - [2021-08-07 03:30:34,484] {dagbag.py:496} INFO - Filling up the DagBag from /home/airflow/.local/lib/python3.6/site-packages/airflow/example_dags/example_complex.py
[2021-08-07 03:30:34,504] {scheduler_job.py:642} INFO - DAG(s) dict_keys(['example_complex']) retrieved from /home/airflow/.local/lib/python3.6/site-packages/airflow/example_dags/example_complex.py
[2021-08-07 03:30:34,530] {logging_mixin.py:104} INFO - [2021-08-07 03:30:34,530] {dag.py:1833} INFO - Sync 1 DAGs
[2021-08-07 03:30:34,547] {logging_mixin.py:104} INFO - [2021-08-07 03:30:34,547] {dag.py:2306} INFO - Setting next_dagrun for example_complex to None
[2021-08-07 03:30:34,557] {scheduler_job.py:189} INFO - Processing /home/airflow/.local/lib/python3.6/site-packages/airflow/example_dags/example_complex.py took 0.078 seconds
[2021-08-07 03:31:04,853] {scheduler_job.py:181} INFO - Started process (PID=605) to work on /home/airflow/.local/lib/python3.6/site-packages/airflow/example_dags/example_complex.py
[2021-08-07 03:31:04,855] {scheduler_job.py:632} INFO - Processing file /home/airflow/.local/lib/python3.6/site-packages/airflow/example_dags/example_complex.py for tasks to queue
[2021-08-07 03:31:04,856] {logging_mixin.py:104} INFO - [2021-08-07 03:31:04,856] {dagbag.py:496} INFO - Filling up the DagBag from /home/airflow/.local/lib/python3.6/site-packages/airflow/example_dags/example_complex.py
[2021-08-07 03:31:04,878] {scheduler_job.py:642} INFO - DAG(s) dict_keys(['example_complex']) retrieved from /home/airflow/.local/lib/python3.6/site-packages/airflow/example_dags/example_complex.py
[2021-08-07 03:31:04,906] {logging_mixin.py:104} INFO - [2021-08-07 03:31:04,906] {dag.py:1833} INFO - Sync 1 DAGs
[2021-08-07 03:31:04,919] {logging_mixin.py:104} INFO - [2021-08-07 03:31:04,919] {dag.py:2306} INFO - Setting next_dagrun for example_complex to None
[2021-08-07 03:31:04,929] {scheduler_job.py:189} INFO - Processing /home/airflow/.local/lib/python3.6/site-packages/airflow/example_dags/example_complex.py took 0.079 seconds
[2021-08-07 03:31:35,327] {scheduler_job.py:181} INFO - Started process (PID=659) to work on /home/airflow/.local/lib/python3.6/site-packages/airflow/example_dags/example_complex.py
[2021-08-07 03:31:35,329] {scheduler_job.py:632} INFO - Processing file /home/airflow/.local/lib/python3.6/site-packages/airflow/example_dags/example_complex.py for tasks to queue
[2021-08-07 03:31:35,330] {logging_mixin.py:104} INFO - [2021-08-07 03:31:35,330] {dagbag.py:496} INFO - Filling up the DagBag from /home/airflow/.local/lib/python3.6/site-packages/airflow/example_dags/example_complex.py
[2021-08-07 03:31:35,351] {scheduler_job.py:642} INFO - DAG(s) dict_keys(['example_complex']) retrieved from /home/airflow/.local/lib/python3.6/site-packages/airflow/example_dags/example_complex.py
[2021-08-07 03:31:35,380] {logging_mixin.py:104} INFO - [2021-08-07 03:31:35,380] {dag.py:1833} INFO - Sync 1 DAGs
[2021-08-07 03:31:35,401] {logging_mixin.py:104} INFO - [2021-08-07 03:31:35,401] {dag.py:2306} INFO - Setting next_dagrun for example_complex to None
[2021-08-07 03:31:35,414] {scheduler_job.py:189} INFO - Processing /home/airflow/.local/lib/python3.6/site-packages/airflow/example_dags/example_complex.py took 0.090 seconds
[2021-08-07 03:32:20,047] {scheduler_job.py:181} INFO - Started process (PID=41) to work on /home/airflow/.local/lib/python3.6/site-packages/airflow/example_dags/example_complex.py
[2021-08-07 03:32:20,050] {scheduler_job.py:632} INFO - Processing file /home/airflow/.local/lib/python3.6/site-packages/airflow/example_dags/example_complex.py for tasks to queue
[2021-08-07 03:32:20,052] {logging_mixin.py:104} INFO - [2021-08-07 03:32:20,051] {dagbag.py:496} INFO - Filling up the DagBag from /home/airflow/.local/lib/python3.6/site-packages/airflow/example_dags/example_complex.py
[2021-08-07 03:32:20,080] {scheduler_job.py:642} INFO - DAG(s) dict_keys(['example_complex']) retrieved from /home/airflow/.local/lib/python3.6/site-packages/airflow/example_dags/example_complex.py
[2021-08-07 03:32:20,113] {logging_mixin.py:104} INFO - [2021-08-07 03:32:20,113] {dag.py:1833} INFO - Sync 1 DAGs
[2021-08-07 03:32:20,130] {logging_mixin.py:104} INFO - [2021-08-07 03:32:20,129] {dag.py:2306} INFO - Setting next_dagrun for example_complex to None
[2021-08-07 03:32:20,144] {scheduler_job.py:189} INFO - Processing /home/airflow/.local/lib/python3.6/site-packages/airflow/example_dags/example_complex.py took 0.107 seconds
[2021-08-07 03:32:50,661] {scheduler_job.py:181} INFO - Started process (PID=106) to work on /home/airflow/.local/lib/python3.6/site-packages/airflow/example_dags/example_complex.py
[2021-08-07 03:32:50,662] {scheduler_job.py:632} INFO - Processing file /home/airflow/.local/lib/python3.6/site-packages/airflow/example_dags/example_complex.py for tasks to queue
[2021-08-07 03:32:50,663] {logging_mixin.py:104} INFO - [2021-08-07 03:32:50,663] {dagbag.py:496} INFO - Filling up the DagBag from /home/airflow/.local/lib/python3.6/site-packages/airflow/example_dags/example_complex.py
[2021-08-07 03:32:50,691] {scheduler_job.py:642} INFO - DAG(s) dict_keys(['example_complex']) retrieved from /home/airflow/.local/lib/python3.6/site-packages/airflow/example_dags/example_complex.py
[2021-08-07 03:32:50,716] {logging_mixin.py:104} INFO - [2021-08-07 03:32:50,716] {dag.py:1833} INFO - Sync 1 DAGs
[2021-08-07 03:32:50,731] {logging_mixin.py:104} INFO - [2021-08-07 03:32:50,731] {dag.py:2306} INFO - Setting next_dagrun for example_complex to None
[2021-08-07 03:32:50,742] {scheduler_job.py:189} INFO - Processing /home/airflow/.local/lib/python3.6/site-packages/airflow/example_dags/example_complex.py took 0.085 seconds
