[2021-08-07 03:28:36,219] {scheduler_job.py:181} INFO - Started process (PID=242) to work on /home/airflow/.local/lib/python3.6/site-packages/airflow/example_dags/example_branch_datetime_operator.py
[2021-08-07 03:28:36,221] {scheduler_job.py:632} INFO - Processing file /home/airflow/.local/lib/python3.6/site-packages/airflow/example_dags/example_branch_datetime_operator.py for tasks to queue
[2021-08-07 03:28:36,222] {logging_mixin.py:104} INFO - [2021-08-07 03:28:36,222] {dagbag.py:496} INFO - Filling up the DagBag from /home/airflow/.local/lib/python3.6/site-packages/airflow/example_dags/example_branch_datetime_operator.py
[2021-08-07 03:28:36,236] {scheduler_job.py:642} INFO - DAG(s) dict_keys(['example_branch_datetime_operator_2']) retrieved from /home/airflow/.local/lib/python3.6/site-packages/airflow/example_dags/example_branch_datetime_operator.py
[2021-08-07 03:28:38,125] {logging_mixin.py:104} INFO - [2021-08-07 03:28:38,125] {dag.py:1833} INFO - Sync 1 DAGs
[2021-08-07 03:28:38,136] {logging_mixin.py:104} INFO - [2021-08-07 03:28:38,135] {dag.py:1852} INFO - Creating ORM DAG for example_branch_datetime_operator_2
[2021-08-07 03:28:38,143] {logging_mixin.py:104} INFO - [2021-08-07 03:28:38,143] {dag.py:2306} INFO - Setting next_dagrun for example_branch_datetime_operator_2 to 2021-08-05 00:00:00+00:00
[2021-08-07 03:28:38,153] {scheduler_job.py:189} INFO - Processing /home/airflow/.local/lib/python3.6/site-packages/airflow/example_dags/example_branch_datetime_operator.py took 1.937 seconds
[2021-08-07 03:29:08,579] {scheduler_job.py:181} INFO - Started process (PID=370) to work on /home/airflow/.local/lib/python3.6/site-packages/airflow/example_dags/example_branch_datetime_operator.py
[2021-08-07 03:29:08,580] {scheduler_job.py:632} INFO - Processing file /home/airflow/.local/lib/python3.6/site-packages/airflow/example_dags/example_branch_datetime_operator.py for tasks to queue
[2021-08-07 03:29:08,582] {logging_mixin.py:104} INFO - [2021-08-07 03:29:08,582] {dagbag.py:496} INFO - Filling up the DagBag from /home/airflow/.local/lib/python3.6/site-packages/airflow/example_dags/example_branch_datetime_operator.py
[2021-08-07 03:29:08,595] {scheduler_job.py:642} INFO - DAG(s) dict_keys(['example_branch_datetime_operator_2']) retrieved from /home/airflow/.local/lib/python3.6/site-packages/airflow/example_dags/example_branch_datetime_operator.py
[2021-08-07 03:29:08,616] {logging_mixin.py:104} INFO - [2021-08-07 03:29:08,616] {dag.py:1833} INFO - Sync 1 DAGs
[2021-08-07 03:29:08,635] {logging_mixin.py:104} INFO - [2021-08-07 03:29:08,635] {dag.py:2306} INFO - Setting next_dagrun for example_branch_datetime_operator_2 to 2021-08-05 00:00:00+00:00
[2021-08-07 03:29:08,645] {scheduler_job.py:189} INFO - Processing /home/airflow/.local/lib/python3.6/site-packages/airflow/example_dags/example_branch_datetime_operator.py took 0.070 seconds
[2021-08-07 03:29:39,037] {scheduler_job.py:181} INFO - Started process (PID=434) to work on /home/airflow/.local/lib/python3.6/site-packages/airflow/example_dags/example_branch_datetime_operator.py
[2021-08-07 03:29:39,038] {scheduler_job.py:632} INFO - Processing file /home/airflow/.local/lib/python3.6/site-packages/airflow/example_dags/example_branch_datetime_operator.py for tasks to queue
[2021-08-07 03:29:39,040] {logging_mixin.py:104} INFO - [2021-08-07 03:29:39,039] {dagbag.py:496} INFO - Filling up the DagBag from /home/airflow/.local/lib/python3.6/site-packages/airflow/example_dags/example_branch_datetime_operator.py
[2021-08-07 03:29:39,053] {scheduler_job.py:642} INFO - DAG(s) dict_keys(['example_branch_datetime_operator_2']) retrieved from /home/airflow/.local/lib/python3.6/site-packages/airflow/example_dags/example_branch_datetime_operator.py
[2021-08-07 03:29:39,075] {logging_mixin.py:104} INFO - [2021-08-07 03:29:39,075] {dag.py:1833} INFO - Sync 1 DAGs
[2021-08-07 03:29:39,096] {logging_mixin.py:104} INFO - [2021-08-07 03:29:39,096] {dag.py:2306} INFO - Setting next_dagrun for example_branch_datetime_operator_2 to 2021-08-05 00:00:00+00:00
[2021-08-07 03:29:39,110] {scheduler_job.py:189} INFO - Processing /home/airflow/.local/lib/python3.6/site-packages/airflow/example_dags/example_branch_datetime_operator.py took 0.077 seconds
[2021-08-07 03:30:09,355] {scheduler_job.py:181} INFO - Started process (PID=498) to work on /home/airflow/.local/lib/python3.6/site-packages/airflow/example_dags/example_branch_datetime_operator.py
[2021-08-07 03:30:09,357] {scheduler_job.py:632} INFO - Processing file /home/airflow/.local/lib/python3.6/site-packages/airflow/example_dags/example_branch_datetime_operator.py for tasks to queue
[2021-08-07 03:30:09,358] {logging_mixin.py:104} INFO - [2021-08-07 03:30:09,358] {dagbag.py:496} INFO - Filling up the DagBag from /home/airflow/.local/lib/python3.6/site-packages/airflow/example_dags/example_branch_datetime_operator.py
[2021-08-07 03:30:09,371] {scheduler_job.py:642} INFO - DAG(s) dict_keys(['example_branch_datetime_operator_2']) retrieved from /home/airflow/.local/lib/python3.6/site-packages/airflow/example_dags/example_branch_datetime_operator.py
[2021-08-07 03:30:09,392] {logging_mixin.py:104} INFO - [2021-08-07 03:30:09,392] {dag.py:1833} INFO - Sync 1 DAGs
[2021-08-07 03:30:09,410] {logging_mixin.py:104} INFO - [2021-08-07 03:30:09,410] {dag.py:2306} INFO - Setting next_dagrun for example_branch_datetime_operator_2 to 2021-08-05 00:00:00+00:00
[2021-08-07 03:30:09,419] {scheduler_job.py:189} INFO - Processing /home/airflow/.local/lib/python3.6/site-packages/airflow/example_dags/example_branch_datetime_operator.py took 0.068 seconds
[2021-08-07 03:30:39,714] {scheduler_job.py:181} INFO - Started process (PID=549) to work on /home/airflow/.local/lib/python3.6/site-packages/airflow/example_dags/example_branch_datetime_operator.py
[2021-08-07 03:30:39,715] {scheduler_job.py:632} INFO - Processing file /home/airflow/.local/lib/python3.6/site-packages/airflow/example_dags/example_branch_datetime_operator.py for tasks to queue
[2021-08-07 03:30:39,717] {logging_mixin.py:104} INFO - [2021-08-07 03:30:39,717] {dagbag.py:496} INFO - Filling up the DagBag from /home/airflow/.local/lib/python3.6/site-packages/airflow/example_dags/example_branch_datetime_operator.py
[2021-08-07 03:30:39,733] {scheduler_job.py:642} INFO - DAG(s) dict_keys(['example_branch_datetime_operator_2']) retrieved from /home/airflow/.local/lib/python3.6/site-packages/airflow/example_dags/example_branch_datetime_operator.py
[2021-08-07 03:30:39,759] {logging_mixin.py:104} INFO - [2021-08-07 03:30:39,758] {dag.py:1833} INFO - Sync 1 DAGs
[2021-08-07 03:30:39,777] {logging_mixin.py:104} INFO - [2021-08-07 03:30:39,777] {dag.py:2306} INFO - Setting next_dagrun for example_branch_datetime_operator_2 to 2021-08-05 00:00:00+00:00
[2021-08-07 03:30:39,786] {scheduler_job.py:189} INFO - Processing /home/airflow/.local/lib/python3.6/site-packages/airflow/example_dags/example_branch_datetime_operator.py took 0.076 seconds
[2021-08-07 03:31:10,081] {scheduler_job.py:181} INFO - Started process (PID=611) to work on /home/airflow/.local/lib/python3.6/site-packages/airflow/example_dags/example_branch_datetime_operator.py
[2021-08-07 03:31:10,084] {scheduler_job.py:632} INFO - Processing file /home/airflow/.local/lib/python3.6/site-packages/airflow/example_dags/example_branch_datetime_operator.py for tasks to queue
[2021-08-07 03:31:10,085] {logging_mixin.py:104} INFO - [2021-08-07 03:31:10,085] {dagbag.py:496} INFO - Filling up the DagBag from /home/airflow/.local/lib/python3.6/site-packages/airflow/example_dags/example_branch_datetime_operator.py
[2021-08-07 03:31:10,100] {scheduler_job.py:642} INFO - DAG(s) dict_keys(['example_branch_datetime_operator_2']) retrieved from /home/airflow/.local/lib/python3.6/site-packages/airflow/example_dags/example_branch_datetime_operator.py
[2021-08-07 03:31:10,124] {logging_mixin.py:104} INFO - [2021-08-07 03:31:10,124] {dag.py:1833} INFO - Sync 1 DAGs
[2021-08-07 03:31:10,142] {logging_mixin.py:104} INFO - [2021-08-07 03:31:10,142] {dag.py:2306} INFO - Setting next_dagrun for example_branch_datetime_operator_2 to 2021-08-05 00:00:00+00:00
[2021-08-07 03:31:10,151] {scheduler_job.py:189} INFO - Processing /home/airflow/.local/lib/python3.6/site-packages/airflow/example_dags/example_branch_datetime_operator.py took 0.074 seconds
[2021-08-07 03:31:40,560] {scheduler_job.py:181} INFO - Started process (PID=675) to work on /home/airflow/.local/lib/python3.6/site-packages/airflow/example_dags/example_branch_datetime_operator.py
[2021-08-07 03:31:40,562] {scheduler_job.py:632} INFO - Processing file /home/airflow/.local/lib/python3.6/site-packages/airflow/example_dags/example_branch_datetime_operator.py for tasks to queue
[2021-08-07 03:31:40,563] {logging_mixin.py:104} INFO - [2021-08-07 03:31:40,563] {dagbag.py:496} INFO - Filling up the DagBag from /home/airflow/.local/lib/python3.6/site-packages/airflow/example_dags/example_branch_datetime_operator.py
[2021-08-07 03:31:40,579] {scheduler_job.py:642} INFO - DAG(s) dict_keys(['example_branch_datetime_operator_2']) retrieved from /home/airflow/.local/lib/python3.6/site-packages/airflow/example_dags/example_branch_datetime_operator.py
[2021-08-07 03:31:40,605] {logging_mixin.py:104} INFO - [2021-08-07 03:31:40,605] {dag.py:1833} INFO - Sync 1 DAGs
[2021-08-07 03:31:40,623] {logging_mixin.py:104} INFO - [2021-08-07 03:31:40,623] {dag.py:2306} INFO - Setting next_dagrun for example_branch_datetime_operator_2 to 2021-08-05 00:00:00+00:00
[2021-08-07 03:31:40,635] {scheduler_job.py:189} INFO - Processing /home/airflow/.local/lib/python3.6/site-packages/airflow/example_dags/example_branch_datetime_operator.py took 0.080 seconds
[2021-08-07 03:32:20,671] {scheduler_job.py:181} INFO - Started process (PID=46) to work on /home/airflow/.local/lib/python3.6/site-packages/airflow/example_dags/example_branch_datetime_operator.py
[2021-08-07 03:32:20,672] {scheduler_job.py:632} INFO - Processing file /home/airflow/.local/lib/python3.6/site-packages/airflow/example_dags/example_branch_datetime_operator.py for tasks to queue
[2021-08-07 03:32:20,674] {logging_mixin.py:104} INFO - [2021-08-07 03:32:20,674] {dagbag.py:496} INFO - Filling up the DagBag from /home/airflow/.local/lib/python3.6/site-packages/airflow/example_dags/example_branch_datetime_operator.py
[2021-08-07 03:32:20,700] {scheduler_job.py:642} INFO - DAG(s) dict_keys(['example_branch_datetime_operator_2']) retrieved from /home/airflow/.local/lib/python3.6/site-packages/airflow/example_dags/example_branch_datetime_operator.py
[2021-08-07 03:32:20,735] {logging_mixin.py:104} INFO - [2021-08-07 03:32:20,735] {dag.py:1833} INFO - Sync 1 DAGs
[2021-08-07 03:32:20,761] {logging_mixin.py:104} INFO - [2021-08-07 03:32:20,761] {dag.py:2306} INFO - Setting next_dagrun for example_branch_datetime_operator_2 to 2021-08-05 00:00:00+00:00
[2021-08-07 03:32:20,774] {scheduler_job.py:189} INFO - Processing /home/airflow/.local/lib/python3.6/site-packages/airflow/example_dags/example_branch_datetime_operator.py took 0.109 seconds
[2021-08-07 03:32:51,156] {scheduler_job.py:181} INFO - Started process (PID=111) to work on /home/airflow/.local/lib/python3.6/site-packages/airflow/example_dags/example_branch_datetime_operator.py
[2021-08-07 03:32:51,158] {scheduler_job.py:632} INFO - Processing file /home/airflow/.local/lib/python3.6/site-packages/airflow/example_dags/example_branch_datetime_operator.py for tasks to queue
[2021-08-07 03:32:51,160] {logging_mixin.py:104} INFO - [2021-08-07 03:32:51,160] {dagbag.py:496} INFO - Filling up the DagBag from /home/airflow/.local/lib/python3.6/site-packages/airflow/example_dags/example_branch_datetime_operator.py
[2021-08-07 03:32:51,182] {scheduler_job.py:642} INFO - DAG(s) dict_keys(['example_branch_datetime_operator_2']) retrieved from /home/airflow/.local/lib/python3.6/site-packages/airflow/example_dags/example_branch_datetime_operator.py
[2021-08-07 03:32:51,211] {logging_mixin.py:104} INFO - [2021-08-07 03:32:51,211] {dag.py:1833} INFO - Sync 1 DAGs
[2021-08-07 03:32:51,232] {logging_mixin.py:104} INFO - [2021-08-07 03:32:51,231] {dag.py:2306} INFO - Setting next_dagrun for example_branch_datetime_operator_2 to 2021-08-05 00:00:00+00:00
[2021-08-07 03:32:51,248] {scheduler_job.py:189} INFO - Processing /home/airflow/.local/lib/python3.6/site-packages/airflow/example_dags/example_branch_datetime_operator.py took 0.096 seconds
