[2021-08-07 03:28:21,100] {scheduler_job.py:181} INFO - Started process (PID=115) to work on /home/airflow/.local/lib/python3.6/site-packages/airflow/example_dags/tutorial_etl_dag.py
[2021-08-07 03:28:21,102] {scheduler_job.py:632} INFO - Processing file /home/airflow/.local/lib/python3.6/site-packages/airflow/example_dags/tutorial_etl_dag.py for tasks to queue
[2021-08-07 03:28:21,104] {logging_mixin.py:104} INFO - [2021-08-07 03:28:21,104] {dagbag.py:496} INFO - Filling up the DagBag from /home/airflow/.local/lib/python3.6/site-packages/airflow/example_dags/tutorial_etl_dag.py
[2021-08-07 03:28:21,120] {scheduler_job.py:642} INFO - DAG(s) dict_keys(['tutorial_etl_dag']) retrieved from /home/airflow/.local/lib/python3.6/site-packages/airflow/example_dags/tutorial_etl_dag.py
[2021-08-07 03:28:23,569] {logging_mixin.py:104} INFO - [2021-08-07 03:28:23,568] {dag.py:1833} INFO - Sync 1 DAGs
[2021-08-07 03:28:23,578] {logging_mixin.py:104} INFO - [2021-08-07 03:28:23,577] {dag.py:1852} INFO - Creating ORM DAG for tutorial_etl_dag
[2021-08-07 03:28:23,583] {logging_mixin.py:104} INFO - [2021-08-07 03:28:23,583] {dag.py:2306} INFO - Setting next_dagrun for tutorial_etl_dag to None
[2021-08-07 03:28:23,593] {scheduler_job.py:189} INFO - Processing /home/airflow/.local/lib/python3.6/site-packages/airflow/example_dags/tutorial_etl_dag.py took 2.497 seconds
[2021-08-07 03:28:53,840] {scheduler_job.py:181} INFO - Started process (PID=346) to work on /home/airflow/.local/lib/python3.6/site-packages/airflow/example_dags/tutorial_etl_dag.py
[2021-08-07 03:28:53,851] {scheduler_job.py:632} INFO - Processing file /home/airflow/.local/lib/python3.6/site-packages/airflow/example_dags/tutorial_etl_dag.py for tasks to queue
[2021-08-07 03:28:53,853] {logging_mixin.py:104} INFO - [2021-08-07 03:28:53,853] {dagbag.py:496} INFO - Filling up the DagBag from /home/airflow/.local/lib/python3.6/site-packages/airflow/example_dags/tutorial_etl_dag.py
[2021-08-07 03:28:53,867] {scheduler_job.py:642} INFO - DAG(s) dict_keys(['tutorial_etl_dag']) retrieved from /home/airflow/.local/lib/python3.6/site-packages/airflow/example_dags/tutorial_etl_dag.py
[2021-08-07 03:28:53,892] {logging_mixin.py:104} INFO - [2021-08-07 03:28:53,892] {dag.py:1833} INFO - Sync 1 DAGs
[2021-08-07 03:28:53,909] {logging_mixin.py:104} INFO - [2021-08-07 03:28:53,909] {dag.py:2306} INFO - Setting next_dagrun for tutorial_etl_dag to None
[2021-08-07 03:28:53,921] {scheduler_job.py:189} INFO - Processing /home/airflow/.local/lib/python3.6/site-packages/airflow/example_dags/tutorial_etl_dag.py took 0.085 seconds
[2021-08-07 03:29:24,439] {scheduler_job.py:181} INFO - Started process (PID=409) to work on /home/airflow/.local/lib/python3.6/site-packages/airflow/example_dags/tutorial_etl_dag.py
[2021-08-07 03:29:24,441] {scheduler_job.py:632} INFO - Processing file /home/airflow/.local/lib/python3.6/site-packages/airflow/example_dags/tutorial_etl_dag.py for tasks to queue
[2021-08-07 03:29:24,442] {logging_mixin.py:104} INFO - [2021-08-07 03:29:24,442] {dagbag.py:496} INFO - Filling up the DagBag from /home/airflow/.local/lib/python3.6/site-packages/airflow/example_dags/tutorial_etl_dag.py
[2021-08-07 03:29:24,458] {scheduler_job.py:642} INFO - DAG(s) dict_keys(['tutorial_etl_dag']) retrieved from /home/airflow/.local/lib/python3.6/site-packages/airflow/example_dags/tutorial_etl_dag.py
[2021-08-07 03:29:24,482] {logging_mixin.py:104} INFO - [2021-08-07 03:29:24,482] {dag.py:1833} INFO - Sync 1 DAGs
[2021-08-07 03:29:24,498] {logging_mixin.py:104} INFO - [2021-08-07 03:29:24,498] {dag.py:2306} INFO - Setting next_dagrun for tutorial_etl_dag to None
[2021-08-07 03:29:24,507] {scheduler_job.py:189} INFO - Processing /home/airflow/.local/lib/python3.6/site-packages/airflow/example_dags/tutorial_etl_dag.py took 0.073 seconds
[2021-08-07 03:29:54,914] {scheduler_job.py:181} INFO - Started process (PID=463) to work on /home/airflow/.local/lib/python3.6/site-packages/airflow/example_dags/tutorial_etl_dag.py
[2021-08-07 03:29:54,916] {scheduler_job.py:632} INFO - Processing file /home/airflow/.local/lib/python3.6/site-packages/airflow/example_dags/tutorial_etl_dag.py for tasks to queue
[2021-08-07 03:29:54,917] {logging_mixin.py:104} INFO - [2021-08-07 03:29:54,917] {dagbag.py:496} INFO - Filling up the DagBag from /home/airflow/.local/lib/python3.6/site-packages/airflow/example_dags/tutorial_etl_dag.py
[2021-08-07 03:29:54,930] {scheduler_job.py:642} INFO - DAG(s) dict_keys(['tutorial_etl_dag']) retrieved from /home/airflow/.local/lib/python3.6/site-packages/airflow/example_dags/tutorial_etl_dag.py
[2021-08-07 03:29:54,953] {logging_mixin.py:104} INFO - [2021-08-07 03:29:54,952] {dag.py:1833} INFO - Sync 1 DAGs
[2021-08-07 03:29:54,969] {logging_mixin.py:104} INFO - [2021-08-07 03:29:54,969] {dag.py:2306} INFO - Setting next_dagrun for tutorial_etl_dag to None
[2021-08-07 03:29:54,979] {scheduler_job.py:189} INFO - Processing /home/airflow/.local/lib/python3.6/site-packages/airflow/example_dags/tutorial_etl_dag.py took 0.068 seconds
[2021-08-07 03:30:25,198] {scheduler_job.py:181} INFO - Started process (PID=526) to work on /home/airflow/.local/lib/python3.6/site-packages/airflow/example_dags/tutorial_etl_dag.py
[2021-08-07 03:30:25,199] {scheduler_job.py:632} INFO - Processing file /home/airflow/.local/lib/python3.6/site-packages/airflow/example_dags/tutorial_etl_dag.py for tasks to queue
[2021-08-07 03:30:25,201] {logging_mixin.py:104} INFO - [2021-08-07 03:30:25,201] {dagbag.py:496} INFO - Filling up the DagBag from /home/airflow/.local/lib/python3.6/site-packages/airflow/example_dags/tutorial_etl_dag.py
[2021-08-07 03:30:25,216] {scheduler_job.py:642} INFO - DAG(s) dict_keys(['tutorial_etl_dag']) retrieved from /home/airflow/.local/lib/python3.6/site-packages/airflow/example_dags/tutorial_etl_dag.py
[2021-08-07 03:30:25,240] {logging_mixin.py:104} INFO - [2021-08-07 03:30:25,240] {dag.py:1833} INFO - Sync 1 DAGs
[2021-08-07 03:30:25,255] {logging_mixin.py:104} INFO - [2021-08-07 03:30:25,255] {dag.py:2306} INFO - Setting next_dagrun for tutorial_etl_dag to None
[2021-08-07 03:30:25,264] {scheduler_job.py:189} INFO - Processing /home/airflow/.local/lib/python3.6/site-packages/airflow/example_dags/tutorial_etl_dag.py took 0.071 seconds
[2021-08-07 03:30:55,557] {scheduler_job.py:181} INFO - Started process (PID=587) to work on /home/airflow/.local/lib/python3.6/site-packages/airflow/example_dags/tutorial_etl_dag.py
[2021-08-07 03:30:55,559] {scheduler_job.py:632} INFO - Processing file /home/airflow/.local/lib/python3.6/site-packages/airflow/example_dags/tutorial_etl_dag.py for tasks to queue
[2021-08-07 03:30:55,561] {logging_mixin.py:104} INFO - [2021-08-07 03:30:55,561] {dagbag.py:496} INFO - Filling up the DagBag from /home/airflow/.local/lib/python3.6/site-packages/airflow/example_dags/tutorial_etl_dag.py
[2021-08-07 03:30:55,576] {scheduler_job.py:642} INFO - DAG(s) dict_keys(['tutorial_etl_dag']) retrieved from /home/airflow/.local/lib/python3.6/site-packages/airflow/example_dags/tutorial_etl_dag.py
[2021-08-07 03:30:55,601] {logging_mixin.py:104} INFO - [2021-08-07 03:30:55,601] {dag.py:1833} INFO - Sync 1 DAGs
[2021-08-07 03:30:55,622] {logging_mixin.py:104} INFO - [2021-08-07 03:30:55,622] {dag.py:2306} INFO - Setting next_dagrun for tutorial_etl_dag to None
[2021-08-07 03:30:55,638] {scheduler_job.py:189} INFO - Processing /home/airflow/.local/lib/python3.6/site-packages/airflow/example_dags/tutorial_etl_dag.py took 0.085 seconds
[2021-08-07 03:31:25,930] {scheduler_job.py:181} INFO - Started process (PID=640) to work on /home/airflow/.local/lib/python3.6/site-packages/airflow/example_dags/tutorial_etl_dag.py
[2021-08-07 03:31:25,932] {scheduler_job.py:632} INFO - Processing file /home/airflow/.local/lib/python3.6/site-packages/airflow/example_dags/tutorial_etl_dag.py for tasks to queue
[2021-08-07 03:31:25,933] {logging_mixin.py:104} INFO - [2021-08-07 03:31:25,933] {dagbag.py:496} INFO - Filling up the DagBag from /home/airflow/.local/lib/python3.6/site-packages/airflow/example_dags/tutorial_etl_dag.py
[2021-08-07 03:31:25,947] {scheduler_job.py:642} INFO - DAG(s) dict_keys(['tutorial_etl_dag']) retrieved from /home/airflow/.local/lib/python3.6/site-packages/airflow/example_dags/tutorial_etl_dag.py
[2021-08-07 03:31:25,970] {logging_mixin.py:104} INFO - [2021-08-07 03:31:25,970] {dag.py:1833} INFO - Sync 1 DAGs
[2021-08-07 03:31:25,987] {logging_mixin.py:104} INFO - [2021-08-07 03:31:25,987] {dag.py:2306} INFO - Setting next_dagrun for tutorial_etl_dag to None
[2021-08-07 03:31:26,001] {scheduler_job.py:189} INFO - Processing /home/airflow/.local/lib/python3.6/site-packages/airflow/example_dags/tutorial_etl_dag.py took 0.074 seconds
[2021-08-07 03:31:56,450] {scheduler_job.py:181} INFO - Started process (PID=704) to work on /home/airflow/.local/lib/python3.6/site-packages/airflow/example_dags/tutorial_etl_dag.py
[2021-08-07 03:31:56,451] {scheduler_job.py:632} INFO - Processing file /home/airflow/.local/lib/python3.6/site-packages/airflow/example_dags/tutorial_etl_dag.py for tasks to queue
[2021-08-07 03:31:56,453] {logging_mixin.py:104} INFO - [2021-08-07 03:31:56,453] {dagbag.py:496} INFO - Filling up the DagBag from /home/airflow/.local/lib/python3.6/site-packages/airflow/example_dags/tutorial_etl_dag.py
[2021-08-07 03:31:56,468] {scheduler_job.py:642} INFO - DAG(s) dict_keys(['tutorial_etl_dag']) retrieved from /home/airflow/.local/lib/python3.6/site-packages/airflow/example_dags/tutorial_etl_dag.py
[2021-08-07 03:31:56,491] {logging_mixin.py:104} INFO - [2021-08-07 03:31:56,490] {dag.py:1833} INFO - Sync 1 DAGs
[2021-08-07 03:31:56,507] {logging_mixin.py:104} INFO - [2021-08-07 03:31:56,506] {dag.py:2306} INFO - Setting next_dagrun for tutorial_etl_dag to None
[2021-08-07 03:31:56,518] {scheduler_job.py:189} INFO - Processing /home/airflow/.local/lib/python3.6/site-packages/airflow/example_dags/tutorial_etl_dag.py took 0.073 seconds
[2021-08-07 03:32:19,438] {scheduler_job.py:181} INFO - Started process (PID=33) to work on /home/airflow/.local/lib/python3.6/site-packages/airflow/example_dags/tutorial_etl_dag.py
[2021-08-07 03:32:19,441] {scheduler_job.py:632} INFO - Processing file /home/airflow/.local/lib/python3.6/site-packages/airflow/example_dags/tutorial_etl_dag.py for tasks to queue
[2021-08-07 03:32:19,445] {logging_mixin.py:104} INFO - [2021-08-07 03:32:19,444] {dagbag.py:496} INFO - Filling up the DagBag from /home/airflow/.local/lib/python3.6/site-packages/airflow/example_dags/tutorial_etl_dag.py
[2021-08-07 03:32:19,462] {scheduler_job.py:642} INFO - DAG(s) dict_keys(['tutorial_etl_dag']) retrieved from /home/airflow/.local/lib/python3.6/site-packages/airflow/example_dags/tutorial_etl_dag.py
[2021-08-07 03:32:19,486] {logging_mixin.py:104} INFO - [2021-08-07 03:32:19,486] {dag.py:1833} INFO - Sync 1 DAGs
[2021-08-07 03:32:19,501] {logging_mixin.py:104} INFO - [2021-08-07 03:32:19,501] {dag.py:2306} INFO - Setting next_dagrun for tutorial_etl_dag to None
[2021-08-07 03:32:19,513] {scheduler_job.py:189} INFO - Processing /home/airflow/.local/lib/python3.6/site-packages/airflow/example_dags/tutorial_etl_dag.py took 0.080 seconds
[2021-08-07 03:32:50,174] {scheduler_job.py:181} INFO - Started process (PID=95) to work on /home/airflow/.local/lib/python3.6/site-packages/airflow/example_dags/tutorial_etl_dag.py
[2021-08-07 03:32:50,176] {scheduler_job.py:632} INFO - Processing file /home/airflow/.local/lib/python3.6/site-packages/airflow/example_dags/tutorial_etl_dag.py for tasks to queue
[2021-08-07 03:32:50,178] {logging_mixin.py:104} INFO - [2021-08-07 03:32:50,178] {dagbag.py:496} INFO - Filling up the DagBag from /home/airflow/.local/lib/python3.6/site-packages/airflow/example_dags/tutorial_etl_dag.py
[2021-08-07 03:32:50,194] {scheduler_job.py:642} INFO - DAG(s) dict_keys(['tutorial_etl_dag']) retrieved from /home/airflow/.local/lib/python3.6/site-packages/airflow/example_dags/tutorial_etl_dag.py
[2021-08-07 03:32:50,217] {logging_mixin.py:104} INFO - [2021-08-07 03:32:50,217] {dag.py:1833} INFO - Sync 1 DAGs
[2021-08-07 03:32:50,232] {logging_mixin.py:104} INFO - [2021-08-07 03:32:50,232] {dag.py:2306} INFO - Setting next_dagrun for tutorial_etl_dag to None
[2021-08-07 03:32:50,244] {scheduler_job.py:189} INFO - Processing /home/airflow/.local/lib/python3.6/site-packages/airflow/example_dags/tutorial_etl_dag.py took 0.074 seconds
