[2021-08-07 03:28:16,053] {scheduler_job.py:181} INFO - Started process (PID=72) to work on /home/airflow/.local/lib/python3.6/site-packages/airflow/example_dags/tutorial_taskflow_api_etl_virtualenv.py
[2021-08-07 03:28:16,055] {scheduler_job.py:632} INFO - Processing file /home/airflow/.local/lib/python3.6/site-packages/airflow/example_dags/tutorial_taskflow_api_etl_virtualenv.py for tasks to queue
[2021-08-07 03:28:16,056] {logging_mixin.py:104} INFO - [2021-08-07 03:28:16,056] {dagbag.py:496} INFO - Filling up the DagBag from /home/airflow/.local/lib/python3.6/site-packages/airflow/example_dags/tutorial_taskflow_api_etl_virtualenv.py
[2021-08-07 03:28:16,078] {scheduler_job.py:642} INFO - DAG(s) dict_keys(['tutorial_taskflow_api_etl_virtualenv']) retrieved from /home/airflow/.local/lib/python3.6/site-packages/airflow/example_dags/tutorial_taskflow_api_etl_virtualenv.py
[2021-08-07 03:28:18,003] {logging_mixin.py:104} INFO - [2021-08-07 03:28:18,002] {dag.py:1833} INFO - Sync 1 DAGs
[2021-08-07 03:28:18,013] {logging_mixin.py:104} INFO - [2021-08-07 03:28:18,012] {dag.py:1852} INFO - Creating ORM DAG for tutorial_taskflow_api_etl_virtualenv
[2021-08-07 03:28:18,019] {logging_mixin.py:104} INFO - [2021-08-07 03:28:18,019] {dag.py:2306} INFO - Setting next_dagrun for tutorial_taskflow_api_etl_virtualenv to None
[2021-08-07 03:28:18,033] {scheduler_job.py:189} INFO - Processing /home/airflow/.local/lib/python3.6/site-packages/airflow/example_dags/tutorial_taskflow_api_etl_virtualenv.py took 1.983 seconds
[2021-08-07 03:28:48,620] {scheduler_job.py:181} INFO - Started process (PID=342) to work on /home/airflow/.local/lib/python3.6/site-packages/airflow/example_dags/tutorial_taskflow_api_etl_virtualenv.py
[2021-08-07 03:28:48,621] {scheduler_job.py:632} INFO - Processing file /home/airflow/.local/lib/python3.6/site-packages/airflow/example_dags/tutorial_taskflow_api_etl_virtualenv.py for tasks to queue
[2021-08-07 03:28:48,623] {logging_mixin.py:104} INFO - [2021-08-07 03:28:48,623] {dagbag.py:496} INFO - Filling up the DagBag from /home/airflow/.local/lib/python3.6/site-packages/airflow/example_dags/tutorial_taskflow_api_etl_virtualenv.py
[2021-08-07 03:28:48,643] {scheduler_job.py:642} INFO - DAG(s) dict_keys(['tutorial_taskflow_api_etl_virtualenv']) retrieved from /home/airflow/.local/lib/python3.6/site-packages/airflow/example_dags/tutorial_taskflow_api_etl_virtualenv.py
[2021-08-07 03:28:48,850] {logging_mixin.py:104} INFO - [2021-08-07 03:28:48,850] {dag.py:1833} INFO - Sync 1 DAGs
[2021-08-07 03:28:48,863] {logging_mixin.py:104} INFO - [2021-08-07 03:28:48,863] {dag.py:2306} INFO - Setting next_dagrun for tutorial_taskflow_api_etl_virtualenv to None
[2021-08-07 03:28:48,875] {scheduler_job.py:189} INFO - Processing /home/airflow/.local/lib/python3.6/site-packages/airflow/example_dags/tutorial_taskflow_api_etl_virtualenv.py took 0.260 seconds
[2021-08-07 03:29:19,190] {scheduler_job.py:181} INFO - Started process (PID=394) to work on /home/airflow/.local/lib/python3.6/site-packages/airflow/example_dags/tutorial_taskflow_api_etl_virtualenv.py
[2021-08-07 03:29:19,192] {scheduler_job.py:632} INFO - Processing file /home/airflow/.local/lib/python3.6/site-packages/airflow/example_dags/tutorial_taskflow_api_etl_virtualenv.py for tasks to queue
[2021-08-07 03:29:19,194] {logging_mixin.py:104} INFO - [2021-08-07 03:29:19,193] {dagbag.py:496} INFO - Filling up the DagBag from /home/airflow/.local/lib/python3.6/site-packages/airflow/example_dags/tutorial_taskflow_api_etl_virtualenv.py
[2021-08-07 03:29:19,215] {scheduler_job.py:642} INFO - DAG(s) dict_keys(['tutorial_taskflow_api_etl_virtualenv']) retrieved from /home/airflow/.local/lib/python3.6/site-packages/airflow/example_dags/tutorial_taskflow_api_etl_virtualenv.py
[2021-08-07 03:29:19,391] {logging_mixin.py:104} INFO - [2021-08-07 03:29:19,390] {dag.py:1833} INFO - Sync 1 DAGs
[2021-08-07 03:29:19,403] {logging_mixin.py:104} INFO - [2021-08-07 03:29:19,403] {dag.py:2306} INFO - Setting next_dagrun for tutorial_taskflow_api_etl_virtualenv to None
[2021-08-07 03:29:19,415] {scheduler_job.py:189} INFO - Processing /home/airflow/.local/lib/python3.6/site-packages/airflow/example_dags/tutorial_taskflow_api_etl_virtualenv.py took 0.228 seconds
[2021-08-07 03:29:49,698] {scheduler_job.py:181} INFO - Started process (PID=459) to work on /home/airflow/.local/lib/python3.6/site-packages/airflow/example_dags/tutorial_taskflow_api_etl_virtualenv.py
[2021-08-07 03:29:49,700] {scheduler_job.py:632} INFO - Processing file /home/airflow/.local/lib/python3.6/site-packages/airflow/example_dags/tutorial_taskflow_api_etl_virtualenv.py for tasks to queue
[2021-08-07 03:29:49,703] {logging_mixin.py:104} INFO - [2021-08-07 03:29:49,702] {dagbag.py:496} INFO - Filling up the DagBag from /home/airflow/.local/lib/python3.6/site-packages/airflow/example_dags/tutorial_taskflow_api_etl_virtualenv.py
[2021-08-07 03:29:49,727] {scheduler_job.py:642} INFO - DAG(s) dict_keys(['tutorial_taskflow_api_etl_virtualenv']) retrieved from /home/airflow/.local/lib/python3.6/site-packages/airflow/example_dags/tutorial_taskflow_api_etl_virtualenv.py
[2021-08-07 03:29:49,916] {logging_mixin.py:104} INFO - [2021-08-07 03:29:49,916] {dag.py:1833} INFO - Sync 1 DAGs
[2021-08-07 03:29:49,927] {logging_mixin.py:104} INFO - [2021-08-07 03:29:49,927] {dag.py:2306} INFO - Setting next_dagrun for tutorial_taskflow_api_etl_virtualenv to None
[2021-08-07 03:29:49,937] {scheduler_job.py:189} INFO - Processing /home/airflow/.local/lib/python3.6/site-packages/airflow/example_dags/tutorial_taskflow_api_etl_virtualenv.py took 0.242 seconds
[2021-08-07 03:30:19,976] {scheduler_job.py:181} INFO - Started process (PID=522) to work on /home/airflow/.local/lib/python3.6/site-packages/airflow/example_dags/tutorial_taskflow_api_etl_virtualenv.py
[2021-08-07 03:30:19,977] {scheduler_job.py:632} INFO - Processing file /home/airflow/.local/lib/python3.6/site-packages/airflow/example_dags/tutorial_taskflow_api_etl_virtualenv.py for tasks to queue
[2021-08-07 03:30:19,979] {logging_mixin.py:104} INFO - [2021-08-07 03:30:19,978] {dagbag.py:496} INFO - Filling up the DagBag from /home/airflow/.local/lib/python3.6/site-packages/airflow/example_dags/tutorial_taskflow_api_etl_virtualenv.py
[2021-08-07 03:30:19,997] {scheduler_job.py:642} INFO - DAG(s) dict_keys(['tutorial_taskflow_api_etl_virtualenv']) retrieved from /home/airflow/.local/lib/python3.6/site-packages/airflow/example_dags/tutorial_taskflow_api_etl_virtualenv.py
[2021-08-07 03:30:20,179] {logging_mixin.py:104} INFO - [2021-08-07 03:30:20,179] {dag.py:1833} INFO - Sync 1 DAGs
[2021-08-07 03:30:20,192] {logging_mixin.py:104} INFO - [2021-08-07 03:30:20,192] {dag.py:2306} INFO - Setting next_dagrun for tutorial_taskflow_api_etl_virtualenv to None
[2021-08-07 03:30:20,202] {scheduler_job.py:189} INFO - Processing /home/airflow/.local/lib/python3.6/site-packages/airflow/example_dags/tutorial_taskflow_api_etl_virtualenv.py took 0.229 seconds
[2021-08-07 03:30:50,327] {scheduler_job.py:181} INFO - Started process (PID=573) to work on /home/airflow/.local/lib/python3.6/site-packages/airflow/example_dags/tutorial_taskflow_api_etl_virtualenv.py
[2021-08-07 03:30:50,328] {scheduler_job.py:632} INFO - Processing file /home/airflow/.local/lib/python3.6/site-packages/airflow/example_dags/tutorial_taskflow_api_etl_virtualenv.py for tasks to queue
[2021-08-07 03:30:50,330] {logging_mixin.py:104} INFO - [2021-08-07 03:30:50,329] {dagbag.py:496} INFO - Filling up the DagBag from /home/airflow/.local/lib/python3.6/site-packages/airflow/example_dags/tutorial_taskflow_api_etl_virtualenv.py
[2021-08-07 03:30:50,345] {scheduler_job.py:642} INFO - DAG(s) dict_keys(['tutorial_taskflow_api_etl_virtualenv']) retrieved from /home/airflow/.local/lib/python3.6/site-packages/airflow/example_dags/tutorial_taskflow_api_etl_virtualenv.py
[2021-08-07 03:30:50,516] {logging_mixin.py:104} INFO - [2021-08-07 03:30:50,516] {dag.py:1833} INFO - Sync 1 DAGs
[2021-08-07 03:30:50,527] {logging_mixin.py:104} INFO - [2021-08-07 03:30:50,527] {dag.py:2306} INFO - Setting next_dagrun for tutorial_taskflow_api_etl_virtualenv to None
[2021-08-07 03:30:50,539] {scheduler_job.py:189} INFO - Processing /home/airflow/.local/lib/python3.6/site-packages/airflow/example_dags/tutorial_taskflow_api_etl_virtualenv.py took 0.215 seconds
[2021-08-07 03:31:20,721] {scheduler_job.py:181} INFO - Started process (PID=636) to work on /home/airflow/.local/lib/python3.6/site-packages/airflow/example_dags/tutorial_taskflow_api_etl_virtualenv.py
[2021-08-07 03:31:20,723] {scheduler_job.py:632} INFO - Processing file /home/airflow/.local/lib/python3.6/site-packages/airflow/example_dags/tutorial_taskflow_api_etl_virtualenv.py for tasks to queue
[2021-08-07 03:31:20,724] {logging_mixin.py:104} INFO - [2021-08-07 03:31:20,724] {dagbag.py:496} INFO - Filling up the DagBag from /home/airflow/.local/lib/python3.6/site-packages/airflow/example_dags/tutorial_taskflow_api_etl_virtualenv.py
[2021-08-07 03:31:20,746] {scheduler_job.py:642} INFO - DAG(s) dict_keys(['tutorial_taskflow_api_etl_virtualenv']) retrieved from /home/airflow/.local/lib/python3.6/site-packages/airflow/example_dags/tutorial_taskflow_api_etl_virtualenv.py
[2021-08-07 03:31:20,907] {logging_mixin.py:104} INFO - [2021-08-07 03:31:20,907] {dag.py:1833} INFO - Sync 1 DAGs
[2021-08-07 03:31:20,921] {logging_mixin.py:104} INFO - [2021-08-07 03:31:20,921] {dag.py:2306} INFO - Setting next_dagrun for tutorial_taskflow_api_etl_virtualenv to None
[2021-08-07 03:31:20,932] {scheduler_job.py:189} INFO - Processing /home/airflow/.local/lib/python3.6/site-packages/airflow/example_dags/tutorial_taskflow_api_etl_virtualenv.py took 0.215 seconds
[2021-08-07 03:31:51,208] {scheduler_job.py:181} INFO - Started process (PID=700) to work on /home/airflow/.local/lib/python3.6/site-packages/airflow/example_dags/tutorial_taskflow_api_etl_virtualenv.py
[2021-08-07 03:31:51,210] {scheduler_job.py:632} INFO - Processing file /home/airflow/.local/lib/python3.6/site-packages/airflow/example_dags/tutorial_taskflow_api_etl_virtualenv.py for tasks to queue
[2021-08-07 03:31:51,212] {logging_mixin.py:104} INFO - [2021-08-07 03:31:51,212] {dagbag.py:496} INFO - Filling up the DagBag from /home/airflow/.local/lib/python3.6/site-packages/airflow/example_dags/tutorial_taskflow_api_etl_virtualenv.py
[2021-08-07 03:31:51,238] {scheduler_job.py:642} INFO - DAG(s) dict_keys(['tutorial_taskflow_api_etl_virtualenv']) retrieved from /home/airflow/.local/lib/python3.6/site-packages/airflow/example_dags/tutorial_taskflow_api_etl_virtualenv.py
[2021-08-07 03:31:51,481] {logging_mixin.py:104} INFO - [2021-08-07 03:31:51,480] {dag.py:1833} INFO - Sync 1 DAGs
[2021-08-07 03:31:51,494] {logging_mixin.py:104} INFO - [2021-08-07 03:31:51,494] {dag.py:2306} INFO - Setting next_dagrun for tutorial_taskflow_api_etl_virtualenv to None
[2021-08-07 03:31:51,505] {scheduler_job.py:189} INFO - Processing /home/airflow/.local/lib/python3.6/site-packages/airflow/example_dags/tutorial_taskflow_api_etl_virtualenv.py took 0.301 seconds
[2021-08-07 03:32:19,182] {scheduler_job.py:181} INFO - Started process (PID=29) to work on /home/airflow/.local/lib/python3.6/site-packages/airflow/example_dags/tutorial_taskflow_api_etl_virtualenv.py
[2021-08-07 03:32:19,184] {scheduler_job.py:632} INFO - Processing file /home/airflow/.local/lib/python3.6/site-packages/airflow/example_dags/tutorial_taskflow_api_etl_virtualenv.py for tasks to queue
[2021-08-07 03:32:19,186] {logging_mixin.py:104} INFO - [2021-08-07 03:32:19,185] {dagbag.py:496} INFO - Filling up the DagBag from /home/airflow/.local/lib/python3.6/site-packages/airflow/example_dags/tutorial_taskflow_api_etl_virtualenv.py
[2021-08-07 03:32:19,211] {scheduler_job.py:642} INFO - DAG(s) dict_keys(['tutorial_taskflow_api_etl_virtualenv']) retrieved from /home/airflow/.local/lib/python3.6/site-packages/airflow/example_dags/tutorial_taskflow_api_etl_virtualenv.py
[2021-08-07 03:32:19,234] {logging_mixin.py:104} INFO - [2021-08-07 03:32:19,233] {dag.py:1833} INFO - Sync 1 DAGs
[2021-08-07 03:32:19,255] {logging_mixin.py:104} INFO - [2021-08-07 03:32:19,255] {dag.py:2306} INFO - Setting next_dagrun for tutorial_taskflow_api_etl_virtualenv to None
[2021-08-07 03:32:19,274] {scheduler_job.py:189} INFO - Processing /home/airflow/.local/lib/python3.6/site-packages/airflow/example_dags/tutorial_taskflow_api_etl_virtualenv.py took 0.096 seconds
[2021-08-07 03:32:49,726] {scheduler_job.py:181} INFO - Started process (PID=83) to work on /home/airflow/.local/lib/python3.6/site-packages/airflow/example_dags/tutorial_taskflow_api_etl_virtualenv.py
[2021-08-07 03:32:49,728] {scheduler_job.py:632} INFO - Processing file /home/airflow/.local/lib/python3.6/site-packages/airflow/example_dags/tutorial_taskflow_api_etl_virtualenv.py for tasks to queue
[2021-08-07 03:32:49,729] {logging_mixin.py:104} INFO - [2021-08-07 03:32:49,729] {dagbag.py:496} INFO - Filling up the DagBag from /home/airflow/.local/lib/python3.6/site-packages/airflow/example_dags/tutorial_taskflow_api_etl_virtualenv.py
[2021-08-07 03:32:49,750] {scheduler_job.py:642} INFO - DAG(s) dict_keys(['tutorial_taskflow_api_etl_virtualenv']) retrieved from /home/airflow/.local/lib/python3.6/site-packages/airflow/example_dags/tutorial_taskflow_api_etl_virtualenv.py
[2021-08-07 03:32:49,933] {logging_mixin.py:104} INFO - [2021-08-07 03:32:49,933] {dag.py:1833} INFO - Sync 1 DAGs
[2021-08-07 03:32:49,946] {logging_mixin.py:104} INFO - [2021-08-07 03:32:49,946] {dag.py:2306} INFO - Setting next_dagrun for tutorial_taskflow_api_etl_virtualenv to None
[2021-08-07 03:32:49,957] {scheduler_job.py:189} INFO - Processing /home/airflow/.local/lib/python3.6/site-packages/airflow/example_dags/tutorial_taskflow_api_etl_virtualenv.py took 0.234 seconds
