[2021-08-08 05:45:00,941] {taskinstance.py:896} INFO - Dependencies all met for <TaskInstance: to_datalake_pipeline.extract_from_git 2021-08-08T05:40:00+00:00 [queued]>
[2021-08-08 05:45:00,955] {taskinstance.py:896} INFO - Dependencies all met for <TaskInstance: to_datalake_pipeline.extract_from_git 2021-08-08T05:40:00+00:00 [queued]>
[2021-08-08 05:45:00,956] {taskinstance.py:1087} INFO - 
--------------------------------------------------------------------------------
[2021-08-08 05:45:00,957] {taskinstance.py:1088} INFO - Starting attempt 1 of 11
[2021-08-08 05:45:00,957] {taskinstance.py:1089} INFO - 
--------------------------------------------------------------------------------
[2021-08-08 05:45:00,963] {taskinstance.py:1107} INFO - Executing <Task(PythonOperator): extract_from_git> on 2021-08-08T05:40:00+00:00
[2021-08-08 05:45:00,967] {standard_task_runner.py:52} INFO - Started process 2192 to run task
[2021-08-08 05:45:00,971] {standard_task_runner.py:76} INFO - Running: ['***', 'tasks', 'run', 'to_datalake_pipeline', 'extract_from_git', '2021-08-08T05:40:00+00:00', '--job-id', '149', '--pool', 'default_pool', '--raw', '--subdir', 'DAGS_FOLDER/to_datalake_pipeline.py', '--cfg-path', '/tmp/tmpmhiz8gt4', '--error-file', '/tmp/tmpna9ufrsm']
[2021-08-08 05:45:00,972] {standard_task_runner.py:77} INFO - Job 149: Subtask extract_from_git
[2021-08-08 05:45:01,013] {logging_mixin.py:104} INFO - Running <TaskInstance: to_datalake_pipeline.extract_from_git 2021-08-08T05:40:00+00:00 [running]> on host b48e43d568d5
[2021-08-08 05:45:01,054] {taskinstance.py:1302} INFO - Exporting the following env vars:
AIRFLOW_CTX_DAG_EMAIL=wildangbudhi@gmail.com
AIRFLOW_CTX_DAG_OWNER=***
AIRFLOW_CTX_DAG_ID=to_datalake_pipeline
AIRFLOW_CTX_TASK_ID=extract_from_git
AIRFLOW_CTX_EXECUTION_DATE=2021-08-08T05:40:00+00:00
AIRFLOW_CTX_DAG_RUN_ID=scheduled__2021-08-08T05:40:00+00:00
[2021-08-08 05:45:01,055] {logging_mixin.py:104} INFO - Downloading data from -> https://raw.githubusercontent.com/rezaprimasatya/DTO-DE-JUN-MID/main/data.zip
[2021-08-08 05:45:01,817] {logging_mixin.py:104} INFO - Unzipping Data
[2021-08-08 05:45:01,881] {logging_mixin.py:104} INFO - Transform Data to Pandas Dataframe
[2021-08-08 05:45:02,045] {logging_mixin.py:104} INFO - Load data to datalake
[2021-08-08 05:45:02,079] {logging_mixin.py:104} INFO - Load table : REGION
[2021-08-08 05:45:02,107] {logging_mixin.py:104} INFO - Load table : NATION
[2021-08-08 05:45:02,118] {logging_mixin.py:104} INFO - Load table : PART
[2021-08-08 05:45:02,209] {logging_mixin.py:104} INFO - Load table : SUPPLIER
[2021-08-08 05:45:02,225] {logging_mixin.py:104} INFO - Load table : PARTSUPP
[2021-08-08 05:45:02,534] {logging_mixin.py:104} INFO - Load table : CUSTOMER
[2021-08-08 05:45:02,599] {logging_mixin.py:104} INFO - Load table : ORDERS
[2021-08-08 05:45:03,133] {logging_mixin.py:104} INFO - Load table : LINEITEM
[2021-08-08 05:45:06,410] {python.py:151} INFO - Done. Returned value was: None
[2021-08-08 05:45:06,419] {taskinstance.py:1211} INFO - Marking task as SUCCESS. dag_id=to_datalake_pipeline, task_id=extract_from_git, execution_date=20210808T054000, start_date=20210808T054500, end_date=20210808T054506
[2021-08-08 05:45:06,440] {taskinstance.py:1265} INFO - 1 downstream tasks scheduled from follow-on schedule check
[2021-08-08 05:45:06,479] {local_task_job.py:149} INFO - Task exited with return code 0
