[2021-08-07 10:50:00,679] {taskinstance.py:896} INFO - Dependencies all met for <TaskInstance: to_datalake_pipeline.extract_from_git 2021-08-07T10:45:00+00:00 [queued]>
[2021-08-07 10:50:00,688] {taskinstance.py:896} INFO - Dependencies all met for <TaskInstance: to_datalake_pipeline.extract_from_git 2021-08-07T10:45:00+00:00 [queued]>
[2021-08-07 10:50:00,689] {taskinstance.py:1087} INFO - 
--------------------------------------------------------------------------------
[2021-08-07 10:50:00,690] {taskinstance.py:1088} INFO - Starting attempt 1 of 1
[2021-08-07 10:50:00,691] {taskinstance.py:1089} INFO - 
--------------------------------------------------------------------------------
[2021-08-07 10:50:00,702] {taskinstance.py:1107} INFO - Executing <Task(PythonOperator): extract_from_git> on 2021-08-07T10:45:00+00:00
[2021-08-07 10:50:00,707] {standard_task_runner.py:52} INFO - Started process 7573 to run task
[2021-08-07 10:50:00,711] {standard_task_runner.py:76} INFO - Running: ['***', 'tasks', 'run', 'to_datalake_pipeline', 'extract_from_git', '2021-08-07T10:45:00+00:00', '--job-id', '16', '--pool', 'default_pool', '--raw', '--subdir', 'DAGS_FOLDER/to_datalake_pipeline.py', '--cfg-path', '/tmp/tmph73o66pk', '--error-file', '/tmp/tmpr_6pwpu0']
[2021-08-07 10:50:00,712] {standard_task_runner.py:77} INFO - Job 16: Subtask extract_from_git
[2021-08-07 10:50:00,760] {logging_mixin.py:104} INFO - Running <TaskInstance: to_datalake_pipeline.extract_from_git 2021-08-07T10:45:00+00:00 [running]> on host 4446dd23665f
[2021-08-07 10:50:00,803] {taskinstance.py:1302} INFO - Exporting the following env vars:
AIRFLOW_CTX_DAG_OWNER=***
AIRFLOW_CTX_DAG_ID=to_datalake_pipeline
AIRFLOW_CTX_TASK_ID=extract_from_git
AIRFLOW_CTX_EXECUTION_DATE=2021-08-07T10:45:00+00:00
AIRFLOW_CTX_DAG_RUN_ID=scheduled__2021-08-07T10:45:00+00:00
[2021-08-07 10:50:00,805] {logging_mixin.py:104} INFO - Downloading data from -> https://raw.githubusercontent.com/rezaprimasatya/DTO-DE-JUN-MID/main/data.zip
[2021-08-07 10:50:01,461] {logging_mixin.py:104} INFO - Unzipping Data
[2021-08-07 10:50:01,526] {logging_mixin.py:104} INFO - Transform Data to Pandas Dataframe
[2021-08-07 10:50:01,709] {logging_mixin.py:104} INFO - Load data to datalake
[2021-08-07 10:50:01,750] {logging_mixin.py:104} INFO - Load table : REGION
[2021-08-07 10:50:01,790] {logging_mixin.py:104} INFO - Load table : NATION
[2021-08-07 10:50:01,807] {logging_mixin.py:104} INFO - Load table : PART
[2021-08-07 10:50:01,918] {logging_mixin.py:104} INFO - Load table : SUPPLIER
[2021-08-07 10:50:01,946] {logging_mixin.py:104} INFO - Load table : PARTSUPP
[2021-08-07 10:50:02,345] {logging_mixin.py:104} INFO - Load table : CUSTOMER
[2021-08-07 10:50:02,419] {logging_mixin.py:104} INFO - Load table : ORDERS
[2021-08-07 10:50:02,986] {logging_mixin.py:104} INFO - Load table : LINEITEM
[2021-08-07 10:50:06,268] {python.py:151} INFO - Done. Returned value was: None
[2021-08-07 10:50:06,279] {taskinstance.py:1211} INFO - Marking task as SUCCESS. dag_id=to_datalake_pipeline, task_id=extract_from_git, execution_date=20210807T104500, start_date=20210807T105000, end_date=20210807T105006
[2021-08-07 10:50:06,301] {taskinstance.py:1265} INFO - 0 downstream tasks scheduled from follow-on schedule check
[2021-08-07 10:50:06,369] {local_task_job.py:149} INFO - Task exited with return code 0
