[2021-08-08 03:20:01,935] {taskinstance.py:896} INFO - Dependencies all met for <TaskInstance: standardized_pipeline.standardized_pipeline_start 2021-08-08T03:15:00+00:00 [queued]>
[2021-08-08 03:20:01,965] {taskinstance.py:896} INFO - Dependencies all met for <TaskInstance: standardized_pipeline.standardized_pipeline_start 2021-08-08T03:15:00+00:00 [queued]>
[2021-08-08 03:20:01,967] {taskinstance.py:1087} INFO - 
--------------------------------------------------------------------------------
[2021-08-08 03:20:01,969] {taskinstance.py:1088} INFO - Starting attempt 1 of 11
[2021-08-08 03:20:01,971] {taskinstance.py:1089} INFO - 
--------------------------------------------------------------------------------
[2021-08-08 03:20:01,988] {taskinstance.py:1107} INFO - Executing <Task(ExternalTaskSensor): standardized_pipeline_start> on 2021-08-08T03:15:00+00:00
[2021-08-08 03:20:02,003] {standard_task_runner.py:76} INFO - Running: ['***', 'tasks', 'run', 'standardized_pipeline', 'standardized_pipeline_start', '2021-08-08T03:15:00+00:00', '--job-id', '4', '--pool', 'default_pool', '--raw', '--subdir', 'DAGS_FOLDER/standardized_pipeline.py', '--cfg-path', '/tmp/tmp0i9hyrkw', '--error-file', '/tmp/tmps0rluv_u']
[2021-08-08 03:20:01,995] {standard_task_runner.py:52} INFO - Started process 111 to run task
[2021-08-08 03:20:02,006] {standard_task_runner.py:77} INFO - Job 4: Subtask standardized_pipeline_start
[2021-08-08 03:20:02,093] {logging_mixin.py:104} INFO - Running <TaskInstance: standardized_pipeline.standardized_pipeline_start 2021-08-08T03:15:00+00:00 [running]> on host 3d9097dcbc7f
[2021-08-08 03:20:02,187] {taskinstance.py:1302} INFO - Exporting the following env vars:
AIRFLOW_CTX_DAG_EMAIL=wildangbudhi@gmail.com
AIRFLOW_CTX_DAG_OWNER=***
AIRFLOW_CTX_DAG_ID=standardized_pipeline
AIRFLOW_CTX_TASK_ID=standardized_pipeline_start
AIRFLOW_CTX_EXECUTION_DATE=2021-08-08T03:15:00+00:00
AIRFLOW_CTX_DAG_RUN_ID=scheduled__2021-08-08T03:15:00+00:00
[2021-08-08 03:20:02,206] {external_task.py:152} INFO - Poking for to_datalake_pipeline.to_datalake_pipeline_end_task on 2021-08-08T03:15:00+00:00 ... 
[2021-08-08 03:20:02,268] {taskinstance.py:1484} INFO - Rescheduling task, marking task as UP_FOR_RESCHEDULE
[2021-08-08 03:20:02,306] {local_task_job.py:149} INFO - Task exited with return code 0
[2021-08-08 03:21:03,230] {taskinstance.py:896} INFO - Dependencies all met for <TaskInstance: standardized_pipeline.standardized_pipeline_start 2021-08-08T03:15:00+00:00 [queued]>
[2021-08-08 03:21:03,258] {taskinstance.py:896} INFO - Dependencies all met for <TaskInstance: standardized_pipeline.standardized_pipeline_start 2021-08-08T03:15:00+00:00 [queued]>
[2021-08-08 03:21:03,259] {taskinstance.py:1087} INFO - 
--------------------------------------------------------------------------------
[2021-08-08 03:21:03,260] {taskinstance.py:1088} INFO - Starting attempt 1 of 11
[2021-08-08 03:21:03,261] {taskinstance.py:1089} INFO - 
--------------------------------------------------------------------------------
[2021-08-08 03:21:03,279] {taskinstance.py:1107} INFO - Executing <Task(ExternalTaskSensor): standardized_pipeline_start> on 2021-08-08T03:15:00+00:00
[2021-08-08 03:21:03,294] {standard_task_runner.py:76} INFO - Running: ['***', 'tasks', 'run', 'standardized_pipeline', 'standardized_pipeline_start', '2021-08-08T03:15:00+00:00', '--job-id', '7', '--pool', 'default_pool', '--raw', '--subdir', 'DAGS_FOLDER/standardized_pipeline.py', '--cfg-path', '/tmp/tmpfjf84nhe', '--error-file', '/tmp/tmph87jkj7d']
[2021-08-08 03:21:03,286] {standard_task_runner.py:52} INFO - Started process 185 to run task
[2021-08-08 03:21:03,296] {standard_task_runner.py:77} INFO - Job 7: Subtask standardized_pipeline_start
[2021-08-08 03:21:03,383] {logging_mixin.py:104} INFO - Running <TaskInstance: standardized_pipeline.standardized_pipeline_start 2021-08-08T03:15:00+00:00 [running]> on host 3d9097dcbc7f
[2021-08-08 03:21:03,475] {taskinstance.py:1302} INFO - Exporting the following env vars:
AIRFLOW_CTX_DAG_EMAIL=wildangbudhi@gmail.com
AIRFLOW_CTX_DAG_OWNER=***
AIRFLOW_CTX_DAG_ID=standardized_pipeline
AIRFLOW_CTX_TASK_ID=standardized_pipeline_start
AIRFLOW_CTX_EXECUTION_DATE=2021-08-08T03:15:00+00:00
AIRFLOW_CTX_DAG_RUN_ID=scheduled__2021-08-08T03:15:00+00:00
[2021-08-08 03:21:03,492] {external_task.py:152} INFO - Poking for to_datalake_pipeline.to_datalake_pipeline_end_task on 2021-08-08T03:15:00+00:00 ... 
[2021-08-08 03:21:03,547] {taskinstance.py:1484} INFO - Rescheduling task, marking task as UP_FOR_RESCHEDULE
[2021-08-08 03:21:03,597] {local_task_job.py:149} INFO - Task exited with return code 0
[2021-08-08 03:22:04,118] {taskinstance.py:896} INFO - Dependencies all met for <TaskInstance: standardized_pipeline.standardized_pipeline_start 2021-08-08T03:15:00+00:00 [queued]>
[2021-08-08 03:22:04,138] {taskinstance.py:896} INFO - Dependencies all met for <TaskInstance: standardized_pipeline.standardized_pipeline_start 2021-08-08T03:15:00+00:00 [queued]>
[2021-08-08 03:22:04,139] {taskinstance.py:1087} INFO - 
--------------------------------------------------------------------------------
[2021-08-08 03:22:04,140] {taskinstance.py:1088} INFO - Starting attempt 1 of 11
[2021-08-08 03:22:04,140] {taskinstance.py:1089} INFO - 
--------------------------------------------------------------------------------
[2021-08-08 03:22:04,150] {taskinstance.py:1107} INFO - Executing <Task(ExternalTaskSensor): standardized_pipeline_start> on 2021-08-08T03:15:00+00:00
[2021-08-08 03:22:04,161] {standard_task_runner.py:76} INFO - Running: ['***', 'tasks', 'run', 'standardized_pipeline', 'standardized_pipeline_start', '2021-08-08T03:15:00+00:00', '--job-id', '11', '--pool', 'default_pool', '--raw', '--subdir', 'DAGS_FOLDER/standardized_pipeline.py', '--cfg-path', '/tmp/tmphf_7kpec', '--error-file', '/tmp/tmpviy0prqr']
[2021-08-08 03:22:04,155] {standard_task_runner.py:52} INFO - Started process 261 to run task
[2021-08-08 03:22:04,163] {standard_task_runner.py:77} INFO - Job 11: Subtask standardized_pipeline_start
[2021-08-08 03:22:04,224] {logging_mixin.py:104} INFO - Running <TaskInstance: standardized_pipeline.standardized_pipeline_start 2021-08-08T03:15:00+00:00 [running]> on host 3d9097dcbc7f
[2021-08-08 03:22:04,288] {taskinstance.py:1302} INFO - Exporting the following env vars:
AIRFLOW_CTX_DAG_EMAIL=wildangbudhi@gmail.com
AIRFLOW_CTX_DAG_OWNER=***
AIRFLOW_CTX_DAG_ID=standardized_pipeline
AIRFLOW_CTX_TASK_ID=standardized_pipeline_start
AIRFLOW_CTX_EXECUTION_DATE=2021-08-08T03:15:00+00:00
AIRFLOW_CTX_DAG_RUN_ID=scheduled__2021-08-08T03:15:00+00:00
[2021-08-08 03:22:04,300] {external_task.py:152} INFO - Poking for to_datalake_pipeline.to_datalake_pipeline_end_task on 2021-08-08T03:15:00+00:00 ... 
[2021-08-08 03:22:04,338] {taskinstance.py:1484} INFO - Rescheduling task, marking task as UP_FOR_RESCHEDULE
[2021-08-08 03:22:04,379] {local_task_job.py:149} INFO - Task exited with return code 0
[2021-08-08 03:23:04,944] {taskinstance.py:896} INFO - Dependencies all met for <TaskInstance: standardized_pipeline.standardized_pipeline_start 2021-08-08T03:15:00+00:00 [queued]>
[2021-08-08 03:23:04,962] {taskinstance.py:896} INFO - Dependencies all met for <TaskInstance: standardized_pipeline.standardized_pipeline_start 2021-08-08T03:15:00+00:00 [queued]>
[2021-08-08 03:23:04,963] {taskinstance.py:1087} INFO - 
--------------------------------------------------------------------------------
[2021-08-08 03:23:04,964] {taskinstance.py:1088} INFO - Starting attempt 1 of 11
[2021-08-08 03:23:04,965] {taskinstance.py:1089} INFO - 
--------------------------------------------------------------------------------
[2021-08-08 03:23:04,974] {taskinstance.py:1107} INFO - Executing <Task(ExternalTaskSensor): standardized_pipeline_start> on 2021-08-08T03:15:00+00:00
[2021-08-08 03:23:04,984] {standard_task_runner.py:76} INFO - Running: ['***', 'tasks', 'run', 'standardized_pipeline', 'standardized_pipeline_start', '2021-08-08T03:15:00+00:00', '--job-id', '13', '--pool', 'default_pool', '--raw', '--subdir', 'DAGS_FOLDER/standardized_pipeline.py', '--cfg-path', '/tmp/tmpozbflh1_', '--error-file', '/tmp/tmpkq4rwpj_']
[2021-08-08 03:23:04,979] {standard_task_runner.py:52} INFO - Started process 350 to run task
[2021-08-08 03:23:04,985] {standard_task_runner.py:77} INFO - Job 13: Subtask standardized_pipeline_start
[2021-08-08 03:23:05,040] {logging_mixin.py:104} INFO - Running <TaskInstance: standardized_pipeline.standardized_pipeline_start 2021-08-08T03:15:00+00:00 [running]> on host 3d9097dcbc7f
[2021-08-08 03:23:05,096] {taskinstance.py:1302} INFO - Exporting the following env vars:
AIRFLOW_CTX_DAG_EMAIL=wildangbudhi@gmail.com
AIRFLOW_CTX_DAG_OWNER=***
AIRFLOW_CTX_DAG_ID=standardized_pipeline
AIRFLOW_CTX_TASK_ID=standardized_pipeline_start
AIRFLOW_CTX_EXECUTION_DATE=2021-08-08T03:15:00+00:00
AIRFLOW_CTX_DAG_RUN_ID=scheduled__2021-08-08T03:15:00+00:00
[2021-08-08 03:23:05,108] {external_task.py:152} INFO - Poking for to_datalake_pipeline.to_datalake_pipeline_end_task on 2021-08-08T03:15:00+00:00 ... 
[2021-08-08 03:23:05,142] {taskinstance.py:1484} INFO - Rescheduling task, marking task as UP_FOR_RESCHEDULE
[2021-08-08 03:23:05,161] {local_task_job.py:149} INFO - Task exited with return code 0
[2021-08-08 03:24:05,647] {taskinstance.py:896} INFO - Dependencies all met for <TaskInstance: standardized_pipeline.standardized_pipeline_start 2021-08-08T03:15:00+00:00 [queued]>
[2021-08-08 03:24:05,662] {taskinstance.py:896} INFO - Dependencies all met for <TaskInstance: standardized_pipeline.standardized_pipeline_start 2021-08-08T03:15:00+00:00 [queued]>
[2021-08-08 03:24:05,663] {taskinstance.py:1087} INFO - 
--------------------------------------------------------------------------------
[2021-08-08 03:24:05,663] {taskinstance.py:1088} INFO - Starting attempt 1 of 11
[2021-08-08 03:24:05,664] {taskinstance.py:1089} INFO - 
--------------------------------------------------------------------------------
[2021-08-08 03:24:05,671] {taskinstance.py:1107} INFO - Executing <Task(ExternalTaskSensor): standardized_pipeline_start> on 2021-08-08T03:15:00+00:00
[2021-08-08 03:24:05,679] {standard_task_runner.py:76} INFO - Running: ['***', 'tasks', 'run', 'standardized_pipeline', 'standardized_pipeline_start', '2021-08-08T03:15:00+00:00', '--job-id', '15', '--pool', 'default_pool', '--raw', '--subdir', 'DAGS_FOLDER/standardized_pipeline.py', '--cfg-path', '/tmp/tmp4pdhgmpf', '--error-file', '/tmp/tmptn5fvrgk']
[2021-08-08 03:24:05,675] {standard_task_runner.py:52} INFO - Started process 440 to run task
[2021-08-08 03:24:05,681] {standard_task_runner.py:77} INFO - Job 15: Subtask standardized_pipeline_start
[2021-08-08 03:24:05,727] {logging_mixin.py:104} INFO - Running <TaskInstance: standardized_pipeline.standardized_pipeline_start 2021-08-08T03:15:00+00:00 [running]> on host 3d9097dcbc7f
[2021-08-08 03:24:05,774] {taskinstance.py:1302} INFO - Exporting the following env vars:
AIRFLOW_CTX_DAG_EMAIL=wildangbudhi@gmail.com
AIRFLOW_CTX_DAG_OWNER=***
AIRFLOW_CTX_DAG_ID=standardized_pipeline
AIRFLOW_CTX_TASK_ID=standardized_pipeline_start
AIRFLOW_CTX_EXECUTION_DATE=2021-08-08T03:15:00+00:00
AIRFLOW_CTX_DAG_RUN_ID=scheduled__2021-08-08T03:15:00+00:00
[2021-08-08 03:24:05,783] {external_task.py:152} INFO - Poking for to_datalake_pipeline.to_datalake_pipeline_end_task on 2021-08-08T03:15:00+00:00 ... 
[2021-08-08 03:24:05,810] {taskinstance.py:1484} INFO - Rescheduling task, marking task as UP_FOR_RESCHEDULE
[2021-08-08 03:24:05,858] {local_task_job.py:149} INFO - Task exited with return code 0
[2021-08-08 03:25:06,476] {taskinstance.py:896} INFO - Dependencies all met for <TaskInstance: standardized_pipeline.standardized_pipeline_start 2021-08-08T03:15:00+00:00 [queued]>
[2021-08-08 03:25:06,489] {taskinstance.py:896} INFO - Dependencies all met for <TaskInstance: standardized_pipeline.standardized_pipeline_start 2021-08-08T03:15:00+00:00 [queued]>
[2021-08-08 03:25:06,490] {taskinstance.py:1087} INFO - 
--------------------------------------------------------------------------------
[2021-08-08 03:25:06,491] {taskinstance.py:1088} INFO - Starting attempt 1 of 11
[2021-08-08 03:25:06,491] {taskinstance.py:1089} INFO - 
--------------------------------------------------------------------------------
[2021-08-08 03:25:06,498] {taskinstance.py:1107} INFO - Executing <Task(ExternalTaskSensor): standardized_pipeline_start> on 2021-08-08T03:15:00+00:00
[2021-08-08 03:25:06,502] {standard_task_runner.py:52} INFO - Started process 535 to run task
[2021-08-08 03:25:06,506] {standard_task_runner.py:76} INFO - Running: ['***', 'tasks', 'run', 'standardized_pipeline', 'standardized_pipeline_start', '2021-08-08T03:15:00+00:00', '--job-id', '19', '--pool', 'default_pool', '--raw', '--subdir', 'DAGS_FOLDER/standardized_pipeline.py', '--cfg-path', '/tmp/tmpsoi1pmdg', '--error-file', '/tmp/tmpmxcjg46i']
[2021-08-08 03:25:06,507] {standard_task_runner.py:77} INFO - Job 19: Subtask standardized_pipeline_start
[2021-08-08 03:25:06,547] {logging_mixin.py:104} INFO - Running <TaskInstance: standardized_pipeline.standardized_pipeline_start 2021-08-08T03:15:00+00:00 [running]> on host 3d9097dcbc7f
[2021-08-08 03:25:06,588] {taskinstance.py:1302} INFO - Exporting the following env vars:
AIRFLOW_CTX_DAG_EMAIL=wildangbudhi@gmail.com
AIRFLOW_CTX_DAG_OWNER=***
AIRFLOW_CTX_DAG_ID=standardized_pipeline
AIRFLOW_CTX_TASK_ID=standardized_pipeline_start
AIRFLOW_CTX_EXECUTION_DATE=2021-08-08T03:15:00+00:00
AIRFLOW_CTX_DAG_RUN_ID=scheduled__2021-08-08T03:15:00+00:00
[2021-08-08 03:25:06,597] {external_task.py:152} INFO - Poking for to_datalake_pipeline.to_datalake_pipeline_end_task on 2021-08-08T03:15:00+00:00 ... 
[2021-08-08 03:25:06,622] {taskinstance.py:1484} INFO - Rescheduling task, marking task as UP_FOR_RESCHEDULE
[2021-08-08 03:25:06,640] {local_task_job.py:149} INFO - Task exited with return code 0
[2021-08-08 03:26:07,551] {taskinstance.py:896} INFO - Dependencies all met for <TaskInstance: standardized_pipeline.standardized_pipeline_start 2021-08-08T03:15:00+00:00 [queued]>
[2021-08-08 03:26:07,568] {taskinstance.py:896} INFO - Dependencies all met for <TaskInstance: standardized_pipeline.standardized_pipeline_start 2021-08-08T03:15:00+00:00 [queued]>
[2021-08-08 03:26:07,568] {taskinstance.py:1087} INFO - 
--------------------------------------------------------------------------------
[2021-08-08 03:26:07,569] {taskinstance.py:1088} INFO - Starting attempt 1 of 11
[2021-08-08 03:26:07,570] {taskinstance.py:1089} INFO - 
--------------------------------------------------------------------------------
[2021-08-08 03:26:07,578] {taskinstance.py:1107} INFO - Executing <Task(ExternalTaskSensor): standardized_pipeline_start> on 2021-08-08T03:15:00+00:00
[2021-08-08 03:26:07,588] {standard_task_runner.py:76} INFO - Running: ['***', 'tasks', 'run', 'standardized_pipeline', 'standardized_pipeline_start', '2021-08-08T03:15:00+00:00', '--job-id', '22', '--pool', 'default_pool', '--raw', '--subdir', 'DAGS_FOLDER/standardized_pipeline.py', '--cfg-path', '/tmp/tmpfm_n87mf', '--error-file', '/tmp/tmpf83gouwx']
[2021-08-08 03:26:07,583] {standard_task_runner.py:52} INFO - Started process 626 to run task
[2021-08-08 03:26:07,589] {standard_task_runner.py:77} INFO - Job 22: Subtask standardized_pipeline_start
[2021-08-08 03:26:07,640] {logging_mixin.py:104} INFO - Running <TaskInstance: standardized_pipeline.standardized_pipeline_start 2021-08-08T03:15:00+00:00 [running]> on host 3d9097dcbc7f
[2021-08-08 03:26:07,692] {taskinstance.py:1302} INFO - Exporting the following env vars:
AIRFLOW_CTX_DAG_EMAIL=wildangbudhi@gmail.com
AIRFLOW_CTX_DAG_OWNER=***
AIRFLOW_CTX_DAG_ID=standardized_pipeline
AIRFLOW_CTX_TASK_ID=standardized_pipeline_start
AIRFLOW_CTX_EXECUTION_DATE=2021-08-08T03:15:00+00:00
AIRFLOW_CTX_DAG_RUN_ID=scheduled__2021-08-08T03:15:00+00:00
[2021-08-08 03:26:07,703] {external_task.py:152} INFO - Poking for to_datalake_pipeline.to_datalake_pipeline_end_task on 2021-08-08T03:15:00+00:00 ... 
[2021-08-08 03:26:07,732] {taskinstance.py:1484} INFO - Rescheduling task, marking task as UP_FOR_RESCHEDULE
[2021-08-08 03:26:07,765] {local_task_job.py:149} INFO - Task exited with return code 0
