[2021-08-07 14:35:00,848] {taskinstance.py:896} INFO - Dependencies all met for <TaskInstance: to_datalake_pipeline.extract_from_git 2021-08-07T14:30:00+00:00 [queued]>
[2021-08-07 14:35:00,862] {taskinstance.py:896} INFO - Dependencies all met for <TaskInstance: to_datalake_pipeline.extract_from_git 2021-08-07T14:30:00+00:00 [queued]>
[2021-08-07 14:35:00,862] {taskinstance.py:1087} INFO - 
--------------------------------------------------------------------------------
[2021-08-07 14:35:00,863] {taskinstance.py:1088} INFO - Starting attempt 1 of 1
[2021-08-07 14:35:00,864] {taskinstance.py:1089} INFO - 
--------------------------------------------------------------------------------
[2021-08-07 14:35:00,871] {taskinstance.py:1107} INFO - Executing <Task(PythonOperator): extract_from_git> on 2021-08-07T14:30:00+00:00
[2021-08-07 14:35:00,875] {standard_task_runner.py:52} INFO - Started process 5966 to run task
[2021-08-07 14:35:00,879] {standard_task_runner.py:76} INFO - Running: ['***', 'tasks', 'run', 'to_datalake_pipeline', 'extract_from_git', '2021-08-07T14:30:00+00:00', '--job-id', '108', '--pool', 'default_pool', '--raw', '--subdir', 'DAGS_FOLDER/to_datalake_pipeline.py', '--cfg-path', '/tmp/tmp7sgse20u', '--error-file', '/tmp/tmpkvv_5sji']
[2021-08-07 14:35:00,880] {standard_task_runner.py:77} INFO - Job 108: Subtask extract_from_git
[2021-08-07 14:35:00,925] {logging_mixin.py:104} INFO - Running <TaskInstance: to_datalake_pipeline.extract_from_git 2021-08-07T14:30:00+00:00 [running]> on host ab70d6dafbc6
[2021-08-07 14:35:00,971] {taskinstance.py:1302} INFO - Exporting the following env vars:
AIRFLOW_CTX_DAG_OWNER=***
AIRFLOW_CTX_DAG_ID=to_datalake_pipeline
AIRFLOW_CTX_TASK_ID=extract_from_git
AIRFLOW_CTX_EXECUTION_DATE=2021-08-07T14:30:00+00:00
AIRFLOW_CTX_DAG_RUN_ID=scheduled__2021-08-07T14:30:00+00:00
[2021-08-07 14:35:00,972] {logging_mixin.py:104} INFO - Downloading data from -> https://raw.githubusercontent.com/rezaprimasatya/DTO-DE-JUN-MID/main/data.zip
[2021-08-07 14:35:01,579] {logging_mixin.py:104} INFO - Unzipping Data
[2021-08-07 14:35:01,654] {logging_mixin.py:104} INFO - Transform Data to Pandas Dataframe
[2021-08-07 14:35:01,847] {logging_mixin.py:104} INFO - Load data to datalake
[2021-08-07 14:35:01,886] {logging_mixin.py:104} INFO - Load table : REGION
[2021-08-07 14:35:01,922] {logging_mixin.py:104} INFO - Load table : NATION
[2021-08-07 14:35:01,938] {logging_mixin.py:104} INFO - Load table : PART
[2021-08-07 14:35:02,050] {logging_mixin.py:104} INFO - Load table : SUPPLIER
[2021-08-07 14:35:02,080] {logging_mixin.py:104} INFO - Load table : PARTSUPP
[2021-08-07 14:35:02,416] {logging_mixin.py:104} INFO - Load table : CUSTOMER
[2021-08-07 14:35:02,493] {logging_mixin.py:104} INFO - Load table : ORDERS
[2021-08-07 14:35:03,042] {logging_mixin.py:104} INFO - Load table : LINEITEM
[2021-08-07 14:35:06,470] {python.py:151} INFO - Done. Returned value was: None
[2021-08-07 14:35:06,482] {taskinstance.py:1211} INFO - Marking task as SUCCESS. dag_id=to_datalake_pipeline, task_id=extract_from_git, execution_date=20210807T143000, start_date=20210807T143500, end_date=20210807T143506
[2021-08-07 14:35:06,507] {taskinstance.py:1265} INFO - 0 downstream tasks scheduled from follow-on schedule check
[2021-08-07 14:35:06,572] {local_task_job.py:149} INFO - Task exited with return code 0
