[2021-08-08 11:05:34,232] {taskinstance.py:896} INFO - Dependencies all met for <TaskInstance: presentation_pipeline.create_presentation_table_dim_nations 2021-08-08T10:00:00+00:00 [queued]>
[2021-08-08 11:05:34,261] {taskinstance.py:896} INFO - Dependencies all met for <TaskInstance: presentation_pipeline.create_presentation_table_dim_nations 2021-08-08T10:00:00+00:00 [queued]>
[2021-08-08 11:05:34,262] {taskinstance.py:1087} INFO - 
--------------------------------------------------------------------------------
[2021-08-08 11:05:34,263] {taskinstance.py:1088} INFO - Starting attempt 1 of 1
[2021-08-08 11:05:34,264] {taskinstance.py:1089} INFO - 
--------------------------------------------------------------------------------
[2021-08-08 11:05:34,277] {taskinstance.py:1107} INFO - Executing <Task(MySqlOperator): create_presentation_table_dim_nations> on 2021-08-08T10:00:00+00:00
[2021-08-08 11:05:34,284] {standard_task_runner.py:52} INFO - Started process 385 to run task
[2021-08-08 11:05:34,289] {standard_task_runner.py:76} INFO - Running: ['***', 'tasks', 'run', 'presentation_pipeline', 'create_presentation_table_dim_nations', '2021-08-08T10:00:00+00:00', '--job-id', '21', '--pool', 'default_pool', '--raw', '--subdir', 'DAGS_FOLDER/presentation_pipeline.py', '--cfg-path', '/tmp/tmpquw0ps52', '--error-file', '/tmp/tmp9gm0mjya']
[2021-08-08 11:05:34,292] {standard_task_runner.py:77} INFO - Job 21: Subtask create_presentation_table_dim_nations
[2021-08-08 11:05:34,350] {logging_mixin.py:104} INFO - Running <TaskInstance: presentation_pipeline.create_presentation_table_dim_nations 2021-08-08T10:00:00+00:00 [running]> on host ce886ce1d63a
[2021-08-08 11:05:34,419] {taskinstance.py:1302} INFO - Exporting the following env vars:
AIRFLOW_CTX_DAG_OWNER=***
AIRFLOW_CTX_DAG_ID=presentation_pipeline
AIRFLOW_CTX_TASK_ID=create_presentation_table_dim_nations
AIRFLOW_CTX_EXECUTION_DATE=2021-08-08T10:00:00+00:00
AIRFLOW_CTX_DAG_RUN_ID=scheduled__2021-08-08T10:00:00+00:00
[2021-08-08 11:05:34,420] {mysql.py:70} INFO - Executing: CREATE TABLE IF NOT EXISTS presentation.nations (
    NATION_KEY INT NOT NULL,
    INGESTION_TIMESTAMP TIMESTAMP NOT NULL DEFAULT CURRENT_TIMESTAMP,
    CONSTRAINT `NATIONS_PK` PRIMARY KEY (NATION_KEY)
) AS

SELECT 
	DISTINCT 
	n.NATION_KEY,
	n.NATION_NAME,
	r.REGION_KEY,
	r.REGION_NAME,
	NOW() AS INGESTION_TIMESTAMP
FROM 
	standardized.nations n
LEFT JOIN 
	standardized.regions r
	ON n.REGION_KEY = r.REGION_KEY 
WHERE 
	n.INGESTION_TIMESTAMP >= DATE_SUB(NOW(), INTERVAL 1 HOUR)

LIMIT 0
[2021-08-08 11:05:34,435] {base.py:78} INFO - Using connection to: id: dwh_id. Host: dwh, Port: 3306, Schema: , Login: root, Password: ***, extra: {}
[2021-08-08 11:05:34,452] {dbapi.py:204} INFO - Running statement: CREATE TABLE IF NOT EXISTS presentation.nations (
    NATION_KEY INT NOT NULL,
    INGESTION_TIMESTAMP TIMESTAMP NOT NULL DEFAULT CURRENT_TIMESTAMP,
    CONSTRAINT `NATIONS_PK` PRIMARY KEY (NATION_KEY)
) AS

SELECT 
	DISTINCT 
	n.NATION_KEY,
	n.NATION_NAME,
	r.REGION_KEY,
	r.REGION_NAME,
	NOW() AS INGESTION_TIMESTAMP
FROM 
	standardized.nations n
LEFT JOIN 
	standardized.regions r
	ON n.REGION_KEY = r.REGION_KEY 
WHERE 
	n.INGESTION_TIMESTAMP >= DATE_SUB(NOW(), INTERVAL 1 HOUR)

LIMIT 0, parameters: None
[2021-08-08 11:05:34,479] {dbapi.py:212} INFO - Rows affected: 0
[2021-08-08 11:05:34,496] {taskinstance.py:1211} INFO - Marking task as SUCCESS. dag_id=presentation_pipeline, task_id=create_presentation_table_dim_nations, execution_date=20210808T100000, start_date=20210808T110534, end_date=20210808T110534
[2021-08-08 11:05:34,565] {taskinstance.py:1265} INFO - 1 downstream tasks scheduled from follow-on schedule check
[2021-08-08 11:05:34,586] {local_task_job.py:149} INFO - Task exited with return code 0
[2021-08-08 11:56:54,039] {taskinstance.py:896} INFO - Dependencies all met for <TaskInstance: presentation_pipeline.create_presentation_table_dim_nations 2021-08-08T10:00:00+00:00 [queued]>
[2021-08-08 11:56:54,053] {taskinstance.py:896} INFO - Dependencies all met for <TaskInstance: presentation_pipeline.create_presentation_table_dim_nations 2021-08-08T10:00:00+00:00 [queued]>
[2021-08-08 11:56:54,054] {taskinstance.py:1087} INFO - 
--------------------------------------------------------------------------------
[2021-08-08 11:56:54,055] {taskinstance.py:1088} INFO - Starting attempt 1 of 1
[2021-08-08 11:56:54,056] {taskinstance.py:1089} INFO - 
--------------------------------------------------------------------------------
[2021-08-08 11:56:54,071] {taskinstance.py:1107} INFO - Executing <Task(MySqlOperator): create_presentation_table_dim_nations> on 2021-08-08T10:00:00+00:00
[2021-08-08 11:56:54,076] {standard_task_runner.py:52} INFO - Started process 429 to run task
[2021-08-08 11:56:54,082] {standard_task_runner.py:76} INFO - Running: ['***', 'tasks', 'run', 'presentation_pipeline', 'create_presentation_table_dim_nations', '2021-08-08T10:00:00+00:00', '--job-id', '22', '--pool', 'default_pool', '--raw', '--subdir', 'DAGS_FOLDER/presentation_pipeline.py', '--cfg-path', '/tmp/tmprgaate1p', '--error-file', '/tmp/tmp462d8fap']
[2021-08-08 11:56:54,085] {standard_task_runner.py:77} INFO - Job 22: Subtask create_presentation_table_dim_nations
[2021-08-08 11:56:54,133] {logging_mixin.py:104} INFO - Running <TaskInstance: presentation_pipeline.create_presentation_table_dim_nations 2021-08-08T10:00:00+00:00 [running]> on host 7f57f947ae95
[2021-08-08 11:56:54,191] {taskinstance.py:1302} INFO - Exporting the following env vars:
AIRFLOW_CTX_DAG_OWNER=***
AIRFLOW_CTX_DAG_ID=presentation_pipeline
AIRFLOW_CTX_TASK_ID=create_presentation_table_dim_nations
AIRFLOW_CTX_EXECUTION_DATE=2021-08-08T10:00:00+00:00
AIRFLOW_CTX_DAG_RUN_ID=scheduled__2021-08-08T10:00:00+00:00
[2021-08-08 11:56:54,192] {mysql.py:70} INFO - Executing: CREATE TABLE IF NOT EXISTS presentation.nations (
    NATION_KEY INT NOT NULL,
    INGESTION_TIMESTAMP TIMESTAMP NOT NULL DEFAULT CURRENT_TIMESTAMP,
    CONSTRAINT `NATIONS_PK` PRIMARY KEY (NATION_KEY)
) AS

SELECT 
	DISTINCT 
	n.NATION_KEY,
	n.NATION_NAME,
	r.REGION_KEY,
	r.REGION_NAME,
	NOW() AS INGESTION_TIMESTAMP
FROM 
	standardized.nations n
LEFT JOIN 
	standardized.regions r
	ON n.REGION_KEY = r.REGION_KEY 
WHERE 
	n.INGESTION_TIMESTAMP >= DATE_SUB(NOW(), INTERVAL 1 HOUR)

LIMIT 0
[2021-08-08 11:56:54,206] {base.py:78} INFO - Using connection to: id: dwh_id. Host: dwh, Port: 3306, Schema: , Login: root, Password: ***, extra: {}
[2021-08-08 11:56:54,217] {dbapi.py:204} INFO - Running statement: CREATE TABLE IF NOT EXISTS presentation.nations (
    NATION_KEY INT NOT NULL,
    INGESTION_TIMESTAMP TIMESTAMP NOT NULL DEFAULT CURRENT_TIMESTAMP,
    CONSTRAINT `NATIONS_PK` PRIMARY KEY (NATION_KEY)
) AS

SELECT 
	DISTINCT 
	n.NATION_KEY,
	n.NATION_NAME,
	r.REGION_KEY,
	r.REGION_NAME,
	NOW() AS INGESTION_TIMESTAMP
FROM 
	standardized.nations n
LEFT JOIN 
	standardized.regions r
	ON n.REGION_KEY = r.REGION_KEY 
WHERE 
	n.INGESTION_TIMESTAMP >= DATE_SUB(NOW(), INTERVAL 1 HOUR)

LIMIT 0, parameters: None
[2021-08-08 11:56:54,238] {dbapi.py:212} INFO - Rows affected: 0
[2021-08-08 11:56:54,251] {taskinstance.py:1211} INFO - Marking task as SUCCESS. dag_id=presentation_pipeline, task_id=create_presentation_table_dim_nations, execution_date=20210808T100000, start_date=20210808T115654, end_date=20210808T115654
[2021-08-08 11:56:54,286] {taskinstance.py:1265} INFO - 1 downstream tasks scheduled from follow-on schedule check
[2021-08-08 11:56:54,305] {local_task_job.py:149} INFO - Task exited with return code 0
