[2021-08-08 06:30:45,477] {taskinstance.py:896} INFO - Dependencies all met for <TaskInstance: presentation_pipeline.presentation_pipeline_start 2021-08-08T06:25:00+00:00 [queued]>
[2021-08-08 06:30:45,499] {taskinstance.py:896} INFO - Dependencies all met for <TaskInstance: presentation_pipeline.presentation_pipeline_start 2021-08-08T06:25:00+00:00 [queued]>
[2021-08-08 06:30:45,499] {taskinstance.py:1087} INFO - 
--------------------------------------------------------------------------------
[2021-08-08 06:30:45,500] {taskinstance.py:1088} INFO - Starting attempt 1 of 1
[2021-08-08 06:30:45,501] {taskinstance.py:1089} INFO - 
--------------------------------------------------------------------------------
[2021-08-08 06:30:45,509] {taskinstance.py:1107} INFO - Executing <Task(ExternalTaskSensor): presentation_pipeline_start> on 2021-08-08T06:25:00+00:00
[2021-08-08 06:30:45,517] {standard_task_runner.py:76} INFO - Running: ['***', 'tasks', 'run', 'presentation_pipeline', 'presentation_pipeline_start', '2021-08-08T06:25:00+00:00', '--job-id', '294', '--pool', 'default_pool', '--raw', '--subdir', 'DAGS_FOLDER/presentation_pipeline.py', '--cfg-path', '/tmp/tmpnc1vkvr3', '--error-file', '/tmp/tmp9vciuwan']
[2021-08-08 06:30:45,513] {standard_task_runner.py:52} INFO - Started process 6505 to run task
[2021-08-08 06:30:45,519] {standard_task_runner.py:77} INFO - Job 294: Subtask presentation_pipeline_start
[2021-08-08 06:30:45,565] {logging_mixin.py:104} INFO - Running <TaskInstance: presentation_pipeline.presentation_pipeline_start 2021-08-08T06:25:00+00:00 [running]> on host b48e43d568d5
[2021-08-08 06:30:45,610] {taskinstance.py:1302} INFO - Exporting the following env vars:
AIRFLOW_CTX_DAG_OWNER=***
AIRFLOW_CTX_DAG_ID=presentation_pipeline
AIRFLOW_CTX_TASK_ID=presentation_pipeline_start
AIRFLOW_CTX_EXECUTION_DATE=2021-08-08T06:25:00+00:00
AIRFLOW_CTX_DAG_RUN_ID=scheduled__2021-08-08T06:25:00+00:00
[2021-08-08 06:30:45,612] {external_task.py:152} INFO - Poking for standardized_pipeline.standardized_pipeline_end on 2021-08-08T06:25:00+00:00 ... 
[2021-08-08 06:31:45,633] {external_task.py:152} INFO - Poking for standardized_pipeline.standardized_pipeline_end on 2021-08-08T06:25:00+00:00 ... 
[2021-08-08 06:34:01,776] {taskinstance.py:896} INFO - Dependencies all met for <TaskInstance: presentation_pipeline.presentation_pipeline_start 2021-08-08T06:25:00+00:00 [queued]>
[2021-08-08 06:34:01,786] {taskinstance.py:896} INFO - Dependencies all met for <TaskInstance: presentation_pipeline.presentation_pipeline_start 2021-08-08T06:25:00+00:00 [queued]>
[2021-08-08 06:34:01,786] {taskinstance.py:1087} INFO - 
--------------------------------------------------------------------------------
[2021-08-08 06:34:01,787] {taskinstance.py:1088} INFO - Starting attempt 1 of 1
[2021-08-08 06:34:01,787] {taskinstance.py:1089} INFO - 
--------------------------------------------------------------------------------
[2021-08-08 06:34:01,799] {taskinstance.py:1107} INFO - Executing <Task(ExternalTaskSensor): presentation_pipeline_start> on 2021-08-08T06:25:00+00:00
[2021-08-08 06:34:01,806] {standard_task_runner.py:76} INFO - Running: ['***', 'tasks', 'run', 'presentation_pipeline', 'presentation_pipeline_start', '2021-08-08T06:25:00+00:00', '--job-id', '3', '--pool', 'default_pool', '--raw', '--subdir', 'DAGS_FOLDER/presentation_pipeline.py', '--cfg-path', '/tmp/tmpexi6s2b5', '--error-file', '/tmp/tmpnxxnjfj7']
[2021-08-08 06:34:01,802] {standard_task_runner.py:52} INFO - Started process 121 to run task
[2021-08-08 06:34:01,807] {standard_task_runner.py:77} INFO - Job 3: Subtask presentation_pipeline_start
[2021-08-08 06:34:01,850] {logging_mixin.py:104} INFO - Running <TaskInstance: presentation_pipeline.presentation_pipeline_start 2021-08-08T06:25:00+00:00 [running]> on host 1ce4403189fc
[2021-08-08 06:34:01,898] {taskinstance.py:1302} INFO - Exporting the following env vars:
AIRFLOW_CTX_DAG_OWNER=***
AIRFLOW_CTX_DAG_ID=presentation_pipeline
AIRFLOW_CTX_TASK_ID=presentation_pipeline_start
AIRFLOW_CTX_EXECUTION_DATE=2021-08-08T06:25:00+00:00
AIRFLOW_CTX_DAG_RUN_ID=scheduled__2021-08-08T06:25:00+00:00
[2021-08-08 06:34:01,899] {external_task.py:152} INFO - Poking for standardized_pipeline.standardized_pipeline_end on 2021-08-08T06:25:00+00:00 ... 
[2021-08-08 07:25:01,028] {taskinstance.py:896} INFO - Dependencies all met for <TaskInstance: presentation_pipeline.presentation_pipeline_start 2021-08-08T06:25:00+00:00 [queued]>
[2021-08-08 07:25:01,047] {taskinstance.py:896} INFO - Dependencies all met for <TaskInstance: presentation_pipeline.presentation_pipeline_start 2021-08-08T06:25:00+00:00 [queued]>
[2021-08-08 07:25:01,047] {taskinstance.py:1087} INFO - 
--------------------------------------------------------------------------------
[2021-08-08 07:25:01,048] {taskinstance.py:1088} INFO - Starting attempt 1 of 1
[2021-08-08 07:25:01,048] {taskinstance.py:1089} INFO - 
--------------------------------------------------------------------------------
[2021-08-08 07:25:01,057] {taskinstance.py:1107} INFO - Executing <Task(ExternalTaskSensor): presentation_pipeline_start> on 2021-08-08T06:25:00+00:00
[2021-08-08 07:25:01,062] {standard_task_runner.py:52} INFO - Started process 563 to run task
[2021-08-08 07:25:01,069] {standard_task_runner.py:76} INFO - Running: ['***', 'tasks', 'run', 'presentation_pipeline', 'presentation_pipeline_start', '2021-08-08T06:25:00+00:00', '--job-id', '31', '--pool', 'default_pool', '--raw', '--subdir', 'DAGS_FOLDER/presentation_pipeline.py', '--cfg-path', '/tmp/tmpg_517cg0', '--error-file', '/tmp/tmpl6jx3grd']
[2021-08-08 07:25:01,071] {standard_task_runner.py:77} INFO - Job 31: Subtask presentation_pipeline_start
[2021-08-08 07:25:01,123] {logging_mixin.py:104} INFO - Running <TaskInstance: presentation_pipeline.presentation_pipeline_start 2021-08-08T06:25:00+00:00 [running]> on host af246ab3df74
[2021-08-08 07:25:01,193] {taskinstance.py:1302} INFO - Exporting the following env vars:
AIRFLOW_CTX_DAG_OWNER=***
AIRFLOW_CTX_DAG_ID=presentation_pipeline
AIRFLOW_CTX_TASK_ID=presentation_pipeline_start
AIRFLOW_CTX_EXECUTION_DATE=2021-08-08T06:25:00+00:00
AIRFLOW_CTX_DAG_RUN_ID=scheduled__2021-08-08T06:25:00+00:00
[2021-08-08 07:25:01,194] {external_task.py:152} INFO - Poking for standardized_pipeline.standardized_pipeline_end on 2021-08-08T06:25:00+00:00 ... 
