[2021-08-08 05:00:03,763] {taskinstance.py:896} INFO - Dependencies all met for <TaskInstance: standardized_pipeline.standardized_pipeline_start 2021-08-08T04:55:00+00:00 [queued]>
[2021-08-08 05:00:03,850] {taskinstance.py:896} INFO - Dependencies all met for <TaskInstance: standardized_pipeline.standardized_pipeline_start 2021-08-08T04:55:00+00:00 [queued]>
[2021-08-08 05:00:03,854] {taskinstance.py:1087} INFO - 
--------------------------------------------------------------------------------
[2021-08-08 05:00:03,857] {taskinstance.py:1088} INFO - Starting attempt 1 of 11
[2021-08-08 05:00:03,859] {taskinstance.py:1089} INFO - 
--------------------------------------------------------------------------------
[2021-08-08 05:00:03,965] {taskinstance.py:1107} INFO - Executing <Task(ExternalTaskSensor): standardized_pipeline_start> on 2021-08-08T04:55:00+00:00
[2021-08-08 05:00:04,024] {standard_task_runner.py:76} INFO - Running: ['***', 'tasks', 'run', 'standardized_pipeline', 'standardized_pipeline_start', '2021-08-08T04:55:00+00:00', '--job-id', '50', '--pool', 'default_pool', '--raw', '--subdir', 'DAGS_FOLDER/standardized_pipeline.py', '--cfg-path', '/tmp/tmp1w4w4zzj', '--error-file', '/tmp/tmpwgxrgfj8']
[2021-08-08 05:00:04,034] {standard_task_runner.py:77} INFO - Job 50: Subtask standardized_pipeline_start
[2021-08-08 05:00:03,991] {standard_task_runner.py:52} INFO - Started process 6271 to run task
[2021-08-08 05:00:04,662] {logging_mixin.py:104} INFO - Running <TaskInstance: standardized_pipeline.standardized_pipeline_start 2021-08-08T04:55:00+00:00 [running]> on host 75feb3cfb2a6
[2021-08-08 05:00:04,971] {taskinstance.py:1302} INFO - Exporting the following env vars:
AIRFLOW_CTX_DAG_EMAIL=wildangbudhi@gmail.com
AIRFLOW_CTX_DAG_OWNER=***
AIRFLOW_CTX_DAG_ID=standardized_pipeline
AIRFLOW_CTX_TASK_ID=standardized_pipeline_start
AIRFLOW_CTX_EXECUTION_DATE=2021-08-08T04:55:00+00:00
AIRFLOW_CTX_DAG_RUN_ID=scheduled__2021-08-08T04:55:00+00:00
[2021-08-08 05:00:04,980] {external_task.py:152} INFO - Poking for to_datalake_pipeline.to_datalake_pipeline_end on 2021-08-08T04:55:00+00:00 ... 
[2021-08-08 05:01:04,992] {external_task.py:152} INFO - Poking for to_datalake_pipeline.to_datalake_pipeline_end on 2021-08-08T04:55:00+00:00 ... 
[2021-08-08 05:01:05,015] {base.py:248} INFO - Success criteria met. Exiting.
[2021-08-08 05:01:05,044] {taskinstance.py:1211} INFO - Marking task as SUCCESS. dag_id=standardized_pipeline, task_id=standardized_pipeline_start, execution_date=20210808T045500, start_date=20210808T050003, end_date=20210808T050105
[2021-08-08 05:01:05,182] {taskinstance.py:1265} INFO - 8 downstream tasks scheduled from follow-on schedule check
[2021-08-08 05:01:05,247] {local_task_job.py:149} INFO - Task exited with return code 0
