[2021-08-08 05:12:02,470] {taskinstance.py:896} INFO - Dependencies all met for <TaskInstance: standardized_pipeline.create_standardized_table_parts 2021-08-08T05:05:00+00:00 [queued]>
[2021-08-08 05:12:02,506] {taskinstance.py:896} INFO - Dependencies all met for <TaskInstance: standardized_pipeline.create_standardized_table_parts 2021-08-08T05:05:00+00:00 [queued]>
[2021-08-08 05:12:02,507] {taskinstance.py:1087} INFO - 
--------------------------------------------------------------------------------
[2021-08-08 05:12:02,509] {taskinstance.py:1088} INFO - Starting attempt 1 of 11
[2021-08-08 05:12:02,510] {taskinstance.py:1089} INFO - 
--------------------------------------------------------------------------------
[2021-08-08 05:12:02,542] {taskinstance.py:1107} INFO - Executing <Task(MySqlOperator): create_standardized_table_parts> on 2021-08-08T05:05:00+00:00
[2021-08-08 05:12:02,552] {standard_task_runner.py:52} INFO - Started process 388 to run task
[2021-08-08 05:12:02,576] {standard_task_runner.py:76} INFO - Running: ['***', 'tasks', 'run', 'standardized_pipeline', 'create_standardized_table_parts', '2021-08-08T05:05:00+00:00', '--job-id', '33', '--pool', 'default_pool', '--raw', '--subdir', 'DAGS_FOLDER/standardized_pipeline.py', '--cfg-path', '/tmp/tmp_8pdqj4v', '--error-file', '/tmp/tmpna6wceh8']
[2021-08-08 05:12:02,584] {standard_task_runner.py:77} INFO - Job 33: Subtask create_standardized_table_parts
[2021-08-08 05:12:02,804] {logging_mixin.py:104} INFO - Running <TaskInstance: standardized_pipeline.create_standardized_table_parts 2021-08-08T05:05:00+00:00 [running]> on host dbfb9e13da58
[2021-08-08 05:12:02,942] {taskinstance.py:1302} INFO - Exporting the following env vars:
AIRFLOW_CTX_DAG_EMAIL=wildangbudhi@gmail.com
AIRFLOW_CTX_DAG_OWNER=***
AIRFLOW_CTX_DAG_ID=standardized_pipeline
AIRFLOW_CTX_TASK_ID=create_standardized_table_parts
AIRFLOW_CTX_EXECUTION_DATE=2021-08-08T05:05:00+00:00
AIRFLOW_CTX_DAG_RUN_ID=scheduled__2021-08-08T05:05:00+00:00
[2021-08-08 05:12:02,946] {mysql.py:70} INFO - Executing: CREATE TABLE IF NOT EXISTS standardized.parts (INGESTION_TIMESTAMP TIMESTAMP NOT NULL DEFAULT CURRENT_TIMESTAMP) AS
WITH data_last_5_minutes AS (
	SELECT
        DISTINCT
        CAST(P_PARTKEY AS SIGNED) AS PART_KEY,
        P_NAME AS PART_NAME,
        P_MFGR AS PART_MANUFACTURE_GROUP_NAME,
        P_BRAND AS PART_BRAND_NAME,
        P_TYPE AS PART_TYPE,
        CAST(P_SIZE AS SIGNED) AS PART_SIZE_NUMBER,
        P_CONTAINER AS PART_CONTAINER_TYPE,
        P_RETAILPRICE AS PART_RETAIL_PRICE,
        P_COMMENT AS PART_COMMENT,
        NOW() AS INGESTION_TIMESTAMP
    FROM
        datalake.PART p
    WHERE 
        p.INGESTION_TIMESTAMP >= DATE_SUB(NOW(), INTERVAL 5 MINUTE)
)

SELECT 
	* 
FROM 
	data_last_5_minutes
[2021-08-08 05:12:02,974] {base.py:78} INFO - Using connection to: id: dwh_id. Host: dwh, Port: 3306, Schema: , Login: root, Password: ***, extra: {}
[2021-08-08 05:12:02,998] {dbapi.py:204} INFO - Running statement: CREATE TABLE IF NOT EXISTS standardized.parts (INGESTION_TIMESTAMP TIMESTAMP NOT NULL DEFAULT CURRENT_TIMESTAMP) AS
WITH data_last_5_minutes AS (
	SELECT
        DISTINCT
        CAST(P_PARTKEY AS SIGNED) AS PART_KEY,
        P_NAME AS PART_NAME,
        P_MFGR AS PART_MANUFACTURE_GROUP_NAME,
        P_BRAND AS PART_BRAND_NAME,
        P_TYPE AS PART_TYPE,
        CAST(P_SIZE AS SIGNED) AS PART_SIZE_NUMBER,
        P_CONTAINER AS PART_CONTAINER_TYPE,
        P_RETAILPRICE AS PART_RETAIL_PRICE,
        P_COMMENT AS PART_COMMENT,
        NOW() AS INGESTION_TIMESTAMP
    FROM
        datalake.PART p
    WHERE 
        p.INGESTION_TIMESTAMP >= DATE_SUB(NOW(), INTERVAL 5 MINUTE)
)

SELECT 
	* 
FROM 
	data_last_5_minutes, parameters: None
[2021-08-08 05:12:03,003] {dbapi.py:212} INFO - Rows affected: 0
[2021-08-08 05:12:03,033] {taskinstance.py:1211} INFO - Marking task as SUCCESS. dag_id=standardized_pipeline, task_id=create_standardized_table_parts, execution_date=20210808T050500, start_date=20210808T051202, end_date=20210808T051203
[2021-08-08 05:12:03,168] {taskinstance.py:1265} INFO - 1 downstream tasks scheduled from follow-on schedule check
[2021-08-08 05:12:03,212] {local_task_job.py:149} INFO - Task exited with return code 0
[2021-08-08 07:05:57,770] {taskinstance.py:896} INFO - Dependencies all met for <TaskInstance: standardized_pipeline.create_standardized_table_parts 2021-08-08T05:05:00+00:00 [queued]>
[2021-08-08 07:05:57,797] {taskinstance.py:896} INFO - Dependencies all met for <TaskInstance: standardized_pipeline.create_standardized_table_parts 2021-08-08T05:05:00+00:00 [queued]>
[2021-08-08 07:05:57,798] {taskinstance.py:1087} INFO - 
--------------------------------------------------------------------------------
[2021-08-08 07:05:57,799] {taskinstance.py:1088} INFO - Starting attempt 1 of 11
[2021-08-08 07:05:57,800] {taskinstance.py:1089} INFO - 
--------------------------------------------------------------------------------
[2021-08-08 07:05:57,813] {taskinstance.py:1107} INFO - Executing <Task(MySqlOperator): create_standardized_table_parts> on 2021-08-08T05:05:00+00:00
[2021-08-08 07:05:57,824] {standard_task_runner.py:52} INFO - Started process 244 to run task
[2021-08-08 07:05:57,840] {standard_task_runner.py:76} INFO - Running: ['***', 'tasks', 'run', 'standardized_pipeline', 'create_standardized_table_parts', '2021-08-08T05:05:00+00:00', '--job-id', '8', '--pool', 'default_pool', '--raw', '--subdir', 'DAGS_FOLDER/standardized_pipeline.py', '--cfg-path', '/tmp/tmp5vzjr5y6', '--error-file', '/tmp/tmphjukbns1']
[2021-08-08 07:05:57,863] {standard_task_runner.py:77} INFO - Job 8: Subtask create_standardized_table_parts
[2021-08-08 07:05:57,980] {logging_mixin.py:104} INFO - Running <TaskInstance: standardized_pipeline.create_standardized_table_parts 2021-08-08T05:05:00+00:00 [running]> on host bf836d82c89b
[2021-08-08 07:05:58,100] {taskinstance.py:1302} INFO - Exporting the following env vars:
AIRFLOW_CTX_DAG_EMAIL=wildangbudhi@gmail.com
AIRFLOW_CTX_DAG_OWNER=***
AIRFLOW_CTX_DAG_ID=standardized_pipeline
AIRFLOW_CTX_TASK_ID=create_standardized_table_parts
AIRFLOW_CTX_EXECUTION_DATE=2021-08-08T05:05:00+00:00
AIRFLOW_CTX_DAG_RUN_ID=scheduled__2021-08-08T05:05:00+00:00
[2021-08-08 07:05:58,102] {mysql.py:70} INFO - Executing: CREATE TABLE IF NOT EXISTS standardized.parts (INGESTION_TIMESTAMP TIMESTAMP NOT NULL DEFAULT CURRENT_TIMESTAMP) AS
WITH data_last_5_minutes AS (
	SELECT
        DISTINCT
        CAST(P_PARTKEY AS SIGNED) AS PART_KEY,
        P_NAME AS PART_NAME,
        P_MFGR AS PART_MANUFACTURE_GROUP_NAME,
        P_BRAND AS PART_BRAND_NAME,
        P_TYPE AS PART_TYPE,
        CAST(P_SIZE AS SIGNED) AS PART_SIZE_NUMBER,
        P_CONTAINER AS PART_CONTAINER_TYPE,
        P_RETAILPRICE AS PART_RETAIL_PRICE,
        P_COMMENT AS PART_COMMENT,
        NOW() AS INGESTION_TIMESTAMP
    FROM
        datalake.PART p
    WHERE 
        p.INGESTION_TIMESTAMP >= DATE_SUB(NOW(), INTERVAL 1 HOUR)
)

SELECT 
	* 
FROM 
	data_last_5_minutes
[2021-08-08 07:05:58,121] {base.py:78} INFO - Using connection to: id: dwh_id. Host: dwh, Port: 3306, Schema: , Login: root, Password: ***, extra: {}
[2021-08-08 07:05:58,143] {dbapi.py:204} INFO - Running statement: CREATE TABLE IF NOT EXISTS standardized.parts (INGESTION_TIMESTAMP TIMESTAMP NOT NULL DEFAULT CURRENT_TIMESTAMP) AS
WITH data_last_5_minutes AS (
	SELECT
        DISTINCT
        CAST(P_PARTKEY AS SIGNED) AS PART_KEY,
        P_NAME AS PART_NAME,
        P_MFGR AS PART_MANUFACTURE_GROUP_NAME,
        P_BRAND AS PART_BRAND_NAME,
        P_TYPE AS PART_TYPE,
        CAST(P_SIZE AS SIGNED) AS PART_SIZE_NUMBER,
        P_CONTAINER AS PART_CONTAINER_TYPE,
        P_RETAILPRICE AS PART_RETAIL_PRICE,
        P_COMMENT AS PART_COMMENT,
        NOW() AS INGESTION_TIMESTAMP
    FROM
        datalake.PART p
    WHERE 
        p.INGESTION_TIMESTAMP >= DATE_SUB(NOW(), INTERVAL 1 HOUR)
)

SELECT 
	* 
FROM 
	data_last_5_minutes, parameters: None
[2021-08-08 07:05:58,344] {dbapi.py:212} INFO - Rows affected: 2000
[2021-08-08 07:05:58,357] {taskinstance.py:1211} INFO - Marking task as SUCCESS. dag_id=standardized_pipeline, task_id=create_standardized_table_parts, execution_date=20210808T050500, start_date=20210808T070557, end_date=20210808T070558
[2021-08-08 07:05:58,405] {taskinstance.py:1265} INFO - 1 downstream tasks scheduled from follow-on schedule check
[2021-08-08 07:05:58,446] {local_task_job.py:149} INFO - Task exited with return code 0
