[2021-08-08 07:15:41,095] {taskinstance.py:896} INFO - Dependencies all met for <TaskInstance: presentation_pipeline.presentation_pipeline_start 2021-08-08T05:18:00+00:00 [queued]>
[2021-08-08 07:15:41,111] {taskinstance.py:896} INFO - Dependencies all met for <TaskInstance: presentation_pipeline.presentation_pipeline_start 2021-08-08T05:18:00+00:00 [queued]>
[2021-08-08 07:15:41,112] {taskinstance.py:1087} INFO - 
--------------------------------------------------------------------------------
[2021-08-08 07:15:41,113] {taskinstance.py:1088} INFO - Starting attempt 1 of 1
[2021-08-08 07:15:41,113] {taskinstance.py:1089} INFO - 
--------------------------------------------------------------------------------
[2021-08-08 07:15:41,123] {taskinstance.py:1107} INFO - Executing <Task(ExternalTaskSensor): presentation_pipeline_start> on 2021-08-08T05:18:00+00:00
[2021-08-08 07:15:41,134] {standard_task_runner.py:76} INFO - Running: ['***', 'tasks', 'run', 'presentation_pipeline', 'presentation_pipeline_start', '2021-08-08T05:18:00+00:00', '--job-id', '12', '--pool', 'default_pool', '--raw', '--subdir', 'DAGS_FOLDER/presentation_pipeline.py', '--cfg-path', '/tmp/tmpd2ebpxzw', '--error-file', '/tmp/tmp2nik4crj']
[2021-08-08 07:15:41,135] {standard_task_runner.py:77} INFO - Job 12: Subtask presentation_pipeline_start
[2021-08-08 07:15:41,129] {standard_task_runner.py:52} INFO - Started process 256 to run task
[2021-08-08 07:15:41,186] {logging_mixin.py:104} INFO - Running <TaskInstance: presentation_pipeline.presentation_pipeline_start 2021-08-08T05:18:00+00:00 [running]> on host 3678c365a3ae
[2021-08-08 07:15:41,246] {taskinstance.py:1302} INFO - Exporting the following env vars:
AIRFLOW_CTX_DAG_OWNER=***
AIRFLOW_CTX_DAG_ID=presentation_pipeline
AIRFLOW_CTX_TASK_ID=presentation_pipeline_start
AIRFLOW_CTX_EXECUTION_DATE=2021-08-08T05:18:00+00:00
AIRFLOW_CTX_DAG_RUN_ID=scheduled__2021-08-08T05:18:00+00:00
[2021-08-08 07:15:41,247] {external_task.py:152} INFO - Poking for standardized_pipeline.standardized_pipeline_end on 2021-08-08T05:18:00+00:00 ... 
[2021-08-08 07:16:41,270] {external_task.py:152} INFO - Poking for standardized_pipeline.standardized_pipeline_end on 2021-08-08T05:18:00+00:00 ... 
