[2021-08-08 07:10:01,088] {taskinstance.py:896} INFO - Dependencies all met for <TaskInstance: presentation_pipeline.presentation_pipeline_start 2021-08-08T06:10:00+00:00 [queued]>
[2021-08-08 07:10:01,107] {taskinstance.py:896} INFO - Dependencies all met for <TaskInstance: presentation_pipeline.presentation_pipeline_start 2021-08-08T06:10:00+00:00 [queued]>
[2021-08-08 07:10:01,108] {taskinstance.py:1087} INFO - 
--------------------------------------------------------------------------------
[2021-08-08 07:10:01,109] {taskinstance.py:1088} INFO - Starting attempt 1 of 1
[2021-08-08 07:10:01,110] {taskinstance.py:1089} INFO - 
--------------------------------------------------------------------------------
[2021-08-08 07:10:01,117] {taskinstance.py:1107} INFO - Executing <Task(ExternalTaskSensor): presentation_pipeline_start> on 2021-08-08T06:10:00+00:00
[2021-08-08 07:10:01,125] {standard_task_runner.py:76} INFO - Running: ['***', 'tasks', 'run', 'presentation_pipeline', 'presentation_pipeline_start', '2021-08-08T06:10:00+00:00', '--job-id', '60', '--pool', 'default_pool', '--raw', '--subdir', 'DAGS_FOLDER/presentation_pipeline.py', '--cfg-path', '/tmp/tmp838q7b90', '--error-file', '/tmp/tmp1hpb46dh']
[2021-08-08 07:10:01,121] {standard_task_runner.py:52} INFO - Started process 687 to run task
[2021-08-08 07:10:01,126] {standard_task_runner.py:77} INFO - Job 60: Subtask presentation_pipeline_start
[2021-08-08 07:10:01,180] {logging_mixin.py:104} INFO - Running <TaskInstance: presentation_pipeline.presentation_pipeline_start 2021-08-08T06:10:00+00:00 [running]> on host bf836d82c89b
[2021-08-08 07:10:01,224] {taskinstance.py:1302} INFO - Exporting the following env vars:
AIRFLOW_CTX_DAG_OWNER=***
AIRFLOW_CTX_DAG_ID=presentation_pipeline
AIRFLOW_CTX_TASK_ID=presentation_pipeline_start
AIRFLOW_CTX_EXECUTION_DATE=2021-08-08T06:10:00+00:00
AIRFLOW_CTX_DAG_RUN_ID=scheduled__2021-08-08T06:10:00+00:00
[2021-08-08 07:10:01,225] {external_task.py:152} INFO - Poking for standardized_pipeline.standardized_pipeline_end on 2021-08-08T06:10:00+00:00 ... 
[2021-08-08 07:11:01,199] {external_task.py:152} INFO - Poking for standardized_pipeline.standardized_pipeline_end on 2021-08-08T06:10:00+00:00 ... 
[2021-08-08 07:12:01,194] {external_task.py:152} INFO - Poking for standardized_pipeline.standardized_pipeline_end on 2021-08-08T06:10:00+00:00 ... 
