[2021-08-08 06:40:00,993] {taskinstance.py:896} INFO - Dependencies all met for <TaskInstance: standardized_pipeline.standardized_pipeline_start 2021-08-08T06:35:00+00:00 [queued]>
[2021-08-08 06:40:01,006] {taskinstance.py:896} INFO - Dependencies all met for <TaskInstance: standardized_pipeline.standardized_pipeline_start 2021-08-08T06:35:00+00:00 [queued]>
[2021-08-08 06:40:01,007] {taskinstance.py:1087} INFO - 
--------------------------------------------------------------------------------
[2021-08-08 06:40:01,007] {taskinstance.py:1088} INFO - Starting attempt 1 of 11
[2021-08-08 06:40:01,008] {taskinstance.py:1089} INFO - 
--------------------------------------------------------------------------------
[2021-08-08 06:40:01,015] {taskinstance.py:1107} INFO - Executing <Task(ExternalTaskSensor): standardized_pipeline_start> on 2021-08-08T06:35:00+00:00
[2021-08-08 06:40:01,022] {standard_task_runner.py:76} INFO - Running: ['***', 'tasks', 'run', 'standardized_pipeline', 'standardized_pipeline_start', '2021-08-08T06:35:00+00:00', '--job-id', '32', '--pool', 'default_pool', '--raw', '--subdir', 'DAGS_FOLDER/standardized_pipeline.py', '--cfg-path', '/tmp/tmpuzdtkq7p', '--error-file', '/tmp/tmpbmkrv00w']
[2021-08-08 06:40:01,018] {standard_task_runner.py:52} INFO - Started process 561 to run task
[2021-08-08 06:40:01,023] {standard_task_runner.py:77} INFO - Job 32: Subtask standardized_pipeline_start
[2021-08-08 06:40:01,064] {logging_mixin.py:104} INFO - Running <TaskInstance: standardized_pipeline.standardized_pipeline_start 2021-08-08T06:35:00+00:00 [running]> on host 53d8ed6396aa
[2021-08-08 06:40:01,105] {taskinstance.py:1302} INFO - Exporting the following env vars:
AIRFLOW_CTX_DAG_EMAIL=wildangbudhi@gmail.com
AIRFLOW_CTX_DAG_OWNER=***
AIRFLOW_CTX_DAG_ID=standardized_pipeline
AIRFLOW_CTX_TASK_ID=standardized_pipeline_start
AIRFLOW_CTX_EXECUTION_DATE=2021-08-08T06:35:00+00:00
AIRFLOW_CTX_DAG_RUN_ID=scheduled__2021-08-08T06:35:00+00:00
[2021-08-08 06:40:01,106] {external_task.py:152} INFO - Poking for to_datalake_pipeline.to_datalake_pipeline_end on 2021-08-08T06:35:00+00:00 ... 
[2021-08-08 06:41:01,109] {external_task.py:152} INFO - Poking for to_datalake_pipeline.to_datalake_pipeline_end on 2021-08-08T06:35:00+00:00 ... 
[2021-08-08 06:42:01,120] {external_task.py:152} INFO - Poking for to_datalake_pipeline.to_datalake_pipeline_end on 2021-08-08T06:35:00+00:00 ... 
[2021-08-08 06:43:01,131] {external_task.py:152} INFO - Poking for to_datalake_pipeline.to_datalake_pipeline_end on 2021-08-08T06:35:00+00:00 ... 
[2021-08-08 06:44:01,153] {external_task.py:152} INFO - Poking for to_datalake_pipeline.to_datalake_pipeline_end on 2021-08-08T06:35:00+00:00 ... 
[2021-08-08 06:45:01,165] {external_task.py:152} INFO - Poking for to_datalake_pipeline.to_datalake_pipeline_end on 2021-08-08T06:35:00+00:00 ... 
[2021-08-08 06:46:01,175] {external_task.py:152} INFO - Poking for to_datalake_pipeline.to_datalake_pipeline_end on 2021-08-08T06:35:00+00:00 ... 
[2021-08-08 06:47:01,183] {external_task.py:152} INFO - Poking for to_datalake_pipeline.to_datalake_pipeline_end on 2021-08-08T06:35:00+00:00 ... 
[2021-08-08 06:48:01,198] {external_task.py:152} INFO - Poking for to_datalake_pipeline.to_datalake_pipeline_end on 2021-08-08T06:35:00+00:00 ... 
[2021-08-08 06:49:01,159] {external_task.py:152} INFO - Poking for to_datalake_pipeline.to_datalake_pipeline_end on 2021-08-08T06:35:00+00:00 ... 
[2021-08-08 06:50:01,179] {external_task.py:152} INFO - Poking for to_datalake_pipeline.to_datalake_pipeline_end on 2021-08-08T06:35:00+00:00 ... 
