[2021-08-08 02:39:16,335] {taskinstance.py:896} INFO - Dependencies all met for <TaskInstance: standardized_pipeline.create_standardized_table_customers 2021-08-08T02:30:00+00:00 [queued]>
[2021-08-08 02:39:16,361] {taskinstance.py:896} INFO - Dependencies all met for <TaskInstance: standardized_pipeline.create_standardized_table_customers 2021-08-08T02:30:00+00:00 [queued]>
[2021-08-08 02:39:16,366] {taskinstance.py:1087} INFO - 
--------------------------------------------------------------------------------
[2021-08-08 02:39:16,368] {taskinstance.py:1088} INFO - Starting attempt 1 of 1
[2021-08-08 02:39:16,369] {taskinstance.py:1089} INFO - 
--------------------------------------------------------------------------------
[2021-08-08 02:39:16,408] {taskinstance.py:1107} INFO - Executing <Task(MySqlOperator): create_standardized_table_customers> on 2021-08-08T02:30:00+00:00
[2021-08-08 02:39:16,442] {standard_task_runner.py:76} INFO - Running: ['***', 'tasks', 'run', 'standardized_pipeline', 'create_standardized_table_customers', '2021-08-08T02:30:00+00:00', '--job-id', '26', '--pool', 'default_pool', '--raw', '--subdir', 'DAGS_FOLDER/standardized_pipeline.py', '--cfg-path', '/tmp/tmpwzkei0m_', '--error-file', '/tmp/tmpkt0npe2g']
[2021-08-08 02:39:16,445] {standard_task_runner.py:77} INFO - Job 26: Subtask create_standardized_table_customers
[2021-08-08 02:39:16,425] {standard_task_runner.py:52} INFO - Started process 227 to run task
[2021-08-08 02:39:16,681] {logging_mixin.py:104} INFO - Running <TaskInstance: standardized_pipeline.create_standardized_table_customers 2021-08-08T02:30:00+00:00 [running]> on host 3c97923eccf9
[2021-08-08 02:39:16,972] {taskinstance.py:1302} INFO - Exporting the following env vars:
AIRFLOW_CTX_DAG_OWNER=***
AIRFLOW_CTX_DAG_ID=standardized_pipeline
AIRFLOW_CTX_TASK_ID=create_standardized_table_customers
AIRFLOW_CTX_EXECUTION_DATE=2021-08-08T02:30:00+00:00
AIRFLOW_CTX_DAG_RUN_ID=scheduled__2021-08-08T02:30:00+00:00
[2021-08-08 02:39:16,976] {mysql.py:70} INFO - Executing: CREATE TABLE IF NOT EXISTS standardized.customers (INGESTION_TIMESTAMP TIMESTAMP NOT NULL DEFAULT CURRENT_TIMESTAMP) AS
WITH data_last_5_minutes AS (
	SELECT
		DISTINCT 
		CAST(C_CUSTKEY AS SIGNED) AS CUSTOMER_KEY,
		C_NAME AS CUSTOMER_NAME,
		C_ADDRESS AS CUSTOMER_ADDRESS,
		CAST(C_NATIONKEY AS SIGNED) AS NATION_KEY,
		C_PHONE AS CUSTOMER_PHONE,
		C_ACCTBAL AS CUSTOMER_ACCOUNT_BALANCE_TOTAL,
		C_MKTSEGMENT AS CUSTOMER_MARKET_SEGMENT_TYPE,
		C_COMMENT AS CUSTOMER_COMMENT,
		NOW() AS INGESTION_TIMESTAMP
	FROM
		datalake.CUSTOMER c
	WHERE 
		c.INGESTION_TIMESTAMP >= DATE_SUB(NOW(), INTERVAL 5 MINUTE)
)

SELECT 
	* 
FROM 
	data_last_5_minutes
[2021-08-08 02:39:17,018] {base.py:78} INFO - Using connection to: id: dwh_id. Host: dwh, Port: 3306, Schema: , Login: root, Password: ***, extra: {}
[2021-08-08 02:39:17,061] {dbapi.py:204} INFO - Running statement: CREATE TABLE IF NOT EXISTS standardized.customers (INGESTION_TIMESTAMP TIMESTAMP NOT NULL DEFAULT CURRENT_TIMESTAMP) AS
WITH data_last_5_minutes AS (
	SELECT
		DISTINCT 
		CAST(C_CUSTKEY AS SIGNED) AS CUSTOMER_KEY,
		C_NAME AS CUSTOMER_NAME,
		C_ADDRESS AS CUSTOMER_ADDRESS,
		CAST(C_NATIONKEY AS SIGNED) AS NATION_KEY,
		C_PHONE AS CUSTOMER_PHONE,
		C_ACCTBAL AS CUSTOMER_ACCOUNT_BALANCE_TOTAL,
		C_MKTSEGMENT AS CUSTOMER_MARKET_SEGMENT_TYPE,
		C_COMMENT AS CUSTOMER_COMMENT,
		NOW() AS INGESTION_TIMESTAMP
	FROM
		datalake.CUSTOMER c
	WHERE 
		c.INGESTION_TIMESTAMP >= DATE_SUB(NOW(), INTERVAL 5 MINUTE)
)

SELECT 
	* 
FROM 
	data_last_5_minutes, parameters: None
[2021-08-08 02:39:17,068] {dbapi.py:212} INFO - Rows affected: 0
[2021-08-08 02:39:17,123] {taskinstance.py:1211} INFO - Marking task as SUCCESS. dag_id=standardized_pipeline, task_id=create_standardized_table_customers, execution_date=20210808T023000, start_date=20210808T023916, end_date=20210808T023917
[2021-08-08 02:39:17,266] {taskinstance.py:1265} INFO - 0 downstream tasks scheduled from follow-on schedule check
[2021-08-08 02:39:17,313] {local_task_job.py:149} INFO - Task exited with return code 0
