[2021-08-08 11:01:02,333] {taskinstance.py:896} INFO - Dependencies all met for <TaskInstance: standardized_pipeline.create_standardized_table_orders 2021-08-08T10:00:00+00:00 [queued]>
[2021-08-08 11:01:02,353] {taskinstance.py:896} INFO - Dependencies all met for <TaskInstance: standardized_pipeline.create_standardized_table_orders 2021-08-08T10:00:00+00:00 [queued]>
[2021-08-08 11:01:02,355] {taskinstance.py:1087} INFO - 
--------------------------------------------------------------------------------
[2021-08-08 11:01:02,357] {taskinstance.py:1088} INFO - Starting attempt 1 of 11
[2021-08-08 11:01:02,357] {taskinstance.py:1089} INFO - 
--------------------------------------------------------------------------------
[2021-08-08 11:01:02,382] {taskinstance.py:1107} INFO - Executing <Task(MySqlOperator): create_standardized_table_orders> on 2021-08-08T10:00:00+00:00
[2021-08-08 11:01:02,388] {standard_task_runner.py:52} INFO - Started process 11012 to run task
[2021-08-08 11:01:02,396] {standard_task_runner.py:76} INFO - Running: ['***', 'tasks', 'run', 'standardized_pipeline', 'create_standardized_table_orders', '2021-08-08T10:00:00+00:00', '--job-id', '101', '--pool', 'default_pool', '--raw', '--subdir', 'DAGS_FOLDER/standardized_pipeline.py', '--cfg-path', '/tmp/tmpkxdnz9ft', '--error-file', '/tmp/tmpqmmxe6o7']
[2021-08-08 11:01:02,402] {standard_task_runner.py:77} INFO - Job 101: Subtask create_standardized_table_orders
[2021-08-08 11:01:02,527] {logging_mixin.py:104} INFO - Running <TaskInstance: standardized_pipeline.create_standardized_table_orders 2021-08-08T10:00:00+00:00 [running]> on host 99eefc5c6cd8
[2021-08-08 11:01:02,653] {taskinstance.py:1302} INFO - Exporting the following env vars:
AIRFLOW_CTX_DAG_OWNER=***
AIRFLOW_CTX_DAG_ID=standardized_pipeline
AIRFLOW_CTX_TASK_ID=create_standardized_table_orders
AIRFLOW_CTX_EXECUTION_DATE=2021-08-08T10:00:00+00:00
AIRFLOW_CTX_DAG_RUN_ID=scheduled__2021-08-08T10:00:00+00:00
[2021-08-08 11:01:02,655] {mysql.py:70} INFO - Executing: CREATE TABLE IF NOT EXISTS standardized.orders (INGESTION_TIMESTAMP TIMESTAMP NOT NULL DEFAULT CURRENT_TIMESTAMP) AS
WITH timeframed_data AS (
	SELECT
        DISTINCT
        CAST(O_ORDERKEY AS SIGNED) AS ORDER_KEY,
        CAST(O_CUSTKEY AS SIGNED) AS CUSTOMER_KEY,
        O_ORDERSTATUS AS ORDER_STATUS_TYPE,
        CAST(O_TOTALPRICE AS SIGNED) AS ORDER_TOTAL_PRICE,
        CAST(O_ORDERDATE AS DATE) AS ORDER_DATE,
        O_ORDERPRIORITY AS ORDER_PRIORITY_TYPE,
        O_CLERK AS ORDER_CLERK,
        O_SHIPPRIORITY AS ORDER_SHIPPRIORITY,
        O_COMMENT AS ORDER_COMMENT,
        NOW() AS INGESTION_TIMESTAMP
    FROM
        datalake.ORDERS o
    WHERE 
        o.INGESTION_TIMESTAMP >= DATE_SUB(NOW(), INTERVAL 1 HOUR)
)

SELECT 
	* 
FROM 
	timeframed_data
LIMIT 0
[2021-08-08 11:01:02,672] {base.py:78} INFO - Using connection to: id: dwh_id. Host: dwh, Port: 3306, Schema: , Login: root, Password: ***, extra: {}
[2021-08-08 11:01:02,695] {dbapi.py:204} INFO - Running statement: CREATE TABLE IF NOT EXISTS standardized.orders (INGESTION_TIMESTAMP TIMESTAMP NOT NULL DEFAULT CURRENT_TIMESTAMP) AS
WITH timeframed_data AS (
	SELECT
        DISTINCT
        CAST(O_ORDERKEY AS SIGNED) AS ORDER_KEY,
        CAST(O_CUSTKEY AS SIGNED) AS CUSTOMER_KEY,
        O_ORDERSTATUS AS ORDER_STATUS_TYPE,
        CAST(O_TOTALPRICE AS SIGNED) AS ORDER_TOTAL_PRICE,
        CAST(O_ORDERDATE AS DATE) AS ORDER_DATE,
        O_ORDERPRIORITY AS ORDER_PRIORITY_TYPE,
        O_CLERK AS ORDER_CLERK,
        O_SHIPPRIORITY AS ORDER_SHIPPRIORITY,
        O_COMMENT AS ORDER_COMMENT,
        NOW() AS INGESTION_TIMESTAMP
    FROM
        datalake.ORDERS o
    WHERE 
        o.INGESTION_TIMESTAMP >= DATE_SUB(NOW(), INTERVAL 1 HOUR)
)

SELECT 
	* 
FROM 
	timeframed_data
LIMIT 0, parameters: None
[2021-08-08 11:01:02,697] {dbapi.py:212} INFO - Rows affected: 0
[2021-08-08 11:01:02,720] {taskinstance.py:1211} INFO - Marking task as SUCCESS. dag_id=standardized_pipeline, task_id=create_standardized_table_orders, execution_date=20210808T100000, start_date=20210808T110102, end_date=20210808T110102
[2021-08-08 11:01:02,841] {taskinstance.py:1265} INFO - 1 downstream tasks scheduled from follow-on schedule check
[2021-08-08 11:01:02,901] {local_task_job.py:149} INFO - Task exited with return code 0
[2021-08-08 11:04:33,870] {taskinstance.py:896} INFO - Dependencies all met for <TaskInstance: standardized_pipeline.create_standardized_table_orders 2021-08-08T10:00:00+00:00 [queued]>
[2021-08-08 11:04:33,907] {taskinstance.py:896} INFO - Dependencies all met for <TaskInstance: standardized_pipeline.create_standardized_table_orders 2021-08-08T10:00:00+00:00 [queued]>
[2021-08-08 11:04:33,908] {taskinstance.py:1087} INFO - 
--------------------------------------------------------------------------------
[2021-08-08 11:04:33,909] {taskinstance.py:1088} INFO - Starting attempt 1 of 11
[2021-08-08 11:04:33,910] {taskinstance.py:1089} INFO - 
--------------------------------------------------------------------------------
[2021-08-08 11:04:33,927] {taskinstance.py:1107} INFO - Executing <Task(MySqlOperator): create_standardized_table_orders> on 2021-08-08T10:00:00+00:00
[2021-08-08 11:04:33,941] {standard_task_runner.py:76} INFO - Running: ['***', 'tasks', 'run', 'standardized_pipeline', 'create_standardized_table_orders', '2021-08-08T10:00:00+00:00', '--job-id', '7', '--pool', 'default_pool', '--raw', '--subdir', 'DAGS_FOLDER/standardized_pipeline.py', '--cfg-path', '/tmp/tmpft8md81v', '--error-file', '/tmp/tmpmrp6eqj7']
[2021-08-08 11:04:33,943] {standard_task_runner.py:77} INFO - Job 7: Subtask create_standardized_table_orders
[2021-08-08 11:04:33,934] {standard_task_runner.py:52} INFO - Started process 260 to run task
[2021-08-08 11:04:34,016] {logging_mixin.py:104} INFO - Running <TaskInstance: standardized_pipeline.create_standardized_table_orders 2021-08-08T10:00:00+00:00 [running]> on host ce886ce1d63a
[2021-08-08 11:04:34,107] {taskinstance.py:1302} INFO - Exporting the following env vars:
AIRFLOW_CTX_DAG_OWNER=***
AIRFLOW_CTX_DAG_ID=standardized_pipeline
AIRFLOW_CTX_TASK_ID=create_standardized_table_orders
AIRFLOW_CTX_EXECUTION_DATE=2021-08-08T10:00:00+00:00
AIRFLOW_CTX_DAG_RUN_ID=scheduled__2021-08-08T10:00:00+00:00
[2021-08-08 11:04:34,109] {mysql.py:70} INFO - Executing: CREATE TABLE IF NOT EXISTS standardized.orders (INGESTION_TIMESTAMP TIMESTAMP NOT NULL DEFAULT CURRENT_TIMESTAMP) AS
WITH timeframed_data AS (
	SELECT
        DISTINCT
        CAST(O_ORDERKEY AS SIGNED) AS ORDER_KEY,
        CAST(O_CUSTKEY AS SIGNED) AS CUSTOMER_KEY,
        O_ORDERSTATUS AS ORDER_STATUS_TYPE,
        CAST(O_TOTALPRICE AS SIGNED) AS ORDER_TOTAL_PRICE,
        CAST(O_ORDERDATE AS DATE) AS ORDER_DATE,
        O_ORDERPRIORITY AS ORDER_PRIORITY_TYPE,
        O_CLERK AS ORDER_CLERK,
        O_SHIPPRIORITY AS ORDER_SHIPPRIORITY,
        O_COMMENT AS ORDER_COMMENT,
        NOW() AS INGESTION_TIMESTAMP
    FROM
        datalake.ORDERS o
    WHERE 
        o.INGESTION_TIMESTAMP >= DATE_SUB(NOW(), INTERVAL 1 HOUR)
)

SELECT 
	* 
FROM 
	timeframed_data
LIMIT 0
[2021-08-08 11:04:34,125] {base.py:78} INFO - Using connection to: id: dwh_id. Host: dwh, Port: 3306, Schema: , Login: root, Password: ***, extra: {}
[2021-08-08 11:04:34,140] {dbapi.py:204} INFO - Running statement: CREATE TABLE IF NOT EXISTS standardized.orders (INGESTION_TIMESTAMP TIMESTAMP NOT NULL DEFAULT CURRENT_TIMESTAMP) AS
WITH timeframed_data AS (
	SELECT
        DISTINCT
        CAST(O_ORDERKEY AS SIGNED) AS ORDER_KEY,
        CAST(O_CUSTKEY AS SIGNED) AS CUSTOMER_KEY,
        O_ORDERSTATUS AS ORDER_STATUS_TYPE,
        CAST(O_TOTALPRICE AS SIGNED) AS ORDER_TOTAL_PRICE,
        CAST(O_ORDERDATE AS DATE) AS ORDER_DATE,
        O_ORDERPRIORITY AS ORDER_PRIORITY_TYPE,
        O_CLERK AS ORDER_CLERK,
        O_SHIPPRIORITY AS ORDER_SHIPPRIORITY,
        O_COMMENT AS ORDER_COMMENT,
        NOW() AS INGESTION_TIMESTAMP
    FROM
        datalake.ORDERS o
    WHERE 
        o.INGESTION_TIMESTAMP >= DATE_SUB(NOW(), INTERVAL 1 HOUR)
)

SELECT 
	* 
FROM 
	timeframed_data
LIMIT 0, parameters: None
[2021-08-08 11:04:34,175] {dbapi.py:212} INFO - Rows affected: 0
[2021-08-08 11:04:34,190] {taskinstance.py:1211} INFO - Marking task as SUCCESS. dag_id=standardized_pipeline, task_id=create_standardized_table_orders, execution_date=20210808T100000, start_date=20210808T110433, end_date=20210808T110434
[2021-08-08 11:04:34,231] {taskinstance.py:1265} INFO - 1 downstream tasks scheduled from follow-on schedule check
[2021-08-08 11:04:34,249] {local_task_job.py:149} INFO - Task exited with return code 0
[2021-08-08 11:55:53,484] {taskinstance.py:896} INFO - Dependencies all met for <TaskInstance: standardized_pipeline.create_standardized_table_orders 2021-08-08T10:00:00+00:00 [queued]>
[2021-08-08 11:55:53,520] {taskinstance.py:896} INFO - Dependencies all met for <TaskInstance: standardized_pipeline.create_standardized_table_orders 2021-08-08T10:00:00+00:00 [queued]>
[2021-08-08 11:55:53,527] {taskinstance.py:1087} INFO - 
--------------------------------------------------------------------------------
[2021-08-08 11:55:53,534] {taskinstance.py:1088} INFO - Starting attempt 1 of 11
[2021-08-08 11:55:53,535] {taskinstance.py:1089} INFO - 
--------------------------------------------------------------------------------
[2021-08-08 11:55:53,564] {taskinstance.py:1107} INFO - Executing <Task(MySqlOperator): create_standardized_table_orders> on 2021-08-08T10:00:00+00:00
[2021-08-08 11:55:53,572] {standard_task_runner.py:52} INFO - Started process 317 to run task
[2021-08-08 11:55:53,580] {standard_task_runner.py:76} INFO - Running: ['***', 'tasks', 'run', 'standardized_pipeline', 'create_standardized_table_orders', '2021-08-08T10:00:00+00:00', '--job-id', '12', '--pool', 'default_pool', '--raw', '--subdir', 'DAGS_FOLDER/standardized_pipeline.py', '--cfg-path', '/tmp/tmp8o7um64p', '--error-file', '/tmp/tmp92bkiake']
[2021-08-08 11:55:53,582] {standard_task_runner.py:77} INFO - Job 12: Subtask create_standardized_table_orders
[2021-08-08 11:55:53,669] {logging_mixin.py:104} INFO - Running <TaskInstance: standardized_pipeline.create_standardized_table_orders 2021-08-08T10:00:00+00:00 [running]> on host 7f57f947ae95
[2021-08-08 11:55:53,767] {taskinstance.py:1302} INFO - Exporting the following env vars:
AIRFLOW_CTX_DAG_OWNER=***
AIRFLOW_CTX_DAG_ID=standardized_pipeline
AIRFLOW_CTX_TASK_ID=create_standardized_table_orders
AIRFLOW_CTX_EXECUTION_DATE=2021-08-08T10:00:00+00:00
AIRFLOW_CTX_DAG_RUN_ID=scheduled__2021-08-08T10:00:00+00:00
[2021-08-08 11:55:53,770] {mysql.py:70} INFO - Executing: CREATE TABLE IF NOT EXISTS standardized.orders (INGESTION_TIMESTAMP TIMESTAMP NOT NULL DEFAULT CURRENT_TIMESTAMP) AS
WITH timeframed_data AS (
	SELECT
        DISTINCT
        CAST(O_ORDERKEY AS SIGNED) AS ORDER_KEY,
        CAST(O_CUSTKEY AS SIGNED) AS CUSTOMER_KEY,
        O_ORDERSTATUS AS ORDER_STATUS_TYPE,
        CAST(O_TOTALPRICE AS SIGNED) AS ORDER_TOTAL_PRICE,
        CAST(O_ORDERDATE AS DATE) AS ORDER_DATE,
        O_ORDERPRIORITY AS ORDER_PRIORITY_TYPE,
        O_CLERK AS ORDER_CLERK,
        O_SHIPPRIORITY AS ORDER_SHIPPRIORITY,
        O_COMMENT AS ORDER_COMMENT,
        NOW() AS INGESTION_TIMESTAMP
    FROM
        datalake.ORDERS o
    WHERE 
        o.INGESTION_TIMESTAMP >= DATE_SUB(NOW(), INTERVAL 1 HOUR)
)

SELECT 
	* 
FROM 
	timeframed_data
LIMIT 0
[2021-08-08 11:55:53,785] {base.py:78} INFO - Using connection to: id: dwh_id. Host: dwh, Port: 3306, Schema: , Login: root, Password: ***, extra: {}
[2021-08-08 11:55:53,798] {dbapi.py:204} INFO - Running statement: CREATE TABLE IF NOT EXISTS standardized.orders (INGESTION_TIMESTAMP TIMESTAMP NOT NULL DEFAULT CURRENT_TIMESTAMP) AS
WITH timeframed_data AS (
	SELECT
        DISTINCT
        CAST(O_ORDERKEY AS SIGNED) AS ORDER_KEY,
        CAST(O_CUSTKEY AS SIGNED) AS CUSTOMER_KEY,
        O_ORDERSTATUS AS ORDER_STATUS_TYPE,
        CAST(O_TOTALPRICE AS SIGNED) AS ORDER_TOTAL_PRICE,
        CAST(O_ORDERDATE AS DATE) AS ORDER_DATE,
        O_ORDERPRIORITY AS ORDER_PRIORITY_TYPE,
        O_CLERK AS ORDER_CLERK,
        O_SHIPPRIORITY AS ORDER_SHIPPRIORITY,
        O_COMMENT AS ORDER_COMMENT,
        NOW() AS INGESTION_TIMESTAMP
    FROM
        datalake.ORDERS o
    WHERE 
        o.INGESTION_TIMESTAMP >= DATE_SUB(NOW(), INTERVAL 1 HOUR)
)

SELECT 
	* 
FROM 
	timeframed_data
LIMIT 0, parameters: None
[2021-08-08 11:55:53,825] {dbapi.py:212} INFO - Rows affected: 0
[2021-08-08 11:55:53,843] {taskinstance.py:1211} INFO - Marking task as SUCCESS. dag_id=standardized_pipeline, task_id=create_standardized_table_orders, execution_date=20210808T100000, start_date=20210808T115553, end_date=20210808T115553
[2021-08-08 11:55:53,893] {taskinstance.py:1265} INFO - 1 downstream tasks scheduled from follow-on schedule check
[2021-08-08 11:55:53,928] {local_task_job.py:149} INFO - Task exited with return code 0
