[2021-08-08 09:01:03,272] {taskinstance.py:896} INFO - Dependencies all met for <TaskInstance: standardized_pipeline.standardized_nations 2021-08-08T08:00:00+00:00 [queued]>
[2021-08-08 09:01:03,316] {taskinstance.py:896} INFO - Dependencies all met for <TaskInstance: standardized_pipeline.standardized_nations 2021-08-08T08:00:00+00:00 [queued]>
[2021-08-08 09:01:03,317] {taskinstance.py:1087} INFO - 
--------------------------------------------------------------------------------
[2021-08-08 09:01:03,319] {taskinstance.py:1088} INFO - Starting attempt 1 of 11
[2021-08-08 09:01:03,320] {taskinstance.py:1089} INFO - 
--------------------------------------------------------------------------------
[2021-08-08 09:01:03,335] {taskinstance.py:1107} INFO - Executing <Task(MySqlOperator): standardized_nations> on 2021-08-08T08:00:00+00:00
[2021-08-08 09:01:03,340] {standard_task_runner.py:52} INFO - Started process 1227 to run task
[2021-08-08 09:01:03,347] {standard_task_runner.py:76} INFO - Running: ['***', 'tasks', 'run', 'standardized_pipeline', 'standardized_nations', '2021-08-08T08:00:00+00:00', '--job-id', '48', '--pool', 'default_pool', '--raw', '--subdir', 'DAGS_FOLDER/standardized_pipeline.py', '--cfg-path', '/tmp/tmpvz1xdnzf', '--error-file', '/tmp/tmpg5bn4s7p']
[2021-08-08 09:01:03,359] {standard_task_runner.py:77} INFO - Job 48: Subtask standardized_nations
[2021-08-08 09:01:03,460] {logging_mixin.py:104} INFO - Running <TaskInstance: standardized_pipeline.standardized_nations 2021-08-08T08:00:00+00:00 [running]> on host 99eefc5c6cd8
[2021-08-08 09:01:03,569] {taskinstance.py:1302} INFO - Exporting the following env vars:
AIRFLOW_CTX_DAG_OWNER=***
AIRFLOW_CTX_DAG_ID=standardized_pipeline
AIRFLOW_CTX_TASK_ID=standardized_nations
AIRFLOW_CTX_EXECUTION_DATE=2021-08-08T08:00:00+00:00
AIRFLOW_CTX_DAG_RUN_ID=scheduled__2021-08-08T08:00:00+00:00
[2021-08-08 09:01:03,570] {mysql.py:70} INFO - Executing: INSERT INTO standardized.nations
WITH timeframed_data AS (
	SELECT
		DISTINCT 
		CAST(N_NATIONKEY AS SIGNED) AS NATION_KEY,
		N_NAME AS NATION_NAME,
		CAST(N_REGIONKEY AS SIGNED) AS REGION_KEY,
		N_COMMENT AS NATION_COMMENT,
		NOW() AS INGESTION_TIMESTAMP
	FROM
		datalake.NATION n
	WHERE 
		n.INGESTION_TIMESTAMP >= DATE_SUB(NOW(), INTERVAL 1 HOUR)
)

SELECT 
	* 
FROM 
	timeframed_data
[2021-08-08 09:01:03,584] {base.py:78} INFO - Using connection to: id: dwh_id. Host: dwh, Port: 3306, Schema: , Login: root, Password: ***, extra: {}
[2021-08-08 09:01:03,619] {dbapi.py:204} INFO - Running statement: INSERT INTO standardized.nations
WITH timeframed_data AS (
	SELECT
		DISTINCT 
		CAST(N_NATIONKEY AS SIGNED) AS NATION_KEY,
		N_NAME AS NATION_NAME,
		CAST(N_REGIONKEY AS SIGNED) AS REGION_KEY,
		N_COMMENT AS NATION_COMMENT,
		NOW() AS INGESTION_TIMESTAMP
	FROM
		datalake.NATION n
	WHERE 
		n.INGESTION_TIMESTAMP >= DATE_SUB(NOW(), INTERVAL 1 HOUR)
)

SELECT 
	* 
FROM 
	timeframed_data, parameters: None
[2021-08-08 09:01:03,629] {dbapi.py:212} INFO - Rows affected: 25
[2021-08-08 09:01:03,648] {taskinstance.py:1211} INFO - Marking task as SUCCESS. dag_id=standardized_pipeline, task_id=standardized_nations, execution_date=20210808T080000, start_date=20210808T090103, end_date=20210808T090103
[2021-08-08 09:01:03,681] {taskinstance.py:1265} INFO - 0 downstream tasks scheduled from follow-on schedule check
[2021-08-08 09:01:03,694] {local_task_job.py:149} INFO - Task exited with return code 0
