[2021-08-08 03:07:03,446] {taskinstance.py:896} INFO - Dependencies all met for <TaskInstance: to_datalake_pipeline.extract_from_git 2021-08-08T03:00:00+00:00 [queued]>
[2021-08-08 03:07:03,460] {taskinstance.py:896} INFO - Dependencies all met for <TaskInstance: to_datalake_pipeline.extract_from_git 2021-08-08T03:00:00+00:00 [queued]>
[2021-08-08 03:07:03,462] {taskinstance.py:1087} INFO - 
--------------------------------------------------------------------------------
[2021-08-08 03:07:03,462] {taskinstance.py:1088} INFO - Starting attempt 1 of 1
[2021-08-08 03:07:03,463] {taskinstance.py:1089} INFO - 
--------------------------------------------------------------------------------
[2021-08-08 03:07:03,479] {taskinstance.py:1107} INFO - Executing <Task(PythonOperator): extract_from_git> on 2021-08-08T03:00:00+00:00
[2021-08-08 03:07:03,485] {standard_task_runner.py:52} INFO - Started process 2774 to run task
[2021-08-08 03:07:03,491] {standard_task_runner.py:76} INFO - Running: ['***', 'tasks', 'run', 'to_datalake_pipeline', 'extract_from_git', '2021-08-08T03:00:00+00:00', '--job-id', '104', '--pool', 'default_pool', '--raw', '--subdir', 'DAGS_FOLDER/to_datalake_pipeline.py', '--cfg-path', '/tmp/tmp2cxr8owl', '--error-file', '/tmp/tmplm7b5qnm']
[2021-08-08 03:07:03,492] {standard_task_runner.py:77} INFO - Job 104: Subtask extract_from_git
[2021-08-08 03:07:03,554] {logging_mixin.py:104} INFO - Running <TaskInstance: to_datalake_pipeline.extract_from_git 2021-08-08T03:00:00+00:00 [running]> on host 3c97923eccf9
[2021-08-08 03:07:03,617] {taskinstance.py:1302} INFO - Exporting the following env vars:
AIRFLOW_CTX_DAG_OWNER=***
AIRFLOW_CTX_DAG_ID=to_datalake_pipeline
AIRFLOW_CTX_TASK_ID=extract_from_git
AIRFLOW_CTX_EXECUTION_DATE=2021-08-08T03:00:00+00:00
AIRFLOW_CTX_DAG_RUN_ID=scheduled__2021-08-08T03:00:00+00:00
[2021-08-08 03:07:03,619] {logging_mixin.py:104} INFO - Downloading data from -> https://raw.githubusercontent.com/rezaprimasatya/DTO-DE-JUN-MID/main/data.zip
[2021-08-08 03:07:09,547] {logging_mixin.py:104} INFO - Unzipping Data
[2021-08-08 03:07:09,657] {logging_mixin.py:104} INFO - Transform Data to Pandas Dataframe
[2021-08-08 03:07:10,013] {logging_mixin.py:104} INFO - Load data to datalake
[2021-08-08 03:07:10,067] {logging_mixin.py:104} INFO - Load table : REGION
[2021-08-08 03:07:10,111] {logging_mixin.py:104} INFO - Load table : NATION
[2021-08-08 03:07:10,131] {logging_mixin.py:104} INFO - Load table : PART
[2021-08-08 03:07:10,264] {logging_mixin.py:104} INFO - Load table : SUPPLIER
[2021-08-08 03:07:10,289] {logging_mixin.py:104} INFO - Load table : PARTSUPP
[2021-08-08 03:07:10,864] {logging_mixin.py:104} INFO - Load table : CUSTOMER
[2021-08-08 03:07:10,972] {logging_mixin.py:104} INFO - Load table : ORDERS
[2021-08-08 03:07:11,885] {logging_mixin.py:104} INFO - Load table : LINEITEM
[2021-08-08 03:07:17,548] {python.py:151} INFO - Done. Returned value was: None
[2021-08-08 03:07:17,571] {taskinstance.py:1211} INFO - Marking task as SUCCESS. dag_id=to_datalake_pipeline, task_id=extract_from_git, execution_date=20210808T030000, start_date=20210808T030703, end_date=20210808T030717
[2021-08-08 03:07:17,611] {taskinstance.py:1265} INFO - 1 downstream tasks scheduled from follow-on schedule check
[2021-08-08 03:07:17,681] {local_task_job.py:149} INFO - Task exited with return code 0
