[2021-08-08 08:05:29,356] {taskinstance.py:896} INFO - Dependencies all met for <TaskInstance: presentation_pipeline.presentation_dim_dates 2021-08-08T07:00:00+00:00 [queued]>
[2021-08-08 08:05:29,379] {taskinstance.py:896} INFO - Dependencies all met for <TaskInstance: presentation_pipeline.presentation_dim_dates 2021-08-08T07:00:00+00:00 [queued]>
[2021-08-08 08:05:29,379] {taskinstance.py:1087} INFO - 
--------------------------------------------------------------------------------
[2021-08-08 08:05:29,380] {taskinstance.py:1088} INFO - Starting attempt 1 of 1
[2021-08-08 08:05:29,381] {taskinstance.py:1089} INFO - 
--------------------------------------------------------------------------------
[2021-08-08 08:05:29,397] {taskinstance.py:1107} INFO - Executing <Task(MySqlOperator): presentation_dim_dates> on 2021-08-08T07:00:00+00:00
[2021-08-08 08:05:29,402] {standard_task_runner.py:52} INFO - Started process 1174 to run task
[2021-08-08 08:05:29,406] {standard_task_runner.py:76} INFO - Running: ['***', 'tasks', 'run', 'presentation_pipeline', 'presentation_dim_dates', '2021-08-08T07:00:00+00:00', '--job-id', '36', '--pool', 'default_pool', '--raw', '--subdir', 'DAGS_FOLDER/presentation_pipeline.py', '--cfg-path', '/tmp/tmpzqp8oeg_', '--error-file', '/tmp/tmpfibh8vp8']
[2021-08-08 08:05:29,408] {standard_task_runner.py:77} INFO - Job 36: Subtask presentation_dim_dates
[2021-08-08 08:05:29,463] {logging_mixin.py:104} INFO - Running <TaskInstance: presentation_pipeline.presentation_dim_dates 2021-08-08T07:00:00+00:00 [running]> on host e453c42896df
[2021-08-08 08:05:29,529] {taskinstance.py:1302} INFO - Exporting the following env vars:
AIRFLOW_CTX_DAG_OWNER=***
AIRFLOW_CTX_DAG_ID=presentation_pipeline
AIRFLOW_CTX_TASK_ID=presentation_dim_dates
AIRFLOW_CTX_EXECUTION_DATE=2021-08-08T07:00:00+00:00
AIRFLOW_CTX_DAG_RUN_ID=scheduled__2021-08-08T07:00:00+00:00
[2021-08-08 08:05:29,531] {mysql.py:70} INFO - Executing: INSERT IGNORE INTO presentation.dates
WITH order_dates AS (
	SELECT 
		ORDER_DATE as date
	FROM 
		standardized.orders
	WHERE 
		INGESTION_TIMESTAMP >= DATE_SUB(NOW(), INTERVAL 1 HOUR)
	GROUP BY 
		ORDER_DATE 
),

shipdate AS (
	SELECT 
		LINE_ITEM_SHIP_DATE as date
	FROM
		standardized.line_items
	WHERE 
		INGESTION_TIMESTAMP >= DATE_SUB(NOW(), INTERVAL 1 HOUR)
	GROUP BY 
		LINE_ITEM_SHIP_DATE 
),

commitdate AS (
	SELECT 
		LINE_ITEM_COMMIT_DATE as date
	FROM
		standardized.line_items
	WHERE 
		INGESTION_TIMESTAMP >= DATE_SUB(NOW(), INTERVAL 1 HOUR)
	GROUP BY 
		LINE_ITEM_COMMIT_DATE 
),

receiptdate AS (
	SELECT 
		LINE_ITEM_RECEIPT_DATE as date
	FROM
		standardized.line_items
	WHERE 
		INGESTION_TIMESTAMP >= DATE_SUB(NOW(), INTERVAL 1 HOUR)
	GROUP BY 
		LINE_ITEM_RECEIPT_DATE 
),

uniondate AS (
	SELECT * FROM order_dates
	UNION
	SELECT * FROM shipdate
	UNION
	SELECT * FROM commitdate
	UNION
	SELECT * FROM receiptdate
)

SELECT
	NULL as DATE_KEY,
	EXTRACT(DAY FROM `date`) AS DAY,
	EXTRACT(WEEK FROM `date`) AS WEEK,
	EXTRACT(MONTH FROM `date`) AS MONTH,
	EXTRACT(QUARTER FROM `date`) AS QUARTER,
	EXTRACT(YEAR FROM `date`) AS YEAR,
	NOW() AS INGESTION_TIMESTAMP
FROM 
	uniondate
[2021-08-08 08:05:29,542] {base.py:78} INFO - Using connection to: id: dwh_id. Host: dwh, Port: 3306, Schema: , Login: root, Password: ***, extra: {}
[2021-08-08 08:05:29,551] {dbapi.py:204} INFO - Running statement: INSERT IGNORE INTO presentation.dates
WITH order_dates AS (
	SELECT 
		ORDER_DATE as date
	FROM 
		standardized.orders
	WHERE 
		INGESTION_TIMESTAMP >= DATE_SUB(NOW(), INTERVAL 1 HOUR)
	GROUP BY 
		ORDER_DATE 
),

shipdate AS (
	SELECT 
		LINE_ITEM_SHIP_DATE as date
	FROM
		standardized.line_items
	WHERE 
		INGESTION_TIMESTAMP >= DATE_SUB(NOW(), INTERVAL 1 HOUR)
	GROUP BY 
		LINE_ITEM_SHIP_DATE 
),

commitdate AS (
	SELECT 
		LINE_ITEM_COMMIT_DATE as date
	FROM
		standardized.line_items
	WHERE 
		INGESTION_TIMESTAMP >= DATE_SUB(NOW(), INTERVAL 1 HOUR)
	GROUP BY 
		LINE_ITEM_COMMIT_DATE 
),

receiptdate AS (
	SELECT 
		LINE_ITEM_RECEIPT_DATE as date
	FROM
		standardized.line_items
	WHERE 
		INGESTION_TIMESTAMP >= DATE_SUB(NOW(), INTERVAL 1 HOUR)
	GROUP BY 
		LINE_ITEM_RECEIPT_DATE 
),

uniondate AS (
	SELECT * FROM order_dates
	UNION
	SELECT * FROM shipdate
	UNION
	SELECT * FROM commitdate
	UNION
	SELECT * FROM receiptdate
)

SELECT
	NULL as DATE_KEY,
	EXTRACT(DAY FROM `date`) AS DAY,
	EXTRACT(WEEK FROM `date`) AS WEEK,
	EXTRACT(MONTH FROM `date`) AS MONTH,
	EXTRACT(QUARTER FROM `date`) AS QUARTER,
	EXTRACT(YEAR FROM `date`) AS YEAR,
	NOW() AS INGESTION_TIMESTAMP
FROM 
	uniondate, parameters: None
[2021-08-08 08:05:29,930] {dbapi.py:212} INFO - Rows affected: 2544
[2021-08-08 08:05:29,944] {taskinstance.py:1211} INFO - Marking task as SUCCESS. dag_id=presentation_pipeline, task_id=presentation_dim_dates, execution_date=20210808T070000, start_date=20210808T080529, end_date=20210808T080529
[2021-08-08 08:05:29,967] {taskinstance.py:1265} INFO - 0 downstream tasks scheduled from follow-on schedule check
[2021-08-08 08:05:29,990] {local_task_job.py:149} INFO - Task exited with return code 0
[2021-08-08 08:21:22,942] {taskinstance.py:896} INFO - Dependencies all met for <TaskInstance: presentation_pipeline.presentation_dim_dates 2021-08-08T07:00:00+00:00 [queued]>
[2021-08-08 08:21:22,961] {taskinstance.py:896} INFO - Dependencies all met for <TaskInstance: presentation_pipeline.presentation_dim_dates 2021-08-08T07:00:00+00:00 [queued]>
[2021-08-08 08:21:22,961] {taskinstance.py:1087} INFO - 
--------------------------------------------------------------------------------
[2021-08-08 08:21:22,962] {taskinstance.py:1088} INFO - Starting attempt 1 of 1
[2021-08-08 08:21:22,963] {taskinstance.py:1089} INFO - 
--------------------------------------------------------------------------------
[2021-08-08 08:21:22,974] {taskinstance.py:1107} INFO - Executing <Task(MySqlOperator): presentation_dim_dates> on 2021-08-08T07:00:00+00:00
[2021-08-08 08:21:22,978] {standard_task_runner.py:52} INFO - Started process 496 to run task
[2021-08-08 08:21:22,982] {standard_task_runner.py:76} INFO - Running: ['***', 'tasks', 'run', 'presentation_pipeline', 'presentation_dim_dates', '2021-08-08T07:00:00+00:00', '--job-id', '36', '--pool', 'default_pool', '--raw', '--subdir', 'DAGS_FOLDER/presentation_pipeline.py', '--cfg-path', '/tmp/tmpk9_y0f__', '--error-file', '/tmp/tmpsastehhw']
[2021-08-08 08:21:22,984] {standard_task_runner.py:77} INFO - Job 36: Subtask presentation_dim_dates
[2021-08-08 08:21:23,036] {logging_mixin.py:104} INFO - Running <TaskInstance: presentation_pipeline.presentation_dim_dates 2021-08-08T07:00:00+00:00 [running]> on host 99d60a4279b8
[2021-08-08 08:21:23,094] {taskinstance.py:1302} INFO - Exporting the following env vars:
AIRFLOW_CTX_DAG_OWNER=***
AIRFLOW_CTX_DAG_ID=presentation_pipeline
AIRFLOW_CTX_TASK_ID=presentation_dim_dates
AIRFLOW_CTX_EXECUTION_DATE=2021-08-08T07:00:00+00:00
AIRFLOW_CTX_DAG_RUN_ID=scheduled__2021-08-08T07:00:00+00:00
[2021-08-08 08:21:23,095] {mysql.py:70} INFO - Executing: INSERT IGNORE INTO presentation.dates
WITH order_dates AS (
	SELECT 
		ORDER_DATE as date
	FROM 
		standardized.orders
	WHERE 
		INGESTION_TIMESTAMP >= DATE_SUB(NOW(), INTERVAL 1 HOUR)
	GROUP BY 
		ORDER_DATE 
),

shipdate AS (
	SELECT 
		LINE_ITEM_SHIP_DATE as date
	FROM
		standardized.line_items
	WHERE 
		INGESTION_TIMESTAMP >= DATE_SUB(NOW(), INTERVAL 1 HOUR)
	GROUP BY 
		LINE_ITEM_SHIP_DATE 
),

commitdate AS (
	SELECT 
		LINE_ITEM_COMMIT_DATE as date
	FROM
		standardized.line_items
	WHERE 
		INGESTION_TIMESTAMP >= DATE_SUB(NOW(), INTERVAL 1 HOUR)
	GROUP BY 
		LINE_ITEM_COMMIT_DATE 
),

receiptdate AS (
	SELECT 
		LINE_ITEM_RECEIPT_DATE as date
	FROM
		standardized.line_items
	WHERE 
		INGESTION_TIMESTAMP >= DATE_SUB(NOW(), INTERVAL 1 HOUR)
	GROUP BY 
		LINE_ITEM_RECEIPT_DATE 
),

uniondate AS (
	SELECT * FROM order_dates
	UNION
	SELECT * FROM shipdate
	UNION
	SELECT * FROM commitdate
	UNION
	SELECT * FROM receiptdate
)

SELECT
	NULL as DATE_KEY,
	EXTRACT(DAY FROM `date`) AS DAY,
	EXTRACT(WEEK FROM `date`) AS WEEK,
	EXTRACT(MONTH FROM `date`) AS MONTH,
	EXTRACT(QUARTER FROM `date`) AS QUARTER,
	EXTRACT(YEAR FROM `date`) AS YEAR,
	NOW() AS INGESTION_TIMESTAMP
FROM 
	uniondate
[2021-08-08 08:21:23,108] {base.py:78} INFO - Using connection to: id: dwh_id. Host: dwh, Port: 3306, Schema: , Login: root, Password: ***, extra: {}
[2021-08-08 08:21:23,121] {dbapi.py:204} INFO - Running statement: INSERT IGNORE INTO presentation.dates
WITH order_dates AS (
	SELECT 
		ORDER_DATE as date
	FROM 
		standardized.orders
	WHERE 
		INGESTION_TIMESTAMP >= DATE_SUB(NOW(), INTERVAL 1 HOUR)
	GROUP BY 
		ORDER_DATE 
),

shipdate AS (
	SELECT 
		LINE_ITEM_SHIP_DATE as date
	FROM
		standardized.line_items
	WHERE 
		INGESTION_TIMESTAMP >= DATE_SUB(NOW(), INTERVAL 1 HOUR)
	GROUP BY 
		LINE_ITEM_SHIP_DATE 
),

commitdate AS (
	SELECT 
		LINE_ITEM_COMMIT_DATE as date
	FROM
		standardized.line_items
	WHERE 
		INGESTION_TIMESTAMP >= DATE_SUB(NOW(), INTERVAL 1 HOUR)
	GROUP BY 
		LINE_ITEM_COMMIT_DATE 
),

receiptdate AS (
	SELECT 
		LINE_ITEM_RECEIPT_DATE as date
	FROM
		standardized.line_items
	WHERE 
		INGESTION_TIMESTAMP >= DATE_SUB(NOW(), INTERVAL 1 HOUR)
	GROUP BY 
		LINE_ITEM_RECEIPT_DATE 
),

uniondate AS (
	SELECT * FROM order_dates
	UNION
	SELECT * FROM shipdate
	UNION
	SELECT * FROM commitdate
	UNION
	SELECT * FROM receiptdate
)

SELECT
	NULL as DATE_KEY,
	EXTRACT(DAY FROM `date`) AS DAY,
	EXTRACT(WEEK FROM `date`) AS WEEK,
	EXTRACT(MONTH FROM `date`) AS MONTH,
	EXTRACT(QUARTER FROM `date`) AS QUARTER,
	EXTRACT(YEAR FROM `date`) AS YEAR,
	NOW() AS INGESTION_TIMESTAMP
FROM 
	uniondate, parameters: None
[2021-08-08 08:21:23,531] {dbapi.py:212} INFO - Rows affected: 2544
[2021-08-08 08:21:23,546] {taskinstance.py:1211} INFO - Marking task as SUCCESS. dag_id=presentation_pipeline, task_id=presentation_dim_dates, execution_date=20210808T070000, start_date=20210808T082122, end_date=20210808T082123
[2021-08-08 08:21:23,572] {taskinstance.py:1265} INFO - 1 downstream tasks scheduled from follow-on schedule check
[2021-08-08 08:21:23,600] {local_task_job.py:149} INFO - Task exited with return code 0
[2021-08-08 08:32:40,795] {taskinstance.py:896} INFO - Dependencies all met for <TaskInstance: presentation_pipeline.presentation_dim_dates 2021-08-08T07:00:00+00:00 [queued]>
[2021-08-08 08:32:40,812] {taskinstance.py:896} INFO - Dependencies all met for <TaskInstance: presentation_pipeline.presentation_dim_dates 2021-08-08T07:00:00+00:00 [queued]>
[2021-08-08 08:32:40,813] {taskinstance.py:1087} INFO - 
--------------------------------------------------------------------------------
[2021-08-08 08:32:40,814] {taskinstance.py:1088} INFO - Starting attempt 1 of 1
[2021-08-08 08:32:40,815] {taskinstance.py:1089} INFO - 
--------------------------------------------------------------------------------
[2021-08-08 08:32:40,838] {taskinstance.py:1107} INFO - Executing <Task(MySqlOperator): presentation_dim_dates> on 2021-08-08T07:00:00+00:00
[2021-08-08 08:32:40,844] {standard_task_runner.py:52} INFO - Started process 362 to run task
[2021-08-08 08:32:40,851] {standard_task_runner.py:76} INFO - Running: ['***', 'tasks', 'run', 'presentation_pipeline', 'presentation_dim_dates', '2021-08-08T07:00:00+00:00', '--job-id', '29', '--pool', 'default_pool', '--raw', '--subdir', 'DAGS_FOLDER/presentation_pipeline.py', '--cfg-path', '/tmp/tmpa3bq8od8', '--error-file', '/tmp/tmpotjkpw6i']
[2021-08-08 08:32:40,852] {standard_task_runner.py:77} INFO - Job 29: Subtask presentation_dim_dates
[2021-08-08 08:32:40,922] {logging_mixin.py:104} INFO - Running <TaskInstance: presentation_pipeline.presentation_dim_dates 2021-08-08T07:00:00+00:00 [running]> on host 5e970160fe16
[2021-08-08 08:32:40,998] {taskinstance.py:1302} INFO - Exporting the following env vars:
AIRFLOW_CTX_DAG_OWNER=***
AIRFLOW_CTX_DAG_ID=presentation_pipeline
AIRFLOW_CTX_TASK_ID=presentation_dim_dates
AIRFLOW_CTX_EXECUTION_DATE=2021-08-08T07:00:00+00:00
AIRFLOW_CTX_DAG_RUN_ID=scheduled__2021-08-08T07:00:00+00:00
[2021-08-08 08:32:40,999] {mysql.py:70} INFO - Executing: INSERT IGNORE INTO presentation.dates
WITH order_dates AS (
	SELECT 
		ORDER_DATE as date
	FROM 
		standardized.orders
	WHERE 
		INGESTION_TIMESTAMP >= DATE_SUB(NOW(), INTERVAL 1 HOUR)
	GROUP BY 
		ORDER_DATE 
),

shipdate AS (
	SELECT 
		LINE_ITEM_SHIP_DATE as date
	FROM
		standardized.line_items
	WHERE 
		INGESTION_TIMESTAMP >= DATE_SUB(NOW(), INTERVAL 1 HOUR)
	GROUP BY 
		LINE_ITEM_SHIP_DATE 
),

commitdate AS (
	SELECT 
		LINE_ITEM_COMMIT_DATE as date
	FROM
		standardized.line_items
	WHERE 
		INGESTION_TIMESTAMP >= DATE_SUB(NOW(), INTERVAL 1 HOUR)
	GROUP BY 
		LINE_ITEM_COMMIT_DATE 
),

receiptdate AS (
	SELECT 
		LINE_ITEM_RECEIPT_DATE as date
	FROM
		standardized.line_items
	WHERE 
		INGESTION_TIMESTAMP >= DATE_SUB(NOW(), INTERVAL 1 HOUR)
	GROUP BY 
		LINE_ITEM_RECEIPT_DATE 
),

uniondate AS (
	SELECT * FROM order_dates
	UNION
	SELECT * FROM shipdate
	UNION
	SELECT * FROM commitdate
	UNION
	SELECT * FROM receiptdate
)

SELECT
	NULL as DATE_KEY,
	EXTRACT(DAY FROM `date`) AS DAY,
	EXTRACT(WEEK FROM `date`) AS WEEK,
	EXTRACT(MONTH FROM `date`) AS MONTH,
	EXTRACT(QUARTER FROM `date`) AS QUARTER,
	EXTRACT(YEAR FROM `date`) AS YEAR,
	NOW() AS INGESTION_TIMESTAMP
FROM 
	uniondate
[2021-08-08 08:32:41,009] {base.py:78} INFO - Using connection to: id: dwh_id. Host: dwh, Port: 3306, Schema: , Login: root, Password: ***, extra: {}
[2021-08-08 08:32:41,023] {dbapi.py:204} INFO - Running statement: INSERT IGNORE INTO presentation.dates
WITH order_dates AS (
	SELECT 
		ORDER_DATE as date
	FROM 
		standardized.orders
	WHERE 
		INGESTION_TIMESTAMP >= DATE_SUB(NOW(), INTERVAL 1 HOUR)
	GROUP BY 
		ORDER_DATE 
),

shipdate AS (
	SELECT 
		LINE_ITEM_SHIP_DATE as date
	FROM
		standardized.line_items
	WHERE 
		INGESTION_TIMESTAMP >= DATE_SUB(NOW(), INTERVAL 1 HOUR)
	GROUP BY 
		LINE_ITEM_SHIP_DATE 
),

commitdate AS (
	SELECT 
		LINE_ITEM_COMMIT_DATE as date
	FROM
		standardized.line_items
	WHERE 
		INGESTION_TIMESTAMP >= DATE_SUB(NOW(), INTERVAL 1 HOUR)
	GROUP BY 
		LINE_ITEM_COMMIT_DATE 
),

receiptdate AS (
	SELECT 
		LINE_ITEM_RECEIPT_DATE as date
	FROM
		standardized.line_items
	WHERE 
		INGESTION_TIMESTAMP >= DATE_SUB(NOW(), INTERVAL 1 HOUR)
	GROUP BY 
		LINE_ITEM_RECEIPT_DATE 
),

uniondate AS (
	SELECT * FROM order_dates
	UNION
	SELECT * FROM shipdate
	UNION
	SELECT * FROM commitdate
	UNION
	SELECT * FROM receiptdate
)

SELECT
	NULL as DATE_KEY,
	EXTRACT(DAY FROM `date`) AS DAY,
	EXTRACT(WEEK FROM `date`) AS WEEK,
	EXTRACT(MONTH FROM `date`) AS MONTH,
	EXTRACT(QUARTER FROM `date`) AS QUARTER,
	EXTRACT(YEAR FROM `date`) AS YEAR,
	NOW() AS INGESTION_TIMESTAMP
FROM 
	uniondate, parameters: None
[2021-08-08 08:32:41,552] {dbapi.py:212} INFO - Rows affected: 2544
[2021-08-08 08:32:41,565] {taskinstance.py:1211} INFO - Marking task as SUCCESS. dag_id=presentation_pipeline, task_id=presentation_dim_dates, execution_date=20210808T070000, start_date=20210808T083240, end_date=20210808T083241
[2021-08-08 08:32:41,594] {taskinstance.py:1265} INFO - 1 downstream tasks scheduled from follow-on schedule check
[2021-08-08 08:32:41,632] {local_task_job.py:149} INFO - Task exited with return code 0
[2021-08-08 08:52:09,839] {taskinstance.py:896} INFO - Dependencies all met for <TaskInstance: presentation_pipeline.presentation_dim_dates 2021-08-08T07:00:00+00:00 [queued]>
[2021-08-08 08:52:09,857] {taskinstance.py:896} INFO - Dependencies all met for <TaskInstance: presentation_pipeline.presentation_dim_dates 2021-08-08T07:00:00+00:00 [queued]>
[2021-08-08 08:52:09,860] {taskinstance.py:1087} INFO - 
--------------------------------------------------------------------------------
[2021-08-08 08:52:09,861] {taskinstance.py:1088} INFO - Starting attempt 1 of 1
[2021-08-08 08:52:09,861] {taskinstance.py:1089} INFO - 
--------------------------------------------------------------------------------
[2021-08-08 08:52:09,881] {taskinstance.py:1107} INFO - Executing <Task(MySqlOperator): presentation_dim_dates> on 2021-08-08T07:00:00+00:00
[2021-08-08 08:52:09,887] {standard_task_runner.py:52} INFO - Started process 415 to run task
[2021-08-08 08:52:09,898] {standard_task_runner.py:76} INFO - Running: ['***', 'tasks', 'run', 'presentation_pipeline', 'presentation_dim_dates', '2021-08-08T07:00:00+00:00', '--job-id', '26', '--pool', 'default_pool', '--raw', '--subdir', 'DAGS_FOLDER/presentation_pipeline.py', '--cfg-path', '/tmp/tmp210yb1l1', '--error-file', '/tmp/tmp719fsk9h']
[2021-08-08 08:52:09,900] {standard_task_runner.py:77} INFO - Job 26: Subtask presentation_dim_dates
[2021-08-08 08:52:09,958] {logging_mixin.py:104} INFO - Running <TaskInstance: presentation_pipeline.presentation_dim_dates 2021-08-08T07:00:00+00:00 [running]> on host 99eefc5c6cd8
[2021-08-08 08:52:10,022] {taskinstance.py:1302} INFO - Exporting the following env vars:
AIRFLOW_CTX_DAG_OWNER=***
AIRFLOW_CTX_DAG_ID=presentation_pipeline
AIRFLOW_CTX_TASK_ID=presentation_dim_dates
AIRFLOW_CTX_EXECUTION_DATE=2021-08-08T07:00:00+00:00
AIRFLOW_CTX_DAG_RUN_ID=scheduled__2021-08-08T07:00:00+00:00
[2021-08-08 08:52:10,024] {mysql.py:70} INFO - Executing: INSERT IGNORE INTO presentation.dates
WITH order_dates AS (
	SELECT 
		ORDER_DATE as date
	FROM 
		standardized.orders
	WHERE 
		INGESTION_TIMESTAMP >= DATE_SUB(NOW(), INTERVAL 1 HOUR)
	GROUP BY 
		ORDER_DATE 
),

shipdate AS (
	SELECT 
		LINE_ITEM_SHIP_DATE as date
	FROM
		standardized.line_items
	WHERE 
		INGESTION_TIMESTAMP >= DATE_SUB(NOW(), INTERVAL 1 HOUR)
	GROUP BY 
		LINE_ITEM_SHIP_DATE 
),

commitdate AS (
	SELECT 
		LINE_ITEM_COMMIT_DATE as date
	FROM
		standardized.line_items
	WHERE 
		INGESTION_TIMESTAMP >= DATE_SUB(NOW(), INTERVAL 1 HOUR)
	GROUP BY 
		LINE_ITEM_COMMIT_DATE 
),

receiptdate AS (
	SELECT 
		LINE_ITEM_RECEIPT_DATE as date
	FROM
		standardized.line_items
	WHERE 
		INGESTION_TIMESTAMP >= DATE_SUB(NOW(), INTERVAL 1 HOUR)
	GROUP BY 
		LINE_ITEM_RECEIPT_DATE 
),

uniondate AS (
	SELECT * FROM order_dates
	UNION
	SELECT * FROM shipdate
	UNION
	SELECT * FROM commitdate
	UNION
	SELECT * FROM receiptdate
)

SELECT
	NULL as DATE_KEY,
	EXTRACT(DAY FROM `date`) AS DAY,
	EXTRACT(WEEK FROM `date`) AS WEEK,
	EXTRACT(MONTH FROM `date`) AS MONTH,
	EXTRACT(QUARTER FROM `date`) AS QUARTER,
	EXTRACT(YEAR FROM `date`) AS YEAR,
	NOW() AS INGESTION_TIMESTAMP
FROM 
	uniondate
[2021-08-08 08:52:10,035] {base.py:78} INFO - Using connection to: id: dwh_id. Host: dwh, Port: 3306, Schema: , Login: root, Password: ***, extra: {}
[2021-08-08 08:52:10,045] {dbapi.py:204} INFO - Running statement: INSERT IGNORE INTO presentation.dates
WITH order_dates AS (
	SELECT 
		ORDER_DATE as date
	FROM 
		standardized.orders
	WHERE 
		INGESTION_TIMESTAMP >= DATE_SUB(NOW(), INTERVAL 1 HOUR)
	GROUP BY 
		ORDER_DATE 
),

shipdate AS (
	SELECT 
		LINE_ITEM_SHIP_DATE as date
	FROM
		standardized.line_items
	WHERE 
		INGESTION_TIMESTAMP >= DATE_SUB(NOW(), INTERVAL 1 HOUR)
	GROUP BY 
		LINE_ITEM_SHIP_DATE 
),

commitdate AS (
	SELECT 
		LINE_ITEM_COMMIT_DATE as date
	FROM
		standardized.line_items
	WHERE 
		INGESTION_TIMESTAMP >= DATE_SUB(NOW(), INTERVAL 1 HOUR)
	GROUP BY 
		LINE_ITEM_COMMIT_DATE 
),

receiptdate AS (
	SELECT 
		LINE_ITEM_RECEIPT_DATE as date
	FROM
		standardized.line_items
	WHERE 
		INGESTION_TIMESTAMP >= DATE_SUB(NOW(), INTERVAL 1 HOUR)
	GROUP BY 
		LINE_ITEM_RECEIPT_DATE 
),

uniondate AS (
	SELECT * FROM order_dates
	UNION
	SELECT * FROM shipdate
	UNION
	SELECT * FROM commitdate
	UNION
	SELECT * FROM receiptdate
)

SELECT
	NULL as DATE_KEY,
	EXTRACT(DAY FROM `date`) AS DAY,
	EXTRACT(WEEK FROM `date`) AS WEEK,
	EXTRACT(MONTH FROM `date`) AS MONTH,
	EXTRACT(QUARTER FROM `date`) AS QUARTER,
	EXTRACT(YEAR FROM `date`) AS YEAR,
	NOW() AS INGESTION_TIMESTAMP
FROM 
	uniondate, parameters: None
[2021-08-08 08:52:10,450] {dbapi.py:212} INFO - Rows affected: 2544
[2021-08-08 08:52:10,463] {taskinstance.py:1211} INFO - Marking task as SUCCESS. dag_id=presentation_pipeline, task_id=presentation_dim_dates, execution_date=20210808T070000, start_date=20210808T085209, end_date=20210808T085210
[2021-08-08 08:52:10,485] {taskinstance.py:1265} INFO - 1 downstream tasks scheduled from follow-on schedule check
[2021-08-08 08:52:10,511] {local_task_job.py:149} INFO - Task exited with return code 0
