[2021-08-07 08:05:27,035] {taskinstance.py:896} INFO - Dependencies all met for <TaskInstance: to_datalake_pipeline.download_data_from_git 2021-08-07T08:00:00+00:00 [queued]>
[2021-08-07 08:05:27,049] {taskinstance.py:896} INFO - Dependencies all met for <TaskInstance: to_datalake_pipeline.download_data_from_git 2021-08-07T08:00:00+00:00 [queued]>
[2021-08-07 08:05:27,050] {taskinstance.py:1087} INFO - 
--------------------------------------------------------------------------------
[2021-08-07 08:05:27,050] {taskinstance.py:1088} INFO - Starting attempt 1 of 1
[2021-08-07 08:05:27,051] {taskinstance.py:1089} INFO - 
--------------------------------------------------------------------------------
[2021-08-07 08:05:27,057] {taskinstance.py:1107} INFO - Executing <Task(PythonOperator): download_data_from_git> on 2021-08-07T08:00:00+00:00
[2021-08-07 08:05:27,062] {standard_task_runner.py:52} INFO - Started process 3290 to run task
[2021-08-07 08:05:27,065] {standard_task_runner.py:76} INFO - Running: ['***', 'tasks', 'run', 'to_datalake_pipeline', 'download_data_from_git', '2021-08-07T08:00:00+00:00', '--job-id', '8', '--pool', 'default_pool', '--raw', '--subdir', 'DAGS_FOLDER/to_datalake_pipeline.py', '--cfg-path', '/tmp/tmp37j4_l_6', '--error-file', '/tmp/tmpe9duryfj']
[2021-08-07 08:05:27,066] {standard_task_runner.py:77} INFO - Job 8: Subtask download_data_from_git
[2021-08-07 08:05:27,110] {logging_mixin.py:104} INFO - Running <TaskInstance: to_datalake_pipeline.download_data_from_git 2021-08-07T08:00:00+00:00 [running]> on host 0af53fa45088
[2021-08-07 08:05:27,157] {taskinstance.py:1302} INFO - Exporting the following env vars:
AIRFLOW_CTX_DAG_OWNER=***
AIRFLOW_CTX_DAG_ID=to_datalake_pipeline
AIRFLOW_CTX_TASK_ID=download_data_from_git
AIRFLOW_CTX_EXECUTION_DATE=2021-08-07T08:00:00+00:00
AIRFLOW_CTX_DAG_RUN_ID=scheduled__2021-08-07T08:00:00+00:00
[2021-08-07 08:05:27,158] {logging_mixin.py:104} INFO - Downloading data from -> https://raw.githubusercontent.com/rezaprimasatya/DTO-DE-JUN-MID/main/data.zip
[2021-08-07 08:05:35,022] {python.py:151} INFO - Done. Returned value was: <_io.BytesIO object at 0x7f89be06fc50>
[2021-08-07 08:05:35,025] {xcom.py:229} ERROR - Could not serialize the XCom value into JSON. If you are using pickle instead of JSON for XCom, then you need to enable pickle support for XCom in your *** config.
[2021-08-07 08:05:35,026] {taskinstance.py:1501} ERROR - Task failed with exception
Traceback (most recent call last):
  File "/home/airflow/.local/lib/python3.6/site-packages/airflow/models/taskinstance.py", line 1157, in _run_raw_task
    self._prepare_and_execute_task_with_callbacks(context, task)
  File "/home/airflow/.local/lib/python3.6/site-packages/airflow/models/taskinstance.py", line 1331, in _prepare_and_execute_task_with_callbacks
    result = self._execute_task(context, task_copy)
  File "/home/airflow/.local/lib/python3.6/site-packages/airflow/models/taskinstance.py", line 1364, in _execute_task
    self.xcom_push(key=XCOM_RETURN_KEY, value=result)
  File "/home/airflow/.local/lib/python3.6/site-packages/airflow/utils/session.py", line 70, in wrapper
    return func(*args, session=session, **kwargs)
  File "/home/airflow/.local/lib/python3.6/site-packages/airflow/models/taskinstance.py", line 1943, in xcom_push
    session=session,
  File "/home/airflow/.local/lib/python3.6/site-packages/airflow/utils/session.py", line 67, in wrapper
    return func(*args, **kwargs)
  File "/home/airflow/.local/lib/python3.6/site-packages/airflow/models/xcom.py", line 79, in set
    value = XCom.serialize_value(value)
  File "/home/airflow/.local/lib/python3.6/site-packages/airflow/models/xcom.py", line 226, in serialize_value
    return json.dumps(value).encode('UTF-8')
  File "/usr/local/lib/python3.6/json/__init__.py", line 231, in dumps
    return _default_encoder.encode(obj)
  File "/usr/local/lib/python3.6/json/encoder.py", line 199, in encode
    chunks = self.iterencode(o, _one_shot=True)
  File "/usr/local/lib/python3.6/json/encoder.py", line 257, in iterencode
    return _iterencode(o, 0)
  File "/usr/local/lib/python3.6/json/encoder.py", line 180, in default
    o.__class__.__name__)
TypeError: Object of type 'BytesIO' is not JSON serializable
[2021-08-07 08:05:35,031] {taskinstance.py:1551} INFO - Marking task as FAILED. dag_id=to_datalake_pipeline, task_id=download_data_from_git, execution_date=20210807T080000, start_date=20210807T080527, end_date=20210807T080535
[2021-08-07 08:05:35,068] {local_task_job.py:149} INFO - Task exited with return code 1
