[2021-08-08 05:13:03,542] {taskinstance.py:896} INFO - Dependencies all met for <TaskInstance: presentation_pipeline.presentation_dim_customers 2021-08-08T05:05:00+00:00 [queued]>
[2021-08-08 05:13:03,569] {taskinstance.py:896} INFO - Dependencies all met for <TaskInstance: presentation_pipeline.presentation_dim_customers 2021-08-08T05:05:00+00:00 [queued]>
[2021-08-08 05:13:03,570] {taskinstance.py:1087} INFO - 
--------------------------------------------------------------------------------
[2021-08-08 05:13:03,571] {taskinstance.py:1088} INFO - Starting attempt 1 of 1
[2021-08-08 05:13:03,572] {taskinstance.py:1089} INFO - 
--------------------------------------------------------------------------------
[2021-08-08 05:13:03,583] {taskinstance.py:1107} INFO - Executing <Task(MySqlOperator): presentation_dim_customers> on 2021-08-08T05:05:00+00:00
[2021-08-08 05:13:03,596] {standard_task_runner.py:76} INFO - Running: ['***', 'tasks', 'run', 'presentation_pipeline', 'presentation_dim_customers', '2021-08-08T05:05:00+00:00', '--job-id', '57', '--pool', 'default_pool', '--raw', '--subdir', 'DAGS_FOLDER/presentation_pipeline.py', '--cfg-path', '/tmp/tmp3_y24wmw', '--error-file', '/tmp/tmp56l68x09']
[2021-08-08 05:13:03,592] {standard_task_runner.py:52} INFO - Started process 530 to run task
[2021-08-08 05:13:03,598] {standard_task_runner.py:77} INFO - Job 57: Subtask presentation_dim_customers
[2021-08-08 05:13:03,675] {logging_mixin.py:104} INFO - Running <TaskInstance: presentation_pipeline.presentation_dim_customers 2021-08-08T05:05:00+00:00 [running]> on host dbfb9e13da58
[2021-08-08 05:13:03,757] {taskinstance.py:1302} INFO - Exporting the following env vars:
AIRFLOW_CTX_DAG_OWNER=***
AIRFLOW_CTX_DAG_ID=presentation_pipeline
AIRFLOW_CTX_TASK_ID=presentation_dim_customers
AIRFLOW_CTX_EXECUTION_DATE=2021-08-08T05:05:00+00:00
AIRFLOW_CTX_DAG_RUN_ID=scheduled__2021-08-08T05:05:00+00:00
[2021-08-08 05:13:03,758] {mysql.py:70} INFO - Executing: INSERT IGNORE INTO presentation.customers
SELECT 
	DISTINCT
	c.CUSTOMER_KEY,
	n.NATION_NAME,
	c.CUSTOMER_ACCOUNT_BALANCE_TOTAL,
	c.CUSTOMER_MARKET_SEGMENT_TYPE, 
	NOW() AS INGESTION_TIMESTAMP
FROM 
	standardized.customers c 
LEFT JOIN
	standardized.nations n 
	ON c.NATION_KEY = n.NATION_KEY 
WHERE
	c.INGESTION_TIMESTAMP >= DATE_SUB(NOW(), INTERVAL 5 MINUTE)
[2021-08-08 05:13:03,771] {base.py:78} INFO - Using connection to: id: dwh_id. Host: dwh, Port: 3306, Schema: , Login: root, Password: ***, extra: {}
[2021-08-08 05:13:03,786] {dbapi.py:204} INFO - Running statement: INSERT IGNORE INTO presentation.customers
SELECT 
	DISTINCT
	c.CUSTOMER_KEY,
	n.NATION_NAME,
	c.CUSTOMER_ACCOUNT_BALANCE_TOTAL,
	c.CUSTOMER_MARKET_SEGMENT_TYPE, 
	NOW() AS INGESTION_TIMESTAMP
FROM 
	standardized.customers c 
LEFT JOIN
	standardized.nations n 
	ON c.NATION_KEY = n.NATION_KEY 
WHERE
	c.INGESTION_TIMESTAMP >= DATE_SUB(NOW(), INTERVAL 5 MINUTE), parameters: None
[2021-08-08 05:13:03,831] {dbapi.py:212} INFO - Rows affected: 0
[2021-08-08 05:13:03,854] {taskinstance.py:1211} INFO - Marking task as SUCCESS. dag_id=presentation_pipeline, task_id=presentation_dim_customers, execution_date=20210808T050500, start_date=20210808T051303, end_date=20210808T051303
[2021-08-08 05:13:03,887] {taskinstance.py:1265} INFO - 0 downstream tasks scheduled from follow-on schedule check
[2021-08-08 05:13:03,936] {local_task_job.py:149} INFO - Task exited with return code 0
[2021-08-08 07:06:59,242] {taskinstance.py:896} INFO - Dependencies all met for <TaskInstance: presentation_pipeline.presentation_dim_customers 2021-08-08T05:05:00+00:00 [queued]>
[2021-08-08 07:06:59,256] {taskinstance.py:896} INFO - Dependencies all met for <TaskInstance: presentation_pipeline.presentation_dim_customers 2021-08-08T05:05:00+00:00 [queued]>
[2021-08-08 07:06:59,257] {taskinstance.py:1087} INFO - 
--------------------------------------------------------------------------------
[2021-08-08 07:06:59,258] {taskinstance.py:1088} INFO - Starting attempt 1 of 1
[2021-08-08 07:06:59,258] {taskinstance.py:1089} INFO - 
--------------------------------------------------------------------------------
[2021-08-08 07:06:59,271] {taskinstance.py:1107} INFO - Executing <Task(MySqlOperator): presentation_dim_customers> on 2021-08-08T05:05:00+00:00
[2021-08-08 07:06:59,280] {standard_task_runner.py:76} INFO - Running: ['***', 'tasks', 'run', 'presentation_pipeline', 'presentation_dim_customers', '2021-08-08T05:05:00+00:00', '--job-id', '45', '--pool', 'default_pool', '--raw', '--subdir', 'DAGS_FOLDER/presentation_pipeline.py', '--cfg-path', '/tmp/tmpx18_86rt', '--error-file', '/tmp/tmp3e19ievp']
[2021-08-08 07:06:59,276] {standard_task_runner.py:52} INFO - Started process 401 to run task
[2021-08-08 07:06:59,281] {standard_task_runner.py:77} INFO - Job 45: Subtask presentation_dim_customers
[2021-08-08 07:06:59,345] {logging_mixin.py:104} INFO - Running <TaskInstance: presentation_pipeline.presentation_dim_customers 2021-08-08T05:05:00+00:00 [running]> on host bf836d82c89b
[2021-08-08 07:06:59,419] {taskinstance.py:1302} INFO - Exporting the following env vars:
AIRFLOW_CTX_DAG_OWNER=***
AIRFLOW_CTX_DAG_ID=presentation_pipeline
AIRFLOW_CTX_TASK_ID=presentation_dim_customers
AIRFLOW_CTX_EXECUTION_DATE=2021-08-08T05:05:00+00:00
AIRFLOW_CTX_DAG_RUN_ID=scheduled__2021-08-08T05:05:00+00:00
[2021-08-08 07:06:59,421] {mysql.py:70} INFO - Executing: INSERT IGNORE INTO presentation.customers
SELECT 
	DISTINCT
	c.CUSTOMER_KEY,
	n.NATION_NAME,
	c.CUSTOMER_ACCOUNT_BALANCE_TOTAL,
	c.CUSTOMER_MARKET_SEGMENT_TYPE, 
	NOW() AS INGESTION_TIMESTAMP
FROM 
	standardized.customers c 
LEFT JOIN
	standardized.nations n 
	ON c.NATION_KEY = n.NATION_KEY 
WHERE
	c.INGESTION_TIMESTAMP >= DATE_SUB(NOW(), INTERVAL 1 HOUR)
[2021-08-08 07:06:59,431] {base.py:78} INFO - Using connection to: id: dwh_id. Host: dwh, Port: 3306, Schema: , Login: root, Password: ***, extra: {}
[2021-08-08 07:06:59,443] {dbapi.py:204} INFO - Running statement: INSERT IGNORE INTO presentation.customers
SELECT 
	DISTINCT
	c.CUSTOMER_KEY,
	n.NATION_NAME,
	c.CUSTOMER_ACCOUNT_BALANCE_TOTAL,
	c.CUSTOMER_MARKET_SEGMENT_TYPE, 
	NOW() AS INGESTION_TIMESTAMP
FROM 
	standardized.customers c 
LEFT JOIN
	standardized.nations n 
	ON c.NATION_KEY = n.NATION_KEY 
WHERE
	c.INGESTION_TIMESTAMP >= DATE_SUB(NOW(), INTERVAL 1 HOUR), parameters: None
[2021-08-08 07:06:59,543] {dbapi.py:212} INFO - Rows affected: 0
[2021-08-08 07:06:59,555] {taskinstance.py:1211} INFO - Marking task as SUCCESS. dag_id=presentation_pipeline, task_id=presentation_dim_customers, execution_date=20210808T050500, start_date=20210808T070659, end_date=20210808T070659
[2021-08-08 07:06:59,610] {taskinstance.py:1265} INFO - 0 downstream tasks scheduled from follow-on schedule check
[2021-08-08 07:06:59,657] {local_task_job.py:149} INFO - Task exited with return code 0
