[2021-08-08 02:20:01,762] {taskinstance.py:896} INFO - Dependencies all met for <TaskInstance: standardized_pipeline.create_standardized_table_regions 2021-08-08T02:15:00+00:00 [queued]>
[2021-08-08 02:20:01,813] {taskinstance.py:896} INFO - Dependencies all met for <TaskInstance: standardized_pipeline.create_standardized_table_regions 2021-08-08T02:15:00+00:00 [queued]>
[2021-08-08 02:20:01,815] {taskinstance.py:1087} INFO - 
--------------------------------------------------------------------------------
[2021-08-08 02:20:01,817] {taskinstance.py:1088} INFO - Starting attempt 1 of 1
[2021-08-08 02:20:01,819] {taskinstance.py:1089} INFO - 
--------------------------------------------------------------------------------
[2021-08-08 02:20:01,863] {taskinstance.py:1107} INFO - Executing <Task(MySqlOperator): create_standardized_table_regions> on 2021-08-08T02:15:00+00:00
[2021-08-08 02:20:01,886] {standard_task_runner.py:76} INFO - Running: ['***', 'tasks', 'run', 'standardized_pipeline', 'create_standardized_table_regions', '2021-08-08T02:15:00+00:00', '--job-id', '40', '--pool', 'default_pool', '--raw', '--subdir', 'DAGS_FOLDER/standardized_pipeline.py', '--cfg-path', '/tmp/tmpl7p1ondg', '--error-file', '/tmp/tmpazxfus6x']
[2021-08-08 02:20:01,889] {standard_task_runner.py:77} INFO - Job 40: Subtask create_standardized_table_regions
[2021-08-08 02:20:01,875] {standard_task_runner.py:52} INFO - Started process 876 to run task
[2021-08-08 02:20:02,031] {logging_mixin.py:104} INFO - Running <TaskInstance: standardized_pipeline.create_standardized_table_regions 2021-08-08T02:15:00+00:00 [running]> on host d995c427c378
[2021-08-08 02:20:02,219] {taskinstance.py:1302} INFO - Exporting the following env vars:
AIRFLOW_CTX_DAG_OWNER=***
AIRFLOW_CTX_DAG_ID=standardized_pipeline
AIRFLOW_CTX_TASK_ID=create_standardized_table_regions
AIRFLOW_CTX_EXECUTION_DATE=2021-08-08T02:15:00+00:00
AIRFLOW_CTX_DAG_RUN_ID=scheduled__2021-08-08T02:15:00+00:00
[2021-08-08 02:20:02,232] {mysql.py:70} INFO - Executing: CREATE TABLE IF NOT EXISTS standardized.regions (INGESTION_TIMESTAMP TIMESTAMP NOT NULL DEFAULT CURRENT_TIMESTAMP) AS
WITH data_last_5_minutes AS (
	SELECT
		DISTINCT 
		CAST(R_REGIONKEY AS SIGNED) AS REGION_KEY,
		R_NAME AS REGION_NAME,
		R_COMMENT AS REGION_COMMENT,
		NOW() AS INGESTION_TIMESTAMP
	FROM
		datalake.REGION
	WHERE 
		INGESTION_TIMESTAMP >= DATE_SUB(NOW(), INTERVAL 5 MINUTE)
)

SELECT 
	* 
FROM 
	data_last_5_minutes
[2021-08-08 02:20:02,270] {base.py:78} INFO - Using connection to: id: dwh_id. Host: dwh, Port: 3306, Schema: , Login: root, Password: ***, extra: {}
[2021-08-08 02:20:02,301] {dbapi.py:204} INFO - Running statement: CREATE TABLE IF NOT EXISTS standardized.regions (INGESTION_TIMESTAMP TIMESTAMP NOT NULL DEFAULT CURRENT_TIMESTAMP) AS
WITH data_last_5_minutes AS (
	SELECT
		DISTINCT 
		CAST(R_REGIONKEY AS SIGNED) AS REGION_KEY,
		R_NAME AS REGION_NAME,
		R_COMMENT AS REGION_COMMENT,
		NOW() AS INGESTION_TIMESTAMP
	FROM
		datalake.REGION
	WHERE 
		INGESTION_TIMESTAMP >= DATE_SUB(NOW(), INTERVAL 5 MINUTE)
)

SELECT 
	* 
FROM 
	data_last_5_minutes, parameters: None
[2021-08-08 02:20:02,305] {dbapi.py:212} INFO - Rows affected: 0
[2021-08-08 02:20:02,349] {taskinstance.py:1211} INFO - Marking task as SUCCESS. dag_id=standardized_pipeline, task_id=create_standardized_table_regions, execution_date=20210808T021500, start_date=20210808T022001, end_date=20210808T022002
[2021-08-08 02:20:02,447] {taskinstance.py:1265} INFO - 1 downstream tasks scheduled from follow-on schedule check
[2021-08-08 02:20:02,491] {local_task_job.py:149} INFO - Task exited with return code 0
