[2021-08-07 15:13:21,685] {taskinstance.py:896} INFO - Dependencies all met for <TaskInstance: standardized_pipeline.create_standardized_table_orders 2021-08-07T15:13:20.433410+00:00 [queued]>
[2021-08-07 15:13:21,716] {taskinstance.py:896} INFO - Dependencies all met for <TaskInstance: standardized_pipeline.create_standardized_table_orders 2021-08-07T15:13:20.433410+00:00 [queued]>
[2021-08-07 15:13:21,717] {taskinstance.py:1087} INFO - 
--------------------------------------------------------------------------------
[2021-08-07 15:13:21,719] {taskinstance.py:1088} INFO - Starting attempt 1 of 1
[2021-08-07 15:13:21,720] {taskinstance.py:1089} INFO - 
--------------------------------------------------------------------------------
[2021-08-07 15:13:21,780] {taskinstance.py:1107} INFO - Executing <Task(MySqlOperator): create_standardized_table_orders> on 2021-08-07T15:13:20.433410+00:00
[2021-08-07 15:13:21,787] {standard_task_runner.py:52} INFO - Started process 342 to run task
[2021-08-07 15:13:21,792] {standard_task_runner.py:76} INFO - Running: ['***', 'tasks', 'run', 'standardized_pipeline', 'create_standardized_table_orders', '2021-08-07T15:13:20.433410+00:00', '--job-id', '13', '--pool', 'default_pool', '--raw', '--subdir', 'DAGS_FOLDER/standardized_pipeline.py', '--cfg-path', '/tmp/tmpg7h79oud', '--error-file', '/tmp/tmp0x6r0v76']
[2021-08-07 15:13:21,796] {standard_task_runner.py:77} INFO - Job 13: Subtask create_standardized_table_orders
[2021-08-07 15:13:21,927] {logging_mixin.py:104} INFO - Running <TaskInstance: standardized_pipeline.create_standardized_table_orders 2021-08-07T15:13:20.433410+00:00 [running]> on host 840edc4bbc5d
[2021-08-07 15:13:22,055] {taskinstance.py:1302} INFO - Exporting the following env vars:
AIRFLOW_CTX_DAG_OWNER=***
AIRFLOW_CTX_DAG_ID=standardized_pipeline
AIRFLOW_CTX_TASK_ID=create_standardized_table_orders
AIRFLOW_CTX_EXECUTION_DATE=2021-08-07T15:13:20.433410+00:00
AIRFLOW_CTX_DAG_RUN_ID=manual__2021-08-07T15:13:20.433410+00:00
[2021-08-07 15:13:22,057] {mysql.py:70} INFO - Executing: CREATE TABLE IF NOT EXISTS standardized.ORDERS (
  `ORDER_KEY` int NOT NULL,
  `CUSTOMER_KEY` int NOT NULL,
  `ORDER_ORDERSTATUS` text NOT NULL,
  `ORDER_TOTALPRICE` int NOT NULL,
  `ORDER_ORDERDATE` date NOT NULL,
  `ORDER_ORDERPRIORITY` text NOT NULL,
  `ORDER_CLERK` text NOT NULL,
  `ORDER_SHIPPRIORITY` int NOT NULL,
  `ORDER_COMMENT` text NOT NULL,
  `INGESTION_TIMESTAMP` datetime DEFAULT CURRENT_TIMESTAMP
) ENGINE=InnoDB DEFAULT CHARSET=utf8mb4 COLLATE=utf8mb4_0900_ai_ci;
[2021-08-07 15:13:22,074] {base.py:78} INFO - Using connection to: id: dwh_id. Host: dwh, Port: 3306, Schema: , Login: root, Password: ***, extra: {}
[2021-08-07 15:13:22,097] {dbapi.py:204} INFO - Running statement: CREATE TABLE IF NOT EXISTS standardized.ORDERS (
  `ORDER_KEY` int NOT NULL,
  `CUSTOMER_KEY` int NOT NULL,
  `ORDER_ORDERSTATUS` text NOT NULL,
  `ORDER_TOTALPRICE` int NOT NULL,
  `ORDER_ORDERDATE` date NOT NULL,
  `ORDER_ORDERPRIORITY` text NOT NULL,
  `ORDER_CLERK` text NOT NULL,
  `ORDER_SHIPPRIORITY` int NOT NULL,
  `ORDER_COMMENT` text NOT NULL,
  `INGESTION_TIMESTAMP` datetime DEFAULT CURRENT_TIMESTAMP
) ENGINE=InnoDB DEFAULT CHARSET=utf8mb4 COLLATE=utf8mb4_0900_ai_ci;, parameters: None
[2021-08-07 15:13:22,138] {dbapi.py:212} INFO - Rows affected: 0
[2021-08-07 15:13:22,154] {taskinstance.py:1211} INFO - Marking task as SUCCESS. dag_id=standardized_pipeline, task_id=create_standardized_table_orders, execution_date=20210807T151320, start_date=20210807T151321, end_date=20210807T151322
[2021-08-07 15:13:22,198] {taskinstance.py:1265} INFO - 1 downstream tasks scheduled from follow-on schedule check
[2021-08-07 15:13:22,217] {local_task_job.py:149} INFO - Task exited with return code 0
