[2021-08-08 05:20:01,028] {taskinstance.py:896} INFO - Dependencies all met for <TaskInstance: standardized_pipeline.standardized_pipeline_start 2021-08-08T05:15:00+00:00 [queued]>
[2021-08-08 05:20:01,045] {taskinstance.py:896} INFO - Dependencies all met for <TaskInstance: standardized_pipeline.standardized_pipeline_start 2021-08-08T05:15:00+00:00 [queued]>
[2021-08-08 05:20:01,047] {taskinstance.py:1087} INFO - 
--------------------------------------------------------------------------------
[2021-08-08 05:20:01,047] {taskinstance.py:1088} INFO - Starting attempt 1 of 11
[2021-08-08 05:20:01,048] {taskinstance.py:1089} INFO - 
--------------------------------------------------------------------------------
[2021-08-08 05:20:01,055] {taskinstance.py:1107} INFO - Executing <Task(ExternalTaskSensor): standardized_pipeline_start> on 2021-08-08T05:15:00+00:00
[2021-08-08 05:20:01,065] {standard_task_runner.py:76} INFO - Running: ['***', 'tasks', 'run', 'standardized_pipeline', 'standardized_pipeline_start', '2021-08-08T05:15:00+00:00', '--job-id', '91', '--pool', 'default_pool', '--raw', '--subdir', 'DAGS_FOLDER/standardized_pipeline.py', '--cfg-path', '/tmp/tmp2ev79s5p', '--error-file', '/tmp/tmpr7w01t8t']
[2021-08-08 05:20:01,061] {standard_task_runner.py:52} INFO - Started process 1182 to run task
[2021-08-08 05:20:01,066] {standard_task_runner.py:77} INFO - Job 91: Subtask standardized_pipeline_start
[2021-08-08 05:20:01,113] {logging_mixin.py:104} INFO - Running <TaskInstance: standardized_pipeline.standardized_pipeline_start 2021-08-08T05:15:00+00:00 [running]> on host dbfb9e13da58
[2021-08-08 05:20:01,169] {taskinstance.py:1302} INFO - Exporting the following env vars:
AIRFLOW_CTX_DAG_EMAIL=wildangbudhi@gmail.com
AIRFLOW_CTX_DAG_OWNER=***
AIRFLOW_CTX_DAG_ID=standardized_pipeline
AIRFLOW_CTX_TASK_ID=standardized_pipeline_start
AIRFLOW_CTX_EXECUTION_DATE=2021-08-08T05:15:00+00:00
AIRFLOW_CTX_DAG_RUN_ID=scheduled__2021-08-08T05:15:00+00:00
[2021-08-08 05:20:01,170] {external_task.py:152} INFO - Poking for to_datalake_pipeline.to_datalake_pipeline_end on 2021-08-08T05:15:00+00:00 ... 
[2021-08-08 05:21:01,176] {external_task.py:152} INFO - Poking for to_datalake_pipeline.to_datalake_pipeline_end on 2021-08-08T05:15:00+00:00 ... 
[2021-08-08 05:21:01,185] {base.py:248} INFO - Success criteria met. Exiting.
[2021-08-08 05:21:01,195] {taskinstance.py:1211} INFO - Marking task as SUCCESS. dag_id=standardized_pipeline, task_id=standardized_pipeline_start, execution_date=20210808T051500, start_date=20210808T052001, end_date=20210808T052101
[2021-08-08 05:21:01,243] {taskinstance.py:1265} INFO - 8 downstream tasks scheduled from follow-on schedule check
[2021-08-08 05:21:01,286] {local_task_job.py:149} INFO - Task exited with return code 0
[2021-08-08 05:25:10,827] {taskinstance.py:896} INFO - Dependencies all met for <TaskInstance: standardized_pipeline.standardized_pipeline_start 2021-08-08T05:15:00+00:00 [queued]>
[2021-08-08 05:25:10,847] {taskinstance.py:896} INFO - Dependencies all met for <TaskInstance: standardized_pipeline.standardized_pipeline_start 2021-08-08T05:15:00+00:00 [queued]>
[2021-08-08 05:25:10,848] {taskinstance.py:1087} INFO - 
--------------------------------------------------------------------------------
[2021-08-08 05:25:10,849] {taskinstance.py:1088} INFO - Starting attempt 1 of 11
[2021-08-08 05:25:10,850] {taskinstance.py:1089} INFO - 
--------------------------------------------------------------------------------
[2021-08-08 05:25:10,860] {taskinstance.py:1107} INFO - Executing <Task(ExternalTaskSensor): standardized_pipeline_start> on 2021-08-08T05:15:00+00:00
[2021-08-08 05:25:10,871] {standard_task_runner.py:76} INFO - Running: ['***', 'tasks', 'run', 'standardized_pipeline', 'standardized_pipeline_start', '2021-08-08T05:15:00+00:00', '--job-id', '2', '--pool', 'default_pool', '--raw', '--subdir', 'DAGS_FOLDER/standardized_pipeline.py', '--cfg-path', '/tmp/tmpkmdz94__', '--error-file', '/tmp/tmp5t091eot']
[2021-08-08 05:25:10,866] {standard_task_runner.py:52} INFO - Started process 175 to run task
[2021-08-08 05:25:10,873] {standard_task_runner.py:77} INFO - Job 2: Subtask standardized_pipeline_start
[2021-08-08 05:25:10,944] {logging_mixin.py:104} INFO - Running <TaskInstance: standardized_pipeline.standardized_pipeline_start 2021-08-08T05:15:00+00:00 [running]> on host b48e43d568d5
[2021-08-08 05:25:11,038] {taskinstance.py:1302} INFO - Exporting the following env vars:
AIRFLOW_CTX_DAG_EMAIL=wildangbudhi@gmail.com
AIRFLOW_CTX_DAG_OWNER=***
AIRFLOW_CTX_DAG_ID=standardized_pipeline
AIRFLOW_CTX_TASK_ID=standardized_pipeline_start
AIRFLOW_CTX_EXECUTION_DATE=2021-08-08T05:15:00+00:00
AIRFLOW_CTX_DAG_RUN_ID=scheduled__2021-08-08T05:15:00+00:00
[2021-08-08 05:25:11,040] {external_task.py:152} INFO - Poking for to_datalake_pipeline.to_datalake_pipeline_end on 2021-08-08T05:15:00+00:00 ... 
[2021-08-08 05:26:11,038] {external_task.py:152} INFO - Poking for to_datalake_pipeline.to_datalake_pipeline_end on 2021-08-08T05:15:00+00:00 ... 
[2021-08-08 05:26:11,047] {base.py:248} INFO - Success criteria met. Exiting.
[2021-08-08 05:26:11,056] {taskinstance.py:1211} INFO - Marking task as SUCCESS. dag_id=standardized_pipeline, task_id=standardized_pipeline_start, execution_date=20210808T051500, start_date=20210808T052510, end_date=20210808T052611
[2021-08-08 05:26:11,096] {taskinstance.py:1265} INFO - 8 downstream tasks scheduled from follow-on schedule check
[2021-08-08 05:26:11,132] {local_task_job.py:149} INFO - Task exited with return code 0
