[2021-08-07 14:00:00,539] {taskinstance.py:896} INFO - Dependencies all met for <TaskInstance: to_datalake_pipeline.extract_from_git 2021-08-07T13:55:00+00:00 [queued]>
[2021-08-07 14:00:00,558] {taskinstance.py:896} INFO - Dependencies all met for <TaskInstance: to_datalake_pipeline.extract_from_git 2021-08-07T13:55:00+00:00 [queued]>
[2021-08-07 14:00:00,559] {taskinstance.py:1087} INFO - 
--------------------------------------------------------------------------------
[2021-08-07 14:00:00,560] {taskinstance.py:1088} INFO - Starting attempt 1 of 1
[2021-08-07 14:00:00,560] {taskinstance.py:1089} INFO - 
--------------------------------------------------------------------------------
[2021-08-07 14:00:00,570] {taskinstance.py:1107} INFO - Executing <Task(PythonOperator): extract_from_git> on 2021-08-07T13:55:00+00:00
[2021-08-07 14:00:00,578] {standard_task_runner.py:52} INFO - Started process 2701 to run task
[2021-08-07 14:00:00,582] {standard_task_runner.py:76} INFO - Running: ['***', 'tasks', 'run', 'to_datalake_pipeline', 'extract_from_git', '2021-08-07T13:55:00+00:00', '--job-id', '18', '--pool', 'default_pool', '--raw', '--subdir', 'DAGS_FOLDER/to_datalake_pipeline.py', '--cfg-path', '/tmp/tmpp2iz6533', '--error-file', '/tmp/tmpm8sv4xpt']
[2021-08-07 14:00:00,583] {standard_task_runner.py:77} INFO - Job 18: Subtask extract_from_git
[2021-08-07 14:00:00,646] {logging_mixin.py:104} INFO - Running <TaskInstance: to_datalake_pipeline.extract_from_git 2021-08-07T13:55:00+00:00 [running]> on host ab70d6dafbc6
[2021-08-07 14:00:00,717] {taskinstance.py:1302} INFO - Exporting the following env vars:
AIRFLOW_CTX_DAG_OWNER=***
AIRFLOW_CTX_DAG_ID=to_datalake_pipeline
AIRFLOW_CTX_TASK_ID=extract_from_git
AIRFLOW_CTX_EXECUTION_DATE=2021-08-07T13:55:00+00:00
AIRFLOW_CTX_DAG_RUN_ID=scheduled__2021-08-07T13:55:00+00:00
[2021-08-07 14:00:00,719] {logging_mixin.py:104} INFO - Downloading data from -> https://raw.githubusercontent.com/rezaprimasatya/DTO-DE-JUN-MID/main/data.zip
[2021-08-07 14:00:01,658] {logging_mixin.py:104} INFO - Unzipping Data
[2021-08-07 14:00:01,732] {logging_mixin.py:104} INFO - Transform Data to Pandas Dataframe
[2021-08-07 14:00:01,936] {logging_mixin.py:104} INFO - Load data to datalake
[2021-08-07 14:00:01,973] {logging_mixin.py:104} INFO - Load table : REGION
[2021-08-07 14:00:02,008] {logging_mixin.py:104} INFO - Load table : NATION
[2021-08-07 14:00:02,022] {logging_mixin.py:104} INFO - Load table : PART
[2021-08-07 14:00:02,108] {logging_mixin.py:104} INFO - Load table : SUPPLIER
[2021-08-07 14:00:02,131] {logging_mixin.py:104} INFO - Load table : PARTSUPP
[2021-08-07 14:00:02,492] {logging_mixin.py:104} INFO - Load table : CUSTOMER
[2021-08-07 14:00:02,565] {logging_mixin.py:104} INFO - Load table : ORDERS
[2021-08-07 14:00:03,152] {logging_mixin.py:104} INFO - Load table : LINEITEM
[2021-08-07 14:00:07,029] {python.py:151} INFO - Done. Returned value was: None
[2021-08-07 14:00:07,040] {taskinstance.py:1211} INFO - Marking task as SUCCESS. dag_id=to_datalake_pipeline, task_id=extract_from_git, execution_date=20210807T135500, start_date=20210807T140000, end_date=20210807T140007
[2021-08-07 14:00:07,064] {taskinstance.py:1265} INFO - 0 downstream tasks scheduled from follow-on schedule check
[2021-08-07 14:00:07,114] {local_task_job.py:149} INFO - Task exited with return code 0
