[2021-08-08 09:02:01,885] {taskinstance.py:896} INFO - Dependencies all met for <TaskInstance: presentation_pipeline.create_presentation_table_dim_nations 2021-08-08T08:00:00+00:00 [queued]>
[2021-08-08 09:02:01,897] {taskinstance.py:896} INFO - Dependencies all met for <TaskInstance: presentation_pipeline.create_presentation_table_dim_nations 2021-08-08T08:00:00+00:00 [queued]>
[2021-08-08 09:02:01,898] {taskinstance.py:1087} INFO - 
--------------------------------------------------------------------------------
[2021-08-08 09:02:01,898] {taskinstance.py:1088} INFO - Starting attempt 1 of 1
[2021-08-08 09:02:01,899] {taskinstance.py:1089} INFO - 
--------------------------------------------------------------------------------
[2021-08-08 09:02:01,915] {taskinstance.py:1107} INFO - Executing <Task(MySqlOperator): create_presentation_table_dim_nations> on 2021-08-08T08:00:00+00:00
[2021-08-08 09:02:01,925] {standard_task_runner.py:76} INFO - Running: ['***', 'tasks', 'run', 'presentation_pipeline', 'create_presentation_table_dim_nations', '2021-08-08T08:00:00+00:00', '--job-id', '55', '--pool', 'default_pool', '--raw', '--subdir', 'DAGS_FOLDER/presentation_pipeline.py', '--cfg-path', '/tmp/tmpig2bhuv1', '--error-file', '/tmp/tmpfk4wbr9u']
[2021-08-08 09:02:01,920] {standard_task_runner.py:52} INFO - Started process 1328 to run task
[2021-08-08 09:02:01,926] {standard_task_runner.py:77} INFO - Job 55: Subtask create_presentation_table_dim_nations
[2021-08-08 09:02:01,970] {logging_mixin.py:104} INFO - Running <TaskInstance: presentation_pipeline.create_presentation_table_dim_nations 2021-08-08T08:00:00+00:00 [running]> on host 99eefc5c6cd8
[2021-08-08 09:02:02,026] {taskinstance.py:1302} INFO - Exporting the following env vars:
AIRFLOW_CTX_DAG_OWNER=***
AIRFLOW_CTX_DAG_ID=presentation_pipeline
AIRFLOW_CTX_TASK_ID=create_presentation_table_dim_nations
AIRFLOW_CTX_EXECUTION_DATE=2021-08-08T08:00:00+00:00
AIRFLOW_CTX_DAG_RUN_ID=scheduled__2021-08-08T08:00:00+00:00
[2021-08-08 09:02:02,027] {mysql.py:70} INFO - Executing: CREATE TABLE IF NOT EXISTS presentation.nations (
    NATION_KEY INT NOT NULL,
    INGESTION_TIMESTAMP TIMESTAMP NOT NULL DEFAULT CURRENT_TIMESTAMP,
    CONSTRAINT `NATIONS_PK` PRIMARY KEY (NATION_KEY)
) AS

SELECT 
	DISTINCT 
	n.NATION_KEY,
	n.NATION_NAME,
	r.REGION_KEY,
	r.REGION_NAME,
	NOW() AS INGESTION_TIMESTAMP
FROM 
	standardized.nations n
LEFT JOIN 
	standardized.regions r
	ON n.REGION_KEY = r.REGION_KEY 
WHERE 
	n.INGESTION_TIMESTAMP >= DATE_SUB(NOW(), INTERVAL 1 HOUR)

LIMIT 0
[2021-08-08 09:02:02,036] {base.py:78} INFO - Using connection to: id: dwh_id. Host: dwh, Port: 3306, Schema: , Login: root, Password: ***, extra: {}
[2021-08-08 09:02:02,049] {dbapi.py:204} INFO - Running statement: CREATE TABLE IF NOT EXISTS presentation.nations (
    NATION_KEY INT NOT NULL,
    INGESTION_TIMESTAMP TIMESTAMP NOT NULL DEFAULT CURRENT_TIMESTAMP,
    CONSTRAINT `NATIONS_PK` PRIMARY KEY (NATION_KEY)
) AS

SELECT 
	DISTINCT 
	n.NATION_KEY,
	n.NATION_NAME,
	r.REGION_KEY,
	r.REGION_NAME,
	NOW() AS INGESTION_TIMESTAMP
FROM 
	standardized.nations n
LEFT JOIN 
	standardized.regions r
	ON n.REGION_KEY = r.REGION_KEY 
WHERE 
	n.INGESTION_TIMESTAMP >= DATE_SUB(NOW(), INTERVAL 1 HOUR)

LIMIT 0, parameters: None
[2021-08-08 09:02:02,051] {dbapi.py:212} INFO - Rows affected: 0
[2021-08-08 09:02:02,064] {taskinstance.py:1211} INFO - Marking task as SUCCESS. dag_id=presentation_pipeline, task_id=create_presentation_table_dim_nations, execution_date=20210808T080000, start_date=20210808T090201, end_date=20210808T090202
[2021-08-08 09:02:02,095] {taskinstance.py:1265} INFO - 1 downstream tasks scheduled from follow-on schedule check
[2021-08-08 09:02:02,141] {local_task_job.py:149} INFO - Task exited with return code 0
