[2021-08-08 02:20:03,846] {taskinstance.py:896} INFO - Dependencies all met for <TaskInstance: standardized_pipeline.standardized_nations 2021-08-08T02:15:00+00:00 [queued]>
[2021-08-08 02:20:03,920] {taskinstance.py:896} INFO - Dependencies all met for <TaskInstance: standardized_pipeline.standardized_nations 2021-08-08T02:15:00+00:00 [queued]>
[2021-08-08 02:20:03,921] {taskinstance.py:1087} INFO - 
--------------------------------------------------------------------------------
[2021-08-08 02:20:03,923] {taskinstance.py:1088} INFO - Starting attempt 1 of 1
[2021-08-08 02:20:03,924] {taskinstance.py:1089} INFO - 
--------------------------------------------------------------------------------
[2021-08-08 02:20:03,964] {taskinstance.py:1107} INFO - Executing <Task(MySqlOperator): standardized_nations> on 2021-08-08T02:15:00+00:00
[2021-08-08 02:20:03,976] {standard_task_runner.py:52} INFO - Started process 890 to run task
[2021-08-08 02:20:04,016] {standard_task_runner.py:76} INFO - Running: ['***', 'tasks', 'run', 'standardized_pipeline', 'standardized_nations', '2021-08-08T02:15:00+00:00', '--job-id', '46', '--pool', 'default_pool', '--raw', '--subdir', 'DAGS_FOLDER/standardized_pipeline.py', '--cfg-path', '/tmp/tmpzlww5xmc', '--error-file', '/tmp/tmp67lqkgpr']
[2021-08-08 02:20:04,020] {standard_task_runner.py:77} INFO - Job 46: Subtask standardized_nations
[2021-08-08 02:20:04,253] {logging_mixin.py:104} INFO - Running <TaskInstance: standardized_pipeline.standardized_nations 2021-08-08T02:15:00+00:00 [running]> on host d995c427c378
[2021-08-08 02:20:04,511] {taskinstance.py:1302} INFO - Exporting the following env vars:
AIRFLOW_CTX_DAG_OWNER=***
AIRFLOW_CTX_DAG_ID=standardized_pipeline
AIRFLOW_CTX_TASK_ID=standardized_nations
AIRFLOW_CTX_EXECUTION_DATE=2021-08-08T02:15:00+00:00
AIRFLOW_CTX_DAG_RUN_ID=scheduled__2021-08-08T02:15:00+00:00
[2021-08-08 02:20:04,516] {mysql.py:70} INFO - Executing: INSERT IGNORE INTO standardized.nations
WITH data_last_5_minutes AS (
	SELECT
		DISTINCT 
		CAST(N_NATIONKEY AS SIGNED) AS NATION_KEY,
		N_NAME AS NATION_NAME,
		CAST(N_REGIONKEY AS SIGNED) AS REGION_KEY,
		N_COMMENT AS NATION_COMMENT,
		NOW() AS INGESTION_TIMESTAMP
	FROM
		datalake.NATION
	WHERE 
		INGESTION_TIMESTAMP >= DATE_SUB(NOW(), INTERVAL 5 MINUTE)
)

SELECT 
	* 
FROM 
	data_last_5_minutes
[2021-08-08 02:20:04,575] {base.py:78} INFO - Using connection to: id: dwh_id. Host: dwh, Port: 3306, Schema: , Login: root, Password: ***, extra: {}
[2021-08-08 02:20:04,647] {dbapi.py:204} INFO - Running statement: INSERT IGNORE INTO standardized.nations
WITH data_last_5_minutes AS (
	SELECT
		DISTINCT 
		CAST(N_NATIONKEY AS SIGNED) AS NATION_KEY,
		N_NAME AS NATION_NAME,
		CAST(N_REGIONKEY AS SIGNED) AS REGION_KEY,
		N_COMMENT AS NATION_COMMENT,
		NOW() AS INGESTION_TIMESTAMP
	FROM
		datalake.NATION
	WHERE 
		INGESTION_TIMESTAMP >= DATE_SUB(NOW(), INTERVAL 5 MINUTE)
)

SELECT 
	* 
FROM 
	data_last_5_minutes, parameters: None
[2021-08-08 02:20:04,657] {dbapi.py:212} INFO - Rows affected: 0
[2021-08-08 02:20:04,729] {taskinstance.py:1211} INFO - Marking task as SUCCESS. dag_id=standardized_pipeline, task_id=standardized_nations, execution_date=20210808T021500, start_date=20210808T022003, end_date=20210808T022004
[2021-08-08 02:20:04,857] {taskinstance.py:1265} INFO - 0 downstream tasks scheduled from follow-on schedule check
[2021-08-08 02:20:04,947] {local_task_job.py:149} INFO - Task exited with return code 0
