[2021-08-07 14:25:01,185] {taskinstance.py:896} INFO - Dependencies all met for <TaskInstance: to_datalake_pipeline.extract_from_git 2021-08-07T14:20:00+00:00 [queued]>
[2021-08-07 14:25:01,213] {taskinstance.py:896} INFO - Dependencies all met for <TaskInstance: to_datalake_pipeline.extract_from_git 2021-08-07T14:20:00+00:00 [queued]>
[2021-08-07 14:25:01,214] {taskinstance.py:1087} INFO - 
--------------------------------------------------------------------------------
[2021-08-07 14:25:01,219] {taskinstance.py:1088} INFO - Starting attempt 1 of 1
[2021-08-07 14:25:01,222] {taskinstance.py:1089} INFO - 
--------------------------------------------------------------------------------
[2021-08-07 14:25:01,237] {taskinstance.py:1107} INFO - Executing <Task(PythonOperator): extract_from_git> on 2021-08-07T14:20:00+00:00
[2021-08-07 14:25:01,248] {standard_task_runner.py:52} INFO - Started process 5056 to run task
[2021-08-07 14:25:01,253] {standard_task_runner.py:76} INFO - Running: ['***', 'tasks', 'run', 'to_datalake_pipeline', 'extract_from_git', '2021-08-07T14:20:00+00:00', '--job-id', '97', '--pool', 'default_pool', '--raw', '--subdir', 'DAGS_FOLDER/to_datalake_pipeline.py', '--cfg-path', '/tmp/tmpbmur86df', '--error-file', '/tmp/tmp8702ky_1']
[2021-08-07 14:25:01,254] {standard_task_runner.py:77} INFO - Job 97: Subtask extract_from_git
[2021-08-07 14:25:01,334] {logging_mixin.py:104} INFO - Running <TaskInstance: to_datalake_pipeline.extract_from_git 2021-08-07T14:20:00+00:00 [running]> on host ab70d6dafbc6
[2021-08-07 14:25:01,412] {taskinstance.py:1302} INFO - Exporting the following env vars:
AIRFLOW_CTX_DAG_OWNER=***
AIRFLOW_CTX_DAG_ID=to_datalake_pipeline
AIRFLOW_CTX_TASK_ID=extract_from_git
AIRFLOW_CTX_EXECUTION_DATE=2021-08-07T14:20:00+00:00
AIRFLOW_CTX_DAG_RUN_ID=scheduled__2021-08-07T14:20:00+00:00
[2021-08-07 14:25:01,414] {logging_mixin.py:104} INFO - Downloading data from -> https://raw.githubusercontent.com/rezaprimasatya/DTO-DE-JUN-MID/main/data.zip
[2021-08-07 14:25:08,545] {logging_mixin.py:104} INFO - Unzipping Data
[2021-08-07 14:25:08,624] {logging_mixin.py:104} INFO - Transform Data to Pandas Dataframe
[2021-08-07 14:25:08,863] {logging_mixin.py:104} INFO - Load data to datalake
[2021-08-07 14:25:08,905] {logging_mixin.py:104} INFO - Load table : REGION
[2021-08-07 14:25:08,941] {logging_mixin.py:104} INFO - Load table : NATION
[2021-08-07 14:25:08,955] {logging_mixin.py:104} INFO - Load table : PART
[2021-08-07 14:25:09,057] {logging_mixin.py:104} INFO - Load table : SUPPLIER
[2021-08-07 14:25:09,076] {logging_mixin.py:104} INFO - Load table : PARTSUPP
[2021-08-07 14:25:09,418] {logging_mixin.py:104} INFO - Load table : CUSTOMER
[2021-08-07 14:25:09,495] {logging_mixin.py:104} INFO - Load table : ORDERS
[2021-08-07 14:25:10,140] {logging_mixin.py:104} INFO - Load table : LINEITEM
[2021-08-07 14:25:14,406] {python.py:151} INFO - Done. Returned value was: None
[2021-08-07 14:25:14,416] {taskinstance.py:1211} INFO - Marking task as SUCCESS. dag_id=to_datalake_pipeline, task_id=extract_from_git, execution_date=20210807T142000, start_date=20210807T142501, end_date=20210807T142514
[2021-08-07 14:25:14,445] {taskinstance.py:1265} INFO - 0 downstream tasks scheduled from follow-on schedule check
[2021-08-07 14:25:14,508] {local_task_job.py:149} INFO - Task exited with return code 0
