[2021-08-07 14:23:13,029] {taskinstance.py:896} INFO - Dependencies all met for <TaskInstance: standardized_pipeline.create_standardized_table_nation 2021-08-07T14:23:11.858380+00:00 [queued]>
[2021-08-07 14:23:13,093] {taskinstance.py:896} INFO - Dependencies all met for <TaskInstance: standardized_pipeline.create_standardized_table_nation 2021-08-07T14:23:11.858380+00:00 [queued]>
[2021-08-07 14:23:13,094] {taskinstance.py:1087} INFO - 
--------------------------------------------------------------------------------
[2021-08-07 14:23:13,094] {taskinstance.py:1088} INFO - Starting attempt 1 of 1
[2021-08-07 14:23:13,095] {taskinstance.py:1089} INFO - 
--------------------------------------------------------------------------------
[2021-08-07 14:23:13,112] {taskinstance.py:1107} INFO - Executing <Task(MySqlOperator): create_standardized_table_nation> on 2021-08-07T14:23:11.858380+00:00
[2021-08-07 14:23:13,123] {standard_task_runner.py:52} INFO - Started process 4858 to run task
[2021-08-07 14:23:13,131] {standard_task_runner.py:76} INFO - Running: ['***', 'tasks', 'run', 'standardized_pipeline', 'create_standardized_table_nation', '2021-08-07T14:23:11.858380+00:00', '--job-id', '76', '--pool', 'default_pool', '--raw', '--subdir', 'DAGS_FOLDER/standardized_pipeline.py', '--cfg-path', '/tmp/tmpeasn3rs6', '--error-file', '/tmp/tmp06s6m44h']
[2021-08-07 14:23:13,135] {standard_task_runner.py:77} INFO - Job 76: Subtask create_standardized_table_nation
[2021-08-07 14:23:13,302] {logging_mixin.py:104} INFO - Running <TaskInstance: standardized_pipeline.create_standardized_table_nation 2021-08-07T14:23:11.858380+00:00 [running]> on host ab70d6dafbc6
[2021-08-07 14:23:13,425] {taskinstance.py:1302} INFO - Exporting the following env vars:
AIRFLOW_CTX_DAG_OWNER=***
AIRFLOW_CTX_DAG_ID=standardized_pipeline
AIRFLOW_CTX_TASK_ID=create_standardized_table_nation
AIRFLOW_CTX_EXECUTION_DATE=2021-08-07T14:23:11.858380+00:00
AIRFLOW_CTX_DAG_RUN_ID=manual__2021-08-07T14:23:11.858380+00:00
[2021-08-07 14:23:13,428] {mysql.py:70} INFO - Executing: CREATE TABLE IF NOT EXISTS standardized.NATION (
  `NATION_KEY` int NOT NULL,
  `NATION_NAME` text NOT NULL,
  `REGION_KEY` int NOT NULL,
  `NATION_COMMENT` text,
  `INGESTION_TIMESTAMP` datetime DEFAULT CURRENT_TIMESTAMP
) ENGINE=InnoDB DEFAULT CHARSET=utf8mb4 COLLATE=utf8mb4_0900_ai_ci;
[2021-08-07 14:23:13,453] {base.py:78} INFO - Using connection to: id: dwh_id. Host: dwh, Port: 3306, Schema: , Login: root, Password: ***, extra: {}
[2021-08-07 14:23:13,484] {dbapi.py:204} INFO - Running statement: CREATE TABLE IF NOT EXISTS standardized.NATION (
  `NATION_KEY` int NOT NULL,
  `NATION_NAME` text NOT NULL,
  `REGION_KEY` int NOT NULL,
  `NATION_COMMENT` text,
  `INGESTION_TIMESTAMP` datetime DEFAULT CURRENT_TIMESTAMP
) ENGINE=InnoDB DEFAULT CHARSET=utf8mb4 COLLATE=utf8mb4_0900_ai_ci;, parameters: None
[2021-08-07 14:23:13,533] {dbapi.py:212} INFO - Rows affected: 0
[2021-08-07 14:23:13,560] {taskinstance.py:1211} INFO - Marking task as SUCCESS. dag_id=standardized_pipeline, task_id=create_standardized_table_nation, execution_date=20210807T142311, start_date=20210807T142313, end_date=20210807T142313
[2021-08-07 14:23:13,675] {taskinstance.py:1265} INFO - 1 downstream tasks scheduled from follow-on schedule check
[2021-08-07 14:23:13,718] {local_task_job.py:149} INFO - Task exited with return code 0
