[2021-08-08 06:07:03,867] {taskinstance.py:896} INFO - Dependencies all met for <TaskInstance: presentation_pipeline.presentation_dim_nations 2021-08-08T06:00:00+00:00 [queued]>
[2021-08-08 06:07:03,892] {taskinstance.py:896} INFO - Dependencies all met for <TaskInstance: presentation_pipeline.presentation_dim_nations 2021-08-08T06:00:00+00:00 [queued]>
[2021-08-08 06:07:03,893] {taskinstance.py:1087} INFO - 
--------------------------------------------------------------------------------
[2021-08-08 06:07:03,894] {taskinstance.py:1088} INFO - Starting attempt 1 of 1
[2021-08-08 06:07:03,895] {taskinstance.py:1089} INFO - 
--------------------------------------------------------------------------------
[2021-08-08 06:07:03,910] {taskinstance.py:1107} INFO - Executing <Task(MySqlOperator): presentation_dim_nations> on 2021-08-08T06:00:00+00:00
[2021-08-08 06:07:03,916] {standard_task_runner.py:52} INFO - Started process 4416 to run task
[2021-08-08 06:07:03,930] {standard_task_runner.py:76} INFO - Running: ['***', 'tasks', 'run', 'presentation_pipeline', 'presentation_dim_nations', '2021-08-08T06:00:00+00:00', '--job-id', '287', '--pool', 'default_pool', '--raw', '--subdir', 'DAGS_FOLDER/presentation_pipeline.py', '--cfg-path', '/tmp/tmpp3nfdn46', '--error-file', '/tmp/tmpgi_47s0h']
[2021-08-08 06:07:03,931] {standard_task_runner.py:77} INFO - Job 287: Subtask presentation_dim_nations
[2021-08-08 06:07:03,996] {logging_mixin.py:104} INFO - Running <TaskInstance: presentation_pipeline.presentation_dim_nations 2021-08-08T06:00:00+00:00 [running]> on host b48e43d568d5
[2021-08-08 06:07:04,069] {taskinstance.py:1302} INFO - Exporting the following env vars:
AIRFLOW_CTX_DAG_OWNER=***
AIRFLOW_CTX_DAG_ID=presentation_pipeline
AIRFLOW_CTX_TASK_ID=presentation_dim_nations
AIRFLOW_CTX_EXECUTION_DATE=2021-08-08T06:00:00+00:00
AIRFLOW_CTX_DAG_RUN_ID=scheduled__2021-08-08T06:00:00+00:00
[2021-08-08 06:07:04,071] {mysql.py:70} INFO - Executing: INSERT IGNORE INTO presentation.nations
SELECT 
	DISTINCT 
	n.NATION_KEY,
	n.NATION_NAME,
	r.REGION_KEY,
	r.REGION_NAME,
	NOW() AS INGESTION_TIMESTAMP
FROM 
	standardized.nations n
LEFT JOIN 
	standardized.regions r
	ON n.REGION_KEY = r.REGION_KEY 
WHERE 
	n.INGESTION_TIMESTAMP >= DATE_SUB(NOW(), INTERVAL 5 MINUTE)
[2021-08-08 06:07:04,082] {base.py:78} INFO - Using connection to: id: dwh_id. Host: dwh, Port: 3306, Schema: , Login: root, Password: ***, extra: {}
[2021-08-08 06:07:04,103] {dbapi.py:204} INFO - Running statement: INSERT IGNORE INTO presentation.nations
SELECT 
	DISTINCT 
	n.NATION_KEY,
	n.NATION_NAME,
	r.REGION_KEY,
	r.REGION_NAME,
	NOW() AS INGESTION_TIMESTAMP
FROM 
	standardized.nations n
LEFT JOIN 
	standardized.regions r
	ON n.REGION_KEY = r.REGION_KEY 
WHERE 
	n.INGESTION_TIMESTAMP >= DATE_SUB(NOW(), INTERVAL 5 MINUTE), parameters: None
[2021-08-08 06:07:04,106] {dbapi.py:212} INFO - Rows affected: 0
[2021-08-08 06:07:04,122] {taskinstance.py:1211} INFO - Marking task as SUCCESS. dag_id=presentation_pipeline, task_id=presentation_dim_nations, execution_date=20210808T060000, start_date=20210808T060703, end_date=20210808T060704
[2021-08-08 06:07:04,151] {taskinstance.py:1265} INFO - 0 downstream tasks scheduled from follow-on schedule check
[2021-08-08 06:07:04,179] {local_task_job.py:149} INFO - Task exited with return code 0
[2021-08-08 07:34:21,340] {taskinstance.py:896} INFO - Dependencies all met for <TaskInstance: presentation_pipeline.presentation_dim_nations 2021-08-08T06:00:00+00:00 [queued]>
[2021-08-08 07:34:21,367] {taskinstance.py:896} INFO - Dependencies all met for <TaskInstance: presentation_pipeline.presentation_dim_nations 2021-08-08T06:00:00+00:00 [queued]>
[2021-08-08 07:34:21,368] {taskinstance.py:1087} INFO - 
--------------------------------------------------------------------------------
[2021-08-08 07:34:21,368] {taskinstance.py:1088} INFO - Starting attempt 1 of 1
[2021-08-08 07:34:21,369] {taskinstance.py:1089} INFO - 
--------------------------------------------------------------------------------
[2021-08-08 07:34:21,385] {taskinstance.py:1107} INFO - Executing <Task(MySqlOperator): presentation_dim_nations> on 2021-08-08T06:00:00+00:00
[2021-08-08 07:34:21,394] {standard_task_runner.py:76} INFO - Running: ['***', 'tasks', 'run', 'presentation_pipeline', 'presentation_dim_nations', '2021-08-08T06:00:00+00:00', '--job-id', '26', '--pool', 'default_pool', '--raw', '--subdir', 'DAGS_FOLDER/presentation_pipeline.py', '--cfg-path', '/tmp/tmpbxme_evu', '--error-file', '/tmp/tmp5sybnhbc']
[2021-08-08 07:34:21,395] {standard_task_runner.py:77} INFO - Job 26: Subtask presentation_dim_nations
[2021-08-08 07:34:21,390] {standard_task_runner.py:52} INFO - Started process 478 to run task
[2021-08-08 07:34:21,453] {logging_mixin.py:104} INFO - Running <TaskInstance: presentation_pipeline.presentation_dim_nations 2021-08-08T06:00:00+00:00 [running]> on host d501b83ad3fd
[2021-08-08 07:34:21,558] {taskinstance.py:1302} INFO - Exporting the following env vars:
AIRFLOW_CTX_DAG_OWNER=***
AIRFLOW_CTX_DAG_ID=presentation_pipeline
AIRFLOW_CTX_TASK_ID=presentation_dim_nations
AIRFLOW_CTX_EXECUTION_DATE=2021-08-08T06:00:00+00:00
AIRFLOW_CTX_DAG_RUN_ID=scheduled__2021-08-08T06:00:00+00:00
[2021-08-08 07:34:21,559] {mysql.py:70} INFO - Executing: INSERT IGNORE INTO presentation.nations
SELECT 
	DISTINCT 
	n.NATION_KEY,
	n.NATION_NAME,
	r.REGION_KEY,
	r.REGION_NAME,
	NOW() AS INGESTION_TIMESTAMP
FROM 
	standardized.nations n
LEFT JOIN 
	standardized.regions r
	ON n.REGION_KEY = r.REGION_KEY 
WHERE 
	n.INGESTION_TIMESTAMP >= DATE_SUB(NOW(), INTERVAL 1 HOUR)
[2021-08-08 07:34:21,575] {base.py:78} INFO - Using connection to: id: dwh_id. Host: dwh, Port: 3306, Schema: , Login: root, Password: ***, extra: {}
[2021-08-08 07:34:21,588] {dbapi.py:204} INFO - Running statement: INSERT IGNORE INTO presentation.nations
SELECT 
	DISTINCT 
	n.NATION_KEY,
	n.NATION_NAME,
	r.REGION_KEY,
	r.REGION_NAME,
	NOW() AS INGESTION_TIMESTAMP
FROM 
	standardized.nations n
LEFT JOIN 
	standardized.regions r
	ON n.REGION_KEY = r.REGION_KEY 
WHERE 
	n.INGESTION_TIMESTAMP >= DATE_SUB(NOW(), INTERVAL 1 HOUR), parameters: None
[2021-08-08 07:34:21,591] {dbapi.py:212} INFO - Rows affected: 0
[2021-08-08 07:34:21,609] {taskinstance.py:1211} INFO - Marking task as SUCCESS. dag_id=presentation_pipeline, task_id=presentation_dim_nations, execution_date=20210808T060000, start_date=20210808T073421, end_date=20210808T073421
[2021-08-08 07:34:21,635] {taskinstance.py:1265} INFO - 0 downstream tasks scheduled from follow-on schedule check
[2021-08-08 07:34:21,694] {local_task_job.py:149} INFO - Task exited with return code 0
[2021-08-08 07:48:10,436] {taskinstance.py:896} INFO - Dependencies all met for <TaskInstance: presentation_pipeline.presentation_dim_nations 2021-08-08T06:00:00+00:00 [queued]>
[2021-08-08 07:48:10,457] {taskinstance.py:896} INFO - Dependencies all met for <TaskInstance: presentation_pipeline.presentation_dim_nations 2021-08-08T06:00:00+00:00 [queued]>
[2021-08-08 07:48:10,458] {taskinstance.py:1087} INFO - 
--------------------------------------------------------------------------------
[2021-08-08 07:48:10,458] {taskinstance.py:1088} INFO - Starting attempt 1 of 1
[2021-08-08 07:48:10,459] {taskinstance.py:1089} INFO - 
--------------------------------------------------------------------------------
[2021-08-08 07:48:10,475] {taskinstance.py:1107} INFO - Executing <Task(MySqlOperator): presentation_dim_nations> on 2021-08-08T06:00:00+00:00
[2021-08-08 07:48:10,481] {standard_task_runner.py:52} INFO - Started process 522 to run task
[2021-08-08 07:48:10,488] {standard_task_runner.py:76} INFO - Running: ['***', 'tasks', 'run', 'presentation_pipeline', 'presentation_dim_nations', '2021-08-08T06:00:00+00:00', '--job-id', '29', '--pool', 'default_pool', '--raw', '--subdir', 'DAGS_FOLDER/presentation_pipeline.py', '--cfg-path', '/tmp/tmpmxsa9ycn', '--error-file', '/tmp/tmp9l0ae5fm']
[2021-08-08 07:48:10,490] {standard_task_runner.py:77} INFO - Job 29: Subtask presentation_dim_nations
[2021-08-08 07:48:10,564] {logging_mixin.py:104} INFO - Running <TaskInstance: presentation_pipeline.presentation_dim_nations 2021-08-08T06:00:00+00:00 [running]> on host 0540c8fa99d2
[2021-08-08 07:48:10,654] {taskinstance.py:1302} INFO - Exporting the following env vars:
AIRFLOW_CTX_DAG_OWNER=***
AIRFLOW_CTX_DAG_ID=presentation_pipeline
AIRFLOW_CTX_TASK_ID=presentation_dim_nations
AIRFLOW_CTX_EXECUTION_DATE=2021-08-08T06:00:00+00:00
AIRFLOW_CTX_DAG_RUN_ID=scheduled__2021-08-08T06:00:00+00:00
[2021-08-08 07:48:10,655] {mysql.py:70} INFO - Executing: INSERT IGNORE INTO presentation.nations
SELECT 
	DISTINCT 
	n.NATION_KEY,
	n.NATION_NAME,
	r.REGION_KEY,
	r.REGION_NAME,
	NOW() AS INGESTION_TIMESTAMP
FROM 
	standardized.nations n
LEFT JOIN 
	standardized.regions r
	ON n.REGION_KEY = r.REGION_KEY 
WHERE 
	n.INGESTION_TIMESTAMP >= DATE_SUB(NOW(), INTERVAL 1 HOUR)
[2021-08-08 07:48:10,669] {base.py:78} INFO - Using connection to: id: dwh_id. Host: dwh, Port: 3306, Schema: , Login: root, Password: ***, extra: {}
[2021-08-08 07:48:10,681] {dbapi.py:204} INFO - Running statement: INSERT IGNORE INTO presentation.nations
SELECT 
	DISTINCT 
	n.NATION_KEY,
	n.NATION_NAME,
	r.REGION_KEY,
	r.REGION_NAME,
	NOW() AS INGESTION_TIMESTAMP
FROM 
	standardized.nations n
LEFT JOIN 
	standardized.regions r
	ON n.REGION_KEY = r.REGION_KEY 
WHERE 
	n.INGESTION_TIMESTAMP >= DATE_SUB(NOW(), INTERVAL 1 HOUR), parameters: None
[2021-08-08 07:48:10,685] {dbapi.py:212} INFO - Rows affected: 0
[2021-08-08 07:48:10,697] {taskinstance.py:1211} INFO - Marking task as SUCCESS. dag_id=presentation_pipeline, task_id=presentation_dim_nations, execution_date=20210808T060000, start_date=20210808T074810, end_date=20210808T074810
[2021-08-08 07:48:10,719] {taskinstance.py:1265} INFO - 0 downstream tasks scheduled from follow-on schedule check
[2021-08-08 07:48:10,748] {local_task_job.py:149} INFO - Task exited with return code 0
