[2021-08-08 08:04:28,273] {taskinstance.py:896} INFO - Dependencies all met for <TaskInstance: standardized_pipeline.create_standardized_table_nations 2021-08-08T07:00:00+00:00 [queued]>
[2021-08-08 08:04:28,334] {taskinstance.py:896} INFO - Dependencies all met for <TaskInstance: standardized_pipeline.create_standardized_table_nations 2021-08-08T07:00:00+00:00 [queued]>
[2021-08-08 08:04:28,335] {taskinstance.py:1087} INFO - 
--------------------------------------------------------------------------------
[2021-08-08 08:04:28,336] {taskinstance.py:1088} INFO - Starting attempt 2 of 11
[2021-08-08 08:04:28,337] {taskinstance.py:1089} INFO - 
--------------------------------------------------------------------------------
[2021-08-08 08:04:28,351] {taskinstance.py:1107} INFO - Executing <Task(MySqlOperator): create_standardized_table_nations> on 2021-08-08T07:00:00+00:00
[2021-08-08 08:04:28,364] {standard_task_runner.py:76} INFO - Running: ['***', 'tasks', 'run', 'standardized_pipeline', 'create_standardized_table_nations', '2021-08-08T07:00:00+00:00', '--job-id', '17', '--pool', 'default_pool', '--raw', '--subdir', 'DAGS_FOLDER/standardized_pipeline.py', '--cfg-path', '/tmp/tmp8r8g1p5l', '--error-file', '/tmp/tmpnxrukxka']
[2021-08-08 08:04:28,367] {standard_task_runner.py:77} INFO - Job 17: Subtask create_standardized_table_nations
[2021-08-08 08:04:28,358] {standard_task_runner.py:52} INFO - Started process 1047 to run task
[2021-08-08 08:04:28,433] {logging_mixin.py:104} INFO - Running <TaskInstance: standardized_pipeline.create_standardized_table_nations 2021-08-08T07:00:00+00:00 [running]> on host e453c42896df
[2021-08-08 08:04:28,517] {taskinstance.py:1302} INFO - Exporting the following env vars:
AIRFLOW_CTX_DAG_OWNER=***
AIRFLOW_CTX_DAG_ID=standardized_pipeline
AIRFLOW_CTX_TASK_ID=create_standardized_table_nations
AIRFLOW_CTX_EXECUTION_DATE=2021-08-08T07:00:00+00:00
AIRFLOW_CTX_DAG_RUN_ID=scheduled__2021-08-08T07:00:00+00:00
[2021-08-08 08:04:28,518] {mysql.py:70} INFO - Executing: CREATE TABLE IF NOT EXISTS standardized.nations (INGESTION_TIMESTAMP TIMESTAMP NOT NULL DEFAULT CURRENT_TIMESTAMP) AS
WITH timeframed_data AS (
	SELECT
		DISTINCT 
		CAST(N_NATIONKEY AS SIGNED) AS NATION_KEY,
		N_NAME AS NATION_NAME,
		CAST(N_REGIONKEY AS SIGNED) AS REGION_KEY,
		N_COMMENT AS NATION_COMMENT,
		NOW() AS INGESTION_TIMESTAMP
	FROM
		datalake.NATION n
	WHERE 
		n.INGESTION_TIMESTAMP >= DATE_SUB(NOW(), INTERVAL 1 HOUR)
)

SELECT 
	* 
FROM 
	timeframed_data
LIMIT 0
[2021-08-08 08:04:28,533] {base.py:78} INFO - Using connection to: id: dwh_id. Host: dwh, Port: 3306, Schema: , Login: root, Password: ***, extra: {}
[2021-08-08 08:04:28,551] {dbapi.py:204} INFO - Running statement: CREATE TABLE IF NOT EXISTS standardized.nations (INGESTION_TIMESTAMP TIMESTAMP NOT NULL DEFAULT CURRENT_TIMESTAMP) AS
WITH timeframed_data AS (
	SELECT
		DISTINCT 
		CAST(N_NATIONKEY AS SIGNED) AS NATION_KEY,
		N_NAME AS NATION_NAME,
		CAST(N_REGIONKEY AS SIGNED) AS REGION_KEY,
		N_COMMENT AS NATION_COMMENT,
		NOW() AS INGESTION_TIMESTAMP
	FROM
		datalake.NATION n
	WHERE 
		n.INGESTION_TIMESTAMP >= DATE_SUB(NOW(), INTERVAL 1 HOUR)
)

SELECT 
	* 
FROM 
	timeframed_data
LIMIT 0, parameters: None
[2021-08-08 08:04:28,577] {dbapi.py:212} INFO - Rows affected: 0
[2021-08-08 08:04:28,591] {taskinstance.py:1211} INFO - Marking task as SUCCESS. dag_id=standardized_pipeline, task_id=create_standardized_table_nations, execution_date=20210808T070000, start_date=20210808T080428, end_date=20210808T080428
[2021-08-08 08:04:28,726] {taskinstance.py:1265} INFO - 1 downstream tasks scheduled from follow-on schedule check
[2021-08-08 08:04:28,759] {local_task_job.py:149} INFO - Task exited with return code 0
[2021-08-08 08:20:21,750] {taskinstance.py:896} INFO - Dependencies all met for <TaskInstance: standardized_pipeline.create_standardized_table_nations 2021-08-08T07:00:00+00:00 [queued]>
[2021-08-08 08:20:21,773] {taskinstance.py:896} INFO - Dependencies all met for <TaskInstance: standardized_pipeline.create_standardized_table_nations 2021-08-08T07:00:00+00:00 [queued]>
[2021-08-08 08:20:21,774] {taskinstance.py:1087} INFO - 
--------------------------------------------------------------------------------
[2021-08-08 08:20:21,774] {taskinstance.py:1088} INFO - Starting attempt 2 of 11
[2021-08-08 08:20:21,775] {taskinstance.py:1089} INFO - 
--------------------------------------------------------------------------------
[2021-08-08 08:20:21,786] {taskinstance.py:1107} INFO - Executing <Task(MySqlOperator): create_standardized_table_nations> on 2021-08-08T07:00:00+00:00
[2021-08-08 08:20:21,793] {standard_task_runner.py:52} INFO - Started process 371 to run task
[2021-08-08 08:20:21,802] {standard_task_runner.py:76} INFO - Running: ['***', 'tasks', 'run', 'standardized_pipeline', 'create_standardized_table_nations', '2021-08-08T07:00:00+00:00', '--job-id', '14', '--pool', 'default_pool', '--raw', '--subdir', 'DAGS_FOLDER/standardized_pipeline.py', '--cfg-path', '/tmp/tmpnccl8ygp', '--error-file', '/tmp/tmpuorhqj08']
[2021-08-08 08:20:21,804] {standard_task_runner.py:77} INFO - Job 14: Subtask create_standardized_table_nations
[2021-08-08 08:20:21,892] {logging_mixin.py:104} INFO - Running <TaskInstance: standardized_pipeline.create_standardized_table_nations 2021-08-08T07:00:00+00:00 [running]> on host 99d60a4279b8
[2021-08-08 08:20:22,004] {taskinstance.py:1302} INFO - Exporting the following env vars:
AIRFLOW_CTX_DAG_OWNER=***
AIRFLOW_CTX_DAG_ID=standardized_pipeline
AIRFLOW_CTX_TASK_ID=create_standardized_table_nations
AIRFLOW_CTX_EXECUTION_DATE=2021-08-08T07:00:00+00:00
AIRFLOW_CTX_DAG_RUN_ID=scheduled__2021-08-08T07:00:00+00:00
[2021-08-08 08:20:22,005] {mysql.py:70} INFO - Executing: CREATE TABLE IF NOT EXISTS standardized.nations (INGESTION_TIMESTAMP TIMESTAMP NOT NULL DEFAULT CURRENT_TIMESTAMP) AS
WITH timeframed_data AS (
	SELECT
		DISTINCT 
		CAST(N_NATIONKEY AS SIGNED) AS NATION_KEY,
		N_NAME AS NATION_NAME,
		CAST(N_REGIONKEY AS SIGNED) AS REGION_KEY,
		N_COMMENT AS NATION_COMMENT,
		NOW() AS INGESTION_TIMESTAMP
	FROM
		datalake.NATION n
	WHERE 
		n.INGESTION_TIMESTAMP >= DATE_SUB(NOW(), INTERVAL 1 HOUR)
)

SELECT 
	* 
FROM 
	timeframed_data
LIMIT 0
[2021-08-08 08:20:22,026] {base.py:78} INFO - Using connection to: id: dwh_id. Host: dwh, Port: 3306, Schema: , Login: root, Password: ***, extra: {}
[2021-08-08 08:20:22,039] {dbapi.py:204} INFO - Running statement: CREATE TABLE IF NOT EXISTS standardized.nations (INGESTION_TIMESTAMP TIMESTAMP NOT NULL DEFAULT CURRENT_TIMESTAMP) AS
WITH timeframed_data AS (
	SELECT
		DISTINCT 
		CAST(N_NATIONKEY AS SIGNED) AS NATION_KEY,
		N_NAME AS NATION_NAME,
		CAST(N_REGIONKEY AS SIGNED) AS REGION_KEY,
		N_COMMENT AS NATION_COMMENT,
		NOW() AS INGESTION_TIMESTAMP
	FROM
		datalake.NATION n
	WHERE 
		n.INGESTION_TIMESTAMP >= DATE_SUB(NOW(), INTERVAL 1 HOUR)
)

SELECT 
	* 
FROM 
	timeframed_data
LIMIT 0, parameters: None
[2021-08-08 08:20:22,063] {dbapi.py:212} INFO - Rows affected: 0
[2021-08-08 08:20:22,082] {taskinstance.py:1211} INFO - Marking task as SUCCESS. dag_id=standardized_pipeline, task_id=create_standardized_table_nations, execution_date=20210808T070000, start_date=20210808T082021, end_date=20210808T082022
[2021-08-08 08:20:22,128] {taskinstance.py:1265} INFO - 1 downstream tasks scheduled from follow-on schedule check
[2021-08-08 08:20:22,180] {local_task_job.py:149} INFO - Task exited with return code 0
