[2021-08-08 01:15:00,852] {taskinstance.py:896} INFO - Dependencies all met for <TaskInstance: to_datalake_pipeline.extract_from_git 2021-08-08T01:10:00+00:00 [queued]>
[2021-08-08 01:15:00,862] {taskinstance.py:896} INFO - Dependencies all met for <TaskInstance: to_datalake_pipeline.extract_from_git 2021-08-08T01:10:00+00:00 [queued]>
[2021-08-08 01:15:00,863] {taskinstance.py:1087} INFO - 
--------------------------------------------------------------------------------
[2021-08-08 01:15:00,863] {taskinstance.py:1088} INFO - Starting attempt 1 of 1
[2021-08-08 01:15:00,864] {taskinstance.py:1089} INFO - 
--------------------------------------------------------------------------------
[2021-08-08 01:15:00,877] {taskinstance.py:1107} INFO - Executing <Task(PythonOperator): extract_from_git> on 2021-08-08T01:10:00+00:00
[2021-08-08 01:15:00,883] {standard_task_runner.py:52} INFO - Started process 159 to run task
[2021-08-08 01:15:00,887] {standard_task_runner.py:76} INFO - Running: ['***', 'tasks', 'run', 'to_datalake_pipeline', 'extract_from_git', '2021-08-08T01:10:00+00:00', '--job-id', '3', '--pool', 'default_pool', '--raw', '--subdir', 'DAGS_FOLDER/to_datalake_pipeline.py', '--cfg-path', '/tmp/tmp2hwxmn8y', '--error-file', '/tmp/tmppnmc_cwu']
[2021-08-08 01:15:00,888] {standard_task_runner.py:77} INFO - Job 3: Subtask extract_from_git
[2021-08-08 01:15:00,936] {logging_mixin.py:104} INFO - Running <TaskInstance: to_datalake_pipeline.extract_from_git 2021-08-08T01:10:00+00:00 [running]> on host 0ae5e47d1a95
[2021-08-08 01:15:01,004] {taskinstance.py:1302} INFO - Exporting the following env vars:
AIRFLOW_CTX_DAG_OWNER=***
AIRFLOW_CTX_DAG_ID=to_datalake_pipeline
AIRFLOW_CTX_TASK_ID=extract_from_git
AIRFLOW_CTX_EXECUTION_DATE=2021-08-08T01:10:00+00:00
AIRFLOW_CTX_DAG_RUN_ID=scheduled__2021-08-08T01:10:00+00:00
[2021-08-08 01:15:01,015] {logging_mixin.py:104} INFO - Downloading data from -> https://raw.githubusercontent.com/rezaprimasatya/DTO-DE-JUN-MID/main/data.zip
[2021-08-08 01:15:09,652] {logging_mixin.py:104} INFO - Unzipping Data
[2021-08-08 01:15:09,722] {logging_mixin.py:104} INFO - Transform Data to Pandas Dataframe
[2021-08-08 01:15:09,900] {logging_mixin.py:104} INFO - Load data to datalake
[2021-08-08 01:15:09,939] {logging_mixin.py:104} INFO - Load table : REGION
[2021-08-08 01:15:09,977] {logging_mixin.py:104} INFO - Load table : NATION
[2021-08-08 01:15:09,992] {logging_mixin.py:104} INFO - Load table : PART
[2021-08-08 01:15:10,133] {logging_mixin.py:104} INFO - Load table : SUPPLIER
[2021-08-08 01:15:10,153] {logging_mixin.py:104} INFO - Load table : PARTSUPP
[2021-08-08 01:15:10,515] {logging_mixin.py:104} INFO - Load table : CUSTOMER
[2021-08-08 01:15:10,657] {logging_mixin.py:104} INFO - Load table : ORDERS
[2021-08-08 01:15:11,294] {logging_mixin.py:104} INFO - Load table : LINEITEM
[2021-08-08 01:15:14,880] {python.py:151} INFO - Done. Returned value was: None
[2021-08-08 01:15:14,889] {taskinstance.py:1211} INFO - Marking task as SUCCESS. dag_id=to_datalake_pipeline, task_id=extract_from_git, execution_date=20210808T011000, start_date=20210808T011500, end_date=20210808T011514
[2021-08-08 01:15:14,912] {taskinstance.py:1265} INFO - 0 downstream tasks scheduled from follow-on schedule check
[2021-08-08 01:15:14,944] {local_task_job.py:149} INFO - Task exited with return code 0
