[2021-08-08 02:17:29,703] {taskinstance.py:896} INFO - Dependencies all met for <TaskInstance: standardized_pipeline.standardized_suppliers 2021-08-08T02:10:00+00:00 [queued]>
[2021-08-08 02:17:29,877] {taskinstance.py:896} INFO - Dependencies all met for <TaskInstance: standardized_pipeline.standardized_suppliers 2021-08-08T02:10:00+00:00 [queued]>
[2021-08-08 02:17:29,880] {taskinstance.py:1087} INFO - 
--------------------------------------------------------------------------------
[2021-08-08 02:17:29,883] {taskinstance.py:1088} INFO - Starting attempt 1 of 1
[2021-08-08 02:17:29,886] {taskinstance.py:1089} INFO - 
--------------------------------------------------------------------------------
[2021-08-08 02:17:29,938] {taskinstance.py:1107} INFO - Executing <Task(MySqlOperator): standardized_suppliers> on 2021-08-08T02:10:00+00:00
[2021-08-08 02:17:30,001] {standard_task_runner.py:76} INFO - Running: ['***', 'tasks', 'run', 'standardized_pipeline', 'standardized_suppliers', '2021-08-08T02:10:00+00:00', '--job-id', '35', '--pool', 'default_pool', '--raw', '--subdir', 'DAGS_FOLDER/standardized_pipeline.py', '--cfg-path', '/tmp/tmpw2vk4t_h', '--error-file', '/tmp/tmpyzx8upx0']
[2021-08-08 02:17:30,006] {standard_task_runner.py:77} INFO - Job 35: Subtask standardized_suppliers
[2021-08-08 02:17:29,974] {standard_task_runner.py:52} INFO - Started process 698 to run task
[2021-08-08 02:17:30,308] {logging_mixin.py:104} INFO - Running <TaskInstance: standardized_pipeline.standardized_suppliers 2021-08-08T02:10:00+00:00 [running]> on host d995c427c378
[2021-08-08 02:17:30,630] {taskinstance.py:1302} INFO - Exporting the following env vars:
AIRFLOW_CTX_DAG_OWNER=***
AIRFLOW_CTX_DAG_ID=standardized_pipeline
AIRFLOW_CTX_TASK_ID=standardized_suppliers
AIRFLOW_CTX_EXECUTION_DATE=2021-08-08T02:10:00+00:00
AIRFLOW_CTX_DAG_RUN_ID=scheduled__2021-08-08T02:10:00+00:00
[2021-08-08 02:17:30,639] {mysql.py:70} INFO - Executing: INSERT IGNORE INTO standardized.suppliers
WITH data_last_5_minutes AS (
	SELECT
        DISTINCT
        CAST(S_SUPPKEY AS SIGNED) AS SUPPLIER_KEY,
        S_NAME AS SUPPLIER_NAME,
        S_ADDRESS AS SUPPLIER_ADDRESS,
        CAST(S_NATIONKEY AS SIGNED) AS NATION_KEY,
        S_PHONE AS SUPPLIER_PHONE,
        S_ACCTBAL AS SUPPLIER_ACCOUNT_BALANCE_TOTAL,
        S_COMMENT AS SUPPLIER_COMMENT,
        NOW() AS INGESTION_TIMESTAMP
    FROM
        datalake.SUPPLIER
    WHERE 
        INGESTION_TIMESTAMP >= DATE_SUB(NOW(), INTERVAL 5 MINUTE)
)

SELECT 
	* 
FROM 
	data_last_5_minutes
[2021-08-08 02:17:30,715] {base.py:78} INFO - Using connection to: id: dwh_id. Host: dwh, Port: 3306, Schema: , Login: root, Password: ***, extra: {}
[2021-08-08 02:17:30,781] {dbapi.py:204} INFO - Running statement: INSERT IGNORE INTO standardized.suppliers
WITH data_last_5_minutes AS (
	SELECT
        DISTINCT
        CAST(S_SUPPKEY AS SIGNED) AS SUPPLIER_KEY,
        S_NAME AS SUPPLIER_NAME,
        S_ADDRESS AS SUPPLIER_ADDRESS,
        CAST(S_NATIONKEY AS SIGNED) AS NATION_KEY,
        S_PHONE AS SUPPLIER_PHONE,
        S_ACCTBAL AS SUPPLIER_ACCOUNT_BALANCE_TOTAL,
        S_COMMENT AS SUPPLIER_COMMENT,
        NOW() AS INGESTION_TIMESTAMP
    FROM
        datalake.SUPPLIER
    WHERE 
        INGESTION_TIMESTAMP >= DATE_SUB(NOW(), INTERVAL 5 MINUTE)
)

SELECT 
	* 
FROM 
	data_last_5_minutes, parameters: None
[2021-08-08 02:17:30,792] {dbapi.py:212} INFO - Rows affected: 0
[2021-08-08 02:17:30,862] {taskinstance.py:1211} INFO - Marking task as SUCCESS. dag_id=standardized_pipeline, task_id=standardized_suppliers, execution_date=20210808T021000, start_date=20210808T021729, end_date=20210808T021730
[2021-08-08 02:17:31,032] {taskinstance.py:1265} INFO - 0 downstream tasks scheduled from follow-on schedule check
[2021-08-08 02:17:31,094] {local_task_job.py:149} INFO - Task exited with return code 0
