[2021-08-08 06:55:51,741] {taskinstance.py:896} INFO - Dependencies all met for <TaskInstance: presentation_pipeline.create_presentation_table_dim_nations 2021-08-08T06:45:00+00:00 [queued]>
[2021-08-08 06:55:51,758] {taskinstance.py:896} INFO - Dependencies all met for <TaskInstance: presentation_pipeline.create_presentation_table_dim_nations 2021-08-08T06:45:00+00:00 [queued]>
[2021-08-08 06:55:51,759] {taskinstance.py:1087} INFO - 
--------------------------------------------------------------------------------
[2021-08-08 06:55:51,760] {taskinstance.py:1088} INFO - Starting attempt 1 of 1
[2021-08-08 06:55:51,761] {taskinstance.py:1089} INFO - 
--------------------------------------------------------------------------------
[2021-08-08 06:55:51,771] {taskinstance.py:1107} INFO - Executing <Task(MySqlOperator): create_presentation_table_dim_nations> on 2021-08-08T06:45:00+00:00
[2021-08-08 06:55:51,776] {standard_task_runner.py:52} INFO - Started process 388 to run task
[2021-08-08 06:55:51,781] {standard_task_runner.py:76} INFO - Running: ['***', 'tasks', 'run', 'presentation_pipeline', 'create_presentation_table_dim_nations', '2021-08-08T06:45:00+00:00', '--job-id', '23', '--pool', 'default_pool', '--raw', '--subdir', 'DAGS_FOLDER/presentation_pipeline.py', '--cfg-path', '/tmp/tmp1zk62_1m', '--error-file', '/tmp/tmp5_5pckq9']
[2021-08-08 06:55:51,782] {standard_task_runner.py:77} INFO - Job 23: Subtask create_presentation_table_dim_nations
[2021-08-08 06:55:51,840] {logging_mixin.py:104} INFO - Running <TaskInstance: presentation_pipeline.create_presentation_table_dim_nations 2021-08-08T06:45:00+00:00 [running]> on host 7107cfc639af
[2021-08-08 06:55:51,900] {taskinstance.py:1302} INFO - Exporting the following env vars:
AIRFLOW_CTX_DAG_OWNER=***
AIRFLOW_CTX_DAG_ID=presentation_pipeline
AIRFLOW_CTX_TASK_ID=create_presentation_table_dim_nations
AIRFLOW_CTX_EXECUTION_DATE=2021-08-08T06:45:00+00:00
AIRFLOW_CTX_DAG_RUN_ID=scheduled__2021-08-08T06:45:00+00:00
[2021-08-08 06:55:51,902] {mysql.py:70} INFO - Executing: CREATE TABLE IF NOT EXISTS presentation.nations (
    NATION_KEY INT NOT NULL,
    INGESTION_TIMESTAMP TIMESTAMP NOT NULL DEFAULT CURRENT_TIMESTAMP,
    CONSTRAINT `NATIONS_PK` PRIMARY KEY (NATION_KEY)
) AS

SELECT 
	DISTINCT 
	n.NATION_KEY,
	n.NATION_NAME,
	r.REGION_KEY,
	r.REGION_NAME,
	NOW() AS INGESTION_TIMESTAMP
FROM 
	standardized.nations n
LEFT JOIN 
	standardized.regions r
	ON n.REGION_KEY = r.REGION_KEY 
WHERE 
	n.INGESTION_TIMESTAMP >= DATE_SUB(NOW(), INTERVAL 5 MINUTE)
[2021-08-08 06:55:51,911] {base.py:78} INFO - Using connection to: id: dwh_id. Host: dwh, Port: 3306, Schema: , Login: root, Password: ***, extra: {}
[2021-08-08 06:55:51,920] {dbapi.py:204} INFO - Running statement: CREATE TABLE IF NOT EXISTS presentation.nations (
    NATION_KEY INT NOT NULL,
    INGESTION_TIMESTAMP TIMESTAMP NOT NULL DEFAULT CURRENT_TIMESTAMP,
    CONSTRAINT `NATIONS_PK` PRIMARY KEY (NATION_KEY)
) AS

SELECT 
	DISTINCT 
	n.NATION_KEY,
	n.NATION_NAME,
	r.REGION_KEY,
	r.REGION_NAME,
	NOW() AS INGESTION_TIMESTAMP
FROM 
	standardized.nations n
LEFT JOIN 
	standardized.regions r
	ON n.REGION_KEY = r.REGION_KEY 
WHERE 
	n.INGESTION_TIMESTAMP >= DATE_SUB(NOW(), INTERVAL 5 MINUTE), parameters: None
[2021-08-08 06:55:51,937] {dbapi.py:212} INFO - Rows affected: 25
[2021-08-08 06:55:51,949] {taskinstance.py:1211} INFO - Marking task as SUCCESS. dag_id=presentation_pipeline, task_id=create_presentation_table_dim_nations, execution_date=20210808T064500, start_date=20210808T065551, end_date=20210808T065551
[2021-08-08 06:55:51,973] {taskinstance.py:1265} INFO - 1 downstream tasks scheduled from follow-on schedule check
[2021-08-08 06:55:52,000] {local_task_job.py:149} INFO - Task exited with return code 0
