[2021-08-07 14:21:38,623] {taskinstance.py:896} INFO - Dependencies all met for <TaskInstance: standardized_pipeline.create_standardized_table_partsupp 2021-08-07T14:21:37.604813+00:00 [queued]>
[2021-08-07 14:21:38,672] {taskinstance.py:896} INFO - Dependencies all met for <TaskInstance: standardized_pipeline.create_standardized_table_partsupp 2021-08-07T14:21:37.604813+00:00 [queued]>
[2021-08-07 14:21:38,673] {taskinstance.py:1087} INFO - 
--------------------------------------------------------------------------------
[2021-08-07 14:21:38,675] {taskinstance.py:1088} INFO - Starting attempt 1 of 1
[2021-08-07 14:21:38,686] {taskinstance.py:1089} INFO - 
--------------------------------------------------------------------------------
[2021-08-07 14:21:38,715] {taskinstance.py:1107} INFO - Executing <Task(MySqlOperator): create_standardized_table_partsupp> on 2021-08-07T14:21:37.604813+00:00
[2021-08-07 14:21:38,741] {standard_task_runner.py:76} INFO - Running: ['***', 'tasks', 'run', 'standardized_pipeline', 'create_standardized_table_partsupp', '2021-08-07T14:21:37.604813+00:00', '--job-id', '69', '--pool', 'default_pool', '--raw', '--subdir', 'DAGS_FOLDER/standardized_pipeline.py', '--cfg-path', '/tmp/tmpvcczyysy', '--error-file', '/tmp/tmpmkjhe67h']
[2021-08-07 14:21:38,743] {standard_task_runner.py:77} INFO - Job 69: Subtask create_standardized_table_partsupp
[2021-08-07 14:21:38,735] {standard_task_runner.py:52} INFO - Started process 4700 to run task
[2021-08-07 14:21:38,859] {logging_mixin.py:104} INFO - Running <TaskInstance: standardized_pipeline.create_standardized_table_partsupp 2021-08-07T14:21:37.604813+00:00 [running]> on host ab70d6dafbc6
[2021-08-07 14:21:38,986] {taskinstance.py:1302} INFO - Exporting the following env vars:
AIRFLOW_CTX_DAG_OWNER=***
AIRFLOW_CTX_DAG_ID=standardized_pipeline
AIRFLOW_CTX_TASK_ID=create_standardized_table_partsupp
AIRFLOW_CTX_EXECUTION_DATE=2021-08-07T14:21:37.604813+00:00
AIRFLOW_CTX_DAG_RUN_ID=manual__2021-08-07T14:21:37.604813+00:00
[2021-08-07 14:21:38,989] {mysql.py:70} INFO - Executing: CREATE TABLE IF NOT EXISTS standardized.PARTSUPP (
  `PART_KEY` int NOT NULL,
  `SUPPLIER_KEY` int NOT NULL,
  `PARTSUPP_AVAILQTY` int NOT NULL,
  `PARTSUPP_SUPPLYCOST` int NOT NULL,
  `PARTSUPP_COMMENT` text NOT NULL,
  `INGESTION_TIMESTAMP` datetime DEFAULT CURRENT_TIMESTAMP
) ENGINE=InnoDB DEFAULT CHARSET=utf8mb4 COLLATE=utf8mb4_0900_ai_ci;
[2021-08-07 14:21:39,030] {base.py:78} INFO - Using connection to: id: dwh_id. Host: dwh, Port: 3306, Schema: , Login: root, Password: ***, extra: {}
[2021-08-07 14:21:39,066] {dbapi.py:204} INFO - Running statement: CREATE TABLE IF NOT EXISTS standardized.PARTSUPP (
  `PART_KEY` int NOT NULL,
  `SUPPLIER_KEY` int NOT NULL,
  `PARTSUPP_AVAILQTY` int NOT NULL,
  `PARTSUPP_SUPPLYCOST` int NOT NULL,
  `PARTSUPP_COMMENT` text NOT NULL,
  `INGESTION_TIMESTAMP` datetime DEFAULT CURRENT_TIMESTAMP
) ENGINE=InnoDB DEFAULT CHARSET=utf8mb4 COLLATE=utf8mb4_0900_ai_ci;, parameters: None
[2021-08-07 14:21:39,111] {dbapi.py:212} INFO - Rows affected: 0
[2021-08-07 14:21:39,143] {taskinstance.py:1211} INFO - Marking task as SUCCESS. dag_id=standardized_pipeline, task_id=create_standardized_table_partsupp, execution_date=20210807T142137, start_date=20210807T142138, end_date=20210807T142139
[2021-08-07 14:21:39,222] {taskinstance.py:1265} INFO - 0 downstream tasks scheduled from follow-on schedule check
[2021-08-07 14:21:39,258] {local_task_job.py:149} INFO - Task exited with return code 0
