[2021-08-08 05:01:08,296] {taskinstance.py:896} INFO - Dependencies all met for <TaskInstance: standardized_pipeline.create_standardized_table_line_items 2021-08-08T04:55:00+00:00 [queued]>
[2021-08-08 05:01:08,394] {taskinstance.py:896} INFO - Dependencies all met for <TaskInstance: standardized_pipeline.create_standardized_table_line_items 2021-08-08T04:55:00+00:00 [queued]>
[2021-08-08 05:01:08,403] {taskinstance.py:1087} INFO - 
--------------------------------------------------------------------------------
[2021-08-08 05:01:08,407] {taskinstance.py:1088} INFO - Starting attempt 1 of 11
[2021-08-08 05:01:08,414] {taskinstance.py:1089} INFO - 
--------------------------------------------------------------------------------
[2021-08-08 05:01:08,541] {taskinstance.py:1107} INFO - Executing <Task(MySqlOperator): create_standardized_table_line_items> on 2021-08-08T04:55:00+00:00
[2021-08-08 05:01:08,603] {standard_task_runner.py:76} INFO - Running: ['***', 'tasks', 'run', 'standardized_pipeline', 'create_standardized_table_line_items', '2021-08-08T04:55:00+00:00', '--job-id', '73', '--pool', 'default_pool', '--raw', '--subdir', 'DAGS_FOLDER/standardized_pipeline.py', '--cfg-path', '/tmp/tmpg5d_omct', '--error-file', '/tmp/tmplaxm56ke']
[2021-08-08 05:01:08,616] {standard_task_runner.py:77} INFO - Job 73: Subtask create_standardized_table_line_items
[2021-08-08 05:01:08,575] {standard_task_runner.py:52} INFO - Started process 6372 to run task
[2021-08-08 05:01:09,270] {logging_mixin.py:104} INFO - Running <TaskInstance: standardized_pipeline.create_standardized_table_line_items 2021-08-08T04:55:00+00:00 [running]> on host 75feb3cfb2a6
[2021-08-08 05:01:10,014] {taskinstance.py:1302} INFO - Exporting the following env vars:
AIRFLOW_CTX_DAG_EMAIL=wildangbudhi@gmail.com
AIRFLOW_CTX_DAG_OWNER=***
AIRFLOW_CTX_DAG_ID=standardized_pipeline
AIRFLOW_CTX_TASK_ID=create_standardized_table_line_items
AIRFLOW_CTX_EXECUTION_DATE=2021-08-08T04:55:00+00:00
AIRFLOW_CTX_DAG_RUN_ID=scheduled__2021-08-08T04:55:00+00:00
[2021-08-08 05:01:10,020] {mysql.py:70} INFO - Executing: CREATE TABLE IF NOT EXISTS standardized.line_items (INGESTION_TIMESTAMP TIMESTAMP NOT NULL DEFAULT CURRENT_TIMESTAMP) AS
WITH data_last_5_minutes AS (
	SELECT 
        DISTINCT
        CAST(L_ORDERKEY AS SIGNED) AS ORDER_KEY, 
        CAST(L_PARTKEY AS SIGNED) AS PART_KEY, 
        CAST(L_SUPPKEY AS SIGNED) AS SUPPLIER_KEY, 
        CAST(L_LINENUMBER AS SIGNED) AS LINE_TIME_NUMBER, 
        CAST(L_QUANTITY AS SIGNED) AS LINE_ITEM_QUANTITY, 
        CAST(L_EXTENDEDPRICE AS SIGNED) AS LINE_ITEM_EXTENDED_PRICE, 
        CAST(L_DISCOUNT AS SIGNED) AS LINE_ITEM_DISCOUNT, 
        CAST(L_TAX AS SIGNED) AS LINE_ITEM_TAX, 
        L_RETURNFLAG AS LINE_ITEM_RETURN_FLAG, 
        L_LINESTATUS AS LINE_ITEM_STATUS_TYPE, 
        CAST(L_SHIPDATE AS DATE) AS LINE_ITEM_SHIP_DATE, 
        CAST(L_COMMITDATE AS DATE) AS LINE_ITEM_COMMIT_DATE, 
        CAST(L_RECEIPTDATE AS DATE) AS LINE_ITEM_RECEIPT_DATE, 
        L_SHIPINSTRUCT AS LINE_ITEM_SHIP_INSTRUCTION_TYPE, 
        L_SHIPMODE AS LINE_ITEM_SHIP_MODE_TYPE, 
        L_COMMENT AS LINE_ITEM_COMMENT,
        NOW() AS INGESTION_TIMESTAMP
    FROM 
        datalake.LINEITEM l
    WHERE 
        l.INGESTION_TIMESTAMP >= DATE_SUB(NOW(), INTERVAL 5 MINUTE)
)

SELECT 
	* 
FROM 
	data_last_5_minutes
[2021-08-08 05:01:10,114] {base.py:78} INFO - Using connection to: id: dwh_id. Host: dwh, Port: 3306, Schema: , Login: root, Password: ***, extra: {}
[2021-08-08 05:01:10,177] {dbapi.py:204} INFO - Running statement: CREATE TABLE IF NOT EXISTS standardized.line_items (INGESTION_TIMESTAMP TIMESTAMP NOT NULL DEFAULT CURRENT_TIMESTAMP) AS
WITH data_last_5_minutes AS (
	SELECT 
        DISTINCT
        CAST(L_ORDERKEY AS SIGNED) AS ORDER_KEY, 
        CAST(L_PARTKEY AS SIGNED) AS PART_KEY, 
        CAST(L_SUPPKEY AS SIGNED) AS SUPPLIER_KEY, 
        CAST(L_LINENUMBER AS SIGNED) AS LINE_TIME_NUMBER, 
        CAST(L_QUANTITY AS SIGNED) AS LINE_ITEM_QUANTITY, 
        CAST(L_EXTENDEDPRICE AS SIGNED) AS LINE_ITEM_EXTENDED_PRICE, 
        CAST(L_DISCOUNT AS SIGNED) AS LINE_ITEM_DISCOUNT, 
        CAST(L_TAX AS SIGNED) AS LINE_ITEM_TAX, 
        L_RETURNFLAG AS LINE_ITEM_RETURN_FLAG, 
        L_LINESTATUS AS LINE_ITEM_STATUS_TYPE, 
        CAST(L_SHIPDATE AS DATE) AS LINE_ITEM_SHIP_DATE, 
        CAST(L_COMMITDATE AS DATE) AS LINE_ITEM_COMMIT_DATE, 
        CAST(L_RECEIPTDATE AS DATE) AS LINE_ITEM_RECEIPT_DATE, 
        L_SHIPINSTRUCT AS LINE_ITEM_SHIP_INSTRUCTION_TYPE, 
        L_SHIPMODE AS LINE_ITEM_SHIP_MODE_TYPE, 
        L_COMMENT AS LINE_ITEM_COMMENT,
        NOW() AS INGESTION_TIMESTAMP
    FROM 
        datalake.LINEITEM l
    WHERE 
        l.INGESTION_TIMESTAMP >= DATE_SUB(NOW(), INTERVAL 5 MINUTE)
)

SELECT 
	* 
FROM 
	data_last_5_minutes, parameters: None
[2021-08-08 05:01:10,188] {dbapi.py:212} INFO - Rows affected: 0
[2021-08-08 05:01:10,279] {taskinstance.py:1211} INFO - Marking task as SUCCESS. dag_id=standardized_pipeline, task_id=create_standardized_table_line_items, execution_date=20210808T045500, start_date=20210808T050108, end_date=20210808T050110
[2021-08-08 05:01:10,714] {taskinstance.py:1265} INFO - 1 downstream tasks scheduled from follow-on schedule check
[2021-08-08 05:01:10,775] {local_task_job.py:149} INFO - Task exited with return code 0
