[2021-08-07 14:19:25,408] {taskinstance.py:896} INFO - Dependencies all met for <TaskInstance: standardized_pipeline.create_standardized_table_region 2021-08-07T14:19:23.904197+00:00 [queued]>
[2021-08-07 14:19:25,446] {taskinstance.py:896} INFO - Dependencies all met for <TaskInstance: standardized_pipeline.create_standardized_table_region 2021-08-07T14:19:23.904197+00:00 [queued]>
[2021-08-07 14:19:25,449] {taskinstance.py:1087} INFO - 
--------------------------------------------------------------------------------
[2021-08-07 14:19:25,451] {taskinstance.py:1088} INFO - Starting attempt 1 of 1
[2021-08-07 14:19:25,453] {taskinstance.py:1089} INFO - 
--------------------------------------------------------------------------------
[2021-08-07 14:19:25,473] {taskinstance.py:1107} INFO - Executing <Task(MySqlOperator): create_standardized_table_region> on 2021-08-07T14:19:23.904197+00:00
[2021-08-07 14:19:25,489] {standard_task_runner.py:52} INFO - Started process 4453 to run task
[2021-08-07 14:19:25,502] {standard_task_runner.py:76} INFO - Running: ['***', 'tasks', 'run', 'standardized_pipeline', 'create_standardized_table_region', '2021-08-07T14:19:23.904197+00:00', '--job-id', '40', '--pool', 'default_pool', '--raw', '--subdir', 'DAGS_FOLDER/standardized_pipeline.py', '--cfg-path', '/tmp/tmphjriph1d', '--error-file', '/tmp/tmp55ik24wn']
[2021-08-07 14:19:25,505] {standard_task_runner.py:77} INFO - Job 40: Subtask create_standardized_table_region
[2021-08-07 14:19:25,592] {logging_mixin.py:104} INFO - Running <TaskInstance: standardized_pipeline.create_standardized_table_region 2021-08-07T14:19:23.904197+00:00 [running]> on host ab70d6dafbc6
[2021-08-07 14:19:25,706] {taskinstance.py:1302} INFO - Exporting the following env vars:
AIRFLOW_CTX_DAG_OWNER=***
AIRFLOW_CTX_DAG_ID=standardized_pipeline
AIRFLOW_CTX_TASK_ID=create_standardized_table_region
AIRFLOW_CTX_EXECUTION_DATE=2021-08-07T14:19:23.904197+00:00
AIRFLOW_CTX_DAG_RUN_ID=manual__2021-08-07T14:19:23.904197+00:00
[2021-08-07 14:19:25,707] {mysql.py:70} INFO - Executing: CREATE TABLE IF NOT EXISTS standardized.REGION (
  `REGION_KEY` int NOT NULL,
  `REGION_NAME` text NOT NULL,
  `REGION_COMMENT` text,
  `INGESTION_TIMESTAMP` datetime DEFAULT CURRENT_TIMESTAMP
) ENGINE=InnoDB DEFAULT CHARSET=utf8mb4 COLLATE=utf8mb4_0900_ai_ci
	
[2021-08-07 14:19:25,727] {base.py:78} INFO - Using connection to: id: dwh_id. Host: dwh, Port: 3306, Schema: , Login: root, Password: ***, extra: {}
[2021-08-07 14:19:25,756] {dbapi.py:204} INFO - Running statement: CREATE TABLE IF NOT EXISTS standardized.REGION (
  `REGION_KEY` int NOT NULL,
  `REGION_NAME` text NOT NULL,
  `REGION_COMMENT` text,
  `INGESTION_TIMESTAMP` datetime DEFAULT CURRENT_TIMESTAMP
) ENGINE=InnoDB DEFAULT CHARSET=utf8mb4 COLLATE=utf8mb4_0900_ai_ci
	, parameters: None
[2021-08-07 14:19:25,762] {dbapi.py:212} INFO - Rows affected: 0
[2021-08-07 14:19:25,798] {taskinstance.py:1211} INFO - Marking task as SUCCESS. dag_id=standardized_pipeline, task_id=create_standardized_table_region, execution_date=20210807T141923, start_date=20210807T141925, end_date=20210807T141925
[2021-08-07 14:19:25,869] {taskinstance.py:1265} INFO - 0 downstream tasks scheduled from follow-on schedule check
[2021-08-07 14:19:25,930] {local_task_job.py:149} INFO - Task exited with return code 0
