[2021-08-08 05:46:01,778] {taskinstance.py:896} INFO - Dependencies all met for <TaskInstance: standardized_pipeline.create_standardized_table_nations 2021-08-08T05:40:00+00:00 [queued]>
[2021-08-08 05:46:01,807] {taskinstance.py:896} INFO - Dependencies all met for <TaskInstance: standardized_pipeline.create_standardized_table_nations 2021-08-08T05:40:00+00:00 [queued]>
[2021-08-08 05:46:01,808] {taskinstance.py:1087} INFO - 
--------------------------------------------------------------------------------
[2021-08-08 05:46:01,808] {taskinstance.py:1088} INFO - Starting attempt 1 of 11
[2021-08-08 05:46:01,809] {taskinstance.py:1089} INFO - 
--------------------------------------------------------------------------------
[2021-08-08 05:46:01,832] {taskinstance.py:1107} INFO - Executing <Task(MySqlOperator): create_standardized_table_nations> on 2021-08-08T05:40:00+00:00
[2021-08-08 05:46:01,840] {standard_task_runner.py:52} INFO - Started process 2297 to run task
[2021-08-08 05:46:01,858] {standard_task_runner.py:76} INFO - Running: ['***', 'tasks', 'run', 'standardized_pipeline', 'create_standardized_table_nations', '2021-08-08T05:40:00+00:00', '--job-id', '151', '--pool', 'default_pool', '--raw', '--subdir', 'DAGS_FOLDER/standardized_pipeline.py', '--cfg-path', '/tmp/tmpk2berjre', '--error-file', '/tmp/tmpoz2rr1mp']
[2021-08-08 05:46:01,859] {standard_task_runner.py:77} INFO - Job 151: Subtask create_standardized_table_nations
[2021-08-08 05:46:01,971] {logging_mixin.py:104} INFO - Running <TaskInstance: standardized_pipeline.create_standardized_table_nations 2021-08-08T05:40:00+00:00 [running]> on host b48e43d568d5
[2021-08-08 05:46:02,067] {taskinstance.py:1302} INFO - Exporting the following env vars:
AIRFLOW_CTX_DAG_EMAIL=wildangbudhi@gmail.com
AIRFLOW_CTX_DAG_OWNER=***
AIRFLOW_CTX_DAG_ID=standardized_pipeline
AIRFLOW_CTX_TASK_ID=create_standardized_table_nations
AIRFLOW_CTX_EXECUTION_DATE=2021-08-08T05:40:00+00:00
AIRFLOW_CTX_DAG_RUN_ID=scheduled__2021-08-08T05:40:00+00:00
[2021-08-08 05:46:02,069] {mysql.py:70} INFO - Executing: CREATE TABLE IF NOT EXISTS standardized.nations (INGESTION_TIMESTAMP TIMESTAMP NOT NULL DEFAULT CURRENT_TIMESTAMP) AS
WITH data_last_5_minutes AS (
	SELECT
		DISTINCT 
		CAST(N_NATIONKEY AS SIGNED) AS NATION_KEY,
		N_NAME AS NATION_NAME,
		CAST(N_REGIONKEY AS SIGNED) AS REGION_KEY,
		N_COMMENT AS NATION_COMMENT,
		NOW() AS INGESTION_TIMESTAMP
	FROM
		datalake.NATION n
	WHERE 
		n.INGESTION_TIMESTAMP >= DATE_SUB(NOW(), INTERVAL 5 MINUTE)
)

SELECT 
	* 
FROM 
	data_last_5_minutes
[2021-08-08 05:46:02,084] {base.py:78} INFO - Using connection to: id: dwh_id. Host: dwh, Port: 3306, Schema: , Login: root, Password: ***, extra: {}
[2021-08-08 05:46:02,102] {dbapi.py:204} INFO - Running statement: CREATE TABLE IF NOT EXISTS standardized.nations (INGESTION_TIMESTAMP TIMESTAMP NOT NULL DEFAULT CURRENT_TIMESTAMP) AS
WITH data_last_5_minutes AS (
	SELECT
		DISTINCT 
		CAST(N_NATIONKEY AS SIGNED) AS NATION_KEY,
		N_NAME AS NATION_NAME,
		CAST(N_REGIONKEY AS SIGNED) AS REGION_KEY,
		N_COMMENT AS NATION_COMMENT,
		NOW() AS INGESTION_TIMESTAMP
	FROM
		datalake.NATION n
	WHERE 
		n.INGESTION_TIMESTAMP >= DATE_SUB(NOW(), INTERVAL 5 MINUTE)
)

SELECT 
	* 
FROM 
	data_last_5_minutes, parameters: None
[2021-08-08 05:46:02,106] {dbapi.py:212} INFO - Rows affected: 0
[2021-08-08 05:46:02,129] {taskinstance.py:1211} INFO - Marking task as SUCCESS. dag_id=standardized_pipeline, task_id=create_standardized_table_nations, execution_date=20210808T054000, start_date=20210808T054601, end_date=20210808T054602
[2021-08-08 05:46:02,185] {taskinstance.py:1265} INFO - 1 downstream tasks scheduled from follow-on schedule check
[2021-08-08 05:46:02,234] {local_task_job.py:149} INFO - Task exited with return code 0
