[2021-08-08 05:22:03,301] {taskinstance.py:896} INFO - Dependencies all met for <TaskInstance: presentation_pipeline.presentation_dim_customers 2021-08-08T05:15:00+00:00 [queued]>
[2021-08-08 05:22:03,317] {taskinstance.py:896} INFO - Dependencies all met for <TaskInstance: presentation_pipeline.presentation_dim_customers 2021-08-08T05:15:00+00:00 [queued]>
[2021-08-08 05:22:03,317] {taskinstance.py:1087} INFO - 
--------------------------------------------------------------------------------
[2021-08-08 05:22:03,318] {taskinstance.py:1088} INFO - Starting attempt 1 of 1
[2021-08-08 05:22:03,318] {taskinstance.py:1089} INFO - 
--------------------------------------------------------------------------------
[2021-08-08 05:22:03,325] {taskinstance.py:1107} INFO - Executing <Task(MySqlOperator): presentation_dim_customers> on 2021-08-08T05:15:00+00:00
[2021-08-08 05:22:03,334] {standard_task_runner.py:76} INFO - Running: ['***', 'tasks', 'run', 'presentation_pipeline', 'presentation_dim_customers', '2021-08-08T05:15:00+00:00', '--job-id', '117', '--pool', 'default_pool', '--raw', '--subdir', 'DAGS_FOLDER/presentation_pipeline.py', '--cfg-path', '/tmp/tmpg3ocwvd3', '--error-file', '/tmp/tmpxlloidw6']
[2021-08-08 05:22:03,330] {standard_task_runner.py:52} INFO - Started process 1406 to run task
[2021-08-08 05:22:03,336] {standard_task_runner.py:77} INFO - Job 117: Subtask presentation_dim_customers
[2021-08-08 05:22:03,393] {logging_mixin.py:104} INFO - Running <TaskInstance: presentation_pipeline.presentation_dim_customers 2021-08-08T05:15:00+00:00 [running]> on host dbfb9e13da58
[2021-08-08 05:22:03,461] {taskinstance.py:1302} INFO - Exporting the following env vars:
AIRFLOW_CTX_DAG_OWNER=***
AIRFLOW_CTX_DAG_ID=presentation_pipeline
AIRFLOW_CTX_TASK_ID=presentation_dim_customers
AIRFLOW_CTX_EXECUTION_DATE=2021-08-08T05:15:00+00:00
AIRFLOW_CTX_DAG_RUN_ID=scheduled__2021-08-08T05:15:00+00:00
[2021-08-08 05:22:03,464] {mysql.py:70} INFO - Executing: INSERT IGNORE INTO presentation.customers
SELECT 
	DISTINCT
	c.CUSTOMER_KEY,
	n.NATION_NAME,
	c.CUSTOMER_ACCOUNT_BALANCE_TOTAL,
	c.CUSTOMER_MARKET_SEGMENT_TYPE, 
	NOW() AS INGESTION_TIMESTAMP
FROM 
	standardized.customers c 
LEFT JOIN
	standardized.nations n 
	ON c.NATION_KEY = n.NATION_KEY 
WHERE
	c.INGESTION_TIMESTAMP >= DATE_SUB(NOW(), INTERVAL 5 MINUTE)
[2021-08-08 05:22:03,476] {base.py:78} INFO - Using connection to: id: dwh_id. Host: dwh, Port: 3306, Schema: , Login: root, Password: ***, extra: {}
[2021-08-08 05:22:03,486] {dbapi.py:204} INFO - Running statement: INSERT IGNORE INTO presentation.customers
SELECT 
	DISTINCT
	c.CUSTOMER_KEY,
	n.NATION_NAME,
	c.CUSTOMER_ACCOUNT_BALANCE_TOTAL,
	c.CUSTOMER_MARKET_SEGMENT_TYPE, 
	NOW() AS INGESTION_TIMESTAMP
FROM 
	standardized.customers c 
LEFT JOIN
	standardized.nations n 
	ON c.NATION_KEY = n.NATION_KEY 
WHERE
	c.INGESTION_TIMESTAMP >= DATE_SUB(NOW(), INTERVAL 5 MINUTE), parameters: None
[2021-08-08 05:22:03,644] {dbapi.py:212} INFO - Rows affected: 0
[2021-08-08 05:22:03,660] {taskinstance.py:1211} INFO - Marking task as SUCCESS. dag_id=presentation_pipeline, task_id=presentation_dim_customers, execution_date=20210808T051500, start_date=20210808T052203, end_date=20210808T052203
[2021-08-08 05:22:03,703] {taskinstance.py:1265} INFO - 0 downstream tasks scheduled from follow-on schedule check
[2021-08-08 05:22:03,752] {local_task_job.py:149} INFO - Task exited with return code 0
[2021-08-08 05:27:14,555] {taskinstance.py:896} INFO - Dependencies all met for <TaskInstance: presentation_pipeline.presentation_dim_customers 2021-08-08T05:15:00+00:00 [queued]>
[2021-08-08 05:27:14,585] {taskinstance.py:896} INFO - Dependencies all met for <TaskInstance: presentation_pipeline.presentation_dim_customers 2021-08-08T05:15:00+00:00 [queued]>
[2021-08-08 05:27:14,587] {taskinstance.py:1087} INFO - 
--------------------------------------------------------------------------------
[2021-08-08 05:27:14,589] {taskinstance.py:1088} INFO - Starting attempt 1 of 1
[2021-08-08 05:27:14,589] {taskinstance.py:1089} INFO - 
--------------------------------------------------------------------------------
[2021-08-08 05:27:14,617] {taskinstance.py:1107} INFO - Executing <Task(MySqlOperator): presentation_dim_customers> on 2021-08-08T05:15:00+00:00
[2021-08-08 05:27:14,622] {standard_task_runner.py:52} INFO - Started process 454 to run task
[2021-08-08 05:27:14,627] {standard_task_runner.py:76} INFO - Running: ['***', 'tasks', 'run', 'presentation_pipeline', 'presentation_dim_customers', '2021-08-08T05:15:00+00:00', '--job-id', '51', '--pool', 'default_pool', '--raw', '--subdir', 'DAGS_FOLDER/presentation_pipeline.py', '--cfg-path', '/tmp/tmpepubjqhq', '--error-file', '/tmp/tmpxioqvijr']
[2021-08-08 05:27:14,628] {standard_task_runner.py:77} INFO - Job 51: Subtask presentation_dim_customers
[2021-08-08 05:27:14,712] {logging_mixin.py:104} INFO - Running <TaskInstance: presentation_pipeline.presentation_dim_customers 2021-08-08T05:15:00+00:00 [running]> on host b48e43d568d5
[2021-08-08 05:27:14,883] {taskinstance.py:1302} INFO - Exporting the following env vars:
AIRFLOW_CTX_DAG_OWNER=***
AIRFLOW_CTX_DAG_ID=presentation_pipeline
AIRFLOW_CTX_TASK_ID=presentation_dim_customers
AIRFLOW_CTX_EXECUTION_DATE=2021-08-08T05:15:00+00:00
AIRFLOW_CTX_DAG_RUN_ID=scheduled__2021-08-08T05:15:00+00:00
[2021-08-08 05:27:14,884] {mysql.py:70} INFO - Executing: INSERT IGNORE INTO presentation.customers
SELECT 
	DISTINCT
	c.CUSTOMER_KEY,
	n.NATION_NAME,
	c.CUSTOMER_ACCOUNT_BALANCE_TOTAL,
	c.CUSTOMER_MARKET_SEGMENT_TYPE, 
	NOW() AS INGESTION_TIMESTAMP
FROM 
	standardized.customers c 
LEFT JOIN
	standardized.nations n 
	ON c.NATION_KEY = n.NATION_KEY 
WHERE
	c.INGESTION_TIMESTAMP >= DATE_SUB(NOW(), INTERVAL 5 MINUTE)
[2021-08-08 05:27:14,905] {base.py:78} INFO - Using connection to: id: dwh_id. Host: dwh, Port: 3306, Schema: , Login: root, Password: ***, extra: {}
[2021-08-08 05:27:14,927] {dbapi.py:204} INFO - Running statement: INSERT IGNORE INTO presentation.customers
SELECT 
	DISTINCT
	c.CUSTOMER_KEY,
	n.NATION_NAME,
	c.CUSTOMER_ACCOUNT_BALANCE_TOTAL,
	c.CUSTOMER_MARKET_SEGMENT_TYPE, 
	NOW() AS INGESTION_TIMESTAMP
FROM 
	standardized.customers c 
LEFT JOIN
	standardized.nations n 
	ON c.NATION_KEY = n.NATION_KEY 
WHERE
	c.INGESTION_TIMESTAMP >= DATE_SUB(NOW(), INTERVAL 5 MINUTE), parameters: None
[2021-08-08 05:27:15,060] {dbapi.py:212} INFO - Rows affected: 0
[2021-08-08 05:27:15,079] {taskinstance.py:1211} INFO - Marking task as SUCCESS. dag_id=presentation_pipeline, task_id=presentation_dim_customers, execution_date=20210808T051500, start_date=20210808T052714, end_date=20210808T052715
[2021-08-08 05:27:15,116] {taskinstance.py:1265} INFO - 0 downstream tasks scheduled from follow-on schedule check
[2021-08-08 05:27:15,132] {local_task_job.py:149} INFO - Task exited with return code 0
