[2021-08-07 14:10:01,221] {taskinstance.py:896} INFO - Dependencies all met for <TaskInstance: to_datalake_pipeline.extract_from_git 2021-08-07T14:05:00+00:00 [queued]>
[2021-08-07 14:10:01,236] {taskinstance.py:896} INFO - Dependencies all met for <TaskInstance: to_datalake_pipeline.extract_from_git 2021-08-07T14:05:00+00:00 [queued]>
[2021-08-07 14:10:01,237] {taskinstance.py:1087} INFO - 
--------------------------------------------------------------------------------
[2021-08-07 14:10:01,238] {taskinstance.py:1088} INFO - Starting attempt 1 of 1
[2021-08-07 14:10:01,238] {taskinstance.py:1089} INFO - 
--------------------------------------------------------------------------------
[2021-08-07 14:10:01,246] {taskinstance.py:1107} INFO - Executing <Task(PythonOperator): extract_from_git> on 2021-08-07T14:05:00+00:00
[2021-08-07 14:10:01,251] {standard_task_runner.py:52} INFO - Started process 3592 to run task
[2021-08-07 14:10:01,255] {standard_task_runner.py:76} INFO - Running: ['***', 'tasks', 'run', 'to_datalake_pipeline', 'extract_from_git', '2021-08-07T14:05:00+00:00', '--job-id', '25', '--pool', 'default_pool', '--raw', '--subdir', 'DAGS_FOLDER/to_datalake_pipeline.py', '--cfg-path', '/tmp/tmp444hc9dx', '--error-file', '/tmp/tmpa3x1kr6i']
[2021-08-07 14:10:01,256] {standard_task_runner.py:77} INFO - Job 25: Subtask extract_from_git
[2021-08-07 14:10:01,303] {logging_mixin.py:104} INFO - Running <TaskInstance: to_datalake_pipeline.extract_from_git 2021-08-07T14:05:00+00:00 [running]> on host ab70d6dafbc6
[2021-08-07 14:10:01,353] {taskinstance.py:1302} INFO - Exporting the following env vars:
AIRFLOW_CTX_DAG_OWNER=***
AIRFLOW_CTX_DAG_ID=to_datalake_pipeline
AIRFLOW_CTX_TASK_ID=extract_from_git
AIRFLOW_CTX_EXECUTION_DATE=2021-08-07T14:05:00+00:00
AIRFLOW_CTX_DAG_RUN_ID=scheduled__2021-08-07T14:05:00+00:00
[2021-08-07 14:10:01,355] {logging_mixin.py:104} INFO - Downloading data from -> https://raw.githubusercontent.com/rezaprimasatya/DTO-DE-JUN-MID/main/data.zip
[2021-08-07 14:10:06,541] {logging_mixin.py:104} INFO - Unzipping Data
[2021-08-07 14:10:06,613] {logging_mixin.py:104} INFO - Transform Data to Pandas Dataframe
[2021-08-07 14:10:06,854] {logging_mixin.py:104} INFO - Load data to datalake
[2021-08-07 14:10:06,893] {logging_mixin.py:104} INFO - Load table : REGION
[2021-08-07 14:10:06,932] {logging_mixin.py:104} INFO - Load table : NATION
[2021-08-07 14:10:06,948] {logging_mixin.py:104} INFO - Load table : PART
[2021-08-07 14:10:07,051] {logging_mixin.py:104} INFO - Load table : SUPPLIER
[2021-08-07 14:10:07,073] {logging_mixin.py:104} INFO - Load table : PARTSUPP
[2021-08-07 14:10:07,448] {logging_mixin.py:104} INFO - Load table : CUSTOMER
[2021-08-07 14:10:07,517] {logging_mixin.py:104} INFO - Load table : ORDERS
[2021-08-07 14:10:08,101] {logging_mixin.py:104} INFO - Load table : LINEITEM
[2021-08-07 14:10:11,626] {python.py:151} INFO - Done. Returned value was: None
[2021-08-07 14:10:11,636] {taskinstance.py:1211} INFO - Marking task as SUCCESS. dag_id=to_datalake_pipeline, task_id=extract_from_git, execution_date=20210807T140500, start_date=20210807T141001, end_date=20210807T141011
[2021-08-07 14:10:11,656] {taskinstance.py:1265} INFO - 0 downstream tasks scheduled from follow-on schedule check
[2021-08-07 14:10:11,701] {local_task_job.py:149} INFO - Task exited with return code 0
