[2021-08-08 03:43:05,630] {taskinstance.py:896} INFO - Dependencies all met for <TaskInstance: to_datalake_pipeline.extract_from_git 2021-08-08T03:35:00+00:00 [queued]>
[2021-08-08 03:43:05,648] {taskinstance.py:896} INFO - Dependencies all met for <TaskInstance: to_datalake_pipeline.extract_from_git 2021-08-08T03:35:00+00:00 [queued]>
[2021-08-08 03:43:05,649] {taskinstance.py:1087} INFO - 
--------------------------------------------------------------------------------
[2021-08-08 03:43:05,651] {taskinstance.py:1088} INFO - Starting attempt 2 of 11
[2021-08-08 03:43:05,652] {taskinstance.py:1089} INFO - 
--------------------------------------------------------------------------------
[2021-08-08 03:43:05,674] {taskinstance.py:1107} INFO - Executing <Task(PythonOperator): extract_from_git> on 2021-08-08T03:35:00+00:00
[2021-08-08 03:43:05,681] {standard_task_runner.py:52} INFO - Started process 333 to run task
[2021-08-08 03:43:05,688] {standard_task_runner.py:76} INFO - Running: ['***', 'tasks', 'run', 'to_datalake_pipeline', 'extract_from_git', '2021-08-08T03:35:00+00:00', '--job-id', '4', '--pool', 'default_pool', '--raw', '--subdir', 'DAGS_FOLDER/to_datalake_pipeline.py', '--cfg-path', '/tmp/tmpwlngyn1m', '--error-file', '/tmp/tmp2zqt_uph']
[2021-08-08 03:43:05,689] {standard_task_runner.py:77} INFO - Job 4: Subtask extract_from_git
[2021-08-08 03:43:05,771] {logging_mixin.py:104} INFO - Running <TaskInstance: to_datalake_pipeline.extract_from_git 2021-08-08T03:35:00+00:00 [running]> on host 75feb3cfb2a6
[2021-08-08 03:43:05,844] {taskinstance.py:1302} INFO - Exporting the following env vars:
AIRFLOW_CTX_DAG_EMAIL=wildangbudhi@gmail.com
AIRFLOW_CTX_DAG_OWNER=***
AIRFLOW_CTX_DAG_ID=to_datalake_pipeline
AIRFLOW_CTX_TASK_ID=extract_from_git
AIRFLOW_CTX_EXECUTION_DATE=2021-08-08T03:35:00+00:00
AIRFLOW_CTX_DAG_RUN_ID=scheduled__2021-08-08T03:35:00+00:00
[2021-08-08 03:43:05,846] {logging_mixin.py:104} INFO - Downloading data from -> https://raw.githubusercontent.com/rezaprimasatya/DTO-DE-JUN-MID/main/data.zip
[2021-08-08 03:43:06,351] {logging_mixin.py:104} INFO - Unzipping Data
[2021-08-08 03:43:06,485] {logging_mixin.py:104} INFO - Transform Data to Pandas Dataframe
[2021-08-08 03:43:06,858] {logging_mixin.py:104} INFO - Load data to datalake
[2021-08-08 03:43:06,965] {logging_mixin.py:104} INFO - Load table : REGION
[2021-08-08 03:43:07,057] {logging_mixin.py:104} INFO - Load table : NATION
[2021-08-08 03:43:07,086] {logging_mixin.py:104} INFO - Load table : PART
[2021-08-08 03:43:07,297] {logging_mixin.py:104} INFO - Load table : SUPPLIER
[2021-08-08 03:43:07,327] {logging_mixin.py:104} INFO - Load table : PARTSUPP
[2021-08-08 03:43:08,051] {logging_mixin.py:104} INFO - Load table : CUSTOMER
[2021-08-08 03:43:08,222] {logging_mixin.py:104} INFO - Load table : ORDERS
[2021-08-08 03:43:09,627] {logging_mixin.py:104} INFO - Load table : LINEITEM
[2021-08-08 03:43:17,487] {python.py:151} INFO - Done. Returned value was: None
[2021-08-08 03:43:17,503] {taskinstance.py:1211} INFO - Marking task as SUCCESS. dag_id=to_datalake_pipeline, task_id=extract_from_git, execution_date=20210808T033500, start_date=20210808T034305, end_date=20210808T034317
[2021-08-08 03:43:17,554] {taskinstance.py:1265} INFO - 1 downstream tasks scheduled from follow-on schedule check
[2021-08-08 03:43:17,615] {local_task_job.py:149} INFO - Task exited with return code 0
