[2021-08-08 05:32:01,952] {taskinstance.py:896} INFO - Dependencies all met for <TaskInstance: presentation_pipeline.create_presentation_table_dim_dates 2021-08-08T05:25:00+00:00 [queued]>
[2021-08-08 05:32:01,973] {taskinstance.py:896} INFO - Dependencies all met for <TaskInstance: presentation_pipeline.create_presentation_table_dim_dates 2021-08-08T05:25:00+00:00 [queued]>
[2021-08-08 05:32:01,974] {taskinstance.py:1087} INFO - 
--------------------------------------------------------------------------------
[2021-08-08 05:32:01,974] {taskinstance.py:1088} INFO - Starting attempt 1 of 1
[2021-08-08 05:32:01,975] {taskinstance.py:1089} INFO - 
--------------------------------------------------------------------------------
[2021-08-08 05:32:01,982] {taskinstance.py:1107} INFO - Executing <Task(MySqlOperator): create_presentation_table_dim_dates> on 2021-08-08T05:25:00+00:00
[2021-08-08 05:32:01,990] {standard_task_runner.py:76} INFO - Running: ['***', 'tasks', 'run', 'presentation_pipeline', 'create_presentation_table_dim_dates', '2021-08-08T05:25:00+00:00', '--job-id', '79', '--pool', 'default_pool', '--raw', '--subdir', 'DAGS_FOLDER/presentation_pipeline.py', '--cfg-path', '/tmp/tmp02ktjma5', '--error-file', '/tmp/tmpau3i4rf1']
[2021-08-08 05:32:01,986] {standard_task_runner.py:52} INFO - Started process 924 to run task
[2021-08-08 05:32:01,992] {standard_task_runner.py:77} INFO - Job 79: Subtask create_presentation_table_dim_dates
[2021-08-08 05:32:02,038] {logging_mixin.py:104} INFO - Running <TaskInstance: presentation_pipeline.create_presentation_table_dim_dates 2021-08-08T05:25:00+00:00 [running]> on host b48e43d568d5
[2021-08-08 05:32:02,092] {taskinstance.py:1302} INFO - Exporting the following env vars:
AIRFLOW_CTX_DAG_OWNER=***
AIRFLOW_CTX_DAG_ID=presentation_pipeline
AIRFLOW_CTX_TASK_ID=create_presentation_table_dim_dates
AIRFLOW_CTX_EXECUTION_DATE=2021-08-08T05:25:00+00:00
AIRFLOW_CTX_DAG_RUN_ID=scheduled__2021-08-08T05:25:00+00:00
[2021-08-08 05:32:02,093] {mysql.py:70} INFO - Executing: CREATE TABLE IF NOT EXISTS presentation.dates (
    DATE_KEY INT NOT NULL AUTO_INCREMENT,
    `DAY` INT NOT NULL,
    `MONTH` INT NOT NULL,
    `YEAR` INT NOT NULL,
    INGESTION_TIMESTAMP TIMESTAMP NOT NULL DEFAULT CURRENT_TIMESTAMP,
    CONSTRAINT `DATE_PK` PRIMARY KEY (DATE_KEY),
    CONSTRAINT `DATE_UNIQUE` UNIQUE KEY (`DAY`, `MONTH`, `YEAR`)
) AS

WITH order_dates AS (
	SELECT 
		ORDER_DATE as date
	FROM 
		standardized.orders
	WHERE 
		INGESTION_TIMESTAMP >= DATE_SUB(NOW(), INTERVAL 5 MINUTE)
	GROUP BY 
		ORDER_DATE 
),

shipdate AS (
	SELECT 
		LINE_ITEM_SHIP_DATE as date
	FROM
		standardized.line_items
	WHERE 
		INGESTION_TIMESTAMP >= DATE_SUB(NOW(), INTERVAL 5 MINUTE)
	GROUP BY 
		LINE_ITEM_SHIP_DATE 
),

commitdate AS (
	SELECT 
		LINE_ITEM_COMMIT_DATE as date
	FROM
		standardized.line_items
	WHERE 
		INGESTION_TIMESTAMP >= DATE_SUB(NOW(), INTERVAL 5 MINUTE)
	GROUP BY 
		LINE_ITEM_COMMIT_DATE 
),

receiptdate AS (
	SELECT 
		LINE_ITEM_RECEIPT_DATE as date
	FROM
		standardized.line_items
	WHERE 
		INGESTION_TIMESTAMP >= DATE_SUB(NOW(), INTERVAL 5 MINUTE)
	GROUP BY 
		LINE_ITEM_RECEIPT_DATE 
),

uniondate AS (
	SELECT * FROM order_dates
	UNION
	SELECT * FROM shipdate
	UNION
	SELECT * FROM commitdate
	UNION
	SELECT * FROM receiptdate
)

SELECT
	NULL as DATE_KEY,
	EXTRACT(DAY FROM `date`) AS DAY,
	EXTRACT(WEEK FROM `date`) AS WEEK,
	EXTRACT(MONTH FROM `date`) AS MONTH,
	EXTRACT(QUARTER FROM `date`) AS QUARTER,
	EXTRACT(YEAR FROM `date`) AS YEAR,
	NOW() AS INGESTION_TIMESTAMP
FROM 
	uniondate
[2021-08-08 05:32:02,102] {base.py:78} INFO - Using connection to: id: dwh_id. Host: dwh, Port: 3306, Schema: , Login: root, Password: ***, extra: {}
[2021-08-08 05:32:02,113] {dbapi.py:204} INFO - Running statement: CREATE TABLE IF NOT EXISTS presentation.dates (
    DATE_KEY INT NOT NULL AUTO_INCREMENT,
    `DAY` INT NOT NULL,
    `MONTH` INT NOT NULL,
    `YEAR` INT NOT NULL,
    INGESTION_TIMESTAMP TIMESTAMP NOT NULL DEFAULT CURRENT_TIMESTAMP,
    CONSTRAINT `DATE_PK` PRIMARY KEY (DATE_KEY),
    CONSTRAINT `DATE_UNIQUE` UNIQUE KEY (`DAY`, `MONTH`, `YEAR`)
) AS

WITH order_dates AS (
	SELECT 
		ORDER_DATE as date
	FROM 
		standardized.orders
	WHERE 
		INGESTION_TIMESTAMP >= DATE_SUB(NOW(), INTERVAL 5 MINUTE)
	GROUP BY 
		ORDER_DATE 
),

shipdate AS (
	SELECT 
		LINE_ITEM_SHIP_DATE as date
	FROM
		standardized.line_items
	WHERE 
		INGESTION_TIMESTAMP >= DATE_SUB(NOW(), INTERVAL 5 MINUTE)
	GROUP BY 
		LINE_ITEM_SHIP_DATE 
),

commitdate AS (
	SELECT 
		LINE_ITEM_COMMIT_DATE as date
	FROM
		standardized.line_items
	WHERE 
		INGESTION_TIMESTAMP >= DATE_SUB(NOW(), INTERVAL 5 MINUTE)
	GROUP BY 
		LINE_ITEM_COMMIT_DATE 
),

receiptdate AS (
	SELECT 
		LINE_ITEM_RECEIPT_DATE as date
	FROM
		standardized.line_items
	WHERE 
		INGESTION_TIMESTAMP >= DATE_SUB(NOW(), INTERVAL 5 MINUTE)
	GROUP BY 
		LINE_ITEM_RECEIPT_DATE 
),

uniondate AS (
	SELECT * FROM order_dates
	UNION
	SELECT * FROM shipdate
	UNION
	SELECT * FROM commitdate
	UNION
	SELECT * FROM receiptdate
)

SELECT
	NULL as DATE_KEY,
	EXTRACT(DAY FROM `date`) AS DAY,
	EXTRACT(WEEK FROM `date`) AS WEEK,
	EXTRACT(MONTH FROM `date`) AS MONTH,
	EXTRACT(QUARTER FROM `date`) AS QUARTER,
	EXTRACT(YEAR FROM `date`) AS YEAR,
	NOW() AS INGESTION_TIMESTAMP
FROM 
	uniondate, parameters: None
[2021-08-08 05:32:02,115] {dbapi.py:212} INFO - Rows affected: 0
[2021-08-08 05:32:02,128] {taskinstance.py:1211} INFO - Marking task as SUCCESS. dag_id=presentation_pipeline, task_id=create_presentation_table_dim_dates, execution_date=20210808T052500, start_date=20210808T053201, end_date=20210808T053202
[2021-08-08 05:32:02,156] {taskinstance.py:1265} INFO - 1 downstream tasks scheduled from follow-on schedule check
[2021-08-08 05:32:02,167] {local_task_job.py:149} INFO - Task exited with return code 0
[2021-08-08 07:23:08,821] {taskinstance.py:896} INFO - Dependencies all met for <TaskInstance: presentation_pipeline.create_presentation_table_dim_dates 2021-08-08T05:25:00+00:00 [queued]>
[2021-08-08 07:23:08,845] {taskinstance.py:896} INFO - Dependencies all met for <TaskInstance: presentation_pipeline.create_presentation_table_dim_dates 2021-08-08T05:25:00+00:00 [queued]>
[2021-08-08 07:23:08,846] {taskinstance.py:1087} INFO - 
--------------------------------------------------------------------------------
[2021-08-08 07:23:08,846] {taskinstance.py:1088} INFO - Starting attempt 1 of 1
[2021-08-08 07:23:08,847] {taskinstance.py:1089} INFO - 
--------------------------------------------------------------------------------
[2021-08-08 07:23:08,860] {taskinstance.py:1107} INFO - Executing <Task(MySqlOperator): create_presentation_table_dim_dates> on 2021-08-08T05:25:00+00:00
[2021-08-08 07:23:08,868] {standard_task_runner.py:52} INFO - Started process 393 to run task
[2021-08-08 07:23:08,874] {standard_task_runner.py:76} INFO - Running: ['***', 'tasks', 'run', 'presentation_pipeline', 'create_presentation_table_dim_dates', '2021-08-08T05:25:00+00:00', '--job-id', '25', '--pool', 'default_pool', '--raw', '--subdir', 'DAGS_FOLDER/presentation_pipeline.py', '--cfg-path', '/tmp/tmp7up65u8l', '--error-file', '/tmp/tmp0qiybqmh']
[2021-08-08 07:23:08,878] {standard_task_runner.py:77} INFO - Job 25: Subtask create_presentation_table_dim_dates
[2021-08-08 07:23:08,954] {logging_mixin.py:104} INFO - Running <TaskInstance: presentation_pipeline.create_presentation_table_dim_dates 2021-08-08T05:25:00+00:00 [running]> on host af246ab3df74
[2021-08-08 07:23:09,047] {taskinstance.py:1302} INFO - Exporting the following env vars:
AIRFLOW_CTX_DAG_OWNER=***
AIRFLOW_CTX_DAG_ID=presentation_pipeline
AIRFLOW_CTX_TASK_ID=create_presentation_table_dim_dates
AIRFLOW_CTX_EXECUTION_DATE=2021-08-08T05:25:00+00:00
AIRFLOW_CTX_DAG_RUN_ID=scheduled__2021-08-08T05:25:00+00:00
[2021-08-08 07:23:09,048] {mysql.py:70} INFO - Executing: CREATE TABLE IF NOT EXISTS presentation.dates (
    DATE_KEY INT NOT NULL AUTO_INCREMENT,
    `DAY` INT NOT NULL,
    `MONTH` INT NOT NULL,
    `YEAR` INT NOT NULL,
    INGESTION_TIMESTAMP TIMESTAMP NOT NULL DEFAULT CURRENT_TIMESTAMP,
    CONSTRAINT `DATE_PK` PRIMARY KEY (DATE_KEY),
    CONSTRAINT `DATE_UNIQUE` UNIQUE KEY (`DAY`, `MONTH`, `YEAR`)
) AS

WITH order_dates AS (
	SELECT 
		ORDER_DATE as date
	FROM 
		standardized.orders
	WHERE 
		INGESTION_TIMESTAMP >= DATE_SUB(NOW(), INTERVAL 1 HOUR)
	GROUP BY 
		ORDER_DATE 
),

shipdate AS (
	SELECT 
		LINE_ITEM_SHIP_DATE as date
	FROM
		standardized.line_items
	WHERE 
		INGESTION_TIMESTAMP >= DATE_SUB(NOW(), INTERVAL 1 HOUR)
	GROUP BY 
		LINE_ITEM_SHIP_DATE 
),

commitdate AS (
	SELECT 
		LINE_ITEM_COMMIT_DATE as date
	FROM
		standardized.line_items
	WHERE 
		INGESTION_TIMESTAMP >= DATE_SUB(NOW(), INTERVAL 1 HOUR)
	GROUP BY 
		LINE_ITEM_COMMIT_DATE 
),

receiptdate AS (
	SELECT 
		LINE_ITEM_RECEIPT_DATE as date
	FROM
		standardized.line_items
	WHERE 
		INGESTION_TIMESTAMP >= DATE_SUB(NOW(), INTERVAL 1 HOUR)
	GROUP BY 
		LINE_ITEM_RECEIPT_DATE 
),

uniondate AS (
	SELECT * FROM order_dates
	UNION
	SELECT * FROM shipdate
	UNION
	SELECT * FROM commitdate
	UNION
	SELECT * FROM receiptdate
)

SELECT
	NULL as DATE_KEY,
	EXTRACT(DAY FROM `date`) AS DAY,
	EXTRACT(WEEK FROM `date`) AS WEEK,
	EXTRACT(MONTH FROM `date`) AS MONTH,
	EXTRACT(QUARTER FROM `date`) AS QUARTER,
	EXTRACT(YEAR FROM `date`) AS YEAR,
	NOW() AS INGESTION_TIMESTAMP
FROM 
	uniondate
[2021-08-08 07:23:09,063] {base.py:78} INFO - Using connection to: id: dwh_id. Host: dwh, Port: 3306, Schema: , Login: root, Password: ***, extra: {}
[2021-08-08 07:23:09,077] {dbapi.py:204} INFO - Running statement: CREATE TABLE IF NOT EXISTS presentation.dates (
    DATE_KEY INT NOT NULL AUTO_INCREMENT,
    `DAY` INT NOT NULL,
    `MONTH` INT NOT NULL,
    `YEAR` INT NOT NULL,
    INGESTION_TIMESTAMP TIMESTAMP NOT NULL DEFAULT CURRENT_TIMESTAMP,
    CONSTRAINT `DATE_PK` PRIMARY KEY (DATE_KEY),
    CONSTRAINT `DATE_UNIQUE` UNIQUE KEY (`DAY`, `MONTH`, `YEAR`)
) AS

WITH order_dates AS (
	SELECT 
		ORDER_DATE as date
	FROM 
		standardized.orders
	WHERE 
		INGESTION_TIMESTAMP >= DATE_SUB(NOW(), INTERVAL 1 HOUR)
	GROUP BY 
		ORDER_DATE 
),

shipdate AS (
	SELECT 
		LINE_ITEM_SHIP_DATE as date
	FROM
		standardized.line_items
	WHERE 
		INGESTION_TIMESTAMP >= DATE_SUB(NOW(), INTERVAL 1 HOUR)
	GROUP BY 
		LINE_ITEM_SHIP_DATE 
),

commitdate AS (
	SELECT 
		LINE_ITEM_COMMIT_DATE as date
	FROM
		standardized.line_items
	WHERE 
		INGESTION_TIMESTAMP >= DATE_SUB(NOW(), INTERVAL 1 HOUR)
	GROUP BY 
		LINE_ITEM_COMMIT_DATE 
),

receiptdate AS (
	SELECT 
		LINE_ITEM_RECEIPT_DATE as date
	FROM
		standardized.line_items
	WHERE 
		INGESTION_TIMESTAMP >= DATE_SUB(NOW(), INTERVAL 1 HOUR)
	GROUP BY 
		LINE_ITEM_RECEIPT_DATE 
),

uniondate AS (
	SELECT * FROM order_dates
	UNION
	SELECT * FROM shipdate
	UNION
	SELECT * FROM commitdate
	UNION
	SELECT * FROM receiptdate
)

SELECT
	NULL as DATE_KEY,
	EXTRACT(DAY FROM `date`) AS DAY,
	EXTRACT(WEEK FROM `date`) AS WEEK,
	EXTRACT(MONTH FROM `date`) AS MONTH,
	EXTRACT(QUARTER FROM `date`) AS QUARTER,
	EXTRACT(YEAR FROM `date`) AS YEAR,
	NOW() AS INGESTION_TIMESTAMP
FROM 
	uniondate, parameters: None
[2021-08-08 07:23:10,308] {dbapi.py:212} INFO - Rows affected: 2544
[2021-08-08 07:23:10,336] {taskinstance.py:1211} INFO - Marking task as SUCCESS. dag_id=presentation_pipeline, task_id=create_presentation_table_dim_dates, execution_date=20210808T052500, start_date=20210808T072308, end_date=20210808T072310
[2021-08-08 07:23:10,389] {taskinstance.py:1265} INFO - 1 downstream tasks scheduled from follow-on schedule check
[2021-08-08 07:23:10,423] {local_task_job.py:149} INFO - Task exited with return code 0
