[2021-08-08 09:01:01,698] {taskinstance.py:896} INFO - Dependencies all met for <TaskInstance: standardized_pipeline.create_standardized_table_regions 2021-08-08T08:00:00+00:00 [queued]>
[2021-08-08 09:01:01,716] {taskinstance.py:896} INFO - Dependencies all met for <TaskInstance: standardized_pipeline.create_standardized_table_regions 2021-08-08T08:00:00+00:00 [queued]>
[2021-08-08 09:01:01,721] {taskinstance.py:1087} INFO - 
--------------------------------------------------------------------------------
[2021-08-08 09:01:01,722] {taskinstance.py:1088} INFO - Starting attempt 1 of 11
[2021-08-08 09:01:01,723] {taskinstance.py:1089} INFO - 
--------------------------------------------------------------------------------
[2021-08-08 09:01:01,763] {taskinstance.py:1107} INFO - Executing <Task(MySqlOperator): create_standardized_table_regions> on 2021-08-08T08:00:00+00:00
[2021-08-08 09:01:01,776] {standard_task_runner.py:52} INFO - Started process 1214 to run task
[2021-08-08 09:01:01,803] {standard_task_runner.py:76} INFO - Running: ['***', 'tasks', 'run', 'standardized_pipeline', 'create_standardized_table_regions', '2021-08-08T08:00:00+00:00', '--job-id', '40', '--pool', 'default_pool', '--raw', '--subdir', 'DAGS_FOLDER/standardized_pipeline.py', '--cfg-path', '/tmp/tmp3zr9s30t', '--error-file', '/tmp/tmptxzcb5wg']
[2021-08-08 09:01:01,804] {standard_task_runner.py:77} INFO - Job 40: Subtask create_standardized_table_regions
[2021-08-08 09:01:01,900] {logging_mixin.py:104} INFO - Running <TaskInstance: standardized_pipeline.create_standardized_table_regions 2021-08-08T08:00:00+00:00 [running]> on host 99eefc5c6cd8
[2021-08-08 09:01:01,986] {taskinstance.py:1302} INFO - Exporting the following env vars:
AIRFLOW_CTX_DAG_OWNER=***
AIRFLOW_CTX_DAG_ID=standardized_pipeline
AIRFLOW_CTX_TASK_ID=create_standardized_table_regions
AIRFLOW_CTX_EXECUTION_DATE=2021-08-08T08:00:00+00:00
AIRFLOW_CTX_DAG_RUN_ID=scheduled__2021-08-08T08:00:00+00:00
[2021-08-08 09:01:01,987] {mysql.py:70} INFO - Executing: CREATE TABLE IF NOT EXISTS standardized.regions (INGESTION_TIMESTAMP TIMESTAMP NOT NULL DEFAULT CURRENT_TIMESTAMP) AS
WITH timeframed_data AS (
	SELECT
		DISTINCT 
		CAST(R_REGIONKEY AS SIGNED) AS REGION_KEY,
		R_NAME AS REGION_NAME,
		R_COMMENT AS REGION_COMMENT,
		NOW() AS INGESTION_TIMESTAMP
	FROM
		datalake.REGION r
	WHERE 
		r.INGESTION_TIMESTAMP >= DATE_SUB(NOW(), INTERVAL 1 HOUR)
)

SELECT 
	* 
FROM 
	timeframed_data
LIMIT 0
[2021-08-08 09:01:02,002] {base.py:78} INFO - Using connection to: id: dwh_id. Host: dwh, Port: 3306, Schema: , Login: root, Password: ***, extra: {}
[2021-08-08 09:01:02,024] {dbapi.py:204} INFO - Running statement: CREATE TABLE IF NOT EXISTS standardized.regions (INGESTION_TIMESTAMP TIMESTAMP NOT NULL DEFAULT CURRENT_TIMESTAMP) AS
WITH timeframed_data AS (
	SELECT
		DISTINCT 
		CAST(R_REGIONKEY AS SIGNED) AS REGION_KEY,
		R_NAME AS REGION_NAME,
		R_COMMENT AS REGION_COMMENT,
		NOW() AS INGESTION_TIMESTAMP
	FROM
		datalake.REGION r
	WHERE 
		r.INGESTION_TIMESTAMP >= DATE_SUB(NOW(), INTERVAL 1 HOUR)
)

SELECT 
	* 
FROM 
	timeframed_data
LIMIT 0, parameters: None
[2021-08-08 09:01:02,025] {dbapi.py:212} INFO - Rows affected: 0
[2021-08-08 09:01:02,039] {taskinstance.py:1211} INFO - Marking task as SUCCESS. dag_id=standardized_pipeline, task_id=create_standardized_table_regions, execution_date=20210808T080000, start_date=20210808T090101, end_date=20210808T090102
[2021-08-08 09:01:02,089] {taskinstance.py:1265} INFO - 1 downstream tasks scheduled from follow-on schedule check
[2021-08-08 09:01:02,130] {local_task_job.py:149} INFO - Task exited with return code 0
