[2021-08-08 05:03:36,879] {taskinstance.py:896} INFO - Dependencies all met for <TaskInstance: presentation_pipeline.presentation_pipeline_start 2021-08-08T05:03:35.666506+00:00 [queued]>
[2021-08-08 05:03:36,893] {taskinstance.py:896} INFO - Dependencies all met for <TaskInstance: presentation_pipeline.presentation_pipeline_start 2021-08-08T05:03:35.666506+00:00 [queued]>
[2021-08-08 05:03:36,894] {taskinstance.py:1087} INFO - 
--------------------------------------------------------------------------------
[2021-08-08 05:03:36,895] {taskinstance.py:1088} INFO - Starting attempt 1 of 1
[2021-08-08 05:03:36,896] {taskinstance.py:1089} INFO - 
--------------------------------------------------------------------------------
[2021-08-08 05:03:36,914] {taskinstance.py:1107} INFO - Executing <Task(ExternalTaskSensor): presentation_pipeline_start> on 2021-08-08T05:03:35.666506+00:00
[2021-08-08 05:03:36,926] {standard_task_runner.py:76} INFO - Running: ['***', 'tasks', 'run', 'presentation_pipeline', 'presentation_pipeline_start', '2021-08-08T05:03:35.666506+00:00', '--job-id', '89', '--pool', 'default_pool', '--raw', '--subdir', 'DAGS_FOLDER/presentation_pipeline.py', '--cfg-path', '/tmp/tmph2cu109d', '--error-file', '/tmp/tmpd118f9wo']
[2021-08-08 05:03:36,919] {standard_task_runner.py:52} INFO - Started process 6585 to run task
[2021-08-08 05:03:36,927] {standard_task_runner.py:77} INFO - Job 89: Subtask presentation_pipeline_start
[2021-08-08 05:03:36,988] {logging_mixin.py:104} INFO - Running <TaskInstance: presentation_pipeline.presentation_pipeline_start 2021-08-08T05:03:35.666506+00:00 [running]> on host 75feb3cfb2a6
[2021-08-08 05:03:37,056] {taskinstance.py:1302} INFO - Exporting the following env vars:
AIRFLOW_CTX_DAG_OWNER=***
AIRFLOW_CTX_DAG_ID=presentation_pipeline
AIRFLOW_CTX_TASK_ID=presentation_pipeline_start
AIRFLOW_CTX_EXECUTION_DATE=2021-08-08T05:03:35.666506+00:00
AIRFLOW_CTX_DAG_RUN_ID=manual__2021-08-08T05:03:35.666506+00:00
[2021-08-08 05:03:37,058] {external_task.py:152} INFO - Poking for standardized_pipeline.standardized_pipeline_end on 2021-08-08T05:03:35.666506+00:00 ... 
[2021-08-08 05:04:37,023] {external_task.py:152} INFO - Poking for standardized_pipeline.standardized_pipeline_end on 2021-08-08T05:03:35.666506+00:00 ... 
[2021-08-08 05:05:37,028] {external_task.py:152} INFO - Poking for standardized_pipeline.standardized_pipeline_end on 2021-08-08T05:03:35.666506+00:00 ... 
[2021-08-08 05:06:37,049] {external_task.py:152} INFO - Poking for standardized_pipeline.standardized_pipeline_end on 2021-08-08T05:03:35.666506+00:00 ... 
