[2021-08-07 17:02:51,761] {taskinstance.py:896} INFO - Dependencies all met for <TaskInstance: presentation_pipeline.presentation_supplier 2021-08-07T16:55:00+00:00 [queued]>
[2021-08-07 17:02:51,791] {taskinstance.py:896} INFO - Dependencies all met for <TaskInstance: presentation_pipeline.presentation_supplier 2021-08-07T16:55:00+00:00 [queued]>
[2021-08-07 17:02:51,792] {taskinstance.py:1087} INFO - 
--------------------------------------------------------------------------------
[2021-08-07 17:02:51,793] {taskinstance.py:1088} INFO - Starting attempt 1 of 1
[2021-08-07 17:02:51,794] {taskinstance.py:1089} INFO - 
--------------------------------------------------------------------------------
[2021-08-07 17:02:51,806] {taskinstance.py:1107} INFO - Executing <Task(MySqlOperator): presentation_supplier> on 2021-08-07T16:55:00+00:00
[2021-08-07 17:02:51,822] {standard_task_runner.py:76} INFO - Running: ['***', 'tasks', 'run', 'presentation_pipeline', 'presentation_supplier', '2021-08-07T16:55:00+00:00', '--job-id', '26', '--pool', 'default_pool', '--raw', '--subdir', 'DAGS_FOLDER/presentation_pipeline.py', '--cfg-path', '/tmp/tmp19xhem4v', '--error-file', '/tmp/tmp98wr8tb0']
[2021-08-07 17:02:51,824] {standard_task_runner.py:77} INFO - Job 26: Subtask presentation_supplier
[2021-08-07 17:02:51,812] {standard_task_runner.py:52} INFO - Started process 669 to run task
[2021-08-07 17:02:51,929] {logging_mixin.py:104} INFO - Running <TaskInstance: presentation_pipeline.presentation_supplier 2021-08-07T16:55:00+00:00 [running]> on host f68214991f84
[2021-08-07 17:02:52,044] {taskinstance.py:1302} INFO - Exporting the following env vars:
AIRFLOW_CTX_DAG_OWNER=***
AIRFLOW_CTX_DAG_ID=presentation_pipeline
AIRFLOW_CTX_TASK_ID=presentation_supplier
AIRFLOW_CTX_EXECUTION_DATE=2021-08-07T16:55:00+00:00
AIRFLOW_CTX_DAG_RUN_ID=scheduled__2021-08-07T16:55:00+00:00
[2021-08-07 17:02:52,046] {mysql.py:70} INFO - Executing: INSERT IGNORE INTO presentation.SUPPLIER (
	`SUPPLIER_KEY`,
    `SUPPLIER_ACCTBAL`,
    `NATION_NAME`
) 

SELECT
	s.SUPPLIER_KEY,
	s.SUPPLIER_ACCTBAL,
	n.NATION_NAME 
FROM 
	standardized.SUPPLIER s
LEFT JOIN 
	standardized.NATION n 
	ON s.NATION_KEY = n.NATION_KEY 
WHERE 
	s.INGESTION_TIMESTAMP >= DATE_SUB(NOW(), INTERVAL 5 MINUTE)
[2021-08-07 17:02:52,066] {base.py:78} INFO - Using connection to: id: dwh_id. Host: dwh, Port: 3306, Schema: , Login: root, Password: ***, extra: {}
[2021-08-07 17:02:52,093] {dbapi.py:204} INFO - Running statement: INSERT IGNORE INTO presentation.SUPPLIER (
	`SUPPLIER_KEY`,
    `SUPPLIER_ACCTBAL`,
    `NATION_NAME`
) 

SELECT
	s.SUPPLIER_KEY,
	s.SUPPLIER_ACCTBAL,
	n.NATION_NAME 
FROM 
	standardized.SUPPLIER s
LEFT JOIN 
	standardized.NATION n 
	ON s.NATION_KEY = n.NATION_KEY 
WHERE 
	s.INGESTION_TIMESTAMP >= DATE_SUB(NOW(), INTERVAL 5 MINUTE), parameters: None
[2021-08-07 17:02:52,102] {dbapi.py:212} INFO - Rows affected: 100
[2021-08-07 17:02:52,147] {taskinstance.py:1211} INFO - Marking task as SUCCESS. dag_id=presentation_pipeline, task_id=presentation_supplier, execution_date=20210807T165500, start_date=20210807T170251, end_date=20210807T170252
[2021-08-07 17:02:52,206] {taskinstance.py:1265} INFO - 0 downstream tasks scheduled from follow-on schedule check
[2021-08-07 17:02:52,255] {local_task_job.py:149} INFO - Task exited with return code 0
