[2021-08-08 05:15:00,715] {taskinstance.py:896} INFO - Dependencies all met for <TaskInstance: standardized_pipeline.standardized_pipeline_start 2021-08-08T05:10:00+00:00 [queued]>
[2021-08-08 05:15:00,729] {taskinstance.py:896} INFO - Dependencies all met for <TaskInstance: standardized_pipeline.standardized_pipeline_start 2021-08-08T05:10:00+00:00 [queued]>
[2021-08-08 05:15:00,730] {taskinstance.py:1087} INFO - 
--------------------------------------------------------------------------------
[2021-08-08 05:15:00,730] {taskinstance.py:1088} INFO - Starting attempt 1 of 11
[2021-08-08 05:15:00,731] {taskinstance.py:1089} INFO - 
--------------------------------------------------------------------------------
[2021-08-08 05:15:00,738] {taskinstance.py:1107} INFO - Executing <Task(ExternalTaskSensor): standardized_pipeline_start> on 2021-08-08T05:10:00+00:00
[2021-08-08 05:15:00,746] {standard_task_runner.py:76} INFO - Running: ['***', 'tasks', 'run', 'standardized_pipeline', 'standardized_pipeline_start', '2021-08-08T05:10:00+00:00', '--job-id', '62', '--pool', 'default_pool', '--raw', '--subdir', 'DAGS_FOLDER/standardized_pipeline.py', '--cfg-path', '/tmp/tmpauopjb6k', '--error-file', '/tmp/tmppqtcdqau']
[2021-08-08 05:15:00,742] {standard_task_runner.py:52} INFO - Started process 703 to run task
[2021-08-08 05:15:00,748] {standard_task_runner.py:77} INFO - Job 62: Subtask standardized_pipeline_start
[2021-08-08 05:15:00,789] {logging_mixin.py:104} INFO - Running <TaskInstance: standardized_pipeline.standardized_pipeline_start 2021-08-08T05:10:00+00:00 [running]> on host dbfb9e13da58
[2021-08-08 05:15:00,841] {taskinstance.py:1302} INFO - Exporting the following env vars:
AIRFLOW_CTX_DAG_EMAIL=wildangbudhi@gmail.com
AIRFLOW_CTX_DAG_OWNER=***
AIRFLOW_CTX_DAG_ID=standardized_pipeline
AIRFLOW_CTX_TASK_ID=standardized_pipeline_start
AIRFLOW_CTX_EXECUTION_DATE=2021-08-08T05:10:00+00:00
AIRFLOW_CTX_DAG_RUN_ID=scheduled__2021-08-08T05:10:00+00:00
[2021-08-08 05:15:00,844] {external_task.py:152} INFO - Poking for to_datalake_pipeline.to_datalake_pipeline_end on 2021-08-08T05:10:00+00:00 ... 
[2021-08-08 05:16:00,815] {external_task.py:152} INFO - Poking for to_datalake_pipeline.to_datalake_pipeline_end on 2021-08-08T05:10:00+00:00 ... 
[2021-08-08 05:16:00,826] {base.py:248} INFO - Success criteria met. Exiting.
[2021-08-08 05:16:00,837] {taskinstance.py:1211} INFO - Marking task as SUCCESS. dag_id=standardized_pipeline, task_id=standardized_pipeline_start, execution_date=20210808T051000, start_date=20210808T051500, end_date=20210808T051600
[2021-08-08 05:16:00,887] {taskinstance.py:1265} INFO - 8 downstream tasks scheduled from follow-on schedule check
[2021-08-08 05:16:00,938] {local_task_job.py:149} INFO - Task exited with return code 0
