[2021-08-08 05:57:02,422] {taskinstance.py:896} INFO - Dependencies all met for <TaskInstance: presentation_pipeline.presentation_dim_customers 2021-08-08T05:50:00+00:00 [queued]>
[2021-08-08 05:57:02,443] {taskinstance.py:896} INFO - Dependencies all met for <TaskInstance: presentation_pipeline.presentation_dim_customers 2021-08-08T05:50:00+00:00 [queued]>
[2021-08-08 05:57:02,445] {taskinstance.py:1087} INFO - 
--------------------------------------------------------------------------------
[2021-08-08 05:57:02,446] {taskinstance.py:1088} INFO - Starting attempt 1 of 1
[2021-08-08 05:57:02,446] {taskinstance.py:1089} INFO - 
--------------------------------------------------------------------------------
[2021-08-08 05:57:02,460] {taskinstance.py:1107} INFO - Executing <Task(MySqlOperator): presentation_dim_customers> on 2021-08-08T05:50:00+00:00
[2021-08-08 05:57:02,468] {standard_task_runner.py:76} INFO - Running: ['***', 'tasks', 'run', 'presentation_pipeline', 'presentation_dim_customers', '2021-08-08T05:50:00+00:00', '--job-id', '233', '--pool', 'default_pool', '--raw', '--subdir', 'DAGS_FOLDER/presentation_pipeline.py', '--cfg-path', '/tmp/tmpige5ra1l', '--error-file', '/tmp/tmp_xbyrle1']
[2021-08-08 05:57:02,464] {standard_task_runner.py:52} INFO - Started process 3422 to run task
[2021-08-08 05:57:02,469] {standard_task_runner.py:77} INFO - Job 233: Subtask presentation_dim_customers
[2021-08-08 05:57:02,522] {logging_mixin.py:104} INFO - Running <TaskInstance: presentation_pipeline.presentation_dim_customers 2021-08-08T05:50:00+00:00 [running]> on host b48e43d568d5
[2021-08-08 05:57:02,601] {taskinstance.py:1302} INFO - Exporting the following env vars:
AIRFLOW_CTX_DAG_OWNER=***
AIRFLOW_CTX_DAG_ID=presentation_pipeline
AIRFLOW_CTX_TASK_ID=presentation_dim_customers
AIRFLOW_CTX_EXECUTION_DATE=2021-08-08T05:50:00+00:00
AIRFLOW_CTX_DAG_RUN_ID=scheduled__2021-08-08T05:50:00+00:00
[2021-08-08 05:57:02,602] {mysql.py:70} INFO - Executing: INSERT IGNORE INTO presentation.customers
SELECT 
	DISTINCT
	c.CUSTOMER_KEY,
	n.NATION_NAME,
	c.CUSTOMER_ACCOUNT_BALANCE_TOTAL,
	c.CUSTOMER_MARKET_SEGMENT_TYPE, 
	NOW() AS INGESTION_TIMESTAMP
FROM 
	standardized.customers c 
LEFT JOIN
	standardized.nations n 
	ON c.NATION_KEY = n.NATION_KEY 
WHERE
	c.INGESTION_TIMESTAMP >= DATE_SUB(NOW(), INTERVAL 5 MINUTE)
[2021-08-08 05:57:02,612] {base.py:78} INFO - Using connection to: id: dwh_id. Host: dwh, Port: 3306, Schema: , Login: root, Password: ***, extra: {}
[2021-08-08 05:57:02,631] {dbapi.py:204} INFO - Running statement: INSERT IGNORE INTO presentation.customers
SELECT 
	DISTINCT
	c.CUSTOMER_KEY,
	n.NATION_NAME,
	c.CUSTOMER_ACCOUNT_BALANCE_TOTAL,
	c.CUSTOMER_MARKET_SEGMENT_TYPE, 
	NOW() AS INGESTION_TIMESTAMP
FROM 
	standardized.customers c 
LEFT JOIN
	standardized.nations n 
	ON c.NATION_KEY = n.NATION_KEY 
WHERE
	c.INGESTION_TIMESTAMP >= DATE_SUB(NOW(), INTERVAL 5 MINUTE), parameters: None
[2021-08-08 05:57:02,727] {dbapi.py:212} INFO - Rows affected: 0
[2021-08-08 05:57:02,742] {taskinstance.py:1211} INFO - Marking task as SUCCESS. dag_id=presentation_pipeline, task_id=presentation_dim_customers, execution_date=20210808T055000, start_date=20210808T055702, end_date=20210808T055702
[2021-08-08 05:57:02,772] {taskinstance.py:1265} INFO - 0 downstream tasks scheduled from follow-on schedule check
[2021-08-08 05:57:02,809] {local_task_job.py:149} INFO - Task exited with return code 0
