[2021-08-07 17:02:22,898] {taskinstance.py:896} INFO - Dependencies all met for <TaskInstance: to_datalake_pipeline.extract_from_git 2021-08-07T17:02:21.518323+00:00 [queued]>
[2021-08-07 17:02:22,913] {taskinstance.py:896} INFO - Dependencies all met for <TaskInstance: to_datalake_pipeline.extract_from_git 2021-08-07T17:02:21.518323+00:00 [queued]>
[2021-08-07 17:02:22,914] {taskinstance.py:1087} INFO - 
--------------------------------------------------------------------------------
[2021-08-07 17:02:22,915] {taskinstance.py:1088} INFO - Starting attempt 1 of 1
[2021-08-07 17:02:22,915] {taskinstance.py:1089} INFO - 
--------------------------------------------------------------------------------
[2021-08-07 17:02:22,923] {taskinstance.py:1107} INFO - Executing <Task(PythonOperator): extract_from_git> on 2021-08-07T17:02:21.518323+00:00
[2021-08-07 17:02:22,928] {standard_task_runner.py:52} INFO - Started process 584 to run task
[2021-08-07 17:02:22,932] {standard_task_runner.py:76} INFO - Running: ['***', 'tasks', 'run', 'to_datalake_pipeline', 'extract_from_git', '2021-08-07T17:02:21.518323+00:00', '--job-id', '4', '--pool', 'default_pool', '--raw', '--subdir', 'DAGS_FOLDER/to_datalake_pipeline.py', '--cfg-path', '/tmp/tmptoyocgoa', '--error-file', '/tmp/tmpa00zddcl']
[2021-08-07 17:02:22,933] {standard_task_runner.py:77} INFO - Job 4: Subtask extract_from_git
[2021-08-07 17:02:22,979] {logging_mixin.py:104} INFO - Running <TaskInstance: to_datalake_pipeline.extract_from_git 2021-08-07T17:02:21.518323+00:00 [running]> on host f68214991f84
[2021-08-07 17:02:23,027] {taskinstance.py:1302} INFO - Exporting the following env vars:
AIRFLOW_CTX_DAG_OWNER=***
AIRFLOW_CTX_DAG_ID=to_datalake_pipeline
AIRFLOW_CTX_TASK_ID=extract_from_git
AIRFLOW_CTX_EXECUTION_DATE=2021-08-07T17:02:21.518323+00:00
AIRFLOW_CTX_DAG_RUN_ID=manual__2021-08-07T17:02:21.518323+00:00
[2021-08-07 17:02:23,029] {logging_mixin.py:104} INFO - Downloading data from -> https://raw.githubusercontent.com/rezaprimasatya/DTO-DE-JUN-MID/main/data.zip
[2021-08-07 17:02:23,949] {logging_mixin.py:104} INFO - Unzipping Data
[2021-08-07 17:02:24,016] {logging_mixin.py:104} INFO - Transform Data to Pandas Dataframe
[2021-08-07 17:02:24,217] {logging_mixin.py:104} INFO - Load data to datalake
[2021-08-07 17:02:24,282] {logging_mixin.py:104} INFO - Load table : REGION
[2021-08-07 17:02:24,336] {logging_mixin.py:104} INFO - Load table : NATION
[2021-08-07 17:02:24,355] {logging_mixin.py:104} INFO - Load table : PART
[2021-08-07 17:02:24,479] {logging_mixin.py:104} INFO - Load table : SUPPLIER
[2021-08-07 17:02:24,501] {logging_mixin.py:104} INFO - Load table : PARTSUPP
[2021-08-07 17:02:24,932] {logging_mixin.py:104} INFO - Load table : CUSTOMER
[2021-08-07 17:02:25,034] {logging_mixin.py:104} INFO - Load table : ORDERS
[2021-08-07 17:02:25,776] {logging_mixin.py:104} INFO - Load table : LINEITEM
[2021-08-07 17:02:29,932] {python.py:151} INFO - Done. Returned value was: None
[2021-08-07 17:02:29,945] {taskinstance.py:1211} INFO - Marking task as SUCCESS. dag_id=to_datalake_pipeline, task_id=extract_from_git, execution_date=20210807T170221, start_date=20210807T170222, end_date=20210807T170229
[2021-08-07 17:02:29,976] {taskinstance.py:1265} INFO - 0 downstream tasks scheduled from follow-on schedule check
[2021-08-07 17:02:30,045] {local_task_job.py:149} INFO - Task exited with return code 0
