[2021-08-07 14:25:30,890] {taskinstance.py:896} INFO - Dependencies all met for <TaskInstance: standardized_pipeline.create_standardized_table_nation 2021-08-07T14:25:29.541596+00:00 [queued]>
[2021-08-07 14:25:30,969] {taskinstance.py:896} INFO - Dependencies all met for <TaskInstance: standardized_pipeline.create_standardized_table_nation 2021-08-07T14:25:29.541596+00:00 [queued]>
[2021-08-07 14:25:30,971] {taskinstance.py:1087} INFO - 
--------------------------------------------------------------------------------
[2021-08-07 14:25:30,973] {taskinstance.py:1088} INFO - Starting attempt 1 of 1
[2021-08-07 14:25:30,975] {taskinstance.py:1089} INFO - 
--------------------------------------------------------------------------------
[2021-08-07 14:25:31,001] {taskinstance.py:1107} INFO - Executing <Task(MySqlOperator): create_standardized_table_nation> on 2021-08-07T14:25:29.541596+00:00
[2021-08-07 14:25:31,015] {standard_task_runner.py:76} INFO - Running: ['***', 'tasks', 'run', 'standardized_pipeline', 'create_standardized_table_nation', '2021-08-07T14:25:29.541596+00:00', '--job-id', '102', '--pool', 'default_pool', '--raw', '--subdir', 'DAGS_FOLDER/standardized_pipeline.py', '--cfg-path', '/tmp/tmpwx7byahy', '--error-file', '/tmp/tmp918wzqo7']
[2021-08-07 14:25:31,017] {standard_task_runner.py:77} INFO - Job 102: Subtask create_standardized_table_nation
[2021-08-07 14:25:31,008] {standard_task_runner.py:52} INFO - Started process 5113 to run task
[2021-08-07 14:25:31,183] {logging_mixin.py:104} INFO - Running <TaskInstance: standardized_pipeline.create_standardized_table_nation 2021-08-07T14:25:29.541596+00:00 [running]> on host ab70d6dafbc6
[2021-08-07 14:25:31,350] {taskinstance.py:1302} INFO - Exporting the following env vars:
AIRFLOW_CTX_DAG_OWNER=***
AIRFLOW_CTX_DAG_ID=standardized_pipeline
AIRFLOW_CTX_TASK_ID=create_standardized_table_nation
AIRFLOW_CTX_EXECUTION_DATE=2021-08-07T14:25:29.541596+00:00
AIRFLOW_CTX_DAG_RUN_ID=manual__2021-08-07T14:25:29.541596+00:00
[2021-08-07 14:25:31,352] {mysql.py:70} INFO - Executing: CREATE TABLE IF NOT EXISTS standardized.NATION (
  `NATION_KEY` int NOT NULL,
  `NATION_NAME` text NOT NULL,
  `REGION_KEY` int NOT NULL,
  `NATION_COMMENT` text,
  `INGESTION_TIMESTAMP` datetime DEFAULT CURRENT_TIMESTAMP
) ENGINE=InnoDB DEFAULT CHARSET=utf8mb4 COLLATE=utf8mb4_0900_ai_ci;
[2021-08-07 14:25:31,390] {base.py:78} INFO - Using connection to: id: dwh_id. Host: dwh, Port: 3306, Schema: , Login: root, Password: ***, extra: {}
[2021-08-07 14:25:31,430] {dbapi.py:204} INFO - Running statement: CREATE TABLE IF NOT EXISTS standardized.NATION (
  `NATION_KEY` int NOT NULL,
  `NATION_NAME` text NOT NULL,
  `REGION_KEY` int NOT NULL,
  `NATION_COMMENT` text,
  `INGESTION_TIMESTAMP` datetime DEFAULT CURRENT_TIMESTAMP
) ENGINE=InnoDB DEFAULT CHARSET=utf8mb4 COLLATE=utf8mb4_0900_ai_ci;, parameters: None
[2021-08-07 14:25:31,434] {dbapi.py:212} INFO - Rows affected: 0
[2021-08-07 14:25:31,463] {taskinstance.py:1211} INFO - Marking task as SUCCESS. dag_id=standardized_pipeline, task_id=create_standardized_table_nation, execution_date=20210807T142529, start_date=20210807T142530, end_date=20210807T142531
[2021-08-07 14:25:31,532] {taskinstance.py:1265} INFO - 0 downstream tasks scheduled from follow-on schedule check
[2021-08-07 14:25:31,581] {local_task_job.py:149} INFO - Task exited with return code 0
