[2021-08-08 11:01:02,238] {taskinstance.py:896} INFO - Dependencies all met for <TaskInstance: standardized_pipeline.create_standardized_table_part_suppliers 2021-08-08T10:00:00+00:00 [queued]>
[2021-08-08 11:01:02,264] {taskinstance.py:896} INFO - Dependencies all met for <TaskInstance: standardized_pipeline.create_standardized_table_part_suppliers 2021-08-08T10:00:00+00:00 [queued]>
[2021-08-08 11:01:02,265] {taskinstance.py:1087} INFO - 
--------------------------------------------------------------------------------
[2021-08-08 11:01:02,266] {taskinstance.py:1088} INFO - Starting attempt 1 of 11
[2021-08-08 11:01:02,269] {taskinstance.py:1089} INFO - 
--------------------------------------------------------------------------------
[2021-08-08 11:01:02,291] {taskinstance.py:1107} INFO - Executing <Task(MySqlOperator): create_standardized_table_part_suppliers> on 2021-08-08T10:00:00+00:00
[2021-08-08 11:01:02,310] {standard_task_runner.py:76} INFO - Running: ['***', 'tasks', 'run', 'standardized_pipeline', 'create_standardized_table_part_suppliers', '2021-08-08T10:00:00+00:00', '--job-id', '100', '--pool', 'default_pool', '--raw', '--subdir', 'DAGS_FOLDER/standardized_pipeline.py', '--cfg-path', '/tmp/tmpd52wpjvp', '--error-file', '/tmp/tmpu2sfxuq6']
[2021-08-08 11:01:02,312] {standard_task_runner.py:77} INFO - Job 100: Subtask create_standardized_table_part_suppliers
[2021-08-08 11:01:02,301] {standard_task_runner.py:52} INFO - Started process 11009 to run task
[2021-08-08 11:01:02,455] {logging_mixin.py:104} INFO - Running <TaskInstance: standardized_pipeline.create_standardized_table_part_suppliers 2021-08-08T10:00:00+00:00 [running]> on host 99eefc5c6cd8
[2021-08-08 11:01:02,603] {taskinstance.py:1302} INFO - Exporting the following env vars:
AIRFLOW_CTX_DAG_OWNER=***
AIRFLOW_CTX_DAG_ID=standardized_pipeline
AIRFLOW_CTX_TASK_ID=create_standardized_table_part_suppliers
AIRFLOW_CTX_EXECUTION_DATE=2021-08-08T10:00:00+00:00
AIRFLOW_CTX_DAG_RUN_ID=scheduled__2021-08-08T10:00:00+00:00
[2021-08-08 11:01:02,606] {mysql.py:70} INFO - Executing: CREATE TABLE IF NOT EXISTS standardized.part_suppliers (INGESTION_TIMESTAMP TIMESTAMP NOT NULL DEFAULT CURRENT_TIMESTAMP) AS
WITH timeframed_data AS (
	SELECT
        DISTINCT
        CAST(PS_PARTKEY AS SIGNED) AS PART_KEY,
        CAST(PS_SUPPKEY AS SIGNED) AS SUPPLIER_KEY,
        CAST(PS_AVAILQTY AS SIGNED) AS PART_AVAILABILITY_QUANTITY,
        CAST(PS_SUPPLYCOST AS SIGNED) AS PART_SUPPLY_COST, 
        PS_COMMENT AS PART_SUPPLIER_COMMENT,
        NOW() AS INGESTION_TIMESTAMP
    FROM
        datalake.PARTSUPP ps
    WHERE 
        ps.INGESTION_TIMESTAMP >= DATE_SUB(NOW(), INTERVAL 1 HOUR)
)

SELECT 
	* 
FROM 
	timeframed_data
LIMIT 0
[2021-08-08 11:01:02,632] {base.py:78} INFO - Using connection to: id: dwh_id. Host: dwh, Port: 3306, Schema: , Login: root, Password: ***, extra: {}
[2021-08-08 11:01:02,655] {dbapi.py:204} INFO - Running statement: CREATE TABLE IF NOT EXISTS standardized.part_suppliers (INGESTION_TIMESTAMP TIMESTAMP NOT NULL DEFAULT CURRENT_TIMESTAMP) AS
WITH timeframed_data AS (
	SELECT
        DISTINCT
        CAST(PS_PARTKEY AS SIGNED) AS PART_KEY,
        CAST(PS_SUPPKEY AS SIGNED) AS SUPPLIER_KEY,
        CAST(PS_AVAILQTY AS SIGNED) AS PART_AVAILABILITY_QUANTITY,
        CAST(PS_SUPPLYCOST AS SIGNED) AS PART_SUPPLY_COST, 
        PS_COMMENT AS PART_SUPPLIER_COMMENT,
        NOW() AS INGESTION_TIMESTAMP
    FROM
        datalake.PARTSUPP ps
    WHERE 
        ps.INGESTION_TIMESTAMP >= DATE_SUB(NOW(), INTERVAL 1 HOUR)
)

SELECT 
	* 
FROM 
	timeframed_data
LIMIT 0, parameters: None
[2021-08-08 11:01:02,658] {dbapi.py:212} INFO - Rows affected: 0
[2021-08-08 11:01:02,689] {taskinstance.py:1211} INFO - Marking task as SUCCESS. dag_id=standardized_pipeline, task_id=create_standardized_table_part_suppliers, execution_date=20210808T100000, start_date=20210808T110102, end_date=20210808T110102
[2021-08-08 11:01:02,783] {taskinstance.py:1265} INFO - 1 downstream tasks scheduled from follow-on schedule check
[2021-08-08 11:01:02,825] {local_task_job.py:149} INFO - Task exited with return code 0
[2021-08-08 11:04:33,958] {taskinstance.py:896} INFO - Dependencies all met for <TaskInstance: standardized_pipeline.create_standardized_table_part_suppliers 2021-08-08T10:00:00+00:00 [queued]>
[2021-08-08 11:04:33,991] {taskinstance.py:896} INFO - Dependencies all met for <TaskInstance: standardized_pipeline.create_standardized_table_part_suppliers 2021-08-08T10:00:00+00:00 [queued]>
[2021-08-08 11:04:33,992] {taskinstance.py:1087} INFO - 
--------------------------------------------------------------------------------
[2021-08-08 11:04:33,993] {taskinstance.py:1088} INFO - Starting attempt 1 of 11
[2021-08-08 11:04:33,994] {taskinstance.py:1089} INFO - 
--------------------------------------------------------------------------------
[2021-08-08 11:04:34,005] {taskinstance.py:1107} INFO - Executing <Task(MySqlOperator): create_standardized_table_part_suppliers> on 2021-08-08T10:00:00+00:00
[2021-08-08 11:04:34,018] {standard_task_runner.py:76} INFO - Running: ['***', 'tasks', 'run', 'standardized_pipeline', 'create_standardized_table_part_suppliers', '2021-08-08T10:00:00+00:00', '--job-id', '12', '--pool', 'default_pool', '--raw', '--subdir', 'DAGS_FOLDER/standardized_pipeline.py', '--cfg-path', '/tmp/tmpn4zzgy18', '--error-file', '/tmp/tmp2_ll7rtw']
[2021-08-08 11:04:34,024] {standard_task_runner.py:77} INFO - Job 12: Subtask create_standardized_table_part_suppliers
[2021-08-08 11:04:34,013] {standard_task_runner.py:52} INFO - Started process 263 to run task
[2021-08-08 11:04:34,103] {logging_mixin.py:104} INFO - Running <TaskInstance: standardized_pipeline.create_standardized_table_part_suppliers 2021-08-08T10:00:00+00:00 [running]> on host ce886ce1d63a
[2021-08-08 11:04:34,180] {taskinstance.py:1302} INFO - Exporting the following env vars:
AIRFLOW_CTX_DAG_OWNER=***
AIRFLOW_CTX_DAG_ID=standardized_pipeline
AIRFLOW_CTX_TASK_ID=create_standardized_table_part_suppliers
AIRFLOW_CTX_EXECUTION_DATE=2021-08-08T10:00:00+00:00
AIRFLOW_CTX_DAG_RUN_ID=scheduled__2021-08-08T10:00:00+00:00
[2021-08-08 11:04:34,185] {mysql.py:70} INFO - Executing: CREATE TABLE IF NOT EXISTS standardized.part_suppliers (INGESTION_TIMESTAMP TIMESTAMP NOT NULL DEFAULT CURRENT_TIMESTAMP) AS
WITH timeframed_data AS (
	SELECT
        DISTINCT
        CAST(PS_PARTKEY AS SIGNED) AS PART_KEY,
        CAST(PS_SUPPKEY AS SIGNED) AS SUPPLIER_KEY,
        CAST(PS_AVAILQTY AS SIGNED) AS PART_AVAILABILITY_QUANTITY,
        CAST(PS_SUPPLYCOST AS SIGNED) AS PART_SUPPLY_COST, 
        PS_COMMENT AS PART_SUPPLIER_COMMENT,
        NOW() AS INGESTION_TIMESTAMP
    FROM
        datalake.PARTSUPP ps
    WHERE 
        ps.INGESTION_TIMESTAMP >= DATE_SUB(NOW(), INTERVAL 1 HOUR)
)

SELECT 
	* 
FROM 
	timeframed_data
LIMIT 0
[2021-08-08 11:04:34,200] {base.py:78} INFO - Using connection to: id: dwh_id. Host: dwh, Port: 3306, Schema: , Login: root, Password: ***, extra: {}
[2021-08-08 11:04:34,212] {dbapi.py:204} INFO - Running statement: CREATE TABLE IF NOT EXISTS standardized.part_suppliers (INGESTION_TIMESTAMP TIMESTAMP NOT NULL DEFAULT CURRENT_TIMESTAMP) AS
WITH timeframed_data AS (
	SELECT
        DISTINCT
        CAST(PS_PARTKEY AS SIGNED) AS PART_KEY,
        CAST(PS_SUPPKEY AS SIGNED) AS SUPPLIER_KEY,
        CAST(PS_AVAILQTY AS SIGNED) AS PART_AVAILABILITY_QUANTITY,
        CAST(PS_SUPPLYCOST AS SIGNED) AS PART_SUPPLY_COST, 
        PS_COMMENT AS PART_SUPPLIER_COMMENT,
        NOW() AS INGESTION_TIMESTAMP
    FROM
        datalake.PARTSUPP ps
    WHERE 
        ps.INGESTION_TIMESTAMP >= DATE_SUB(NOW(), INTERVAL 1 HOUR)
)

SELECT 
	* 
FROM 
	timeframed_data
LIMIT 0, parameters: None
[2021-08-08 11:04:34,235] {dbapi.py:212} INFO - Rows affected: 0
[2021-08-08 11:04:34,250] {taskinstance.py:1211} INFO - Marking task as SUCCESS. dag_id=standardized_pipeline, task_id=create_standardized_table_part_suppliers, execution_date=20210808T100000, start_date=20210808T110433, end_date=20210808T110434
[2021-08-08 11:04:34,311] {taskinstance.py:1265} INFO - 1 downstream tasks scheduled from follow-on schedule check
[2021-08-08 11:04:34,327] {local_task_job.py:149} INFO - Task exited with return code 0
[2021-08-08 11:55:53,393] {taskinstance.py:896} INFO - Dependencies all met for <TaskInstance: standardized_pipeline.create_standardized_table_part_suppliers 2021-08-08T10:00:00+00:00 [queued]>
[2021-08-08 11:55:53,410] {taskinstance.py:896} INFO - Dependencies all met for <TaskInstance: standardized_pipeline.create_standardized_table_part_suppliers 2021-08-08T10:00:00+00:00 [queued]>
[2021-08-08 11:55:53,411] {taskinstance.py:1087} INFO - 
--------------------------------------------------------------------------------
[2021-08-08 11:55:53,411] {taskinstance.py:1088} INFO - Starting attempt 1 of 11
[2021-08-08 11:55:53,412] {taskinstance.py:1089} INFO - 
--------------------------------------------------------------------------------
[2021-08-08 11:55:53,427] {taskinstance.py:1107} INFO - Executing <Task(MySqlOperator): create_standardized_table_part_suppliers> on 2021-08-08T10:00:00+00:00
[2021-08-08 11:55:53,437] {standard_task_runner.py:76} INFO - Running: ['***', 'tasks', 'run', 'standardized_pipeline', 'create_standardized_table_part_suppliers', '2021-08-08T10:00:00+00:00', '--job-id', '9', '--pool', 'default_pool', '--raw', '--subdir', 'DAGS_FOLDER/standardized_pipeline.py', '--cfg-path', '/tmp/tmpj3e99yc2', '--error-file', '/tmp/tmp5s8yvcl0']
[2021-08-08 11:55:53,432] {standard_task_runner.py:52} INFO - Started process 313 to run task
[2021-08-08 11:55:53,438] {standard_task_runner.py:77} INFO - Job 9: Subtask create_standardized_table_part_suppliers
[2021-08-08 11:55:53,524] {logging_mixin.py:104} INFO - Running <TaskInstance: standardized_pipeline.create_standardized_table_part_suppliers 2021-08-08T10:00:00+00:00 [running]> on host 7f57f947ae95
[2021-08-08 11:55:53,630] {taskinstance.py:1302} INFO - Exporting the following env vars:
AIRFLOW_CTX_DAG_OWNER=***
AIRFLOW_CTX_DAG_ID=standardized_pipeline
AIRFLOW_CTX_TASK_ID=create_standardized_table_part_suppliers
AIRFLOW_CTX_EXECUTION_DATE=2021-08-08T10:00:00+00:00
AIRFLOW_CTX_DAG_RUN_ID=scheduled__2021-08-08T10:00:00+00:00
[2021-08-08 11:55:53,631] {mysql.py:70} INFO - Executing: CREATE TABLE IF NOT EXISTS standardized.part_suppliers (INGESTION_TIMESTAMP TIMESTAMP NOT NULL DEFAULT CURRENT_TIMESTAMP) AS
WITH timeframed_data AS (
	SELECT
        DISTINCT
        CAST(PS_PARTKEY AS SIGNED) AS PART_KEY,
        CAST(PS_SUPPKEY AS SIGNED) AS SUPPLIER_KEY,
        CAST(PS_AVAILQTY AS SIGNED) AS PART_AVAILABILITY_QUANTITY,
        CAST(PS_SUPPLYCOST AS SIGNED) AS PART_SUPPLY_COST, 
        PS_COMMENT AS PART_SUPPLIER_COMMENT,
        NOW() AS INGESTION_TIMESTAMP
    FROM
        datalake.PARTSUPP ps
    WHERE 
        ps.INGESTION_TIMESTAMP >= DATE_SUB(NOW(), INTERVAL 1 HOUR)
)

SELECT 
	* 
FROM 
	timeframed_data
LIMIT 0
[2021-08-08 11:55:53,647] {base.py:78} INFO - Using connection to: id: dwh_id. Host: dwh, Port: 3306, Schema: , Login: root, Password: ***, extra: {}
[2021-08-08 11:55:53,665] {dbapi.py:204} INFO - Running statement: CREATE TABLE IF NOT EXISTS standardized.part_suppliers (INGESTION_TIMESTAMP TIMESTAMP NOT NULL DEFAULT CURRENT_TIMESTAMP) AS
WITH timeframed_data AS (
	SELECT
        DISTINCT
        CAST(PS_PARTKEY AS SIGNED) AS PART_KEY,
        CAST(PS_SUPPKEY AS SIGNED) AS SUPPLIER_KEY,
        CAST(PS_AVAILQTY AS SIGNED) AS PART_AVAILABILITY_QUANTITY,
        CAST(PS_SUPPLYCOST AS SIGNED) AS PART_SUPPLY_COST, 
        PS_COMMENT AS PART_SUPPLIER_COMMENT,
        NOW() AS INGESTION_TIMESTAMP
    FROM
        datalake.PARTSUPP ps
    WHERE 
        ps.INGESTION_TIMESTAMP >= DATE_SUB(NOW(), INTERVAL 1 HOUR)
)

SELECT 
	* 
FROM 
	timeframed_data
LIMIT 0, parameters: None
[2021-08-08 11:55:53,694] {dbapi.py:212} INFO - Rows affected: 0
[2021-08-08 11:55:53,713] {taskinstance.py:1211} INFO - Marking task as SUCCESS. dag_id=standardized_pipeline, task_id=create_standardized_table_part_suppliers, execution_date=20210808T100000, start_date=20210808T115553, end_date=20210808T115553
[2021-08-08 11:55:53,764] {taskinstance.py:1265} INFO - 1 downstream tasks scheduled from follow-on schedule check
[2021-08-08 11:55:53,786] {local_task_job.py:149} INFO - Task exited with return code 0
