[2021-08-08 03:35:01,426] {taskinstance.py:896} INFO - Dependencies all met for <TaskInstance: standardized_pipeline.standardized_pipeline_start 2021-08-08T03:30:00+00:00 [queued]>
[2021-08-08 03:35:01,453] {taskinstance.py:896} INFO - Dependencies all met for <TaskInstance: standardized_pipeline.standardized_pipeline_start 2021-08-08T03:30:00+00:00 [queued]>
[2021-08-08 03:35:01,454] {taskinstance.py:1087} INFO - 
--------------------------------------------------------------------------------
[2021-08-08 03:35:01,455] {taskinstance.py:1088} INFO - Starting attempt 1 of 11
[2021-08-08 03:35:01,456] {taskinstance.py:1089} INFO - 
--------------------------------------------------------------------------------
[2021-08-08 03:35:01,469] {taskinstance.py:1107} INFO - Executing <Task(ExternalTaskSensor): standardized_pipeline_start> on 2021-08-08T03:30:00+00:00
[2021-08-08 03:35:01,483] {standard_task_runner.py:76} INFO - Running: ['***', 'tasks', 'run', 'standardized_pipeline', 'standardized_pipeline_start', '2021-08-08T03:30:00+00:00', '--job-id', '5', '--pool', 'default_pool', '--raw', '--subdir', 'DAGS_FOLDER/standardized_pipeline.py', '--cfg-path', '/tmp/tmpant1p3g4', '--error-file', '/tmp/tmpoompgq8j']
[2021-08-08 03:35:01,476] {standard_task_runner.py:52} INFO - Started process 232 to run task
[2021-08-08 03:35:01,485] {standard_task_runner.py:77} INFO - Job 5: Subtask standardized_pipeline_start
[2021-08-08 03:35:01,565] {logging_mixin.py:104} INFO - Running <TaskInstance: standardized_pipeline.standardized_pipeline_start 2021-08-08T03:30:00+00:00 [running]> on host 048dd2156ea9
[2021-08-08 03:35:01,652] {taskinstance.py:1302} INFO - Exporting the following env vars:
AIRFLOW_CTX_DAG_EMAIL=wildangbudhi@gmail.com
AIRFLOW_CTX_DAG_OWNER=***
AIRFLOW_CTX_DAG_ID=standardized_pipeline
AIRFLOW_CTX_TASK_ID=standardized_pipeline_start
AIRFLOW_CTX_EXECUTION_DATE=2021-08-08T03:30:00+00:00
AIRFLOW_CTX_DAG_RUN_ID=scheduled__2021-08-08T03:30:00+00:00
[2021-08-08 03:35:01,653] {external_task.py:152} INFO - Poking for to_datalake_pipeline.to_datalake_pipeline_end_task on 2021-08-08T03:30:00+00:00 ... 
[2021-08-08 03:35:11,683] {external_task.py:152} INFO - Poking for to_datalake_pipeline.to_datalake_pipeline_end_task on 2021-08-08T03:30:00+00:00 ... 
[2021-08-08 03:35:21,730] {external_task.py:152} INFO - Poking for to_datalake_pipeline.to_datalake_pipeline_end_task on 2021-08-08T03:30:00+00:00 ... 
[2021-08-08 03:35:31,742] {external_task.py:152} INFO - Poking for to_datalake_pipeline.to_datalake_pipeline_end_task on 2021-08-08T03:30:00+00:00 ... 
[2021-08-08 03:35:41,766] {external_task.py:152} INFO - Poking for to_datalake_pipeline.to_datalake_pipeline_end_task on 2021-08-08T03:30:00+00:00 ... 
[2021-08-08 03:35:51,795] {external_task.py:152} INFO - Poking for to_datalake_pipeline.to_datalake_pipeline_end_task on 2021-08-08T03:30:00+00:00 ... 
[2021-08-08 03:36:01,802] {external_task.py:152} INFO - Poking for to_datalake_pipeline.to_datalake_pipeline_end_task on 2021-08-08T03:30:00+00:00 ... 
[2021-08-08 03:36:11,829] {external_task.py:152} INFO - Poking for to_datalake_pipeline.to_datalake_pipeline_end_task on 2021-08-08T03:30:00+00:00 ... 
[2021-08-08 03:36:21,857] {external_task.py:152} INFO - Poking for to_datalake_pipeline.to_datalake_pipeline_end_task on 2021-08-08T03:30:00+00:00 ... 
[2021-08-08 03:36:31,855] {external_task.py:152} INFO - Poking for to_datalake_pipeline.to_datalake_pipeline_end_task on 2021-08-08T03:30:00+00:00 ... 
[2021-08-08 03:36:41,884] {external_task.py:152} INFO - Poking for to_datalake_pipeline.to_datalake_pipeline_end_task on 2021-08-08T03:30:00+00:00 ... 
[2021-08-08 03:36:51,908] {external_task.py:152} INFO - Poking for to_datalake_pipeline.to_datalake_pipeline_end_task on 2021-08-08T03:30:00+00:00 ... 
[2021-08-08 03:37:01,911] {external_task.py:152} INFO - Poking for to_datalake_pipeline.to_datalake_pipeline_end_task on 2021-08-08T03:30:00+00:00 ... 
[2021-08-08 03:37:11,934] {external_task.py:152} INFO - Poking for to_datalake_pipeline.to_datalake_pipeline_end_task on 2021-08-08T03:30:00+00:00 ... 
[2021-08-08 03:37:21,963] {external_task.py:152} INFO - Poking for to_datalake_pipeline.to_datalake_pipeline_end_task on 2021-08-08T03:30:00+00:00 ... 
[2021-08-08 03:37:31,962] {external_task.py:152} INFO - Poking for to_datalake_pipeline.to_datalake_pipeline_end_task on 2021-08-08T03:30:00+00:00 ... 
[2021-08-08 03:37:41,978] {external_task.py:152} INFO - Poking for to_datalake_pipeline.to_datalake_pipeline_end_task on 2021-08-08T03:30:00+00:00 ... 
[2021-08-08 03:37:52,003] {external_task.py:152} INFO - Poking for to_datalake_pipeline.to_datalake_pipeline_end_task on 2021-08-08T03:30:00+00:00 ... 
[2021-08-08 03:38:02,020] {external_task.py:152} INFO - Poking for to_datalake_pipeline.to_datalake_pipeline_end_task on 2021-08-08T03:30:00+00:00 ... 
[2021-08-08 03:38:12,047] {external_task.py:152} INFO - Poking for to_datalake_pipeline.to_datalake_pipeline_end_task on 2021-08-08T03:30:00+00:00 ... 
