[2021-08-07 14:40:01,066] {taskinstance.py:896} INFO - Dependencies all met for <TaskInstance: to_datalake_pipeline.extract_from_git 2021-08-07T14:35:00+00:00 [queued]>
[2021-08-07 14:40:01,082] {taskinstance.py:896} INFO - Dependencies all met for <TaskInstance: to_datalake_pipeline.extract_from_git 2021-08-07T14:35:00+00:00 [queued]>
[2021-08-07 14:40:01,083] {taskinstance.py:1087} INFO - 
--------------------------------------------------------------------------------
[2021-08-07 14:40:01,084] {taskinstance.py:1088} INFO - Starting attempt 1 of 1
[2021-08-07 14:40:01,084] {taskinstance.py:1089} INFO - 
--------------------------------------------------------------------------------
[2021-08-07 14:40:01,093] {taskinstance.py:1107} INFO - Executing <Task(PythonOperator): extract_from_git> on 2021-08-07T14:35:00+00:00
[2021-08-07 14:40:01,098] {standard_task_runner.py:52} INFO - Started process 6413 to run task
[2021-08-07 14:40:01,102] {standard_task_runner.py:76} INFO - Running: ['***', 'tasks', 'run', 'to_datalake_pipeline', 'extract_from_git', '2021-08-07T14:35:00+00:00', '--job-id', '109', '--pool', 'default_pool', '--raw', '--subdir', 'DAGS_FOLDER/to_datalake_pipeline.py', '--cfg-path', '/tmp/tmplmtrjv0c', '--error-file', '/tmp/tmp42hegc22']
[2021-08-07 14:40:01,103] {standard_task_runner.py:77} INFO - Job 109: Subtask extract_from_git
[2021-08-07 14:40:01,149] {logging_mixin.py:104} INFO - Running <TaskInstance: to_datalake_pipeline.extract_from_git 2021-08-07T14:35:00+00:00 [running]> on host ab70d6dafbc6
[2021-08-07 14:40:01,196] {taskinstance.py:1302} INFO - Exporting the following env vars:
AIRFLOW_CTX_DAG_OWNER=***
AIRFLOW_CTX_DAG_ID=to_datalake_pipeline
AIRFLOW_CTX_TASK_ID=extract_from_git
AIRFLOW_CTX_EXECUTION_DATE=2021-08-07T14:35:00+00:00
AIRFLOW_CTX_DAG_RUN_ID=scheduled__2021-08-07T14:35:00+00:00
[2021-08-07 14:40:01,197] {logging_mixin.py:104} INFO - Downloading data from -> https://raw.githubusercontent.com/rezaprimasatya/DTO-DE-JUN-MID/main/data.zip
[2021-08-07 14:40:02,347] {logging_mixin.py:104} INFO - Unzipping Data
[2021-08-07 14:40:02,414] {logging_mixin.py:104} INFO - Transform Data to Pandas Dataframe
[2021-08-07 14:40:02,588] {logging_mixin.py:104} INFO - Load data to datalake
[2021-08-07 14:40:02,628] {logging_mixin.py:104} INFO - Load table : REGION
[2021-08-07 14:40:02,665] {logging_mixin.py:104} INFO - Load table : NATION
[2021-08-07 14:40:02,682] {logging_mixin.py:104} INFO - Load table : PART
[2021-08-07 14:40:02,774] {logging_mixin.py:104} INFO - Load table : SUPPLIER
[2021-08-07 14:40:02,793] {logging_mixin.py:104} INFO - Load table : PARTSUPP
[2021-08-07 14:40:03,114] {logging_mixin.py:104} INFO - Load table : CUSTOMER
[2021-08-07 14:40:03,174] {logging_mixin.py:104} INFO - Load table : ORDERS
[2021-08-07 14:40:03,727] {logging_mixin.py:104} INFO - Load table : LINEITEM
[2021-08-07 14:40:07,535] {python.py:151} INFO - Done. Returned value was: None
[2021-08-07 14:40:07,545] {taskinstance.py:1211} INFO - Marking task as SUCCESS. dag_id=to_datalake_pipeline, task_id=extract_from_git, execution_date=20210807T143500, start_date=20210807T144001, end_date=20210807T144007
[2021-08-07 14:40:07,570] {taskinstance.py:1265} INFO - 0 downstream tasks scheduled from follow-on schedule check
[2021-08-07 14:40:07,626] {local_task_job.py:149} INFO - Task exited with return code 0
