[2021-08-08 06:51:33,790] {taskinstance.py:896} INFO - Dependencies all met for <TaskInstance: to_datalake_pipeline.extract_from_git 2021-08-08T06:45:00+00:00 [queued]>
[2021-08-08 06:51:33,803] {taskinstance.py:896} INFO - Dependencies all met for <TaskInstance: to_datalake_pipeline.extract_from_git 2021-08-08T06:45:00+00:00 [queued]>
[2021-08-08 06:51:33,804] {taskinstance.py:1087} INFO - 
--------------------------------------------------------------------------------
[2021-08-08 06:51:33,805] {taskinstance.py:1088} INFO - Starting attempt 1 of 11
[2021-08-08 06:51:33,805] {taskinstance.py:1089} INFO - 
--------------------------------------------------------------------------------
[2021-08-08 06:51:33,812] {taskinstance.py:1107} INFO - Executing <Task(PythonOperator): extract_from_git> on 2021-08-08T06:45:00+00:00
[2021-08-08 06:51:33,816] {standard_task_runner.py:52} INFO - Started process 105 to run task
[2021-08-08 06:51:33,820] {standard_task_runner.py:76} INFO - Running: ['***', 'tasks', 'run', 'to_datalake_pipeline', 'extract_from_git', '2021-08-08T06:45:00+00:00', '--job-id', '2', '--pool', 'default_pool', '--raw', '--subdir', 'DAGS_FOLDER/to_datalake_pipeline.py', '--cfg-path', '/tmp/tmppqlhf4aw', '--error-file', '/tmp/tmpvq3svrk6']
[2021-08-08 06:51:33,821] {standard_task_runner.py:77} INFO - Job 2: Subtask extract_from_git
[2021-08-08 06:51:33,861] {logging_mixin.py:104} INFO - Running <TaskInstance: to_datalake_pipeline.extract_from_git 2021-08-08T06:45:00+00:00 [running]> on host be4fd095311a
[2021-08-08 06:51:33,901] {taskinstance.py:1302} INFO - Exporting the following env vars:
AIRFLOW_CTX_DAG_EMAIL=wildangbudhi@gmail.com
AIRFLOW_CTX_DAG_OWNER=***
AIRFLOW_CTX_DAG_ID=to_datalake_pipeline
AIRFLOW_CTX_TASK_ID=extract_from_git
AIRFLOW_CTX_EXECUTION_DATE=2021-08-08T06:45:00+00:00
AIRFLOW_CTX_DAG_RUN_ID=scheduled__2021-08-08T06:45:00+00:00
[2021-08-08 06:51:33,903] {logging_mixin.py:104} INFO - Downloading data from -> https://raw.githubusercontent.com/rezaprimasatya/DTO-DE-JUN-MID/main/data.zip
[2021-08-08 06:51:40,217] {logging_mixin.py:104} INFO - Unzipping Data
[2021-08-08 06:51:40,291] {logging_mixin.py:104} INFO - Transform Data to Pandas Dataframe
[2021-08-08 06:51:40,467] {logging_mixin.py:104} INFO - Load data to datalake
[2021-08-08 06:51:40,474] {taskinstance.py:1501} ERROR - Task failed with exception
Traceback (most recent call last):
  File "/home/airflow/.local/lib/python3.6/site-packages/airflow/models/taskinstance.py", line 1157, in _run_raw_task
    self._prepare_and_execute_task_with_callbacks(context, task)
  File "/home/airflow/.local/lib/python3.6/site-packages/airflow/models/taskinstance.py", line 1331, in _prepare_and_execute_task_with_callbacks
    result = self._execute_task(context, task_copy)
  File "/home/airflow/.local/lib/python3.6/site-packages/airflow/models/taskinstance.py", line 1361, in _execute_task
    result = task_copy.execute(context=context)
  File "/home/airflow/.local/lib/python3.6/site-packages/airflow/operators/python.py", line 150, in execute
    return_value = self.execute_callable()
  File "/home/airflow/.local/lib/python3.6/site-packages/airflow/operators/python.py", line 161, in execute_callable
    return self.python_callable(*self.op_args, **self.op_kwargs)
  File "/opt/airflow/dags/extract/extract.py", line 104, in extract_data_from_git
    pipeline.run()
  File "/opt/airflow/dags/extract/extract.py", line 19, in run
    self.df_to_datalake(data_dataframes)
  File "/opt/airflow/dags/extract/extract.py", line 71, in df_to_datalake
    user=Variable.get("DWH_USER"),
  File "/home/airflow/.local/lib/python3.6/site-packages/airflow/models/variable.py", line 140, in get
    raise KeyError(f'Variable {key} does not exist')
KeyError: 'Variable DWH_USER does not exist'
[2021-08-08 06:51:40,477] {taskinstance.py:1551} INFO - Marking task as UP_FOR_RETRY. dag_id=to_datalake_pipeline, task_id=extract_from_git, execution_date=20210808T064500, start_date=20210808T065133, end_date=20210808T065140
[2021-08-08 06:51:40,532] {local_task_job.py:149} INFO - Task exited with return code 1
[2021-08-08 06:53:48,875] {taskinstance.py:896} INFO - Dependencies all met for <TaskInstance: to_datalake_pipeline.extract_from_git 2021-08-08T06:45:00+00:00 [queued]>
[2021-08-08 06:53:48,889] {taskinstance.py:896} INFO - Dependencies all met for <TaskInstance: to_datalake_pipeline.extract_from_git 2021-08-08T06:45:00+00:00 [queued]>
[2021-08-08 06:53:48,890] {taskinstance.py:1087} INFO - 
--------------------------------------------------------------------------------
[2021-08-08 06:53:48,890] {taskinstance.py:1088} INFO - Starting attempt 1 of 11
[2021-08-08 06:53:48,891] {taskinstance.py:1089} INFO - 
--------------------------------------------------------------------------------
[2021-08-08 06:53:48,898] {taskinstance.py:1107} INFO - Executing <Task(PythonOperator): extract_from_git> on 2021-08-08T06:45:00+00:00
[2021-08-08 06:53:48,902] {standard_task_runner.py:52} INFO - Started process 171 to run task
[2021-08-08 06:53:48,906] {standard_task_runner.py:76} INFO - Running: ['***', 'tasks', 'run', 'to_datalake_pipeline', 'extract_from_git', '2021-08-08T06:45:00+00:00', '--job-id', '2', '--pool', 'default_pool', '--raw', '--subdir', 'DAGS_FOLDER/to_datalake_pipeline.py', '--cfg-path', '/tmp/tmp72jl_kph', '--error-file', '/tmp/tmpzf9n929k']
[2021-08-08 06:53:48,906] {standard_task_runner.py:77} INFO - Job 2: Subtask extract_from_git
[2021-08-08 06:53:48,946] {logging_mixin.py:104} INFO - Running <TaskInstance: to_datalake_pipeline.extract_from_git 2021-08-08T06:45:00+00:00 [running]> on host 7107cfc639af
[2021-08-08 06:53:48,986] {taskinstance.py:1302} INFO - Exporting the following env vars:
AIRFLOW_CTX_DAG_EMAIL=wildangbudhi@gmail.com
AIRFLOW_CTX_DAG_OWNER=***
AIRFLOW_CTX_DAG_ID=to_datalake_pipeline
AIRFLOW_CTX_TASK_ID=extract_from_git
AIRFLOW_CTX_EXECUTION_DATE=2021-08-08T06:45:00+00:00
AIRFLOW_CTX_DAG_RUN_ID=scheduled__2021-08-08T06:45:00+00:00
[2021-08-08 06:53:48,987] {logging_mixin.py:104} INFO - Downloading data from -> https://raw.githubusercontent.com/rezaprimasatya/DTO-DE-JUN-MID/main/data.zip
[2021-08-08 06:53:49,676] {logging_mixin.py:104} INFO - Unzipping Data
[2021-08-08 06:53:49,744] {logging_mixin.py:104} INFO - Transform Data to Pandas Dataframe
[2021-08-08 06:53:49,945] {logging_mixin.py:104} INFO - Load data to datalake
[2021-08-08 06:53:50,003] {logging_mixin.py:104} INFO - Load table : REGION
[2021-08-08 06:53:50,047] {logging_mixin.py:104} INFO - Load table : NATION
[2021-08-08 06:53:50,060] {logging_mixin.py:104} INFO - Load table : PART
[2021-08-08 06:53:50,166] {logging_mixin.py:104} INFO - Load table : SUPPLIER
[2021-08-08 06:53:50,182] {logging_mixin.py:104} INFO - Load table : PARTSUPP
[2021-08-08 06:53:50,532] {logging_mixin.py:104} INFO - Load table : CUSTOMER
[2021-08-08 06:53:50,618] {logging_mixin.py:104} INFO - Load table : ORDERS
[2021-08-08 06:53:51,290] {logging_mixin.py:104} INFO - Load table : LINEITEM
[2021-08-08 06:53:54,775] {python.py:151} INFO - Done. Returned value was: None
[2021-08-08 06:53:54,783] {taskinstance.py:1211} INFO - Marking task as SUCCESS. dag_id=to_datalake_pipeline, task_id=extract_from_git, execution_date=20210808T064500, start_date=20210808T065348, end_date=20210808T065354
[2021-08-08 06:53:54,803] {taskinstance.py:1265} INFO - 1 downstream tasks scheduled from follow-on schedule check
[2021-08-08 06:53:54,865] {local_task_job.py:149} INFO - Task exited with return code 0
