[2021-08-07 08:30:01,101] {taskinstance.py:896} INFO - Dependencies all met for <TaskInstance: to_datalake_pipeline.extract_from_git 2021-08-07T08:25:00+00:00 [queued]>
[2021-08-07 08:30:01,115] {taskinstance.py:896} INFO - Dependencies all met for <TaskInstance: to_datalake_pipeline.extract_from_git 2021-08-07T08:25:00+00:00 [queued]>
[2021-08-07 08:30:01,116] {taskinstance.py:1087} INFO - 
--------------------------------------------------------------------------------
[2021-08-07 08:30:01,117] {taskinstance.py:1088} INFO - Starting attempt 1 of 1
[2021-08-07 08:30:01,117] {taskinstance.py:1089} INFO - 
--------------------------------------------------------------------------------
[2021-08-07 08:30:01,124] {taskinstance.py:1107} INFO - Executing <Task(PythonOperator): extract_from_git> on 2021-08-07T08:25:00+00:00
[2021-08-07 08:30:01,128] {standard_task_runner.py:52} INFO - Started process 5489 to run task
[2021-08-07 08:30:01,132] {standard_task_runner.py:76} INFO - Running: ['***', 'tasks', 'run', 'to_datalake_pipeline', 'extract_from_git', '2021-08-07T08:25:00+00:00', '--job-id', '14', '--pool', 'default_pool', '--raw', '--subdir', 'DAGS_FOLDER/to_datalake_pipeline.py', '--cfg-path', '/tmp/tmpnmg2zvjt', '--error-file', '/tmp/tmpanp0m639']
[2021-08-07 08:30:01,133] {standard_task_runner.py:77} INFO - Job 14: Subtask extract_from_git
[2021-08-07 08:30:01,177] {logging_mixin.py:104} INFO - Running <TaskInstance: to_datalake_pipeline.extract_from_git 2021-08-07T08:25:00+00:00 [running]> on host 0af53fa45088
[2021-08-07 08:30:01,221] {taskinstance.py:1302} INFO - Exporting the following env vars:
AIRFLOW_CTX_DAG_OWNER=***
AIRFLOW_CTX_DAG_ID=to_datalake_pipeline
AIRFLOW_CTX_TASK_ID=extract_from_git
AIRFLOW_CTX_EXECUTION_DATE=2021-08-07T08:25:00+00:00
AIRFLOW_CTX_DAG_RUN_ID=scheduled__2021-08-07T08:25:00+00:00
[2021-08-07 08:30:01,223] {logging_mixin.py:104} INFO - Downloading data from -> https://raw.githubusercontent.com/rezaprimasatya/DTO-DE-JUN-MID/main/data.zip
[2021-08-07 08:30:07,193] {logging_mixin.py:104} INFO - Unzipping Data
[2021-08-07 08:30:07,255] {logging_mixin.py:104} INFO - Transform Data to Pandas Dataframe
[2021-08-07 08:30:07,439] {logging_mixin.py:104} INFO - Load data to datalake
[2021-08-07 08:30:07,451] {logging_mixin.py:104} INFO - Load table : REGION
[2021-08-07 08:30:07,485] {logging_mixin.py:104} INFO - Load table : NATION
[2021-08-07 08:30:07,500] {logging_mixin.py:104} INFO - Load table : PART
[2021-08-07 08:30:07,607] {logging_mixin.py:104} INFO - Load table : SUPPLIER
[2021-08-07 08:30:07,631] {logging_mixin.py:104} INFO - Load table : PARTSUPP
[2021-08-07 08:30:07,982] {logging_mixin.py:104} INFO - Load table : CUSTOMER
[2021-08-07 08:30:08,059] {logging_mixin.py:104} INFO - Load table : ORDERS
[2021-08-07 08:30:08,616] {logging_mixin.py:104} INFO - Load table : LINEITEM
[2021-08-07 08:30:11,987] {python.py:151} INFO - Done. Returned value was: None
[2021-08-07 08:30:11,996] {taskinstance.py:1211} INFO - Marking task as SUCCESS. dag_id=to_datalake_pipeline, task_id=extract_from_git, execution_date=20210807T082500, start_date=20210807T083001, end_date=20210807T083011
[2021-08-07 08:30:12,016] {taskinstance.py:1265} INFO - 0 downstream tasks scheduled from follow-on schedule check
[2021-08-07 08:30:12,075] {local_task_job.py:149} INFO - Task exited with return code 0
[2021-08-07 08:35:05,596] {taskinstance.py:896} INFO - Dependencies all met for <TaskInstance: to_datalake_pipeline.extract_from_git 2021-08-07T08:25:00+00:00 [queued]>
[2021-08-07 08:35:05,606] {taskinstance.py:896} INFO - Dependencies all met for <TaskInstance: to_datalake_pipeline.extract_from_git 2021-08-07T08:25:00+00:00 [queued]>
[2021-08-07 08:35:05,606] {taskinstance.py:1087} INFO - 
--------------------------------------------------------------------------------
[2021-08-07 08:35:05,607] {taskinstance.py:1088} INFO - Starting attempt 1 of 1
[2021-08-07 08:35:05,608] {taskinstance.py:1089} INFO - 
--------------------------------------------------------------------------------
[2021-08-07 08:35:05,619] {taskinstance.py:1107} INFO - Executing <Task(PythonOperator): extract_from_git> on 2021-08-07T08:25:00+00:00
[2021-08-07 08:35:05,624] {standard_task_runner.py:52} INFO - Started process 261 to run task
[2021-08-07 08:35:05,628] {standard_task_runner.py:76} INFO - Running: ['***', 'tasks', 'run', 'to_datalake_pipeline', 'extract_from_git', '2021-08-07T08:25:00+00:00', '--job-id', '2', '--pool', 'default_pool', '--raw', '--subdir', 'DAGS_FOLDER/to_datalake_pipeline.py', '--cfg-path', '/tmp/tmp1ov4xk21', '--error-file', '/tmp/tmp6lmk6_n1']
[2021-08-07 08:35:05,629] {standard_task_runner.py:77} INFO - Job 2: Subtask extract_from_git
[2021-08-07 08:35:05,674] {logging_mixin.py:104} INFO - Running <TaskInstance: to_datalake_pipeline.extract_from_git 2021-08-07T08:25:00+00:00 [running]> on host a53b7023e696
[2021-08-07 08:35:05,720] {taskinstance.py:1302} INFO - Exporting the following env vars:
AIRFLOW_CTX_DAG_OWNER=***
AIRFLOW_CTX_DAG_ID=to_datalake_pipeline
AIRFLOW_CTX_TASK_ID=extract_from_git
AIRFLOW_CTX_EXECUTION_DATE=2021-08-07T08:25:00+00:00
AIRFLOW_CTX_DAG_RUN_ID=scheduled__2021-08-07T08:25:00+00:00
[2021-08-07 08:35:05,721] {logging_mixin.py:104} INFO - Downloading data from -> https://raw.githubusercontent.com/rezaprimasatya/DTO-DE-JUN-MID/main/data.zip
[2021-08-07 08:35:07,043] {logging_mixin.py:104} INFO - Unzipping Data
[2021-08-07 08:35:07,113] {logging_mixin.py:104} INFO - Transform Data to Pandas Dataframe
[2021-08-07 08:35:07,319] {logging_mixin.py:104} INFO - Load data to datalake
[2021-08-07 08:35:07,356] {logging_mixin.py:104} INFO - Load table : REGION
[2021-08-07 08:35:07,403] {logging_mixin.py:104} INFO - Load table : NATION
[2021-08-07 08:35:07,418] {logging_mixin.py:104} INFO - Load table : PART
[2021-08-07 08:35:07,538] {logging_mixin.py:104} INFO - Load table : SUPPLIER
[2021-08-07 08:35:07,563] {logging_mixin.py:104} INFO - Load table : PARTSUPP
[2021-08-07 08:35:07,967] {logging_mixin.py:104} INFO - Load table : CUSTOMER
[2021-08-07 08:35:08,084] {logging_mixin.py:104} INFO - Load table : ORDERS
[2021-08-07 08:35:08,792] {logging_mixin.py:104} INFO - Load table : LINEITEM
[2021-08-07 08:35:12,711] {python.py:151} INFO - Done. Returned value was: None
[2021-08-07 08:35:12,722] {taskinstance.py:1211} INFO - Marking task as SUCCESS. dag_id=to_datalake_pipeline, task_id=extract_from_git, execution_date=20210807T082500, start_date=20210807T083505, end_date=20210807T083512
[2021-08-07 08:35:12,743] {taskinstance.py:1265} INFO - 0 downstream tasks scheduled from follow-on schedule check
[2021-08-07 08:35:12,781] {local_task_job.py:149} INFO - Task exited with return code 0
