[2021-08-08 11:01:02,263] {taskinstance.py:896} INFO - Dependencies all met for <TaskInstance: standardized_pipeline.create_standardized_table_nations 2021-08-08T10:00:00+00:00 [queued]>
[2021-08-08 11:01:02,307] {taskinstance.py:896} INFO - Dependencies all met for <TaskInstance: standardized_pipeline.create_standardized_table_nations 2021-08-08T10:00:00+00:00 [queued]>
[2021-08-08 11:01:02,313] {taskinstance.py:1087} INFO - 
--------------------------------------------------------------------------------
[2021-08-08 11:01:02,314] {taskinstance.py:1088} INFO - Starting attempt 1 of 11
[2021-08-08 11:01:02,315] {taskinstance.py:1089} INFO - 
--------------------------------------------------------------------------------
[2021-08-08 11:01:02,352] {taskinstance.py:1107} INFO - Executing <Task(MySqlOperator): create_standardized_table_nations> on 2021-08-08T10:00:00+00:00
[2021-08-08 11:01:02,362] {standard_task_runner.py:52} INFO - Started process 11011 to run task
[2021-08-08 11:01:02,373] {standard_task_runner.py:76} INFO - Running: ['***', 'tasks', 'run', 'standardized_pipeline', 'create_standardized_table_nations', '2021-08-08T10:00:00+00:00', '--job-id', '98', '--pool', 'default_pool', '--raw', '--subdir', 'DAGS_FOLDER/standardized_pipeline.py', '--cfg-path', '/tmp/tmpxrztqjh7', '--error-file', '/tmp/tmpcrvh3s6b']
[2021-08-08 11:01:02,375] {standard_task_runner.py:77} INFO - Job 98: Subtask create_standardized_table_nations
[2021-08-08 11:01:02,475] {logging_mixin.py:104} INFO - Running <TaskInstance: standardized_pipeline.create_standardized_table_nations 2021-08-08T10:00:00+00:00 [running]> on host 99eefc5c6cd8
[2021-08-08 11:01:02,615] {taskinstance.py:1302} INFO - Exporting the following env vars:
AIRFLOW_CTX_DAG_OWNER=***
AIRFLOW_CTX_DAG_ID=standardized_pipeline
AIRFLOW_CTX_TASK_ID=create_standardized_table_nations
AIRFLOW_CTX_EXECUTION_DATE=2021-08-08T10:00:00+00:00
AIRFLOW_CTX_DAG_RUN_ID=scheduled__2021-08-08T10:00:00+00:00
[2021-08-08 11:01:02,619] {mysql.py:70} INFO - Executing: CREATE TABLE IF NOT EXISTS standardized.nations (INGESTION_TIMESTAMP TIMESTAMP NOT NULL DEFAULT CURRENT_TIMESTAMP) AS
WITH timeframed_data AS (
	SELECT
		DISTINCT 
		CAST(N_NATIONKEY AS SIGNED) AS NATION_KEY,
		N_NAME AS NATION_NAME,
		CAST(N_REGIONKEY AS SIGNED) AS REGION_KEY,
		N_COMMENT AS NATION_COMMENT,
		NOW() AS INGESTION_TIMESTAMP
	FROM
		datalake.NATION n
	WHERE 
		n.INGESTION_TIMESTAMP >= DATE_SUB(NOW(), INTERVAL 1 HOUR)
)

SELECT 
	* 
FROM 
	timeframed_data
LIMIT 0
[2021-08-08 11:01:02,651] {base.py:78} INFO - Using connection to: id: dwh_id. Host: dwh, Port: 3306, Schema: , Login: root, Password: ***, extra: {}
[2021-08-08 11:01:02,680] {dbapi.py:204} INFO - Running statement: CREATE TABLE IF NOT EXISTS standardized.nations (INGESTION_TIMESTAMP TIMESTAMP NOT NULL DEFAULT CURRENT_TIMESTAMP) AS
WITH timeframed_data AS (
	SELECT
		DISTINCT 
		CAST(N_NATIONKEY AS SIGNED) AS NATION_KEY,
		N_NAME AS NATION_NAME,
		CAST(N_REGIONKEY AS SIGNED) AS REGION_KEY,
		N_COMMENT AS NATION_COMMENT,
		NOW() AS INGESTION_TIMESTAMP
	FROM
		datalake.NATION n
	WHERE 
		n.INGESTION_TIMESTAMP >= DATE_SUB(NOW(), INTERVAL 1 HOUR)
)

SELECT 
	* 
FROM 
	timeframed_data
LIMIT 0, parameters: None
[2021-08-08 11:01:02,682] {dbapi.py:212} INFO - Rows affected: 0
[2021-08-08 11:01:02,726] {taskinstance.py:1211} INFO - Marking task as SUCCESS. dag_id=standardized_pipeline, task_id=create_standardized_table_nations, execution_date=20210808T100000, start_date=20210808T110102, end_date=20210808T110102
[2021-08-08 11:01:02,801] {taskinstance.py:1265} INFO - 1 downstream tasks scheduled from follow-on schedule check
[2021-08-08 11:01:02,831] {local_task_job.py:149} INFO - Task exited with return code 0
[2021-08-08 11:04:33,870] {taskinstance.py:896} INFO - Dependencies all met for <TaskInstance: standardized_pipeline.create_standardized_table_nations 2021-08-08T10:00:00+00:00 [queued]>
[2021-08-08 11:04:33,891] {taskinstance.py:896} INFO - Dependencies all met for <TaskInstance: standardized_pipeline.create_standardized_table_nations 2021-08-08T10:00:00+00:00 [queued]>
[2021-08-08 11:04:33,892] {taskinstance.py:1087} INFO - 
--------------------------------------------------------------------------------
[2021-08-08 11:04:33,893] {taskinstance.py:1088} INFO - Starting attempt 1 of 11
[2021-08-08 11:04:33,894] {taskinstance.py:1089} INFO - 
--------------------------------------------------------------------------------
[2021-08-08 11:04:33,905] {taskinstance.py:1107} INFO - Executing <Task(MySqlOperator): create_standardized_table_nations> on 2021-08-08T10:00:00+00:00
[2021-08-08 11:04:33,910] {standard_task_runner.py:52} INFO - Started process 256 to run task
[2021-08-08 11:04:33,915] {standard_task_runner.py:76} INFO - Running: ['***', 'tasks', 'run', 'standardized_pipeline', 'create_standardized_table_nations', '2021-08-08T10:00:00+00:00', '--job-id', '6', '--pool', 'default_pool', '--raw', '--subdir', 'DAGS_FOLDER/standardized_pipeline.py', '--cfg-path', '/tmp/tmp23lu2eb6', '--error-file', '/tmp/tmp9l_j_yip']
[2021-08-08 11:04:33,916] {standard_task_runner.py:77} INFO - Job 6: Subtask create_standardized_table_nations
[2021-08-08 11:04:33,987] {logging_mixin.py:104} INFO - Running <TaskInstance: standardized_pipeline.create_standardized_table_nations 2021-08-08T10:00:00+00:00 [running]> on host ce886ce1d63a
[2021-08-08 11:04:34,057] {taskinstance.py:1302} INFO - Exporting the following env vars:
AIRFLOW_CTX_DAG_OWNER=***
AIRFLOW_CTX_DAG_ID=standardized_pipeline
AIRFLOW_CTX_TASK_ID=create_standardized_table_nations
AIRFLOW_CTX_EXECUTION_DATE=2021-08-08T10:00:00+00:00
AIRFLOW_CTX_DAG_RUN_ID=scheduled__2021-08-08T10:00:00+00:00
[2021-08-08 11:04:34,060] {mysql.py:70} INFO - Executing: CREATE TABLE IF NOT EXISTS standardized.nations (INGESTION_TIMESTAMP TIMESTAMP NOT NULL DEFAULT CURRENT_TIMESTAMP) AS
WITH timeframed_data AS (
	SELECT
		DISTINCT 
		CAST(N_NATIONKEY AS SIGNED) AS NATION_KEY,
		N_NAME AS NATION_NAME,
		CAST(N_REGIONKEY AS SIGNED) AS REGION_KEY,
		N_COMMENT AS NATION_COMMENT,
		NOW() AS INGESTION_TIMESTAMP
	FROM
		datalake.NATION n
	WHERE 
		n.INGESTION_TIMESTAMP >= DATE_SUB(NOW(), INTERVAL 1 HOUR)
)

SELECT 
	* 
FROM 
	timeframed_data
LIMIT 0
[2021-08-08 11:04:34,081] {base.py:78} INFO - Using connection to: id: dwh_id. Host: dwh, Port: 3306, Schema: , Login: root, Password: ***, extra: {}
[2021-08-08 11:04:34,092] {dbapi.py:204} INFO - Running statement: CREATE TABLE IF NOT EXISTS standardized.nations (INGESTION_TIMESTAMP TIMESTAMP NOT NULL DEFAULT CURRENT_TIMESTAMP) AS
WITH timeframed_data AS (
	SELECT
		DISTINCT 
		CAST(N_NATIONKEY AS SIGNED) AS NATION_KEY,
		N_NAME AS NATION_NAME,
		CAST(N_REGIONKEY AS SIGNED) AS REGION_KEY,
		N_COMMENT AS NATION_COMMENT,
		NOW() AS INGESTION_TIMESTAMP
	FROM
		datalake.NATION n
	WHERE 
		n.INGESTION_TIMESTAMP >= DATE_SUB(NOW(), INTERVAL 1 HOUR)
)

SELECT 
	* 
FROM 
	timeframed_data
LIMIT 0, parameters: None
[2021-08-08 11:04:34,115] {dbapi.py:212} INFO - Rows affected: 0
[2021-08-08 11:04:34,134] {taskinstance.py:1211} INFO - Marking task as SUCCESS. dag_id=standardized_pipeline, task_id=create_standardized_table_nations, execution_date=20210808T100000, start_date=20210808T110433, end_date=20210808T110434
[2021-08-08 11:04:34,172] {taskinstance.py:1265} INFO - 1 downstream tasks scheduled from follow-on schedule check
[2021-08-08 11:04:34,222] {local_task_job.py:149} INFO - Task exited with return code 0
[2021-08-08 11:55:53,423] {taskinstance.py:896} INFO - Dependencies all met for <TaskInstance: standardized_pipeline.create_standardized_table_nations 2021-08-08T10:00:00+00:00 [queued]>
[2021-08-08 11:55:53,460] {taskinstance.py:896} INFO - Dependencies all met for <TaskInstance: standardized_pipeline.create_standardized_table_nations 2021-08-08T10:00:00+00:00 [queued]>
[2021-08-08 11:55:53,461] {taskinstance.py:1087} INFO - 
--------------------------------------------------------------------------------
[2021-08-08 11:55:53,463] {taskinstance.py:1088} INFO - Starting attempt 1 of 11
[2021-08-08 11:55:53,465] {taskinstance.py:1089} INFO - 
--------------------------------------------------------------------------------
[2021-08-08 11:55:53,507] {taskinstance.py:1107} INFO - Executing <Task(MySqlOperator): create_standardized_table_nations> on 2021-08-08T10:00:00+00:00
[2021-08-08 11:55:53,517] {standard_task_runner.py:52} INFO - Started process 316 to run task
[2021-08-08 11:55:53,527] {standard_task_runner.py:76} INFO - Running: ['***', 'tasks', 'run', 'standardized_pipeline', 'create_standardized_table_nations', '2021-08-08T10:00:00+00:00', '--job-id', '10', '--pool', 'default_pool', '--raw', '--subdir', 'DAGS_FOLDER/standardized_pipeline.py', '--cfg-path', '/tmp/tmpo_6uxy71', '--error-file', '/tmp/tmpo2r9tc4h']
[2021-08-08 11:55:53,536] {standard_task_runner.py:77} INFO - Job 10: Subtask create_standardized_table_nations
[2021-08-08 11:55:53,618] {logging_mixin.py:104} INFO - Running <TaskInstance: standardized_pipeline.create_standardized_table_nations 2021-08-08T10:00:00+00:00 [running]> on host 7f57f947ae95
[2021-08-08 11:55:53,744] {taskinstance.py:1302} INFO - Exporting the following env vars:
AIRFLOW_CTX_DAG_OWNER=***
AIRFLOW_CTX_DAG_ID=standardized_pipeline
AIRFLOW_CTX_TASK_ID=create_standardized_table_nations
AIRFLOW_CTX_EXECUTION_DATE=2021-08-08T10:00:00+00:00
AIRFLOW_CTX_DAG_RUN_ID=scheduled__2021-08-08T10:00:00+00:00
[2021-08-08 11:55:53,745] {mysql.py:70} INFO - Executing: CREATE TABLE IF NOT EXISTS standardized.nations (INGESTION_TIMESTAMP TIMESTAMP NOT NULL DEFAULT CURRENT_TIMESTAMP) AS
WITH timeframed_data AS (
	SELECT
		DISTINCT 
		CAST(N_NATIONKEY AS SIGNED) AS NATION_KEY,
		N_NAME AS NATION_NAME,
		CAST(N_REGIONKEY AS SIGNED) AS REGION_KEY,
		N_COMMENT AS NATION_COMMENT,
		NOW() AS INGESTION_TIMESTAMP
	FROM
		datalake.NATION n
	WHERE 
		n.INGESTION_TIMESTAMP >= DATE_SUB(NOW(), INTERVAL 1 HOUR)
)

SELECT 
	* 
FROM 
	timeframed_data
LIMIT 0
[2021-08-08 11:55:53,763] {base.py:78} INFO - Using connection to: id: dwh_id. Host: dwh, Port: 3306, Schema: , Login: root, Password: ***, extra: {}
[2021-08-08 11:55:53,780] {dbapi.py:204} INFO - Running statement: CREATE TABLE IF NOT EXISTS standardized.nations (INGESTION_TIMESTAMP TIMESTAMP NOT NULL DEFAULT CURRENT_TIMESTAMP) AS
WITH timeframed_data AS (
	SELECT
		DISTINCT 
		CAST(N_NATIONKEY AS SIGNED) AS NATION_KEY,
		N_NAME AS NATION_NAME,
		CAST(N_REGIONKEY AS SIGNED) AS REGION_KEY,
		N_COMMENT AS NATION_COMMENT,
		NOW() AS INGESTION_TIMESTAMP
	FROM
		datalake.NATION n
	WHERE 
		n.INGESTION_TIMESTAMP >= DATE_SUB(NOW(), INTERVAL 1 HOUR)
)

SELECT 
	* 
FROM 
	timeframed_data
LIMIT 0, parameters: None
[2021-08-08 11:55:53,802] {dbapi.py:212} INFO - Rows affected: 0
[2021-08-08 11:55:53,823] {taskinstance.py:1211} INFO - Marking task as SUCCESS. dag_id=standardized_pipeline, task_id=create_standardized_table_nations, execution_date=20210808T100000, start_date=20210808T115553, end_date=20210808T115553
[2021-08-08 11:55:53,872] {taskinstance.py:1265} INFO - 1 downstream tasks scheduled from follow-on schedule check
[2021-08-08 11:55:53,923] {local_task_job.py:149} INFO - Task exited with return code 0
