[2021-08-08 10:01:04,290] {taskinstance.py:896} INFO - Dependencies all met for <TaskInstance: standardized_pipeline.standardized_regions 2021-08-08T09:00:00+00:00 [queued]>
[2021-08-08 10:01:04,324] {taskinstance.py:896} INFO - Dependencies all met for <TaskInstance: standardized_pipeline.standardized_regions 2021-08-08T09:00:00+00:00 [queued]>
[2021-08-08 10:01:04,333] {taskinstance.py:1087} INFO - 
--------------------------------------------------------------------------------
[2021-08-08 10:01:04,334] {taskinstance.py:1088} INFO - Starting attempt 1 of 11
[2021-08-08 10:01:04,335] {taskinstance.py:1089} INFO - 
--------------------------------------------------------------------------------
[2021-08-08 10:01:04,363] {taskinstance.py:1107} INFO - Executing <Task(MySqlOperator): standardized_regions> on 2021-08-08T09:00:00+00:00
[2021-08-08 10:01:04,372] {standard_task_runner.py:52} INFO - Started process 6387 to run task
[2021-08-08 10:01:04,380] {standard_task_runner.py:76} INFO - Running: ['***', 'tasks', 'run', 'standardized_pipeline', 'standardized_regions', '2021-08-08T09:00:00+00:00', '--job-id', '78', '--pool', 'default_pool', '--raw', '--subdir', 'DAGS_FOLDER/standardized_pipeline.py', '--cfg-path', '/tmp/tmp34enl0a1', '--error-file', '/tmp/tmp0npafwlb']
[2021-08-08 10:01:04,381] {standard_task_runner.py:77} INFO - Job 78: Subtask standardized_regions
[2021-08-08 10:01:04,547] {logging_mixin.py:104} INFO - Running <TaskInstance: standardized_pipeline.standardized_regions 2021-08-08T09:00:00+00:00 [running]> on host 99eefc5c6cd8
[2021-08-08 10:01:04,686] {taskinstance.py:1302} INFO - Exporting the following env vars:
AIRFLOW_CTX_DAG_OWNER=***
AIRFLOW_CTX_DAG_ID=standardized_pipeline
AIRFLOW_CTX_TASK_ID=standardized_regions
AIRFLOW_CTX_EXECUTION_DATE=2021-08-08T09:00:00+00:00
AIRFLOW_CTX_DAG_RUN_ID=scheduled__2021-08-08T09:00:00+00:00
[2021-08-08 10:01:04,688] {mysql.py:70} INFO - Executing: INSERT INTO standardized.regions
WITH timeframed_data AS (
	SELECT
		DISTINCT 
		CAST(R_REGIONKEY AS SIGNED) AS REGION_KEY,
		R_NAME AS REGION_NAME,
		R_COMMENT AS REGION_COMMENT,
		NOW() AS INGESTION_TIMESTAMP
	FROM
		datalake.REGION r
	WHERE 
		r.INGESTION_TIMESTAMP >= DATE_SUB(NOW(), INTERVAL 1 HOUR)
)

SELECT 
	* 
FROM 
	timeframed_data
[2021-08-08 10:01:04,710] {base.py:78} INFO - Using connection to: id: dwh_id. Host: dwh, Port: 3306, Schema: , Login: root, Password: ***, extra: {}
[2021-08-08 10:01:04,730] {dbapi.py:204} INFO - Running statement: INSERT INTO standardized.regions
WITH timeframed_data AS (
	SELECT
		DISTINCT 
		CAST(R_REGIONKEY AS SIGNED) AS REGION_KEY,
		R_NAME AS REGION_NAME,
		R_COMMENT AS REGION_COMMENT,
		NOW() AS INGESTION_TIMESTAMP
	FROM
		datalake.REGION r
	WHERE 
		r.INGESTION_TIMESTAMP >= DATE_SUB(NOW(), INTERVAL 1 HOUR)
)

SELECT 
	* 
FROM 
	timeframed_data, parameters: None
[2021-08-08 10:01:04,733] {dbapi.py:212} INFO - Rows affected: 5
[2021-08-08 10:01:04,761] {taskinstance.py:1211} INFO - Marking task as SUCCESS. dag_id=standardized_pipeline, task_id=standardized_regions, execution_date=20210808T090000, start_date=20210808T100104, end_date=20210808T100104
[2021-08-08 10:01:04,823] {taskinstance.py:1265} INFO - 0 downstream tasks scheduled from follow-on schedule check
[2021-08-08 10:01:04,849] {local_task_job.py:149} INFO - Task exited with return code 0
