[2021-08-08 05:30:01,448] {taskinstance.py:896} INFO - Dependencies all met for <TaskInstance: to_datalake_pipeline.extract_from_git 2021-08-08T05:25:00+00:00 [queued]>
[2021-08-08 05:30:01,466] {taskinstance.py:896} INFO - Dependencies all met for <TaskInstance: to_datalake_pipeline.extract_from_git 2021-08-08T05:25:00+00:00 [queued]>
[2021-08-08 05:30:01,467] {taskinstance.py:1087} INFO - 
--------------------------------------------------------------------------------
[2021-08-08 05:30:01,467] {taskinstance.py:1088} INFO - Starting attempt 1 of 11
[2021-08-08 05:30:01,468] {taskinstance.py:1089} INFO - 
--------------------------------------------------------------------------------
[2021-08-08 05:30:01,477] {taskinstance.py:1107} INFO - Executing <Task(PythonOperator): extract_from_git> on 2021-08-08T05:25:00+00:00
[2021-08-08 05:30:01,482] {standard_task_runner.py:52} INFO - Started process 713 to run task
[2021-08-08 05:30:01,487] {standard_task_runner.py:76} INFO - Running: ['***', 'tasks', 'run', 'to_datalake_pipeline', 'extract_from_git', '2021-08-08T05:25:00+00:00', '--job-id', '62', '--pool', 'default_pool', '--raw', '--subdir', 'DAGS_FOLDER/to_datalake_pipeline.py', '--cfg-path', '/tmp/tmpqxryitvy', '--error-file', '/tmp/tmpi_ulqaxc']
[2021-08-08 05:30:01,488] {standard_task_runner.py:77} INFO - Job 62: Subtask extract_from_git
[2021-08-08 05:30:01,542] {logging_mixin.py:104} INFO - Running <TaskInstance: to_datalake_pipeline.extract_from_git 2021-08-08T05:25:00+00:00 [running]> on host b48e43d568d5
[2021-08-08 05:30:01,599] {taskinstance.py:1302} INFO - Exporting the following env vars:
AIRFLOW_CTX_DAG_EMAIL=wildangbudhi@gmail.com
AIRFLOW_CTX_DAG_OWNER=***
AIRFLOW_CTX_DAG_ID=to_datalake_pipeline
AIRFLOW_CTX_TASK_ID=extract_from_git
AIRFLOW_CTX_EXECUTION_DATE=2021-08-08T05:25:00+00:00
AIRFLOW_CTX_DAG_RUN_ID=scheduled__2021-08-08T05:25:00+00:00
[2021-08-08 05:30:01,601] {logging_mixin.py:104} INFO - Downloading data from -> https://raw.githubusercontent.com/rezaprimasatya/DTO-DE-JUN-MID/main/data.zip
[2021-08-08 05:30:02,084] {logging_mixin.py:104} INFO - Unzipping Data
[2021-08-08 05:30:02,175] {logging_mixin.py:104} INFO - Transform Data to Pandas Dataframe
[2021-08-08 05:30:02,424] {logging_mixin.py:104} INFO - Load data to datalake
[2021-08-08 05:30:02,469] {logging_mixin.py:104} INFO - Load table : REGION
[2021-08-08 05:30:02,506] {logging_mixin.py:104} INFO - Load table : NATION
[2021-08-08 05:30:02,521] {logging_mixin.py:104} INFO - Load table : PART
[2021-08-08 05:30:02,628] {logging_mixin.py:104} INFO - Load table : SUPPLIER
[2021-08-08 05:30:02,647] {logging_mixin.py:104} INFO - Load table : PARTSUPP
[2021-08-08 05:30:03,039] {logging_mixin.py:104} INFO - Load table : CUSTOMER
[2021-08-08 05:30:03,119] {logging_mixin.py:104} INFO - Load table : ORDERS
[2021-08-08 05:30:03,815] {logging_mixin.py:104} INFO - Load table : LINEITEM
[2021-08-08 05:30:08,275] {python.py:151} INFO - Done. Returned value was: None
[2021-08-08 05:30:08,286] {taskinstance.py:1211} INFO - Marking task as SUCCESS. dag_id=to_datalake_pipeline, task_id=extract_from_git, execution_date=20210808T052500, start_date=20210808T053001, end_date=20210808T053008
[2021-08-08 05:30:08,312] {taskinstance.py:1265} INFO - 1 downstream tasks scheduled from follow-on schedule check
[2021-08-08 05:30:08,377] {local_task_job.py:149} INFO - Task exited with return code 0
[2021-08-08 07:21:02,288] {taskinstance.py:896} INFO - Dependencies all met for <TaskInstance: to_datalake_pipeline.extract_from_git 2021-08-08T05:25:00+00:00 [queued]>
[2021-08-08 07:21:02,302] {taskinstance.py:896} INFO - Dependencies all met for <TaskInstance: to_datalake_pipeline.extract_from_git 2021-08-08T05:25:00+00:00 [queued]>
[2021-08-08 07:21:02,302] {taskinstance.py:1087} INFO - 
--------------------------------------------------------------------------------
[2021-08-08 07:21:02,303] {taskinstance.py:1088} INFO - Starting attempt 1 of 11
[2021-08-08 07:21:02,304] {taskinstance.py:1089} INFO - 
--------------------------------------------------------------------------------
[2021-08-08 07:21:02,310] {taskinstance.py:1107} INFO - Executing <Task(PythonOperator): extract_from_git> on 2021-08-08T05:25:00+00:00
[2021-08-08 07:21:02,315] {standard_task_runner.py:52} INFO - Started process 158 to run task
[2021-08-08 07:21:02,318] {standard_task_runner.py:76} INFO - Running: ['***', 'tasks', 'run', 'to_datalake_pipeline', 'extract_from_git', '2021-08-08T05:25:00+00:00', '--job-id', '2', '--pool', 'default_pool', '--raw', '--subdir', 'DAGS_FOLDER/to_datalake_pipeline.py', '--cfg-path', '/tmp/tmp8bley7y1', '--error-file', '/tmp/tmpoc3dr_kz']
[2021-08-08 07:21:02,319] {standard_task_runner.py:77} INFO - Job 2: Subtask extract_from_git
[2021-08-08 07:21:02,360] {logging_mixin.py:104} INFO - Running <TaskInstance: to_datalake_pipeline.extract_from_git 2021-08-08T05:25:00+00:00 [running]> on host af246ab3df74
[2021-08-08 07:21:02,406] {taskinstance.py:1302} INFO - Exporting the following env vars:
AIRFLOW_CTX_DAG_OWNER=***
AIRFLOW_CTX_DAG_ID=to_datalake_pipeline
AIRFLOW_CTX_TASK_ID=extract_from_git
AIRFLOW_CTX_EXECUTION_DATE=2021-08-08T05:25:00+00:00
AIRFLOW_CTX_DAG_RUN_ID=scheduled__2021-08-08T05:25:00+00:00
[2021-08-08 07:21:02,407] {logging_mixin.py:104} INFO - Downloading data from -> https://raw.githubusercontent.com/rezaprimasatya/DTO-DE-JUN-MID/main/data.zip
[2021-08-08 07:21:10,810] {logging_mixin.py:104} INFO - Unzipping Data
[2021-08-08 07:21:10,891] {logging_mixin.py:104} INFO - Transform Data to Pandas Dataframe
[2021-08-08 07:21:11,079] {logging_mixin.py:104} INFO - Load data to datalake
[2021-08-08 07:21:11,135] {logging_mixin.py:104} INFO - Load table : REGION
[2021-08-08 07:21:11,175] {logging_mixin.py:104} INFO - Load table : NATION
[2021-08-08 07:21:11,186] {logging_mixin.py:104} INFO - Load table : PART
[2021-08-08 07:21:11,299] {logging_mixin.py:104} INFO - Load table : SUPPLIER
[2021-08-08 07:21:11,315] {logging_mixin.py:104} INFO - Load table : PARTSUPP
[2021-08-08 07:21:11,677] {logging_mixin.py:104} INFO - Load table : CUSTOMER
[2021-08-08 07:21:11,756] {logging_mixin.py:104} INFO - Load table : ORDERS
[2021-08-08 07:21:12,349] {logging_mixin.py:104} INFO - Load table : LINEITEM
[2021-08-08 07:21:15,971] {python.py:151} INFO - Done. Returned value was: None
[2021-08-08 07:21:15,979] {taskinstance.py:1211} INFO - Marking task as SUCCESS. dag_id=to_datalake_pipeline, task_id=extract_from_git, execution_date=20210808T052500, start_date=20210808T072102, end_date=20210808T072115
[2021-08-08 07:21:16,001] {taskinstance.py:1265} INFO - 1 downstream tasks scheduled from follow-on schedule check
[2021-08-08 07:21:16,036] {local_task_job.py:149} INFO - Task exited with return code 0
