[2021-08-07 15:33:33,981] {taskinstance.py:896} INFO - Dependencies all met for <TaskInstance: presentation_pipeline.presentation_nation 2021-08-07T15:33:32.528830+00:00 [queued]>
[2021-08-07 15:33:34,006] {taskinstance.py:896} INFO - Dependencies all met for <TaskInstance: presentation_pipeline.presentation_nation 2021-08-07T15:33:32.528830+00:00 [queued]>
[2021-08-07 15:33:34,007] {taskinstance.py:1087} INFO - 
--------------------------------------------------------------------------------
[2021-08-07 15:33:34,008] {taskinstance.py:1088} INFO - Starting attempt 1 of 1
[2021-08-07 15:33:34,008] {taskinstance.py:1089} INFO - 
--------------------------------------------------------------------------------
[2021-08-07 15:33:34,018] {taskinstance.py:1107} INFO - Executing <Task(MySqlOperator): presentation_nation> on 2021-08-07T15:33:32.528830+00:00
[2021-08-07 15:33:34,023] {standard_task_runner.py:52} INFO - Started process 567 to run task
[2021-08-07 15:33:34,028] {standard_task_runner.py:76} INFO - Running: ['***', 'tasks', 'run', 'presentation_pipeline', 'presentation_nation', '2021-08-07T15:33:32.528830+00:00', '--job-id', '24', '--pool', 'default_pool', '--raw', '--subdir', 'DAGS_FOLDER/presentation_pipeline.py', '--cfg-path', '/tmp/tmp14mepv1s', '--error-file', '/tmp/tmpm79kspag']
[2021-08-07 15:33:34,030] {standard_task_runner.py:77} INFO - Job 24: Subtask presentation_nation
[2021-08-07 15:33:34,078] {logging_mixin.py:104} INFO - Running <TaskInstance: presentation_pipeline.presentation_nation 2021-08-07T15:33:32.528830+00:00 [running]> on host b717d0d473a9
[2021-08-07 15:33:34,130] {taskinstance.py:1302} INFO - Exporting the following env vars:
AIRFLOW_CTX_DAG_OWNER=***
AIRFLOW_CTX_DAG_ID=presentation_pipeline
AIRFLOW_CTX_TASK_ID=presentation_nation
AIRFLOW_CTX_EXECUTION_DATE=2021-08-07T15:33:32.528830+00:00
AIRFLOW_CTX_DAG_RUN_ID=manual__2021-08-07T15:33:32.528830+00:00
[2021-08-07 15:33:34,132] {mysql.py:70} INFO - Executing: INSERT IGNORE INTO presentation.NATION (
	`NATION_KEY`,
    `NATION_NAME`,
    `REGION_NAME`
) 

WITH nation AS (
	SELECT 
		NATION_KEY,
		NATION_NAME,
		REGION_KEY
	FROM 
		standardized.NATION
	WHERE 
        INGESTION_TIMESTAMP >= DATE_SUB(NOW(), INTERVAL 5 MINUTE)
),

region AS (
	SELECT
		REGION_KEY,
		REGION_NAME
	FROM 
		standardized.REGION
	WHERE 
        INGESTION_TIMESTAMP >= DATE_SUB(NOW(), INTERVAL 5 MINUTE)
)

SELECT 
	n.NATION_KEY,
	n.NATION_NAME,
	r.REGION_NAME
FROM 
	nation n
LEFT JOIN
	region r
	ON n.REGION_KEY = r.REGION_KEY
[2021-08-07 15:33:34,141] {base.py:78} INFO - Using connection to: id: dwh_id. Host: dwh, Port: 3306, Schema: , Login: root, Password: ***, extra: {}
[2021-08-07 15:33:34,152] {dbapi.py:204} INFO - Running statement: INSERT IGNORE INTO presentation.NATION (
	`NATION_KEY`,
    `NATION_NAME`,
    `REGION_NAME`
) 

WITH nation AS (
	SELECT 
		NATION_KEY,
		NATION_NAME,
		REGION_KEY
	FROM 
		standardized.NATION
	WHERE 
        INGESTION_TIMESTAMP >= DATE_SUB(NOW(), INTERVAL 5 MINUTE)
),

region AS (
	SELECT
		REGION_KEY,
		REGION_NAME
	FROM 
		standardized.REGION
	WHERE 
        INGESTION_TIMESTAMP >= DATE_SUB(NOW(), INTERVAL 5 MINUTE)
)

SELECT 
	n.NATION_KEY,
	n.NATION_NAME,
	r.REGION_NAME
FROM 
	nation n
LEFT JOIN
	region r
	ON n.REGION_KEY = r.REGION_KEY, parameters: None
[2021-08-07 15:33:34,156] {dbapi.py:212} INFO - Rows affected: 25
[2021-08-07 15:33:34,171] {taskinstance.py:1211} INFO - Marking task as SUCCESS. dag_id=presentation_pipeline, task_id=presentation_nation, execution_date=20210807T153332, start_date=20210807T153333, end_date=20210807T153334
[2021-08-07 15:33:34,193] {taskinstance.py:1265} INFO - 0 downstream tasks scheduled from follow-on schedule check
[2021-08-07 15:33:34,204] {local_task_job.py:149} INFO - Task exited with return code 0
