[2021-08-08 03:30:01,263] {taskinstance.py:896} INFO - Dependencies all met for <TaskInstance: to_datalake_pipeline.extract_from_git 2021-08-08T03:25:00+00:00 [queued]>
[2021-08-08 03:30:01,283] {taskinstance.py:896} INFO - Dependencies all met for <TaskInstance: to_datalake_pipeline.extract_from_git 2021-08-08T03:25:00+00:00 [queued]>
[2021-08-08 03:30:01,284] {taskinstance.py:1087} INFO - 
--------------------------------------------------------------------------------
[2021-08-08 03:30:01,285] {taskinstance.py:1088} INFO - Starting attempt 1 of 11
[2021-08-08 03:30:01,285] {taskinstance.py:1089} INFO - 
--------------------------------------------------------------------------------
[2021-08-08 03:30:01,294] {taskinstance.py:1107} INFO - Executing <Task(PythonOperator): extract_from_git> on 2021-08-08T03:25:00+00:00
[2021-08-08 03:30:01,301] {standard_task_runner.py:52} INFO - Started process 295 to run task
[2021-08-08 03:30:01,307] {standard_task_runner.py:76} INFO - Running: ['***', 'tasks', 'run', 'to_datalake_pipeline', 'extract_from_git', '2021-08-08T03:25:00+00:00', '--job-id', '15', '--pool', 'default_pool', '--raw', '--subdir', 'DAGS_FOLDER/to_datalake_pipeline.py', '--cfg-path', '/tmp/tmp_96353tl', '--error-file', '/tmp/tmplnrqmwjp']
[2021-08-08 03:30:01,309] {standard_task_runner.py:77} INFO - Job 15: Subtask extract_from_git
[2021-08-08 03:30:01,374] {logging_mixin.py:104} INFO - Running <TaskInstance: to_datalake_pipeline.extract_from_git 2021-08-08T03:25:00+00:00 [running]> on host daa2bc25bf8a
[2021-08-08 03:30:01,442] {taskinstance.py:1302} INFO - Exporting the following env vars:
AIRFLOW_CTX_DAG_EMAIL=wildangbudhi@gmail.com
AIRFLOW_CTX_DAG_OWNER=***
AIRFLOW_CTX_DAG_ID=to_datalake_pipeline
AIRFLOW_CTX_TASK_ID=extract_from_git
AIRFLOW_CTX_EXECUTION_DATE=2021-08-08T03:25:00+00:00
AIRFLOW_CTX_DAG_RUN_ID=scheduled__2021-08-08T03:25:00+00:00
[2021-08-08 03:30:01,444] {logging_mixin.py:104} INFO - Downloading data from -> https://raw.githubusercontent.com/rezaprimasatya/DTO-DE-JUN-MID/main/data.zip
[2021-08-08 03:30:07,347] {logging_mixin.py:104} INFO - Unzipping Data
[2021-08-08 03:30:07,445] {logging_mixin.py:104} INFO - Transform Data to Pandas Dataframe
[2021-08-08 03:30:07,693] {logging_mixin.py:104} INFO - Load data to datalake
[2021-08-08 03:30:07,738] {logging_mixin.py:104} INFO - Load table : REGION
[2021-08-08 03:30:07,776] {logging_mixin.py:104} INFO - Load table : NATION
[2021-08-08 03:30:07,795] {logging_mixin.py:104} INFO - Load table : PART
[2021-08-08 03:30:07,949] {logging_mixin.py:104} INFO - Load table : SUPPLIER
[2021-08-08 03:30:07,969] {logging_mixin.py:104} INFO - Load table : PARTSUPP
[2021-08-08 03:30:08,359] {logging_mixin.py:104} INFO - Load table : CUSTOMER
[2021-08-08 03:30:08,489] {logging_mixin.py:104} INFO - Load table : ORDERS
[2021-08-08 03:30:09,247] {logging_mixin.py:104} INFO - Load table : LINEITEM
[2021-08-08 03:30:14,713] {python.py:151} INFO - Done. Returned value was: None
[2021-08-08 03:30:14,726] {taskinstance.py:1211} INFO - Marking task as SUCCESS. dag_id=to_datalake_pipeline, task_id=extract_from_git, execution_date=20210808T032500, start_date=20210808T033001, end_date=20210808T033014
[2021-08-08 03:30:14,772] {taskinstance.py:1265} INFO - 1 downstream tasks scheduled from follow-on schedule check
[2021-08-08 03:30:14,834] {local_task_job.py:149} INFO - Task exited with return code 0
[2021-08-08 03:33:51,549] {taskinstance.py:896} INFO - Dependencies all met for <TaskInstance: to_datalake_pipeline.extract_from_git 2021-08-08T03:25:00+00:00 [queued]>
[2021-08-08 03:33:51,583] {taskinstance.py:896} INFO - Dependencies all met for <TaskInstance: to_datalake_pipeline.extract_from_git 2021-08-08T03:25:00+00:00 [queued]>
[2021-08-08 03:33:51,585] {taskinstance.py:1087} INFO - 
--------------------------------------------------------------------------------
[2021-08-08 03:33:51,586] {taskinstance.py:1088} INFO - Starting attempt 1 of 11
[2021-08-08 03:33:51,588] {taskinstance.py:1089} INFO - 
--------------------------------------------------------------------------------
[2021-08-08 03:33:51,609] {taskinstance.py:1107} INFO - Executing <Task(PythonOperator): extract_from_git> on 2021-08-08T03:25:00+00:00
[2021-08-08 03:33:51,618] {standard_task_runner.py:52} INFO - Started process 139 to run task
[2021-08-08 03:33:51,630] {standard_task_runner.py:76} INFO - Running: ['***', 'tasks', 'run', 'to_datalake_pipeline', 'extract_from_git', '2021-08-08T03:25:00+00:00', '--job-id', '3', '--pool', 'default_pool', '--raw', '--subdir', 'DAGS_FOLDER/to_datalake_pipeline.py', '--cfg-path', '/tmp/tmpj4a7sgbe', '--error-file', '/tmp/tmpbq337neb']
[2021-08-08 03:33:51,632] {standard_task_runner.py:77} INFO - Job 3: Subtask extract_from_git
[2021-08-08 03:33:51,750] {logging_mixin.py:104} INFO - Running <TaskInstance: to_datalake_pipeline.extract_from_git 2021-08-08T03:25:00+00:00 [running]> on host 048dd2156ea9
[2021-08-08 03:33:51,881] {taskinstance.py:1302} INFO - Exporting the following env vars:
AIRFLOW_CTX_DAG_EMAIL=wildangbudhi@gmail.com
AIRFLOW_CTX_DAG_OWNER=***
AIRFLOW_CTX_DAG_ID=to_datalake_pipeline
AIRFLOW_CTX_TASK_ID=extract_from_git
AIRFLOW_CTX_EXECUTION_DATE=2021-08-08T03:25:00+00:00
AIRFLOW_CTX_DAG_RUN_ID=scheduled__2021-08-08T03:25:00+00:00
[2021-08-08 03:33:51,884] {logging_mixin.py:104} INFO - Downloading data from -> https://raw.githubusercontent.com/rezaprimasatya/DTO-DE-JUN-MID/main/data.zip
[2021-08-08 03:33:57,732] {logging_mixin.py:104} INFO - Unzipping Data
[2021-08-08 03:33:57,878] {logging_mixin.py:104} INFO - Transform Data to Pandas Dataframe
[2021-08-08 03:33:58,408] {logging_mixin.py:104} INFO - Load data to datalake
[2021-08-08 03:33:58,424] {taskinstance.py:1501} ERROR - Task failed with exception
Traceback (most recent call last):
  File "/home/airflow/.local/lib/python3.6/site-packages/airflow/models/taskinstance.py", line 1157, in _run_raw_task
    self._prepare_and_execute_task_with_callbacks(context, task)
  File "/home/airflow/.local/lib/python3.6/site-packages/airflow/models/taskinstance.py", line 1331, in _prepare_and_execute_task_with_callbacks
    result = self._execute_task(context, task_copy)
  File "/home/airflow/.local/lib/python3.6/site-packages/airflow/models/taskinstance.py", line 1361, in _execute_task
    result = task_copy.execute(context=context)
  File "/home/airflow/.local/lib/python3.6/site-packages/airflow/operators/python.py", line 150, in execute
    return_value = self.execute_callable()
  File "/home/airflow/.local/lib/python3.6/site-packages/airflow/operators/python.py", line 161, in execute_callable
    return self.python_callable(*self.op_args, **self.op_kwargs)
  File "/opt/airflow/dags/extract/extract.py", line 104, in extract_data_from_git
    pipeline.run()
  File "/opt/airflow/dags/extract/extract.py", line 19, in run
    self.df_to_datalake(data_dataframes)
  File "/opt/airflow/dags/extract/extract.py", line 71, in df_to_datalake
    user=Variable.get("DWH_USER"),
  File "/home/airflow/.local/lib/python3.6/site-packages/airflow/models/variable.py", line 140, in get
    raise KeyError(f'Variable {key} does not exist')
KeyError: 'Variable DWH_USER does not exist'
[2021-08-08 03:33:58,430] {taskinstance.py:1551} INFO - Marking task as UP_FOR_RETRY. dag_id=to_datalake_pipeline, task_id=extract_from_git, execution_date=20210808T032500, start_date=20210808T033351, end_date=20210808T033358
[2021-08-08 03:33:58,506] {local_task_job.py:149} INFO - Task exited with return code 1
