[2021-08-08 03:35:00,281] {taskinstance.py:896} INFO - Dependencies all met for <TaskInstance: to_datalake_pipeline.extract_from_git 2021-08-08T03:25:00+00:00 [queued]>
[2021-08-08 03:35:00,310] {taskinstance.py:896} INFO - Dependencies all met for <TaskInstance: to_datalake_pipeline.extract_from_git 2021-08-08T03:25:00+00:00 [queued]>
[2021-08-08 03:35:00,311] {taskinstance.py:1087} INFO - 
--------------------------------------------------------------------------------
[2021-08-08 03:35:00,313] {taskinstance.py:1088} INFO - Starting attempt 2 of 11
[2021-08-08 03:35:00,314] {taskinstance.py:1089} INFO - 
--------------------------------------------------------------------------------
[2021-08-08 03:35:00,328] {taskinstance.py:1107} INFO - Executing <Task(PythonOperator): extract_from_git> on 2021-08-08T03:25:00+00:00
[2021-08-08 03:35:00,341] {standard_task_runner.py:52} INFO - Started process 229 to run task
[2021-08-08 03:35:00,348] {standard_task_runner.py:76} INFO - Running: ['***', 'tasks', 'run', 'to_datalake_pipeline', 'extract_from_git', '2021-08-08T03:25:00+00:00', '--job-id', '4', '--pool', 'default_pool', '--raw', '--subdir', 'DAGS_FOLDER/to_datalake_pipeline.py', '--cfg-path', '/tmp/tmpold8fxgw', '--error-file', '/tmp/tmpmkl2d2iw']
[2021-08-08 03:35:00,350] {standard_task_runner.py:77} INFO - Job 4: Subtask extract_from_git
[2021-08-08 03:35:00,431] {logging_mixin.py:104} INFO - Running <TaskInstance: to_datalake_pipeline.extract_from_git 2021-08-08T03:25:00+00:00 [running]> on host 048dd2156ea9
[2021-08-08 03:35:00,514] {taskinstance.py:1302} INFO - Exporting the following env vars:
AIRFLOW_CTX_DAG_EMAIL=wildangbudhi@gmail.com
AIRFLOW_CTX_DAG_OWNER=***
AIRFLOW_CTX_DAG_ID=to_datalake_pipeline
AIRFLOW_CTX_TASK_ID=extract_from_git
AIRFLOW_CTX_EXECUTION_DATE=2021-08-08T03:25:00+00:00
AIRFLOW_CTX_DAG_RUN_ID=scheduled__2021-08-08T03:25:00+00:00
[2021-08-08 03:35:00,516] {logging_mixin.py:104} INFO - Downloading data from -> https://raw.githubusercontent.com/rezaprimasatya/DTO-DE-JUN-MID/main/data.zip
[2021-08-08 03:35:01,086] {logging_mixin.py:104} INFO - Unzipping Data
[2021-08-08 03:35:01,232] {logging_mixin.py:104} INFO - Transform Data to Pandas Dataframe
[2021-08-08 03:35:01,621] {logging_mixin.py:104} INFO - Load data to datalake
[2021-08-08 03:35:01,735] {logging_mixin.py:104} INFO - Load table : REGION
[2021-08-08 03:35:01,818] {logging_mixin.py:104} INFO - Load table : NATION
[2021-08-08 03:35:01,845] {logging_mixin.py:104} INFO - Load table : PART
[2021-08-08 03:35:02,053] {logging_mixin.py:104} INFO - Load table : SUPPLIER
[2021-08-08 03:35:02,087] {logging_mixin.py:104} INFO - Load table : PARTSUPP
[2021-08-08 03:35:02,833] {logging_mixin.py:104} INFO - Load table : CUSTOMER
[2021-08-08 03:35:03,009] {logging_mixin.py:104} INFO - Load table : ORDERS
[2021-08-08 03:35:04,374] {logging_mixin.py:104} INFO - Load table : LINEITEM
[2021-08-08 03:35:12,928] {python.py:151} INFO - Done. Returned value was: None
[2021-08-08 03:35:12,947] {taskinstance.py:1211} INFO - Marking task as SUCCESS. dag_id=to_datalake_pipeline, task_id=extract_from_git, execution_date=20210808T032500, start_date=20210808T033500, end_date=20210808T033512
[2021-08-08 03:35:13,000] {taskinstance.py:1265} INFO - 1 downstream tasks scheduled from follow-on schedule check
[2021-08-08 03:35:13,055] {local_task_job.py:149} INFO - Task exited with return code 0
