[2021-08-08 05:22:02,011] {taskinstance.py:896} INFO - Dependencies all met for <TaskInstance: presentation_pipeline.create_presentation_table_dim_suppliers 2021-08-08T05:15:00+00:00 [queued]>
[2021-08-08 05:22:02,034] {taskinstance.py:896} INFO - Dependencies all met for <TaskInstance: presentation_pipeline.create_presentation_table_dim_suppliers 2021-08-08T05:15:00+00:00 [queued]>
[2021-08-08 05:22:02,035] {taskinstance.py:1087} INFO - 
--------------------------------------------------------------------------------
[2021-08-08 05:22:02,035] {taskinstance.py:1088} INFO - Starting attempt 1 of 1
[2021-08-08 05:22:02,036] {taskinstance.py:1089} INFO - 
--------------------------------------------------------------------------------
[2021-08-08 05:22:02,051] {taskinstance.py:1107} INFO - Executing <Task(MySqlOperator): create_presentation_table_dim_suppliers> on 2021-08-08T05:15:00+00:00
[2021-08-08 05:22:02,056] {standard_task_runner.py:52} INFO - Started process 1398 to run task
[2021-08-08 05:22:02,061] {standard_task_runner.py:76} INFO - Running: ['***', 'tasks', 'run', 'presentation_pipeline', 'create_presentation_table_dim_suppliers', '2021-08-08T05:15:00+00:00', '--job-id', '112', '--pool', 'default_pool', '--raw', '--subdir', 'DAGS_FOLDER/presentation_pipeline.py', '--cfg-path', '/tmp/tmp2c4wj8l8', '--error-file', '/tmp/tmpa0hqmu1x']
[2021-08-08 05:22:02,063] {standard_task_runner.py:77} INFO - Job 112: Subtask create_presentation_table_dim_suppliers
[2021-08-08 05:22:02,108] {logging_mixin.py:104} INFO - Running <TaskInstance: presentation_pipeline.create_presentation_table_dim_suppliers 2021-08-08T05:15:00+00:00 [running]> on host dbfb9e13da58
[2021-08-08 05:22:02,167] {taskinstance.py:1302} INFO - Exporting the following env vars:
AIRFLOW_CTX_DAG_OWNER=***
AIRFLOW_CTX_DAG_ID=presentation_pipeline
AIRFLOW_CTX_TASK_ID=create_presentation_table_dim_suppliers
AIRFLOW_CTX_EXECUTION_DATE=2021-08-08T05:15:00+00:00
AIRFLOW_CTX_DAG_RUN_ID=scheduled__2021-08-08T05:15:00+00:00
[2021-08-08 05:22:02,167] {mysql.py:70} INFO - Executing: CREATE TABLE IF NOT EXISTS presentation.suppliers (
    SUPPLIER_KEY INT NOT NULL,
    INGESTION_TIMESTAMP TIMESTAMP NOT NULL DEFAULT CURRENT_TIMESTAMP,
    CONSTRAINT `SUPPLIER_PK` PRIMARY KEY (SUPPLIER_KEY)
) AS

SELECT
	DISTINCT 
	s.SUPPLIER_KEY,
	s.SUPPLIER_ACCOUNT_BALANCE_TOTAL ,
	n.NATION_NAME,
	NOW() AS INGESTION_TIMESTAMP
FROM 
	standardized.suppliers s
LEFT JOIN 
	standardized.nations n 
	ON s.NATION_KEY = n.NATION_KEY 
WHERE 
	s.INGESTION_TIMESTAMP >= DATE_SUB(NOW(), INTERVAL 5 MINUTE)
[2021-08-08 05:22:02,176] {base.py:78} INFO - Using connection to: id: dwh_id. Host: dwh, Port: 3306, Schema: , Login: root, Password: ***, extra: {}
[2021-08-08 05:22:02,186] {dbapi.py:204} INFO - Running statement: CREATE TABLE IF NOT EXISTS presentation.suppliers (
    SUPPLIER_KEY INT NOT NULL,
    INGESTION_TIMESTAMP TIMESTAMP NOT NULL DEFAULT CURRENT_TIMESTAMP,
    CONSTRAINT `SUPPLIER_PK` PRIMARY KEY (SUPPLIER_KEY)
) AS

SELECT
	DISTINCT 
	s.SUPPLIER_KEY,
	s.SUPPLIER_ACCOUNT_BALANCE_TOTAL ,
	n.NATION_NAME,
	NOW() AS INGESTION_TIMESTAMP
FROM 
	standardized.suppliers s
LEFT JOIN 
	standardized.nations n 
	ON s.NATION_KEY = n.NATION_KEY 
WHERE 
	s.INGESTION_TIMESTAMP >= DATE_SUB(NOW(), INTERVAL 5 MINUTE), parameters: None
[2021-08-08 05:22:02,188] {dbapi.py:212} INFO - Rows affected: 0
[2021-08-08 05:22:02,202] {taskinstance.py:1211} INFO - Marking task as SUCCESS. dag_id=presentation_pipeline, task_id=create_presentation_table_dim_suppliers, execution_date=20210808T051500, start_date=20210808T052202, end_date=20210808T052202
[2021-08-08 05:22:02,232] {taskinstance.py:1265} INFO - 1 downstream tasks scheduled from follow-on schedule check
[2021-08-08 05:22:02,278] {local_task_job.py:149} INFO - Task exited with return code 0
[2021-08-08 05:27:12,933] {taskinstance.py:896} INFO - Dependencies all met for <TaskInstance: presentation_pipeline.create_presentation_table_dim_suppliers 2021-08-08T05:15:00+00:00 [queued]>
[2021-08-08 05:27:12,958] {taskinstance.py:896} INFO - Dependencies all met for <TaskInstance: presentation_pipeline.create_presentation_table_dim_suppliers 2021-08-08T05:15:00+00:00 [queued]>
[2021-08-08 05:27:12,960] {taskinstance.py:1087} INFO - 
--------------------------------------------------------------------------------
[2021-08-08 05:27:12,960] {taskinstance.py:1088} INFO - Starting attempt 1 of 1
[2021-08-08 05:27:12,961] {taskinstance.py:1089} INFO - 
--------------------------------------------------------------------------------
[2021-08-08 05:27:12,987] {taskinstance.py:1107} INFO - Executing <Task(MySqlOperator): create_presentation_table_dim_suppliers> on 2021-08-08T05:15:00+00:00
[2021-08-08 05:27:13,003] {standard_task_runner.py:76} INFO - Running: ['***', 'tasks', 'run', 'presentation_pipeline', 'create_presentation_table_dim_suppliers', '2021-08-08T05:15:00+00:00', '--job-id', '49', '--pool', 'default_pool', '--raw', '--subdir', 'DAGS_FOLDER/presentation_pipeline.py', '--cfg-path', '/tmp/tmpkifapt6x', '--error-file', '/tmp/tmp9pb62zy4']
[2021-08-08 05:27:13,004] {standard_task_runner.py:77} INFO - Job 49: Subtask create_presentation_table_dim_suppliers
[2021-08-08 05:27:12,997] {standard_task_runner.py:52} INFO - Started process 443 to run task
[2021-08-08 05:27:13,164] {logging_mixin.py:104} INFO - Running <TaskInstance: presentation_pipeline.create_presentation_table_dim_suppliers 2021-08-08T05:15:00+00:00 [running]> on host b48e43d568d5
[2021-08-08 05:27:13,319] {taskinstance.py:1302} INFO - Exporting the following env vars:
AIRFLOW_CTX_DAG_OWNER=***
AIRFLOW_CTX_DAG_ID=presentation_pipeline
AIRFLOW_CTX_TASK_ID=create_presentation_table_dim_suppliers
AIRFLOW_CTX_EXECUTION_DATE=2021-08-08T05:15:00+00:00
AIRFLOW_CTX_DAG_RUN_ID=scheduled__2021-08-08T05:15:00+00:00
[2021-08-08 05:27:13,323] {mysql.py:70} INFO - Executing: CREATE TABLE IF NOT EXISTS presentation.suppliers (
    SUPPLIER_KEY INT NOT NULL,
    INGESTION_TIMESTAMP TIMESTAMP NOT NULL DEFAULT CURRENT_TIMESTAMP,
    CONSTRAINT `SUPPLIER_PK` PRIMARY KEY (SUPPLIER_KEY)
) AS

SELECT
	DISTINCT 
	s.SUPPLIER_KEY,
	s.SUPPLIER_ACCOUNT_BALANCE_TOTAL ,
	n.NATION_NAME,
	NOW() AS INGESTION_TIMESTAMP
FROM 
	standardized.suppliers s
LEFT JOIN 
	standardized.nations n 
	ON s.NATION_KEY = n.NATION_KEY 
WHERE 
	s.INGESTION_TIMESTAMP >= DATE_SUB(NOW(), INTERVAL 5 MINUTE)
[2021-08-08 05:27:13,343] {base.py:78} INFO - Using connection to: id: dwh_id. Host: dwh, Port: 3306, Schema: , Login: root, Password: ***, extra: {}
[2021-08-08 05:27:13,359] {dbapi.py:204} INFO - Running statement: CREATE TABLE IF NOT EXISTS presentation.suppliers (
    SUPPLIER_KEY INT NOT NULL,
    INGESTION_TIMESTAMP TIMESTAMP NOT NULL DEFAULT CURRENT_TIMESTAMP,
    CONSTRAINT `SUPPLIER_PK` PRIMARY KEY (SUPPLIER_KEY)
) AS

SELECT
	DISTINCT 
	s.SUPPLIER_KEY,
	s.SUPPLIER_ACCOUNT_BALANCE_TOTAL ,
	n.NATION_NAME,
	NOW() AS INGESTION_TIMESTAMP
FROM 
	standardized.suppliers s
LEFT JOIN 
	standardized.nations n 
	ON s.NATION_KEY = n.NATION_KEY 
WHERE 
	s.INGESTION_TIMESTAMP >= DATE_SUB(NOW(), INTERVAL 5 MINUTE), parameters: None
[2021-08-08 05:27:13,362] {dbapi.py:212} INFO - Rows affected: 0
[2021-08-08 05:27:13,386] {taskinstance.py:1211} INFO - Marking task as SUCCESS. dag_id=presentation_pipeline, task_id=create_presentation_table_dim_suppliers, execution_date=20210808T051500, start_date=20210808T052712, end_date=20210808T052713
[2021-08-08 05:27:13,425] {taskinstance.py:1265} INFO - 1 downstream tasks scheduled from follow-on schedule check
[2021-08-08 05:27:13,440] {local_task_job.py:149} INFO - Task exited with return code 0
