[2021-08-08 05:15:00,716] {taskinstance.py:896} INFO - Dependencies all met for <TaskInstance: presentation_pipeline.presentation_pipeline_start 2021-08-08T05:10:00+00:00 [queued]>
[2021-08-08 05:15:00,731] {taskinstance.py:896} INFO - Dependencies all met for <TaskInstance: presentation_pipeline.presentation_pipeline_start 2021-08-08T05:10:00+00:00 [queued]>
[2021-08-08 05:15:00,731] {taskinstance.py:1087} INFO - 
--------------------------------------------------------------------------------
[2021-08-08 05:15:00,732] {taskinstance.py:1088} INFO - Starting attempt 1 of 1
[2021-08-08 05:15:00,732] {taskinstance.py:1089} INFO - 
--------------------------------------------------------------------------------
[2021-08-08 05:15:00,739] {taskinstance.py:1107} INFO - Executing <Task(ExternalTaskSensor): presentation_pipeline_start> on 2021-08-08T05:10:00+00:00
[2021-08-08 05:15:00,747] {standard_task_runner.py:76} INFO - Running: ['***', 'tasks', 'run', 'presentation_pipeline', 'presentation_pipeline_start', '2021-08-08T05:10:00+00:00', '--job-id', '63', '--pool', 'default_pool', '--raw', '--subdir', 'DAGS_FOLDER/presentation_pipeline.py', '--cfg-path', '/tmp/tmpvuo586d7', '--error-file', '/tmp/tmpktllo2g2']
[2021-08-08 05:15:00,743] {standard_task_runner.py:52} INFO - Started process 704 to run task
[2021-08-08 05:15:00,748] {standard_task_runner.py:77} INFO - Job 63: Subtask presentation_pipeline_start
[2021-08-08 05:15:00,792] {logging_mixin.py:104} INFO - Running <TaskInstance: presentation_pipeline.presentation_pipeline_start 2021-08-08T05:10:00+00:00 [running]> on host dbfb9e13da58
[2021-08-08 05:15:00,843] {taskinstance.py:1302} INFO - Exporting the following env vars:
AIRFLOW_CTX_DAG_OWNER=***
AIRFLOW_CTX_DAG_ID=presentation_pipeline
AIRFLOW_CTX_TASK_ID=presentation_pipeline_start
AIRFLOW_CTX_EXECUTION_DATE=2021-08-08T05:10:00+00:00
AIRFLOW_CTX_DAG_RUN_ID=scheduled__2021-08-08T05:10:00+00:00
[2021-08-08 05:15:00,845] {external_task.py:152} INFO - Poking for standardized_pipeline.standardized_pipeline_end on 2021-08-08T05:10:00+00:00 ... 
[2021-08-08 05:16:00,863] {external_task.py:152} INFO - Poking for standardized_pipeline.standardized_pipeline_end on 2021-08-08T05:10:00+00:00 ... 
[2021-08-08 05:17:00,861] {external_task.py:152} INFO - Poking for standardized_pipeline.standardized_pipeline_end on 2021-08-08T05:10:00+00:00 ... 
[2021-08-08 05:17:00,869] {base.py:248} INFO - Success criteria met. Exiting.
[2021-08-08 05:17:00,876] {taskinstance.py:1211} INFO - Marking task as SUCCESS. dag_id=presentation_pipeline, task_id=presentation_pipeline_start, execution_date=20210808T051000, start_date=20210808T051500, end_date=20210808T051700
[2021-08-08 05:17:00,909] {taskinstance.py:1265} INFO - 5 downstream tasks scheduled from follow-on schedule check
[2021-08-08 05:17:00,943] {local_task_job.py:149} INFO - Task exited with return code 0
