[2021-08-08 07:07:01,769] {taskinstance.py:896} INFO - Dependencies all met for <TaskInstance: presentation_pipeline.create_presentation_table_dim_nations 2021-08-08T06:05:00+00:00 [queued]>
[2021-08-08 07:07:01,791] {taskinstance.py:896} INFO - Dependencies all met for <TaskInstance: presentation_pipeline.create_presentation_table_dim_nations 2021-08-08T06:05:00+00:00 [queued]>
[2021-08-08 07:07:01,792] {taskinstance.py:1087} INFO - 
--------------------------------------------------------------------------------
[2021-08-08 07:07:01,793] {taskinstance.py:1088} INFO - Starting attempt 1 of 1
[2021-08-08 07:07:01,793] {taskinstance.py:1089} INFO - 
--------------------------------------------------------------------------------
[2021-08-08 07:07:01,804] {taskinstance.py:1107} INFO - Executing <Task(MySqlOperator): create_presentation_table_dim_nations> on 2021-08-08T06:05:00+00:00
[2021-08-08 07:07:01,814] {standard_task_runner.py:76} INFO - Running: ['***', 'tasks', 'run', 'presentation_pipeline', 'create_presentation_table_dim_nations', '2021-08-08T06:05:00+00:00', '--job-id', '53', '--pool', 'default_pool', '--raw', '--subdir', 'DAGS_FOLDER/presentation_pipeline.py', '--cfg-path', '/tmp/tmpoz12xpm0', '--error-file', '/tmp/tmpr5rtk4q5']
[2021-08-08 07:07:01,808] {standard_task_runner.py:52} INFO - Started process 414 to run task
[2021-08-08 07:07:01,815] {standard_task_runner.py:77} INFO - Job 53: Subtask create_presentation_table_dim_nations
[2021-08-08 07:07:01,875] {logging_mixin.py:104} INFO - Running <TaskInstance: presentation_pipeline.create_presentation_table_dim_nations 2021-08-08T06:05:00+00:00 [running]> on host bf836d82c89b
[2021-08-08 07:07:01,944] {taskinstance.py:1302} INFO - Exporting the following env vars:
AIRFLOW_CTX_DAG_OWNER=***
AIRFLOW_CTX_DAG_ID=presentation_pipeline
AIRFLOW_CTX_TASK_ID=create_presentation_table_dim_nations
AIRFLOW_CTX_EXECUTION_DATE=2021-08-08T06:05:00+00:00
AIRFLOW_CTX_DAG_RUN_ID=scheduled__2021-08-08T06:05:00+00:00
[2021-08-08 07:07:01,945] {mysql.py:70} INFO - Executing: CREATE TABLE IF NOT EXISTS presentation.nations (
    NATION_KEY INT NOT NULL,
    INGESTION_TIMESTAMP TIMESTAMP NOT NULL DEFAULT CURRENT_TIMESTAMP,
    CONSTRAINT `NATIONS_PK` PRIMARY KEY (NATION_KEY)
) AS

SELECT 
	DISTINCT 
	n.NATION_KEY,
	n.NATION_NAME,
	r.REGION_KEY,
	r.REGION_NAME,
	NOW() AS INGESTION_TIMESTAMP
FROM 
	standardized.nations n
LEFT JOIN 
	standardized.regions r
	ON n.REGION_KEY = r.REGION_KEY 
WHERE 
	n.INGESTION_TIMESTAMP >= DATE_SUB(NOW(), INTERVAL 1 HOUR)
[2021-08-08 07:07:01,954] {base.py:78} INFO - Using connection to: id: dwh_id. Host: dwh, Port: 3306, Schema: , Login: root, Password: ***, extra: {}
[2021-08-08 07:07:01,965] {dbapi.py:204} INFO - Running statement: CREATE TABLE IF NOT EXISTS presentation.nations (
    NATION_KEY INT NOT NULL,
    INGESTION_TIMESTAMP TIMESTAMP NOT NULL DEFAULT CURRENT_TIMESTAMP,
    CONSTRAINT `NATIONS_PK` PRIMARY KEY (NATION_KEY)
) AS

SELECT 
	DISTINCT 
	n.NATION_KEY,
	n.NATION_NAME,
	r.REGION_KEY,
	r.REGION_NAME,
	NOW() AS INGESTION_TIMESTAMP
FROM 
	standardized.nations n
LEFT JOIN 
	standardized.regions r
	ON n.REGION_KEY = r.REGION_KEY 
WHERE 
	n.INGESTION_TIMESTAMP >= DATE_SUB(NOW(), INTERVAL 1 HOUR), parameters: None
[2021-08-08 07:07:01,966] {dbapi.py:212} INFO - Rows affected: 0
[2021-08-08 07:07:01,982] {taskinstance.py:1211} INFO - Marking task as SUCCESS. dag_id=presentation_pipeline, task_id=create_presentation_table_dim_nations, execution_date=20210808T060500, start_date=20210808T070701, end_date=20210808T070701
[2021-08-08 07:07:02,018] {taskinstance.py:1265} INFO - 1 downstream tasks scheduled from follow-on schedule check
[2021-08-08 07:07:02,034] {local_task_job.py:149} INFO - Task exited with return code 0
